00:04:23 : RCon admin #2: (Global) BASES MUST BE MAINTAINED VIA THE PLOT POLE EVERY 7 DAYS!!
﻿00:09:23 : RCon admin #2: (Global) Vehicles left in trader zones at restarts will be moved to the vehicle pound and unlocked
﻿00:09:29 : Player #7 lukeredfearn disconnected
﻿00:15:23 : RCon admin #2: (Global) Server will restart in 10 minutes
﻿00:16:53 : Player #0 Henry Stutzen (93.200.87.82:5302) connected
﻿00:16:59 : Player #0 Henry Stutzen - GUID: 0643ca8b505cabb06b48bb5225c1f68b (unverified)
﻿00:17:00 : Verified GUID (0643ca8b505cabb06b48bb5225c1f68b) of player #0 Henry Stutzen
﻿00:17:03 : Player #0 Henry Stutzen - Legacy GUID: fb7d4823df81376339a98ca2b404b08e
﻿00:19:12 : RCon admin #4 (109.145.123.124:61694) logged in
﻿00:20:23 : RCon admin #2: (Global) Admins: LWB, Sierra and Turmoil
﻿00:20:24 : RCon admin #2: (Global) Server will restart in 5 minutes: Prepare to Logout
﻿00:21:59 : Player #2 Luke disconnected
﻿00:23:23 : RCon admin #2: (Global) The Server is about to restart. LOG OUT NOW OR YOUR GEAR MAY BE LOST!!
﻿00:23:25 : Player #1 PoPPe disconnected
﻿00:23:45 : Player #5 Napoli disconnected
﻿00:24:04 : Player #0 Henry Stutzen disconnected
﻿00:24:15 : Player #4 Daryl disconnected
﻿00:24:53 : RCon admin #2: (Global) YOU SHOULD BE LOGGED OUT BY NOW! IF YOU ARENT YOU WILL BE AUTO KICKED AND YOUR GEAR MAY BE LOST! NO REFUNDS!
﻿00:25:57 : Rcon client logging in
﻿00:25:57 : RCon admin #3 (78.31.67.100:49531) logged in
﻿00:32:08 : RCon admin #4 (109.145.123.124:63044) logged in
﻿00:39:57 : RCon admin #3: (Global) Vehicles left in trader zones at restarts will be moved to the vehicle pound and unlocked
﻿00:50:57 : RCon admin #3: (Global) Admins: LWB, Sierra and Turmoil
﻿00:51:38 : RCon admin #0 (109.145.123.124:54254) logged in
﻿01:01:08 : RCon admin #4 (109.145.123.124:58108) logged in
﻿01:04:57 : RCon admin #3: (Global) BASES MUST BE MAINTAINED VIA THE PLOT POLE EVERY 7 DAYS!!
﻿01:09:57 : RCon admin #3: (Global) Vehicles left in trader zones at restarts will be moved to the vehicle pound and unlocked
﻿01:20:57 : RCon admin #3: (Global) Admins: LWB, Sierra and Turmoil
﻿01:34:57 : RCon admin #3: (Global) BASES MUST BE MAINTAINED VIA THE PLOT POLE EVERY 7 DAYS!!
﻿01:39:57 : RCon admin #3: (Global) Vehicles left in trader zones at restarts will be moved to the vehicle pound and unlocked
﻿01:50:57 : RCon admin #3: (Global) Admins: LWB, Sierra and Turmoil
﻿02:04:57 : RCon admin #3: (Global) BASES MUST BE MAINTAINED VIA THE PLOT POLE EVERY 7 DAYS!!
﻿02:06:40 : Player #0 Buk Lau (76.100.221.30:5302) connected
﻿02:06:41 : Player #0 Buk Lau - GUID: f0549bf0121c1c8168a09923585a5eb4 (unverified)
﻿02:06:42 : Verified GUID (f0549bf0121c1c8168a09923585a5eb4) of player #0 Buk Lau
﻿02:06:42 : Player #0 Buk Lau - Legacy GUID: 60bd3373a356fe041515b7b38832e2a8
﻿02:09:57 : RCon admin #3: (Global) Vehicles left in trader zones at restarts will be moved to the vehicle pound and unlocked
﻿02:13:22 : Player #1 Elk Butt (73.163.112.222:5302) connected
﻿02:13:23 : Player #1 Elk Butt - GUID: 86b3781f5d189ff29f33a45f71aa7302 (unverified)
﻿02:13:23 : Verified GUID (86b3781f5d189ff29f33a45f71aa7302) of player #1 Elk Butt
﻿02:13:24 : Player #1 Elk Butt - Legacy GUID: 88b9da453278a902da330ee8367ae5cc
﻿02:15:13 : Player #2 SEN ONE (99.109.93.28:5302) connected
﻿02:15:14 : Player #2 SEN ONE - GUID: e2ff22d2684d500cb28117a914a3e614 (unverified)
﻿02:15:14 : Verified GUID (e2ff22d2684d500cb28117a914a3e614) of player #2 SEN ONE
﻿02:15:15 : Player #2 SEN ONE - Legacy GUID: ea9613e4e7f55895ce807e57e548c240
﻿02:15:29 : Player #1 Elk Butt (86b3781f5d189ff29f33a45f71aa7302) has been kicked by BattlEye: Ping too high (3985)
﻿02:16:09 : Player #1 Elk Butt (73.163.112.222:5302) connected
﻿02:16:10 : Player #1 Elk Butt - GUID: 86b3781f5d189ff29f33a45f71aa7302 (unverified)
﻿02:16:11 : Verified GUID (86b3781f5d189ff29f33a45f71aa7302) of player #1 Elk Butt
﻿02:16:12 : Player #1 Elk Butt - Legacy GUID: 88b9da453278a902da330ee8367ae5cc
﻿02:20:57 : RCon admin #3: (Global) Admins: LWB, Sierra and Turmoil
﻿02:34:57 : RCon admin #3: (Global) BASES MUST BE MAINTAINED VIA THE PLOT POLE EVERY 7 DAYS!!
﻿02:39:57 : RCon admin #3: (Global) Vehicles left in trader zones at restarts will be moved to the vehicle pound and unlocked
﻿02:45:57 : RCon admin #3: (Global) Server will restart in 10 minutes
﻿02:50:57 : RCon admin #3: (Global) Admins: LWB, Sierra and Turmoil
﻿02:50:58 : RCon admin #3: (Global) Server will restart in 5 minutes: Prepare to Logout
﻿02:51:05 : Player #0 Buk Lau disconnected
﻿02:53:46 : Player #1 Elk Butt disconnected
﻿02:53:57 : RCon admin #3: (Global) The Server is about to restart. LOG OUT NOW OR YOUR GEAR MAY BE LOST!!
﻿02:55:27 : RCon admin #3: (Global) YOU SHOULD BE LOGGED OUT BY NOW! IF YOU ARENT YOU WILL BE AUTO KICKED AND YOUR GEAR MAY BE LOST! NO REFUNDS!
﻿02:56:31 : Rcon client logging in
﻿02:56:31 : RCon admin #1 (78.31.67.100:58658) logged in
﻿02:56:41 : RCon admin #2 (109.145.123.124:51857) logged in
﻿02:58:07 : Player #0 Buk Lau (76.100.221.30:5302) connected
﻿02:58:08 : Player #0 Buk Lau - GUID: f0549bf0121c1c8168a09923585a5eb4 (unverified)
﻿02:58:08 : Verified GUID (f0549bf0121c1c8168a09923585a5eb4) of player #0 Buk Lau
﻿02:58:09 : Player #0 Buk Lau - Legacy GUID: 60bd3373a356fe041515b7b38832e2a8
﻿02:58:10 : Player #1 Elk Butt (73.163.112.222:5302) connected
﻿02:58:15 : Player #1 Elk Butt - GUID: 86b3781f5d189ff29f33a45f71aa7302 (unverified)
﻿02:58:16 : Verified GUID (86b3781f5d189ff29f33a45f71aa7302) of player #1 Elk Butt
﻿02:58:16 : Player #1 Elk Butt - Legacy GUID: 88b9da453278a902da330ee8367ae5cc
﻿03:05:11 : RCon admin #3 (109.145.123.124:62870) logged in
﻿03:10:31 : RCon admin #1: (Global) Vehicles left in trader zones at restarts will be moved to the vehicle pound and unlocked
﻿03:17:34 : Player #2 Henry Stutzen (93.200.87.82:5302) connected
﻿03:17:36 : Player #2 Henry Stutzen - GUID: 0643ca8b505cabb06b48bb5225c1f68b (unverified)
﻿03:17:36 : Verified GUID (0643ca8b505cabb06b48bb5225c1f68b) of player #2 Henry Stutzen
﻿03:17:36 : Player #2 Henry Stutzen - Legacy GUID: fb7d4823df81376339a98ca2b404b08e
﻿03:21:31 : RCon admin #1: (Global) Admins: LWB, Sierra and Turmoil
﻿03:26:41 : Player #3 SEN ONE (99.109.93.28:5302) connected
﻿03:26:42 : Player #3 SEN ONE - GUID: e2ff22d2684d500cb28117a914a3e614 (unverified)
﻿03:26:43 : Verified GUID (e2ff22d2684d500cb28117a914a3e614) of player #3 SEN ONE
﻿03:26:43 : Player #3 SEN ONE - Legacy GUID: ea9613e4e7f55895ce807e57e548c240
﻿03:28:56 : RCon admin #2 (109.145.123.124:63366) logged in
﻿03:31:37 : Player #4 Collin (8.42.226.20:5302) connected
﻿03:31:39 : Player #4 Collin - GUID: 784fd49f7059430f8b01bbf2eaacdbb2 (unverified)
﻿03:31:39 : Verified GUID (784fd49f7059430f8b01bbf2eaacdbb2) of player #4 Collin
﻿03:31:39 : Player #4 Collin - Legacy GUID: afc19a0857d8d96001c83cf784fccbad
﻿03:35:31 : RCon admin #1: (Global) BASES MUST BE MAINTAINED VIA THE PLOT POLE EVERY 7 DAYS!!
﻿03:40:31 : RCon admin #1: (Global) Vehicles left in trader zones at restarts will be moved to the vehicle pound and unlocked
﻿03:49:11 : Player #1 Elk Butt (86b3781f5d189ff29f33a45f71aa7302) has been kicked by BattlEye: Ping too high (1937)
﻿03:49:49 : Player #1 Elk Butt (73.163.112.222:5302) connected
﻿03:49:50 : Player #1 Elk Butt - GUID: 86b3781f5d189ff29f33a45f71aa7302 (unverified)
﻿03:49:51 : Verified GUID (86b3781f5d189ff29f33a45f71aa7302) of player #1 Elk Butt
﻿03:49:51 : Player #1 Elk Butt - Legacy GUID: 88b9da453278a902da330ee8367ae5cc
﻿03:51:32 : RCon admin #1: (Global) Admins: LWB, Sierra and Turmoil
﻿03:53:32 : RCon admin #3 (109.145.123.124:51622) logged in
﻿03:54:43 : RCon admin #2 (109.145.123.124:63055) logged in
﻿04:05:31 : RCon admin #1: (Global) BASES MUST BE MAINTAINED VIA THE PLOT POLE EVERY 7 DAYS!!
﻿04:10:32 : RCon admin #1: (Global) Vehicles left in trader zones at restarts will be moved to the vehicle pound and unlocked
﻿04:21:31 : RCon admin #1: (Global) Admins: LWB, Sierra and Turmoil
﻿04:35:32 : RCon admin #1: (Global) BASES MUST BE MAINTAINED VIA THE PLOT POLE EVERY 7 DAYS!!
﻿04:38:57 : Player #5 ded (5.167.152.28:46280) connected
﻿04:38:59 : Player #5 ded - GUID: e85eae2ca880e4230d0e1fb730c90c02 (unverified)
﻿04:38:59 : Player #5 ded - Legacy GUID: eb286d9cf0901fa29654922870928fa0
﻿04:39:00 : Verified GUID (e85eae2ca880e4230d0e1fb730c90c02) of player #5 ded
﻿04:40:31 : RCon admin #1: (Global) Vehicles left in trader zones at restarts will be moved to the vehicle pound and unlocked
﻿04:51:32 : RCon admin #1: (Global) Admins: LWB, Sierra and Turmoil
﻿04:56:11 : Player #1 Elk Butt disconnected
﻿04:58:49 : Player #0 Buk Lau disconnected
﻿05:05:31 : RCon admin #1: (Global) BASES MUST BE MAINTAINED VIA THE PLOT POLE EVERY 7 DAYS!!
﻿05:10:31 : RCon admin #1: (Global) Vehicles left in trader zones at restarts will be moved to the vehicle pound and unlocked
﻿05:16:31 : RCon admin #1: (Global) Server will restart in 10 minutes
﻿05:17:59 : Player #4 Collin disconnected
﻿05:18:38 : Player #0 Collin (8.42.226.20:5302) connected
﻿05:18:39 : Player #0 Collin - GUID: 784fd49f7059430f8b01bbf2eaacdbb2 (unverified)
﻿05:18:39 : Verified GUID (784fd49f7059430f8b01bbf2eaacdbb2) of player #0 Collin
﻿05:18:40 : Player #0 Collin - Legacy GUID: afc19a0857d8d96001c83cf784fccbad
﻿05:20:14 : Player #5 ded disconnected
﻿05:21:09 : Player #2 Henry Stutzen disconnected
﻿05:21:31 : RCon admin #1: (Global) Admins: LWB, Sierra and Turmoil
﻿05:21:32 : RCon admin #1: (Global) Server will restart in 5 minutes: Prepare to Logout
﻿05:22:24 : Player #0 Collin disconnected
﻿05:24:31 : RCon admin #1: (Global) The Server is about to restart. LOG OUT NOW OR YOUR GEAR MAY BE LOST!!
﻿05:26:01 : RCon admin #1: (Global) YOU SHOULD BE LOGGED OUT BY NOW! IF YOU ARENT YOU WILL BE AUTO KICKED AND YOUR GEAR MAY BE LOST! NO REFUNDS!
﻿05:26:12 : Player #3 SEN ONE disconnected
﻿05:27:05 : Rcon client logging in
﻿05:27:05 : RCon admin #3 (78.31.67.100:64264) logged in
﻿05:28:30 : Player #0 SEN ONE (99.109.93.28:5302) connected
﻿05:28:32 : Player #0 SEN ONE - GUID: e2ff22d2684d500cb28117a914a3e614 (unverified)
﻿05:28:32 : Verified GUID (e2ff22d2684d500cb28117a914a3e614) of player #0 SEN ONE
﻿05:28:33 : Player #0 SEN ONE - Legacy GUID: ea9613e4e7f55895ce807e57e548c240
﻿05:29:43 : Player #1 ded (5.167.152.28:46280) connected
﻿05:29:45 : Player #1 ded - GUID: e85eae2ca880e4230d0e1fb730c90c02 (unverified)
﻿05:29:45 : Verified GUID (e85eae2ca880e4230d0e1fb730c90c02) of player #1 ded
﻿05:29:45 : Player #1 ded - Legacy GUID: eb286d9cf0901fa29654922870928fa0
﻿05:30:02 : Player #2 Collin (8.42.226.20:5302) connected
﻿05:30:03 : Player #2 Collin - GUID: 784fd49f7059430f8b01bbf2eaacdbb2 (unverified)
﻿05:30:03 : Verified GUID (784fd49f7059430f8b01bbf2eaacdbb2) of player #2 Collin
﻿05:30:04 : Player #2 Collin - Legacy GUID: afc19a0857d8d96001c83cf784fccbad
﻿05:41:05 : RCon admin #3: (Global) Vehicles left in trader zones at restarts will be moved to the vehicle pound and unlocked
﻿05:52:05 : RCon admin #3: (Global) Admins: LWB, Sierra and Turmoil
﻿06:06:05 : RCon admin #3: (Global) BASES MUST BE MAINTAINED VIA THE PLOT POLE EVERY 7 DAYS!!
﻿06:11:05 : RCon admin #3: (Global) Vehicles left in trader zones at restarts will be moved to the vehicle pound and unlocked
﻿06:22:05 : RCon admin #3: (Global) Admins: LWB, Sierra and Turmoil
﻿06:36:05 : RCon admin #3: (Global) BASES MUST BE MAINTAINED VIA THE PLOT POLE EVERY 7 DAYS!!
﻿06:41:05 : RCon admin #3: (Global) Vehicles left in trader zones at restarts will be moved to the vehicle pound and unlocked
﻿06:41:31 : RCon admin #0 (109.145.123.124:52529) logged in
﻿06:52:05 : RCon admin #3: (Global) Admins: LWB, Sierra and Turmoil
﻿06:55:23 : Player #3 Robbys Gamer (188.103.101.141:5302) connected
﻿06:55:25 : Player #3 Robbys Gamer - GUID: 7c28c92461f5de0f83cd29e74ac8d912 (unverified)
﻿06:55:25 : Player #3 Robbys Gamer - Legacy GUID: 572620fa8651c62b194670c20206a1be
﻿06:55:25 : Verified GUID (7c28c92461f5de0f83cd29e74ac8d912) of player #3 Robbys Gamer
﻿07:06:05 : RCon admin #3: (Global) BASES MUST BE MAINTAINED VIA THE PLOT POLE EVERY 7 DAYS!!
﻿07:11:05 : RCon admin #3: (Global) Vehicles left in trader zones at restarts will be moved to the vehicle pound and unlocked
﻿07:15:47 : Player #4 Voron (83.239.142.150:2304) connected
﻿07:15:48 : Player #4 Voron - GUID: 79ef854e8d0ea5e52c961247d98d52f1 (unverified)
﻿07:15:49 : Verified GUID (79ef854e8d0ea5e52c961247d98d52f1) of player #4 Voron
﻿07:15:49 : Player #4 Voron - Legacy GUID: 85dfc35e58d6eb241f2a8924bf1d14c6
﻿07:15:52 : Player #4 Voron disconnected
﻿07:22:05 : RCon admin #3: (Global) Admins: LWB, Sierra and Turmoil
﻿07:25:57 : Player #4 [RnbZ]SgtBoss (31.16.254.3:43488) connected
﻿07:25:58 : Player #4 [RnbZ]SgtBoss - GUID: 4faa4016459d58fa544ea82c7c614cf2 (unverified)
﻿07:25:59 : Verified GUID (4faa4016459d58fa544ea82c7c614cf2) of player #4 [RnbZ]SgtBoss
﻿07:25:59 : Player #4 [RnbZ]SgtBoss - Legacy GUID: 5c98898e33c8a8fb51757566e505d534
﻿07:36:05 : RCon admin #3: (Global) BASES MUST BE MAINTAINED VIA THE PLOT POLE EVERY 7 DAYS!!
﻿07:38:22 : RCon admin #2 (109.145.123.124:58126) logged in
﻿07:41:05 : RCon admin #3: (Global) Vehicles left in trader zones at restarts will be moved to the vehicle pound and unlocked
﻿07:47:05 : RCon admin #3: (Global) Server will restart in 10 minutes
﻿07:52:05 : RCon admin #3: (Global) Admins: LWB, Sierra and Turmoil
﻿07:52:06 : RCon admin #3: (Global) Server will restart in 5 minutes: Prepare to Logout
﻿07:54:33 : Player #1 ded disconnected
﻿07:55:05 : RCon admin #3: (Global) The Server is about to restart. LOG OUT NOW OR YOUR GEAR MAY BE LOST!!
﻿07:55:34 : Player #2 Collin disconnected
﻿07:56:26 : Player #0 SEN ONE disconnected
﻿07:56:35 : RCon admin #3: (Global) YOU SHOULD BE LOGGED OUT BY NOW! IF YOU ARENT YOU WILL BE AUTO KICKED AND YOUR GEAR MAY BE LOST! NO REFUNDS!
﻿07:56:53 : Player #4 [RnbZ]SgtBoss disconnected
﻿07:57:39 : Rcon client logging in
﻿07:57:39 : RCon admin #2 (78.31.67.100:65216) logged in
﻿07:58:03 : RCon admin #3 (109.145.123.124:50024) logged in
﻿07:58:21 : Player #0 ded (5.167.152.28:46280) connected
﻿07:58:22 : Player #0 ded - GUID: e85eae2ca880e4230d0e1fb730c90c02 (unverified)
﻿07:58:22 : Verified GUID (e85eae2ca880e4230d0e1fb730c90c02) of player #0 ded
﻿07:58:23 : Player #0 ded - Legacy GUID: eb286d9cf0901fa29654922870928fa0
﻿07:59:25 : Player #1 SEN ONE (99.109.93.28:5302) connected
﻿07:59:27 : Player #1 SEN ONE - GUID: e2ff22d2684d500cb28117a914a3e614 (unverified)
﻿07:59:27 : Verified GUID (e2ff22d2684d500cb28117a914a3e614) of player #1 SEN ONE
﻿07:59:28 : Player #2 Robbys Gamer (188.103.101.141:5302) connected
﻿07:59:28 : Player #1 SEN ONE - Legacy GUID: ea9613e4e7f55895ce807e57e548c240
﻿07:59:29 : Player #2 Robbys Gamer - GUID: 7c28c92461f5de0f83cd29e74ac8d912 (unverified)
﻿07:59:29 : Verified GUID (7c28c92461f5de0f83cd29e74ac8d912) of player #2 Robbys Gamer
﻿07:59:30 : Player #2 Robbys Gamer - Legacy GUID: 572620fa8651c62b194670c20206a1be
﻿08:00:02 : Player #3 [RnbZ]SgtBoss (31.16.254.3:43488) connected
﻿08:00:04 : Player #3 [RnbZ]SgtBoss - GUID: 4faa4016459d58fa544ea82c7c614cf2 (unverified)
﻿08:00:04 : Verified GUID (4faa4016459d58fa544ea82c7c614cf2) of player #3 [RnbZ]SgtBoss
﻿08:00:04 : Player #3 [RnbZ]SgtBoss - Legacy GUID: 5c98898e33c8a8fb51757566e505d534
﻿08:11:39 : RCon admin #2: (Global) Vehicles left in trader zones at restarts will be moved to the vehicle pound and unlocked
﻿08:22:39 : RCon admin #2: (Global) Admins: LWB, Sierra and Turmoil
﻿08:36:39 : RCon admin #2: (Global) BASES MUST BE MAINTAINED VIA THE PLOT POLE EVERY 7 DAYS!!
﻿08:41:39 : RCon admin #2: (Global) Vehicles left in trader zones at restarts will be moved to the vehicle pound and unlocked
﻿08:41:46 : Player #4 Black Angel (89.105.255.133:2304) connected
﻿08:41:51 : Player #4 Black Angel - GUID: ce9f8f5b44984f2bfd94fb70ccfee3fa (unverified)
﻿08:41:51 : Verified GUID (ce9f8f5b44984f2bfd94fb70ccfee3fa) of player #4 Black Angel
﻿08:41:52 : Player #4 Black Angel - Legacy GUID: a3900a5b2d638dd05ef2b5a9be59e07c
﻿08:43:21 : Player #4 Black Angel disconnected
﻿08:48:24 : RCon admin #1 (109.145.123.124:52695) logged in
﻿08:52:39 : RCon admin #2: (Global) Admins: LWB, Sierra and Turmoil
﻿08:54:14 : Player #2 Robbys Gamer disconnected
﻿08:55:11 : Player #2 Arthur (193.60.99.144:5302) connected
﻿08:55:12 : Player #2 Arthur - GUID: a750a4c904029d18c3eda990a24f3826 (unverified)
﻿08:55:12 : Verified GUID (a750a4c904029d18c3eda990a24f3826) of player #2 Arthur
﻿08:55:13 : Player #2 Arthur - Legacy GUID: 659d3c5fc606f258d208ddff7fcd3fa2
﻿09:00:09 : Player #4 Robbys Gamer (188.103.101.141:5302) connected
﻿09:00:11 : Player #4 Robbys Gamer - GUID: 7c28c92461f5de0f83cd29e74ac8d912 (unverified)
﻿09:00:11 : Verified GUID (7c28c92461f5de0f83cd29e74ac8d912) of player #4 Robbys Gamer
﻿09:00:11 : Player #4 Robbys Gamer - Legacy GUID: 572620fa8651c62b194670c20206a1be
﻿09:05:39 : Player #2 Arthur disconnected
﻿09:06:39 : RCon admin #2: (Global) BASES MUST BE MAINTAINED VIA THE PLOT POLE EVERY 7 DAYS!!
﻿09:11:39 : RCon admin #2: (Global) Vehicles left in trader zones at restarts will be moved to the vehicle pound and unlocked
﻿09:13:17 : Player #3 [RnbZ]SgtBoss disconnected
﻿09:21:47 : Player #1 SEN ONE disconnected
﻿09:22:39 : RCon admin #2: (Global) Admins: LWB, Sierra and Turmoil
﻿09:26:32 : Player #1 stken (31.162.32.159:5302) connected
﻿09:26:34 : Player #1 stken - Legacy GUID: ef3487dc52830d70426b32a102c9f813
﻿09:26:34 : Player #1 stken - GUID: 5eb9bbef4fc4458e82c63f084a03fe2c (unverified)
﻿09:26:35 : Verified GUID (5eb9bbef4fc4458e82c63f084a03fe2c) of player #1 stken
﻿09:26:48 : Player #2 DirtyAlex (5.141.192.189:13324) connected
﻿09:26:50 : Player #2 DirtyAlex - GUID: 6b1dfa10bdfb55bf5607214e66110e76 (unverified)
﻿09:26:50 : Verified GUID (6b1dfa10bdfb55bf5607214e66110e76) of player #2 DirtyAlex
﻿09:26:50 : Player #2 DirtyAlex - Legacy GUID: 62b15f1e4392515f31021bca6b2b5d03
﻿09:27:40 : Player #0 ded disconnected
﻿09:28:00 : Player #0 ded (5.167.152.28:46280) connected
﻿09:28:02 : Player #0 ded - GUID: e85eae2ca880e4230d0e1fb730c90c02 (unverified)
﻿09:28:02 : Verified GUID (e85eae2ca880e4230d0e1fb730c90c02) of player #0 ded
﻿09:28:02 : Player #0 ded - Legacy GUID: eb286d9cf0901fa29654922870928fa0
﻿09:36:39 : RCon admin #2: (Global) BASES MUST BE MAINTAINED VIA THE PLOT POLE EVERY 7 DAYS!!
﻿09:41:39 : RCon admin #2: (Global) Vehicles left in trader zones at restarts will be moved to the vehicle pound and unlocked
﻿09:46:53 : Player #4 Robbys Gamer disconnected
﻿09:52:39 : RCon admin #2: (Global) Admins: LWB, Sierra and Turmoil
﻿09:57:46 : Player #3 Soln1shko (37.204.250.195:5302) connected
﻿09:57:48 : Player #3 Soln1shko - GUID: e26e360ef7f398644a10b80a8f8d3b23 (unverified)
﻿09:57:48 : Verified GUID (e26e360ef7f398644a10b80a8f8d3b23) of player #3 Soln1shko
﻿09:57:51 : Player #3 Soln1shko - Legacy GUID: 888e8a095e15e4f15f3702069e205fe5
﻿10:05:09 : Player #4 veeti (91.157.169.32:5302) connected
﻿10:05:10 : Player #4 veeti - GUID: 2833e30d776c03b2a3a3fd39331a5176 (unverified)
﻿10:05:10 : Verified GUID (2833e30d776c03b2a3a3fd39331a5176) of player #4 veeti
﻿10:05:11 : Player #4 veeti - Legacy GUID: 314c1b148dfb2dd52a889ad234d7bd0c
﻿10:06:39 : RCon admin #2: (Global) BASES MUST BE MAINTAINED VIA THE PLOT POLE EVERY 7 DAYS!!
﻿10:07:52 : Player #5 [eXp] RafcioZG (89.67.63.218:5302) connected
﻿10:07:53 : Player #5 [eXp] RafcioZG - GUID: 02ed733403835a8a8517265415d84023 (unverified)
﻿10:07:54 : Verified GUID (02ed733403835a8a8517265415d84023) of player #5 [eXp] RafcioZG
﻿10:07:54 : Player #5 [eXp] RafcioZG - Legacy GUID: c9c653dd820194488bd099e2b5e7f454
﻿10:08:00 : Player #5 [eXp] RafcioZG disconnected
﻿10:08:39 : Player #5 [eXp] RafcioZG (89.67.63.218:5302) connected
﻿10:08:40 : Player #5 [eXp] RafcioZG - GUID: 02ed733403835a8a8517265415d84023 (unverified)
﻿10:08:41 : Verified GUID (02ed733403835a8a8517265415d84023) of player #5 [eXp] RafcioZG
﻿10:08:41 : Player #5 [eXp] RafcioZG - Legacy GUID: c9c653dd820194488bd099e2b5e7f454
﻿10:10:45 : Player #5 [eXp] RafcioZG disconnected
﻿10:11:40 : RCon admin #2: (Global) Vehicles left in trader zones at restarts will be moved to the vehicle pound and unlocked
﻿10:11:41 : Player #5 [eXp] RafcioZG (89.67.63.218:5302) connected
﻿10:11:42 : Player #5 [eXp] RafcioZG - GUID: 02ed733403835a8a8517265415d84023 (unverified)
﻿10:11:43 : Verified GUID (02ed733403835a8a8517265415d84023) of player #5 [eXp] RafcioZG
﻿10:11:43 : Player #5 [eXp] RafcioZG - Legacy GUID: c9c653dd820194488bd099e2b5e7f454
﻿10:16:08 : Player #5 [eXp] RafcioZG disconnected
﻿10:17:39 : RCon admin #2: (Global) Server will restart in 10 minutes
﻿10:20:03 : Player #2 DirtyAlex disconnected
﻿10:22:39 : RCon admin #2: (Global) Admins: LWB, Sierra and Turmoil
﻿10:22:40 : RCon admin #2: (Global) Server will restart in 5 minutes: Prepare to Logout
﻿10:23:44 : Player #2 [eXp] RafcioZG (89.67.63.218:5302) connected
﻿10:23:46 : Player #2 [eXp] RafcioZG - GUID: 02ed733403835a8a8517265415d84023 (unverified)
﻿10:23:47 : Player #2 [eXp] RafcioZG - Legacy GUID: c9c653dd820194488bd099e2b5e7f454
﻿10:23:47 : Verified GUID (02ed733403835a8a8517265415d84023) of player #2 [eXp] RafcioZG
﻿10:24:54 : Player #1 stken disconnected
﻿10:25:39 : RCon admin #2: (Global) The Server is about to restart. LOG OUT NOW OR YOUR GEAR MAY BE LOST!!
﻿10:26:08 : Player #0 ded disconnected
﻿10:27:03 : Player #4 veeti disconnected
﻿10:27:09 : RCon admin #2: (Global) YOU SHOULD BE LOGGED OUT BY NOW! IF YOU ARENT YOU WILL BE AUTO KICKED AND YOUR GEAR MAY BE LOST! NO REFUNDS!
﻿10:28:13 : Rcon client logging in
﻿10:28:13 : RCon admin #2 (78.31.67.100:54888) logged in
﻿10:31:08 : Player #0 ded (5.167.152.28:45694) connected
﻿10:31:09 : Player #0 ded - GUID: e85eae2ca880e4230d0e1fb730c90c02 (unverified)
﻿10:31:10 : Verified GUID (e85eae2ca880e4230d0e1fb730c90c02) of player #0 ded
﻿10:31:10 : Player #0 ded - Legacy GUID: eb286d9cf0901fa29654922870928fa0
﻿10:32:04 : Player #1 Soln1shko (37.204.250.195:5302) connected
﻿10:32:05 : Player #1 Soln1shko - GUID: e26e360ef7f398644a10b80a8f8d3b23 (unverified)
﻿10:32:05 : Verified GUID (e26e360ef7f398644a10b80a8f8d3b23) of player #1 Soln1shko
﻿10:32:06 : Player #1 Soln1shko - Legacy GUID: 888e8a095e15e4f15f3702069e205fe5
﻿10:36:59 : Player #2 [eXp] RafcioZG (89.67.63.218:5302) connected
﻿10:37:00 : Player #2 [eXp] RafcioZG - GUID: 02ed733403835a8a8517265415d84023 (unverified)
﻿10:37:01 : Verified GUID (02ed733403835a8a8517265415d84023) of player #2 [eXp] RafcioZG
﻿10:37:01 : Player #2 [eXp] RafcioZG - Legacy GUID: c9c653dd820194488bd099e2b5e7f454
﻿10:42:13 : RCon admin #2: (Global) Vehicles left in trader zones at restarts will be moved to the vehicle pound and unlocked
﻿10:53:14 : RCon admin #2: (Global) Admins: LWB, Sierra and Turmoil
﻿10:58:28 : RCon admin #3 (85.165.152.237:54671) logged in
﻿11:02:20 : Player #3 GhostOfDenmark (93.178.172.186:5302) connected
﻿11:02:21 : Player #3 GhostOfDenmark - GUID: a8576ff2843e1477b25fabacd4a1d1fa (unverified)
﻿11:02:21 : Verified GUID (a8576ff2843e1477b25fabacd4a1d1fa) of player #3 GhostOfDenmark
﻿11:02:22 : Player #3 GhostOfDenmark - Legacy GUID: 50dfdbfd63176ee90a532c55e42763d1
﻿11:04:26 : Player #3 GhostOfDenmark disconnected
﻿11:07:13 : RCon admin #2: (Global) BASES MUST BE MAINTAINED VIA THE PLOT POLE EVERY 7 DAYS!!
﻿11:08:07 : RCon admin #4 (109.145.123.124:64229) logged in
﻿11:12:13 : RCon admin #2: (Global) Vehicles left in trader zones at restarts will be moved to the vehicle pound and unlocked
﻿11:23:13 : RCon admin #2: (Global) Admins: LWB, Sierra and Turmoil
﻿11:26:56 : Player #3 Napoli (93.173.17.118:5302) connected
﻿11:26:58 : Player #3 Napoli - GUID: 7c387779e24cf57ff3f26a148d9f2c2e (unverified)
﻿11:26:59 : Verified GUID (7c387779e24cf57ff3f26a148d9f2c2e) of player #3 Napoli
﻿11:26:59 : Player #3 Napoli - Legacy GUID: 09857be604144881652a632da2f42807
﻿11:32:04 : Player #4 Beastiboy (109.45.1.113:53413) connected
﻿11:32:06 : Player #4 Beastiboy - GUID: 936a425caa1da69d4565676ad370e0d0 (unverified)
﻿11:32:06 : Verified GUID (936a425caa1da69d4565676ad370e0d0) of player #4 Beastiboy
﻿11:32:07 : Player #4 Beastiboy - Legacy GUID: b4c68b307db036e1593c0b08e81d467e
﻿11:35:53 : Player #5 dylan (84.31.117.171:5302) connected
﻿11:35:54 : Player #5 dylan - GUID: 2db454581b3eb8813abee87e31f2eb78 (unverified)
﻿11:35:55 : Player #5 dylan - Legacy GUID: 432b8fcd9fa0ab3aa5ef607fac9e8746
﻿11:35:55 : Verified GUID (2db454581b3eb8813abee87e31f2eb78) of player #5 dylan
﻿11:37:13 : RCon admin #2: (Global) BASES MUST BE MAINTAINED VIA THE PLOT POLE EVERY 7 DAYS!!
﻿11:42:13 : RCon admin #2: (Global) Vehicles left in trader zones at restarts will be moved to the vehicle pound and unlocked
﻿11:49:13 : Player #1 Soln1shko disconnected
﻿11:51:46 : Player #1 Robbys Gamer (188.103.101.141:5302) connected
﻿11:51:47 : Player #1 Robbys Gamer - GUID: 7c28c92461f5de0f83cd29e74ac8d912 (unverified)
﻿11:51:47 : Verified GUID (7c28c92461f5de0f83cd29e74ac8d912) of player #1 Robbys Gamer
﻿11:51:48 : Player #1 Robbys Gamer - Legacy GUID: 572620fa8651c62b194670c20206a1be
﻿11:53:13 : RCon admin #2: (Global) Admins: LWB, Sierra and Turmoil
﻿11:54:32 : Player #6 Rameses II [BA] (86.182.228.94:3304) connected
﻿11:54:33 : Player #6 Rameses II [BA] - GUID: 188a760e91be465fc2407accc8fc78bd (unverified)
﻿11:54:34 : Verified GUID (188a760e91be465fc2407accc8fc78bd) of player #6 Rameses II [BA]
﻿11:54:34 : Player #6 Rameses II [BA] - Legacy GUID: 02f03a531022a3fa2468eec03c3224e9
﻿12:04:42 : Player #7 Turmoil (85.165.152.237:2304) connected
﻿12:04:43 : Player #7 Turmoil - GUID: 078d3175e22fad797d9a152aaaa83806 (unverified)
﻿12:04:44 : Verified GUID (078d3175e22fad797d9a152aaaa83806) of player #7 Turmoil
﻿12:04:44 : Player #7 Turmoil - Legacy GUID: 153330a3c1eb9ccf7092e322ab07ebb0
﻿12:07:13 : RCon admin #2: (Global) BASES MUST BE MAINTAINED VIA THE PLOT POLE EVERY 7 DAYS!!
﻿12:12:13 : RCon admin #2: (Global) Vehicles left in trader zones at restarts will be moved to the vehicle pound and unlocked
﻿12:23:13 : RCon admin #2: (Global) Admins: LWB, Sierra and Turmoil
﻿12:26:15 : Player #8 HARDCORE (5.139.160.83:5302) connected
﻿12:26:17 : Player #8 HARDCORE - GUID: fc49669f903000f656cd8579ff3fdbd9 (unverified)
﻿12:26:17 : Verified GUID (fc49669f903000f656cd8579ff3fdbd9) of player #8 HARDCORE
﻿12:26:17 : Player #8 HARDCORE - Legacy GUID: b28b7ef654a43f9e64dd058f744a1a09
﻿12:27:33 : Player #9 evoz (128.70.159.163:5302) connected
﻿12:27:34 : Player #9 evoz - GUID: 415c2bee6d068cb33dc4dec255e900b4 (unverified)
﻿12:27:34 : Verified GUID (415c2bee6d068cb33dc4dec255e900b4) of player #9 evoz
﻿12:27:35 : Player #9 evoz - Legacy GUID: 729524a6ce185fadb9ea07786b219455
﻿12:29:17 : Player #1 Robbys Gamer disconnected
﻿12:37:14 : RCon admin #2: (Global) BASES MUST BE MAINTAINED VIA THE PLOT POLE EVERY 7 DAYS!!
﻿12:42:13 : RCon admin #2: (Global) Vehicles left in trader zones at restarts will be moved to the vehicle pound and unlocked
﻿12:42:55 : Player #1 [eXp] CziQita (85.202.152.128:5302) connected
﻿12:42:57 : Player #1 [eXp] CziQita - GUID: 032d6e70df3d067624c52f7be2b9f7a4 (unverified)
﻿12:42:57 : Player #1 [eXp] CziQita - Legacy GUID: 5fe66ce3f47a21b2db2c180c820374dd
﻿12:42:58 : Verified GUID (032d6e70df3d067624c52f7be2b9f7a4) of player #1 [eXp] CziQita
﻿12:45:16 : Player #10 vortex (37.201.4.149:41660) connected
﻿12:45:17 : Player #10 vortex - GUID: eec0e0341aeccaf75944774298831d44 (unverified)
﻿12:45:18 : Verified GUID (eec0e0341aeccaf75944774298831d44) of player #10 vortex
﻿12:45:18 : Player #10 vortex - Legacy GUID: 87e47e9d53fda1bbcc84467b6163c55e
﻿12:48:13 : RCon admin #2: (Global) Server will restart in 10 minutes
﻿12:49:23 : Player #7 Turmoil disconnected
﻿12:49:43 : Player #7 Crazzer101 (151.230.132.226:5302) connected
﻿12:49:44 : Player #7 Crazzer101 - GUID: c5e5c13df3093f892545102f6b3a0507 (unverified)
﻿12:49:44 : Verified GUID (c5e5c13df3093f892545102f6b3a0507) of player #7 Crazzer101
﻿12:49:45 : Player #7 Crazzer101 - Legacy GUID: 0fbbd323bb9f7cb771fd3bd7c5cbec85
﻿12:53:04 : Player #4 Beastiboy disconnected
﻿12:53:12 : Player #0 ded disconnected
﻿12:53:13 : RCon admin #2: (Global) Admins: LWB, Sierra and Turmoil
﻿12:53:14 : RCon admin #2: (Global) Server will restart in 5 minutes: Prepare to Logout
﻿12:55:04 : Player #6 Rameses II [BA] disconnected
﻿12:55:11 : Player #7 Crazzer101 disconnected
﻿12:55:25 : Player #10 vortex disconnected
﻿12:56:13 : RCon admin #2: (Global) The Server is about to restart. LOG OUT NOW OR YOUR GEAR MAY BE LOST!!
﻿12:56:29 : Player #2 [eXp] RafcioZG disconnected
﻿12:56:48 : Player #1 [eXp] CziQita disconnected
﻿12:57:17 : Player #3 Napoli disconnected
﻿12:57:43 : RCon admin #2: (Global) YOU SHOULD BE LOGGED OUT BY NOW! IF YOU ARENT YOU WILL BE AUTO KICKED AND YOUR GEAR MAY BE LOST! NO REFUNDS!
﻿12:58:47 : Rcon client logging in
﻿12:58:47 : RCon admin #3 (78.31.67.100:53639) logged in
﻿12:59:39 : Player #1 [eXp] RafcioZG (89.67.63.218:5302) connected
﻿12:59:40 : Player #1 [eXp] RafcioZG - GUID: 02ed733403835a8a8517265415d84023 (unverified)
﻿12:59:41 : Verified GUID (02ed733403835a8a8517265415d84023) of player #1 [eXp] RafcioZG
﻿12:59:41 : Player #1 [eXp] RafcioZG - Legacy GUID: c9c653dd820194488bd099e2b5e7f454
﻿13:00:56 : Player #2 Rameses II [BA] (86.182.228.94:3304) connected
﻿13:00:57 : Player #2 Rameses II [BA] - GUID: 188a760e91be465fc2407accc8fc78bd (unverified)
﻿13:00:57 : Verified GUID (188a760e91be465fc2407accc8fc78bd) of player #2 Rameses II [BA]
﻿13:00:57 : Player #3 dylan (84.31.117.171:5302) connected
﻿13:00:58 : Player #2 Rameses II [BA] - Legacy GUID: 02f03a531022a3fa2468eec03c3224e9
﻿13:00:59 : Player #3 dylan - GUID: 2db454581b3eb8813abee87e31f2eb78 (unverified)
﻿13:00:59 : Verified GUID (2db454581b3eb8813abee87e31f2eb78) of player #3 dylan
﻿13:00:59 : Player #3 dylan - Legacy GUID: 432b8fcd9fa0ab3aa5ef607fac9e8746
﻿13:01:09 : Player #4 Therion Fallhammer (77.250.86.104:5302) connected
﻿13:01:10 : Player #4 Therion Fallhammer - GUID: c116d56f149a6092f09ec7a013add8f0 (unverified)
﻿13:01:10 : Verified GUID (c116d56f149a6092f09ec7a013add8f0) of player #4 Therion Fallhammer
﻿13:01:11 : Player #4 Therion Fallhammer - Legacy GUID: ba17ae5426fe504a8cca1281967d9ac8
﻿13:01:21 : Player #4 Therion Fallhammer disconnected
﻿13:02:54 : Player #4 Beastiboy (109.45.1.113:60901) connected
﻿13:02:55 : Player #4 Beastiboy - GUID: 936a425caa1da69d4565676ad370e0d0 (unverified)
﻿13:02:56 : Verified GUID (936a425caa1da69d4565676ad370e0d0) of player #4 Beastiboy
﻿13:02:56 : Player #4 Beastiboy - Legacy GUID: b4c68b307db036e1593c0b08e81d467e
﻿13:04:21 : Player #5 evoz (128.70.159.163:5302) connected
﻿13:04:22 : Player #5 evoz - GUID: 415c2bee6d068cb33dc4dec255e900b4 (unverified)
﻿13:04:23 : Verified GUID (415c2bee6d068cb33dc4dec255e900b4) of player #5 evoz
﻿13:04:23 : Player #5 evoz - Legacy GUID: 729524a6ce185fadb9ea07786b219455
﻿13:04:49 : Player #6 HARDCORE (5.139.160.83:5302) connected
﻿13:04:50 : Player #6 HARDCORE - GUID: fc49669f903000f656cd8579ff3fdbd9 (unverified)
﻿13:04:50 : Verified GUID (fc49669f903000f656cd8579ff3fdbd9) of player #6 HARDCORE
﻿13:04:51 : Player #6 HARDCORE - Legacy GUID: b28b7ef654a43f9e64dd058f744a1a09
﻿13:06:03 : Player #7 [eXp] CziQita (85.202.152.128:5302) connected
﻿13:06:04 : Player #7 [eXp] CziQita - GUID: 032d6e70df3d067624c52f7be2b9f7a4 (unverified)
﻿13:06:05 : Verified GUID (032d6e70df3d067624c52f7be2b9f7a4) of player #7 [eXp] CziQita
﻿13:06:05 : Player #7 [eXp] CziQita - Legacy GUID: 5fe66ce3f47a21b2db2c180c820374dd
﻿13:12:48 : RCon admin #3: (Global) Vehicles left in trader zones at restarts will be moved to the vehicle pound and unlocked
﻿13:23:47 : RCon admin #3: (Global) Admins: LWB, Sierra and Turmoil
﻿13:26:01 : Player #2 Rameses II [BA] disconnected
﻿13:30:52 : Player #2 Rameses II [BA] (86.182.228.94:3304) connected
﻿13:30:56 : Player #2 Rameses II [BA] - GUID: 188a760e91be465fc2407accc8fc78bd (unverified)
﻿13:30:56 : Player #2 Rameses II [BA] - Legacy GUID: 02f03a531022a3fa2468eec03c3224e9
﻿13:30:56 : Verified GUID (188a760e91be465fc2407accc8fc78bd) of player #2 Rameses II [BA]
﻿13:37:47 : RCon admin #3: (Global) BASES MUST BE MAINTAINED VIA THE PLOT POLE EVERY 7 DAYS!!
﻿13:38:41 : RCon admin #0 (109.145.123.124:59257) logged in
﻿13:40:41 : Player #8 HentaiChan (95.26.1.59:5302) connected
﻿13:40:42 : Player #8 HentaiChan - GUID: 6490a28fe7d32eda28f7de44ff99e39a (unverified)
﻿13:40:43 : Verified GUID (6490a28fe7d32eda28f7de44ff99e39a) of player #8 HentaiChan
﻿13:40:43 : Player #8 HentaiChan - Legacy GUID: d589eb66a24ef76c22ae258da3cc9e2d
﻿13:41:40 : Player #8 HentaiChan disconnected
﻿13:42:36 : Player #8 HentaiChan (95.26.1.59:5302) connected
﻿13:42:37 : Player #8 HentaiChan - GUID: 6490a28fe7d32eda28f7de44ff99e39a (unverified)
﻿13:42:38 : Verified GUID (6490a28fe7d32eda28f7de44ff99e39a) of player #8 HentaiChan
﻿13:42:38 : Player #8 HentaiChan - Legacy GUID: d589eb66a24ef76c22ae258da3cc9e2d
﻿13:42:47 : RCon admin #3: (Global) Vehicles left in trader zones at restarts will be moved to the vehicle pound and unlocked
﻿13:43:21 : Player #7 [eXp] CziQita disconnected
﻿13:45:12 : Player #7 Soln1shko (37.204.250.195:5302) connected
﻿13:45:14 : Player #7 Soln1shko - GUID: e26e360ef7f398644a10b80a8f8d3b23 (unverified)
﻿13:45:14 : Verified GUID (e26e360ef7f398644a10b80a8f8d3b23) of player #7 Soln1shko
﻿13:45:15 : Player #7 Soln1shko - Legacy GUID: 888e8a095e15e4f15f3702069e205fe5
﻿13:46:14 : Player #3 dylan disconnected
﻿13:48:02 : Player #0 vortex disconnected
﻿13:48:36 : Player #1 [eXp] RafcioZG disconnected
﻿13:53:47 : RCon admin #3: (Global) Admins: LWB, Sierra and Turmoil
﻿13:55:10 : Player #6 HARDCORE disconnected
﻿13:56:12 : Player #0 HARDCORE (5.139.160.83:5302) connected
﻿13:56:13 : Player #0 HARDCORE - GUID: fc49669f903000f656cd8579ff3fdbd9 (unverified)
﻿13:56:13 : Verified GUID (fc49669f903000f656cd8579ff3fdbd9) of player #0 HARDCORE
﻿13:56:14 : Player #0 HARDCORE - Legacy GUID: b28b7ef654a43f9e64dd058f744a1a09
﻿14:01:41 : Player #1 Black Angel (89.105.255.133:2304) connected
﻿14:01:42 : Player #1 Black Angel - GUID: ce9f8f5b44984f2bfd94fb70ccfee3fa (unverified)
﻿14:01:43 : Player #1 Black Angel - Legacy GUID: a3900a5b2d638dd05ef2b5a9be59e07c
﻿14:01:43 : Verified GUID (ce9f8f5b44984f2bfd94fb70ccfee3fa) of player #1 Black Angel
﻿14:07:47 : RCon admin #3: (Global) BASES MUST BE MAINTAINED VIA THE PLOT POLE EVERY 7 DAYS!!
﻿14:12:47 : RCon admin #3: (Global) Vehicles left in trader zones at restarts will be moved to the vehicle pound and unlocked
﻿14:23:48 : RCon admin #3: (Global) Admins: LWB, Sierra and Turmoil
﻿14:29:56 : Player #5 evoz disconnected
﻿14:29:58 : Player #0 HARDCORE disconnected
﻿14:37:47 : RCon admin #3: (Global) BASES MUST BE MAINTAINED VIA THE PLOT POLE EVERY 7 DAYS!!
﻿14:42:47 : RCon admin #3: (Global) Vehicles left in trader zones at restarts will be moved to the vehicle pound and unlocked
﻿14:45:17 : Player #0 Bananenjoghurt (217.86.83.25:5302) connected
﻿14:45:18 : Player #0 Bananenjoghurt - GUID: 9a10c5e267e9a5a64c34f0e40f980c62 (unverified)
﻿14:45:18 : Verified GUID (9a10c5e267e9a5a64c34f0e40f980c62) of player #0 Bananenjoghurt
﻿14:45:19 : Player #0 Bananenjoghurt - Legacy GUID: 075d9ead32c341c05812bd509abffb7d
﻿14:53:48 : RCon admin #3: (Global) Admins: LWB, Sierra and Turmoil
﻿14:54:12 : Player #3 Cornélius (80.12.39.201:5302) connected
﻿14:54:13 : Player #3 Cornélius - GUID: 35749083104d511e673feb70198c8eff (unverified)
﻿14:54:13 : Player #3 Cornélius (35749083104d511e673feb70198c8eff) has been kicked by BattlEye: Admin Kick (BEC : Fix your player name, it needs to be ASCII chars only)
﻿14:55:15 : Player #3 |Laura| [BA] (94.192.112.93:2304) connected
﻿14:55:17 : Player #3 |Laura| [BA] - GUID: 3aee947d9a20fa7b8dc60202031704ee (unverified)
﻿14:55:17 : Player #3 |Laura| [BA] - Legacy GUID: 623605a8e1720257feccb8677c54a9a7
﻿14:55:18 : Verified GUID (3aee947d9a20fa7b8dc60202031704ee) of player #3 |Laura| [BA]
﻿15:05:26 : Player #5 Jamie (86.157.158.101:5302) connected
﻿15:05:27 : Player #5 Jamie - GUID: 5f99517ae186eababf6a5c5f89b6f75b (unverified)
﻿15:05:28 : Verified GUID (5f99517ae186eababf6a5c5f89b6f75b) of player #5 Jamie
﻿15:05:28 : Player #5 Jamie - Legacy GUID: 0b50024c1f3c958253aed9fae9122873
﻿15:07:47 : RCon admin #3: (Global) BASES MUST BE MAINTAINED VIA THE PLOT POLE EVERY 7 DAYS!!
﻿15:08:32 : Player #5 Jamie disconnected
﻿15:09:04 : Player #5 Jamie (86.157.158.101:5302) connected
﻿15:09:05 : Player #5 Jamie - GUID: 5f99517ae186eababf6a5c5f89b6f75b (unverified)
﻿15:09:06 : Verified GUID (5f99517ae186eababf6a5c5f89b6f75b) of player #5 Jamie
﻿15:09:06 : Player #5 Jamie - Legacy GUID: 0b50024c1f3c958253aed9fae9122873
﻿15:12:44 : Player #6 Kristofer (80.167.158.234:5302) connected
﻿15:12:46 : Player #6 Kristofer - GUID: 2b86704b29539328409ccb3a5d68ee16 (unverified)
﻿15:12:46 : Verified GUID (2b86704b29539328409ccb3a5d68ee16) of player #6 Kristofer
﻿15:12:47 : Player #6 Kristofer - Legacy GUID: 532a02150a07d7896569eec4a25e1c2e
﻿15:12:47 : RCon admin #3: (Global) Vehicles left in trader zones at restarts will be moved to the vehicle pound and unlocked
﻿15:12:53 : Player #9 Bock (89.239.243.136:28276) connected
﻿15:12:54 : Player #9 Bock - GUID: 7db662f5bfbf2195f8e715ab674cf2d4 (unverified)
﻿15:12:55 : Verified GUID (7db662f5bfbf2195f8e715ab674cf2d4) of player #9 Bock
﻿15:12:55 : Player #9 Bock - Legacy GUID: 888629fc20a0d3426fd9445c55012ad5
﻿15:15:00 : Player #6 Kristofer disconnected
﻿15:17:07 : Player #6 Kristofer (80.167.158.234:5302) connected
﻿15:17:08 : Player #6 Kristofer - GUID: 2b86704b29539328409ccb3a5d68ee16 (unverified)
﻿15:17:09 : Verified GUID (2b86704b29539328409ccb3a5d68ee16) of player #6 Kristofer
﻿15:17:09 : Player #6 Kristofer - Legacy GUID: 532a02150a07d7896569eec4a25e1c2e
﻿15:17:24 : Player #10 pega (109.105.27.52:5302) connected
﻿15:17:25 : Player #10 pega disconnected
﻿15:18:47 : RCon admin #3: (Global) Server will restart in 10 minutes
﻿15:19:26 : Player #6 Kristofer disconnected
﻿15:23:32 : Player #6 KashIII (195.128.117.38:2304) connected
﻿15:23:34 : Player #6 KashIII - GUID: 87554c6524ecb4bddaf0e1c3a7592743 (unverified)
﻿15:23:34 : Verified GUID (87554c6524ecb4bddaf0e1c3a7592743) of player #6 KashIII
﻿15:23:34 : Player #6 KashIII - Legacy GUID: b65c10b3d2988e9c13f277bf9f0f5294
﻿15:23:36 : Player #6 KashIII disconnected
﻿15:23:47 : RCon admin #3: (Global) Admins: LWB, Sierra and Turmoil
﻿15:23:48 : RCon admin #3: (Global) Server will restart in 5 minutes: Prepare to Logout
﻿15:23:53 : Player #5 Jamie disconnected
﻿15:24:07 : Player #2 Rameses II [BA] disconnected
﻿15:24:44 : Player #3 |Laura| [BA] disconnected
﻿15:26:47 : RCon admin #3: (Global) The Server is about to restart. LOG OUT NOW OR YOUR GEAR MAY BE LOST!!
﻿15:27:08 : Player #0 Bananenjoghurt disconnected
﻿15:27:20 : Player #7 Soln1shko disconnected
﻿15:27:26 : Player #9 Bock disconnected
﻿15:28:17 : RCon admin #3: (Global) YOU SHOULD BE LOGGED OUT BY NOW! IF YOU ARENT YOU WILL BE AUTO KICKED AND YOUR GEAR MAY BE LOST! NO REFUNDS!
﻿15:29:21 : Rcon client logging in
﻿15:29:21 : RCon admin #2 (78.31.67.100:56578) logged in
﻿15:29:36 : Player #0 Jamie (86.157.158.101:5302) connected
﻿15:29:37 : Player #0 Jamie - GUID: 5f99517ae186eababf6a5c5f89b6f75b (unverified)
﻿15:29:37 : Verified GUID (5f99517ae186eababf6a5c5f89b6f75b) of player #0 Jamie
﻿15:29:38 : Player #0 Jamie - Legacy GUID: 0b50024c1f3c958253aed9fae9122873
﻿15:29:57 : Player #1 HentaiChan (95.26.1.59:5302) connected
﻿15:29:59 : Player #1 HentaiChan - GUID: 6490a28fe7d32eda28f7de44ff99e39a (unverified)
﻿15:29:59 : Verified GUID (6490a28fe7d32eda28f7de44ff99e39a) of player #1 HentaiChan
﻿15:30:00 : Player #1 HentaiChan - Legacy GUID: d589eb66a24ef76c22ae258da3cc9e2d
﻿15:30:22 : RCon admin #3 (85.165.152.237:62860) logged in
﻿15:32:09 : Player #2 Bock (89.239.243.136:28276) connected
﻿15:32:10 : Player #3 Soln1shko (37.204.250.195:5302) connected
﻿15:32:10 : Player #2 Bock - GUID: 7db662f5bfbf2195f8e715ab674cf2d4 (unverified)
﻿15:32:11 : Verified GUID (7db662f5bfbf2195f8e715ab674cf2d4) of player #2 Bock
﻿15:32:11 : Player #3 Soln1shko - GUID: e26e360ef7f398644a10b80a8f8d3b23 (unverified)
﻿15:32:11 : Verified GUID (e26e360ef7f398644a10b80a8f8d3b23) of player #3 Soln1shko
﻿15:32:11 : Player #2 Bock - Legacy GUID: 888629fc20a0d3426fd9445c55012ad5
﻿15:32:12 : Player #3 Soln1shko - Legacy GUID: 888e8a095e15e4f15f3702069e205fe5
﻿15:32:37 : Player #4 Silas Lintrup (5.103.150.81:5302) connected
﻿15:32:38 : Player #4 Silas Lintrup - GUID: 6a5a58a087d97e43cf7389d6d5499074 (unverified)
﻿15:32:38 : Verified GUID (6a5a58a087d97e43cf7389d6d5499074) of player #4 Silas Lintrup
﻿15:32:39 : Player #4 Silas Lintrup - Legacy GUID: 6db3e7a4197f39e9c641128871fa093d
﻿15:34:33 : Player #5 Kristofer (80.167.158.234:5302) connected
﻿15:34:35 : Player #5 Kristofer - GUID: 2b86704b29539328409ccb3a5d68ee16 (unverified)
﻿15:34:35 : Verified GUID (2b86704b29539328409ccb3a5d68ee16) of player #5 Kristofer
﻿15:34:35 : Player #5 Kristofer - Legacy GUID: 532a02150a07d7896569eec4a25e1c2e
﻿15:38:42 : Player #6 Dont touch my Tralala (80.130.124.2:5302) connected
﻿15:38:43 : Player #6 Dont touch my Tralala - GUID: 5d9bb33c738a6e2632cea27bd877e7c0 (unverified)
﻿15:38:44 : Verified GUID (5d9bb33c738a6e2632cea27bd877e7c0) of player #6 Dont touch my Tralala
﻿15:38:44 : Player #6 Dont touch my Tralala - Legacy GUID: ac41e7d0c4417d6412502654e9b2c503
﻿15:40:10 : Player #6 Dont touch my Tralala disconnected
﻿15:42:25 : Player #6 Dont touch my Tralala (80.130.124.2:5302) connected
﻿15:42:26 : Player #6 Dont touch my Tralala - GUID: 5d9bb33c738a6e2632cea27bd877e7c0 (unverified)
﻿15:42:26 : Verified GUID (5d9bb33c738a6e2632cea27bd877e7c0) of player #6 Dont touch my Tralala
﻿15:42:27 : Player #6 Dont touch my Tralala - Legacy GUID: ac41e7d0c4417d6412502654e9b2c503
﻿15:43:21 : RCon admin #2: (Global) Vehicles left in trader zones at restarts will be moved to the vehicle pound and unlocked
﻿15:46:30 : Player #7 Beastiboy (109.45.1.113:63113) connected
﻿15:46:31 : Player #7 Beastiboy - GUID: 936a425caa1da69d4565676ad370e0d0 (unverified)
﻿15:46:32 : Verified GUID (936a425caa1da69d4565676ad370e0d0) of player #7 Beastiboy
﻿15:46:32 : Player #7 Beastiboy - Legacy GUID: b4c68b307db036e1593c0b08e81d467e
﻿15:51:52 : Player #8 marshal (5.105.93.103:5302) connected
﻿15:51:53 : Player #8 marshal - GUID: 8f8f5cc1e74f338f2e92044a73a3b6c0 (unverified)
﻿15:51:54 : Verified GUID (8f8f5cc1e74f338f2e92044a73a3b6c0) of player #8 marshal
﻿15:51:54 : Player #8 marshal - Legacy GUID: effe0f34494524a34c0e3f069b68213f
﻿15:54:22 : RCon admin #2: (Global) Admins: LWB, Sierra and Turmoil
﻿15:58:42 : Player #9 Jonah (209.89.215.194:5302) connected
﻿15:58:44 : Player #9 Jonah disconnected
﻿16:08:21 : RCon admin #2: (Global) BASES MUST BE MAINTAINED VIA THE PLOT POLE EVERY 7 DAYS!!
﻿16:13:13 : Player #9 [eXp] RafcioZG (89.67.63.218:5302) connected
﻿16:13:14 : Player #9 [eXp] RafcioZG - GUID: 02ed733403835a8a8517265415d84023 (unverified)
﻿16:13:15 : Verified GUID (02ed733403835a8a8517265415d84023) of player #9 [eXp] RafcioZG
﻿16:13:15 : Player #9 [eXp] RafcioZG - Legacy GUID: c9c653dd820194488bd099e2b5e7f454
﻿16:13:21 : RCon admin #2: (Global) Vehicles left in trader zones at restarts will be moved to the vehicle pound and unlocked
﻿16:18:34 : Player #8 marshal disconnected
﻿16:19:03 : Player #8 [eXp] CziQita (85.202.152.128:5302) connected
﻿16:19:04 : Player #8 [eXp] CziQita - GUID: 032d6e70df3d067624c52f7be2b9f7a4 (unverified)
﻿16:19:04 : Verified GUID (032d6e70df3d067624c52f7be2b9f7a4) of player #8 [eXp] CziQita
﻿16:19:05 : Player #8 [eXp] CziQita - Legacy GUID: 5fe66ce3f47a21b2db2c180c820374dd
﻿16:19:33 : Player #10 marshal (5.105.93.103:5302) connected
﻿16:19:35 : Player #10 marshal - GUID: 8f8f5cc1e74f338f2e92044a73a3b6c0 (unverified)
﻿16:19:35 : Player #10 marshal - Legacy GUID: effe0f34494524a34c0e3f069b68213f
﻿16:19:35 : Verified GUID (8f8f5cc1e74f338f2e92044a73a3b6c0) of player #10 marshal
﻿16:19:54 : Player #11 BaFman (185.8.126.232:22552) connected
﻿16:19:55 : Player #11 BaFman - GUID: fd67af5e2e32cdb96ca0ed1d777ad001 (unverified)
﻿16:19:56 : Verified GUID (fd67af5e2e32cdb96ca0ed1d777ad001) of player #11 BaFman
﻿16:19:56 : Player #11 BaFman - Legacy GUID: fb0f1512403f619f689355302f9e1a1a
﻿16:20:23 : Player #12 vortex (37.201.4.149:33204) connected
﻿16:20:26 : Player #12 vortex - GUID: eec0e0341aeccaf75944774298831d44 (unverified)
﻿16:20:27 : Verified GUID (eec0e0341aeccaf75944774298831d44) of player #12 vortex
﻿16:20:41 : Player #13 ded (5.165.196.31:3116) connected
﻿16:20:45 : Player #13 ded - GUID: e85eae2ca880e4230d0e1fb730c90c02 (unverified)
﻿16:20:45 : Verified GUID (e85eae2ca880e4230d0e1fb730c90c02) of player #13 ded
﻿16:20:46 : Player #13 ded - Legacy GUID: eb286d9cf0901fa29654922870928fa0
﻿16:20:49 : Player #12 vortex - Legacy GUID: 87e47e9d53fda1bbcc84467b6163c55e
﻿16:20:49 : Player #12 vortex - Legacy GUID: 87e47e9d53fda1bbcc84467b6163c55e
﻿16:24:21 : RCon admin #2: (Global) Admins: LWB, Sierra and Turmoil
﻿16:30:36 : RCon admin #4 (109.145.123.124:54333) logged in
﻿16:36:59 : Player #14 Cedric (87.174.252.92:28489) connected
﻿16:37:00 : Player #14 Cedric - GUID: 54991b2c335e19973088759be225a09d (unverified)
﻿16:37:01 : Verified GUID (54991b2c335e19973088759be225a09d) of player #14 Cedric
﻿16:37:01 : Player #14 Cedric - Legacy GUID: b05868b0ae198ab1d1cdafdd4abfce68
﻿16:38:21 : RCon admin #2: (Global) BASES MUST BE MAINTAINED VIA THE PLOT POLE EVERY 7 DAYS!!
﻿16:38:58 : Player #15 Black Angel (89.105.255.133:2304) connected
﻿16:39:00 : Player #15 Black Angel - GUID: ce9f8f5b44984f2bfd94fb70ccfee3fa (unverified)
﻿16:39:00 : Player #15 Black Angel - Legacy GUID: a3900a5b2d638dd05ef2b5a9be59e07c
﻿16:39:00 : Verified GUID (ce9f8f5b44984f2bfd94fb70ccfee3fa) of player #15 Black Angel
﻿16:43:08 : RCon admin #0: (Global) LWB: yes?
﻿16:43:21 : RCon admin #2: (Global) Vehicles left in trader zones at restarts will be moved to the vehicle pound and unlocked
﻿16:43:36 : RCon admin #0: (Global) LWB: No, you can do it with a crowbar
﻿16:43:58 : RCon admin #1 (109.145.123.124:62905) logged in
﻿16:50:07 : Player #14 Cedric disconnected
﻿16:54:22 : RCon admin #2: (Global) Admins: LWB, Sierra and Turmoil
﻿16:56:06 : Player #0 Jamie disconnected
﻿16:56:43 : Player #6 Dont touch my Tralala (5d9bb33c738a6e2632cea27bd877e7c0) has been kicked by BattlEye: Client not responding
﻿17:03:16 : Player #12 vortex disconnected
﻿17:05:01 : RCon admin #5 (109.145.123.124:53424) logged in
﻿17:05:02 : RCon admin #6 (109.145.123.124:57166) logged in
﻿17:05:47 : RCon admin #0 (109.145.123.124:57414) logged in
﻿17:05:49 : Player #0 Petre (89.46.29.126:5302) connected
﻿17:05:50 : Player #0 Petre - GUID: d502cbcefa4429a59bc6fa97e4781805 (unverified)
﻿17:05:51 : Player #0 Petre - Legacy GUID: ded03056c38cce19e8263c77e7b89286
﻿17:05:51 : Verified GUID (d502cbcefa4429a59bc6fa97e4781805) of player #0 Petre
﻿17:06:55 : Player #11 BaFman (fd67af5e2e32cdb96ca0ed1d777ad001) has been kicked by BattlEye: Client not responding
﻿17:08:21 : RCon admin #2: (Global) BASES MUST BE MAINTAINED VIA THE PLOT POLE EVERY 7 DAYS!!
﻿17:09:27 : Player #6 xXJKaSchXx (79.205.185.52:5302) connected
﻿17:09:29 : Player #6 xXJKaSchXx - GUID: 727fc7a7b6477461ca0ac0d30090d58a (unverified)
﻿17:09:29 : Verified GUID (727fc7a7b6477461ca0ac0d30090d58a) of player #6 xXJKaSchXx
﻿17:09:29 : Player #6 xXJKaSchXx - Legacy GUID: 53bd68ec33dd9dcd784593139861e666
﻿17:09:39 : Player #0 Petre disconnected
﻿17:13:21 : RCon admin #2: (Global) Vehicles left in trader zones at restarts will be moved to the vehicle pound and unlocked
﻿17:16:54 : Player #0 MacManBob (87.50.14.41:5302) connected
﻿17:16:55 : Player #0 MacManBob - GUID: 823a9a7af0c21a5da94feeebcc8fabd3 (unverified)
﻿17:16:56 : Verified GUID (823a9a7af0c21a5da94feeebcc8fabd3) of player #0 MacManBob
﻿17:16:56 : Player #0 MacManBob - Legacy GUID: af41045637641cb4e556201c28b6f985
﻿17:19:35 : RCon admin #5: (Global) LWB: No there isnt
﻿17:20:19 : RCon admin #5: (Global) LWB: There is no garage, I just said that
﻿17:20:44 : RCon admin #5: (Global) LWB:  Vote night/day
﻿17:24:21 : RCon admin #2: (Global) Admins: LWB, Sierra and Turmoil
﻿17:29:29 : Player #15 Black Angel disconnected
﻿17:29:33 : Player #11 [KFR] Stan (88.173.54.37:5302) connected
﻿17:29:34 : Player #11 [KFR] Stan - GUID: 7841f0162e369839dc23d26a0bf1e6c5 (unverified)
﻿17:29:35 : Verified GUID (7841f0162e369839dc23d26a0bf1e6c5) of player #11 [KFR] Stan
﻿17:29:35 : Player #11 [KFR] Stan - Legacy GUID: 87e0e3a78972208c797bb4b291bf18b3
﻿17:29:36 : Player #11 [KFR] Stan disconnected
﻿17:30:39 : Player #11 Raxermus (83.215.192.205:5302) connected
﻿17:30:40 : Player #11 Raxermus - GUID: b7b56889abff080e3768bceb75f82b4f (unverified)
﻿17:30:41 : Verified GUID (b7b56889abff080e3768bceb75f82b4f) of player #11 Raxermus
﻿17:30:41 : Player #11 Raxermus - Legacy GUID: 1b1fd53c71531c695630df5f69711ec0
﻿17:32:48 : RCon admin #4 (109.145.123.124:61972) logged in
﻿17:38:22 : RCon admin #2: (Global) BASES MUST BE MAINTAINED VIA THE PLOT POLE EVERY 7 DAYS!!
﻿17:43:21 : RCon admin #2: (Global) Vehicles left in trader zones at restarts will be moved to the vehicle pound and unlocked
﻿17:46:52 : Player #12 wyatt (104.136.231.125:5302) connected
﻿17:46:54 : Player #12 wyatt - GUID: ae164493f2d08d9b6fc1e1b705f35174 (unverified)
﻿17:46:54 : Verified GUID (ae164493f2d08d9b6fc1e1b705f35174) of player #12 wyatt
﻿17:46:54 : Player #12 wyatt - Legacy GUID: ada093d4fe4d779df7144dc228cbac84
﻿17:47:37 : Player #14 Tariko (87.219.31.116:5302) connected
﻿17:47:40 : Player #14 Tariko - GUID: 0e1b7cef9785f1de964c483b5cb2804e (unverified)
﻿17:47:41 : Verified GUID (0e1b7cef9785f1de964c483b5cb2804e) of player #14 Tariko
﻿17:47:41 : Player #14 Tariko - Legacy GUID: 2f065e0e4b95230e2b6b6c1e7306f34f
﻿17:47:49 : Player #14 Tariko disconnected
﻿17:49:06 : Player #14 andi (84.181.252.157:5302) connected
﻿17:49:07 : Player #14 andi - GUID: 6c0dee74712d4b796c9f958cd3e85d2d (unverified)
﻿17:49:08 : Verified GUID (6c0dee74712d4b796c9f958cd3e85d2d) of player #14 andi
﻿17:49:08 : Player #14 andi - Legacy GUID: 6ac1c101e9b75c5021fd323d94f85171
﻿17:49:21 : RCon admin #2: (Global) Server will restart in 10 minutes
﻿17:49:41 : Player #3 Soln1shko disconnected
﻿17:50:01 : Player #1 HentaiChan disconnected
﻿17:51:27 : Player #6 xXJKaSchXx disconnected
﻿17:51:52 : Player #4 Silas Lintrup disconnected
﻿17:52:29 : Player #1 GreenJesus (188.179.204.146:5302) connected
﻿17:52:31 : Player #1 GreenJesus - GUID: 667494dcd1ebe8d89d398d5c5c4fad61 (unverified)
﻿17:52:32 : Verified GUID (667494dcd1ebe8d89d398d5c5c4fad61) of player #1 GreenJesus
﻿17:52:33 : Player #1 GreenJesus - Legacy GUID: a7b1e0ee19a1b4c0462ccd6ff521b6c4
﻿17:54:22 : RCon admin #2: (Global) Admins: LWB, Sierra and Turmoil
﻿17:54:22 : RCon admin #2: (Global) Server will restart in 5 minutes: Prepare to Logout
﻿17:54:57 : Player #5 Kristofer disconnected
﻿17:55:58 : Player #9 [eXp] RafcioZG disconnected
﻿17:56:03 : Player #8 [eXp] CziQita disconnected
﻿17:57:21 : RCon admin #2: (Global) The Server is about to restart. LOG OUT NOW OR YOUR GEAR MAY BE LOST!!
﻿17:57:39 : Player #1 GreenJesus disconnected
﻿17:57:44 : Player #12 wyatt disconnected
﻿17:57:50 : Player #2 Bock disconnected
﻿17:57:54 : Player #11 Raxermus disconnected
﻿17:58:07 : Player #13 ded disconnected
﻿17:58:44 : Player #7 Beastiboy disconnected
﻿17:58:51 : RCon admin #2: (Global) YOU SHOULD BE LOGGED OUT BY NOW! IF YOU ARENT YOU WILL BE AUTO KICKED AND YOUR GEAR MAY BE LOST! NO REFUNDS!
﻿17:59:55 : Rcon client logging in
﻿17:59:55 : RCon admin #4 (78.31.67.100:58297) logged in
﻿17:59:56 : Player #1 [eXp] RafcioZG (89.67.63.218:5302) connected
﻿18:00:00 : Player #1 [eXp] RafcioZG - GUID: 02ed733403835a8a8517265415d84023 (unverified)
﻿18:00:01 : Verified GUID (02ed733403835a8a8517265415d84023) of player #1 [eXp] RafcioZG
﻿18:00:02 : Player #1 [eXp] RafcioZG - Legacy GUID: c9c653dd820194488bd099e2b5e7f454
﻿18:00:25 : Player #2 Kristofer (80.167.158.234:5302) connected
﻿18:00:26 : Player #2 Kristofer - GUID: 2b86704b29539328409ccb3a5d68ee16 (unverified)
﻿18:00:26 : Verified GUID (2b86704b29539328409ccb3a5d68ee16) of player #2 Kristofer
﻿18:00:27 : Player #2 Kristofer - Legacy GUID: 532a02150a07d7896569eec4a25e1c2e
﻿18:01:57 : Player #3 ded (5.165.196.31:3116) connected
﻿18:01:59 : Player #3 ded - GUID: e85eae2ca880e4230d0e1fb730c90c02 (unverified)
﻿18:01:59 : Verified GUID (e85eae2ca880e4230d0e1fb730c90c02) of player #3 ded
﻿18:01:59 : Player #3 ded - Legacy GUID: eb286d9cf0901fa29654922870928fa0
﻿18:03:33 : RCon admin #5 (109.145.123.124:59400) logged in
﻿18:04:58 : Player #4 marshal (5.105.93.103:5302) connected
﻿18:05:00 : Player #4 marshal - GUID: 8f8f5cc1e74f338f2e92044a73a3b6c0 (unverified)
﻿18:05:00 : Player #4 marshal - Legacy GUID: effe0f34494524a34c0e3f069b68213f
﻿18:05:00 : Verified GUID (8f8f5cc1e74f338f2e92044a73a3b6c0) of player #4 marshal
﻿18:05:18 : Player #5 [eXp] CziQita (85.202.152.128:5302) connected
﻿18:05:19 : Player #5 [eXp] CziQita - GUID: 032d6e70df3d067624c52f7be2b9f7a4 (unverified)
﻿18:05:20 : Verified GUID (032d6e70df3d067624c52f7be2b9f7a4) of player #5 [eXp] CziQita
﻿18:05:20 : Player #5 [eXp] CziQita - Legacy GUID: 5fe66ce3f47a21b2db2c180c820374dd
﻿18:10:38 : RCon admin #3 (109.145.123.124:53994) logged in
﻿18:11:39 : RCon admin #5 (109.145.123.124:53995) logged in
﻿18:12:03 : RCon admin #3 (109.145.123.124:53996) logged in
﻿18:13:55 : RCon admin #4: (Global) Vehicles left in trader zones at restarts will be moved to the vehicle pound and unlocked
﻿18:17:12 : Player #2 Kristofer disconnected
﻿18:21:43 : Player #2 andi (84.181.252.157:5302) connected
﻿18:21:44 : Player #2 andi - GUID: 6c0dee74712d4b796c9f958cd3e85d2d (unverified)
﻿18:21:45 : Verified GUID (6c0dee74712d4b796c9f958cd3e85d2d) of player #2 andi
﻿18:21:45 : Player #2 andi - Legacy GUID: 6ac1c101e9b75c5021fd323d94f85171
﻿18:22:13 : Player #6 RainerZufall (188.154.143.27:2304) connected
﻿18:22:14 : Player #6 RainerZufall - GUID: 6c7de9c807ffb6e4ee54ad3fcbb33df0 (unverified)
﻿18:22:15 : Verified GUID (6c7de9c807ffb6e4ee54ad3fcbb33df0) of player #6 RainerZufall
﻿18:22:15 : Player #6 RainerZufall - Owner GUID: a4ed0f1f392ef1f2acd1472851ffcee2
﻿18:22:15 : Player #6 RainerZufall - Legacy GUID: 5c6d18001654a8bc6e4fadf75703928d
﻿18:23:14 : Player #7 vortex (37.201.4.149:33212) connected
﻿18:23:16 : Player #7 vortex - GUID: eec0e0341aeccaf75944774298831d44 (unverified)
﻿18:23:16 : Verified GUID (eec0e0341aeccaf75944774298831d44) of player #7 vortex
﻿18:23:18 : Player #7 vortex - Legacy GUID: 87e47e9d53fda1bbcc84467b6163c55e
﻿18:24:55 : RCon admin #4: (Global) Admins: LWB, Sierra and Turmoil
﻿18:25:37 : Player #4 marshal disconnected
﻿18:26:33 : Player #4 marshal (5.105.93.103:5302) connected
﻿18:26:34 : Player #4 marshal - GUID: 8f8f5cc1e74f338f2e92044a73a3b6c0 (unverified)
﻿18:26:35 : Verified GUID (8f8f5cc1e74f338f2e92044a73a3b6c0) of player #4 marshal
﻿18:26:35 : Player #4 marshal - Legacy GUID: effe0f34494524a34c0e3f069b68213f
﻿18:28:07 : Player #6 RainerZufall disconnected
﻿18:30:27 : Player #6 Mr. Lizard (86.163.12.182:2304) connected
﻿18:30:28 : Player #6 Mr. Lizard - GUID: 1dfbab96c978bea1f58bd478422fd2d7 (unverified)
﻿18:30:29 : Verified GUID (1dfbab96c978bea1f58bd478422fd2d7) of player #6 Mr. Lizard
﻿18:30:29 : Player #6 Mr. Lizard - Legacy GUID: 24c3ad256a02102196a7014f8e2d0679
﻿18:32:26 : Player #8 BadComedian (109.110.66.112:5302) connected
﻿18:32:27 : Player #8 BadComedian - GUID: 0e8ad19b563623e4bca1d34d30929edc (unverified)
﻿18:32:28 : Verified GUID (0e8ad19b563623e4bca1d34d30929edc) of player #8 BadComedian
﻿18:32:28 : Player #8 BadComedian - Legacy GUID: 3c09f089daabae1a2d1c23ca13a82464
﻿18:33:05 : Player #6 Mr. Lizard disconnected
﻿18:35:08 : Player #6 Mr. Lizard (86.163.12.182:5302) connected
﻿18:35:09 : Player #6 Mr. Lizard - GUID: 1dfbab96c978bea1f58bd478422fd2d7 (unverified)
﻿18:35:10 : Verified GUID (1dfbab96c978bea1f58bd478422fd2d7) of player #6 Mr. Lizard
﻿18:35:10 : Player #6 Mr. Lizard - Legacy GUID: 24c3ad256a02102196a7014f8e2d0679
﻿18:35:25 : RCon admin #2: (Global) LWB: Englsih Only
﻿18:35:42 : Player #8 BadComedian (0e8ad19b563623e4bca1d34d30929edc) has been kicked by BattlEye: Admin Kick
﻿18:37:04 : Player #8 BadComedian (109.110.66.112:5302) connected
﻿18:37:05 : Player #8 BadComedian - GUID: 0e8ad19b563623e4bca1d34d30929edc (unverified)
﻿18:37:05 : Verified GUID (0e8ad19b563623e4bca1d34d30929edc) of player #8 BadComedian
﻿18:37:06 : Player #8 BadComedian - Legacy GUID: 3c09f089daabae1a2d1c23ca13a82464
﻿18:38:55 : RCon admin #4: (Global) BASES MUST BE MAINTAINED VIA THE PLOT POLE EVERY 7 DAYS!!
﻿18:43:10 : Player #9 [OCB]Dodgy Embalmer (81.104.140.9:2704) connected
﻿18:43:11 : Player #9 [OCB]Dodgy Embalmer - GUID: 1040809194018063e4fd1d1e040ec1b9 (unverified)
﻿18:43:11 : Verified GUID (1040809194018063e4fd1d1e040ec1b9) of player #9 [OCB]Dodgy Embalmer
﻿18:43:12 : Player #9 [OCB]Dodgy Embalmer - Legacy GUID: 0fcc0ed1413307fa7772e9f32f7b71ee
﻿18:43:22 : Player #9 [OCB]Dodgy Embalmer disconnected
﻿18:43:55 : RCon admin #4: (Global) Vehicles left in trader zones at restarts will be moved to the vehicle pound and unlocked
﻿18:47:40 : Player #0 BaFman disconnected
﻿18:48:42 : Player #0 BaFman (185.8.126.239:5154) connected
﻿18:48:45 : Player #0 BaFman - GUID: fd67af5e2e32cdb96ca0ed1d777ad001 (unverified)
﻿18:48:46 : Verified GUID (fd67af5e2e32cdb96ca0ed1d777ad001) of player #0 BaFman
﻿18:48:46 : Player #0 BaFman - Legacy GUID: fb0f1512403f619f689355302f9e1a1a
﻿18:51:45 : Player #9 Raxermus (83.215.192.205:5302) connected
﻿18:51:47 : Player #9 Raxermus - GUID: b7b56889abff080e3768bceb75f82b4f (unverified)
﻿18:51:47 : Verified GUID (b7b56889abff080e3768bceb75f82b4f) of player #9 Raxermus
﻿18:51:48 : Player #9 Raxermus - Legacy GUID: 1b1fd53c71531c695630df5f69711ec0
﻿18:52:01 : Player #0 BaFman disconnected
﻿18:52:18 : Player #0 BaFman (185.8.126.239:5154) connected
﻿18:52:24 : Player #0 BaFman - GUID: fd67af5e2e32cdb96ca0ed1d777ad001 (unverified)
﻿18:52:24 : Verified GUID (fd67af5e2e32cdb96ca0ed1d777ad001) of player #0 BaFman
﻿18:52:24 : Player #0 BaFman - Legacy GUID: fb0f1512403f619f689355302f9e1a1a
﻿18:52:49 : RCon admin #0 (109.145.123.124:52641) logged in
﻿18:54:55 : RCon admin #4: (Global) Admins: LWB, Sierra and Turmoil
﻿18:57:06 : Player #10 Jamie (92.18.179.196:5302) connected
﻿18:57:08 : Player #10 Jamie - GUID: 54138b0362595fe0950bb56d0260c406 (unverified)
﻿18:57:08 : Verified GUID (54138b0362595fe0950bb56d0260c406) of player #10 Jamie
﻿18:57:08 : Player #10 Jamie - Legacy GUID: 620fc0c3c89ebd9cacf1a685f10222d7
﻿18:57:09 : Player #10 Jamie disconnected
﻿18:58:07 : Player #0 BaFman disconnected
﻿18:59:50 : Player #0 GreenJesus (188.179.204.146:5302) connected
﻿18:59:52 : Player #0 GreenJesus - GUID: 667494dcd1ebe8d89d398d5c5c4fad61 (unverified)
﻿18:59:53 : Verified GUID (667494dcd1ebe8d89d398d5c5c4fad61) of player #0 GreenJesus
﻿18:59:54 : Player #0 GreenJesus - Legacy GUID: a7b1e0ee19a1b4c0462ccd6ff521b6c4
﻿19:01:56 : Player #10 Bock (89.239.243.136:28276) connected
﻿19:01:58 : Player #10 Bock - GUID: 7db662f5bfbf2195f8e715ab674cf2d4 (unverified)
﻿19:01:58 : Player #10 Bock - Legacy GUID: 888629fc20a0d3426fd9445c55012ad5
﻿19:01:59 : Verified GUID (7db662f5bfbf2195f8e715ab674cf2d4) of player #10 Bock
﻿19:02:19 : RCon admin #3 (109.145.123.124:56941) logged in
﻿19:05:15 : Player #11 Jamie (92.18.179.196:5302) connected
﻿19:05:16 : Player #11 Jamie - GUID: 54138b0362595fe0950bb56d0260c406 (unverified)
﻿19:05:17 : Player #11 Jamie - Legacy GUID: 620fc0c3c89ebd9cacf1a685f10222d7
﻿19:05:17 : Verified GUID (54138b0362595fe0950bb56d0260c406) of player #11 Jamie
﻿19:08:56 : RCon admin #4: (Global) BASES MUST BE MAINTAINED VIA THE PLOT POLE EVERY 7 DAYS!!
﻿19:11:03 : Player #12 Beastiboy (109.45.1.113:58588) connected
﻿19:11:04 : Player #12 Beastiboy - GUID: 936a425caa1da69d4565676ad370e0d0 (unverified)
﻿19:11:05 : Verified GUID (936a425caa1da69d4565676ad370e0d0) of player #12 Beastiboy
﻿19:11:05 : Player #12 Beastiboy - Legacy GUID: b4c68b307db036e1593c0b08e81d467e
﻿19:11:26 : RCon admin #0 (109.145.123.124:62092) logged in
﻿19:11:46 : RCon admin #3 (85.165.152.237:49472) logged in
﻿19:12:57 : RCon admin #1 (85.165.152.237:60155) logged in
﻿19:13:56 : RCon admin #4: (Global) Vehicles left in trader zones at restarts will be moved to the vehicle pound and unlocked
﻿19:17:26 : Player #13 B0NG0_JESUS (93.175.65.201:5302) connected
﻿19:17:27 : Player #13 B0NG0_JESUS - GUID: 58c1e310a1b9c7dd19e621f6effc5f20 (unverified)
﻿19:17:28 : Verified GUID (58c1e310a1b9c7dd19e621f6effc5f20) of player #13 B0NG0_JESUS
﻿19:17:28 : Player #13 B0NG0_JESUS - Owner GUID: 765f5c75b6b53e09dd84d36d9bc738dc
﻿19:17:28 : Player #13 B0NG0_JESUS - Legacy GUID: 7f9858d308a5ff30fd96822b3ad684a4
﻿19:18:06 : Player #14 Arcion (31.41.27.21:5302) connected
﻿19:18:07 : Player #14 Arcion - GUID: 54a60f5cf5a24daa44eaac259bb36662 (unverified)
﻿19:18:08 : Player #14 Arcion - Legacy GUID: 7a248e96c4f177a5c1a8d5e88d4a04d3
﻿19:18:08 : Verified GUID (54a60f5cf5a24daa44eaac259bb36662) of player #14 Arcion
﻿19:24:56 : RCon admin #4: (Global) Admins: LWB, Sierra and Turmoil
﻿19:26:20 : RCon admin #3 (109.145.123.124:54405) logged in
﻿19:26:55 : Player #2 andi disconnected
﻿19:29:51 : Player #2 Duncan Idaho (84.124.218.48:5302) connected
﻿19:29:53 : Player #2 Duncan Idaho - GUID: dc8ed6b7e173ba31da2f2479fc3081ff (unverified)
﻿19:29:53 : Player #2 Duncan Idaho - Legacy GUID: 9e3302b176d763ed4ed288aecf1361a6
﻿19:29:53 : Verified GUID (dc8ed6b7e173ba31da2f2479fc3081ff) of player #2 Duncan Idaho
﻿19:32:27 : Player #15 Jonny (81.190.177.226:5302) connected
﻿19:32:29 : Player #15 Jonny - GUID: cf530f3a2282faeac843f65e01faf21a (unverified)
﻿19:32:30 : Verified GUID (cf530f3a2282faeac843f65e01faf21a) of player #15 Jonny
﻿19:32:31 : Player #15 Jonny - Legacy GUID: 730b297b23b59f678fb85354d0e956e9
﻿19:32:42 : Player #16 czowiek (81.190.174.141:5302) connected
﻿19:32:44 : Player #16 czowiek - GUID: ce1bdf7ec88e825c87c206ed12c9b26c (unverified)
﻿19:32:44 : Verified GUID (ce1bdf7ec88e825c87c206ed12c9b26c) of player #16 czowiek
﻿19:32:44 : Player #16 czowiek - Legacy GUID: ce94cb431741c36262e9f4d7e5fafaf3
﻿19:33:47 : RCon admin #0 (109.145.123.124:56938) logged in
﻿19:36:33 : Player #16 czowiek disconnected
﻿19:37:50 : Player #16 Agressor11Rus (176.112.60.176:5302) connected
﻿19:37:52 : Player #16 Agressor11Rus - GUID: 9408edee237ef301b0a1be06396cc32a (unverified)
﻿19:37:52 : Verified GUID (9408edee237ef301b0a1be06396cc32a) of player #16 Agressor11Rus
﻿19:37:52 : Player #16 Agressor11Rus - Legacy GUID: aef7ff7bcaf1fd9b41679b3778eb870d
﻿19:37:54 : Player #16 Agressor11Rus disconnected
﻿19:38:56 : RCon admin #4: (Global) BASES MUST BE MAINTAINED VIA THE PLOT POLE EVERY 7 DAYS!!
﻿19:42:17 : Player #15 Jonny disconnected
﻿19:43:56 : RCon admin #4: (Global) Vehicles left in trader zones at restarts will be moved to the vehicle pound and unlocked
﻿19:50:04 : Player #6 Mr. Lizard disconnected
﻿19:50:38 : Player #11 Jamie disconnected
﻿19:52:42 : Player #2 Duncan Idaho disconnected
﻿19:54:56 : RCon admin #4: (Global) Admins: LWB, Sierra and Turmoil
﻿19:58:08 : Player #2 HentaiChan (95.26.1.59:5302) connected
﻿19:58:09 : Player #2 HentaiChan - GUID: 6490a28fe7d32eda28f7de44ff99e39a (unverified)
﻿19:58:10 : Verified GUID (6490a28fe7d32eda28f7de44ff99e39a) of player #2 HentaiChan
﻿19:58:10 : Player #2 HentaiChan - Legacy GUID: d589eb66a24ef76c22ae258da3cc9e2d
﻿20:02:47 : Player #6 VertDider (185.16.28.94:5302) connected
﻿20:02:49 : Player #6 VertDider - GUID: b9a3fbbc38891c72d9ce18890c2c1a09 (unverified)
﻿20:02:49 : Player #6 VertDider - Legacy GUID: 61f1481e58ca9d1601d90add4d9a4f34
﻿20:02:50 : Verified GUID (b9a3fbbc38891c72d9ce18890c2c1a09) of player #6 VertDider
﻿20:07:27 : Player #4 marshal disconnected
﻿20:07:35 : Player #10 Bock disconnected
﻿20:08:31 : Player #4 marshal (5.105.93.103:5302) connected
﻿20:08:33 : Player #4 marshal - GUID: 8f8f5cc1e74f338f2e92044a73a3b6c0 (unverified)
﻿20:08:33 : Player #4 marshal - Legacy GUID: effe0f34494524a34c0e3f069b68213f
﻿20:08:33 : Verified GUID (8f8f5cc1e74f338f2e92044a73a3b6c0) of player #4 marshal
﻿20:08:56 : RCon admin #4: (Global) BASES MUST BE MAINTAINED VIA THE PLOT POLE EVERY 7 DAYS!!
﻿20:09:46 : Player #10 Soln1shko (37.204.250.195:5302) connected
﻿20:09:47 : Player #10 Soln1shko - GUID: e26e360ef7f398644a10b80a8f8d3b23 (unverified)
﻿20:09:48 : Verified GUID (e26e360ef7f398644a10b80a8f8d3b23) of player #10 Soln1shko
﻿20:09:48 : Player #10 Soln1shko - Legacy GUID: 888e8a095e15e4f15f3702069e205fe5
﻿20:11:34 : Player #4 marshal disconnected
﻿20:11:38 : Player #0 GreenJesus disconnected
﻿20:12:39 : Player #0 marshal (5.105.93.103:5302) connected
﻿20:12:40 : Player #0 marshal - GUID: 8f8f5cc1e74f338f2e92044a73a3b6c0 (unverified)
﻿20:12:41 : Verified GUID (8f8f5cc1e74f338f2e92044a73a3b6c0) of player #0 marshal
﻿20:12:41 : Player #0 marshal - Legacy GUID: effe0f34494524a34c0e3f069b68213f
﻿20:13:55 : RCon admin #4: (Global) Vehicles left in trader zones at restarts will be moved to the vehicle pound and unlocked
﻿20:14:39 : Player #4 BaFman (185.8.126.239:9912) connected
﻿20:14:43 : Player #4 BaFman - GUID: fd67af5e2e32cdb96ca0ed1d777ad001 (unverified)
﻿20:14:44 : Verified GUID (fd67af5e2e32cdb96ca0ed1d777ad001) of player #4 BaFman
﻿20:14:46 : Player #4 BaFman - Legacy GUID: fb0f1512403f619f689355302f9e1a1a
﻿20:16:31 : Player #4 BaFman disconnected
﻿20:17:16 : Player #4 BaFman (185.8.126.239:9912) connected
﻿20:17:19 : Player #4 BaFman - GUID: fd67af5e2e32cdb96ca0ed1d777ad001 (unverified)
﻿20:17:19 : Verified GUID (fd67af5e2e32cdb96ca0ed1d777ad001) of player #4 BaFman
﻿20:17:21 : Player #4 BaFman - Legacy GUID: fb0f1512403f619f689355302f9e1a1a
﻿20:17:23 : Player #11 CleanBeast (176.198.92.161:5302) connected
﻿20:17:24 : Player #11 CleanBeast - GUID: 36f290ec836732ac67c852ddcd11266e (unverified)
﻿20:17:25 : Player #11 CleanBeast - Legacy GUID: 6ee70800bb87d787b73d906b0b2dcd4b
﻿20:17:25 : Verified GUID (36f290ec836732ac67c852ddcd11266e) of player #11 CleanBeast
﻿20:19:56 : RCon admin #4: (Global) Server will restart in 10 minutes
﻿20:20:18 : Player #7 vortex disconnected
﻿20:21:20 : Player #14 Arcion disconnected
﻿20:22:35 : Player #7 nahdi (197.0.191.221:3335) connected
﻿20:22:36 : Player #7 nahdi - GUID: b55e186153d16b2bfbcfae7c7bc94210 (unverified)
﻿20:22:37 : Verified GUID (b55e186153d16b2bfbcfae7c7bc94210) of player #7 nahdi
﻿20:22:37 : Player #7 nahdi - Legacy GUID: 0529c5fb6671e3a8decaf9697f4fefd9
﻿20:22:38 : Player #7 nahdi disconnected
﻿20:22:50 : Player #13 B0NG0_JESUS disconnected
﻿20:24:18 : Player #3 ded disconnected
﻿20:24:39 : RCon admin #2 (109.145.123.124:63180) logged in
﻿20:24:56 : RCon admin #4: (Global) Admins: LWB, Sierra and Turmoil
﻿20:24:56 : RCon admin #4: (Global) Server will restart in 5 minutes: Prepare to Logout
﻿20:25:32 : Player #3 Tariko (87.219.31.116:5302) connected
﻿20:25:33 : Player #3 Tariko - GUID: 0e1b7cef9785f1de964c483b5cb2804e (unverified)
﻿20:25:34 : Verified GUID (0e1b7cef9785f1de964c483b5cb2804e) of player #3 Tariko
﻿20:25:34 : Player #3 Tariko - Legacy GUID: 2f065e0e4b95230e2b6b6c1e7306f34f
﻿20:26:29 : Player #4 BaFman (fd67af5e2e32cdb96ca0ed1d777ad001) has been kicked by BattlEye: Client not responding
﻿20:26:37 : Player #1 [eXp] RafcioZG disconnected
﻿20:26:40 : Player #5 [eXp] CziQita disconnected
﻿20:26:42 : Player #9 Raxermus disconnected
﻿20:26:45 : Player #10 Soln1shko disconnected
﻿20:27:27 : Player #12 Beastiboy disconnected
﻿20:27:39 : Player #8 BadComedian disconnected
﻿20:27:55 : RCon admin #4: (Global) The Server is about to restart. LOG OUT NOW OR YOUR GEAR MAY BE LOST!!
﻿20:29:25 : RCon admin #4: (Global) YOU SHOULD BE LOGGED OUT BY NOW! IF YOU ARENT YOU WILL BE AUTO KICKED AND YOUR GEAR MAY BE LOST! NO REFUNDS!
﻿20:29:55 : Player #3 Tariko disconnected
﻿20:30:29 : Rcon client logging in
﻿20:30:29 : RCon admin #3 (78.31.67.100:53864) logged in
﻿20:30:30 : Verified GUID (936a425caa1da69d4565676ad370e0d0) of player #0 Beastiboy
﻿20:30:31 : Player #0 Beastiboy - Legacy GUID: b4c68b307db036e1593c0b08e81d467e
﻿20:31:04 : Player #1 HentaiChan (95.26.1.59:5302) connected
﻿20:31:05 : Player #1 HentaiChan - GUID: 6490a28fe7d32eda28f7de44ff99e39a (unverified)
﻿20:31:05 : Verified GUID (6490a28fe7d32eda28f7de44ff99e39a) of player #1 HentaiChan
﻿20:31:06 : Player #1 HentaiChan - Legacy GUID: d589eb66a24ef76c22ae258da3cc9e2d
﻿20:31:14 : Player #2 VertDider (185.16.28.94:5302) connected
﻿20:31:15 : Player #2 VertDider - GUID: b9a3fbbc38891c72d9ce18890c2c1a09 (unverified)
﻿20:31:16 : Verified GUID (b9a3fbbc38891c72d9ce18890c2c1a09) of player #2 VertDider
﻿20:31:16 : Player #2 VertDider - Legacy GUID: 61f1481e58ca9d1601d90add4d9a4f34
﻿20:31:49 : Player #3 BaFman (185.8.126.239:22866) connected
﻿20:31:50 : Player #3 BaFman - GUID: fd67af5e2e32cdb96ca0ed1d777ad001 (unverified)
﻿20:31:50 : Verified GUID (fd67af5e2e32cdb96ca0ed1d777ad001) of player #3 BaFman
﻿20:31:51 : Player #3 BaFman - Legacy GUID: fb0f1512403f619f689355302f9e1a1a
﻿20:32:03 : Player #4 Soln1shko (37.204.250.195:5302) connected
﻿20:32:04 : Player #4 Soln1shko - GUID: e26e360ef7f398644a10b80a8f8d3b23 (unverified)
﻿20:32:04 : Verified GUID (e26e360ef7f398644a10b80a8f8d3b23) of player #4 Soln1shko
﻿20:32:05 : Player #4 Soln1shko - Legacy GUID: 888e8a095e15e4f15f3702069e205fe5
﻿20:32:08 : Player #5 marshal (5.105.93.103:5302) connected
﻿20:32:09 : Player #5 marshal - GUID: 8f8f5cc1e74f338f2e92044a73a3b6c0 (unverified)
﻿20:32:09 : Verified GUID (8f8f5cc1e74f338f2e92044a73a3b6c0) of player #5 marshal
﻿20:32:10 : Player #5 marshal - Legacy GUID: effe0f34494524a34c0e3f069b68213f
﻿20:32:21 : Player #6 CleanBeast (176.198.92.161:5302) connected
﻿20:32:22 : Player #6 CleanBeast - GUID: 36f290ec836732ac67c852ddcd11266e (unverified)
﻿20:32:22 : Verified GUID (36f290ec836732ac67c852ddcd11266e) of player #6 CleanBeast
﻿20:32:23 : Player #6 CleanBeast - Legacy GUID: 6ee70800bb87d787b73d906b0b2dcd4b
﻿20:32:46 : Player #7 Arcion (31.41.27.21:5302) connected
﻿20:32:47 : Player #7 Arcion - GUID: 54a60f5cf5a24daa44eaac259bb36662 (unverified)
﻿20:32:47 : Verified GUID (54a60f5cf5a24daa44eaac259bb36662) of player #7 Arcion
﻿20:32:48 : Player #7 Arcion - Legacy GUID: 7a248e96c4f177a5c1a8d5e88d4a04d3
﻿20:34:36 : Player #8 B0NG0_JESUS (93.175.65.201:5302) connected
﻿20:34:38 : Player #8 B0NG0_JESUS - GUID: 58c1e310a1b9c7dd19e621f6effc5f20 (unverified)
﻿20:34:38 : Verified GUID (58c1e310a1b9c7dd19e621f6effc5f20) of player #8 B0NG0_JESUS
﻿20:34:38 : Player #8 B0NG0_JESUS - Owner GUID: 765f5c75b6b53e09dd84d36d9bc738dc
﻿20:34:39 : Player #8 B0NG0_JESUS - Legacy GUID: 7f9858d308a5ff30fd96822b3ad684a4
﻿20:36:01 : Player #9 BadComedian (109.110.66.112:5302) connected
﻿20:36:03 : Player #9 BadComedian - GUID: 0e8ad19b563623e4bca1d34d30929edc (unverified)
﻿20:36:03 : Player #9 BadComedian - Legacy GUID: 3c09f089daabae1a2d1c23ca13a82464
﻿20:36:04 : Verified GUID (0e8ad19b563623e4bca1d34d30929edc) of player #9 BadComedian
﻿20:39:24 : Player #10 vortex (37.201.4.149:33260) connected
﻿20:39:26 : Player #10 vortex - GUID: eec0e0341aeccaf75944774298831d44 (unverified)
﻿20:39:26 : Verified GUID (eec0e0341aeccaf75944774298831d44) of player #10 vortex
﻿20:39:26 : Player #10 vortex - Legacy GUID: 87e47e9d53fda1bbcc84467b6163c55e
﻿20:39:29 : Player #11 [eXp] RafcioZG (89.67.63.218:5302) connected
﻿20:39:30 : Player #11 [eXp] RafcioZG - GUID: 02ed733403835a8a8517265415d84023 (unverified)
﻿20:39:30 : Verified GUID (02ed733403835a8a8517265415d84023) of player #11 [eXp] RafcioZG
﻿20:39:31 : Player #11 [eXp] RafcioZG - Legacy GUID: c9c653dd820194488bd099e2b5e7f454
﻿20:39:52 : Player #11 [eXp] RafcioZG disconnected
﻿20:41:01 : Player #11 HARDCORE (5.139.160.83:5302) connected
﻿20:41:01 : Player #3 BaFman (fd67af5e2e32cdb96ca0ed1d777ad001) has been kicked by BattlEye: Client not responding
﻿20:41:02 : Player #11 HARDCORE - GUID: fc49669f903000f656cd8579ff3fdbd9 (unverified)
﻿20:41:03 : Player #11 HARDCORE - Legacy GUID: b28b7ef654a43f9e64dd058f744a1a09
﻿20:41:03 : Verified GUID (fc49669f903000f656cd8579ff3fdbd9) of player #11 HARDCORE
﻿20:41:20 : Player #3 [eXp] RafcioZG (89.67.63.218:5302) connected
﻿20:41:22 : Player #3 [eXp] RafcioZG - GUID: 02ed733403835a8a8517265415d84023 (unverified)
﻿20:41:22 : Verified GUID (02ed733403835a8a8517265415d84023) of player #3 [eXp] RafcioZG
﻿20:41:23 : Player #3 [eXp] RafcioZG - Legacy GUID: c9c653dd820194488bd099e2b5e7f454
﻿20:42:21 : Player #12 evoz (128.70.159.163:5302) connected
﻿20:42:23 : Player #12 evoz - GUID: 415c2bee6d068cb33dc4dec255e900b4 (unverified)
﻿20:42:23 : Player #12 evoz - Legacy GUID: 729524a6ce185fadb9ea07786b219455
﻿20:42:23 : Verified GUID (415c2bee6d068cb33dc4dec255e900b4) of player #12 evoz
﻿20:43:00 : Player #13 GameTime (128.70.158.182:2404) connected
﻿20:43:02 : Player #13 GameTime - GUID: e960112145b73709e8f1ca8b6795ae16 (unverified)
﻿20:43:02 : Verified GUID (e960112145b73709e8f1ca8b6795ae16) of player #13 GameTime
﻿20:43:02 : Player #13 GameTime - Legacy GUID: f7bcb7e85e198872912ab916d9501a92
﻿20:44:29 : RCon admin #3: (Global) Vehicles left in trader zones at restarts will be moved to the vehicle pound and unlocked
﻿20:45:27 : Player #14 Not-Salty-Snake (80.6.249.6:2304) connected
﻿20:45:28 : Player #14 Not-Salty-Snake - GUID: 61c6f2d3e88863d3a7a2ce4d91aff616 (unverified)
﻿20:45:29 : Verified GUID (61c6f2d3e88863d3a7a2ce4d91aff616) of player #14 Not-Salty-Snake
﻿20:45:29 : Player #14 Not-Salty-Snake - Legacy GUID: 8584aac50074405173bbefe3ee015ce7
﻿20:45:30 : Player #14 Not-Salty-Snake disconnected
﻿20:46:15 : Player #14 BaFman (185.8.126.242:10480) connected
﻿20:46:17 : Player #14 BaFman - GUID: fd67af5e2e32cdb96ca0ed1d777ad001 (unverified)
﻿20:46:17 : Player #14 BaFman - Legacy GUID: fb0f1512403f619f689355302f9e1a1a
﻿20:46:17 : Verified GUID (fd67af5e2e32cdb96ca0ed1d777ad001) of player #14 BaFman
﻿20:53:50 : Player #15 [eXp] CziQita (85.202.152.128:5302) connected
﻿20:53:51 : Player #15 [eXp] CziQita - GUID: 032d6e70df3d067624c52f7be2b9f7a4 (unverified)
﻿20:53:51 : Verified GUID (032d6e70df3d067624c52f7be2b9f7a4) of player #15 [eXp] CziQita
﻿20:53:52 : Player #15 [eXp] CziQita - Legacy GUID: 5fe66ce3f47a21b2db2c180c820374dd
﻿20:55:30 : RCon admin #3: (Global) Admins: LWB, Sierra and Turmoil
﻿21:00:40 : Player #16 NovaX (95.107.75.148:20440) connected
﻿21:00:43 : Player #16 NovaX - GUID: efa48b822259c39ec1168d5c9c0a49db (unverified)
﻿21:00:43 : Verified GUID (efa48b822259c39ec1168d5c9c0a49db) of player #16 NovaX
﻿21:00:44 : Player #16 NovaX - Legacy GUID: 02ba3ee77964fa0713170767d5917a2a
﻿21:05:19 : Player #16 NovaX disconnected
﻿21:09:30 : RCon admin #3: (Global) BASES MUST BE MAINTAINED VIA THE PLOT POLE EVERY 7 DAYS!!
﻿21:11:27 : Player #16 Xyi (109.252.130.50:5302) connected
﻿21:11:28 : Player #16 Xyi - GUID: cc40e70762999613f83c1131a8e0d357 (unverified)
﻿21:11:29 : Verified GUID (cc40e70762999613f83c1131a8e0d357) of player #16 Xyi
﻿21:11:29 : Player #16 Xyi - Legacy GUID: b57899e642d975b05d09c28b2574325a
﻿21:14:30 : RCon admin #3: (Global) Vehicles left in trader zones at restarts will be moved to the vehicle pound and unlocked
﻿21:15:08 : Player #17 Luke (73.4.190.95:5302) connected
﻿21:15:10 : Player #17 Luke - Legacy GUID: df4c00ac07126b4668f018ae6af3fbb3
﻿21:15:11 : Player #17 Luke - GUID: e1edfdab07cb6a3f4bd2b6fd4aa1b1b6 (unverified)
﻿21:15:11 : Verified GUID (e1edfdab07cb6a3f4bd2b6fd4aa1b1b6) of player #17 Luke
﻿21:17:09 : Player #18 Misha (158.255.174.144:5302) connected
﻿21:17:10 : Player #18 Misha - GUID: c7a580fe5a8f0588d9188255f645a983 (unverified)
﻿21:17:11 : Verified GUID (c7a580fe5a8f0588d9188255f645a983) of player #18 Misha
﻿21:17:11 : Player #18 Misha - Legacy GUID: 47b156f5811017af477e33b322ed2c7b
﻿21:21:45 : Player #17 Luke (e1edfdab07cb6a3f4bd2b6fd4aa1b1b6) has been kicked by BattlEye: Client not responding
﻿21:24:15 : Player #6 CleanBeast disconnected
﻿21:25:30 : RCon admin #3: (Global) Admins: LWB, Sierra and Turmoil
﻿21:33:45 : Player #7 Arcion disconnected
﻿21:36:57 : Player #6 Havabanga (109.86.107.249:5302) connected
﻿21:36:59 : Player #6 Havabanga - GUID: d572c422f2c5f5b3344cb238dea0201c (unverified)
﻿21:36:59 : Verified GUID (d572c422f2c5f5b3344cb238dea0201c) of player #6 Havabanga
﻿21:37:00 : Player #6 Havabanga - Legacy GUID: f1a37b7134cd09a9c6d47c4d870e2f67
﻿21:37:44 : Player #7 MoPiJIkA (109.86.107.249:1024) connected
﻿21:37:45 : Player #7 MoPiJIkA - GUID: ece6e40088ac657f7310ff9c71e8e5ff (unverified)
﻿21:37:46 : Player #7 MoPiJIkA - Legacy GUID: 562cebc6ce7e2521437c69e2fe8a504c
﻿21:37:46 : Verified GUID (ece6e40088ac657f7310ff9c71e8e5ff) of player #7 MoPiJIkA
﻿21:39:30 : RCon admin #3: (Global) BASES MUST BE MAINTAINED VIA THE PLOT POLE EVERY 7 DAYS!!
﻿21:42:41 : Player #17 [eXp] Gruby (217.99.77.145:5302) connected
﻿21:42:42 : Player #17 [eXp] Gruby - GUID: 7f82c53f48899ff2fd5b9489f8d17fb8 (unverified)
﻿21:42:43 : Verified GUID (7f82c53f48899ff2fd5b9489f8d17fb8) of player #17 [eXp] Gruby
﻿21:42:43 : Player #17 [eXp] Gruby - Legacy GUID: 61f8d59b40d145e9e0934b15ea495703
﻿21:44:30 : RCon admin #3: (Global) Vehicles left in trader zones at restarts will be moved to the vehicle pound and unlocked
﻿21:45:54 : Player #12 evoz disconnected
﻿21:46:31 : Player #11 HARDCORE disconnected
﻿21:46:56 : Player #13 GameTime disconnected
﻿21:47:52 : Player #11 Jax (109.86.107.249:1025) connected
﻿21:47:53 : Player #11 Jax - GUID: 84bee7310c50e98d236a2952902fb2f8 (unverified)
﻿21:47:53 : Verified GUID (84bee7310c50e98d236a2952902fb2f8) of player #11 Jax
﻿21:47:54 : Player #11 Jax - Legacy GUID: 012fd47e57492c12bf6db993c3fd12df
﻿21:47:59 : Player #12 Turmoil (85.165.152.237:2304) connected
﻿21:48:00 : Player #12 Turmoil - GUID: 078d3175e22fad797d9a152aaaa83806 (unverified)
﻿21:48:01 : Player #12 Turmoil - Legacy GUID: 153330a3c1eb9ccf7092e322ab07ebb0
﻿21:48:01 : Verified GUID (078d3175e22fad797d9a152aaaa83806) of player #12 Turmoil
﻿21:48:16 : Player #13 Buk Lau (72.71.136.68:5302) connected
﻿21:48:18 : Player #13 Buk Lau - GUID: f0549bf0121c1c8168a09923585a5eb4 (unverified)
﻿21:48:19 : Player #13 Buk Lau - Legacy GUID: 60bd3373a356fe041515b7b38832e2a8
﻿21:48:19 : Verified GUID (f0549bf0121c1c8168a09923585a5eb4) of player #13 Buk Lau
﻿21:53:04 : Player #19 neckutterNKZ (136.32.70.211:5302) connected
﻿21:53:05 : Player #19 neckutterNKZ - GUID: ec03a20d92c024de9f6abe3ca6cbf334 (unverified)
﻿21:53:06 : Player #19 neckutterNKZ - Legacy GUID: 137cfc4d7dd4f90229c52a86d0d8eb2e
﻿21:53:06 : Verified GUID (ec03a20d92c024de9f6abe3ca6cbf334) of player #19 neckutterNKZ
﻿21:55:30 : RCon admin #3: (Global) Admins: LWB, Sierra and Turmoil
﻿21:56:33 : RCon admin #4 (109.145.123.124:64372) logged in
﻿21:57:12 : Player #17 [eXp] Gruby (7f82c53f48899ff2fd5b9489f8d17fb8) has been kicked by BattlEye: Client not responding
﻿22:01:36 : Player #17 [eXp] Gruby (217.99.77.145:1025) connected
﻿22:01:41 : Player #17 [eXp] Gruby - GUID: 7f82c53f48899ff2fd5b9489f8d17fb8 (unverified)
﻿22:01:42 : Verified GUID (7f82c53f48899ff2fd5b9489f8d17fb8) of player #17 [eXp] Gruby
﻿22:01:43 : Player #17 [eXp] Gruby - Legacy GUID: 61f8d59b40d145e9e0934b15ea495703
﻿22:04:41 : Player #5 marshal disconnected
﻿22:05:42 : Player #5 Arcion (31.41.27.21:5302) connected
﻿22:05:43 : Player #5 Arcion - GUID: 54a60f5cf5a24daa44eaac259bb36662 (unverified)
﻿22:05:44 : Verified GUID (54a60f5cf5a24daa44eaac259bb36662) of player #5 Arcion
﻿22:05:44 : Player #5 Arcion - Legacy GUID: 7a248e96c4f177a5c1a8d5e88d4a04d3
﻿22:06:27 : Player #0 Beastiboy (936a425caa1da69d4565676ad370e0d0) has been kicked by BattlEye: Client not responding
﻿22:07:25 : Player #10 vortex disconnected
﻿22:07:27 : Player #18 Misha disconnected
﻿22:07:47 : Player #16 Xyi disconnected
﻿22:08:24 : Player #0 Beastiboy (109.45.1.113:48077) connected
﻿22:08:25 : Player #0 Beastiboy - GUID: 936a425caa1da69d4565676ad370e0d0 (unverified)
﻿22:08:26 : Player #0 Beastiboy - Legacy GUID: b4c68b307db036e1593c0b08e81d467e
﻿22:08:26 : Verified GUID (936a425caa1da69d4565676ad370e0d0) of player #0 Beastiboy
﻿22:09:30 : RCon admin #3: (Global) BASES MUST BE MAINTAINED VIA THE PLOT POLE EVERY 7 DAYS!!
﻿22:12:30 : Player #19 neckutterNKZ disconnected
﻿22:14:30 : RCon admin #3: (Global) Vehicles left in trader zones at restarts will be moved to the vehicle pound and unlocked
﻿22:17:11 : Player #13 Buk Lau disconnected
﻿22:18:20 : Player #0 Beastiboy (936a425caa1da69d4565676ad370e0d0) has been kicked by BattlEye: Client not responding
﻿22:18:50 : Player #0 Collin (8.42.226.20:5302) connected
﻿22:19:00 : Player #0 Collin - GUID: 784fd49f7059430f8b01bbf2eaacdbb2 (unverified)
﻿22:19:00 : Player #0 Collin - Legacy GUID: afc19a0857d8d96001c83cf784fccbad
﻿22:19:01 : Verified GUID (784fd49f7059430f8b01bbf2eaacdbb2) of player #0 Collin
﻿22:23:04 : Player #10 Beastiboy (109.45.1.113:35790) connected
﻿22:23:05 : Player #10 Beastiboy - GUID: 936a425caa1da69d4565676ad370e0d0 (unverified)
﻿22:23:05 : Verified GUID (936a425caa1da69d4565676ad370e0d0) of player #10 Beastiboy
﻿22:23:06 : Player #10 Beastiboy - Legacy GUID: b4c68b307db036e1593c0b08e81d467e
﻿22:23:17 : Player #13 Alfie412 [BA] (109.155.139.241:2304) connected
﻿22:23:20 : Player #13 Alfie412 [BA] - GUID: 08cb1eba6727e2f6d7d599541e245bfa (unverified)
﻿22:23:21 : Verified GUID (08cb1eba6727e2f6d7d599541e245bfa) of player #13 Alfie412 [BA]
﻿22:23:21 : Player #13 Alfie412 [BA] - Legacy GUID: c1462f6fe9162b3ebff76d512331e669
﻿22:23:38 : Player #16 Rameses II [BA] (86.182.228.94:2304) connected
﻿22:23:40 : Player #16 Rameses II [BA] - GUID: d5254aa341e7eacaf4f69a12641e30a0 (unverified)
﻿22:23:40 : Player #16 Rameses II [BA] - Legacy GUID: 43c85f953324e7becfb3b05f78bb3ac5
﻿22:23:41 : Verified GUID (d5254aa341e7eacaf4f69a12641e30a0) of player #16 Rameses II [BA]
﻿22:25:03 : Player #18 Redlycanthrope [BA] (62.31.142.40:5302) connected
﻿22:25:04 : Player #18 Redlycanthrope [BA] - GUID: 549642e7577c8ef44e62db2411ae2944 (unverified)
﻿22:25:04 : Verified GUID (549642e7577c8ef44e62db2411ae2944) of player #18 Redlycanthrope [BA]
﻿22:25:05 : Player #18 Redlycanthrope [BA] - Legacy GUID: bdd7b7ff2aa1f5479aff11c07c750434
﻿22:25:26 : RCon admin #1 (109.145.123.124:49310) logged in
﻿22:25:30 : RCon admin #3: (Global) Admins: LWB, Sierra and Turmoil
﻿22:26:56 : Player #19 Phinkies (74.215.60.46:5302) connected
﻿22:26:57 : Player #19 Phinkies - GUID: 7c5d543e91e36f7c272702f94474868a (unverified)
﻿22:26:58 : Verified GUID (7c5d543e91e36f7c272702f94474868a) of player #19 Phinkies
﻿22:26:58 : Player #19 Phinkies - Legacy GUID: 35910238330039de43849ae540068551
﻿22:27:59 : Player #12 Turmoil disconnected
﻿22:28:36 : Player #12 GreenJesus (188.179.204.146:5302) connected
﻿22:28:38 : Player #12 GreenJesus - GUID: 667494dcd1ebe8d89d398d5c5c4fad61 (unverified)
﻿22:28:39 : Verified GUID (667494dcd1ebe8d89d398d5c5c4fad61) of player #12 GreenJesus
﻿22:28:40 : Player #12 GreenJesus - Legacy GUID: a7b1e0ee19a1b4c0462ccd6ff521b6c4
﻿22:29:13 : Player #20 Bock (89.239.243.136:28276) connected
﻿22:29:14 : Player #20 Bock - GUID: 7db662f5bfbf2195f8e715ab674cf2d4 (unverified)
﻿22:29:15 : Verified GUID (7db662f5bfbf2195f8e715ab674cf2d4) of player #20 Bock
﻿22:29:15 : Player #20 Bock - Legacy GUID: 888629fc20a0d3426fd9445c55012ad5
﻿22:29:26 : Player #21 Xemyl (89.67.53.74:2304) connected
﻿22:29:27 : Player #21 Xemyl - GUID: ba70fe4e5a62b8bcc8d60a69a94709e4 (unverified)
﻿22:29:28 : Player #21 Xemyl - Legacy GUID: 97595c0c59dc0f84934b65d62bad3514
﻿22:29:28 : Verified GUID (ba70fe4e5a62b8bcc8d60a69a94709e4) of player #21 Xemyl
﻿22:29:29 : Player #21 Xemyl disconnected
﻿22:38:19 : Player #15 [eXp] CziQita disconnected
﻿22:39:11 : Player #15 Silas Lintrup (5.103.150.81:5302) connected
﻿22:39:12 : Player #15 Silas Lintrup - GUID: 6a5a58a087d97e43cf7389d6d5499074 (unverified)
﻿22:39:13 : Verified GUID (6a5a58a087d97e43cf7389d6d5499074) of player #15 Silas Lintrup
﻿22:39:13 : Player #15 Silas Lintrup - Legacy GUID: 6db3e7a4197f39e9c641128871fa093d
﻿22:39:27 : Player #3 [eXp] RafcioZG disconnected
﻿22:39:30 : RCon admin #3: (Global) BASES MUST BE MAINTAINED VIA THE PLOT POLE EVERY 7 DAYS!!
﻿22:39:54 : Player #17 [eXp] Gruby disconnected
﻿22:44:29 : RCon admin #3: (Global) Vehicles left in trader zones at restarts will be moved to the vehicle pound and unlocked
﻿22:46:48 : Player #5 Arcion (54a60f5cf5a24daa44eaac259bb36662) has been kicked by BattlEye: Client not responding
﻿22:47:21 : Player #19 Phinkies disconnected
﻿22:47:38 : Player #3 Arcion (31.41.27.21:5302) connected
﻿22:47:39 : Player #3 Arcion - GUID: 54a60f5cf5a24daa44eaac259bb36662 (unverified)
﻿22:47:40 : Verified GUID (54a60f5cf5a24daa44eaac259bb36662) of player #3 Arcion
﻿22:47:40 : Player #3 Arcion - Legacy GUID: 7a248e96c4f177a5c1a8d5e88d4a04d3
﻿22:47:54 : Player #16 Rameses II [BA] disconnected
﻿22:50:30 : RCon admin #3: (Global) Server will restart in 10 minutes
﻿22:51:53 : Player #5 Rameses II [BA] (86.182.228.94:2304) connected
﻿22:51:54 : Player #5 Rameses II [BA] - GUID: 188a760e91be465fc2407accc8fc78bd (unverified)
﻿22:51:55 : Player #5 Rameses II [BA] - Legacy GUID: 02f03a531022a3fa2468eec03c3224e9
﻿22:51:55 : Verified GUID (188a760e91be465fc2407accc8fc78bd) of player #5 Rameses II [BA]
﻿22:54:33 : Player #9 BadComedian disconnected
﻿22:55:19 : Player #8 B0NG0_JESUS disconnected
﻿22:55:20 : Player #2 VertDider disconnected
﻿22:55:30 : RCon admin #3: (Global) Admins: LWB, Sierra and Turmoil
﻿22:55:30 : RCon admin #3: (Global) Server will restart in 5 minutes: Prepare to Logout
﻿22:55:58 : Player #13 Alfie412 [BA] disconnected
﻿22:56:12 : Player #20 Bock disconnected
﻿22:56:36 : Player #3 Arcion disconnected
﻿22:56:54 : Player #5 Rameses II [BA] disconnected
﻿22:57:19 : Player #15 Silas Lintrup disconnected
﻿22:58:30 : RCon admin #3: (Global) The Server is about to restart. LOG OUT NOW OR YOUR GEAR MAY BE LOST!!
﻿22:58:47 : Player #18 Redlycanthrope [BA] disconnected
﻿22:58:57 : Player #0 Collin disconnected
﻿22:59:02 : Player #10 Beastiboy disconnected
﻿22:59:10 : Player #14 BaFman disconnected
﻿22:59:20 : Player #4 Soln1shko disconnected
﻿22:59:22 : Player #6 Havabanga disconnected
﻿22:59:32 : Player #1 HentaiChan disconnected
﻿22:59:59 : RCon admin #3: (Global) YOU SHOULD BE LOGGED OUT BY NOW! IF YOU ARENT YOU WILL BE AUTO KICKED AND YOUR GEAR MAY BE LOST! NO REFUNDS!
﻿23:00:10 : Player #7 MoPiJIkA disconnected
﻿23:01:03 : Rcon client logging in
﻿23:01:03 : RCon admin #3 (78.31.67.100:57257) logged in
﻿23:01:31 : Player #0 GreenJesus (188.179.204.146:5302) connected
﻿23:01:32 : Player #0 GreenJesus - GUID: 667494dcd1ebe8d89d398d5c5c4fad61 (unverified)
﻿23:01:33 : Verified GUID (667494dcd1ebe8d89d398d5c5c4fad61) of player #0 GreenJesus
﻿23:01:33 : Player #0 GreenJesus - Legacy GUID: a7b1e0ee19a1b4c0462ccd6ff521b6c4
﻿23:02:04 : Player #1 Beastiboy (109.45.1.113:32664) connected
﻿23:02:05 : Player #1 Beastiboy - GUID: 936a425caa1da69d4565676ad370e0d0 (unverified)
﻿23:02:06 : Verified GUID (936a425caa1da69d4565676ad370e0d0) of player #1 Beastiboy
﻿23:02:07 : Player #1 Beastiboy - Legacy GUID: b4c68b307db036e1593c0b08e81d467e
﻿23:02:50 : Player #2 Redlycanthrope [BA] (62.31.142.40:5302) connected
﻿23:02:51 : Player #2 Redlycanthrope [BA] - GUID: 549642e7577c8ef44e62db2411ae2944 (unverified)
﻿23:02:51 : Verified GUID (549642e7577c8ef44e62db2411ae2944) of player #2 Redlycanthrope [BA]
﻿23:02:52 : Player #2 Redlycanthrope [BA] - Legacy GUID: bdd7b7ff2aa1f5479aff11c07c750434
﻿23:03:09 : Player #3 Collin (8.42.226.20:5302) connected
﻿23:03:10 : Player #3 Collin - GUID: 784fd49f7059430f8b01bbf2eaacdbb2 (unverified)
﻿23:03:10 : Verified GUID (784fd49f7059430f8b01bbf2eaacdbb2) of player #3 Collin
﻿23:03:11 : Player #3 Collin - Legacy GUID: afc19a0857d8d96001c83cf784fccbad
﻿23:03:11 : Player #4 MoPiJIkA (109.86.107.249:5302) connected
﻿23:03:12 : Player #4 MoPiJIkA - GUID: ece6e40088ac657f7310ff9c71e8e5ff (unverified)
﻿23:03:13 : Verified GUID (ece6e40088ac657f7310ff9c71e8e5ff) of player #4 MoPiJIkA
﻿23:03:13 : Player #4 MoPiJIkA - Legacy GUID: 562cebc6ce7e2521437c69e2fe8a504c
﻿23:03:16 : Player #5 Havabanga (109.86.107.249:1026) connected
﻿23:03:17 : Player #5 Havabanga - GUID: d572c422f2c5f5b3344cb238dea0201c (unverified)
﻿23:03:18 : Verified GUID (d572c422f2c5f5b3344cb238dea0201c) of player #5 Havabanga
﻿23:03:18 : Player #5 Havabanga - Legacy GUID: f1a37b7134cd09a9c6d47c4d870e2f67
﻿23:03:41 : RCon admin #4 (109.145.123.124:56001) logged in
﻿23:03:59 : Player #6 Jax (109.86.107.249:1027) connected
﻿23:04:01 : Player #6 Jax - GUID: 84bee7310c50e98d236a2952902fb2f8 (unverified)
﻿23:04:01 : Verified GUID (84bee7310c50e98d236a2952902fb2f8) of player #6 Jax
﻿23:04:02 : Player #6 Jax - Legacy GUID: 012fd47e57492c12bf6db993c3fd12df
﻿23:06:05 : Player #7 Bock (89.239.243.136:28276) connected
﻿23:06:06 : Player #7 Bock - GUID: 7db662f5bfbf2195f8e715ab674cf2d4 (unverified)
﻿23:06:06 : Verified GUID (7db662f5bfbf2195f8e715ab674cf2d4) of player #7 Bock
﻿23:06:07 : Player #7 Bock - Legacy GUID: 888629fc20a0d3426fd9445c55012ad5
﻿23:13:49 : Player #8 Silas Lintrup (5.103.150.81:5302) connected
﻿23:13:50 : Player #8 Silas Lintrup - GUID: 6a5a58a087d97e43cf7389d6d5499074 (unverified)
﻿23:13:51 : Player #8 Silas Lintrup - Legacy GUID: 6db3e7a4197f39e9c641128871fa093d
﻿23:13:51 : Verified GUID (6a5a58a087d97e43cf7389d6d5499074) of player #8 Silas Lintrup
﻿23:15:03 : RCon admin #3: (Global) Vehicles left in trader zones at restarts will be moved to the vehicle pound and unlocked
﻿23:16:41 : Player #9 B0NG0_JESUS (93.175.65.201:5302) connected
﻿23:16:43 : Player #9 B0NG0_JESUS - GUID: 58c1e310a1b9c7dd19e621f6effc5f20 (unverified)
﻿23:16:43 : Player #9 B0NG0_JESUS - Legacy GUID: 7f9858d308a5ff30fd96822b3ad684a4
﻿23:16:43 : Verified GUID (58c1e310a1b9c7dd19e621f6effc5f20) of player #9 B0NG0_JESUS
﻿23:16:43 : Player #9 B0NG0_JESUS - Owner GUID: 765f5c75b6b53e09dd84d36d9bc738dc
﻿23:18:25 : Player #10 Arcion (31.41.27.21:5302) connected
﻿23:18:26 : Player #10 Arcion - GUID: 54a60f5cf5a24daa44eaac259bb36662 (unverified)
﻿23:18:27 : Player #10 Arcion - Legacy GUID: 7a248e96c4f177a5c1a8d5e88d4a04d3
﻿23:18:27 : Verified GUID (54a60f5cf5a24daa44eaac259bb36662) of player #10 Arcion
﻿23:22:12 : RCon admin #0 (109.145.123.124:59533) logged in
﻿23:26:03 : RCon admin #3: (Global) Admins: LWB, Sierra and Turmoil
﻿23:36:32 : Player #11 Logan (73.115.8.72:5302) connected
﻿23:36:34 : Player #11 Logan - GUID: 7cc2110241b5ce35591d9173b1e61952 (unverified)
﻿23:36:35 : Player #11 Logan - Legacy GUID: e0682f93d68055701d001e91e34287ea
﻿23:36:35 : Verified GUID (7cc2110241b5ce35591d9173b1e61952) of player #11 Logan
﻿23:38:11 : Player #12 Rogers (73.180.70.226:5302) connected
﻿23:38:13 : Player #12 Rogers - GUID: 447104bf5fba308eecfd7a792f63cb9b (unverified)
﻿23:38:13 : Verified GUID (447104bf5fba308eecfd7a792f63cb9b) of player #12 Rogers
﻿23:38:13 : Player #12 Rogers - Legacy GUID: 3966ead166fd3fb96b8b73bdd223c645
﻿23:40:03 : RCon admin #3: (Global) BASES MUST BE MAINTAINED VIA THE PLOT POLE EVERY 7 DAYS!!
﻿23:40:18 : Player #2 Redlycanthrope [BA] disconnected
﻿23:42:49 : Player #2 Agent Zed (101.99.182.232:5302) connected
﻿23:42:51 : Player #2 Agent Zed - GUID: 0e73872cdf2034568bf87b322799f456 (unverified)
﻿23:42:52 : Verified GUID (0e73872cdf2034568bf87b322799f456) of player #2 Agent Zed
﻿23:42:53 : Player #2 Agent Zed - Legacy GUID: 20f3ed7e500ee6ff6e2ff9d62bacad24
﻿23:45:03 : RCon admin #3: (Global) Vehicles left in trader zones at restarts will be moved to the vehicle pound and unlocked
﻿23:56:03 : RCon admin #3: (Global) Admins: LWB, Sierra and Turmoil
﻿23:57:08 : Player #5 Havabanga disconnected
