00:02:45 : RCon admin #5: (Global) Admins: LWB, Sierra and Turmoil
﻿00:16:45 : RCon admin #5: (Global) BASES MUST BE MAINTAINED VIA THE PLOT POLE EVERY 7 DAYS!!
﻿00:21:45 : RCon admin #5: (Global) Vehicles left in trader zones at restarts will be moved to the vehicle pound and unlocked
﻿00:32:45 : RCon admin #5: (Global) Admins: LWB, Sierra and Turmoil
﻿00:46:45 : RCon admin #5: (Global) BASES MUST BE MAINTAINED VIA THE PLOT POLE EVERY 7 DAYS!!
﻿00:51:44 : RCon admin #5: (Global) Vehicles left in trader zones at restarts will be moved to the vehicle pound and unlocked
﻿00:55:35 : Player #0 Mafankulo (172.12.114.32:5302) connected
﻿00:55:37 : Player #0 Mafankulo - GUID: 491ce15e14b0b86e38b2b2adae16f19b (unverified)
﻿00:55:37 : Player #0 Mafankulo - Legacy GUID: cbc4a20266f408b422cded6b1923d099
﻿00:55:37 : Verified GUID (491ce15e14b0b86e38b2b2adae16f19b) of player #0 Mafankulo
﻿00:55:44 : Player #0 Mafankulo disconnected
﻿00:56:38 : Player #0 jamie (90.199.173.231:5302) connected
﻿00:56:39 : Player #0 jamie - GUID: 943e35b702e9e3e481f3ab4ddb428016 (unverified)
﻿00:56:40 : Verified GUID (943e35b702e9e3e481f3ab4ddb428016) of player #0 jamie
﻿00:56:41 : Player #0 jamie - Legacy GUID: 217f2b0f19aae2571c32678cf7c9d215
﻿00:57:45 : RCon admin #5: (Global) Server will restart in 10 minutes
﻿01:08:20 : No Valid response. Trying to reconnect.!
﻿01:08:24 : No Valid response. Trying to reconnect.!
﻿01:08:28 : No Valid response. Trying to reconnect.!
﻿01:08:32 : Lost Connection!
﻿01:08:32 : Closing socket & exiting!
﻿07:07:55 : Rcon client logging in
﻿07:07:55 : RCon admin #1 (78.31.67.100:56372) logged in
﻿07:11:17 : RCon admin #2 (109.145.123.124:55958) logged in
﻿07:21:55 : RCon admin #1: (Global) Vehicles left in trader zones at restarts will be moved to the vehicle pound and unlocked
﻿07:32:56 : RCon admin #1: (Global) Admins: LWB, Sierra and Turmoil
﻿07:34:21 : RCon admin #3 (109.145.123.124:61281) logged in
﻿07:46:56 : RCon admin #1: (Global) BASES MUST BE MAINTAINED VIA THE PLOT POLE EVERY 7 DAYS!!
﻿07:51:56 : RCon admin #1: (Global) Vehicles left in trader zones at restarts will be moved to the vehicle pound and unlocked
﻿08:00:10 : Player #0 SickBoy (77.97.121.188:5302) connected
﻿08:00:11 : Player #0 SickBoy - GUID: 813758a2e95f361f60d2e363cd5833d2 (unverified)
﻿08:00:11 : Verified GUID (813758a2e95f361f60d2e363cd5833d2) of player #0 SickBoy
﻿08:00:11 : Player #0 SickBoy - Legacy GUID: 4bf8088fe6c281d89a7bb2f17501629a
﻿08:02:56 : RCon admin #1: (Global) Admins: LWB, Sierra and Turmoil
﻿08:03:29 : Player #0 SickBoy disconnected
﻿08:16:56 : RCon admin #1: (Global) BASES MUST BE MAINTAINED VIA THE PLOT POLE EVERY 7 DAYS!!
﻿08:21:56 : RCon admin #1: (Global) Vehicles left in trader zones at restarts will be moved to the vehicle pound and unlocked
﻿08:32:55 : RCon admin #1: (Global) Admins: LWB, Sierra and Turmoil
﻿08:46:56 : RCon admin #1: (Global) BASES MUST BE MAINTAINED VIA THE PLOT POLE EVERY 7 DAYS!!
﻿08:51:56 : RCon admin #1: (Global) Vehicles left in trader zones at restarts will be moved to the vehicle pound and unlocked
﻿08:56:26 : Player #0 Przemek (46.175.228.216:5302) connected
﻿08:56:27 : Player #0 Przemek - GUID: 341416b56fe54ef45e01dfaba2bf0875 (unverified)
﻿08:56:28 : Verified GUID (341416b56fe54ef45e01dfaba2bf0875) of player #0 Przemek
﻿08:56:28 : Player #0 Przemek - Legacy GUID: 576fee74db74d1f0a3558a269cb42ed3
﻿09:01:06 : Player #0 Przemek disconnected
﻿09:02:55 : RCon admin #1: (Global) Admins: LWB, Sierra and Turmoil
﻿09:16:55 : RCon admin #1: (Global) BASES MUST BE MAINTAINED VIA THE PLOT POLE EVERY 7 DAYS!!
﻿09:21:06 : Player #0 DwightyBoy (78.99.148.55:5302) connected
﻿09:21:07 : Player #0 DwightyBoy - GUID: ab2c3391706d6871165788ce47868aba (unverified)
﻿09:21:08 : Verified GUID (ab2c3391706d6871165788ce47868aba) of player #0 DwightyBoy
﻿09:21:08 : Player #0 DwightyBoy - Legacy GUID: 33a8e234b5f199c9c5220dd5dc70873d
﻿09:21:56 : RCon admin #1: (Global) Vehicles left in trader zones at restarts will be moved to the vehicle pound and unlocked
﻿09:27:56 : RCon admin #1: (Global) Server will restart in 10 minutes
﻿09:32:56 : RCon admin #1: (Global) Admins: LWB, Sierra and Turmoil
﻿09:32:56 : RCon admin #1: (Global) Server will restart in 5 minutes: Prepare to Logout
﻿09:35:56 : RCon admin #1: (Global) The Server is about to restart. LOG OUT NOW OR YOUR GEAR MAY BE LOST!!
﻿09:37:25 : RCon admin #1: (Global) YOU SHOULD BE LOGGED OUT BY NOW! IF YOU ARENT YOU WILL BE AUTO KICKED AND YOUR GEAR MAY BE LOST! NO REFUNDS!
﻿09:38:29 : Rcon client logging in
﻿09:38:29 : RCon admin #2 (78.31.67.100:58095) logged in
﻿09:52:29 : RCon admin #2: (Global) Vehicles left in trader zones at restarts will be moved to the vehicle pound and unlocked
﻿10:01:56 : Player #1 VertDider (185.16.28.94:5302) connected
﻿10:01:57 : Player #1 VertDider - GUID: b9a3fbbc38891c72d9ce18890c2c1a09 (unverified)
﻿10:01:58 : Verified GUID (b9a3fbbc38891c72d9ce18890c2c1a09) of player #1 VertDider
﻿10:01:58 : Player #1 VertDider - Legacy GUID: 61f1481e58ca9d1601d90add4d9a4f34
﻿10:03:29 : RCon admin #2: (Global) Admins: LWB, Sierra and Turmoil
﻿10:17:29 : RCon admin #2: (Global) BASES MUST BE MAINTAINED VIA THE PLOT POLE EVERY 7 DAYS!!
﻿10:22:29 : RCon admin #2: (Global) Vehicles left in trader zones at restarts will be moved to the vehicle pound and unlocked
﻿10:33:29 : RCon admin #2: (Global) Admins: LWB, Sierra and Turmoil
﻿10:36:47 : Player #2 armands (86.46.189.225:5302) connected
﻿10:36:49 : Player #2 armands - GUID: 9d8f3ed440a0e46978e30c482e6753b1 (unverified)
﻿10:36:49 : Verified GUID (9d8f3ed440a0e46978e30c482e6753b1) of player #2 armands
﻿10:36:49 : Player #2 armands - Legacy GUID: 03fc8a89a335ffea6c731c491eb825d8
﻿10:47:29 : RCon admin #2: (Global) BASES MUST BE MAINTAINED VIA THE PLOT POLE EVERY 7 DAYS!!
﻿10:52:29 : RCon admin #2: (Global) Vehicles left in trader zones at restarts will be moved to the vehicle pound and unlocked
﻿10:59:53 : Player #3 Robbys Gamer (178.8.252.13:5302) connected
﻿10:59:54 : Player #3 Robbys Gamer - GUID: 7c28c92461f5de0f83cd29e74ac8d912 (unverified)
﻿10:59:55 : Verified GUID (7c28c92461f5de0f83cd29e74ac8d912) of player #3 Robbys Gamer
﻿10:59:55 : Player #3 Robbys Gamer - Legacy GUID: 572620fa8651c62b194670c20206a1be
﻿11:02:58 : RCon admin #3 (109.145.123.124:56076) logged in
﻿11:03:29 : RCon admin #2: (Global) Admins: LWB, Sierra and Turmoil
﻿11:04:11 : Player #2 armands disconnected
﻿11:17:14 : Player #2 Beastiboy (89.15.238.102:38965) connected
﻿11:17:15 : Player #2 Beastiboy - GUID: 936a425caa1da69d4565676ad370e0d0 (unverified)
﻿11:17:16 : Verified GUID (936a425caa1da69d4565676ad370e0d0) of player #2 Beastiboy
﻿11:17:16 : Player #2 Beastiboy - Legacy GUID: b4c68b307db036e1593c0b08e81d467e
﻿11:17:29 : RCon admin #2: (Global) BASES MUST BE MAINTAINED VIA THE PLOT POLE EVERY 7 DAYS!!
﻿11:21:43 : Player #3 Robbys Gamer disconnected
﻿11:22:29 : RCon admin #2: (Global) Vehicles left in trader zones at restarts will be moved to the vehicle pound and unlocked
﻿11:26:07 : Player #3 Tariko (92.56.104.77:5302) connected
﻿11:26:08 : Player #3 Tariko - GUID: 0e1b7cef9785f1de964c483b5cb2804e (unverified)
﻿11:26:08 : Verified GUID (0e1b7cef9785f1de964c483b5cb2804e) of player #3 Tariko
﻿11:26:09 : Player #3 Tariko - Legacy GUID: 2f065e0e4b95230e2b6b6c1e7306f34f
﻿11:33:29 : RCon admin #2: (Global) Admins: LWB, Sierra and Turmoil
﻿11:33:57 : Player #0 DwightyBoy disconnected
﻿11:42:31 : Player #0 SaddamHaysayn (46.186.70.161:40215) connected
﻿11:42:32 : Player #0 SaddamHaysayn - GUID: 8ddf286d29a805dbb659e26ddebb06fd (unverified)
﻿11:42:33 : Verified GUID (8ddf286d29a805dbb659e26ddebb06fd) of player #0 SaddamHaysayn
﻿11:42:33 : Player #0 SaddamHaysayn - Legacy GUID: ecf9aa59986956838968d94ddaa88fd1
﻿11:44:41 : Player #4 WannaBe (90.128.7.73:5302) connected
﻿11:44:42 : Player #4 WannaBe - GUID: 9f32282ece7479613ecc62fef1b2bf23 (unverified)
﻿11:44:43 : Verified GUID (9f32282ece7479613ecc62fef1b2bf23) of player #4 WannaBe
﻿11:44:43 : Player #4 WannaBe - Legacy GUID: 18bb939c98af1b8d9d4b70a8e2f5c5cd
﻿11:47:30 : RCon admin #2: (Global) BASES MUST BE MAINTAINED VIA THE PLOT POLE EVERY 7 DAYS!!
﻿11:52:29 : RCon admin #2: (Global) Vehicles left in trader zones at restarts will be moved to the vehicle pound and unlocked
﻿11:55:57 : RCon admin #0 (109.145.123.124:59181) logged in
﻿11:58:29 : RCon admin #2: (Global) Server will restart in 10 minutes
﻿12:01:24 : Player #3 Tariko disconnected
﻿12:03:29 : RCon admin #2: (Global) Admins: LWB, Sierra and Turmoil
﻿12:03:30 : RCon admin #2: (Global) Server will restart in 5 minutes: Prepare to Logout
﻿12:04:32 : Player #3 Robbys Gamer (178.8.252.13:5302) connected
﻿12:04:33 : Player #3 Robbys Gamer - GUID: 7c28c92461f5de0f83cd29e74ac8d912 (unverified)
﻿12:04:33 : Verified GUID (7c28c92461f5de0f83cd29e74ac8d912) of player #3 Robbys Gamer
﻿12:04:34 : Player #3 Robbys Gamer - Legacy GUID: 572620fa8651c62b194670c20206a1be
﻿12:05:53 : Player #4 WannaBe disconnected
﻿12:06:29 : RCon admin #2: (Global) The Server is about to restart. LOG OUT NOW OR YOUR GEAR MAY BE LOST!!
﻿12:06:50 : Player #0 SaddamHaysayn disconnected
﻿12:07:56 : Player #2 Beastiboy disconnected
﻿12:08:00 : RCon admin #2: (Global) YOU SHOULD BE LOGGED OUT BY NOW! IF YOU ARENT YOU WILL BE AUTO KICKED AND YOUR GEAR MAY BE LOST! NO REFUNDS!
﻿12:08:11 : Player #3 Robbys Gamer disconnected
﻿12:09:03 : Rcon client logging in
﻿12:09:03 : RCon admin #2 (78.31.67.100:61177) logged in
﻿12:09:55 : Player #0 Beastiboy (89.15.238.102:42752) connected
﻿12:10:05 : Player #0 Beastiboy - GUID: 936a425caa1da69d4565676ad370e0d0 (unverified)
﻿12:10:05 : Verified GUID (936a425caa1da69d4565676ad370e0d0) of player #0 Beastiboy
﻿12:10:07 : Player #0 Beastiboy - Legacy GUID: b4c68b307db036e1593c0b08e81d467e
﻿12:11:21 : Player #1 Duncan Idaho (84.124.218.48:5302) connected
﻿12:11:22 : Player #1 Duncan Idaho - GUID: dc8ed6b7e173ba31da2f2479fc3081ff (unverified)
﻿12:11:23 : Verified GUID (dc8ed6b7e173ba31da2f2479fc3081ff) of player #1 Duncan Idaho
﻿12:11:23 : Player #1 Duncan Idaho - Legacy GUID: 9e3302b176d763ed4ed288aecf1361a6
﻿12:11:51 : Player #2 SaddamHaysayn (46.186.70.161:36521) connected
﻿12:11:52 : Player #2 SaddamHaysayn - GUID: 8ddf286d29a805dbb659e26ddebb06fd (unverified)
﻿12:11:53 : Verified GUID (8ddf286d29a805dbb659e26ddebb06fd) of player #2 SaddamHaysayn
﻿12:11:53 : Player #2 SaddamHaysayn - Legacy GUID: ecf9aa59986956838968d94ddaa88fd1
﻿12:12:43 : Player #3 Robbys Gamer (178.8.252.13:5302) connected
﻿12:12:44 : Player #3 Robbys Gamer - GUID: 7c28c92461f5de0f83cd29e74ac8d912 (unverified)
﻿12:12:44 : Verified GUID (7c28c92461f5de0f83cd29e74ac8d912) of player #3 Robbys Gamer
﻿12:12:45 : Player #3 Robbys Gamer - Legacy GUID: 572620fa8651c62b194670c20206a1be
﻿12:14:50 : Player #4 WannaBe (90.128.7.73:5302) connected
﻿12:14:51 : Player #4 WannaBe - GUID: 9f32282ece7479613ecc62fef1b2bf23 (unverified)
﻿12:14:51 : Verified GUID (9f32282ece7479613ecc62fef1b2bf23) of player #4 WannaBe
﻿12:14:52 : Player #4 WannaBe - Legacy GUID: 18bb939c98af1b8d9d4b70a8e2f5c5cd
﻿12:15:16 : Player #5 Tariko (92.56.104.77:5302) connected
﻿12:15:17 : Player #5 Tariko - GUID: 0e1b7cef9785f1de964c483b5cb2804e (unverified)
﻿12:15:17 : Verified GUID (0e1b7cef9785f1de964c483b5cb2804e) of player #5 Tariko
﻿12:15:18 : Player #5 Tariko - Legacy GUID: 2f065e0e4b95230e2b6b6c1e7306f34f
﻿12:15:58 : RCon admin #3 (109.145.123.124:49266) logged in
﻿12:23:04 : RCon admin #2: (Global) Vehicles left in trader zones at restarts will be moved to the vehicle pound and unlocked
﻿12:24:07 : Player #6 J0k3r (84.159.141.224:5302) connected
﻿12:24:10 : Player #6 J0k3r - GUID: 653286731dbb0c0a39a6b01970a014d4 (unverified)
﻿12:24:10 : Verified GUID (653286731dbb0c0a39a6b01970a014d4) of player #6 J0k3r
﻿12:24:12 : Player #6 J0k3r - Legacy GUID: 268a45a07d0cfb32181c45a094f39c6b
﻿12:28:23 : Player #4 WannaBe disconnected
﻿12:30:23 : Player #6 J0k3r disconnected
﻿12:31:30 : Player #4 J0k3r (84.159.141.224:5302) connected
﻿12:31:31 : Player #4 J0k3r - GUID: 653286731dbb0c0a39a6b01970a014d4 (unverified)
﻿12:31:32 : Verified GUID (653286731dbb0c0a39a6b01970a014d4) of player #4 J0k3r
﻿12:31:32 : Player #4 J0k3r - Legacy GUID: 268a45a07d0cfb32181c45a094f39c6b
﻿12:34:04 : RCon admin #2: (Global) Admins: LWB, Sierra and Turmoil
﻿12:39:25 : Player #2 SaddamHaysayn disconnected
﻿12:48:04 : RCon admin #2: (Global) BASES MUST BE MAINTAINED VIA THE PLOT POLE EVERY 7 DAYS!!
﻿12:53:04 : RCon admin #2: (Global) Vehicles left in trader zones at restarts will be moved to the vehicle pound and unlocked
﻿13:00:29 : RCon admin #1 (109.145.123.124:58349) logged in
﻿13:00:59 : RCon admin #0 (109.145.123.124:58350) logged in
﻿13:04:04 : RCon admin #2: (Global) Admins: LWB, Sierra and Turmoil
﻿13:06:50 : Player #2 Ertyak (80.232.87.56:5302) connected
﻿13:06:53 : Player #2 Ertyak - GUID: fcb74c6c2d045e3e59518fa44903ac0f (unverified)
﻿13:06:54 : Verified GUID (fcb74c6c2d045e3e59518fa44903ac0f) of player #2 Ertyak
﻿13:06:54 : Player #2 Ertyak - Legacy GUID: 59b3e1e2afb9de6c65e7872bce75eee2
﻿13:15:55 : Player #6 997 (89.67.63.218:2304) connected
﻿13:15:56 : Player #6 997 - GUID: 02ed733403835a8a8517265415d84023 (unverified)
﻿13:15:57 : Verified GUID (02ed733403835a8a8517265415d84023) of player #6 997
﻿13:15:57 : Player #6 997 - Legacy GUID: c9c653dd820194488bd099e2b5e7f454
﻿13:17:45 : Player #7 Black Angel (89.105.255.160:2304) connected
﻿13:17:47 : Player #7 Black Angel - GUID: ce9f8f5b44984f2bfd94fb70ccfee3fa (unverified)
﻿13:17:47 : Player #7 Black Angel - Legacy GUID: a3900a5b2d638dd05ef2b5a9be59e07c
﻿13:17:48 : Verified GUID (ce9f8f5b44984f2bfd94fb70ccfee3fa) of player #7 Black Angel
﻿13:18:04 : RCon admin #2: (Global) BASES MUST BE MAINTAINED VIA THE PLOT POLE EVERY 7 DAYS!!
﻿13:22:28 : Player #5 Tariko disconnected
﻿13:23:04 : RCon admin #2: (Global) Vehicles left in trader zones at restarts will be moved to the vehicle pound and unlocked
﻿13:25:05 : Player #1 Duncan Idaho disconnected
﻿13:32:05 : Player #2 Ertyak (fcb74c6c2d045e3e59518fa44903ac0f) has been kicked by BattlEye: Ping too high (438)
﻿13:34:04 : RCon admin #2: (Global) Admins: LWB, Sierra and Turmoil
﻿13:37:05 : Player #1 WannaBe (90.128.7.73:5302) connected
﻿13:37:06 : Player #1 WannaBe - GUID: 9f32282ece7479613ecc62fef1b2bf23 (unverified)
﻿13:37:06 : Verified GUID (9f32282ece7479613ecc62fef1b2bf23) of player #1 WannaBe
﻿13:37:07 : Player #1 WannaBe - Legacy GUID: 18bb939c98af1b8d9d4b70a8e2f5c5cd
﻿13:39:40 : Player #6 997 disconnected
﻿13:40:37 : Player #4 J0k3r disconnected
﻿13:48:04 : RCon admin #2: (Global) BASES MUST BE MAINTAINED VIA THE PLOT POLE EVERY 7 DAYS!!
﻿13:49:22 : Player #0 Beastiboy disconnected
﻿13:51:27 : Player #7 Black Angel disconnected
﻿13:51:33 : Player #0 Mc.Macek (90.178.152.21:5302) connected
﻿13:51:35 : Player #0 Mc.Macek - GUID: 355a215108623a3f0c1e2c562bd0bf29 (unverified)
﻿13:51:36 : Verified GUID (355a215108623a3f0c1e2c562bd0bf29) of player #0 Mc.Macek
﻿13:51:36 : Player #0 Mc.Macek - Legacy GUID: 083350d98d0cafa44940cddfdafed8f7
﻿13:53:04 : RCon admin #2: (Global) Vehicles left in trader zones at restarts will be moved to the vehicle pound and unlocked
﻿13:53:57 : Player #2 Tariko (92.56.104.77:5302) connected
﻿13:53:58 : Player #2 Tariko - GUID: 0e1b7cef9785f1de964c483b5cb2804e (unverified)
﻿13:53:59 : Verified GUID (0e1b7cef9785f1de964c483b5cb2804e) of player #2 Tariko
﻿13:53:59 : Player #2 Tariko - Legacy GUID: 2f065e0e4b95230e2b6b6c1e7306f34f
﻿13:54:01 : Player #0 Mc.Macek (355a215108623a3f0c1e2c562bd0bf29) has been kicked by BattlEye: PublicVariable Restriction #2
﻿13:54:20 : Player #0 Korso (37.113.161.138:2304) connected
﻿13:54:22 : Player #0 Korso - GUID: 67ffcc4d472af99775da1ac9a7f4c554 (unverified)
﻿13:54:22 : Verified GUID (67ffcc4d472af99775da1ac9a7f4c554) of player #0 Korso
﻿13:54:23 : Player #0 Korso - Legacy GUID: 6d150e577cd12d4f0611264d96fd05b4
﻿13:55:04 : Player #0 Korso disconnected
﻿14:04:04 : RCon admin #2: (Global) Admins: LWB, Sierra and Turmoil
﻿14:18:04 : RCon admin #2: (Global) BASES MUST BE MAINTAINED VIA THE PLOT POLE EVERY 7 DAYS!!
﻿14:23:03 : RCon admin #2: (Global) Vehicles left in trader zones at restarts will be moved to the vehicle pound and unlocked
﻿14:24:00 : Player #0 Kristofer (80.167.158.234:5302) connected
﻿14:24:01 : Player #0 Kristofer - GUID: 2b86704b29539328409ccb3a5d68ee16 (unverified)
﻿14:24:01 : Verified GUID (2b86704b29539328409ccb3a5d68ee16) of player #0 Kristofer
﻿14:24:02 : Player #0 Kristofer - Legacy GUID: 532a02150a07d7896569eec4a25e1c2e
﻿14:24:17 : Player #4 MacManBob (87.50.14.41:5302) connected
﻿14:24:19 : Player #4 MacManBob - GUID: 823a9a7af0c21a5da94feeebcc8fabd3 (unverified)
﻿14:24:19 : Verified GUID (823a9a7af0c21a5da94feeebcc8fabd3) of player #4 MacManBob
﻿14:24:19 : Player #4 MacManBob - Legacy GUID: af41045637641cb4e556201c28b6f985
﻿14:24:28 : Player #5 Bock (5.186.198.174:2304) connected
﻿14:24:29 : Player #5 Bock - GUID: 7db662f5bfbf2195f8e715ab674cf2d4 (unverified)
﻿14:24:30 : Verified GUID (7db662f5bfbf2195f8e715ab674cf2d4) of player #5 Bock
﻿14:24:30 : Player #5 Bock - Legacy GUID: 888629fc20a0d3426fd9445c55012ad5
﻿14:29:04 : RCon admin #2: (Global) Server will restart in 10 minutes
﻿14:31:01 : Player #2 Tariko disconnected
﻿14:33:55 : Player #1 WannaBe disconnected
﻿14:33:58 : Player #1 SaddamHaysayn (46.186.70.161:41487) connected
﻿14:34:00 : Player #1 SaddamHaysayn - GUID: 8ddf286d29a805dbb659e26ddebb06fd (unverified)
﻿14:34:00 : Verified GUID (8ddf286d29a805dbb659e26ddebb06fd) of player #1 SaddamHaysayn
﻿14:34:00 : Player #1 SaddamHaysayn - Legacy GUID: ecf9aa59986956838968d94ddaa88fd1
﻿14:34:04 : RCon admin #2: (Global) Admins: LWB, Sierra and Turmoil
﻿14:34:04 : RCon admin #2: (Global) Server will restart in 5 minutes: Prepare to Logout
﻿14:35:06 : RCon admin #1 (109.145.123.124:63947) logged in
﻿14:35:59 : Player #0 Kristofer disconnected
﻿14:37:04 : RCon admin #2: (Global) The Server is about to restart. LOG OUT NOW OR YOUR GEAR MAY BE LOST!!
﻿14:37:07 : Player #4 MacManBob disconnected
﻿14:37:21 : Player #1 SaddamHaysayn disconnected
﻿14:38:34 : RCon admin #2: (Global) YOU SHOULD BE LOGGED OUT BY NOW! IF YOU ARENT YOU WILL BE AUTO KICKED AND YOUR GEAR MAY BE LOST! NO REFUNDS!
﻿14:39:37 : Rcon client logging in
﻿14:39:37 : RCon admin #2 (78.31.67.100:52263) logged in
﻿14:39:57 : Player #0 SaddamHaysayn (46.186.70.161:40037) connected
﻿14:39:58 : Player #0 SaddamHaysayn - GUID: 8ddf286d29a805dbb659e26ddebb06fd (unverified)
﻿14:39:59 : Verified GUID (8ddf286d29a805dbb659e26ddebb06fd) of player #0 SaddamHaysayn
﻿14:39:59 : Player #0 SaddamHaysayn - Legacy GUID: ecf9aa59986956838968d94ddaa88fd1
﻿14:40:31 : Player #1 MacManBob (87.50.14.41:5302) connected
﻿14:40:32 : Player #1 MacManBob - GUID: 823a9a7af0c21a5da94feeebcc8fabd3 (unverified)
﻿14:40:33 : Verified GUID (823a9a7af0c21a5da94feeebcc8fabd3) of player #1 MacManBob
﻿14:40:34 : Player #1 MacManBob - Legacy GUID: af41045637641cb4e556201c28b6f985
﻿14:41:04 : Player #2 Bock (5.186.198.174:2304) connected
﻿14:41:05 : Player #2 Bock - GUID: 7db662f5bfbf2195f8e715ab674cf2d4 (unverified)
﻿14:41:05 : Player #3 Kristofer (80.167.158.234:5302) connected
﻿14:41:06 : Verified GUID (7db662f5bfbf2195f8e715ab674cf2d4) of player #2 Bock
﻿14:41:06 : Player #2 Bock - Legacy GUID: 888629fc20a0d3426fd9445c55012ad5
﻿14:41:07 : Player #3 Kristofer - GUID: 2b86704b29539328409ccb3a5d68ee16 (unverified)
﻿14:41:07 : Verified GUID (2b86704b29539328409ccb3a5d68ee16) of player #3 Kristofer
﻿14:41:07 : Player #3 Kristofer - Legacy GUID: 532a02150a07d7896569eec4a25e1c2e
﻿14:41:57 : Player #4 Robbys Gamer (178.8.252.13:5302) connected
﻿14:41:58 : Player #4 Robbys Gamer - GUID: 7c28c92461f5de0f83cd29e74ac8d912 (unverified)
﻿14:41:58 : Verified GUID (7c28c92461f5de0f83cd29e74ac8d912) of player #4 Robbys Gamer
﻿14:41:59 : Player #4 Robbys Gamer - Legacy GUID: 572620fa8651c62b194670c20206a1be
﻿14:43:48 : Player #5 J0k3r (84.159.141.224:5302) connected
﻿14:43:50 : Player #5 J0k3r - GUID: 653286731dbb0c0a39a6b01970a014d4 (unverified)
﻿14:43:50 : Verified GUID (653286731dbb0c0a39a6b01970a014d4) of player #5 J0k3r
﻿14:43:50 : Player #5 J0k3r - Legacy GUID: 268a45a07d0cfb32181c45a094f39c6b
﻿14:53:38 : RCon admin #2: (Global) Vehicles left in trader zones at restarts will be moved to the vehicle pound and unlocked
﻿14:54:09 : Player #4 Robbys Gamer disconnected
﻿14:55:17 : Player #4 Paul (86.19.230.182:5302) connected
﻿14:55:18 : Player #4 Paul - GUID: 15238288aca5ea7e31d76db591a6703a (unverified)
﻿14:55:18 : Verified GUID (15238288aca5ea7e31d76db591a6703a) of player #4 Paul
﻿14:55:19 : Player #4 Paul - Legacy GUID: c519fe2a084537dd409f744bb538e0e9
﻿15:00:45 : Player #4 Paul disconnected
﻿15:03:40 : Player #4 Tariko (92.56.104.77:5302) connected
﻿15:03:41 : Player #4 Tariko - GUID: 0e1b7cef9785f1de964c483b5cb2804e (unverified)
﻿15:03:41 : Verified GUID (0e1b7cef9785f1de964c483b5cb2804e) of player #4 Tariko
﻿15:03:42 : Player #4 Tariko - Legacy GUID: 2f065e0e4b95230e2b6b6c1e7306f34f
﻿15:04:38 : RCon admin #2: (Global) Admins: LWB, Sierra and Turmoil
﻿15:18:38 : RCon admin #2: (Global) BASES MUST BE MAINTAINED VIA THE PLOT POLE EVERY 7 DAYS!!
﻿15:22:59 : Player #6 SerSmert (185.6.127.240:2304) connected
﻿15:23:01 : Player #6 SerSmert - GUID: 2b250699ae11e387d9ad2b5e5e48fb4b (unverified)
﻿15:23:02 : Verified GUID (2b250699ae11e387d9ad2b5e5e48fb4b) of player #6 SerSmert
﻿15:23:03 : Player #6 SerSmert - Legacy GUID: 05a9dea9126d09c47e4ff910a4924df9
﻿15:23:38 : RCon admin #2: (Global) Vehicles left in trader zones at restarts will be moved to the vehicle pound and unlocked
﻿15:25:51 : Player #7 Dont touch my Tralala (80.130.124.196:5302) connected
﻿15:25:52 : Player #7 Dont touch my Tralala - GUID: 5d9bb33c738a6e2632cea27bd877e7c0 (unverified)
﻿15:25:53 : Verified GUID (5d9bb33c738a6e2632cea27bd877e7c0) of player #7 Dont touch my Tralala
﻿15:25:53 : Player #7 Dont touch my Tralala - Legacy GUID: ac41e7d0c4417d6412502654e9b2c503
﻿15:27:01 : Failed to receive from BE Master (2)
﻿15:27:01 : Update attempt failed
﻿15:28:25 : Player #0 SaddamHaysayn disconnected
﻿15:34:38 : RCon admin #2: (Global) Admins: LWB, Sierra and Turmoil
﻿15:34:48 : Player #0 Rhys Porter (188.220.64.233:5302) connected
﻿15:34:49 : Player #0 Rhys Porter - GUID: 719a2b2b1592f68d44446a7cb441a7bb (unverified)
﻿15:34:50 : Verified GUID (719a2b2b1592f68d44446a7cb441a7bb) of player #0 Rhys Porter
﻿15:34:50 : Player #0 Rhys Porter - Legacy GUID: c2809ca7ee3ec42058a8d740baf929f8
﻿15:39:14 : Player #6 SerSmert disconnected
﻿15:47:44 : Player #6 SaddamHaysayn (46.186.70.161:39174) connected
﻿15:47:45 : Player #6 SaddamHaysayn - GUID: 8ddf286d29a805dbb659e26ddebb06fd (unverified)
﻿15:47:46 : Verified GUID (8ddf286d29a805dbb659e26ddebb06fd) of player #6 SaddamHaysayn
﻿15:47:46 : Player #6 SaddamHaysayn - Legacy GUID: ecf9aa59986956838968d94ddaa88fd1
﻿15:48:11 : Player #8 Silas Lintrup (5.103.150.81:5302) connected
﻿15:48:12 : Player #8 Silas Lintrup - GUID: 6a5a58a087d97e43cf7389d6d5499074 (unverified)
﻿15:48:13 : Verified GUID (6a5a58a087d97e43cf7389d6d5499074) of player #8 Silas Lintrup
﻿15:48:13 : Player #8 Silas Lintrup - Legacy GUID: 6db3e7a4197f39e9c641128871fa093d
﻿15:48:38 : RCon admin #2: (Global) BASES MUST BE MAINTAINED VIA THE PLOT POLE EVERY 7 DAYS!!
﻿15:49:51 : Player #9 Takei (91.194.107.158:5302) connected
﻿15:49:52 : Player #9 Takei - GUID: dc91fa664853b824c4dbe6013ecb83e1 (unverified)
﻿15:49:53 : Verified GUID (dc91fa664853b824c4dbe6013ecb83e1) of player #9 Takei
﻿15:49:53 : Player #9 Takei - Legacy GUID: d0150778bb3923dc476400ada8ff30b5
﻿15:53:38 : RCon admin #2: (Global) Vehicles left in trader zones at restarts will be moved to the vehicle pound and unlocked
﻿15:55:03 : Player #4 Tariko (0e1b7cef9785f1de964c483b5cb2804e) has been kicked by BattlEye: Ping too high (703)
﻿15:56:06 : Player #4 Przemek (87.207.113.46:7267) connected
﻿15:56:08 : Player #4 Przemek - Legacy GUID: e1c531494c93386c4d7b275ef0efc7a2
﻿15:56:08 : Player #4 Przemek - GUID: 385db1e102ace7ffd55a45324d99849d (unverified)
﻿15:56:09 : Verified GUID (385db1e102ace7ffd55a45324d99849d) of player #4 Przemek
﻿15:56:33 : Player #10 Tariko (92.56.104.77:5302) connected
﻿15:56:35 : Player #10 Tariko - GUID: 0e1b7cef9785f1de964c483b5cb2804e (unverified)
﻿15:56:35 : Player #10 Tariko - Legacy GUID: 2f065e0e4b95230e2b6b6c1e7306f34f
﻿15:56:35 : Verified GUID (0e1b7cef9785f1de964c483b5cb2804e) of player #10 Tariko
﻿16:04:38 : RCon admin #2: (Global) Admins: LWB, Sierra and Turmoil
﻿16:09:23 : Player #11 Rocket (37.190.37.26:17491) connected
﻿16:09:24 : Player #11 Rocket - GUID: 7c8247ea4e0eb767bcdc0c99ed2d00f3 (unverified)
﻿16:09:25 : Player #11 Rocket - Legacy GUID: 7d4e0a95d1bbefedfa38fedaad9e6c5b
﻿16:09:25 : Verified GUID (7c8247ea4e0eb767bcdc0c99ed2d00f3) of player #11 Rocket
﻿16:14:49 : Player #12 Przemek (2) (46.175.228.216:2304) connected
﻿16:14:50 : Player #12 Przemek (2) - GUID: 341416b56fe54ef45e01dfaba2bf0875 (unverified)
﻿16:14:50 : Verified GUID (341416b56fe54ef45e01dfaba2bf0875) of player #12 Przemek (2)
﻿16:14:51 : Player #12 Przemek (2) - Legacy GUID: 576fee74db74d1f0a3558a269cb42ed3
﻿16:14:54 : Player #12 Przemek (2) disconnected
﻿16:15:56 : Player #12 Przemek (2) (46.175.228.216:5302) connected
﻿16:15:57 : Player #12 Przemek (2) - GUID: 341416b56fe54ef45e01dfaba2bf0875 (unverified)
﻿16:15:58 : Player #12 Przemek (2) - Legacy GUID: 576fee74db74d1f0a3558a269cb42ed3
﻿16:15:58 : Verified GUID (341416b56fe54ef45e01dfaba2bf0875) of player #12 Przemek (2)
﻿16:16:48 : RCon admin #3 (109.145.123.124:60993) logged in
﻿16:17:47 : Player #13 MrPaulik (84.176.252.63:5302) connected
﻿16:17:49 : Player #13 MrPaulik - Legacy GUID: 461aebd5574264ffd65caf013a5c89f7
﻿16:17:50 : Player #13 MrPaulik - GUID: 03452db50db5c223df4c6f471b1ab73c (unverified)
﻿16:17:50 : Verified GUID (03452db50db5c223df4c6f471b1ab73c) of player #13 MrPaulik
﻿16:18:38 : RCon admin #2: (Global) BASES MUST BE MAINTAINED VIA THE PLOT POLE EVERY 7 DAYS!!
﻿16:20:33 : Player #1 MacManBob disconnected
﻿16:21:43 : Player #1 MacManBob (87.50.14.41:5302) connected
﻿16:21:45 : Player #1 MacManBob - GUID: 823a9a7af0c21a5da94feeebcc8fabd3 (unverified)
﻿16:21:45 : Player #1 MacManBob - Legacy GUID: af41045637641cb4e556201c28b6f985
﻿16:21:45 : Verified GUID (823a9a7af0c21a5da94feeebcc8fabd3) of player #1 MacManBob
﻿16:22:28 : Player #10 Tariko disconnected
﻿16:23:38 : RCon admin #2: (Global) Vehicles left in trader zones at restarts will be moved to the vehicle pound and unlocked
﻿16:25:26 : Player #5 J0k3r disconnected
﻿16:27:11 : Player #5 home (176.107.84.108:55717) connected
﻿16:27:13 : Player #5 home - GUID: 8a15a4bdcacd9d66396407f16dadcca9 (unverified)
﻿16:27:13 : Player #5 home - Legacy GUID: 5b629c63188be8804e060ad55f90e6a4
﻿16:27:13 : Verified GUID (8a15a4bdcacd9d66396407f16dadcca9) of player #5 home
﻿16:31:20 : Player #10 CleanBeast (176.198.92.161:5302) connected
﻿16:31:22 : Player #10 CleanBeast - GUID: 36f290ec836732ac67c852ddcd11266e (unverified)
﻿16:31:22 : Verified GUID (36f290ec836732ac67c852ddcd11266e) of player #10 CleanBeast
﻿16:31:22 : Player #10 CleanBeast - Legacy GUID: 6ee70800bb87d787b73d906b0b2dcd4b
﻿16:31:23 : Player #10 CleanBeast disconnected
﻿16:31:49 : RCon admin #1 (109.145.123.124:57502) logged in
﻿16:32:21 : Player #10 Din (94.45.195.105:5302) connected
﻿16:32:23 : Player #10 Din - GUID: 2f0d9ea96a1a2bec9e6677bab333ae7c (unverified)
﻿16:32:23 : Verified GUID (2f0d9ea96a1a2bec9e6677bab333ae7c) of player #10 Din
﻿16:32:24 : Player #10 Din - Legacy GUID: 3acfc2c50ff4722c17c085a5287e6999
﻿16:32:47 : Player #14 BuenosNachos (185.59.109.117:5302) connected
﻿16:32:48 : Player #14 BuenosNachos - GUID: 71c32cdd07393009acd5c576c21d59a2 (unverified)
﻿16:32:49 : Verified GUID (71c32cdd07393009acd5c576c21d59a2) of player #14 BuenosNachos
﻿16:32:49 : Player #14 BuenosNachos - Owner GUID: 0d0edd180e78a8fdbe281f9ad62599e1
﻿16:32:49 : Player #14 BuenosNachos - Legacy GUID: da282f7442fca1814f8dda7e87963f04
﻿16:32:51 : Player #14 BuenosNachos disconnected
﻿16:33:42 : Player #5 home disconnected
﻿16:34:07 : Player #5 BuenosNachos (185.59.109.117:5302) connected
﻿16:34:08 : Player #5 BuenosNachos - GUID: 71c32cdd07393009acd5c576c21d59a2 (unverified)
﻿16:34:09 : Verified GUID (71c32cdd07393009acd5c576c21d59a2) of player #5 BuenosNachos
﻿16:34:09 : Player #5 BuenosNachos - Owner GUID: 0d0edd180e78a8fdbe281f9ad62599e1
﻿16:34:09 : Player #5 BuenosNachos - Legacy GUID: da282f7442fca1814f8dda7e87963f04
﻿16:34:38 : RCon admin #2: (Global) Admins: LWB, Sierra and Turmoil
﻿16:41:38 : Player #14 [eXp] Gruby (217.99.76.67:5302) connected
﻿16:41:39 : Player #14 [eXp] Gruby - GUID: 7f82c53f48899ff2fd5b9489f8d17fb8 (unverified)
﻿16:41:39 : Verified GUID (7f82c53f48899ff2fd5b9489f8d17fb8) of player #14 [eXp] Gruby
﻿16:41:40 : Player #14 [eXp] Gruby - Legacy GUID: 61f8d59b40d145e9e0934b15ea495703
﻿16:42:18 : RCon admin #3 (85.164.156.180:55801) logged in
﻿16:45:24 : Player #14 [eXp] Gruby disconnected
﻿16:47:07 : Player #14 CamperGotSkill (47.68.35.13:5302) connected
﻿16:47:08 : Player #14 CamperGotSkill - GUID: c591a7f2f7b003945ade14efa37f27d4 (unverified)
﻿16:47:09 : Verified GUID (c591a7f2f7b003945ade14efa37f27d4) of player #14 CamperGotSkill
﻿16:47:09 : Player #14 CamperGotSkill - Legacy GUID: cef41ed08923c8ca75b78e5fbe7ab50a
﻿16:47:34 : Player #10 Din disconnected
﻿16:47:42 : Player #10 Turmoil (85.164.156.180:2304) connected
﻿16:47:43 : Player #10 Turmoil - GUID: 078d3175e22fad797d9a152aaaa83806 (unverified)
﻿16:47:43 : Verified GUID (078d3175e22fad797d9a152aaaa83806) of player #10 Turmoil
﻿16:47:44 : Player #10 Turmoil - Legacy GUID: 153330a3c1eb9ccf7092e322ab07ebb0
﻿16:48:38 : RCon admin #2: (Global) BASES MUST BE MAINTAINED VIA THE PLOT POLE EVERY 7 DAYS!!
﻿16:49:12 : Player #11 Rocket disconnected
﻿16:52:47 : Player #11 Kokain Tomten (194.236.215.114:60887) connected
﻿16:52:49 : Player #11 Kokain Tomten - GUID: 54f1ed160ee51e5931f17d36b631d6f7 (unverified)
﻿16:52:49 : Verified GUID (54f1ed160ee51e5931f17d36b631d6f7) of player #11 Kokain Tomten
﻿16:52:50 : Player #11 Kokain Tomten - Legacy GUID: 751f4d260f95ba70568bf1d13497ed01
﻿16:53:37 : RCon admin #2: (Global) Vehicles left in trader zones at restarts will be moved to the vehicle pound and unlocked
﻿16:56:08 : Player #0 Rhys Porter disconnected
﻿16:56:25 : Player #0 SinTv (178.57.99.94:2304) connected
﻿16:56:26 : Player #0 SinTv - GUID: bd37377f61f0113f8912dbeb290814d9 (unverified)
﻿16:56:26 : Player #14 CamperGotSkill disconnected
﻿16:56:27 : Player #0 SinTv - Legacy GUID: ccdcf2e9fa407b5a9c6f5dfb6296b0a3
﻿16:56:27 : Verified GUID (bd37377f61f0113f8912dbeb290814d9) of player #0 SinTv
﻿16:56:41 : Player #0 SinTv disconnected
﻿16:57:32 : Player #0 Seba (89.69.206.152:5302) connected
﻿16:57:34 : Player #0 Seba - GUID: 18bc294a75da5e8bd1d1b3e7a931044e (unverified)
﻿16:57:34 : Verified GUID (18bc294a75da5e8bd1d1b3e7a931044e) of player #0 Seba
﻿16:57:34 : Player #0 Seba - Legacy GUID: e2f24f0853e1537cb8cac6c14d99ccfa
﻿16:58:23 : Player #14 Josh (213.120.51.13:5302) connected
﻿16:58:24 : Player #14 Josh - GUID: 8e5a3a3d5d08855afb45e635b24eb27a (unverified)
﻿16:58:25 : Verified GUID (8e5a3a3d5d08855afb45e635b24eb27a) of player #14 Josh
﻿16:58:25 : Player #14 Josh - Legacy GUID: 71b0d1d55eaf8b78889281c5727d1a5e
﻿16:59:38 : RCon admin #2: (Global) Server will restart in 10 minutes
﻿17:03:58 : Player #11 Kokain Tomten disconnected
﻿17:04:38 : RCon admin #2: (Global) Admins: LWB, Sierra and Turmoil
﻿17:04:38 : RCon admin #2: (Global) Server will restart in 5 minutes: Prepare to Logout
﻿17:05:10 : RCon admin #4 (109.145.123.124:63354) logged in
﻿17:05:47 : Player #11 Gary (94.195.178.136:5302) connected
﻿17:05:49 : Player #11 Gary - Legacy GUID: 5aad70b12375c60d8c4e098fff70c110
﻿17:05:49 : Player #11 Gary - GUID: 8cd668b627cf55bff1e89403720b23fb (unverified)
﻿17:05:50 : Verified GUID (8cd668b627cf55bff1e89403720b23fb) of player #11 Gary
﻿17:07:33 : Player #0 Seba disconnected
﻿17:07:37 : Player #12 Przemek (2) (341416b56fe54ef45e01dfaba2bf0875) has been kicked by BattlEye: Admin Kick (we have translate - last warning)
﻿17:07:38 : RCon admin #2: (Global) The Server is about to restart. LOG OUT NOW OR YOUR GEAR MAY BE LOST!!
﻿17:07:38 : Player #3 Kristofer disconnected
﻿17:07:51 : Player #6 SaddamHaysayn disconnected
﻿17:08:10 : Player #14 Josh disconnected
﻿17:08:39 : Player #10 Turmoil disconnected
﻿17:08:43 : Player #9 Takei disconnected
﻿17:08:44 : Player #11 Gary disconnected
﻿17:09:08 : RCon admin #2: (Global) YOU SHOULD BE LOGGED OUT BY NOW! IF YOU ARENT YOU WILL BE AUTO KICKED AND YOUR GEAR MAY BE LOST! NO REFUNDS!
﻿17:10:11 : Rcon client logging in
﻿17:10:14 : RCon admin #3 (78.31.67.100:51650) logged in
﻿17:10:14 : Player #2 Przemek - Legacy GUID: 576fee74db74d1f0a3558a269cb42ed3
﻿17:10:14 : Player #3 Turmoil - GUID: 078d3175e22fad797d9a152aaaa83806 (unverified)
﻿17:10:15 : Verified GUID (078d3175e22fad797d9a152aaaa83806) of player #3 Turmoil
﻿17:10:16 : Player #3 Turmoil - Legacy GUID: 153330a3c1eb9ccf7092e322ab07ebb0
﻿17:10:35 : Player #4 Przemek (2) (87.207.113.46:7267) connected
﻿17:10:37 : Player #4 Przemek (2) - GUID: 385db1e102ace7ffd55a45324d99849d (unverified)
﻿17:10:37 : Verified GUID (385db1e102ace7ffd55a45324d99849d) of player #4 Przemek (2)
﻿17:10:37 : Player #4 Przemek (2) - Legacy GUID: e1c531494c93386c4d7b275ef0efc7a2
﻿17:10:40 : Player #5 Silas Lintrup (5.103.150.81:5302) connected
﻿17:10:41 : Player #5 Silas Lintrup - GUID: 6a5a58a087d97e43cf7389d6d5499074 (unverified)
﻿17:10:42 : Verified GUID (6a5a58a087d97e43cf7389d6d5499074) of player #5 Silas Lintrup
﻿17:10:42 : Player #6 MacManBob (87.50.14.41:5302) connected
﻿17:10:42 : Player #5 Silas Lintrup - Legacy GUID: 6db3e7a4197f39e9c641128871fa093d
﻿17:10:43 : Player #6 MacManBob - GUID: 823a9a7af0c21a5da94feeebcc8fabd3 (unverified)
﻿17:10:44 : Verified GUID (823a9a7af0c21a5da94feeebcc8fabd3) of player #6 MacManBob
﻿17:10:44 : Player #6 MacManBob - Legacy GUID: af41045637641cb4e556201c28b6f985
﻿17:10:48 : Player #7 Kristofer (80.167.158.234:5302) connected
﻿17:10:49 : Player #7 Kristofer - GUID: 2b86704b29539328409ccb3a5d68ee16 (unverified)
﻿17:10:49 : Verified GUID (2b86704b29539328409ccb3a5d68ee16) of player #7 Kristofer
﻿17:10:50 : Player #7 Kristofer - Legacy GUID: 532a02150a07d7896569eec4a25e1c2e
﻿17:11:20 : Player #8 MrPaulik (84.176.252.63:5302) connected
﻿17:11:23 : Player #8 MrPaulik - Legacy GUID: 461aebd5574264ffd65caf013a5c89f7
﻿17:11:23 : Player #8 MrPaulik - GUID: 03452db50db5c223df4c6f471b1ab73c (unverified)
﻿17:11:23 : Verified GUID (03452db50db5c223df4c6f471b1ab73c) of player #8 MrPaulik
﻿17:11:38 : Player #9 Seba (89.69.206.152:5302) connected
﻿17:11:39 : Player #9 Seba - GUID: 18bc294a75da5e8bd1d1b3e7a931044e (unverified)
﻿17:11:40 : Verified GUID (18bc294a75da5e8bd1d1b3e7a931044e) of player #9 Seba
﻿17:11:40 : Player #9 Seba - Legacy GUID: e2f24f0853e1537cb8cac6c14d99ccfa
﻿17:11:47 : Player #10 BuenosNachos (185.59.109.117:5302) connected
﻿17:11:49 : Player #10 BuenosNachos - GUID: 71c32cdd07393009acd5c576c21d59a2 (unverified)
﻿17:11:49 : Verified GUID (71c32cdd07393009acd5c576c21d59a2) of player #10 BuenosNachos
﻿17:11:49 : Player #10 BuenosNachos - Owner GUID: 0d0edd180e78a8fdbe281f9ad62599e1
﻿17:11:50 : Player #10 BuenosNachos - Legacy GUID: da282f7442fca1814f8dda7e87963f04
﻿17:11:53 : Player #11 Gary (94.195.178.136:5302) connected
﻿17:11:54 : Player #11 Gary - GUID: 8cd668b627cf55bff1e89403720b23fb (unverified)
﻿17:11:54 : Verified GUID (8cd668b627cf55bff1e89403720b23fb) of player #11 Gary
﻿17:11:55 : Player #11 Gary - Legacy GUID: 5aad70b12375c60d8c4e098fff70c110
﻿17:12:14 : Player #12 Takei (91.194.107.158:5302) connected
﻿17:12:16 : Player #12 Takei - GUID: dc91fa664853b824c4dbe6013ecb83e1 (unverified)
﻿17:12:16 : Verified GUID (dc91fa664853b824c4dbe6013ecb83e1) of player #12 Takei
﻿17:12:16 : Player #12 Takei - Legacy GUID: d0150778bb3923dc476400ada8ff30b5
﻿17:12:25 : Player #13 Bock (5.186.198.174:2304) connected
﻿17:12:26 : Player #13 Bock - GUID: 7db662f5bfbf2195f8e715ab674cf2d4 (unverified)
﻿17:12:26 : Verified GUID (7db662f5bfbf2195f8e715ab674cf2d4) of player #13 Bock
﻿17:12:27 : Player #13 Bock - Legacy GUID: 888629fc20a0d3426fd9445c55012ad5
﻿17:12:55 : RCon admin #4 (109.145.123.124:54030) logged in
﻿17:13:22 : Player #4 Przemek (2) disconnected
﻿17:14:21 : Player #13 Bock disconnected
﻿17:14:47 : Player #9 Seba disconnected
﻿17:14:50 : RCon admin #1: (To Przemek) Turmoil: we dont check everything, software registers bad stuff ;)
﻿17:15:44 : Player #4 Seba (89.69.206.152:5302) connected
﻿17:15:45 : Player #4 Seba - GUID: 18bc294a75da5e8bd1d1b3e7a931044e (unverified)
﻿17:15:46 : Verified GUID (18bc294a75da5e8bd1d1b3e7a931044e) of player #4 Seba
﻿17:15:46 : Player #4 Seba - Legacy GUID: e2f24f0853e1537cb8cac6c14d99ccfa
﻿17:15:50 : Player #9 Przemek (2) (87.207.113.46:7267) connected
﻿17:15:52 : Player #9 Przemek (2) - GUID: 385db1e102ace7ffd55a45324d99849d (unverified)
﻿17:15:52 : Verified GUID (385db1e102ace7ffd55a45324d99849d) of player #9 Przemek (2)
﻿17:15:52 : Player #9 Przemek (2) - Legacy GUID: e1c531494c93386c4d7b275ef0efc7a2
﻿17:16:19 : Player #13 Bock (5.186.198.174:2304) connected
﻿17:16:19 : Player #8 MrPaulik disconnected
﻿17:16:20 : Player #13 Bock - GUID: 7db662f5bfbf2195f8e715ab674cf2d4 (unverified)
﻿17:16:20 : Verified GUID (7db662f5bfbf2195f8e715ab674cf2d4) of player #13 Bock
﻿17:16:21 : Player #13 Bock - Legacy GUID: 888629fc20a0d3426fd9445c55012ad5
﻿17:17:25 : Player #8 MrPaulik (84.176.252.63:5302) connected
﻿17:17:26 : Player #8 MrPaulik - GUID: 03452db50db5c223df4c6f471b1ab73c (unverified)
﻿17:17:27 : Verified GUID (03452db50db5c223df4c6f471b1ab73c) of player #8 MrPaulik
﻿17:17:27 : Player #8 MrPaulik - Legacy GUID: 461aebd5574264ffd65caf013a5c89f7
﻿17:18:15 : RCon admin #0: (Global) LWB: How do you know Im not black? Say that word again you will be banned forever
﻿17:19:00 : RCon admin #1: (Global) Turmoil: Buenos: Doesnt matter if your black white yellow blue or whatever your skin colour is, some words are racist no matter what
﻿17:19:02 : Player #11 Gary disconnected
﻿17:19:07 : RCon admin #0: (Global) LWB: Certain players think its okay to say racist words because they are black
﻿17:19:12 : RCon admin #0: (Global) LWB: well it isnt I assure you
﻿17:19:30 : RCon admin #0: (Global) LWB: Not on here it doesnt
﻿17:19:38 : RCon admin #0: (Global) LWB: say wordls like ,you are gone, simple
﻿17:19:56 : Player #11 Gary (94.195.178.136:5302) connected
﻿17:19:56 : RCon admin #0: (Global) LWB: Good for you
﻿17:19:57 : Player #11 Gary - GUID: 8cd668b627cf55bff1e89403720b23fb (unverified)
﻿17:19:57 : Verified GUID (8cd668b627cf55bff1e89403720b23fb) of player #11 Gary
﻿17:19:58 : Player #11 Gary - Legacy GUID: 5aad70b12375c60d8c4e098fff70c110
﻿17:20:03 : RCon admin #0: (Global) LWB: you arent at school
﻿17:20:16 : RCon admin #0: (Global) LWB: this is where grown up peopleplay
﻿17:20:53 : RCon admin #1: (Global) Turmoil: The racial discussion is now over, if the N word is used again, it will lead to perm ban
﻿17:21:08 : RCon admin #1: (Global) Turmoil: Server is hosted in germany but owners live in england
﻿17:24:12 : RCon admin #3: (Global) Vehicles left in trader zones at restarts will be moved to the vehicle pound and unlocked
﻿17:24:54 : Player #14 [KEK]neshy33 (86.135.95.172:3304) connected
﻿17:24:55 : Player #14 [KEK]neshy33 - GUID: c3c42a91140a6ec9a5d4011c58272389 (unverified)
﻿17:24:55 : Verified GUID (c3c42a91140a6ec9a5d4011c58272389) of player #14 [KEK]neshy33
﻿17:24:56 : Player #14 [KEK]neshy33 - Legacy GUID: f2ea68e95425d6617809d61147785e57
﻿17:26:00 : Player #15 Dont touch my Tralala (80.130.124.196:5302) connected
﻿17:26:01 : Player #15 Dont touch my Tralala - GUID: 5d9bb33c738a6e2632cea27bd877e7c0 (unverified)
﻿17:26:02 : Verified GUID (5d9bb33c738a6e2632cea27bd877e7c0) of player #15 Dont touch my Tralala
﻿17:26:02 : Player #15 Dont touch my Tralala - Legacy GUID: ac41e7d0c4417d6412502654e9b2c503
﻿17:26:25 : Player #16 LYD (82.41.226.125:5302) connected
﻿17:26:27 : RCon admin #1: (Global) Turmoil: considering im from norway i could be an a-hole and kick him yes but its not racist 
﻿17:26:27 : Player #16 LYD - Legacy GUID: 43d715542736a82c1c17084a07761533
﻿17:26:28 : Player #16 LYD - GUID: 976b9a75eedf87583a10222350c42fa8 (unverified)
﻿17:26:29 : Verified GUID (976b9a75eedf87583a10222350c42fa8) of player #16 LYD
﻿17:26:43 : RCon admin #1: (Global) Turmoil: yes
﻿17:27:13 : RCon admin #1: (Global) Turmoil: English only - but yes many are indeed Bock
﻿17:27:45 : RCon admin #1: (Global) Turmoil: Bikes are a death trap Seba :) 
﻿17:28:53 : Player #17 LegendPlxyer (109.14.60.65:5302) connected
﻿17:28:54 : Player #17 LegendPlxyer - GUID: a39f730b8085dd0b7cbf49194431e227 (unverified)
﻿17:28:55 : Verified GUID (a39f730b8085dd0b7cbf49194431e227) of player #17 LegendPlxyer
﻿17:28:55 : Player #17 LegendPlxyer - Legacy GUID: 404301d9e153ee1d5534a447cda500d0
﻿17:31:00 : Player #18 Daniel John Mason (151.231.61.77:5302) connected
﻿17:31:01 : Player #18 Daniel John Mason - GUID: 37afa64148292c78194f8f912f8b632d (unverified)
﻿17:31:02 : Verified GUID (37afa64148292c78194f8f912f8b632d) of player #18 Daniel John Mason
﻿17:31:02 : Player #18 Daniel John Mason - Legacy GUID: d76681708774b591120115062076a5c8
﻿17:31:13 : RCon admin #1: (Global) Turmoil: Last warning for this racial bullshit 
﻿17:32:36 : Player #19 Kokain Tomten (194.236.215.114:56199) connected
﻿17:32:37 : Player #19 Kokain Tomten - GUID: 54f1ed160ee51e5931f17d36b631d6f7 (unverified)
﻿17:32:37 : Verified GUID (54f1ed160ee51e5931f17d36b631d6f7) of player #19 Kokain Tomten
﻿17:32:38 : Player #19 Kokain Tomten - Legacy GUID: 751f4d260f95ba70568bf1d13497ed01
﻿17:33:03 : RCon admin #1: (Global) Turmoil: server is hosted in Germany - Owners recide in England 
﻿17:33:14 : RCon admin #1: (Global) Turmoil: live 
﻿17:33:30 : Player #8 MrPaulik disconnected
﻿17:33:51 : Player #8 nKey (213.186.243.202:2304) connected
﻿17:33:52 : Player #8 nKey - GUID: eb0e774c726efc1aa11a05e97c181f21 (unverified)
﻿17:33:53 : Verified GUID (eb0e774c726efc1aa11a05e97c181f21) of player #8 nKey
﻿17:33:53 : Player #8 nKey - Legacy GUID: fd4918ec7a507bf7a9e3c847eab84af0
﻿17:34:11 : Player #8 nKey disconnected
﻿17:34:12 : RCon admin #1: (Global) Turmoil: if u want to talk whit me just come on TS Bueno :) never got a single message from you
﻿17:34:27 : RCon admin #1: (Global) Turmoil: Josh - you can text admins on our teamspeak or chat whit us :)
﻿17:34:49 : Player #8 WannaBe (90.128.7.73:5302) connected
﻿17:34:50 : Player #8 WannaBe - GUID: 9f32282ece7479613ecc62fef1b2bf23 (unverified)
﻿17:34:50 : Verified GUID (9f32282ece7479613ecc62fef1b2bf23) of player #8 WannaBe
﻿17:34:51 : Player #8 WannaBe - Legacy GUID: 18bb939c98af1b8d9d4b70a8e2f5c5cd
﻿17:35:11 : RCon admin #2 (109.145.123.124:59161) logged in
﻿17:35:12 : RCon admin #3: (Global) Admins: LWB, Sierra and Turmoil
﻿17:35:20 : RCon admin #1: (Global) Turmoil: Neshy33 - not patrols but all camps that are marked have ai and also missions have ai :)
﻿17:35:41 : RCon admin #0: (Global) LWB: I was just ignoring you
﻿17:35:58 : Player #20 Blue Madick (91.13.125.192:5302) connected
﻿17:36:00 : Player #20 Blue Madick - GUID: cdb1ae814a844622b64724c75abd37db (unverified)
﻿17:36:00 : Player #20 Blue Madick - Legacy GUID: 0f1737b3240f073b6be331d5921affbf
﻿17:36:00 : Verified GUID (cdb1ae814a844622b64724c75abd37db) of player #20 Blue Madick
﻿17:36:15 : RCon admin #1: (Global) Turmoil: your welcome :)
﻿17:36:22 : RCon admin #0: (Global) LWB: I have better things to do than listen to cry about being banned
﻿17:36:58 : Player #21 Skillzons (5.172.234.204:12843) connected
﻿17:37:00 : Player #21 Skillzons - GUID: 17c34efe32cc3ca8369046e1e30d69dd (unverified)
﻿17:37:00 : Verified GUID (17c34efe32cc3ca8369046e1e30d69dd) of player #21 Skillzons
﻿17:37:01 : Player #21 Skillzons - Legacy GUID: a2d56b50ee09eae8547b49a6d144b1ed
﻿17:37:13 : RCon admin #0: (Global) LWB: What like you just did to me lol
﻿17:37:22 : RCon admin #0: (Global) LWB: Hippocrite much
﻿17:37:28 : Player #22 harry (31.51.60.229:5302) connected
﻿17:37:30 : Player #22 harry - GUID: 92cc3e6f8b2fbb07898b83227d17baa9 (unverified)
﻿17:37:30 : Player #22 harry - Legacy GUID: ca1a75aa0aad8d52c327e805c0987253
﻿17:37:30 : Verified GUID (92cc3e6f8b2fbb07898b83227d17baa9) of player #22 harry
﻿17:37:31 : RCon admin #1: (Global) Turmoil: WannaBe: yes?
﻿17:37:36 : Player #23 nKey (213.186.243.202:2304) connected
﻿17:37:38 : Player #23 nKey - GUID: eb0e774c726efc1aa11a05e97c181f21 (unverified)
﻿17:37:38 : Verified GUID (eb0e774c726efc1aa11a05e97c181f21) of player #23 nKey
﻿17:37:39 : Player #23 nKey - Legacy GUID: fd4918ec7a507bf7a9e3c847eab84af0
﻿17:37:43 : Player #23 nKey disconnected
﻿17:38:21 : Player #23 Dragonov (77.218.230.229:1595) connected
﻿17:38:22 : Player #23 Dragonov - GUID: efd64c5eb53264946f104c9e7f477013 (unverified)
﻿17:38:23 : Verified GUID (efd64c5eb53264946f104c9e7f477013) of player #23 Dragonov
﻿17:38:23 : Player #23 Dragonov - Legacy GUID: fd1ec33f31a1cad850dad0e65793d620
﻿17:40:02 : Player #10 BuenosNachos (0d0edd180e78a8fdbe281f9ad62599e1) has been kicked by BattlEye: Admin Ban (Go away idiot)
﻿17:40:04 : Player #10 nKey (213.186.243.202:5302) connected
﻿17:40:05 : Player #10 nKey - GUID: eb0e774c726efc1aa11a05e97c181f21 (unverified)
﻿17:40:06 : Verified GUID (eb0e774c726efc1aa11a05e97c181f21) of player #10 nKey
﻿17:40:06 : Player #10 nKey - Legacy GUID: fd4918ec7a507bf7a9e3c847eab84af0
﻿17:40:09 : Player #10 nKey disconnected
﻿17:40:47 : Player #10 Tariko (92.56.104.77:5302) connected
﻿17:40:48 : Player #10 Tariko - GUID: 0e1b7cef9785f1de964c483b5cb2804e (unverified)
﻿17:40:49 : RCon admin #0: (Global) LWB: He has many warnings, plus just come from aban yesterday
﻿17:40:49 : Verified GUID (0e1b7cef9785f1de964c483b5cb2804e) of player #10 Tariko
﻿17:40:49 : Player #10 Tariko - Legacy GUID: 2f065e0e4b95230e2b6b6c1e7306f34f
﻿17:40:51 : RCon admin #0: (Global) LWB: No more
﻿17:41:04 : RCon admin #0: (Global) LWB: Act like a adult or leave
﻿17:41:21 : Player #24 nKey (213.186.243.202:5302) connected
﻿17:41:22 : Player #24 nKey - GUID: eb0e774c726efc1aa11a05e97c181f21 (unverified)
﻿17:41:23 : Verified GUID (eb0e774c726efc1aa11a05e97c181f21) of player #24 nKey
﻿17:41:23 : RCon admin #0: (Global) LWB: apart from insulting me.. yeah
﻿17:41:23 : Player #24 nKey - Legacy GUID: fd4918ec7a507bf7a9e3c847eab84af0
﻿17:41:27 : Player #24 nKey disconnected
﻿17:41:39 : Player #24 [KEK] Lutajev (95.105.135.122:5302) connected
﻿17:41:40 : Player #24 [KEK] Lutajev - GUID: 195cba76c50d0c43307d89d8552cd891 (unverified)
﻿17:41:41 : Player #24 [KEK] Lutajev - Legacy GUID: 893f875c8fe226f0380b90e5550c7335
﻿17:41:41 : Verified GUID (195cba76c50d0c43307d89d8552cd891) of player #24 [KEK] Lutajev
﻿17:41:55 : RCon admin #0: (Global) LWB: "you seem like that kind of person"
﻿17:42:29 : Player #25 nKey (213.186.243.202:5302) connected
﻿17:42:30 : Player #25 nKey - GUID: eb0e774c726efc1aa11a05e97c181f21 (unverified)
﻿17:42:31 : Player #25 nKey - Legacy GUID: fd4918ec7a507bf7a9e3c847eab84af0
﻿17:42:31 : Verified GUID (eb0e774c726efc1aa11a05e97c181f21) of player #25 nKey
﻿17:43:25 : Player #23 Dragonov disconnected
﻿17:43:58 : Player #21 Skillzons disconnected
﻿17:43:59 : Player #25 nKey disconnected
﻿17:44:36 : Player #6 MacManBob disconnected
﻿17:44:37 : Player #6 nKey (213.186.243.202:5302) connected
﻿17:44:38 : Player #6 nKey - GUID: eb0e774c726efc1aa11a05e97c181f21 (unverified)
﻿17:44:39 : Verified GUID (eb0e774c726efc1aa11a05e97c181f21) of player #6 nKey
﻿17:44:39 : Player #6 nKey - Legacy GUID: fd4918ec7a507bf7a9e3c847eab84af0
﻿17:44:49 : Player #6 nKey disconnected
﻿17:45:25 : RCon admin #4 (109.145.123.124:51036) logged in
﻿17:45:55 : Player #6 nKey (213.186.243.202:5302) connected
﻿17:45:56 : Player #6 nKey - GUID: eb0e774c726efc1aa11a05e97c181f21 (unverified)
﻿17:45:56 : Verified GUID (eb0e774c726efc1aa11a05e97c181f21) of player #6 nKey
﻿17:45:57 : Player #6 nKey - Legacy GUID: fd4918ec7a507bf7a9e3c847eab84af0
﻿17:47:22 : Player #6 nKey disconnected
﻿17:49:12 : RCon admin #3: (Global) BASES MUST BE MAINTAINED VIA THE PLOT POLE EVERY 7 DAYS!!
﻿17:49:14 : RCon admin #1: (Global) Turmoil: Leave this thing now, im working it out whit Bueno now on TS 
﻿17:50:42 : Player #17 LegendPlxyer disconnected
﻿17:52:34 : Player #6 nKey (213.186.243.202:5302) connected
﻿17:52:36 : Player #6 nKey - GUID: eb0e774c726efc1aa11a05e97c181f21 (unverified)
﻿17:52:36 : Player #6 nKey - Legacy GUID: fd4918ec7a507bf7a9e3c847eab84af0
﻿17:52:37 : Verified GUID (eb0e774c726efc1aa11a05e97c181f21) of player #6 nKey
﻿17:53:22 : Player #17 Sam (2.102.124.227:5302) connected
﻿17:53:24 : Player #17 Sam - GUID: ff6125f9756b01827961223e686f9eb8 (unverified)
﻿17:53:24 : Player #17 Sam - Legacy GUID: 1e019ab88fde3ea11fa57ff8f8485f84
﻿17:53:24 : Verified GUID (ff6125f9756b01827961223e686f9eb8) of player #17 Sam
﻿17:53:34 : Player #21 James (82.41.226.207:5302) connected
﻿17:53:36 : Player #21 James - GUID: 8a0e658485fb752a5be948a13c7f5678 (unverified)
﻿17:53:36 : Verified GUID (8a0e658485fb752a5be948a13c7f5678) of player #21 James
﻿17:53:37 : Player #21 James - Legacy GUID: cf911038396a1d2878475c711df2a12a
﻿17:54:12 : RCon admin #3: (Global) Vehicles left in trader zones at restarts will be moved to the vehicle pound and unlocked
﻿17:55:16 : Player #18 Daniel John Mason disconnected
﻿17:56:36 : Player #13 Bock disconnected
﻿17:57:33 : Player #7 Kristofer disconnected
﻿17:59:08 : Player #17 Sam disconnected
﻿18:01:03 : Player #22 harry (92cc3e6f8b2fbb07898b83227d17baa9) has been kicked by BattlEye: Ping too high (2625)
﻿18:01:58 : Player #7 Duncan Idaho (84.124.218.48:5302) connected
﻿18:02:00 : Player #7 Duncan Idaho - GUID: dc8ed6b7e173ba31da2f2479fc3081ff (unverified)
﻿18:02:00 : Verified GUID (dc8ed6b7e173ba31da2f2479fc3081ff) of player #7 Duncan Idaho
﻿18:02:01 : Player #7 Duncan Idaho - Legacy GUID: 9e3302b176d763ed4ed288aecf1361a6
﻿18:02:25 : Player #13 Watermeloan (86.146.162.3:5302) connected
﻿18:02:26 : Player #13 Watermeloan - GUID: 00f1f19cb2865b2824b6333b67fdab5b (unverified)
﻿18:02:27 : Player #13 Watermeloan - Legacy GUID: 0b1362f0db49afad756ce8e03d838d09
﻿18:02:27 : Verified GUID (00f1f19cb2865b2824b6333b67fdab5b) of player #13 Watermeloan
﻿18:02:56 : Player #17 harry (31.51.60.229:5302) connected
﻿18:02:57 : Player #17 harry - GUID: 92cc3e6f8b2fbb07898b83227d17baa9 (unverified)
﻿18:02:58 : Verified GUID (92cc3e6f8b2fbb07898b83227d17baa9) of player #17 harry
﻿18:02:58 : Player #17 harry - Legacy GUID: ca1a75aa0aad8d52c327e805c0987253
﻿18:04:49 : Player #18 Bromkin (94.41.14.121:2304) connected
﻿18:04:51 : Player #18 Bromkin - GUID: a213917745a0a58f3174bbef4093c370 (unverified)
﻿18:04:51 : Player #18 Bromkin - Legacy GUID: c37ec6f367b0bed2ff65235c12948323
﻿18:04:52 : Verified GUID (a213917745a0a58f3174bbef4093c370) of player #18 Bromkin
﻿18:05:12 : RCon admin #3: (Global) Admins: LWB, Sierra and Turmoil
﻿18:05:43 : Player #5 Silas Lintrup disconnected
﻿18:06:48 : Player #19 Kokain Tomten disconnected
﻿18:10:16 : Player #5 Michigan (5.14.67.243:5302) connected
﻿18:10:18 : Player #5 Michigan - GUID: 2bc89dcf4093fff5dea8ac194dc520f6 (unverified)
﻿18:10:18 : Verified GUID (2bc89dcf4093fff5dea8ac194dc520f6) of player #5 Michigan
﻿18:10:18 : Player #5 Michigan - Legacy GUID: cab8b97b6c1d3c1e097f5f51bb45b65c
﻿18:11:05 : RCon admin #1: (To Takei) Turmoil: can you tell Bueno to come back on TS please? :)
﻿18:11:16 : Player #5 Michigan disconnected
﻿18:14:07 : Player #5 Michigan (5.14.67.243:5302) connected
﻿18:14:08 : Player #5 Michigan - GUID: 2bc89dcf4093fff5dea8ac194dc520f6 (unverified)
﻿18:14:09 : Verified GUID (2bc89dcf4093fff5dea8ac194dc520f6) of player #5 Michigan
﻿18:14:09 : Player #5 Michigan - Legacy GUID: cab8b97b6c1d3c1e097f5f51bb45b65c
﻿18:15:13 : Player #19 Bock (5.186.198.174:2304) connected
﻿18:15:14 : Player #19 Bock - GUID: 7db662f5bfbf2195f8e715ab674cf2d4 (unverified)
﻿18:15:15 : Verified GUID (7db662f5bfbf2195f8e715ab674cf2d4) of player #19 Bock
﻿18:15:15 : Player #19 Bock - Legacy GUID: 888629fc20a0d3426fd9445c55012ad5
﻿18:15:34 : Player #22 Silas Lintrup (5.103.150.81:5302) connected
﻿18:15:35 : Player #22 Silas Lintrup - GUID: 6a5a58a087d97e43cf7389d6d5499074 (unverified)
﻿18:15:36 : Verified GUID (6a5a58a087d97e43cf7389d6d5499074) of player #22 Silas Lintrup
﻿18:15:36 : Player #22 Silas Lintrup - Legacy GUID: 6db3e7a4197f39e9c641128871fa093d
﻿18:16:17 : Player #18 Bromkin disconnected
﻿18:17:54 : RCon admin #0 (109.145.123.124:59479) logged in
﻿18:19:00 : Player #5 Michigan (2bc89dcf4093fff5dea8ac194dc520f6) has been kicked by BattlEye: Ping too high (328)
﻿18:19:11 : Player #10 Tariko (0e1b7cef9785f1de964c483b5cb2804e) has been kicked by BattlEye: CreateVehicle Restriction #1
﻿18:19:12 : RCon admin #3: (Global) BASES MUST BE MAINTAINED VIA THE PLOT POLE EVERY 7 DAYS!!
﻿18:20:49 : Player #5 lukeredfearn (109.246.2.210:5302) connected
﻿18:20:51 : Player #5 lukeredfearn - GUID: 848d9de78cc2e68001c444852b7cba2e (unverified)
﻿18:20:52 : Player #5 lukeredfearn - Legacy GUID: 14986a55bf4c03853706ca4e2bb06a70
﻿18:20:52 : Verified GUID (848d9de78cc2e68001c444852b7cba2e) of player #5 lukeredfearn
﻿18:22:06 : Player #10 Tariko (92.56.104.77:5302) connected
﻿18:22:08 : Player #10 Tariko - GUID: 0e1b7cef9785f1de964c483b5cb2804e (unverified)
﻿18:22:09 : Verified GUID (0e1b7cef9785f1de964c483b5cb2804e) of player #10 Tariko
﻿18:22:09 : Player #10 Tariko - Legacy GUID: 2f065e0e4b95230e2b6b6c1e7306f34f
﻿18:23:50 : Player #18 jihmbo (88.91.114.228:5302) connected
﻿18:23:53 : Player #18 jihmbo - GUID: ee7ce574311a5d6c4e679950cf925571 (unverified)
﻿18:23:53 : Verified GUID (ee7ce574311a5d6c4e679950cf925571) of player #18 jihmbo
﻿18:23:55 : Player #18 jihmbo - Legacy GUID: e3c8df3b5cabee540710612b24fc5d58
﻿18:24:12 : RCon admin #3: (Global) Vehicles left in trader zones at restarts will be moved to the vehicle pound and unlocked
﻿18:24:52 : RCon admin #0: (Global) Sierra [SD]: LWB, Turmoil and myself are admins. No one else. If you wish to report a player please use the website, uploading video proof you may have. 
﻿18:25:48 : RCon admin #3: (To SaddamHaysayn) Watch your language. No Warnings left. Next badword will result in kick
﻿18:25:54 : RCon admin #3: (To Przemek) Watch your language. No Warnings left. Next badword will result in kick
﻿18:25:57 : RCon admin #3: (To Takei) Watch your language. No Warnings left. Next badword will result in kick
﻿18:25:57 : Player #0 SaddamHaysayn (8ddf286d29a805dbb659e26ddebb06fd) has been kicked by BattlEye: Admin Kick (BEC : Your language usage does not fit this server)
﻿18:26:02 : Player #2 Przemek disconnected
﻿18:26:24 : Player #12 Takei (dc91fa664853b824c4dbe6013ecb83e1) has been kicked by BattlEye: Admin Ban (Duping)
﻿18:26:26 : Player #0 ImAGummyBear (188.221.191.82:5302) connected
﻿18:26:28 : Player #0 ImAGummyBear - GUID: 28607443977e0d34ba31e1d1b1cf63cc (unverified)
﻿18:26:29 : Verified GUID (28607443977e0d34ba31e1d1b1cf63cc) of player #0 ImAGummyBear
﻿18:26:30 : Player #0 ImAGummyBear - Legacy GUID: 1edcdd9a06073b525814ab835b2ed95f
﻿18:26:30 : Player #4 Seba (18bc294a75da5e8bd1d1b3e7a931044e) has been kicked by BattlEye: Admin Ban (Duping)
﻿18:26:56 : RCon admin #3: (To Przemek (2)) Watch your language. No Warnings left. Next badword will result in kick
﻿18:27:01 : Player #9 Przemek (2) (385db1e102ace7ffd55a45324d99849d) has been kicked by BattlEye: Admin Ban (Duping)
﻿18:27:18 : RCon admin #0: (Global) Sierra [SD]: Anyone else?
﻿18:28:04 : RCon admin #4: (Global) LWB: Stupid little kids
﻿18:28:09 : RCon admin #4: (Global) LWB: Think its funny
﻿18:28:36 : RCon admin #4: (Global) LWB: playable? What issues do you have with it?
﻿18:29:47 : RCon admin #4: (Global) LWB: Oh you mena 2die4
﻿18:29:50 : Player #17 harry (92cc3e6f8b2fbb07898b83227d17baa9) has been kicked by BattlEye: Ping too high (3469)
﻿18:29:51 : RCon admin #4: (Global) LWB: mean
﻿18:30:41 : Player #2 MrPaulik (84.176.252.63:5302) connected
﻿18:30:43 : Player #2 MrPaulik - Legacy GUID: 461aebd5574264ffd65caf013a5c89f7
﻿18:30:43 : Player #2 MrPaulik - GUID: 03452db50db5c223df4c6f471b1ab73c (unverified)
﻿18:30:44 : Verified GUID (03452db50db5c223df4c6f471b1ab73c) of player #2 MrPaulik
﻿18:30:49 : RCon admin #4: (Global) LWB: 2die4 :)
﻿18:31:11 : Player #4 Kristofer (80.167.158.234:5302) connected
﻿18:31:12 : Player #4 Kristofer - GUID: 2b86704b29539328409ccb3a5d68ee16 (unverified)
﻿18:31:13 : Player #4 Kristofer - Legacy GUID: 532a02150a07d7896569eec4a25e1c2e
﻿18:31:13 : Verified GUID (2b86704b29539328409ccb3a5d68ee16) of player #4 Kristofer
﻿18:32:12 : Player #9 MalteserHead (81.153.195.172:5302) connected
﻿18:32:13 : Player #9 MalteserHead - GUID: d19c83eca2d2a1dd18d22d47caf5d877 (unverified)
﻿18:32:14 : Player #9 MalteserHead - Legacy GUID: bf19a734e5d9309104ca2b73bac2151f
﻿18:32:15 : Verified GUID (d19c83eca2d2a1dd18d22d47caf5d877) of player #9 MalteserHead
﻿18:32:58 : Player #8 WannaBe disconnected
﻿18:34:40 : RCon admin #4: (Global) LWB: Boc you didnt hit him, I checked the hit log
﻿18:34:44 : RCon admin #4: (Global) LWB: bock..
﻿18:34:50 : RCon admin #0: (Global) Sierra [SD]: If someone had proof of it yes.
﻿18:35:00 : RCon admin #4: (Global) LWB: Sure, put it on the forum
﻿18:35:06 : RCon admin #4: (Global) LWB: Ill put up the log too
﻿18:35:12 : RCon admin #3: (Global) Admins: LWB, Sierra and Turmoil
﻿18:35:16 : Player #8 harry (31.51.60.229:5302) connected
﻿18:35:17 : Player #8 harry - GUID: 92cc3e6f8b2fbb07898b83227d17baa9 (unverified)
﻿18:35:18 : Verified GUID (92cc3e6f8b2fbb07898b83227d17baa9) of player #8 harry
﻿18:35:18 : Player #8 harry - Legacy GUID: ca1a75aa0aad8d52c327e805c0987253
﻿18:39:14 : Player #12 marshal (5.105.93.103:5302) connected
﻿18:39:16 : Player #12 marshal - GUID: 8f8f5cc1e74f338f2e92044a73a3b6c0 (unverified)
﻿18:39:16 : Verified GUID (8f8f5cc1e74f338f2e92044a73a3b6c0) of player #12 marshal
﻿18:39:17 : Player #12 marshal - Legacy GUID: effe0f34494524a34c0e3f069b68213f
﻿18:39:46 : Player #17 Elio (64.76.13.5:10051) connected
﻿18:39:48 : Player #17 Elio - Legacy GUID: b2525981208c3bf836b497140b8822f0
﻿18:39:49 : Player #17 Elio - GUID: e740ba763ca73b6474cdaf511966ef63 (unverified)
﻿18:39:50 : Verified GUID (e740ba763ca73b6474cdaf511966ef63) of player #17 Elio
﻿18:40:50 : Player #5 lukeredfearn disconnected
﻿18:41:48 : Player #17 Elio disconnected
﻿18:41:59 : Player #18 jihmbo disconnected
﻿18:42:05 : Player #8 harry disconnected
﻿18:42:26 : RCon admin #4: (Global) LWB: You hit his heli maybe, but not him
﻿18:42:29 : Player #9 MalteserHead disconnected
﻿18:42:34 : Player #5 lukeredfearn (109.246.2.210:5302) connected
﻿18:42:39 : Player #5 lukeredfearn - GUID: 848d9de78cc2e68001c444852b7cba2e (unverified)
﻿18:42:40 : Verified GUID (848d9de78cc2e68001c444852b7cba2e) of player #5 lukeredfearn
﻿18:43:27 : Player #5 lukeredfearn disconnected
﻿18:44:35 : Player #5 lukeredfearn (109.246.2.210:5302) connected
﻿18:44:37 : Player #5 lukeredfearn - GUID: 848d9de78cc2e68001c444852b7cba2e (unverified)
﻿18:44:37 : Player #5 lukeredfearn - Legacy GUID: 14986a55bf4c03853706ca4e2bb06a70
﻿18:44:37 : Verified GUID (848d9de78cc2e68001c444852b7cba2e) of player #5 lukeredfearn
﻿18:46:08 : Player #8 Robbys Gamer (178.8.252.13:5302) connected
﻿18:46:09 : Player #8 Robbys Gamer - GUID: 7c28c92461f5de0f83cd29e74ac8d912 (unverified)
﻿18:46:10 : Verified GUID (7c28c92461f5de0f83cd29e74ac8d912) of player #8 Robbys Gamer
﻿18:46:10 : Player #8 Robbys Gamer - Legacy GUID: 572620fa8651c62b194670c20206a1be
﻿18:46:56 : Player #10 Tariko disconnected
﻿18:47:05 : Player #5 lukeredfearn disconnected
﻿18:47:55 : Player #5 lukeredfearn (109.246.2.210:5302) connected
﻿18:47:57 : Player #5 lukeredfearn - Legacy GUID: 14986a55bf4c03853706ca4e2bb06a70
﻿18:47:58 : Player #5 lukeredfearn - GUID: 848d9de78cc2e68001c444852b7cba2e (unverified)
﻿18:47:58 : Verified GUID (848d9de78cc2e68001c444852b7cba2e) of player #5 lukeredfearn
﻿18:49:12 : RCon admin #3: (Global) BASES MUST BE MAINTAINED VIA THE PLOT POLE EVERY 7 DAYS!!
﻿18:52:55 : Player #9 LWB [SD] (109.145.123.124:2304) connected
﻿18:52:56 : Player #9 LWB [SD] - GUID: bc07c7c39c76cf95a7a434d686d9df66 (unverified)
﻿18:52:57 : Verified GUID (bc07c7c39c76cf95a7a434d686d9df66) of player #9 LWB [SD]
﻿18:52:57 : Player #9 LWB [SD] - Legacy GUID: 977383e15b6c706cac44ca953ba440c7
﻿18:54:12 : RCon admin #3: (Global) Vehicles left in trader zones at restarts will be moved to the vehicle pound and unlocked
﻿18:54:56 : Player #7 Duncan Idaho disconnected
﻿18:57:08 : Player #7 SABAL (84.108.91.167:2304) connected
﻿18:57:09 : Player #7 SABAL - GUID: 08336263d0142c9e93358f680655080e (unverified)
﻿18:57:10 : Player #7 SABAL - Legacy GUID: 9dadc6dcf9ed90911a3d42a3def63970
﻿18:57:14 : Verified GUID (08336263d0142c9e93358f680655080e) of player #7 SABAL
﻿18:57:15 : Player #7 SABAL disconnected
﻿18:58:13 : Player #7 SABAL (84.108.91.167:2304) connected
﻿18:58:14 : Player #7 SABAL - GUID: 08336263d0142c9e93358f680655080e (unverified)
﻿18:58:15 : Player #7 SABAL - Legacy GUID: 9dadc6dcf9ed90911a3d42a3def63970
﻿18:58:16 : Verified GUID (08336263d0142c9e93358f680655080e) of player #7 SABAL
﻿18:58:16 : Player #7 SABAL disconnected
﻿18:58:56 : Player #0 ImAGummyBear disconnected
﻿18:59:14 : Player #0 SABAL (84.108.91.167:2304) connected
﻿18:59:15 : Player #0 SABAL - GUID: 08336263d0142c9e93358f680655080e (unverified)
﻿18:59:16 : Player #0 SABAL - Legacy GUID: 9dadc6dcf9ed90911a3d42a3def63970
﻿18:59:17 : RCon admin #4: (Global) LWB: There are 3 admins
﻿18:59:18 : Player #13 Watermeloan disconnected
﻿18:59:20 : Verified GUID (08336263d0142c9e93358f680655080e) of player #0 SABAL
﻿18:59:21 : Player #0 SABAL disconnected
﻿18:59:26 : RCon admin #4: (Global) LWB: me, seirra and turmoil, thats it
﻿18:59:31 : RCon admin #4: (Global) LWB: noone else is admin
﻿18:59:34 : Player #20 Blue Madick disconnected
﻿19:00:36 : Player #8 Robbys Gamer disconnected
﻿19:05:12 : RCon admin #3: (Global) Admins: LWB, Sierra and Turmoil
﻿19:06:56 : Player #15 Dont touch my Tralala disconnected
﻿19:16:18 : Player #0 Baatezu (46.30.166.166:5302) connected
﻿19:16:20 : Player #0 Baatezu - GUID: 84bee7310c50e98d236a2952902fb2f8 (unverified)
﻿19:16:21 : Player #0 Baatezu - Legacy GUID: 012fd47e57492c12bf6db993c3fd12df
﻿19:16:21 : Verified GUID (84bee7310c50e98d236a2952902fb2f8) of player #0 Baatezu
﻿19:17:23 : Player #7 Joe1337 (173.56.244.209:5302) connected
﻿19:17:24 : Player #7 Joe1337 - GUID: 4df247eb69946e6f70aa1b97d1fd1984 (unverified)
﻿19:17:25 : Verified GUID (4df247eb69946e6f70aa1b97d1fd1984) of player #7 Joe1337
﻿19:17:25 : Player #7 Joe1337 - Legacy GUID: f0f37623e9e3f803ce928b260553fd55
﻿19:17:30 : Player #8 [beer.sports]Servant (178.201.206.70:5302) connected
﻿19:17:31 : Player #8 [beer.sports]Servant - GUID: a19ad08e7c62a811eb72ecde0e066ab9 (unverified)
﻿19:17:32 : Verified GUID (a19ad08e7c62a811eb72ecde0e066ab9) of player #8 [beer.sports]Servant
﻿19:17:32 : Player #8 [beer.sports]Servant - Owner GUID: e11223a68cba0291127ea402facdacab
﻿19:17:32 : Player #8 [beer.sports]Servant - Legacy GUID: f298e9a8d6af51f8cc47e99cf425caf7
﻿19:19:12 : RCon admin #3: (Global) BASES MUST BE MAINTAINED VIA THE PLOT POLE EVERY 7 DAYS!!
﻿19:20:47 : Player #3 Turmoil disconnected
﻿19:22:28 : Player #12 marshal disconnected
﻿19:23:46 : Player #3 Xyi (109.252.130.50:5302) connected
﻿19:23:47 : Player #3 Xyi - GUID: cc40e70762999613f83c1131a8e0d357 (unverified)
﻿19:23:47 : Verified GUID (cc40e70762999613f83c1131a8e0d357) of player #3 Xyi
﻿19:23:48 : Player #3 Xyi - Legacy GUID: b57899e642d975b05d09c28b2574325a
﻿19:24:11 : RCon admin #3: (Global) Vehicles left in trader zones at restarts will be moved to the vehicle pound and unlocked
﻿19:24:19 : Player #0 Baatezu disconnected
﻿19:24:58 : Player #0 Misha (158.255.174.144:5302) connected
﻿19:25:00 : Player #0 Misha - GUID: c7a580fe5a8f0588d9188255f645a983 (unverified)
﻿19:25:01 : Verified GUID (c7a580fe5a8f0588d9188255f645a983) of player #0 Misha
﻿19:25:01 : Player #0 Misha - Legacy GUID: 47b156f5811017af477e33b322ed2c7b
﻿19:26:59 : RCon admin #5 (109.145.123.124:56303) logged in
﻿19:30:12 : RCon admin #3: (Global) Server will restart in 10 minutes
﻿19:30:44 : Player #10 Negan (81.206.52.250:5302) connected
﻿19:30:45 : Player #10 Negan - GUID: 6e1f7fe5e6de522415fa985c3ca87cee (unverified)
﻿19:30:46 : Verified GUID (6e1f7fe5e6de522415fa985c3ca87cee) of player #10 Negan
﻿19:30:46 : Player #10 Negan - Legacy GUID: d611d92f547b33c315edbadc786f86f6
﻿19:31:09 : RCon admin #0 (109.145.123.124:50635) logged in
﻿19:32:08 : Player #7 Joe1337 disconnected
﻿19:33:45 : Player #1 Josh disconnected
﻿19:34:21 : Player #21 James disconnected
﻿19:34:31 : Player #1 harry (31.51.60.229:5302) connected
﻿19:34:33 : Player #1 harry - GUID: 92cc3e6f8b2fbb07898b83227d17baa9 (unverified)
﻿19:34:33 : Verified GUID (92cc3e6f8b2fbb07898b83227d17baa9) of player #1 harry
﻿19:34:34 : Player #1 harry - Legacy GUID: ca1a75aa0aad8d52c327e805c0987253
﻿19:35:12 : RCon admin #3: (Global) Admins: LWB, Sierra and Turmoil
﻿19:35:12 : RCon admin #3: (Global) Server will restart in 5 minutes: Prepare to Logout
﻿19:36:24 : Player #10 Negan disconnected
﻿19:36:50 : RCon admin #2 (109.145.123.124:56556) logged in
﻿19:36:58 : Player #4 Kristofer disconnected
﻿19:37:14 : Player #2 MrPaulik disconnected
﻿19:37:35 : Player #8 [beer.sports]Servant disconnected
﻿19:37:39 : Player #1 harry (92cc3e6f8b2fbb07898b83227d17baa9) has been kicked by BattlEye: Client not responding
﻿19:38:12 : RCon admin #3: (Global) The Server is about to restart. LOG OUT NOW OR YOUR GEAR MAY BE LOST!!
﻿19:38:20 : Player #24 [KEK] Lutajev disconnected
﻿19:38:29 : Player #6 nKey disconnected
﻿19:38:57 : Player #5 lukeredfearn disconnected
﻿19:39:29 : Player #22 Silas Lintrup disconnected
﻿19:39:40 : Player #19 Bock disconnected
﻿19:39:41 : RCon admin #3: (Global) YOU SHOULD BE LOGGED OUT BY NOW! IF YOU ARENT YOU WILL BE AUTO KICKED AND YOUR GEAR MAY BE LOST! NO REFUNDS!
﻿19:40:08 : Player #11 Gary disconnected
﻿19:40:45 : Rcon client logging in
﻿19:40:45 : RCon admin #4 (78.31.67.100:49460) logged in
﻿19:40:59 : Player #1 lukeredfearn (109.246.2.210:5302) connected
﻿19:41:00 : Player #1 lukeredfearn - GUID: 848d9de78cc2e68001c444852b7cba2e (unverified)
﻿19:41:01 : Verified GUID (848d9de78cc2e68001c444852b7cba2e) of player #1 lukeredfearn
﻿19:41:01 : Player #1 lukeredfearn - Legacy GUID: 14986a55bf4c03853706ca4e2bb06a70
﻿19:41:04 : Player #2 Xyi (109.252.130.50:5302) connected
﻿19:41:07 : Player #3 Kristofer (80.167.158.234:5302) connected
﻿19:41:07 : Player #2 Xyi - GUID: cc40e70762999613f83c1131a8e0d357 (unverified)
﻿19:41:08 : Verified GUID (cc40e70762999613f83c1131a8e0d357) of player #2 Xyi
﻿19:41:08 : Player #3 Kristofer - GUID: 2b86704b29539328409ccb3a5d68ee16 (unverified)
﻿19:41:08 : Verified GUID (2b86704b29539328409ccb3a5d68ee16) of player #3 Kristofer
﻿19:41:09 : Player #3 Kristofer - Legacy GUID: 532a02150a07d7896569eec4a25e1c2e
﻿19:41:09 : Player #2 Xyi - Legacy GUID: b57899e642d975b05d09c28b2574325a
﻿19:41:22 : Player #4 J0k3r (84.159.141.224:5302) connected
﻿19:41:24 : Player #4 J0k3r - GUID: 653286731dbb0c0a39a6b01970a014d4 (unverified)
﻿19:41:24 : Player #4 J0k3r - Legacy GUID: 268a45a07d0cfb32181c45a094f39c6b
﻿19:41:25 : Verified GUID (653286731dbb0c0a39a6b01970a014d4) of player #4 J0k3r
﻿19:41:30 : Player #5 Bock (5.186.198.174:2304) connected
﻿19:41:30 : Player #6 Josh (213.120.51.13:5302) connected
﻿19:41:31 : Player #5 Bock - GUID: 7db662f5bfbf2195f8e715ab674cf2d4 (unverified)
﻿19:41:31 : Verified GUID (7db662f5bfbf2195f8e715ab674cf2d4) of player #5 Bock
﻿19:41:32 : Player #6 Josh - GUID: 8e5a3a3d5d08855afb45e635b24eb27a (unverified)
﻿19:41:32 : Player #5 Bock - Legacy GUID: 888629fc20a0d3426fd9445c55012ad5
﻿19:41:32 : Verified GUID (8e5a3a3d5d08855afb45e635b24eb27a) of player #6 Josh
﻿19:41:32 : Player #6 Josh - Legacy GUID: 71b0d1d55eaf8b78889281c5727d1a5e
﻿19:42:27 : Player #7 Silas Lintrup (5.103.150.81:5302) connected
﻿19:42:29 : Player #7 Silas Lintrup - GUID: 6a5a58a087d97e43cf7389d6d5499074 (unverified)
﻿19:42:29 : Verified GUID (6a5a58a087d97e43cf7389d6d5499074) of player #7 Silas Lintrup
﻿19:42:29 : Player #7 Silas Lintrup - Legacy GUID: 6db3e7a4197f39e9c641128871fa093d
﻿19:42:51 : Player #8 Misha (158.255.174.144:5302) connected
﻿19:42:52 : Player #5 Bock disconnected
﻿19:42:53 : Player #8 Misha - GUID: c7a580fe5a8f0588d9188255f645a983 (unverified)
﻿19:42:53 : Verified GUID (c7a580fe5a8f0588d9188255f645a983) of player #8 Misha
﻿19:42:53 : Player #8 Misha - Legacy GUID: 47b156f5811017af477e33b322ed2c7b
﻿19:43:32 : Player #3 Kristofer disconnected
﻿19:43:41 : Player #1 lukeredfearn disconnected
﻿19:44:04 : Player #1 lukeredfearn (109.246.2.210:5302) connected
﻿19:44:06 : Player #1 lukeredfearn - GUID: 848d9de78cc2e68001c444852b7cba2e (unverified)
﻿19:44:07 : Verified GUID (848d9de78cc2e68001c444852b7cba2e) of player #1 lukeredfearn
﻿19:44:07 : Player #3 Kristofer (80.167.158.234:5302) connected
﻿19:44:08 : Player #1 lukeredfearn - Legacy GUID: 14986a55bf4c03853706ca4e2bb06a70
﻿19:44:08 : Player #3 Kristofer - GUID: 2b86704b29539328409ccb3a5d68ee16 (unverified)
﻿19:44:09 : Verified GUID (2b86704b29539328409ccb3a5d68ee16) of player #3 Kristofer
﻿19:44:09 : Player #3 Kristofer - Legacy GUID: 532a02150a07d7896569eec4a25e1c2e
﻿19:44:17 : Player #6 Josh disconnected
﻿19:44:39 : Player #5 [KEK]neshy33 (86.135.95.172:3304) connected
﻿19:44:40 : Player #7 Silas Lintrup disconnected
﻿19:44:40 : Player #5 [KEK]neshy33 - GUID: c3c42a91140a6ec9a5d4011c58272389 (unverified)
﻿19:44:41 : Verified GUID (c3c42a91140a6ec9a5d4011c58272389) of player #5 [KEK]neshy33
﻿19:44:41 : Player #6 Bock (5.186.198.174:2304) connected
﻿19:44:41 : Player #5 [KEK]neshy33 - Legacy GUID: f2ea68e95425d6617809d61147785e57
﻿19:44:42 : Player #6 Bock - GUID: 7db662f5bfbf2195f8e715ab674cf2d4 (unverified)
﻿19:44:42 : Verified GUID (7db662f5bfbf2195f8e715ab674cf2d4) of player #6 Bock
﻿19:44:43 : Player #6 Bock - Legacy GUID: 888629fc20a0d3426fd9445c55012ad5
﻿19:45:00 : Player #1 lukeredfearn disconnected
﻿19:45:01 : Player #1 MacManBob (87.50.14.41:5302) connected
﻿19:45:02 : Player #1 MacManBob - GUID: 823a9a7af0c21a5da94feeebcc8fabd3 (unverified)
﻿19:45:02 : Verified GUID (823a9a7af0c21a5da94feeebcc8fabd3) of player #1 MacManBob
﻿19:45:03 : Player #1 MacManBob - Legacy GUID: af41045637641cb4e556201c28b6f985
﻿19:45:16 : Player #7 Silas Lintrup (5.103.150.81:5302) connected
﻿19:45:17 : Player #7 Silas Lintrup - GUID: 6a5a58a087d97e43cf7389d6d5499074 (unverified)
﻿19:45:17 : Verified GUID (6a5a58a087d97e43cf7389d6d5499074) of player #7 Silas Lintrup
﻿19:45:18 : Player #7 Silas Lintrup - Legacy GUID: 6db3e7a4197f39e9c641128871fa093d
﻿19:45:23 : Player #9 nKey (213.186.243.202:5302) connected
﻿19:45:23 : Player #10 Josh (213.120.51.13:5302) connected
﻿19:45:24 : Player #9 nKey - GUID: eb0e774c726efc1aa11a05e97c181f21 (unverified)
﻿19:45:24 : Player #10 Josh - GUID: 8e5a3a3d5d08855afb45e635b24eb27a (unverified)
﻿19:45:24 : Verified GUID (eb0e774c726efc1aa11a05e97c181f21) of player #9 nKey
﻿19:45:25 : Player #9 nKey - Legacy GUID: fd4918ec7a507bf7a9e3c847eab84af0
﻿19:45:25 : Verified GUID (8e5a3a3d5d08855afb45e635b24eb27a) of player #10 Josh
﻿19:45:25 : Player #10 Josh - Legacy GUID: 71b0d1d55eaf8b78889281c5727d1a5e
﻿19:45:35 : Player #11 lukeredfearn (109.246.2.210:5302) connected
﻿19:45:37 : Player #11 lukeredfearn - GUID: 848d9de78cc2e68001c444852b7cba2e (unverified)
﻿19:45:37 : Player #11 lukeredfearn - Legacy GUID: 14986a55bf4c03853706ca4e2bb06a70
﻿19:45:37 : Verified GUID (848d9de78cc2e68001c444852b7cba2e) of player #11 lukeredfearn
﻿19:46:18 : Player #12 [KEK] Lutajev (95.105.135.122:5302) connected
﻿19:46:19 : Player #12 [KEK] Lutajev - GUID: 195cba76c50d0c43307d89d8552cd891 (unverified)
﻿19:46:20 : Player #12 [KEK] Lutajev - Legacy GUID: 893f875c8fe226f0380b90e5550c7335
﻿19:46:20 : Verified GUID (195cba76c50d0c43307d89d8552cd891) of player #12 [KEK] Lutajev
﻿19:48:12 : Player #13 Robbys Gamer (178.8.252.13:5302) connected
﻿19:48:13 : Player #13 Robbys Gamer - GUID: 7c28c92461f5de0f83cd29e74ac8d912 (unverified)
﻿19:48:13 : Verified GUID (7c28c92461f5de0f83cd29e74ac8d912) of player #13 Robbys Gamer
﻿19:48:14 : Player #13 Robbys Gamer - Legacy GUID: 572620fa8651c62b194670c20206a1be
﻿19:50:59 : Player #14 Nup (84.251.135.222:5302) connected
﻿19:51:00 : Player #14 Nup - GUID: 96e4b558ecdde69beebfc43d4046fb26 (unverified)
﻿19:51:01 : Verified GUID (96e4b558ecdde69beebfc43d4046fb26) of player #14 Nup
﻿19:51:01 : Player #14 Nup - Legacy GUID: 39eaa00e1dcaced7f0773865d4c96e24
﻿19:52:06 : RCon admin #0: (Global) LWB: quite a few still
﻿19:53:15 : RCon admin #5 (109.145.123.124:60642) logged in
﻿19:53:26 : Player #15 stken (31.162.32.159:5302) connected
﻿19:53:27 : Player #15 stken - GUID: 5eb9bbef4fc4458e82c63f084a03fe2c (unverified)
﻿19:53:28 : Player #15 stken - Legacy GUID: ef3487dc52830d70426b32a102c9f813
﻿19:53:28 : Verified GUID (5eb9bbef4fc4458e82c63f084a03fe2c) of player #15 stken
﻿19:53:59 : Player #16 MrPaulik (84.176.252.63:5302) connected
﻿19:54:01 : Player #16 MrPaulik - GUID: 03452db50db5c223df4c6f471b1ab73c (unverified)
﻿19:54:02 : Player #16 MrPaulik - Legacy GUID: 461aebd5574264ffd65caf013a5c89f7
﻿19:54:02 : Verified GUID (03452db50db5c223df4c6f471b1ab73c) of player #16 MrPaulik
﻿19:54:46 : RCon admin #4: (Global) Vehicles left in trader zones at restarts will be moved to the vehicle pound and unlocked
﻿19:57:14 : Player #17 DirtyAlex (94.50.6.232:11023) connected
﻿19:57:16 : Player #17 DirtyAlex - GUID: 6b1dfa10bdfb55bf5607214e66110e76 (unverified)
﻿19:57:16 : Player #17 DirtyAlex - Legacy GUID: 62b15f1e4392515f31021bca6b2b5d03
﻿19:57:17 : Verified GUID (6b1dfa10bdfb55bf5607214e66110e76) of player #17 DirtyAlex
﻿19:57:44 : Player #4 J0k3r disconnected
﻿19:58:50 : Player #4 J0k3r (84.159.141.224:5302) connected
﻿19:58:52 : Player #4 J0k3r - GUID: 653286731dbb0c0a39a6b01970a014d4 (unverified)
﻿19:58:53 : Verified GUID (653286731dbb0c0a39a6b01970a014d4) of player #4 J0k3r
﻿19:58:54 : Player #4 J0k3r - Legacy GUID: 268a45a07d0cfb32181c45a094f39c6b
﻿20:01:07 : Player #17 DirtyAlex disconnected
﻿20:01:47 : Player #17 DirtyAlex (94.50.6.232:11023) connected
﻿20:01:49 : Player #17 DirtyAlex - GUID: 6b1dfa10bdfb55bf5607214e66110e76 (unverified)
﻿20:01:49 : Verified GUID (6b1dfa10bdfb55bf5607214e66110e76) of player #17 DirtyAlex
﻿20:01:49 : Player #17 DirtyAlex - Legacy GUID: 62b15f1e4392515f31021bca6b2b5d03
﻿20:05:38 : Player #18 [beer.sports]Servant (178.201.206.70:5302) connected
﻿20:05:39 : Player #18 [beer.sports]Servant - GUID: a19ad08e7c62a811eb72ecde0e066ab9 (unverified)
﻿20:05:39 : Verified GUID (a19ad08e7c62a811eb72ecde0e066ab9) of player #18 [beer.sports]Servant
﻿20:05:40 : Player #18 [beer.sports]Servant - Owner GUID: e11223a68cba0291127ea402facdacab
﻿20:05:40 : Player #18 [beer.sports]Servant - Legacy GUID: f298e9a8d6af51f8cc47e99cf425caf7
﻿20:05:46 : RCon admin #4: (Global) Admins: LWB, Sierra and Turmoil
﻿20:10:45 : Player #18 [beer.sports]Servant disconnected
﻿20:11:47 : Player #18 [beer.sports]Servant (178.201.206.70:5302) connected
﻿20:11:48 : Player #18 [beer.sports]Servant - GUID: a19ad08e7c62a811eb72ecde0e066ab9 (unverified)
﻿20:11:49 : Verified GUID (a19ad08e7c62a811eb72ecde0e066ab9) of player #18 [beer.sports]Servant
﻿20:11:49 : Player #18 [beer.sports]Servant - Owner GUID: e11223a68cba0291127ea402facdacab
﻿20:11:49 : Player #18 [beer.sports]Servant - Legacy GUID: f298e9a8d6af51f8cc47e99cf425caf7
﻿20:15:35 : RCon admin #1: (Global) Turmoil: Hey boys - Keep sidechat in english and use group vehicle and direct for other languages :) 
﻿20:19:46 : RCon admin #4: (Global) BASES MUST BE MAINTAINED VIA THE PLOT POLE EVERY 7 DAYS!!
﻿20:21:11 : Player #4 J0k3r (653286731dbb0c0a39a6b01970a014d4) has been kicked by BattlEye: Client not responding
﻿20:22:17 : Player #4 J0k3r (84.159.129.124:5302) connected
﻿20:22:18 : Player #4 J0k3r - GUID: 653286731dbb0c0a39a6b01970a014d4 (unverified)
﻿20:22:19 : Player #4 J0k3r - Legacy GUID: 268a45a07d0cfb32181c45a094f39c6b
﻿20:22:19 : Verified GUID (653286731dbb0c0a39a6b01970a014d4) of player #4 J0k3r
﻿20:24:46 : RCon admin #4: (Global) Vehicles left in trader zones at restarts will be moved to the vehicle pound and unlocked
﻿20:25:40 : RCon admin #3 (85.164.156.180:65264) logged in
﻿20:31:18 : Player #11 lukeredfearn disconnected
﻿20:31:20 : Player #13 Robbys Gamer disconnected
﻿20:33:00 : Player #11 Beastiboy (89.15.238.20:42888) connected
﻿20:33:02 : Player #11 Beastiboy - GUID: 936a425caa1da69d4565676ad370e0d0 (unverified)
﻿20:33:02 : Player #11 Beastiboy - Legacy GUID: b4c68b307db036e1593c0b08e81d467e
﻿20:33:03 : Verified GUID (936a425caa1da69d4565676ad370e0d0) of player #11 Beastiboy
﻿20:33:31 : Player #3 Kristofer disconnected
﻿20:35:46 : RCon admin #4: (Global) Admins: LWB, Sierra and Turmoil
﻿20:39:38 : Player #7 Silas Lintrup disconnected
﻿20:41:28 : RCon admin #0: (Global) LWB: Er no. Its to stop glitches
﻿20:44:00 : Player #3 [FR] El Gitano (217.162.34.79:5302) connected
﻿20:44:01 : Player #3 [FR] El Gitano - GUID: 533074ca31dcfadb01a4c235aafe77fc (unverified)
﻿20:44:02 : Player #3 [FR] El Gitano - Legacy GUID: 7b2b6f7fce4089ca021eda997bc36c55
﻿20:44:02 : Verified GUID (533074ca31dcfadb01a4c235aafe77fc) of player #3 [FR] El Gitano
﻿20:44:04 : Player #3 [FR] El Gitano disconnected
﻿20:44:49 : Player #3 LWB [SD] (109.145.123.124:2304) connected
﻿20:44:50 : Player #3 LWB [SD] - GUID: bc07c7c39c76cf95a7a434d686d9df66 (unverified)
﻿20:44:50 : Verified GUID (bc07c7c39c76cf95a7a434d686d9df66) of player #3 LWB [SD]
﻿20:44:51 : Player #3 LWB [SD] - Legacy GUID: 977383e15b6c706cac44ca953ba440c7
﻿20:46:30 : Player #7 Rojo (86.170.146.211:5302) connected
﻿20:46:33 : Player #7 Rojo - GUID: a911c666ead7505d89e6d685f3d7e4ce (unverified)
﻿20:46:33 : Player #7 Rojo - Legacy GUID: 5d091fbf90ac4236e6fbf20307000fe6
﻿20:46:33 : Verified GUID (a911c666ead7505d89e6d685f3d7e4ce) of player #7 Rojo
﻿20:48:36 : Player #5 [KEK]neshy33 disconnected
﻿20:49:16 : Player #5 Daryl Dixon (200.90.206.131:5302) connected
﻿20:49:18 : Player #5 Daryl Dixon - GUID: 58a001fc0f5553fd592994a2100528b3 (unverified)
﻿20:49:18 : Player #5 Daryl Dixon - Legacy GUID: 3569506c1ef258c101e1c8cfc085e214
﻿20:49:19 : Verified GUID (58a001fc0f5553fd592994a2100528b3) of player #5 Daryl Dixon
﻿20:49:37 : Player #13 [KEK]neshy33 (86.135.95.172:5302) connected
﻿20:49:38 : Player #13 [KEK]neshy33 - GUID: c3c42a91140a6ec9a5d4011c58272389 (unverified)
﻿20:49:38 : Verified GUID (c3c42a91140a6ec9a5d4011c58272389) of player #13 [KEK]neshy33
﻿20:49:39 : Player #13 [KEK]neshy33 - Legacy GUID: f2ea68e95425d6617809d61147785e57
﻿20:49:46 : RCon admin #4: (Global) BASES MUST BE MAINTAINED VIA THE PLOT POLE EVERY 7 DAYS!!
﻿20:50:27 : Player #17 DirtyAlex disconnected
﻿20:50:29 : Player #17 [RnbZ]SgtBoss (31.16.251.144:2484) connected
﻿20:50:30 : Player #17 [RnbZ]SgtBoss - GUID: 4faa4016459d58fa544ea82c7c614cf2 (unverified)
﻿20:50:31 : Verified GUID (4faa4016459d58fa544ea82c7c614cf2) of player #17 [RnbZ]SgtBoss
﻿20:50:31 : Player #17 [RnbZ]SgtBoss - Legacy GUID: 5c98898e33c8a8fb51757566e505d534
﻿20:50:55 : Player #19 untik (31.16.249.196:46286) connected
﻿20:50:56 : Player #19 untik - GUID: b50d03b1d16a17b8cf3feeddee34bce4 (unverified)
﻿20:50:57 : Player #19 untik - Legacy GUID: 35b3a12352613a395a0cae2934b4c94e
﻿20:50:58 : Verified GUID (b50d03b1d16a17b8cf3feeddee34bce4) of player #19 untik
﻿20:51:32 : Player #7 Rojo disconnected
﻿20:51:36 : Player #18 [beer.sports]Servant disconnected
﻿20:51:48 : Player #7 User (86.175.23.223:5302) connected
﻿20:51:50 : Player #7 User - GUID: 4aecd49d68080158b8cbdf0998c272eb (unverified)
﻿20:51:50 : Verified GUID (4aecd49d68080158b8cbdf0998c272eb) of player #7 User
﻿20:51:51 : Player #7 User - Legacy GUID: f2adaa302b829f2f5bf10b65c4bd0ba7
﻿20:53:17 : Player #18 RAVESpidermn (5.66.191.240:5302) connected
﻿20:53:18 : Player #18 RAVESpidermn - GUID: a38b18118fc2f0e6352fe86bb2472681 (unverified)
﻿20:53:19 : Player #18 RAVESpidermn - Legacy GUID: d33c93446e5f0176d40d6892118473ed
﻿20:53:19 : Verified GUID (a38b18118fc2f0e6352fe86bb2472681) of player #18 RAVESpidermn
﻿20:54:16 : Player #20 [beer.sports]Servant (178.201.206.70:5302) connected
﻿20:54:18 : Player #20 [beer.sports]Servant - GUID: a19ad08e7c62a811eb72ecde0e066ab9 (unverified)
﻿20:54:19 : Player #20 [beer.sports]Servant - Legacy GUID: f298e9a8d6af51f8cc47e99cf425caf7
﻿20:54:19 : Verified GUID (a19ad08e7c62a811eb72ecde0e066ab9) of player #20 [beer.sports]Servant
﻿20:54:19 : Player #20 [beer.sports]Servant - Owner GUID: e11223a68cba0291127ea402facdacab
﻿20:54:46 : RCon admin #4: (Global) Vehicles left in trader zones at restarts will be moved to the vehicle pound and unlocked
﻿20:56:40 : Player #7 User disconnected
﻿20:56:55 : Player #13 [KEK]neshy33 disconnected
﻿20:57:25 : Player #3 LWB [SD] disconnected
﻿20:57:29 : Player #3 [KEK]neshy33 (86.135.95.172:5302) connected
﻿20:57:30 : Player #3 [KEK]neshy33 - GUID: c3c42a91140a6ec9a5d4011c58272389 (unverified)
﻿20:57:31 : Verified GUID (c3c42a91140a6ec9a5d4011c58272389) of player #3 [KEK]neshy33
﻿20:57:31 : Player #3 [KEK]neshy33 - Legacy GUID: f2ea68e95425d6617809d61147785e57
﻿21:00:57 : Player #15 stken disconnected
﻿21:01:00 : Player #5 Daryl Dixon (58a001fc0f5553fd592994a2100528b3) has been kicked by BattlEye: Ping too high (594)
﻿21:03:44 : RCon admin #0: (Global) LWB: one.You cant place another within 300m
﻿21:05:03 : RCon admin #0: (Global) LWB: Im not sure how accurate that is. If you scroll on the plot and select show plot boundry you can see exactly where it is
﻿21:05:46 : RCon admin #4: (Global) Admins: LWB, Sierra and Turmoil
﻿21:06:20 : Player #0 Buk Lau disconnected
﻿21:07:19 : Player #14 Nup disconnected
﻿21:10:15 : Player #0 Romeo Waffle (62.30.122.94:5302) connected
﻿21:10:16 : Player #0 Romeo Waffle - GUID: c9e4ebfc873ff7b6c8c7c43715f9f4b9 (unverified)
﻿21:10:17 : Player #0 Romeo Waffle - Legacy GUID: 39c7e50395557b2fce1372d07d6fdbe1
﻿21:10:17 : Verified GUID (c9e4ebfc873ff7b6c8c7c43715f9f4b9) of player #0 Romeo Waffle
﻿21:15:28 : Player #6 Bock disconnected
﻿21:19:46 : RCon admin #4: (Global) BASES MUST BE MAINTAINED VIA THE PLOT POLE EVERY 7 DAYS!!
﻿21:20:06 : Player #2 Xyi disconnected
﻿21:21:13 : RCon admin #0: (Global) LWB: nah, let them rot. They will go eventually
﻿21:21:45 : Player #8 Misha disconnected
﻿21:22:35 : Player #18 RAVESpidermn disconnected
﻿21:23:16 : Player #2 Napoli (217.132.46.197:5302) connected
﻿21:23:17 : Player #2 Napoli - GUID: 7c387779e24cf57ff3f26a148d9f2c2e (unverified)
﻿21:23:18 : Player #2 Napoli - Legacy GUID: 09857be604144881652a632da2f42807
﻿21:23:18 : Verified GUID (7c387779e24cf57ff3f26a148d9f2c2e) of player #2 Napoli
﻿21:24:26 : Player #20 [beer.sports]Servant disconnected
﻿21:24:33 : Player #5 William (68.114.141.166:5302) connected
﻿21:24:34 : Player #5 William - GUID: 8309777f4e0f08c727a00572645aad9d (unverified)
﻿21:24:35 : Verified GUID (8309777f4e0f08c727a00572645aad9d) of player #5 William
﻿21:24:35 : Player #5 William - Legacy GUID: c96a14702ce04ea54316d90f5dbdf247
﻿21:24:46 : RCon admin #4: (Global) Vehicles left in trader zones at restarts will be moved to the vehicle pound and unlocked
﻿21:25:17 : Player #2 Napoli disconnected
﻿21:26:22 : Player #1 MacManBob disconnected
﻿21:32:21 : Player #1 rorouni (92.218.165.154:5302) connected
﻿21:32:22 : Player #1 rorouni - GUID: f9f172b18594d05753e8a6a3624c7e7a (unverified)
﻿21:32:23 : Player #1 rorouni - Legacy GUID: f7b74b050a377ac145c78ed6806ca638
﻿21:32:23 : Verified GUID (f9f172b18594d05753e8a6a3624c7e7a) of player #1 rorouni
﻿21:34:51 : Player #1 rorouni disconnected
﻿21:35:46 : RCon admin #4: (Global) Admins: LWB, Sierra and Turmoil
﻿21:37:11 : Player #1 Pilleman (93.232.15.197:5302) connected
﻿21:37:12 : Player #1 Pilleman - GUID: 36014184156db49917a2d7f58149e7dc (unverified)
﻿21:37:13 : Verified GUID (36014184156db49917a2d7f58149e7dc) of player #1 Pilleman
﻿21:37:13 : Player #1 Pilleman - Legacy GUID: 7b3e3366f11366609a7b131f943ab13a
﻿21:37:22 : Player #2 Napoli (217.132.46.197:5302) connected
﻿21:37:24 : Player #2 Napoli - GUID: 7c387779e24cf57ff3f26a148d9f2c2e (unverified)
﻿21:37:25 : Player #2 Napoli - Legacy GUID: 09857be604144881652a632da2f42807
﻿21:37:25 : Verified GUID (7c387779e24cf57ff3f26a148d9f2c2e) of player #2 Napoli
﻿21:38:02 : Player #6 BogdanHD (217.239.5.114:5302) connected
﻿21:38:03 : Player #6 BogdanHD - GUID: 1a42c7bcdd61791a251270d84738505e (unverified)
﻿21:38:04 : Player #6 BogdanHD - Legacy GUID: 1e36b8313b73403f5f262cada6ce23fa
﻿21:38:04 : Verified GUID (1a42c7bcdd61791a251270d84738505e) of player #6 BogdanHD
﻿21:39:02 : Player #9 nKey disconnected
﻿21:42:03 : Player #7 Mettbroetchen (87.160.122.230:5302) connected
﻿21:42:04 : Player #7 Mettbroetchen - GUID: 886121d941221843f016ea3315e61e7f (unverified)
﻿21:42:05 : Player #7 Mettbroetchen - Legacy GUID: e90fb859f29ab4036dca05ee57cbd97a
﻿21:42:06 : Verified GUID (886121d941221843f016ea3315e61e7f) of player #7 Mettbroetchen
﻿21:44:23 : Player #8 Rumple (86.163.225.142:5302) connected
﻿21:44:24 : Player #8 Rumple - GUID: 6b4e2d4dee1ba25c37397f61086d849f (unverified)
﻿21:44:25 : Player #8 Rumple - Legacy GUID: c02996bbbf5b100277526e50930f9b51
﻿21:44:25 : Verified GUID (6b4e2d4dee1ba25c37397f61086d849f) of player #8 Rumple
﻿21:48:16 : Player #9 Kevin (174.57.28.140:5302) connected
﻿21:48:17 : Player #9 Kevin - GUID: 00527275219bc3da840277246880bec2 (unverified)
﻿21:48:18 : Player #9 Kevin - Legacy GUID: 053afc024ba5b369f2029fc46ebae866
﻿21:48:19 : Verified GUID (00527275219bc3da840277246880bec2) of player #9 Kevin
﻿21:48:31 : Player #9 Kevin disconnected
﻿21:49:46 : RCon admin #4: (Global) BASES MUST BE MAINTAINED VIA THE PLOT POLE EVERY 7 DAYS!!
﻿21:50:29 : Player #3 [KEK]neshy33 disconnected
﻿21:50:36 : Player #12 [KEK] Lutajev disconnected
﻿21:51:26 : Player #17 [RnbZ]SgtBoss disconnected
﻿21:52:29 : Player #3 Mike Fondu (88.88.255.6:5302) connected
﻿21:52:30 : Player #3 Mike Fondu - GUID: 8fb32a3ea6bf38529cf681c17e6c018d (unverified)
﻿21:52:31 : Verified GUID (8fb32a3ea6bf38529cf681c17e6c018d) of player #3 Mike Fondu
﻿21:52:31 : Player #3 Mike Fondu - Legacy GUID: 0c9589811842c7b5d01c9a3e9f0758f9
﻿21:53:43 : Player #19 untik disconnected
﻿21:54:11 : Player #2 Napoli disconnected
﻿21:54:45 : RCon admin #4: (Global) Vehicles left in trader zones at restarts will be moved to the vehicle pound and unlocked
﻿21:54:55 : Player #2 Napoli (217.132.46.197:5302) connected
﻿21:54:56 : Player #2 Napoli - GUID: 7c387779e24cf57ff3f26a148d9f2c2e (unverified)
﻿21:54:57 : Verified GUID (7c387779e24cf57ff3f26a148d9f2c2e) of player #2 Napoli
﻿21:54:57 : Player #2 Napoli - Legacy GUID: 09857be604144881652a632da2f42807
﻿22:00:41 : Player #5 William disconnected
﻿22:00:46 : RCon admin #4: (Global) Server will restart in 10 minutes
﻿22:05:06 : Player #7 Mettbroetchen disconnected
﻿22:05:06 : Player #1 Pilleman disconnected
﻿22:05:46 : RCon admin #4: (Global) Admins: LWB, Sierra and Turmoil
﻿22:05:46 : RCon admin #4: (Global) Server will restart in 5 minutes: Prepare to Logout
﻿22:06:18 : Player #4 J0k3r disconnected
﻿22:07:09 : Player #6 BogdanHD disconnected
﻿22:08:46 : RCon admin #4: (Global) The Server is about to restart. LOG OUT NOW OR YOUR GEAR MAY BE LOST!!
﻿22:09:02 : Player #8 Rumple disconnected
﻿22:09:06 : Player #3 Mike Fondu disconnected
﻿22:09:07 : Player #0 Romeo Waffle disconnected
﻿22:09:32 : Player #10 Josh disconnected
﻿22:09:52 : Player #11 Beastiboy disconnected
﻿22:10:16 : RCon admin #4: (Global) YOU SHOULD BE LOGGED OUT BY NOW! IF YOU ARENT YOU WILL BE AUTO KICKED AND YOUR GEAR MAY BE LOST! NO REFUNDS!
﻿22:11:19 : Rcon client logging in
﻿22:11:19 : RCon admin #3 (78.31.67.100:57665) logged in
﻿22:11:52 : Player #1 Beastiboy (89.15.238.20:32999) connected
﻿22:11:54 : Player #1 Beastiboy - GUID: 936a425caa1da69d4565676ad370e0d0 (unverified)
﻿22:11:54 : Verified GUID (936a425caa1da69d4565676ad370e0d0) of player #1 Beastiboy
﻿22:11:54 : Player #1 Beastiboy - Legacy GUID: b4c68b307db036e1593c0b08e81d467e
﻿22:12:10 : Player #2 Rumple (86.163.225.142:5302) connected
﻿22:12:11 : Player #2 Rumple - GUID: 6b4e2d4dee1ba25c37397f61086d849f (unverified)
﻿22:12:11 : Player #3 J0k3r (84.159.129.124:5302) connected
﻿22:12:11 : Verified GUID (6b4e2d4dee1ba25c37397f61086d849f) of player #2 Rumple
﻿22:12:11 : Player #2 Rumple - Legacy GUID: c02996bbbf5b100277526e50930f9b51
﻿22:12:12 : Player #3 J0k3r - GUID: 653286731dbb0c0a39a6b01970a014d4 (unverified)
﻿22:12:12 : Verified GUID (653286731dbb0c0a39a6b01970a014d4) of player #3 J0k3r
﻿22:12:13 : Player #3 J0k3r - Legacy GUID: 268a45a07d0cfb32181c45a094f39c6b
﻿22:12:33 : Player #4 Mike Fondu (88.88.255.6:5302) connected
﻿22:12:34 : Player #4 Mike Fondu - GUID: 8fb32a3ea6bf38529cf681c17e6c018d (unverified)
﻿22:12:34 : Verified GUID (8fb32a3ea6bf38529cf681c17e6c018d) of player #4 Mike Fondu
﻿22:12:35 : Player #4 Mike Fondu - Legacy GUID: 0c9589811842c7b5d01c9a3e9f0758f9
﻿22:13:05 : Player #5 BogdanHD (217.239.5.114:5302) connected
﻿22:13:07 : Player #5 BogdanHD - GUID: 1a42c7bcdd61791a251270d84738505e (unverified)
﻿22:13:07 : Verified GUID (1a42c7bcdd61791a251270d84738505e) of player #5 BogdanHD
﻿22:13:07 : Player #5 BogdanHD - Legacy GUID: 1e36b8313b73403f5f262cada6ce23fa
﻿22:13:53 : Player #6 Romeo Waffle (62.30.122.94:5302) connected
﻿22:13:54 : Player #6 Romeo Waffle - GUID: c9e4ebfc873ff7b6c8c7c43715f9f4b9 (unverified)
﻿22:13:54 : Verified GUID (c9e4ebfc873ff7b6c8c7c43715f9f4b9) of player #6 Romeo Waffle
﻿22:13:55 : Player #6 Romeo Waffle - Legacy GUID: 39c7e50395557b2fce1372d07d6fdbe1
﻿22:14:35 : Player #7 Ryan (174.193.138.77:4420) connected
﻿22:14:36 : Player #7 Ryan - GUID: e7ac67e38ae9181536dfc0ef4d9294ce (unverified)
﻿22:14:37 : Verified GUID (e7ac67e38ae9181536dfc0ef4d9294ce) of player #7 Ryan
﻿22:14:37 : Player #7 Ryan - Legacy GUID: 61e57892a3113be48246cf2f5f0272d3
﻿22:20:24 : Player #8 Mettbroetchen (87.160.122.230:5302) connected
﻿22:20:25 : Player #8 Mettbroetchen - GUID: 886121d941221843f016ea3315e61e7f (unverified)
﻿22:20:25 : Verified GUID (886121d941221843f016ea3315e61e7f) of player #8 Mettbroetchen
﻿22:20:26 : Player #8 Mettbroetchen - Legacy GUID: e90fb859f29ab4036dca05ee57cbd97a
﻿22:23:06 : Player #1 Beastiboy (936a425caa1da69d4565676ad370e0d0) has been kicked by BattlEye: Client not responding
﻿22:25:20 : RCon admin #3: (Global) Vehicles left in trader zones at restarts will be moved to the vehicle pound and unlocked
﻿22:26:32 : Player #1 Pilleman (93.232.15.197:5302) connected
﻿22:26:33 : Player #1 Pilleman - GUID: 36014184156db49917a2d7f58149e7dc (unverified)
﻿22:26:33 : Verified GUID (36014184156db49917a2d7f58149e7dc) of player #1 Pilleman
﻿22:26:34 : Player #1 Pilleman - Legacy GUID: 7b3e3366f11366609a7b131f943ab13a
﻿22:28:19 : Player #8 Mettbroetchen disconnected
﻿22:28:22 : Player #1 Pilleman disconnected
﻿22:36:20 : RCon admin #3: (Global) Admins: LWB, Sierra and Turmoil
﻿22:36:41 : Player #1 ChipPanDan (51.6.18.12:5302) connected
﻿22:36:42 : Player #1 ChipPanDan - GUID: 0b769dad67604335cfff0091e2b2e4af (unverified)
﻿22:36:43 : Verified GUID (0b769dad67604335cfff0091e2b2e4af) of player #1 ChipPanDan
﻿22:36:43 : Player #1 ChipPanDan - Legacy GUID: 5f77ec810c45c314c179d6f0728b69d7
﻿22:38:21 : Player #4 Mike Fondu disconnected
﻿22:39:03 : Player #4 Mike Fondu (88.88.255.6:5302) connected
﻿22:39:04 : Player #4 Mike Fondu - GUID: 8fb32a3ea6bf38529cf681c17e6c018d (unverified)
﻿22:39:05 : Verified GUID (8fb32a3ea6bf38529cf681c17e6c018d) of player #4 Mike Fondu
﻿22:39:05 : Player #4 Mike Fondu - Legacy GUID: 0c9589811842c7b5d01c9a3e9f0758f9
﻿22:48:06 : Player #8 PoPPe (84.202.146.3:5302) connected
﻿22:48:07 : Player #8 PoPPe - GUID: 50ebf5e911b3885accaa8bdeda7a0be1 (unverified)
﻿22:48:07 : Verified GUID (50ebf5e911b3885accaa8bdeda7a0be1) of player #8 PoPPe
﻿22:48:08 : Player #8 PoPPe - Legacy GUID: 6a552aab940ca1d7d59d0ac5d4f2fc27
﻿22:50:20 : RCon admin #3: (Global) BASES MUST BE MAINTAINED VIA THE PLOT POLE EVERY 7 DAYS!!
﻿22:55:20 : RCon admin #3: (Global) Vehicles left in trader zones at restarts will be moved to the vehicle pound and unlocked
﻿22:55:29 : Player #6 Romeo Waffle disconnected
﻿22:55:32 : Player #4 Mike Fondu disconnected
﻿22:55:32 : Player #2 Rumple disconnected
﻿23:02:58 : Player #3 J0k3r (653286731dbb0c0a39a6b01970a014d4) has been kicked by BattlEye: Ping too high (328)
﻿23:03:13 : Player #1 ChipPanDan disconnected
﻿23:03:58 : Player #1 J0k3r (84.159.129.124:5302) connected
﻿23:03:59 : Player #1 J0k3r - GUID: 653286731dbb0c0a39a6b01970a014d4 (unverified)
﻿23:04:00 : Verified GUID (653286731dbb0c0a39a6b01970a014d4) of player #1 J0k3r
﻿23:04:01 : Player #1 J0k3r - Legacy GUID: 268a45a07d0cfb32181c45a094f39c6b
﻿23:06:20 : RCon admin #3: (Global) Admins: LWB, Sierra and Turmoil
﻿23:20:15 : RCon admin #1 (109.145.123.124:49489) logged in
﻿23:20:20 : RCon admin #3: (Global) BASES MUST BE MAINTAINED VIA THE PLOT POLE EVERY 7 DAYS!!
﻿23:25:20 : RCon admin #3: (Global) Vehicles left in trader zones at restarts will be moved to the vehicle pound and unlocked
﻿23:26:28 : Player #2 Josh (213.120.51.13:5302) connected
﻿23:26:30 : Player #2 Josh - GUID: 8e5a3a3d5d08855afb45e635b24eb27a (unverified)
﻿23:26:30 : Player #2 Josh - Legacy GUID: 71b0d1d55eaf8b78889281c5727d1a5e
﻿23:26:31 : Verified GUID (8e5a3a3d5d08855afb45e635b24eb27a) of player #2 Josh
﻿23:29:42 : Player #2 Josh disconnected
﻿23:30:03 : RCon admin #2 (109.145.123.124:56730) logged in
﻿23:36:20 : RCon admin #3: (Global) Admins: LWB, Sierra and Turmoil
﻿23:38:01 : RCon admin #1 (109.145.123.124:64523) logged in
﻿23:47:06 : Player #2 Rhys Porter (188.220.64.233:5302) connected
﻿23:47:07 : Player #2 Rhys Porter - GUID: 719a2b2b1592f68d44446a7cb441a7bb (unverified)
﻿23:47:08 : Verified GUID (719a2b2b1592f68d44446a7cb441a7bb) of player #2 Rhys Porter
﻿23:47:08 : Player #2 Rhys Porter - Legacy GUID: c2809ca7ee3ec42058a8d740baf929f8
﻿23:50:11 : Player #1 J0k3r (653286731dbb0c0a39a6b01970a014d4) has been kicked by BattlEye: Ping too high (407)
﻿23:50:20 : RCon admin #3: (Global) BASES MUST BE MAINTAINED VIA THE PLOT POLE EVERY 7 DAYS!!
﻿23:51:15 : Player #1 J0k3r (84.159.129.124:5302) connected
﻿23:51:16 : Player #1 J0k3r - GUID: 653286731dbb0c0a39a6b01970a014d4 (unverified)
﻿23:51:17 : Verified GUID (653286731dbb0c0a39a6b01970a014d4) of player #1 J0k3r
﻿23:51:17 : Player #1 J0k3r - Legacy GUID: 268a45a07d0cfb32181c45a094f39c6b
﻿23:52:53 : Player #1 J0k3r disconnected
﻿23:53:38 : Player #1 J0k3r (84.159.129.124:5302) connected
﻿23:53:39 : Player #1 J0k3r - GUID: 653286731dbb0c0a39a6b01970a014d4 (unverified)
﻿23:53:40 : Verified GUID (653286731dbb0c0a39a6b01970a014d4) of player #1 J0k3r
﻿23:53:40 : Player #1 J0k3r - Legacy GUID: 268a45a07d0cfb32181c45a094f39c6b
﻿23:55:20 : RCon admin #3: (Global) Vehicles left in trader zones at restarts will be moved to the vehicle pound and unlocked
﻿23:55:37 : Player #3 Buk Lau (76.100.221.30:5302) connected
﻿23:55:39 : Player #3 Buk Lau - GUID: f0549bf0121c1c8168a09923585a5eb4 (unverified)
﻿23:55:39 : Verified GUID (f0549bf0121c1c8168a09923585a5eb4) of player #3 Buk Lau
﻿23:55:40 : Player #3 Buk Lau - Legacy GUID: 60bd3373a356fe041515b7b38832e2a8
