00:00:37 : Player #6 AngelKate disconnected
﻿00:00:42 : RCon admin #4: (Global) Server will restart in 10 minutes
﻿00:03:30 : Player #4 David disconnected
﻿00:05:41 : RCon admin #4: (Global) Admins: LWB, Sierra and Turmoil
﻿00:05:42 : RCon admin #4: (Global) Server will restart in 5 minutes: Prepare to Logout
﻿00:07:59 : Player #0 Przemek disconnected
﻿00:08:15 : Player #5 Alarik disconnected
﻿00:08:41 : RCon admin #4: (Global) The Server is about to restart. LOG OUT NOW OR YOUR GEAR MAY BE LOST!!
﻿00:08:44 : Player #3 Takei disconnected
﻿00:10:11 : RCon admin #4: (Global) YOU SHOULD BE LOGGED OUT BY NOW! IF YOU ARENT YOU WILL BE AUTO KICKED AND YOUR GEAR MAY BE LOST! NO REFUNDS!
﻿00:11:15 : Rcon client logging in
﻿00:11:16 : RCon admin #3 (78.31.67.100:62873) logged in
﻿00:14:23 : Player #1 David (213.226.235.74:5302) connected
﻿00:14:25 : Player #1 David - GUID: a3eca824d62cdbe6cbaa21727dfccc31 (unverified)
﻿00:14:25 : Verified GUID (a3eca824d62cdbe6cbaa21727dfccc31) of player #1 David
﻿00:14:25 : Player #1 David - Legacy GUID: 2c7144b96f2390472c00f4bfcbe1108d
﻿00:14:44 : Player #2 AngelKate (81.90.168.47:4986) connected
﻿00:14:46 : Player #2 AngelKate - GUID: 4702812b2acd10fba3af830c5ad1ed39 (unverified)
﻿00:14:46 : Verified GUID (4702812b2acd10fba3af830c5ad1ed39) of player #2 AngelKate
﻿00:14:47 : Player #2 AngelKate - Legacy GUID: c7f8d190f99dd8ccd338db62911ea51f
﻿00:18:53 : Player #3 AksiOnPc (89.11.132.16:64040) connected
﻿00:18:54 : Player #3 AksiOnPc - GUID: 60558a95c9b9c0c4fc61bed23607bf13 (unverified)
﻿00:18:54 : Verified GUID (60558a95c9b9c0c4fc61bed23607bf13) of player #3 AksiOnPc
﻿00:18:55 : Player #3 AksiOnPc - Legacy GUID: 2f406800d4f6df89cdd1de61bd1a3d6c
﻿00:21:07 : Player #3 AksiOnPc disconnected
﻿00:25:15 : RCon admin #3: (Global) Vehicles left in trader zones at restarts will be moved to the vehicle pound and unlocked
﻿00:36:15 : RCon admin #3: (Global) Admins: LWB, Sierra and Turmoil
﻿00:50:15 : RCon admin #3: (Global) BASES MUST BE MAINTAINED VIA THE PLOT POLE EVERY 7 DAYS!!
﻿00:55:15 : RCon admin #3: (Global) Vehicles left in trader zones at restarts will be moved to the vehicle pound and unlocked
﻿00:59:56 : Player #3 Dr. Thompson (70.114.10.91:5302) connected
﻿00:59:58 : Player #3 Dr. Thompson - GUID: 0cc7765c443d6f00a8e059ea57c4d414 (unverified)
﻿00:59:58 : Verified GUID (0cc7765c443d6f00a8e059ea57c4d414) of player #3 Dr. Thompson
﻿00:59:59 : Player #3 Dr. Thompson - Legacy GUID: ad6adacc78c1f448ae1942a10cc3c1c7
﻿01:06:15 : RCon admin #3: (Global) Admins: LWB, Sierra and Turmoil
﻿01:11:19 : RCon admin #4 (86.131.103.232:53315) logged in
﻿01:11:40 : RCon admin #2 (86.131.103.232:50973) logged in
﻿01:20:15 : RCon admin #3: (Global) BASES MUST BE MAINTAINED VIA THE PLOT POLE EVERY 7 DAYS!!
﻿01:25:15 : RCon admin #3: (Global) Vehicles left in trader zones at restarts will be moved to the vehicle pound and unlocked
﻿01:36:15 : RCon admin #3: (Global) Admins: LWB, Sierra and Turmoil
﻿01:50:15 : RCon admin #3: (Global) BASES MUST BE MAINTAINED VIA THE PLOT POLE EVERY 7 DAYS!!
﻿01:55:15 : RCon admin #3: (Global) Vehicles left in trader zones at restarts will be moved to the vehicle pound and unlocked
﻿02:06:15 : RCon admin #3: (Global) Admins: LWB, Sierra and Turmoil
﻿02:20:15 : RCon admin #3: (Global) BASES MUST BE MAINTAINED VIA THE PLOT POLE EVERY 7 DAYS!!
﻿02:25:15 : RCon admin #3: (Global) Vehicles left in trader zones at restarts will be moved to the vehicle pound and unlocked
﻿02:30:09 : Player #0 Kardon disconnected
﻿02:30:13 : Player #2 AngelKate disconnected
﻿02:31:15 : RCon admin #3: (Global) Server will restart in 10 minutes
﻿02:32:17 : Player #1 David disconnected
﻿02:36:15 : RCon admin #3: (Global) Admins: LWB, Sierra and Turmoil
﻿02:36:16 : RCon admin #3: (Global) Server will restart in 5 minutes: Prepare to Logout
﻿02:38:31 : Player #3 Dr. Thompson disconnected
﻿02:39:15 : RCon admin #3: (Global) The Server is about to restart. LOG OUT NOW OR YOUR GEAR MAY BE LOST!!
﻿02:40:45 : RCon admin #3: (Global) YOU SHOULD BE LOGGED OUT BY NOW! IF YOU ARENT YOU WILL BE AUTO KICKED AND YOUR GEAR MAY BE LOST! NO REFUNDS!
﻿02:41:49 : Rcon client logging in
﻿02:41:49 : RCon admin #3 (78.31.67.100:49631) logged in
﻿02:55:49 : RCon admin #3: (Global) Vehicles left in trader zones at restarts will be moved to the vehicle pound and unlocked
﻿03:02:15 : Player #0 Dr. Thompson (70.114.10.91:5302) connected
﻿03:02:16 : Player #0 Dr. Thompson - GUID: 0cc7765c443d6f00a8e059ea57c4d414 (unverified)
﻿03:02:17 : Verified GUID (0cc7765c443d6f00a8e059ea57c4d414) of player #0 Dr. Thompson
﻿03:02:17 : Player #0 Dr. Thompson - Legacy GUID: ad6adacc78c1f448ae1942a10cc3c1c7
﻿03:06:49 : RCon admin #3: (Global) Admins: LWB, Sierra and Turmoil
﻿03:20:49 : RCon admin #3: (Global) BASES MUST BE MAINTAINED VIA THE PLOT POLE EVERY 7 DAYS!!
﻿03:25:49 : RCon admin #3: (Global) Vehicles left in trader zones at restarts will be moved to the vehicle pound and unlocked
﻿03:31:52 : Player #1 [RNV] MrBachi (186.148.71.198:5302) connected
﻿03:31:53 : Player #1 [RNV] MrBachi - GUID: f9e0d479374a8375fed1eebc9d585e98 (unverified)
﻿03:31:54 : Verified GUID (f9e0d479374a8375fed1eebc9d585e98) of player #1 [RNV] MrBachi
﻿03:31:54 : Player #1 [RNV] MrBachi - Legacy GUID: d0b20a428b36d1fed628d0c7e3a1bf47
﻿03:31:55 : Player #1 [RNV] MrBachi disconnected
﻿03:36:49 : RCon admin #3: (Global) Admins: LWB, Sierra and Turmoil
﻿03:37:27 : Player #1 SEN ONE (99.109.93.28:5302) connected
﻿03:37:29 : Player #1 SEN ONE - GUID: e2ff22d2684d500cb28117a914a3e614 (unverified)
﻿03:37:29 : Verified GUID (e2ff22d2684d500cb28117a914a3e614) of player #1 SEN ONE
﻿03:37:30 : Player #1 SEN ONE - Legacy GUID: ea9613e4e7f55895ce807e57e548c240
﻿03:38:07 : Player #2 Collin (8.42.226.20:5302) connected
﻿03:38:09 : Player #2 Collin - GUID: 784fd49f7059430f8b01bbf2eaacdbb2 (unverified)
﻿03:38:09 : Verified GUID (784fd49f7059430f8b01bbf2eaacdbb2) of player #2 Collin
﻿03:38:11 : Player #2 Collin - Legacy GUID: afc19a0857d8d96001c83cf784fccbad
﻿03:48:25 : RCon admin #0 (86.131.103.232:55106) logged in
﻿03:48:25 : RCon admin #1 (86.131.103.232:59550) logged in
﻿03:50:49 : RCon admin #3: (Global) BASES MUST BE MAINTAINED VIA THE PLOT POLE EVERY 7 DAYS!!
﻿03:55:27 : Player #2 Collin disconnected
﻿03:55:50 : RCon admin #3: (Global) Vehicles left in trader zones at restarts will be moved to the vehicle pound and unlocked
﻿03:56:46 : Player #2 Collin (8.42.226.20:5302) connected
﻿03:56:47 : Player #2 Collin - GUID: 784fd49f7059430f8b01bbf2eaacdbb2 (unverified)
﻿03:56:48 : Verified GUID (784fd49f7059430f8b01bbf2eaacdbb2) of player #2 Collin
﻿03:56:48 : Player #2 Collin - Legacy GUID: afc19a0857d8d96001c83cf784fccbad
﻿04:06:50 : RCon admin #3: (Global) Admins: LWB, Sierra and Turmoil
﻿04:20:49 : RCon admin #3: (Global) BASES MUST BE MAINTAINED VIA THE PLOT POLE EVERY 7 DAYS!!
﻿04:25:49 : RCon admin #3: (Global) Vehicles left in trader zones at restarts will be moved to the vehicle pound and unlocked
﻿04:36:49 : RCon admin #3: (Global) Admins: LWB, Sierra and Turmoil
﻿04:47:00 : RCon admin #4 (86.131.103.232:54374) logged in
﻿04:50:49 : RCon admin #3: (Global) BASES MUST BE MAINTAINED VIA THE PLOT POLE EVERY 7 DAYS!!
﻿04:55:49 : RCon admin #3: (Global) Vehicles left in trader zones at restarts will be moved to the vehicle pound and unlocked
﻿05:00:30 : Player #0 Dr. Thompson disconnected
﻿05:01:40 : RCon admin #1 (86.131.103.232:61469) logged in
﻿05:01:49 : RCon admin #3: (Global) Server will restart in 10 minutes
﻿05:06:49 : RCon admin #3: (Global) Admins: LWB, Sierra and Turmoil
﻿05:06:50 : RCon admin #3: (Global) Server will restart in 5 minutes: Prepare to Logout
﻿05:09:49 : RCon admin #3: (Global) The Server is about to restart. LOG OUT NOW OR YOUR GEAR MAY BE LOST!!
﻿05:11:19 : RCon admin #3: (Global) YOU SHOULD BE LOGGED OUT BY NOW! IF YOU ARENT YOU WILL BE AUTO KICKED AND YOUR GEAR MAY BE LOST! NO REFUNDS!
﻿05:11:31 : Player #1 SEN ONE disconnected
﻿05:12:23 : Rcon client logging in
﻿05:12:23 : RCon admin #3 (78.31.67.100:50720) logged in
﻿05:15:32 : Player #0 Collin (8.42.226.20:5302) connected
﻿05:15:33 : Player #0 Collin - GUID: 784fd49f7059430f8b01bbf2eaacdbb2 (unverified)
﻿05:15:33 : Verified GUID (784fd49f7059430f8b01bbf2eaacdbb2) of player #0 Collin
﻿05:15:34 : Player #0 Collin - Legacy GUID: afc19a0857d8d96001c83cf784fccbad
﻿05:15:42 : Player #1 SEN ONE (99.109.93.28:5302) connected
﻿05:15:43 : Player #1 SEN ONE - GUID: e2ff22d2684d500cb28117a914a3e614 (unverified)
﻿05:15:43 : Verified GUID (e2ff22d2684d500cb28117a914a3e614) of player #1 SEN ONE
﻿05:15:44 : Player #1 SEN ONE - Legacy GUID: ea9613e4e7f55895ce807e57e548c240
﻿05:26:23 : RCon admin #3: (Global) Vehicles left in trader zones at restarts will be moved to the vehicle pound and unlocked
﻿05:37:23 : RCon admin #3: (Global) Admins: LWB, Sierra and Turmoil
﻿05:51:23 : RCon admin #3: (Global) BASES MUST BE MAINTAINED VIA THE PLOT POLE EVERY 7 DAYS!!
﻿05:56:23 : RCon admin #3: (Global) Vehicles left in trader zones at restarts will be moved to the vehicle pound and unlocked
﻿06:07:23 : RCon admin #3: (Global) Admins: LWB, Sierra and Turmoil
﻿06:21:23 : RCon admin #3: (Global) BASES MUST BE MAINTAINED VIA THE PLOT POLE EVERY 7 DAYS!!
﻿06:26:23 : RCon admin #3: (Global) Vehicles left in trader zones at restarts will be moved to the vehicle pound and unlocked
﻿06:37:23 : RCon admin #3: (Global) Admins: LWB, Sierra and Turmoil
﻿06:51:23 : RCon admin #3: (Global) BASES MUST BE MAINTAINED VIA THE PLOT POLE EVERY 7 DAYS!!
﻿06:56:23 : RCon admin #3: (Global) Vehicles left in trader zones at restarts will be moved to the vehicle pound and unlocked
﻿07:07:23 : RCon admin #3: (Global) Admins: LWB, Sierra and Turmoil
﻿07:21:23 : RCon admin #3: (Global) BASES MUST BE MAINTAINED VIA THE PLOT POLE EVERY 7 DAYS!!
﻿07:26:23 : RCon admin #3: (Global) Vehicles left in trader zones at restarts will be moved to the vehicle pound and unlocked
﻿07:32:23 : RCon admin #3: (Global) Server will restart in 10 minutes
﻿07:37:23 : RCon admin #3: (Global) Admins: LWB, Sierra and Turmoil
﻿07:37:24 : RCon admin #3: (Global) Server will restart in 5 minutes: Prepare to Logout
﻿07:40:23 : RCon admin #3: (Global) The Server is about to restart. LOG OUT NOW OR YOUR GEAR MAY BE LOST!!
﻿07:40:45 : Player #0 Collin disconnected
﻿07:41:53 : RCon admin #3: (Global) YOU SHOULD BE LOGGED OUT BY NOW! IF YOU ARENT YOU WILL BE AUTO KICKED AND YOUR GEAR MAY BE LOST! NO REFUNDS!
﻿07:42:09 : Player #1 SEN ONE disconnected
﻿07:42:57 : Rcon client logging in
﻿07:42:57 : RCon admin #3 (78.31.67.100:63541) logged in
﻿07:44:08 : Player #0 Collin (8.42.226.20:5302) connected
﻿07:44:09 : Player #0 Collin - GUID: 784fd49f7059430f8b01bbf2eaacdbb2 (unverified)
﻿07:44:09 : Verified GUID (784fd49f7059430f8b01bbf2eaacdbb2) of player #0 Collin
﻿07:44:10 : Player #0 Collin - Legacy GUID: afc19a0857d8d96001c83cf784fccbad
﻿07:45:04 : Player #1 SEN ONE (99.109.93.28:5302) connected
﻿07:45:05 : Player #1 SEN ONE - GUID: e2ff22d2684d500cb28117a914a3e614 (unverified)
﻿07:45:05 : Verified GUID (e2ff22d2684d500cb28117a914a3e614) of player #1 SEN ONE
﻿07:45:06 : Player #1 SEN ONE - Legacy GUID: ea9613e4e7f55895ce807e57e548c240
﻿07:56:57 : RCon admin #3: (Global) Vehicles left in trader zones at restarts will be moved to the vehicle pound and unlocked
﻿08:05:25 : Player #0 Collin disconnected
﻿08:07:57 : RCon admin #3: (Global) Admins: LWB, Sierra and Turmoil
﻿08:21:57 : RCon admin #3: (Global) BASES MUST BE MAINTAINED VIA THE PLOT POLE EVERY 7 DAYS!!
﻿08:26:57 : RCon admin #3: (Global) Vehicles left in trader zones at restarts will be moved to the vehicle pound and unlocked
﻿08:37:57 : RCon admin #3: (Global) Admins: LWB, Sierra and Turmoil
﻿08:51:57 : RCon admin #3: (Global) BASES MUST BE MAINTAINED VIA THE PLOT POLE EVERY 7 DAYS!!
﻿08:56:57 : RCon admin #3: (Global) Vehicles left in trader zones at restarts will be moved to the vehicle pound and unlocked
﻿09:07:57 : RCon admin #3: (Global) Admins: LWB, Sierra and Turmoil
﻿09:21:57 : RCon admin #3: (Global) BASES MUST BE MAINTAINED VIA THE PLOT POLE EVERY 7 DAYS!!
﻿09:26:57 : RCon admin #3: (Global) Vehicles left in trader zones at restarts will be moved to the vehicle pound and unlocked
﻿09:37:57 : RCon admin #3: (Global) Admins: LWB, Sierra and Turmoil
﻿09:46:52 : Player #0 Rocket (37.190.37.67:1395) connected
﻿09:46:53 : Player #0 Rocket - GUID: 7c8247ea4e0eb767bcdc0c99ed2d00f3 (unverified)
﻿09:46:54 : Verified GUID (7c8247ea4e0eb767bcdc0c99ed2d00f3) of player #0 Rocket
﻿09:46:54 : Player #0 Rocket - Legacy GUID: 7d4e0a95d1bbefedfa38fedaad9e6c5b
﻿09:51:57 : RCon admin #3: (Global) BASES MUST BE MAINTAINED VIA THE PLOT POLE EVERY 7 DAYS!!
﻿09:56:57 : RCon admin #3: (Global) Vehicles left in trader zones at restarts will be moved to the vehicle pound and unlocked
﻿10:00:06 : Player #2 <eXp> RafcioZG (89.67.63.218:5302) connected
﻿10:00:08 : Player #2 <eXp> RafcioZG - GUID: 02ed733403835a8a8517265415d84023 (unverified)
﻿10:00:08 : Verified GUID (02ed733403835a8a8517265415d84023) of player #2 <eXp> RafcioZG
﻿10:00:09 : Player #2 <eXp> RafcioZG - Legacy GUID: c9c653dd820194488bd099e2b5e7f454
﻿10:02:26 : Player #0 Rocket disconnected
﻿10:02:57 : RCon admin #3: (Global) Server will restart in 10 minutes
﻿10:05:02 : Player #2 <eXp> RafcioZG disconnected
﻿10:07:57 : RCon admin #3: (Global) Admins: LWB, Sierra and Turmoil
﻿10:07:58 : RCon admin #3: (Global) Server will restart in 5 minutes: Prepare to Logout
﻿10:10:57 : RCon admin #3: (Global) The Server is about to restart. LOG OUT NOW OR YOUR GEAR MAY BE LOST!!
﻿10:12:21 : Player #1 SEN ONE disconnected
﻿10:12:27 : RCon admin #3: (Global) YOU SHOULD BE LOGGED OUT BY NOW! IF YOU ARENT YOU WILL BE AUTO KICKED AND YOUR GEAR MAY BE LOST! NO REFUNDS!
﻿10:13:31 : Rcon client logging in
﻿10:13:31 : RCon admin #2 (78.31.67.100:49421) logged in
﻿10:13:41 : RCon admin #3 (86.131.103.232:60184) logged in
﻿10:15:58 : Player #0 SEN ONE (99.109.93.28:5302) connected
﻿10:16:00 : Player #0 SEN ONE - GUID: e2ff22d2684d500cb28117a914a3e614 (unverified)
﻿10:16:00 : Verified GUID (e2ff22d2684d500cb28117a914a3e614) of player #0 SEN ONE
﻿10:16:01 : Player #0 SEN ONE - Legacy GUID: ea9613e4e7f55895ce807e57e548c240
﻿10:18:41 : Player #1 <eXp> RafcioZG (89.67.63.218:5302) connected
﻿10:18:42 : Player #1 <eXp> RafcioZG - GUID: 02ed733403835a8a8517265415d84023 (unverified)
﻿10:18:42 : Verified GUID (02ed733403835a8a8517265415d84023) of player #1 <eXp> RafcioZG
﻿10:18:43 : Player #1 <eXp> RafcioZG - Legacy GUID: c9c653dd820194488bd099e2b5e7f454
﻿10:20:03 : Player #2 Rocket (37.190.37.67:12107) connected
﻿10:20:05 : Player #2 Rocket - GUID: 7c8247ea4e0eb767bcdc0c99ed2d00f3 (unverified)
﻿10:20:05 : Verified GUID (7c8247ea4e0eb767bcdc0c99ed2d00f3) of player #2 Rocket
﻿10:20:06 : Player #2 Rocket - Legacy GUID: 7d4e0a95d1bbefedfa38fedaad9e6c5b
﻿10:27:32 : RCon admin #2: (Global) Vehicles left in trader zones at restarts will be moved to the vehicle pound and unlocked
﻿10:38:32 : RCon admin #2: (Global) Admins: LWB, Sierra and Turmoil
﻿10:52:32 : RCon admin #2: (Global) BASES MUST BE MAINTAINED VIA THE PLOT POLE EVERY 7 DAYS!!
﻿10:57:32 : RCon admin #2: (Global) Vehicles left in trader zones at restarts will be moved to the vehicle pound and unlocked
﻿10:59:47 : RCon admin #4 (85.165.165.54:56038) logged in
﻿11:08:32 : RCon admin #2: (Global) Admins: LWB, Sierra and Turmoil
﻿11:09:26 : RCon admin #5 (86.131.103.232:57290) logged in
﻿11:09:26 : RCon admin #6 (86.131.103.232:49495) logged in
﻿11:12:57 : RCon admin #4: (Global) Turmoil: Good day to all, everyone doing ok today? :)
﻿11:14:31 : RCon admin #4: (Global) Turmoil: Thats good, just let me know if any trouble occure :) 
﻿11:15:03 : RCon admin #0 (86.131.103.232:59624) logged in
﻿11:18:23 : Player #3 Igor0815 (188.103.87.215:5302) connected
﻿11:18:24 : Player #3 Igor0815 - GUID: 3467119adcaf6cc3d7c6cdd972e63574 (unverified)
﻿11:18:24 : Verified GUID (3467119adcaf6cc3d7c6cdd972e63574) of player #3 Igor0815
﻿11:18:25 : Player #3 Igor0815 - Legacy GUID: 4b3f3ce6449889411d32cabf0b0d8fbb
﻿11:22:32 : RCon admin #2: (Global) BASES MUST BE MAINTAINED VIA THE PLOT POLE EVERY 7 DAYS!!
﻿11:24:59 : Player #4 Turmoil (85.165.165.54:2304) connected
﻿11:25:00 : Player #4 Turmoil - GUID: 078d3175e22fad797d9a152aaaa83806 (unverified)
﻿11:25:01 : Verified GUID (078d3175e22fad797d9a152aaaa83806) of player #4 Turmoil
﻿11:25:01 : Player #4 Turmoil - Legacy GUID: 153330a3c1eb9ccf7092e322ab07ebb0
﻿11:27:32 : RCon admin #2: (Global) Vehicles left in trader zones at restarts will be moved to the vehicle pound and unlocked
﻿11:30:27 : Player #3 Igor0815 disconnected
﻿11:31:11 : Player #3 Smart Knife (121.143.170.113:5302) connected
﻿11:31:14 : Player #3 Smart Knife - GUID: fb8e78f1bd233e7136bba4ed569c7be1 (unverified)
﻿11:31:15 : Verified GUID (fb8e78f1bd233e7136bba4ed569c7be1) of player #3 Smart Knife
﻿11:31:15 : Player #3 Smart Knife - Legacy GUID: 88756c47338f913736571447338ea387
﻿11:31:16 : Player #3 Smart Knife disconnected
﻿11:33:31 : RCon admin #3 (86.131.103.232:62859) logged in
﻿11:38:32 : RCon admin #2: (Global) Admins: LWB, Sierra and Turmoil
﻿11:47:15 : Player #3 2DIE4 (93.204.234.63:5302) connected
﻿11:47:16 : Player #3 2DIE4 - GUID: 97b8e8b63e4439b2b62c99dde2b8b8a1 (unverified)
﻿11:47:16 : Verified GUID (97b8e8b63e4439b2b62c99dde2b8b8a1) of player #3 2DIE4
﻿11:47:17 : Player #3 2DIE4 - Legacy GUID: e56dc54c0a6d92faa8a284d7c54bffab
﻿11:52:32 : RCon admin #2: (Global) BASES MUST BE MAINTAINED VIA THE PLOT POLE EVERY 7 DAYS!!
﻿11:56:02 : Player #0 SEN ONE disconnected
﻿11:57:13 : Player #1 <eXp> RafcioZG disconnected
﻿11:57:32 : RCon admin #2: (Global) Vehicles left in trader zones at restarts will be moved to the vehicle pound and unlocked
﻿12:02:23 : Player #0 Smart Knife (121.143.170.113:5302) connected
﻿12:02:26 : Player #0 Smart Knife - GUID: fb8e78f1bd233e7136bba4ed569c7be1 (unverified)
﻿12:02:26 : Verified GUID (fb8e78f1bd233e7136bba4ed569c7be1) of player #0 Smart Knife
﻿12:02:27 : Player #0 Smart Knife - Legacy GUID: 88756c47338f913736571447338ea387
﻿12:02:28 : Player #0 Smart Knife disconnected
﻿12:08:32 : RCon admin #2: (Global) Admins: LWB, Sierra and Turmoil
﻿12:10:34 : Player #4 Turmoil disconnected
﻿12:19:30 : Player #2 Rocket disconnected
﻿12:22:32 : RCon admin #2: (Global) BASES MUST BE MAINTAINED VIA THE PLOT POLE EVERY 7 DAYS!!
﻿12:27:17 : Player #0 Przemek (46.175.228.216:5302) connected
﻿12:27:18 : Player #0 Przemek - GUID: 341416b56fe54ef45e01dfaba2bf0875 (unverified)
﻿12:27:19 : Verified GUID (341416b56fe54ef45e01dfaba2bf0875) of player #0 Przemek
﻿12:27:19 : Player #0 Przemek - Legacy GUID: 576fee74db74d1f0a3558a269cb42ed3
﻿12:27:31 : RCon admin #2: (Global) Vehicles left in trader zones at restarts will be moved to the vehicle pound and unlocked
﻿12:33:32 : RCon admin #2: (Global) Server will restart in 10 minutes
﻿12:38:32 : RCon admin #2: (Global) Admins: LWB, Sierra and Turmoil
﻿12:38:32 : RCon admin #2: (Global) Server will restart in 5 minutes: Prepare to Logout
﻿12:41:32 : RCon admin #2: (Global) The Server is about to restart. LOG OUT NOW OR YOUR GEAR MAY BE LOST!!
﻿12:42:01 : Player #3 2DIE4 disconnected
﻿12:42:10 : Player #0 Przemek disconnected
﻿12:43:02 : RCon admin #2: (Global) YOU SHOULD BE LOGGED OUT BY NOW! IF YOU ARENT YOU WILL BE AUTO KICKED AND YOUR GEAR MAY BE LOST! NO REFUNDS!
﻿12:44:05 : Rcon client logging in
﻿12:44:05 : RCon admin #4 (78.31.67.100:64237) logged in
﻿12:45:48 : Player #0 Przemek (46.175.228.216:5302) connected
﻿12:45:49 : Player #0 Przemek - GUID: 341416b56fe54ef45e01dfaba2bf0875 (unverified)
﻿12:45:50 : Verified GUID (341416b56fe54ef45e01dfaba2bf0875) of player #0 Przemek
﻿12:45:50 : Player #0 Przemek - Legacy GUID: 576fee74db74d1f0a3558a269cb42ed3
﻿12:51:48 : Player #1 2DIE4 (93.204.234.63:5302) connected
﻿12:51:49 : Player #1 2DIE4 - GUID: 97b8e8b63e4439b2b62c99dde2b8b8a1 (unverified)
﻿12:51:50 : Verified GUID (97b8e8b63e4439b2b62c99dde2b8b8a1) of player #1 2DIE4
﻿12:51:50 : Player #1 2DIE4 - Legacy GUID: e56dc54c0a6d92faa8a284d7c54bffab
﻿12:56:01 : Player #2 Din (94.45.220.199:5302) connected
﻿12:56:02 : Player #2 Din - GUID: 2f0d9ea96a1a2bec9e6677bab333ae7c (unverified)
﻿12:56:02 : Verified GUID (2f0d9ea96a1a2bec9e6677bab333ae7c) of player #2 Din
﻿12:56:03 : Player #2 Din - Legacy GUID: 3acfc2c50ff4722c17c085a5287e6999
﻿12:58:06 : RCon admin #4: (Global) Vehicles left in trader zones at restarts will be moved to the vehicle pound and unlocked
﻿13:09:06 : RCon admin #4: (Global) Admins: LWB, Sierra and Turmoil
﻿13:13:32 : Player #1 2DIE4 disconnected
﻿13:21:19 : Player #0 Przemek disconnected
﻿13:23:06 : RCon admin #4: (Global) BASES MUST BE MAINTAINED VIA THE PLOT POLE EVERY 7 DAYS!!
﻿13:28:06 : RCon admin #4: (Global) Vehicles left in trader zones at restarts will be moved to the vehicle pound and unlocked
﻿13:33:36 : Player #2 Din disconnected
﻿13:39:06 : RCon admin #4: (Global) Admins: LWB, Sierra and Turmoil
﻿13:53:06 : RCon admin #4: (Global) BASES MUST BE MAINTAINED VIA THE PLOT POLE EVERY 7 DAYS!!
﻿13:53:15 : Player #0 [TS]MoMo (210.103.21.227:2304) connected
﻿13:53:18 : Player #0 [TS]MoMo - GUID: 89a0666e42188f5ece93a48abc7b39dd (unverified)
﻿13:53:18 : Verified GUID (89a0666e42188f5ece93a48abc7b39dd) of player #0 [TS]MoMo
﻿13:53:19 : Player #0 [TS]MoMo - Legacy GUID: d2003967df000185f791e12f2707d725
﻿13:55:18 : Player #0 [TS]MoMo disconnected
﻿13:55:47 : Player #0 Kardon (81.90.168.47:5302) connected
﻿13:55:49 : Player #0 Kardon - GUID: 669c35ecd79103680d01afec1e789b54 (unverified)
﻿13:55:49 : Verified GUID (669c35ecd79103680d01afec1e789b54) of player #0 Kardon
﻿13:55:49 : Player #0 Kardon - Legacy GUID: 8798b5c593e69cb39aa61edadc765aae
﻿13:58:06 : RCon admin #4: (Global) Vehicles left in trader zones at restarts will be moved to the vehicle pound and unlocked
﻿14:03:22 : Player #1 Nicola (176.127.26.20:5302) connected
﻿14:03:23 : Player #1 Nicola - GUID: e539a23d9f10bda6f4e1348b2db9a20c (unverified)
﻿14:03:23 : Verified GUID (e539a23d9f10bda6f4e1348b2db9a20c) of player #1 Nicola
﻿14:03:24 : Player #1 Nicola - Legacy GUID: c8522072308fba551ee2a05e5c4acb24
﻿14:04:07 : Player #2 Top Cat (105.186.251.202:5302) connected
﻿14:04:08 : Player #2 Top Cat - GUID: 82a43ce6cfbc5984cddb6106a62d968d (unverified)
﻿14:04:09 : Verified GUID (82a43ce6cfbc5984cddb6106a62d968d) of player #2 Top Cat
﻿14:04:09 : Player #2 Top Cat - Legacy GUID: 9904a2208f9a83eaf3280d38dadf2ba0
﻿14:09:06 : RCon admin #4: (Global) Admins: LWB, Sierra and Turmoil
﻿14:16:50 : Player #3 <eXp> RafcioZG (89.67.63.218:5302) connected
﻿14:16:51 : Player #3 <eXp> RafcioZG - GUID: 02ed733403835a8a8517265415d84023 (unverified)
﻿14:16:52 : Verified GUID (02ed733403835a8a8517265415d84023) of player #3 <eXp> RafcioZG
﻿14:16:52 : Player #3 <eXp> RafcioZG - Legacy GUID: c9c653dd820194488bd099e2b5e7f454
﻿14:23:06 : RCon admin #4: (Global) BASES MUST BE MAINTAINED VIA THE PLOT POLE EVERY 7 DAYS!!
﻿14:23:27 : Player #2 Top Cat disconnected
﻿14:26:32 : Player #2 [TS]_SecnT (220.82.50.147:2304) connected
﻿14:26:33 : Player #2 [TS]_SecnT - GUID: c9a28fc897ea6fc6782d64f5eb4ad396 (unverified)
﻿14:26:34 : Verified GUID (c9a28fc897ea6fc6782d64f5eb4ad396) of player #2 [TS]_SecnT
﻿14:26:34 : Player #2 [TS]_SecnT - Legacy GUID: 51f6e090e1c487862854d4c8075a81f9
﻿14:28:06 : RCon admin #4: (Global) Vehicles left in trader zones at restarts will be moved to the vehicle pound and unlocked
﻿14:30:47 : Player #4 <eXp> RageBlack (109.197.175.159:5302) connected
﻿14:30:48 : Player #4 <eXp> RageBlack - GUID: b53b5f841d453f2f399fd1611f42baa9 (unverified)
﻿14:30:49 : Player #4 <eXp> RageBlack - Legacy GUID: 7e7d7c1411e75013c2937f26c0f17fa6
﻿14:30:49 : Verified GUID (b53b5f841d453f2f399fd1611f42baa9) of player #4 <eXp> RageBlack
﻿14:39:06 : RCon admin #4: (Global) Admins: LWB, Sierra and Turmoil
﻿14:47:14 : Player #5 Rocket (37.190.37.67:16567) connected
﻿14:47:15 : Player #5 Rocket - GUID: 7c8247ea4e0eb767bcdc0c99ed2d00f3 (unverified)
﻿14:47:16 : Player #5 Rocket - Legacy GUID: 7d4e0a95d1bbefedfa38fedaad9e6c5b
﻿14:47:16 : Verified GUID (7c8247ea4e0eb767bcdc0c99ed2d00f3) of player #5 Rocket
﻿14:49:16 : Player #0 Kardon disconnected
﻿14:49:50 : Player #0 [A2] Jake (188.247.68.250:5302) connected
﻿14:49:51 : Player #0 [A2] Jake - GUID: a602c5c95e9bc27ba65c4ea26d2df689 (unverified)
﻿14:49:51 : Verified GUID (a602c5c95e9bc27ba65c4ea26d2df689) of player #0 [A2] Jake
﻿14:49:52 : Player #0 [A2] Jake - Legacy GUID: cf9b392da0e32d011d8bc8a56cc0f8d4
﻿14:53:06 : RCon admin #4: (Global) BASES MUST BE MAINTAINED VIA THE PLOT POLE EVERY 7 DAYS!!
﻿14:54:03 : Player #4 <eXp> RageBlack disconnected
﻿14:55:05 : Player #3 <eXp> RafcioZG disconnected
﻿14:58:06 : RCon admin #4: (Global) Vehicles left in trader zones at restarts will be moved to the vehicle pound and unlocked
﻿15:03:38 : Player #3 DOMINATER (188.55.86.208:5302) connected
﻿15:03:39 : Player #3 DOMINATER - GUID: 8016024bcd32c1fb8fd983ec7e4bbf53 (unverified)
﻿15:03:39 : Verified GUID (8016024bcd32c1fb8fd983ec7e4bbf53) of player #3 DOMINATER
﻿15:03:40 : Player #3 DOMINATER - Legacy GUID: 16ff6c47ce2d3b38b13ddc2f11172fc8
﻿15:04:06 : RCon admin #4: (Global) Server will restart in 10 minutes
﻿15:04:13 : Player #4 Din (94.45.220.199:5302) connected
﻿15:04:14 : Player #4 Din - GUID: 2f0d9ea96a1a2bec9e6677bab333ae7c (unverified)
﻿15:04:15 : Verified GUID (2f0d9ea96a1a2bec9e6677bab333ae7c) of player #4 Din
﻿15:04:15 : Player #4 Din - Legacy GUID: 3acfc2c50ff4722c17c085a5287e6999
﻿15:09:06 : RCon admin #4: (Global) Admins: LWB, Sierra and Turmoil
﻿15:09:06 : RCon admin #4: (Global) Server will restart in 5 minutes: Prepare to Logout
﻿15:10:25 : Player #0 [A2] Jake disconnected
﻿15:10:36 : Player #0 Thijs (89.98.196.221:5302) connected
﻿15:10:37 : Player #0 Thijs - GUID: ae66cc594c2ba42bc401a5c3181c11ad (unverified)
﻿15:10:38 : Verified GUID (ae66cc594c2ba42bc401a5c3181c11ad) of player #0 Thijs
﻿15:10:38 : Player #0 Thijs - Legacy GUID: 6381a799c1b7d34b4863411eedcbc6ae
﻿15:12:06 : RCon admin #4: (Global) The Server is about to restart. LOG OUT NOW OR YOUR GEAR MAY BE LOST!!
﻿15:12:54 : Player #0 Thijs disconnected
﻿15:13:36 : RCon admin #4: (Global) YOU SHOULD BE LOGGED OUT BY NOW! IF YOU ARENT YOU WILL BE AUTO KICKED AND YOUR GEAR MAY BE LOST! NO REFUNDS!
﻿15:13:55 : Player #1 Nicola disconnected
﻿15:14:39 : Rcon client logging in
﻿15:14:41 : RCon admin #3 (78.31.67.100:50161) logged in
﻿15:14:47 : Player #2 [TS]_SecnT (220.82.50.147:2304) connected
﻿15:14:49 : Player #2 [TS]_SecnT - GUID: c9a28fc897ea6fc6782d64f5eb4ad396 (unverified)
﻿15:14:49 : Verified GUID (c9a28fc897ea6fc6782d64f5eb4ad396) of player #2 [TS]_SecnT
﻿15:14:49 : RCon admin #4 (86.131.103.232:58664) logged in
﻿15:14:49 : Player #2 [TS]_SecnT - Legacy GUID: 51f6e090e1c487862854d4c8075a81f9
﻿15:15:24 : Player #3 Nicola (176.127.26.20:5302) connected
﻿15:15:26 : Player #3 Nicola - GUID: e539a23d9f10bda6f4e1348b2db9a20c (unverified)
﻿15:15:26 : Player #3 Nicola - Legacy GUID: c8522072308fba551ee2a05e5c4acb24
﻿15:15:26 : Verified GUID (e539a23d9f10bda6f4e1348b2db9a20c) of player #3 Nicola
﻿15:16:20 : Player #4 <eXp> RafcioZG (89.67.63.218:5302) connected
﻿15:16:21 : Player #4 <eXp> RafcioZG - GUID: 02ed733403835a8a8517265415d84023 (unverified)
﻿15:16:22 : Verified GUID (02ed733403835a8a8517265415d84023) of player #4 <eXp> RafcioZG
﻿15:16:22 : Player #4 <eXp> RafcioZG - Legacy GUID: c9c653dd820194488bd099e2b5e7f454
﻿15:16:23 : Player #5 Din (94.45.220.199:5302) connected
﻿15:16:24 : Player #5 Din - GUID: 2f0d9ea96a1a2bec9e6677bab333ae7c (unverified)
﻿15:16:24 : Verified GUID (2f0d9ea96a1a2bec9e6677bab333ae7c) of player #5 Din
﻿15:16:25 : Player #5 Din - Legacy GUID: 3acfc2c50ff4722c17c085a5287e6999
﻿15:18:21 : Player #6 [A2] Jake (188.247.68.250:5302) connected
﻿15:18:23 : Player #6 [A2] Jake - GUID: a602c5c95e9bc27ba65c4ea26d2df689 (unverified)
﻿15:18:24 : Player #6 [A2] Jake - Legacy GUID: cf9b392da0e32d011d8bc8a56cc0f8d4
﻿15:18:24 : Verified GUID (a602c5c95e9bc27ba65c4ea26d2df689) of player #6 [A2] Jake
﻿15:19:38 : Player #7 Rocket (37.190.37.67:7940) connected
﻿15:19:40 : Player #7 Rocket - GUID: 7c8247ea4e0eb767bcdc0c99ed2d00f3 (unverified)
﻿15:19:40 : Verified GUID (7c8247ea4e0eb767bcdc0c99ed2d00f3) of player #7 Rocket
﻿15:19:40 : Player #7 Rocket - Legacy GUID: 7d4e0a95d1bbefedfa38fedaad9e6c5b
﻿15:19:59 : Player #8 <eXp> RageBlack (109.197.175.159:5302) connected
﻿15:20:01 : Player #8 <eXp> RageBlack - GUID: b53b5f841d453f2f399fd1611f42baa9 (unverified)
﻿15:20:01 : Verified GUID (b53b5f841d453f2f399fd1611f42baa9) of player #8 <eXp> RageBlack
﻿15:20:01 : Player #8 <eXp> RageBlack - Legacy GUID: 7e7d7c1411e75013c2937f26c0f17fa6
﻿15:20:56 : Player #9 <eXp> CziQita (85.202.152.128:5302) connected
﻿15:20:58 : Player #9 <eXp> CziQita - GUID: 032d6e70df3d067624c52f7be2b9f7a4 (unverified)
﻿15:20:58 : Verified GUID (032d6e70df3d067624c52f7be2b9f7a4) of player #9 <eXp> CziQita
﻿15:20:58 : Player #9 <eXp> CziQita - Legacy GUID: 5fe66ce3f47a21b2db2c180c820374dd
﻿15:26:30 : Player #10 Kardon (81.90.168.47:5302) connected
﻿15:26:32 : Player #10 Kardon - GUID: 669c35ecd79103680d01afec1e789b54 (unverified)
﻿15:26:33 : Verified GUID (669c35ecd79103680d01afec1e789b54) of player #10 Kardon
﻿15:26:33 : Player #10 Kardon - Legacy GUID: 8798b5c593e69cb39aa61edadc765aae
﻿15:28:15 : RCon admin #4: (Global) LWB: END key
﻿15:28:40 : RCon admin #3: (Global) Vehicles left in trader zones at restarts will be moved to the vehicle pound and unlocked
﻿15:34:51 : Player #11 2DIE4 (93.204.234.63:5302) connected
﻿15:34:53 : Player #11 2DIE4 - GUID: 97b8e8b63e4439b2b62c99dde2b8b8a1 (unverified)
﻿15:34:53 : Verified GUID (97b8e8b63e4439b2b62c99dde2b8b8a1) of player #11 2DIE4
﻿15:34:54 : Player #11 2DIE4 - Legacy GUID: e56dc54c0a6d92faa8a284d7c54bffab
﻿15:36:26 : Player #6 [A2] Jake (a602c5c95e9bc27ba65c4ea26d2df689) has been kicked by BattlEye: Ping too high (1265)
﻿15:39:40 : RCon admin #3: (Global) Admins: LWB, Sierra and Turmoil
﻿15:40:34 : Player #6 [A2] Jake (188.247.68.250:5302) connected
﻿15:40:37 : Player #6 [A2] Jake - GUID: a602c5c95e9bc27ba65c4ea26d2df689 (unverified)
﻿15:40:38 : Verified GUID (a602c5c95e9bc27ba65c4ea26d2df689) of player #6 [A2] Jake
﻿15:40:40 : Player #6 [A2] Jake - Legacy GUID: cf9b392da0e32d011d8bc8a56cc0f8d4
﻿15:43:22 : Player #6 [A2] Jake (a602c5c95e9bc27ba65c4ea26d2df689) has been kicked by BattlEye: Ping too high (3437)
﻿15:45:02 : RCon admin #5 (86.131.103.232:57324) logged in
﻿15:45:47 : RCon admin #1 (86.131.103.232:61790) logged in
﻿15:45:48 : RCon admin #6 (86.131.103.232:56452) logged in
﻿15:48:02 : Player #6 JackTheRipper (114.30.253.82:2304) connected
﻿15:48:04 : Player #6 JackTheRipper - GUID: 5a9a126663d3132e7dda2e6515b70068 (unverified)
﻿15:48:05 : Player #6 JackTheRipper - Legacy GUID: 42c68a947eebe299b3005a9c3c312795
﻿15:48:05 : Verified GUID (5a9a126663d3132e7dda2e6515b70068) of player #6 JackTheRipper
﻿15:48:23 : Player #12 Jonny (91.153.76.7:5302) connected
﻿15:48:24 : Player #12 Jonny - GUID: 75d5dfa5ef2fcf603014929d0c9c8fc7 (unverified)
﻿15:48:24 : Verified GUID (75d5dfa5ef2fcf603014929d0c9c8fc7) of player #12 Jonny
﻿15:48:24 : Player #12 Jonny - Owner GUID: 6e461c695a7617c1a63eca5cec5a9d66
﻿15:48:25 : Player #12 Jonny - Legacy GUID: 7ec923ea1c74c8ab999dbaab51ad83c7
﻿15:48:27 : Player #12 Jonny disconnected
﻿15:48:53 : Player #6 JackTheRipper (5a9a126663d3132e7dda2e6515b70068) has been kicked by BattlEye: Ping too high (594)
﻿15:50:31 : Player #6 Luka (178.235.146.159:27397) connected
﻿15:50:33 : Player #6 Luka - GUID: d3bf79bc8771287ad293ea874ddc594e (unverified)
﻿15:50:34 : Player #6 Luka - Legacy GUID: 697efa7b851e77682564a1fd08bbc41d
﻿15:50:34 : Verified GUID (d3bf79bc8771287ad293ea874ddc594e) of player #6 Luka
﻿15:50:35 : Player #6 Luka disconnected
﻿15:51:57 : Player #6 JackTheRipper (114.30.253.82:5302) connected
﻿15:51:59 : Player #6 JackTheRipper - GUID: 5a9a126663d3132e7dda2e6515b70068 (unverified)
﻿15:52:00 : Player #6 JackTheRipper - Legacy GUID: 42c68a947eebe299b3005a9c3c312795
﻿15:52:00 : Verified GUID (5a9a126663d3132e7dda2e6515b70068) of player #6 JackTheRipper
﻿15:52:46 : Player #6 JackTheRipper (5a9a126663d3132e7dda2e6515b70068) has been kicked by BattlEye: Ping too high (328)
﻿15:53:40 : RCon admin #3: (Global) BASES MUST BE MAINTAINED VIA THE PLOT POLE EVERY 7 DAYS!!
﻿15:54:32 : Player #6 Takei (91.194.107.158:5302) connected
﻿15:54:33 : Player #6 Takei - GUID: dc91fa664853b824c4dbe6013ecb83e1 (unverified)
﻿15:54:34 : Player #6 Takei - Legacy GUID: d0150778bb3923dc476400ada8ff30b5
﻿15:54:34 : Verified GUID (dc91fa664853b824c4dbe6013ecb83e1) of player #6 Takei
﻿15:54:54 : Player #3 Nicola disconnected
﻿15:58:04 : Player #3 Przemek (46.175.228.216:5302) connected
﻿15:58:05 : Player #3 Przemek disconnected
﻿15:58:40 : RCon admin #3: (Global) Vehicles left in trader zones at restarts will be moved to the vehicle pound and unlocked
﻿15:59:09 : Player #3 Przemek (46.175.228.216:5302) connected
﻿15:59:10 : Player #3 Przemek disconnected
﻿16:00:16 : Player #3 Przemek (46.175.228.216:5302) connected
﻿16:00:17 : Player #3 Przemek disconnected
﻿16:02:28 : Player #3 Bear (5.165.197.52:5302) connected
﻿16:02:29 : Player #3 Bear - GUID: e584c69e574c70770ae9ae067ff7b177 (unverified)
﻿16:02:30 : Verified GUID (e584c69e574c70770ae9ae067ff7b177) of player #3 Bear
﻿16:02:30 : Player #3 Bear - Legacy GUID: bf8c94274e2450f0279ed7dfa3d2764f
﻿16:02:32 : Player #3 Bear disconnected
﻿16:02:35 : Player #0 Thijs (ae66cc594c2ba42bc401a5c3181c11ad) has been kicked by BattlEye: CreateVehicle Restriction #0
﻿16:02:45 : Player #0 Thijs (89.98.196.221:5302) connected
﻿16:02:46 : Player #0 Thijs - GUID: ae66cc594c2ba42bc401a5c3181c11ad (unverified)
﻿16:02:47 : Verified GUID (ae66cc594c2ba42bc401a5c3181c11ad) of player #0 Thijs
﻿16:02:47 : Player #0 Thijs - Legacy GUID: 6381a799c1b7d34b4863411eedcbc6ae
﻿16:03:40 : Player #1 Twanyboy (26b615b5faf4e4f802f8e02b51784844) has been kicked by BattlEye: CreateVehicle Restriction #0
﻿16:03:45 : Player #1 Twanyboy (84.85.14.155:5302) connected
﻿16:03:46 : Player #1 Twanyboy - GUID: 26b615b5faf4e4f802f8e02b51784844 (unverified)
﻿16:03:47 : Verified GUID (26b615b5faf4e4f802f8e02b51784844) of player #1 Twanyboy
﻿16:03:47 : Player #1 Twanyboy - Legacy GUID: 51fcb21cf28305cbb5cd78bdddcb1077
﻿16:06:00 : RCon admin #4: (Global) LWB: Ive seen
﻿16:06:16 : RCon admin #4: (Global) LWB: Its already in the exceptions, but battleye is pile of shite
﻿16:06:48 : Player #3 Przemek (46.175.228.216:5302) connected
﻿16:06:49 : Player #3 Przemek - GUID: 341416b56fe54ef45e01dfaba2bf0875 (unverified)
﻿16:06:50 : Verified GUID (341416b56fe54ef45e01dfaba2bf0875) of player #3 Przemek
﻿16:06:50 : Player #3 Przemek - Legacy GUID: 576fee74db74d1f0a3558a269cb42ed3
﻿16:07:06 : Player #2 [TS]_SecnT disconnected
﻿16:09:40 : RCon admin #3: (Global) Admins: LWB, Sierra and Turmoil
﻿16:10:24 : Player #2 riky (79.114.218.185:26486) connected
﻿16:10:26 : Player #2 riky - GUID: ba69880e13393281b40bfe84b0c06481 (unverified)
﻿16:10:26 : Player #2 riky - Legacy GUID: 424fb21d07cdf0369e1fe5bd9b85a8f6
﻿16:10:27 : Verified GUID (ba69880e13393281b40bfe84b0c06481) of player #2 riky
﻿16:10:43 : Player #12 [A2] Jake (188.247.68.250:5302) connected
﻿16:10:44 : Player #12 [A2] Jake - GUID: a602c5c95e9bc27ba65c4ea26d2df689 (unverified)
﻿16:10:44 : Verified GUID (a602c5c95e9bc27ba65c4ea26d2df689) of player #12 [A2] Jake
﻿16:10:45 : Player #12 [A2] Jake - Legacy GUID: cf9b392da0e32d011d8bc8a56cc0f8d4
﻿16:11:21 : RCon admin #4: (Global) LWB: No
﻿16:12:59 : Player #12 [A2] Jake (a602c5c95e9bc27ba65c4ea26d2df689) has been kicked by BattlEye: Admin Kick (Ping exceeds server levels)
﻿16:13:47 : RCon admin #4: (Global) LWB: lock your stuff, it simple
﻿16:14:13 : Player #12 [A2] Jake (188.247.68.250:5302) connected
﻿16:14:14 : Player #12 [A2] Jake - GUID: a602c5c95e9bc27ba65c4ea26d2df689 (unverified)
﻿16:14:15 : Verified GUID (a602c5c95e9bc27ba65c4ea26d2df689) of player #12 [A2] Jake
﻿16:14:15 : Player #12 [A2] Jake - Legacy GUID: cf9b392da0e32d011d8bc8a56cc0f8d4
﻿16:14:25 : RCon admin #4: (Global) LWB: Well then you havent lost anything then really have you
﻿16:14:39 : RCon admin #4: (Global) LWB: it says cleartlyy as you enter safe zones to keep an eye on your stuff
﻿16:15:45 : Player #13 LWB [SD] (86.131.103.232:1024) connected
﻿16:15:46 : Player #13 LWB [SD] - GUID: bc07c7c39c76cf95a7a434d686d9df66 (unverified)
﻿16:15:47 : Verified GUID (bc07c7c39c76cf95a7a434d686d9df66) of player #13 LWB [SD]
﻿16:15:47 : Player #13 LWB [SD] - Legacy GUID: 977383e15b6c706cac44ca953ba440c7
﻿16:16:08 : RCon admin #4: (Global) LWB: I wouldnt leave my lottery money sat out for someone to steal
﻿16:16:25 : Player #10 Kardon disconnected
﻿16:16:40 : RCon admin #4: (Global) LWB: I wouldnt leave my car unlocked outside a shop either ;)
﻿16:17:56 : Player #12 [A2] Jake (a602c5c95e9bc27ba65c4ea26d2df689) has been kicked by BattlEye: Ping too high (1063)
﻿16:19:09 : Player #10 [A2] Jake (212.34.23.218:5302) connected
﻿16:19:11 : Player #10 [A2] Jake - Legacy GUID: cf9b392da0e32d011d8bc8a56cc0f8d4
﻿16:19:12 : Player #10 [A2] Jake - GUID: a602c5c95e9bc27ba65c4ea26d2df689 (unverified)
﻿16:19:13 : Verified GUID (a602c5c95e9bc27ba65c4ea26d2df689) of player #10 [A2] Jake
﻿16:20:15 : Player #12 Freddy Dare (86.148.142.9:5302) connected
﻿16:20:16 : Player #12 Freddy Dare - GUID: cb41519a0359fcae95c800b9478c3317 (unverified)
﻿16:20:17 : Player #12 Freddy Dare - Legacy GUID: 99db033232c94e1f25367df39ec70eb6
﻿16:20:17 : Verified GUID (cb41519a0359fcae95c800b9478c3317) of player #12 Freddy Dare
﻿16:21:51 : Player #10 [A2] Jake disconnected
﻿16:23:21 : Player #10 [A2] Jake (188.247.68.250:5302) connected
﻿16:23:23 : Player #10 [A2] Jake - GUID: a602c5c95e9bc27ba65c4ea26d2df689 (unverified)
﻿16:23:24 : Player #10 [A2] Jake - Legacy GUID: cf9b392da0e32d011d8bc8a56cc0f8d4
﻿16:23:24 : Verified GUID (a602c5c95e9bc27ba65c4ea26d2df689) of player #10 [A2] Jake
﻿16:23:40 : RCon admin #3: (Global) BASES MUST BE MAINTAINED VIA THE PLOT POLE EVERY 7 DAYS!!
﻿16:24:26 : Player #1 Twanyboy (26b615b5faf4e4f802f8e02b51784844) has been kicked by BattlEye: SetPos Restriction #0
﻿16:24:33 : Player #1 Twanyboy (84.85.14.155:5302) connected
﻿16:24:34 : Player #1 Twanyboy - GUID: 26b615b5faf4e4f802f8e02b51784844 (unverified)
﻿16:24:34 : Verified GUID (26b615b5faf4e4f802f8e02b51784844) of player #1 Twanyboy
﻿16:24:35 : Player #1 Twanyboy - Legacy GUID: 51fcb21cf28305cbb5cd78bdddcb1077
﻿16:27:05 : Player #10 [A2] Jake (a602c5c95e9bc27ba65c4ea26d2df689) has been kicked by BattlEye: Client not responding
﻿16:28:40 : RCon admin #3: (Global) Vehicles left in trader zones at restarts will be moved to the vehicle pound and unlocked
﻿16:31:43 : Player #7 Rocket disconnected
﻿16:32:49 : Player #7 Rocket (37.190.37.67:7940) connected
﻿16:32:50 : Player #7 Rocket - GUID: 7c8247ea4e0eb767bcdc0c99ed2d00f3 (unverified)
﻿16:32:51 : Verified GUID (7c8247ea4e0eb767bcdc0c99ed2d00f3) of player #7 Rocket
﻿16:32:51 : Player #7 Rocket - Legacy GUID: 7d4e0a95d1bbefedfa38fedaad9e6c5b
﻿16:33:16 : Player #1 Twanyboy (26b615b5faf4e4f802f8e02b51784844) has been kicked by BattlEye: Client not responding
﻿16:34:31 : Player #2 riky disconnected
﻿16:35:42 : Player #1 Twanyboy (84.85.14.155:5302) connected
﻿16:35:45 : Player #1 Twanyboy - GUID: 26b615b5faf4e4f802f8e02b51784844 (unverified)
﻿16:35:45 : Verified GUID (26b615b5faf4e4f802f8e02b51784844) of player #1 Twanyboy
﻿16:35:46 : Player #1 Twanyboy - Legacy GUID: 51fcb21cf28305cbb5cd78bdddcb1077
﻿16:39:40 : RCon admin #3: (Global) Admins: LWB, Sierra and Turmoil
﻿16:40:04 : Player #2 Wzzabi (47.216.140.169:5302) connected
﻿16:40:05 : Player #2 Wzzabi - GUID: 74c268d15809d582406934359ff410aa (unverified)
﻿16:40:06 : Verified GUID (74c268d15809d582406934359ff410aa) of player #2 Wzzabi
﻿16:40:06 : Player #2 Wzzabi - Legacy GUID: 982b81fc6ca2185d35f4e5e2324fd82d
﻿16:40:06 : Player #2 Wzzabi disconnected
﻿16:48:40 : Player #7 Rocket (7c8247ea4e0eb767bcdc0c99ed2d00f3) has been kicked by BattlEye: Client not responding
﻿16:51:05 : Player #2 Rocket (37.190.37.95:10243) connected
﻿16:51:06 : Player #2 Rocket - GUID: 7c8247ea4e0eb767bcdc0c99ed2d00f3 (unverified)
﻿16:51:06 : Verified GUID (7c8247ea4e0eb767bcdc0c99ed2d00f3) of player #2 Rocket
﻿16:51:07 : Player #2 Rocket - Legacy GUID: 7d4e0a95d1bbefedfa38fedaad9e6c5b
﻿16:53:21 : Player #7 Thepacifique (2.15.181.214:5302) connected
﻿16:53:22 : Player #7 Thepacifique - GUID: 9f27c014a7c583f1a04bf32ddec5ad20 (unverified)
﻿16:53:22 : Verified GUID (9f27c014a7c583f1a04bf32ddec5ad20) of player #7 Thepacifique
﻿16:53:23 : Player #7 Thepacifique - Legacy GUID: 87b1ad619c3672687abaa585ae97d949
﻿16:53:40 : RCon admin #3: (Global) BASES MUST BE MAINTAINED VIA THE PLOT POLE EVERY 7 DAYS!!
﻿16:53:43 : Player #10 Ptiteconfigu (193.252.109.18:5302) connected
﻿16:53:45 : Player #10 Ptiteconfigu - GUID: ffea92492ea8328f10629be8b2fdfa3f (unverified)
﻿16:53:46 : Player #10 Ptiteconfigu - Legacy GUID: b366bad197351a6988db0250289d8793
﻿16:53:46 : Verified GUID (ffea92492ea8328f10629be8b2fdfa3f) of player #10 Ptiteconfigu
﻿16:54:03 : RCon admin #2 (86.131.103.232:50783) logged in
﻿16:55:45 : Player #14 birkkjer-pc (90.185.89.172:5302) connected
﻿16:55:46 : Player #14 birkkjer-pc - GUID: e80173d282be4f55701a8b81c7a95f25 (unverified)
﻿16:55:46 : Verified GUID (e80173d282be4f55701a8b81c7a95f25) of player #14 birkkjer-pc
﻿16:55:47 : Player #14 birkkjer-pc - Legacy GUID: 6f9f093dcd85ab52e1d3df68ab344c89
﻿16:58:40 : RCon admin #3: (Global) Vehicles left in trader zones at restarts will be moved to the vehicle pound and unlocked
﻿17:09:40 : RCon admin #3: (Global) Admins: LWB, Sierra and Turmoil
﻿17:11:23 : Player #15 <eXp> Gruby (83.10.102.155:5302) connected
﻿17:11:25 : Player #15 <eXp> Gruby - GUID: 7f82c53f48899ff2fd5b9489f8d17fb8 (unverified)
﻿17:11:25 : Verified GUID (7f82c53f48899ff2fd5b9489f8d17fb8) of player #15 <eXp> Gruby
﻿17:11:26 : Player #15 <eXp> Gruby - Legacy GUID: 61f8d59b40d145e9e0934b15ea495703
﻿17:14:36 : Player #16 [A2] Jake (188.247.68.250:5302) connected
﻿17:14:37 : Player #16 [A2] Jake - GUID: a602c5c95e9bc27ba65c4ea26d2df689 (unverified)
﻿17:14:38 : Player #16 [A2] Jake - Legacy GUID: cf9b392da0e32d011d8bc8a56cc0f8d4
﻿17:14:38 : Verified GUID (a602c5c95e9bc27ba65c4ea26d2df689) of player #16 [A2] Jake
﻿17:15:15 : RCon admin #5 (86.131.103.232:56399) logged in
﻿17:16:31 : Player #16 [A2] Jake disconnected
﻿17:17:34 : Player #16 DirtyAlex (37.79.249.199:29013) connected
﻿17:17:36 : Player #16 DirtyAlex - GUID: 6b1dfa10bdfb55bf5607214e66110e76 (unverified)
﻿17:17:36 : Player #16 DirtyAlex - Legacy GUID: 62b15f1e4392515f31021bca6b2b5d03
﻿17:17:36 : Verified GUID (6b1dfa10bdfb55bf5607214e66110e76) of player #16 DirtyAlex
﻿17:19:05 : Player #17 Szosti (178.42.146.241:5302) connected
﻿17:19:07 : Player #17 Szosti - GUID: 627630e1f2f6e5154e9548a4bd892e41 (unverified)
﻿17:19:07 : Player #17 Szosti - Legacy GUID: 942d32aec6acc78da68c8c27788a621d
﻿17:19:08 : Verified GUID (627630e1f2f6e5154e9548a4bd892e41) of player #17 Szosti
﻿17:19:22 : Player #18 stken (5.141.228.92:31224) connected
﻿17:19:23 : Player #18 stken - GUID: 5eb9bbef4fc4458e82c63f084a03fe2c (unverified)
﻿17:19:24 : Player #18 stken - Legacy GUID: ef3487dc52830d70426b32a102c9f813
﻿17:19:24 : Verified GUID (5eb9bbef4fc4458e82c63f084a03fe2c) of player #18 stken
﻿17:23:23 : Player #19 SsSalt (46.39.66.246:5302) connected
﻿17:23:24 : Player #19 SsSalt - GUID: 183991a6dc3f06a9a89b019ad46c98d3 (unverified)
﻿17:23:25 : Player #19 SsSalt - Legacy GUID: 38ecebe1974bb873b04b7e7c2bef830a
﻿17:23:25 : Verified GUID (183991a6dc3f06a9a89b019ad46c98d3) of player #19 SsSalt
﻿17:23:40 : RCon admin #3: (Global) BASES MUST BE MAINTAINED VIA THE PLOT POLE EVERY 7 DAYS!!
﻿17:28:39 : RCon admin #3: (Global) Vehicles left in trader zones at restarts will be moved to the vehicle pound and unlocked
﻿17:30:40 : Player #12 Freddy Dare disconnected
﻿17:33:24 : Player #11 2DIE4 disconnected
﻿17:34:40 : RCon admin #3: (Global) Server will restart in 10 minutes
﻿17:37:04 : Player #15 <eXp> Gruby (7f82c53f48899ff2fd5b9489f8d17fb8) has been kicked by BattlEye: Client not responding
﻿17:37:20 : Player #3 Przemek disconnected
﻿17:38:57 : Player #19 SsSalt disconnected
﻿17:39:40 : RCon admin #3: (Global) Admins: LWB, Sierra and Turmoil
﻿17:39:40 : RCon admin #3: (Global) Server will restart in 5 minutes: Prepare to Logout
﻿17:40:01 : Player #13 LWB [SD] disconnected
﻿17:41:17 : Player #0 Thijs disconnected
﻿17:41:18 : Player #9 <eXp> CziQita disconnected
﻿17:42:24 : Player #4 <eXp> RafcioZG disconnected
﻿17:42:27 : Player #8 <eXp> RageBlack disconnected
﻿17:42:40 : RCon admin #3: (Global) The Server is about to restart. LOG OUT NOW OR YOUR GEAR MAY BE LOST!!
﻿17:42:57 : Player #17 Szosti disconnected
﻿17:43:02 : Player #14 birkkjer-pc disconnected
﻿17:43:03 : Player #18 stken disconnected
﻿17:43:49 : Player #10 Ptiteconfigu disconnected
﻿17:44:02 : Player #7 Thepacifique disconnected
﻿17:44:10 : RCon admin #3: (Global) YOU SHOULD BE LOGGED OUT BY NOW! IF YOU ARENT YOU WILL BE AUTO KICKED AND YOUR GEAR MAY BE LOST! NO REFUNDS!
﻿17:45:13 : Rcon client logging in
﻿17:45:13 : RCon admin #5 (78.31.67.100:50339) logged in
﻿17:45:33 : Player #0 stken (5.141.228.92:10955) connected
﻿17:45:34 : Player #0 stken - GUID: 5eb9bbef4fc4458e82c63f084a03fe2c (unverified)
﻿17:45:34 : Verified GUID (5eb9bbef4fc4458e82c63f084a03fe2c) of player #0 stken
﻿17:45:35 : Player #0 stken - Legacy GUID: ef3487dc52830d70426b32a102c9f813
﻿17:45:41 : Player #1 Thepacifique (2.15.181.214:5302) connected
﻿17:45:42 : Player #1 Thepacifique - GUID: 9f27c014a7c583f1a04bf32ddec5ad20 (unverified)
﻿17:45:43 : Verified GUID (9f27c014a7c583f1a04bf32ddec5ad20) of player #1 Thepacifique
﻿17:45:43 : Player #1 Thepacifique - Legacy GUID: 87b1ad619c3672687abaa585ae97d949
﻿17:46:00 : Player #2 Ptiteconfigu (193.252.109.18:5302) connected
﻿17:46:02 : Player #2 Ptiteconfigu - GUID: ffea92492ea8328f10629be8b2fdfa3f (unverified)
﻿17:46:03 : Verified GUID (ffea92492ea8328f10629be8b2fdfa3f) of player #2 Ptiteconfigu
﻿17:46:03 : Player #2 Ptiteconfigu - Legacy GUID: b366bad197351a6988db0250289d8793
﻿17:47:06 : Player #3 DirtyAlex (37.79.249.199:27994) connected
﻿17:47:07 : Player #3 DirtyAlex - GUID: 6b1dfa10bdfb55bf5607214e66110e76 (unverified)
﻿17:47:08 : Verified GUID (6b1dfa10bdfb55bf5607214e66110e76) of player #3 DirtyAlex
﻿17:47:08 : Player #3 DirtyAlex - Legacy GUID: 62b15f1e4392515f31021bca6b2b5d03
﻿17:48:20 : Player #4 Takei (91.194.107.158:5302) connected
﻿17:48:22 : Player #4 Takei - GUID: dc91fa664853b824c4dbe6013ecb83e1 (unverified)
﻿17:48:22 : Verified GUID (dc91fa664853b824c4dbe6013ecb83e1) of player #4 Takei
﻿17:48:22 : Player #4 Takei - Legacy GUID: d0150778bb3923dc476400ada8ff30b5
﻿17:48:31 : Player #5 Misha (178.162.90.71:5302) connected
﻿17:48:33 : Player #5 Misha - GUID: c2ba45fc7698c2de86f4f9d43c62f4f7 (unverified)
﻿17:48:33 : Verified GUID (c2ba45fc7698c2de86f4f9d43c62f4f7) of player #5 Misha
﻿17:48:33 : Player #5 Misha - Legacy GUID: 224dcc85ea02675cd8652c9a459fd6f7
﻿17:50:09 : Player #6 Anti SJW (24.235.178.193:5302) connected
﻿17:50:10 : Player #6 Anti SJW - GUID: 650106f79961e92d3986fe82e109107d (unverified)
﻿17:50:10 : Player #7 Przemek (46.175.228.216:5302) connected
﻿17:50:10 : Verified GUID (650106f79961e92d3986fe82e109107d) of player #6 Anti SJW
﻿17:50:11 : Player #6 Anti SJW - Legacy GUID: 60941799bec78a927ec50835054b6896
﻿17:50:11 : Player #7 Przemek - GUID: 341416b56fe54ef45e01dfaba2bf0875 (unverified)
﻿17:50:12 : Verified GUID (341416b56fe54ef45e01dfaba2bf0875) of player #7 Przemek
﻿17:50:12 : Player #7 Przemek - Legacy GUID: 576fee74db74d1f0a3558a269cb42ed3
﻿17:51:12 : Player #8 Din (94.45.220.199:5302) connected
﻿17:51:13 : Player #8 Din - GUID: 2f0d9ea96a1a2bec9e6677bab333ae7c (unverified)
﻿17:51:13 : Verified GUID (2f0d9ea96a1a2bec9e6677bab333ae7c) of player #8 Din
﻿17:51:14 : Player #8 Din - Legacy GUID: 3acfc2c50ff4722c17c085a5287e6999
﻿17:51:24 : Player #9 <eXp> CziQita (85.202.152.128:5302) connected
﻿17:51:25 : Player #9 <eXp> CziQita - GUID: 032d6e70df3d067624c52f7be2b9f7a4 (unverified)
﻿17:51:25 : Verified GUID (032d6e70df3d067624c52f7be2b9f7a4) of player #9 <eXp> CziQita
﻿17:51:26 : Player #9 <eXp> CziQita - Legacy GUID: 5fe66ce3f47a21b2db2c180c820374dd
﻿17:52:07 : Player #10 Rocket (37.190.37.95:10265) connected
﻿17:52:10 : Player #10 Rocket - GUID: 7c8247ea4e0eb767bcdc0c99ed2d00f3 (unverified)
﻿17:52:10 : Verified GUID (7c8247ea4e0eb767bcdc0c99ed2d00f3) of player #10 Rocket
﻿17:52:11 : Player #10 Rocket - Legacy GUID: 7d4e0a95d1bbefedfa38fedaad9e6c5b
﻿17:53:45 : Player #11 <eXp> RafcioZG (89.67.63.218:5302) connected
﻿17:53:46 : Player #11 <eXp> RafcioZG - GUID: 02ed733403835a8a8517265415d84023 (unverified)
﻿17:53:47 : Verified GUID (02ed733403835a8a8517265415d84023) of player #11 <eXp> RafcioZG
﻿17:53:47 : Player #11 <eXp> RafcioZG - Legacy GUID: c9c653dd820194488bd099e2b5e7f454
﻿17:54:51 : Player #12 <eXp> RageBlack (109.197.175.159:5302) connected
﻿17:54:52 : Player #12 <eXp> RageBlack - GUID: b53b5f841d453f2f399fd1611f42baa9 (unverified)
﻿17:54:53 : Verified GUID (b53b5f841d453f2f399fd1611f42baa9) of player #12 <eXp> RageBlack
﻿17:54:53 : Player #12 <eXp> RageBlack - Legacy GUID: 7e7d7c1411e75013c2937f26c0f17fa6
﻿17:55:00 : Player #11 <eXp> RafcioZG disconnected
﻿17:55:02 : Player #11 <eXp> Gruby (217.99.88.40:5302) connected
﻿17:55:03 : Player #11 <eXp> Gruby - GUID: 7f82c53f48899ff2fd5b9489f8d17fb8 (unverified)
﻿17:55:03 : Verified GUID (7f82c53f48899ff2fd5b9489f8d17fb8) of player #11 <eXp> Gruby
﻿17:55:04 : Player #11 <eXp> Gruby - Legacy GUID: 61f8d59b40d145e9e0934b15ea495703
﻿17:55:46 : Player #13 <eXp> RafcioZG (89.67.63.218:5302) connected
﻿17:55:47 : Player #13 <eXp> RafcioZG - GUID: 02ed733403835a8a8517265415d84023 (unverified)
﻿17:55:47 : Verified GUID (02ed733403835a8a8517265415d84023) of player #13 <eXp> RafcioZG
﻿17:55:48 : Player #13 <eXp> RafcioZG - Legacy GUID: c9c653dd820194488bd099e2b5e7f454
﻿17:59:13 : RCon admin #5: (Global) Vehicles left in trader zones at restarts will be moved to the vehicle pound and unlocked
﻿17:59:32 : Player #14 birkkjer-pc (90.185.89.172:5302) connected
﻿17:59:33 : Player #14 birkkjer-pc - GUID: e80173d282be4f55701a8b81c7a95f25 (unverified)
﻿17:59:33 : Verified GUID (e80173d282be4f55701a8b81c7a95f25) of player #14 birkkjer-pc
﻿17:59:34 : Player #14 birkkjer-pc - Legacy GUID: 6f9f093dcd85ab52e1d3df68ab344c89
﻿18:03:52 : Player #15 Kardon (81.90.168.47:5302) connected
﻿18:03:53 : Player #15 Kardon - GUID: 669c35ecd79103680d01afec1e789b54 (unverified)
﻿18:03:53 : Verified GUID (669c35ecd79103680d01afec1e789b54) of player #15 Kardon
﻿18:03:54 : Player #15 Kardon - Legacy GUID: 8798b5c593e69cb39aa61edadc765aae
﻿18:05:00 : Player #16 Szosti (178.42.146.241:5302) connected
﻿18:05:01 : Player #16 Szosti - GUID: 627630e1f2f6e5154e9548a4bd892e41 (unverified)
﻿18:05:02 : Verified GUID (627630e1f2f6e5154e9548a4bd892e41) of player #16 Szosti
﻿18:05:02 : Player #16 Szosti - Legacy GUID: 942d32aec6acc78da68c8c27788a621d
﻿18:07:22 : Player #5 Misha disconnected
﻿18:10:13 : RCon admin #5: (Global) Admins: LWB, Sierra and Turmoil
﻿18:13:08 : Player #5 Twanyboy (84.85.14.155:5302) connected
﻿18:13:09 : Player #5 Twanyboy - GUID: 26b615b5faf4e4f802f8e02b51784844 (unverified)
﻿18:13:09 : Verified GUID (26b615b5faf4e4f802f8e02b51784844) of player #5 Twanyboy
﻿18:13:10 : Player #5 Twanyboy - Legacy GUID: 51fcb21cf28305cbb5cd78bdddcb1077
﻿18:13:30 : Player #17 Thijs (89.98.196.221:5302) connected
﻿18:13:31 : Player #17 Thijs - GUID: ae66cc594c2ba42bc401a5c3181c11ad (unverified)
﻿18:13:31 : Verified GUID (ae66cc594c2ba42bc401a5c3181c11ad) of player #17 Thijs
﻿18:13:32 : Player #17 Thijs - Legacy GUID: 6381a799c1b7d34b4863411eedcbc6ae
﻿18:19:26 : Player #10 Rocket disconnected
﻿18:20:14 : Player #10 Rocket (37.190.37.95:10265) connected
﻿18:20:16 : Player #10 Rocket - GUID: 7c8247ea4e0eb767bcdc0c99ed2d00f3 (unverified)
﻿18:20:16 : Player #10 Rocket - Legacy GUID: 7d4e0a95d1bbefedfa38fedaad9e6c5b
﻿18:20:17 : Verified GUID (7c8247ea4e0eb767bcdc0c99ed2d00f3) of player #10 Rocket
﻿18:23:38 : Player #18 Birkkjer (2.107.43.145:5302) connected
﻿18:23:39 : Player #18 Birkkjer - GUID: a7bf040230fc5cd137a7f4dd367576af (unverified)
﻿18:23:40 : Player #18 Birkkjer - Legacy GUID: ede2758fc40afb760dbca9b102f2036e
﻿18:23:40 : Verified GUID (a7bf040230fc5cd137a7f4dd367576af) of player #18 Birkkjer
﻿18:23:40 : Player #18 Birkkjer - Owner GUID: 40edc9ecd6756de6f7ea68a81dc3559c
﻿18:23:42 : Player #18 Birkkjer disconnected
﻿18:24:13 : RCon admin #5: (Global) BASES MUST BE MAINTAINED VIA THE PLOT POLE EVERY 7 DAYS!!
﻿18:24:23 : RCon admin #1: (Global) LWB: Its arma, happens all the time
﻿18:25:07 : RCon admin #1: (Global) LWB: keep trying it will come up
﻿18:26:01 : Player #18 rebel (178.143.10.66:20437) connected
﻿18:26:33 : Player #18 rebel (-) has been kicked by BattlEye: Client not responding
﻿18:29:13 : RCon admin #5: (Global) Vehicles left in trader zones at restarts will be moved to the vehicle pound and unlocked
﻿18:30:37 : Player #18 LWB [SD] (86.131.103.232:1024) connected
﻿18:30:38 : Player #18 LWB [SD] - GUID: bc07c7c39c76cf95a7a434d686d9df66 (unverified)
﻿18:30:39 : Verified GUID (bc07c7c39c76cf95a7a434d686d9df66) of player #18 LWB [SD]
﻿18:30:39 : Player #18 LWB [SD] - Legacy GUID: 977383e15b6c706cac44ca953ba440c7
﻿18:31:16 : RCon admin #5: (To Przemek) Watch your language. No Warnings left. Next badword will result in kick
﻿18:32:13 : Player #19 Echo (89.172.242.40:5302) connected
﻿18:32:15 : Player #19 Echo - GUID: eb0cadad3311c1ecff761ce9b5b53b55 (unverified)
﻿18:32:15 : Player #19 Echo - Legacy GUID: 3052fa04a619a09ca2186367626dd2ef
﻿18:32:15 : Verified GUID (eb0cadad3311c1ecff761ce9b5b53b55) of player #19 Echo
﻿18:37:49 : Player #11 <eXp> Gruby (7f82c53f48899ff2fd5b9489f8d17fb8) has been kicked by BattlEye: Admin Ban (Exploiting money is not permitted)
﻿18:37:56 : Player #13 <eXp> RafcioZG (02ed733403835a8a8517265415d84023) has been kicked by BattlEye: Admin Ban (Exploiting money is not permitted)
﻿18:38:03 : Player #12 <eXp> RageBlack (b53b5f841d453f2f399fd1611f42baa9) has been kicked by BattlEye: Admin Ban (Exploiting money is not permitted)
﻿18:38:10 : Player #9 <eXp> CziQita (032d6e70df3d067624c52f7be2b9f7a4) has been kicked by BattlEye: Admin Ban (Exploiting money is not permitted)
﻿18:39:06 : Player #15 Kardon (669c35ecd79103680d01afec1e789b54) has been kicked by BattlEye: Admin Ban (Exploiting money is not permitted)
﻿18:40:13 : RCon admin #5: (Global) Admins: LWB, Sierra and Turmoil
﻿18:40:38 : Player #9 Kardon (81.90.168.47:5302) connected
﻿18:40:38 : Player #9 Kardon (-) has been kicked by BattlEye: Admin Ban (Exploiting money is not permitted)
﻿18:41:56 : Player #10 Rocket (7c8247ea4e0eb767bcdc0c99ed2d00f3) has been kicked by BattlEye: Client not responding
﻿18:42:59 : Player #9 schovB (85.81.98.176:58592) connected
﻿18:43:00 : Player #9 schovB - GUID: 80ea73a20162e3623af9894ace59e2b1 (unverified)
﻿18:43:01 : Verified GUID (80ea73a20162e3623af9894ace59e2b1) of player #9 schovB
﻿18:43:01 : Player #9 schovB - Legacy GUID: 304d62cc1c4ff732fee488fa9116438f
﻿18:45:06 : Player #10 Rocket (37.190.37.95:10265) connected
﻿18:45:08 : Player #10 Rocket - GUID: 7c8247ea4e0eb767bcdc0c99ed2d00f3 (unverified)
﻿18:45:08 : Verified GUID (7c8247ea4e0eb767bcdc0c99ed2d00f3) of player #10 Rocket
﻿18:45:08 : Player #10 Rocket - Legacy GUID: 7d4e0a95d1bbefedfa38fedaad9e6c5b
﻿18:48:32 : Player #7 Przemek disconnected
﻿18:48:35 : Player #4 Takei disconnected
﻿18:53:23 : Player #6 Anti SJW disconnected
﻿18:53:28 : Player #17 Thijs disconnected
﻿18:54:13 : RCon admin #5: (Global) BASES MUST BE MAINTAINED VIA THE PLOT POLE EVERY 7 DAYS!!
﻿18:54:34 : RCon admin #6 (86.131.103.232:55093) logged in
﻿18:58:05 : Player #19 Echo disconnected
﻿18:59:13 : RCon admin #5: (Global) Vehicles left in trader zones at restarts will be moved to the vehicle pound and unlocked
﻿19:04:28 : Player #4 <eXp> RafcioZG (89.67.63.218:5302) connected
﻿19:04:28 : Player #4 <eXp> RafcioZG (-) has been kicked by BattlEye: Admin Ban (Exploiting money is not permitted)
﻿19:10:13 : RCon admin #5: (Global) Admins: LWB, Sierra and Turmoil
﻿19:10:28 : Player #0 stken disconnected
﻿19:10:39 : Player #3 DirtyAlex disconnected
﻿19:11:17 : Player #0 <eXp> RafcioZG (89.67.63.218:5302) connected
﻿19:11:17 : Player #0 <eXp> RafcioZG (-) has been kicked by BattlEye: Admin Ban (Exploiting money is not permitted)
﻿19:14:39 : Player #0 Bolivario (5.227.15.155:48390) connected
﻿19:14:40 : Player #0 Bolivario - GUID: a369c749aad041848eb7d24247fa3883 (unverified)
﻿19:14:41 : Verified GUID (a369c749aad041848eb7d24247fa3883) of player #0 Bolivario
﻿19:14:41 : Player #0 Bolivario - Legacy GUID: 63a137ca11562c9a9961e29de9296d79
﻿19:14:42 : Player #0 Bolivario disconnected
﻿19:22:20 : Player #0 Thijs (89.98.196.221:5302) connected
﻿19:22:21 : Player #0 Thijs - GUID: ae66cc594c2ba42bc401a5c3181c11ad (unverified)
﻿19:22:22 : Player #0 Thijs - Legacy GUID: 6381a799c1b7d34b4863411eedcbc6ae
﻿19:22:22 : Verified GUID (ae66cc594c2ba42bc401a5c3181c11ad) of player #0 Thijs
﻿19:23:06 : Player #3 user (72.35.126.72:2304) connected
﻿19:23:07 : Player #3 user disconnected
﻿19:23:11 : Player #3 user (72.35.126.72:2304) connected
﻿19:23:12 : Player #3 user disconnected
﻿19:23:13 : Player #3 user (72.35.126.72:2304) connected
﻿19:23:13 : Player #3 user disconnected
﻿19:24:13 : RCon admin #5: (Global) BASES MUST BE MAINTAINED VIA THE PLOT POLE EVERY 7 DAYS!!
﻿19:29:13 : RCon admin #5: (Global) Vehicles left in trader zones at restarts will be moved to the vehicle pound and unlocked
﻿19:30:02 : Player #1 Thepacifique disconnected
﻿19:30:46 : Player #14 birkkjer-pc disconnected
﻿19:33:34 : Player #1 Turmoil (85.165.165.54:2304) connected
﻿19:33:35 : Player #1 Turmoil - GUID: 078d3175e22fad797d9a152aaaa83806 (unverified)
﻿19:33:35 : Verified GUID (078d3175e22fad797d9a152aaaa83806) of player #1 Turmoil
﻿19:33:36 : Player #1 Turmoil - Legacy GUID: 153330a3c1eb9ccf7092e322ab07ebb0
﻿19:36:30 : Player #16 Szosti disconnected
﻿19:36:56 : Player #3 user (72.35.126.72:2304) connected
﻿19:36:57 : Player #3 user disconnected
﻿19:37:19 : RCon admin #3 (86.131.103.232:51856) logged in
﻿19:40:13 : RCon admin #5: (Global) Admins: LWB, Sierra and Turmoil
﻿19:43:16 : Player #3 CherryBomb (86.131.103.232:1025) connected
﻿19:43:18 : Player #3 CherryBomb - GUID: d5a7a204223d483926d292f4255aa428 (unverified)
﻿19:43:18 : Verified GUID (d5a7a204223d483926d292f4255aa428) of player #3 CherryBomb
﻿19:43:19 : Player #3 CherryBomb - Legacy GUID: 81e5f276acb3bd8401df80e28c6291a7
﻿19:43:25 : Player #3 CherryBomb disconnected
﻿19:46:02 : Player #3 Sierra [SD] (86.131.103.232:1025) connected
﻿19:46:03 : Player #3 Sierra [SD] - GUID: d5a7a204223d483926d292f4255aa428 (unverified)
﻿19:46:04 : Verified GUID (d5a7a204223d483926d292f4255aa428) of player #3 Sierra [SD]
﻿19:46:04 : Player #3 Sierra [SD] - Legacy GUID: 81e5f276acb3bd8401df80e28c6291a7
﻿19:49:44 : Player #8 Din disconnected
﻿19:50:24 : Player #2 Ptiteconfigu disconnected
﻿19:51:12 : RCon admin #6 (86.131.103.232:58727) logged in
﻿19:54:13 : RCon admin #5: (Global) BASES MUST BE MAINTAINED VIA THE PLOT POLE EVERY 7 DAYS!!
﻿19:56:43 : Player #10 Rocket disconnected
﻿19:59:04 : Player #3 Sierra [SD] disconnected
﻿19:59:13 : RCon admin #5: (Global) Vehicles left in trader zones at restarts will be moved to the vehicle pound and unlocked
﻿20:01:45 : RCon admin #1 (86.131.103.232:55517) logged in
﻿20:05:13 : RCon admin #5: (Global) Server will restart in 10 minutes
﻿20:05:56 : Player #2 Kivvi (83.233.136.205:35152) connected
﻿20:05:57 : Player #2 Kivvi - GUID: ba0d60fa8e1d51c72099a12cb7130267 (unverified)
﻿20:05:58 : Verified GUID (ba0d60fa8e1d51c72099a12cb7130267) of player #2 Kivvi
﻿20:05:58 : Player #2 Kivvi - Legacy GUID: 9c2bb915fef83b0980a3b6f7d9029620
﻿20:10:13 : RCon admin #5: (Global) Admins: LWB, Sierra and Turmoil
﻿20:10:14 : RCon admin #5: (Global) Server will restart in 5 minutes: Prepare to Logout
﻿20:12:35 : Player #0 Thijs disconnected
﻿20:12:37 : Player #9 schovB disconnected
﻿20:13:13 : RCon admin #5: (Global) The Server is about to restart. LOG OUT NOW OR YOUR GEAR MAY BE LOST!!
﻿20:13:28 : Player #1 Turmoil disconnected
﻿20:14:43 : RCon admin #5: (Global) YOU SHOULD BE LOGGED OUT BY NOW! IF YOU ARENT YOU WILL BE AUTO KICKED AND YOUR GEAR MAY BE LOST! NO REFUNDS!
﻿20:14:59 : Player #18 LWB [SD] disconnected
﻿20:15:02 : Player #2 Kivvi disconnected
﻿20:16:44 : Rcon client logging in
﻿20:16:46 : RCon admin #5 (78.31.67.100:59660) logged in
﻿20:16:46 : Player #1 Thijs (89.98.196.221:5302) connected
﻿20:16:48 : Player #1 Thijs - GUID: ae66cc594c2ba42bc401a5c3181c11ad (unverified)
﻿20:16:48 : Verified GUID (ae66cc594c2ba42bc401a5c3181c11ad) of player #1 Thijs
﻿20:16:48 : Player #1 Thijs - Legacy GUID: 6381a799c1b7d34b4863411eedcbc6ae
﻿20:17:30 : RCon admin #6 (86.131.103.232:61372) logged in
﻿20:18:30 : Player #2 Przemek (46.175.228.216:5302) connected
﻿20:18:31 : Player #2 Przemek - GUID: 341416b56fe54ef45e01dfaba2bf0875 (unverified)
﻿20:18:32 : Verified GUID (341416b56fe54ef45e01dfaba2bf0875) of player #2 Przemek
﻿20:18:32 : Player #2 Przemek - Legacy GUID: 576fee74db74d1f0a3558a269cb42ed3
﻿20:19:15 : RCon admin #7 (86.131.103.232:59236) logged in
﻿20:22:25 : Player #2 Przemek disconnected
﻿20:24:03 : Player #2 Takei (91.194.107.158:5302) connected
﻿20:24:04 : Player #2 Takei - GUID: dc91fa664853b824c4dbe6013ecb83e1 (unverified)
﻿20:24:05 : Verified GUID (dc91fa664853b824c4dbe6013ecb83e1) of player #2 Takei
﻿20:24:05 : Player #2 Takei - Legacy GUID: d0150778bb3923dc476400ada8ff30b5
﻿20:24:30 : Player #3 Przemek (46.175.228.216:5302) connected
﻿20:24:31 : Player #3 Przemek - GUID: 341416b56fe54ef45e01dfaba2bf0875 (unverified)
﻿20:24:32 : Verified GUID (341416b56fe54ef45e01dfaba2bf0875) of player #3 Przemek
﻿20:24:32 : Player #3 Przemek - Legacy GUID: 576fee74db74d1f0a3558a269cb42ed3
﻿20:25:40 : Player #4 Piesel (185.112.117.140:5302) connected
﻿20:25:41 : Player #4 Piesel - GUID: 9151aeaa7d2b2507de55a7f06f651103 (unverified)
﻿20:25:42 : Verified GUID (9151aeaa7d2b2507de55a7f06f651103) of player #4 Piesel
﻿20:25:42 : Player #4 Piesel disconnected
﻿20:30:24 : Player #4 Kardon (81.90.168.47:5302) connected
﻿20:30:24 : Player #4 Kardon (-) has been kicked by BattlEye: Admin Ban (Exploiting money is not permitted)
﻿20:30:44 : RCon admin #5: (Global) Vehicles left in trader zones at restarts will be moved to the vehicle pound and unlocked
﻿20:35:31 : Player #4 LWB [SD] (86.131.103.232:1024) connected
﻿20:35:32 : Player #4 LWB [SD] - GUID: bc07c7c39c76cf95a7a434d686d9df66 (unverified)
﻿20:35:33 : Verified GUID (bc07c7c39c76cf95a7a434d686d9df66) of player #4 LWB [SD]
﻿20:35:33 : Player #4 LWB [SD] - Legacy GUID: 977383e15b6c706cac44ca953ba440c7
﻿20:35:50 : Player #5 Anti SJW (24.235.178.193:5302) connected
﻿20:35:51 : Player #5 Anti SJW - GUID: 650106f79961e92d3986fe82e109107d (unverified)
﻿20:35:52 : Verified GUID (650106f79961e92d3986fe82e109107d) of player #5 Anti SJW
﻿20:35:52 : Player #5 Anti SJW - Legacy GUID: 60941799bec78a927ec50835054b6896
﻿20:36:40 : Player #6 HectoR (77.152.33.146:2304) connected
﻿20:36:41 : Player #6 HectoR - GUID: 735620dedb945aedcf45000c5bf01691 (unverified)
﻿20:36:42 : Verified GUID (735620dedb945aedcf45000c5bf01691) of player #6 HectoR
﻿20:36:42 : Player #6 HectoR - Legacy GUID: 92fc59c897bba96290cc4b0f98c9c590
﻿20:36:43 : Player #6 HectoR disconnected
﻿20:41:44 : RCon admin #5: (Global) Admins: LWB, Sierra and Turmoil
﻿20:44:16 : Player #6 Piesel (185.112.117.140:5302) connected
﻿20:44:17 : Player #6 Piesel - GUID: 9151aeaa7d2b2507de55a7f06f651103 (unverified)
﻿20:44:17 : Verified GUID (9151aeaa7d2b2507de55a7f06f651103) of player #6 Piesel
﻿20:44:18 : Player #6 Piesel disconnected
﻿20:46:10 : Player #6 Piesel (185.112.117.140:5302) connected
﻿20:46:11 : Player #6 Piesel - GUID: 9151aeaa7d2b2507de55a7f06f651103 (unverified)
﻿20:46:11 : Verified GUID (9151aeaa7d2b2507de55a7f06f651103) of player #6 Piesel
﻿20:46:12 : Player #6 Piesel disconnected
﻿20:46:57 : Player #6 Piesel (185.112.117.140:5302) connected
﻿20:46:58 : Player #6 Piesel - GUID: 9151aeaa7d2b2507de55a7f06f651103 (unverified)
﻿20:46:58 : Verified GUID (9151aeaa7d2b2507de55a7f06f651103) of player #6 Piesel
﻿20:46:59 : Player #6 Piesel - Legacy GUID: d88d01f20536dea0d9c71d4bcc141504
﻿20:50:25 : Player #7 AksiOnPc (89.11.132.16:53809) connected
﻿20:50:26 : Player #7 AksiOnPc - GUID: 60558a95c9b9c0c4fc61bed23607bf13 (unverified)
﻿20:50:27 : Verified GUID (60558a95c9b9c0c4fc61bed23607bf13) of player #7 AksiOnPc
﻿20:50:27 : Player #7 AksiOnPc - Legacy GUID: 2f406800d4f6df89cdd1de61bd1a3d6c
﻿20:52:53 : Player #8 N.W.A. Eric (78.72.101.238:56630) connected
﻿20:52:54 : Player #8 N.W.A. Eric - GUID: 6b1c84ecc1e171a8907ee89f9d04adae (unverified)
﻿20:52:55 : Verified GUID (6b1c84ecc1e171a8907ee89f9d04adae) of player #8 N.W.A. Eric
﻿20:52:55 : Player #8 N.W.A. Eric - Legacy GUID: f8d0ea768ecaa9fb9985876382946e48
﻿20:55:45 : RCon admin #5: (Global) BASES MUST BE MAINTAINED VIA THE PLOT POLE EVERY 7 DAYS!!
﻿20:58:36 : RCon admin #6 (86.131.103.232:56241) logged in
﻿21:00:45 : RCon admin #5: (Global) Vehicles left in trader zones at restarts will be moved to the vehicle pound and unlocked
﻿21:02:04 : Player #9 User (31.173.84.152:7741) connected
﻿21:02:06 : Player #9 User - GUID: bd7293d17ee94fb26439c5acca09e025 (unverified)
﻿21:02:06 : Verified GUID (bd7293d17ee94fb26439c5acca09e025) of player #9 User
﻿21:02:07 : Player #9 User disconnected
﻿21:06:54 : Player #9 Shady (78.90.100.167:5302) connected
﻿21:06:55 : Player #9 Shady - GUID: c2a1472c57add02281a826cc6d663a2f (unverified)
﻿21:06:56 : Verified GUID (c2a1472c57add02281a826cc6d663a2f) of player #9 Shady
﻿21:06:56 : Player #9 Shady - Legacy GUID: 65200b6018fe99954448217477c5f9ce
﻿21:07:44 : Player #10 galina (77.76.179.121:5302) connected
﻿21:07:46 : Player #10 galina - GUID: 7bdf1adcfd25802ba1120432f49b4058 (unverified)
﻿21:07:47 : Verified GUID (7bdf1adcfd25802ba1120432f49b4058) of player #10 galina
﻿21:07:48 : Player #10 galina - Legacy GUID: 6524ed6d5f2f99eb3947c0bfe57aa42a
﻿21:09:06 : RCon admin #2 (86.131.103.232:60594) logged in
﻿21:11:45 : RCon admin #5: (Global) Admins: LWB, Sierra and Turmoil
﻿21:12:49 : Player #11 William Smith (79.76.32.172:23899) connected
﻿21:12:51 : Player #11 William Smith - GUID: 0f316a5f69c126539f77a8a20b53a867 (unverified)
﻿21:12:52 : Verified GUID (0f316a5f69c126539f77a8a20b53a867) of player #11 William Smith
﻿21:12:53 : Player #11 William Smith - Legacy GUID: 4e6088087f1933504e293bb57476b8ec
﻿21:13:11 : Player #1 Thijs disconnected
﻿21:15:11 : Player #1 Black Jesus (2.28.147.140:5302) connected
﻿21:15:13 : Player #1 Black Jesus - GUID: e2ec3008f2915db7ba2d1d85a37737f4 (unverified)
﻿21:15:14 : Player #1 Black Jesus - Legacy GUID: 7380022b57c6cd5e694c58c35804fe41
﻿21:15:14 : Verified GUID (e2ec3008f2915db7ba2d1d85a37737f4) of player #1 Black Jesus
﻿21:18:02 : Player #12 birkkjer-pc (90.185.89.172:5302) connected
﻿21:18:04 : Player #12 birkkjer-pc - GUID: e80173d282be4f55701a8b81c7a95f25 (unverified)
﻿21:18:04 : Verified GUID (e80173d282be4f55701a8b81c7a95f25) of player #12 birkkjer-pc
﻿21:18:04 : Player #12 birkkjer-pc - Legacy GUID: 6f9f093dcd85ab52e1d3df68ab344c89
﻿21:21:33 : Player #12 birkkjer-pc disconnected
﻿21:25:45 : RCon admin #5: (Global) BASES MUST BE MAINTAINED VIA THE PLOT POLE EVERY 7 DAYS!!
﻿21:30:45 : RCon admin #5: (Global) Vehicles left in trader zones at restarts will be moved to the vehicle pound and unlocked
﻿21:38:04 : Player #11 William Smith disconnected
﻿21:41:22 : RCon admin #6 (86.131.103.232:55196) logged in
﻿21:41:45 : RCon admin #5: (Global) Admins: LWB, Sierra and Turmoil
﻿21:48:47 : Player #1 Black Jesus disconnected
﻿21:55:45 : RCon admin #5: (Global) BASES MUST BE MAINTAINED VIA THE PLOT POLE EVERY 7 DAYS!!
﻿21:57:52 : RCon admin #1: (Global) Turmoil: give me a sec i will find out for you
﻿21:57:57 : Player #1 Turmoil (85.165.165.54:2304) connected
﻿21:57:58 : Player #1 Turmoil - GUID: 078d3175e22fad797d9a152aaaa83806 (unverified)
﻿21:57:58 : Verified GUID (078d3175e22fad797d9a152aaaa83806) of player #1 Turmoil
﻿21:57:59 : Player #1 Turmoil - Legacy GUID: 153330a3c1eb9ccf7092e322ab07ebb0
﻿22:00:45 : RCon admin #5: (Global) Vehicles left in trader zones at restarts will be moved to the vehicle pound and unlocked
﻿22:01:14 : Player #1 Turmoil disconnected
﻿22:01:34 : RCon admin #1: (Global) Turmoil: you are free to come here LWB :)
﻿22:03:06 : Player #1 Turmoil (85.165.165.54:2304) connected
﻿22:03:07 : Player #1 Turmoil - GUID: 078d3175e22fad797d9a152aaaa83806 (unverified)
﻿22:03:07 : Verified GUID (078d3175e22fad797d9a152aaaa83806) of player #1 Turmoil
﻿22:03:08 : Player #1 Turmoil - Legacy GUID: 153330a3c1eb9ccf7092e322ab07ebb0
﻿22:10:57 : Player #3 Przemek disconnected
﻿22:10:59 : RCon admin #1: (Global) Turmoil: could i get everyones attension please
﻿22:11:09 : Player #3 Przemek (46.175.228.216:5302) connected
﻿22:11:11 : Player #3 Przemek - GUID: 341416b56fe54ef45e01dfaba2bf0875 (unverified)
﻿22:11:11 : Verified GUID (341416b56fe54ef45e01dfaba2bf0875) of player #3 Przemek
﻿22:11:12 : Player #3 Przemek - Legacy GUID: 576fee74db74d1f0a3558a269cb42ed3
﻿22:11:33 : RCon admin #1: (Global) Turmoil: in future days, what sort of events would people like to see on here? SUV races, kill the admins, etc 
﻿22:11:41 : RCon admin #1: (Global) Turmoil: your opinion doesnt count LWB
﻿22:11:45 : RCon admin #5: (Global) Admins: LWB, Sierra and Turmoil
﻿22:12:06 : RCon admin #1: (Global) Turmoil: are we that hated already? xD
﻿22:25:45 : RCon admin #5: (Global) BASES MUST BE MAINTAINED VIA THE PLOT POLE EVERY 7 DAYS!!
﻿22:30:44 : RCon admin #5: (Global) Vehicles left in trader zones at restarts will be moved to the vehicle pound and unlocked
﻿22:31:35 : Player #8 N.W.A. Eric disconnected
﻿22:34:58 : Player #3 Przemek disconnected
﻿22:36:45 : RCon admin #5: (Global) Server will restart in 10 minutes
﻿22:36:52 : Player #2 Takei disconnected
﻿22:41:13 : Player #5 Anti SJW disconnected
﻿22:41:45 : RCon admin #5: (Global) Admins: LWB, Sierra and Turmoil
﻿22:41:45 : RCon admin #5: (Global) Server will restart in 5 minutes: Prepare to Logout
﻿22:43:25 : RCon admin #2 (86.131.103.232:53717) logged in
﻿22:44:09 : Player #10 galina disconnected
﻿22:44:36 : Player #9 Shady disconnected
﻿22:44:44 : RCon admin #5: (Global) The Server is about to restart. LOG OUT NOW OR YOUR GEAR MAY BE LOST!!
﻿22:45:10 : Player #1 Turmoil disconnected
﻿22:45:13 : Player #7 AksiOnPc disconnected
﻿22:45:23 : Player #6 Piesel disconnected
﻿22:45:25 : Player #4 LWB [SD] disconnected
﻿22:46:14 : RCon admin #5: (Global) YOU SHOULD BE LOGGED OUT BY NOW! IF YOU ARENT YOU WILL BE AUTO KICKED AND YOUR GEAR MAY BE LOST! NO REFUNDS!
﻿22:46:33 : Player #0 Twanyboy disconnected
﻿22:48:24 : Rcon client logging in
﻿22:48:25 : RCon admin #4 (78.31.67.100:55945) logged in
﻿22:48:31 : Player #1 LWB [SD] (86.131.103.232:1024) connected
﻿22:48:32 : Player #1 LWB [SD] - GUID: bc07c7c39c76cf95a7a434d686d9df66 (unverified)
﻿22:48:32 : Verified GUID (bc07c7c39c76cf95a7a434d686d9df66) of player #1 LWB [SD]
﻿22:48:33 : Player #1 LWB [SD] - Legacy GUID: 977383e15b6c706cac44ca953ba440c7
﻿22:48:34 : RCon admin #5 (86.131.103.232:51688) logged in
﻿22:51:38 : Player #1 LWB [SD] disconnected
﻿23:02:24 : RCon admin #4: (Global) Vehicles left in trader zones at restarts will be moved to the vehicle pound and unlocked
﻿23:09:24 : RCon admin #6 (86.131.103.232:63012) logged in
﻿23:10:14 : RCon admin #1 (86.131.103.232:63013) logged in
﻿23:10:39 : RCon admin #6 (86.131.103.232:63015) logged in
﻿23:13:24 : RCon admin #4: (Global) Admins: LWB, Sierra and Turmoil
﻿23:27:24 : RCon admin #4: (Global) BASES MUST BE MAINTAINED VIA THE PLOT POLE EVERY 7 DAYS!!
﻿23:32:24 : RCon admin #4: (Global) Vehicles left in trader zones at restarts will be moved to the vehicle pound and unlocked
﻿23:43:24 : RCon admin #4: (Global) Admins: LWB, Sierra and Turmoil
﻿23:50:44 : Player #1 Collin (8.42.226.20:5302) connected
﻿23:50:46 : Player #1 Collin - GUID: 784fd49f7059430f8b01bbf2eaacdbb2 (unverified)
﻿23:50:46 : Verified GUID (784fd49f7059430f8b01bbf2eaacdbb2) of player #1 Collin
﻿23:50:46 : Player #1 Collin - Legacy GUID: afc19a0857d8d96001c83cf784fccbad
﻿23:55:43 : Player #1 Collin disconnected
﻿23:57:24 : RCon admin #4: (Global) BASES MUST BE MAINTAINED VIA THE PLOT POLE EVERY 7 DAYS!!
