00:01:02 : RCon admin #1 (86.131.103.232:62534) logged in
﻿00:08:32 : RCon admin #0 (86.131.103.232:61696) logged in
﻿00:09:17 : RCon admin #1 (86.131.103.232:61697) logged in
﻿00:09:40 : RCon admin #0 (86.131.103.232:61698) logged in
﻿00:12:52 : RCon admin #1 (86.131.103.232:53904) logged in
﻿00:13:16 : Player #2 plogeN (79.138.4.198:5302) connected
﻿00:13:18 : Player #2 plogeN - GUID: 8b1170dd76cde2802f68a6e044c2b5b1 (unverified)
﻿00:13:18 : Verified GUID (8b1170dd76cde2802f68a6e044c2b5b1) of player #2 plogeN
﻿00:13:18 : Player #2 plogeN - Legacy GUID: d3e976d1d4fd93097ae7d389fd2882fd
﻿00:13:27 : RCon admin #2: (Global) BASES MUST BE MAINTAINED VIA THE PLOT POLE EVERY 7 DAYS!!
﻿00:16:02 : RCon admin #0 (86.131.103.232:49764) logged in
﻿00:16:47 : RCon admin #1 (86.131.103.232:51511) logged in
﻿00:18:27 : RCon admin #2: (Global) Vehicles left in trader zones at restarts will be moved to the vehicle pound and unlocked
﻿00:19:02 : RCon admin #0 (86.131.103.232:50442) logged in
﻿00:20:19 : Player #0 Overwatch disconnected
﻿00:21:53 : RCon admin #1 (86.131.103.232:49717) logged in
﻿00:28:12 : RCon admin #0 (86.131.103.232:64342) logged in
﻿00:29:23 : RCon admin #1 (86.131.103.232:64343) logged in
﻿00:29:27 : RCon admin #2: (Global) Admins: LWB, Sierra and Turmoil
﻿00:30:33 : RCon admin #0 (86.131.103.232:64344) logged in
﻿00:32:03 : RCon admin #1 (86.131.103.232:57880) logged in
﻿00:32:42 : Player #2 plogeN disconnected
﻿00:43:27 : RCon admin #2: (Global) BASES MUST BE MAINTAINED VIA THE PLOT POLE EVERY 7 DAYS!!
﻿00:48:27 : RCon admin #2: (Global) Vehicles left in trader zones at restarts will be moved to the vehicle pound and unlocked
﻿00:58:40 : Player #1 HaddenHD disconnected
﻿00:59:27 : RCon admin #2: (Global) Admins: LWB, Sierra and Turmoil
﻿01:13:27 : RCon admin #2: (Global) BASES MUST BE MAINTAINED VIA THE PLOT POLE EVERY 7 DAYS!!
﻿01:18:27 : RCon admin #2: (Global) Vehicles left in trader zones at restarts will be moved to the vehicle pound and unlocked
﻿01:24:27 : RCon admin #2: (Global) Server will restart in 10 minutes
﻿01:29:27 : RCon admin #2: (Global) Admins: LWB, Sierra and Turmoil
﻿01:29:27 : RCon admin #2: (Global) Server will restart in 5 minutes: Prepare to Logout
﻿01:32:27 : RCon admin #2: (Global) The Server is about to restart. LOG OUT NOW OR YOUR GEAR MAY BE LOST!!
﻿01:33:57 : RCon admin #2: (Global) YOU SHOULD BE LOGGED OUT BY NOW! IF YOU ARENT YOU WILL BE AUTO KICKED AND YOUR GEAR MAY BE LOST! NO REFUNDS!
﻿01:35:01 : Rcon client logging in
﻿01:35:01 : RCon admin #2 (78.31.67.100:63369) logged in
﻿01:36:53 : Player #0 peter (88.85.43.167:57733) connected
﻿01:36:57 : Player #0 peter disconnected
﻿01:49:02 : RCon admin #2: (Global) Vehicles left in trader zones at restarts will be moved to the vehicle pound and unlocked
﻿02:00:02 : RCon admin #2: (Global) Admins: LWB, Sierra and Turmoil
﻿02:03:02 : Player #0 Tristann73 (207.30.83.239:5302) connected
﻿02:03:04 : Player #0 Tristann73 - GUID: e8184a0ba9d9e6dbbe000de69f6386a6 (unverified)
﻿02:03:04 : Verified GUID (e8184a0ba9d9e6dbbe000de69f6386a6) of player #0 Tristann73
﻿02:03:05 : Player #0 Tristann73 - Legacy GUID: a7b5edcdaadf8283860492871a0eccda
﻿02:05:02 : Player #0 Tristann73 disconnected
﻿02:14:02 : RCon admin #2: (Global) BASES MUST BE MAINTAINED VIA THE PLOT POLE EVERY 7 DAYS!!
﻿02:15:20 : Player #0 Stringer (76.76.247.86:5302) connected
﻿02:15:22 : Player #0 Stringer - GUID: a2606a7a84678606c8b89e438f99d1b6 (unverified)
﻿02:15:22 : Verified GUID (a2606a7a84678606c8b89e438f99d1b6) of player #0 Stringer
﻿02:15:22 : Player #0 Stringer - Legacy GUID: c3ac236e98929eacdbf16704a0e643a9
﻿02:15:23 : Player #0 Stringer disconnected
﻿02:19:02 : RCon admin #2: (Global) Vehicles left in trader zones at restarts will be moved to the vehicle pound and unlocked
﻿02:30:02 : RCon admin #2: (Global) Admins: LWB, Sierra and Turmoil
﻿02:44:02 : RCon admin #2: (Global) BASES MUST BE MAINTAINED VIA THE PLOT POLE EVERY 7 DAYS!!
﻿02:46:48 : Player #0 Andrew (108.196.120.15:5302) connected
﻿02:46:50 : Player #0 Andrew - GUID: 2c419c0e08153009195a63da833c5c30 (unverified)
﻿02:46:50 : Verified GUID (2c419c0e08153009195a63da833c5c30) of player #0 Andrew
﻿02:46:50 : Player #0 Andrew - Legacy GUID: 31d0ed6d9faec1f3aaf68dfe68a36538
﻿02:46:52 : Player #0 Andrew disconnected
﻿02:49:02 : RCon admin #2: (Global) Vehicles left in trader zones at restarts will be moved to the vehicle pound and unlocked
﻿03:00:02 : RCon admin #2: (Global) Admins: LWB, Sierra and Turmoil
﻿03:14:02 : RCon admin #2: (Global) BASES MUST BE MAINTAINED VIA THE PLOT POLE EVERY 7 DAYS!!
﻿03:19:02 : RCon admin #2: (Global) Vehicles left in trader zones at restarts will be moved to the vehicle pound and unlocked
﻿03:30:02 : RCon admin #2: (Global) Admins: LWB, Sierra and Turmoil
﻿03:44:02 : RCon admin #2: (Global) BASES MUST BE MAINTAINED VIA THE PLOT POLE EVERY 7 DAYS!!
﻿03:49:02 : RCon admin #2: (Global) Vehicles left in trader zones at restarts will be moved to the vehicle pound and unlocked
﻿03:55:02 : RCon admin #2: (Global) Server will restart in 10 minutes
﻿04:00:02 : RCon admin #2: (Global) Admins: LWB, Sierra and Turmoil
﻿04:00:02 : RCon admin #2: (Global) Server will restart in 5 minutes: Prepare to Logout
﻿04:03:02 : RCon admin #2: (Global) The Server is about to restart. LOG OUT NOW OR YOUR GEAR MAY BE LOST!!
﻿04:04:32 : RCon admin #2: (Global) YOU SHOULD BE LOGGED OUT BY NOW! IF YOU ARENT YOU WILL BE AUTO KICKED AND YOUR GEAR MAY BE LOST! NO REFUNDS!
﻿04:05:35 : Rcon client logging in
﻿04:05:35 : RCon admin #2 (78.31.67.100:56889) logged in
﻿04:19:36 : RCon admin #2: (Global) Vehicles left in trader zones at restarts will be moved to the vehicle pound and unlocked
﻿04:30:36 : RCon admin #2: (Global) Admins: LWB, Sierra and Turmoil
﻿04:44:36 : RCon admin #2: (Global) BASES MUST BE MAINTAINED VIA THE PLOT POLE EVERY 7 DAYS!!
﻿04:49:36 : RCon admin #2: (Global) Vehicles left in trader zones at restarts will be moved to the vehicle pound and unlocked
﻿05:00:36 : RCon admin #2: (Global) Admins: LWB, Sierra and Turmoil
﻿05:14:36 : RCon admin #2: (Global) BASES MUST BE MAINTAINED VIA THE PLOT POLE EVERY 7 DAYS!!
﻿05:19:36 : RCon admin #2: (Global) Vehicles left in trader zones at restarts will be moved to the vehicle pound and unlocked
﻿05:30:36 : RCon admin #2: (Global) Admins: LWB, Sierra and Turmoil
﻿05:44:36 : RCon admin #2: (Global) BASES MUST BE MAINTAINED VIA THE PLOT POLE EVERY 7 DAYS!!
﻿05:49:36 : RCon admin #2: (Global) Vehicles left in trader zones at restarts will be moved to the vehicle pound and unlocked
﻿06:00:36 : RCon admin #2: (Global) Admins: LWB, Sierra and Turmoil
﻿06:14:36 : RCon admin #2: (Global) BASES MUST BE MAINTAINED VIA THE PLOT POLE EVERY 7 DAYS!!
﻿06:19:36 : RCon admin #2: (Global) Vehicles left in trader zones at restarts will be moved to the vehicle pound and unlocked
﻿06:25:36 : RCon admin #2: (Global) Server will restart in 10 minutes
﻿06:30:36 : RCon admin #2: (Global) Admins: LWB, Sierra and Turmoil
﻿06:30:36 : RCon admin #2: (Global) Server will restart in 5 minutes: Prepare to Logout
﻿06:33:36 : RCon admin #2: (Global) The Server is about to restart. LOG OUT NOW OR YOUR GEAR MAY BE LOST!!
﻿06:35:06 : RCon admin #2: (Global) YOU SHOULD BE LOGGED OUT BY NOW! IF YOU ARENT YOU WILL BE AUTO KICKED AND YOUR GEAR MAY BE LOST! NO REFUNDS!
﻿06:36:09 : Rcon client logging in
﻿06:36:09 : RCon admin #2 (78.31.67.100:53797) logged in
﻿06:50:10 : RCon admin #2: (Global) Vehicles left in trader zones at restarts will be moved to the vehicle pound and unlocked
﻿07:01:10 : RCon admin #2: (Global) Admins: LWB, Sierra and Turmoil
﻿07:15:10 : RCon admin #2: (Global) BASES MUST BE MAINTAINED VIA THE PLOT POLE EVERY 7 DAYS!!
﻿07:20:10 : RCon admin #2: (Global) Vehicles left in trader zones at restarts will be moved to the vehicle pound and unlocked
﻿07:31:10 : RCon admin #2: (Global) Admins: LWB, Sierra and Turmoil
﻿07:45:10 : RCon admin #2: (Global) BASES MUST BE MAINTAINED VIA THE PLOT POLE EVERY 7 DAYS!!
﻿07:50:10 : RCon admin #2: (Global) Vehicles left in trader zones at restarts will be moved to the vehicle pound and unlocked
﻿08:01:10 : RCon admin #2: (Global) Admins: LWB, Sierra and Turmoil
﻿08:04:15 : RCon admin #3 (86.131.103.232:63697) logged in
﻿08:05:20 : RCon admin #1 (86.131.103.232:63698) logged in
﻿08:15:10 : RCon admin #2: (Global) BASES MUST BE MAINTAINED VIA THE PLOT POLE EVERY 7 DAYS!!
﻿08:20:10 : RCon admin #2: (Global) Vehicles left in trader zones at restarts will be moved to the vehicle pound and unlocked
﻿08:31:10 : RCon admin #2: (Global) Admins: LWB, Sierra and Turmoil
﻿08:45:10 : RCon admin #2: (Global) BASES MUST BE MAINTAINED VIA THE PLOT POLE EVERY 7 DAYS!!
﻿08:50:10 : RCon admin #2: (Global) Vehicles left in trader zones at restarts will be moved to the vehicle pound and unlocked
﻿08:56:10 : RCon admin #2: (Global) Server will restart in 10 minutes
﻿09:01:10 : RCon admin #2: (Global) Admins: LWB, Sierra and Turmoil
﻿09:01:10 : RCon admin #2: (Global) Server will restart in 5 minutes: Prepare to Logout
﻿09:04:10 : RCon admin #2: (Global) The Server is about to restart. LOG OUT NOW OR YOUR GEAR MAY BE LOST!!
﻿09:05:40 : RCon admin #2: (Global) YOU SHOULD BE LOGGED OUT BY NOW! IF YOU ARENT YOU WILL BE AUTO KICKED AND YOUR GEAR MAY BE LOST! NO REFUNDS!
﻿09:06:43 : Rcon client logging in
﻿09:06:43 : RCon admin #2 (78.31.67.100:61132) logged in
﻿09:20:44 : RCon admin #2: (Global) Vehicles left in trader zones at restarts will be moved to the vehicle pound and unlocked
﻿09:31:44 : RCon admin #2: (Global) Admins: LWB, Sierra and Turmoil
﻿09:45:44 : RCon admin #2: (Global) BASES MUST BE MAINTAINED VIA THE PLOT POLE EVERY 7 DAYS!!
﻿09:50:44 : RCon admin #2: (Global) Vehicles left in trader zones at restarts will be moved to the vehicle pound and unlocked
﻿10:01:44 : RCon admin #2: (Global) Admins: LWB, Sierra and Turmoil
﻿10:15:44 : RCon admin #2: (Global) BASES MUST BE MAINTAINED VIA THE PLOT POLE EVERY 7 DAYS!!
﻿10:20:44 : RCon admin #2: (Global) Vehicles left in trader zones at restarts will be moved to the vehicle pound and unlocked
﻿10:31:44 : RCon admin #2: (Global) Admins: LWB, Sierra and Turmoil
﻿10:45:44 : RCon admin #2: (Global) BASES MUST BE MAINTAINED VIA THE PLOT POLE EVERY 7 DAYS!!
﻿10:50:44 : RCon admin #2: (Global) Vehicles left in trader zones at restarts will be moved to the vehicle pound and unlocked
﻿11:01:44 : RCon admin #2: (Global) Admins: LWB, Sierra and Turmoil
﻿11:04:49 : RCon admin #3 (86.131.103.232:55433) logged in
﻿11:15:44 : RCon admin #2: (Global) BASES MUST BE MAINTAINED VIA THE PLOT POLE EVERY 7 DAYS!!
﻿11:20:44 : RCon admin #2: (Global) Vehicles left in trader zones at restarts will be moved to the vehicle pound and unlocked
﻿11:26:44 : RCon admin #2: (Global) Server will restart in 10 minutes
﻿11:31:44 : RCon admin #2: (Global) Admins: LWB, Sierra and Turmoil
﻿11:31:44 : RCon admin #2: (Global) Server will restart in 5 minutes: Prepare to Logout
﻿11:34:44 : RCon admin #2: (Global) The Server is about to restart. LOG OUT NOW OR YOUR GEAR MAY BE LOST!!
﻿11:36:14 : RCon admin #2: (Global) YOU SHOULD BE LOGGED OUT BY NOW! IF YOU ARENT YOU WILL BE AUTO KICKED AND YOUR GEAR MAY BE LOST! NO REFUNDS!
﻿11:37:18 : Rcon client logging in
﻿11:37:18 : RCon admin #2 (78.31.67.100:50627) logged in
﻿11:51:19 : RCon admin #2: (Global) Vehicles left in trader zones at restarts will be moved to the vehicle pound and unlocked
﻿12:02:19 : RCon admin #2: (Global) Admins: LWB, Sierra and Turmoil
﻿12:16:19 : RCon admin #2: (Global) BASES MUST BE MAINTAINED VIA THE PLOT POLE EVERY 7 DAYS!!
﻿12:16:25 : Player #0 Zyke (86.137.77.189:5302) connected
﻿12:16:26 : Player #0 Zyke - GUID: 816b7b37fc411a1467b0b42ead60a7b2 (unverified)
﻿12:16:27 : Verified GUID (816b7b37fc411a1467b0b42ead60a7b2) of player #0 Zyke
﻿12:16:27 : Player #0 Zyke - Legacy GUID: 64d012190238eb3a6e20b2170a17f18f
﻿12:21:19 : RCon admin #2: (Global) Vehicles left in trader zones at restarts will be moved to the vehicle pound and unlocked
﻿12:25:09 : Player #1 Takobomba (178.6.165.20:2304) connected
﻿12:25:11 : Player #1 Takobomba - GUID: f305cb6012b7eee2445987832ce0cfdf (unverified)
﻿12:25:11 : Player #1 Takobomba - Legacy GUID: bf06e028dde7b2b97113c944bd46db33
﻿12:25:11 : Verified GUID (f305cb6012b7eee2445987832ce0cfdf) of player #1 Takobomba
﻿12:25:13 : Player #1 Takobomba disconnected
﻿12:32:19 : RCon admin #2: (Global) Admins: LWB, Sierra and Turmoil
﻿12:43:08 : Player #1 Eddie (72.168.146.51:30902) connected
﻿12:43:10 : Player #1 Eddie - GUID: 6239ad8fe7510eb66e59f0b6374c6b10 (unverified)
﻿12:43:11 : Verified GUID (6239ad8fe7510eb66e59f0b6374c6b10) of player #1 Eddie
﻿12:43:11 : Player #1 Eddie - Legacy GUID: 8cf6c7a0ff02a80b7767f9a6fe0f204a
﻿12:44:00 : Player #1 Eddie (6239ad8fe7510eb66e59f0b6374c6b10) has been kicked by BattlEye: Ping too high (985)
﻿12:46:19 : RCon admin #2: (Global) BASES MUST BE MAINTAINED VIA THE PLOT POLE EVERY 7 DAYS!!
﻿12:46:34 : Player #1 Eddie (72.168.146.51:30902) connected
﻿12:46:37 : Player #1 Eddie - GUID: 6239ad8fe7510eb66e59f0b6374c6b10 (unverified)
﻿12:46:37 : Player #1 Eddie - Legacy GUID: 8cf6c7a0ff02a80b7767f9a6fe0f204a
﻿12:46:37 : Verified GUID (6239ad8fe7510eb66e59f0b6374c6b10) of player #1 Eddie
﻿12:47:24 : Player #1 Eddie (6239ad8fe7510eb66e59f0b6374c6b10) has been kicked by BattlEye: Ping too high (750)
﻿12:48:01 : Player #1 xTc (83.77.52.21:5302) connected
﻿12:48:02 : Player #1 xTc - GUID: 67eced3ceb2c62b9b92be964e78d34c0 (unverified)
﻿12:48:02 : Verified GUID (67eced3ceb2c62b9b92be964e78d34c0) of player #1 xTc
﻿12:48:03 : Player #1 xTc - Legacy GUID: 12dfa7a42d53acbad8ce8f3ec124341a
﻿12:48:14 : Player #1 xTc disconnected
﻿12:51:19 : RCon admin #2: (Global) Vehicles left in trader zones at restarts will be moved to the vehicle pound and unlocked
﻿13:02:19 : RCon admin #2: (Global) Admins: LWB, Sierra and Turmoil
﻿13:16:19 : RCon admin #2: (Global) BASES MUST BE MAINTAINED VIA THE PLOT POLE EVERY 7 DAYS!!
﻿13:21:19 : RCon admin #2: (Global) Vehicles left in trader zones at restarts will be moved to the vehicle pound and unlocked
﻿13:23:45 : Player #1 [ACCG]Jocker (62.167.115.197:5302) connected
﻿13:23:46 : Player #1 [ACCG]Jocker - GUID: c8fe1a6acb431ce00850fde7e6e9d426 (unverified)
﻿13:23:46 : Verified GUID (c8fe1a6acb431ce00850fde7e6e9d426) of player #1 [ACCG]Jocker
﻿13:23:47 : Player #1 [ACCG]Jocker - Legacy GUID: 6d74ef4551136177c30e6d0c17b1bb23
﻿13:23:54 : Player #2 xTc (83.77.52.21:5302) connected
﻿13:23:55 : Player #2 xTc - GUID: 67eced3ceb2c62b9b92be964e78d34c0 (unverified)
﻿13:23:55 : Verified GUID (67eced3ceb2c62b9b92be964e78d34c0) of player #2 xTc
﻿13:23:56 : Player #2 xTc - Legacy GUID: 12dfa7a42d53acbad8ce8f3ec124341a
﻿13:24:06 : Player #2 xTc disconnected
﻿13:27:39 : Player #1 [ACCG]Jocker disconnected
﻿13:32:19 : RCon admin #2: (Global) Admins: LWB, Sierra and Turmoil
﻿13:43:48 : Player #1 DarkCoreZone (80.99.169.87:5302) connected
﻿13:43:49 : Player #1 DarkCoreZone - GUID: 06f516d59bdf3fd0d3b0bb3be9a4655e (unverified)
﻿13:43:50 : Verified GUID (06f516d59bdf3fd0d3b0bb3be9a4655e) of player #1 DarkCoreZone
﻿13:43:50 : Player #1 DarkCoreZone - Legacy GUID: 655b50c034c7375d3b48329e0e7ff583
﻿13:43:50 : Player #1 DarkCoreZone disconnected
﻿13:44:14 : Player #0 Zyke disconnected
﻿13:45:14 : Player #0 Zyke (86.137.77.189:5302) connected
﻿13:45:15 : Player #0 Zyke - GUID: 816b7b37fc411a1467b0b42ead60a7b2 (unverified)
﻿13:45:15 : Verified GUID (816b7b37fc411a1467b0b42ead60a7b2) of player #0 Zyke
﻿13:45:16 : Player #0 Zyke - Legacy GUID: 64d012190238eb3a6e20b2170a17f18f
﻿13:46:19 : RCon admin #2: (Global) BASES MUST BE MAINTAINED VIA THE PLOT POLE EVERY 7 DAYS!!
﻿13:51:19 : RCon admin #2: (Global) Vehicles left in trader zones at restarts will be moved to the vehicle pound and unlocked
﻿13:52:01 : Player #1 DarkCoreZone (80.99.169.87:5302) connected
﻿13:52:02 : Player #1 DarkCoreZone - GUID: 06f516d59bdf3fd0d3b0bb3be9a4655e (unverified)
﻿13:52:02 : Verified GUID (06f516d59bdf3fd0d3b0bb3be9a4655e) of player #1 DarkCoreZone
﻿13:52:03 : Player #1 DarkCoreZone - Legacy GUID: 655b50c034c7375d3b48329e0e7ff583
﻿13:57:19 : RCon admin #2: (Global) Server will restart in 10 minutes
﻿14:02:19 : RCon admin #2: (Global) Admins: LWB, Sierra and Turmoil
﻿14:02:19 : RCon admin #2: (Global) Server will restart in 5 minutes: Prepare to Logout
﻿14:04:05 : Player #2 Takobomba (178.6.165.20:2304) connected
﻿14:04:07 : Player #2 Takobomba - GUID: f305cb6012b7eee2445987832ce0cfdf (unverified)
﻿14:04:08 : Verified GUID (f305cb6012b7eee2445987832ce0cfdf) of player #2 Takobomba
﻿14:04:09 : Player #2 Takobomba - Legacy GUID: bf06e028dde7b2b97113c944bd46db33
﻿14:04:10 : Player #2 Takobomba disconnected
﻿14:04:14 : Player #0 Zyke disconnected
﻿14:05:19 : RCon admin #2: (Global) The Server is about to restart. LOG OUT NOW OR YOUR GEAR MAY BE LOST!!
﻿14:05:42 : Player #1 DarkCoreZone disconnected
﻿14:06:49 : RCon admin #2: (Global) YOU SHOULD BE LOGGED OUT BY NOW! IF YOU ARENT YOU WILL BE AUTO KICKED AND YOUR GEAR MAY BE LOST! NO REFUNDS!
﻿14:07:52 : Rcon client logging in
﻿14:07:52 : RCon admin #2 (78.31.67.100:64173) logged in
﻿14:08:20 : Player #0 DarkCoreZone (80.99.169.87:5302) connected
﻿14:08:21 : Player #0 DarkCoreZone - GUID: 06f516d59bdf3fd0d3b0bb3be9a4655e (unverified)
﻿14:08:22 : Verified GUID (06f516d59bdf3fd0d3b0bb3be9a4655e) of player #0 DarkCoreZone
﻿14:08:22 : Player #0 DarkCoreZone - Legacy GUID: 655b50c034c7375d3b48329e0e7ff583
﻿14:13:00 : Player #0 DarkCoreZone disconnected
﻿14:13:24 : RCon admin #3 (86.131.103.232:64551) logged in
﻿14:21:52 : RCon admin #2: (Global) Vehicles left in trader zones at restarts will be moved to the vehicle pound and unlocked
﻿14:32:52 : RCon admin #2: (Global) Admins: LWB, Sierra and Turmoil
﻿14:41:05 : Player #0 SsSalt (87.244.158.45:5302) connected
﻿14:41:07 : Player #0 SsSalt - GUID: 183991a6dc3f06a9a89b019ad46c98d3 (unverified)
﻿14:41:07 : Verified GUID (183991a6dc3f06a9a89b019ad46c98d3) of player #0 SsSalt
﻿14:41:07 : Player #0 SsSalt - Legacy GUID: 38ecebe1974bb873b04b7e7c2bef830a
﻿14:46:52 : RCon admin #2: (Global) BASES MUST BE MAINTAINED VIA THE PLOT POLE EVERY 7 DAYS!!
﻿14:51:52 : RCon admin #2: (Global) Vehicles left in trader zones at restarts will be moved to the vehicle pound and unlocked
﻿14:59:58 : Player #1 Zyke (86.137.77.189:5302) connected
﻿15:00:00 : Player #1 Zyke - GUID: 816b7b37fc411a1467b0b42ead60a7b2 (unverified)
﻿15:00:00 : Player #1 Zyke - Legacy GUID: 64d012190238eb3a6e20b2170a17f18f
﻿15:00:00 : Verified GUID (816b7b37fc411a1467b0b42ead60a7b2) of player #1 Zyke
﻿15:02:52 : RCon admin #2: (Global) Admins: LWB, Sierra and Turmoil
﻿15:15:21 : Player #2 jomme (24.132.207.165:2304) connected
﻿15:15:22 : Player #2 jomme - GUID: 99014ac7d1a79425370c7302c3bafab2 (unverified)
﻿15:15:23 : Verified GUID (99014ac7d1a79425370c7302c3bafab2) of player #2 jomme
﻿15:15:23 : Player #2 jomme disconnected
﻿15:16:52 : RCon admin #2: (Global) BASES MUST BE MAINTAINED VIA THE PLOT POLE EVERY 7 DAYS!!
﻿15:21:52 : RCon admin #2: (Global) Vehicles left in trader zones at restarts will be moved to the vehicle pound and unlocked
﻿15:24:20 : Player #2 galina (77.76.179.121:5302) connected
﻿15:24:52 : Player #2 galina (-) has been kicked by BattlEye: Client not responding
﻿15:25:01 : Player #2 Twanyboy (84.85.14.155:5302) connected
﻿15:25:02 : Player #2 Twanyboy - GUID: 26b615b5faf4e4f802f8e02b51784844 (unverified)
﻿15:25:02 : Verified GUID (26b615b5faf4e4f802f8e02b51784844) of player #2 Twanyboy
﻿15:25:03 : Player #2 Twanyboy - Legacy GUID: 51fcb21cf28305cbb5cd78bdddcb1077
﻿15:25:03 : Player #2 Twanyboy disconnected
﻿15:26:03 : Player #2 Twanyboy (84.85.14.155:5302) connected
﻿15:26:04 : Player #2 Twanyboy - GUID: 26b615b5faf4e4f802f8e02b51784844 (unverified)
﻿15:26:04 : Verified GUID (26b615b5faf4e4f802f8e02b51784844) of player #2 Twanyboy
﻿15:26:05 : Player #2 Twanyboy - Legacy GUID: 51fcb21cf28305cbb5cd78bdddcb1077
﻿15:26:05 : Player #2 Twanyboy disconnected
﻿15:32:43 : Player #0 SsSalt disconnected
﻿15:32:52 : RCon admin #2: (Global) Admins: LWB, Sierra and Turmoil
﻿15:36:15 : Player #0 HaddenHD (98.94.63.49:5302) connected
﻿15:36:19 : Player #0 HaddenHD - GUID: de9f828379356d4dd5851d7677b19f17 (unverified)
﻿15:36:19 : Verified GUID (de9f828379356d4dd5851d7677b19f17) of player #0 HaddenHD
﻿15:36:21 : Player #0 HaddenHD - Legacy GUID: 547edc616b8c4699fd00809508458869
﻿15:44:14 : Player #2 galina (77.76.179.121:5302) connected
﻿15:44:19 : Player #2 galina - GUID: 7bdf1adcfd25802ba1120432f49b4058 (unverified)
﻿15:44:19 : Verified GUID (7bdf1adcfd25802ba1120432f49b4058) of player #2 galina
﻿15:44:20 : Player #2 galina - Legacy GUID: 6524ed6d5f2f99eb3947c0bfe57aa42a
﻿15:46:52 : RCon admin #2: (Global) BASES MUST BE MAINTAINED VIA THE PLOT POLE EVERY 7 DAYS!!
﻿15:51:52 : RCon admin #2: (Global) Vehicles left in trader zones at restarts will be moved to the vehicle pound and unlocked
﻿15:53:47 : Player #2 galina disconnected
﻿15:54:55 : Player #2 Twanyboy (84.85.14.155:5302) connected
﻿15:54:57 : Player #2 Twanyboy - GUID: 26b615b5faf4e4f802f8e02b51784844 (unverified)
﻿15:54:57 : Verified GUID (26b615b5faf4e4f802f8e02b51784844) of player #2 Twanyboy
﻿15:54:57 : Player #2 Twanyboy - Legacy GUID: 51fcb21cf28305cbb5cd78bdddcb1077
﻿15:55:12 : Player #3 galina (77.76.179.121:5302) connected
﻿15:55:13 : Player #3 galina - GUID: 7bdf1adcfd25802ba1120432f49b4058 (unverified)
﻿15:55:13 : Verified GUID (7bdf1adcfd25802ba1120432f49b4058) of player #3 galina
﻿15:55:14 : Player #3 galina - Legacy GUID: 6524ed6d5f2f99eb3947c0bfe57aa42a
﻿15:56:15 : Player #0 HaddenHD disconnected
﻿15:56:47 : Player #0 Thijs (89.98.196.221:5302) connected
﻿15:56:48 : Player #0 Thijs disconnected
﻿15:58:18 : Player #0 Thijs (89.98.196.221:5302) connected
﻿15:58:20 : Player #0 Thijs disconnected
﻿16:00:23 : Player #0 Thijs (89.98.196.221:5302) connected
﻿16:00:24 : Player #0 Thijs disconnected
﻿16:01:20 : Player #0 Thijs (89.98.196.221:5302) connected
﻿16:01:21 : Player #0 Thijs disconnected
﻿16:02:52 : RCon admin #2: (Global) Admins: LWB, Sierra and Turmoil
﻿16:03:21 : Player #0 Thijs (89.98.196.221:5302) connected
﻿16:03:22 : Player #0 Thijs - GUID: ae66cc594c2ba42bc401a5c3181c11ad (unverified)
﻿16:03:23 : Verified GUID (ae66cc594c2ba42bc401a5c3181c11ad) of player #0 Thijs
﻿16:03:23 : Player #0 Thijs - Legacy GUID: 6381a799c1b7d34b4863411eedcbc6ae
﻿16:09:53 : Player #0 Thijs disconnected
﻿16:16:52 : RCon admin #2: (Global) BASES MUST BE MAINTAINED VIA THE PLOT POLE EVERY 7 DAYS!!
﻿16:18:42 : Player #0 johnr (98.115.249.146:5302) connected
﻿16:18:43 : Player #0 johnr - GUID: 24052032f9fd2b2aa191a04e55350bac (unverified)
﻿16:18:43 : Verified GUID (24052032f9fd2b2aa191a04e55350bac) of player #0 johnr
﻿16:18:44 : Player #0 johnr - Legacy GUID: 97a31f045589b4f11388bc9f3f80eca7
﻿16:18:46 : Player #0 johnr disconnected
﻿16:19:25 : Player #1 Zyke disconnected
﻿16:21:52 : RCon admin #2: (Global) Vehicles left in trader zones at restarts will be moved to the vehicle pound and unlocked
﻿16:27:12 : RCon admin #1 (86.131.103.232:55797) logged in
﻿16:27:52 : RCon admin #2: (Global) Server will restart in 10 minutes
﻿16:28:39 : RCon admin #0: (Global) LWB: No he isnt :)
﻿16:29:00 : Player #0 Thijs (89.98.196.221:5302) connected
﻿16:29:01 : Player #0 Thijs - GUID: ae66cc594c2ba42bc401a5c3181c11ad (unverified)
﻿16:29:02 : Verified GUID (ae66cc594c2ba42bc401a5c3181c11ad) of player #0 Thijs
﻿16:29:02 : Player #0 Thijs - Legacy GUID: 6381a799c1b7d34b4863411eedcbc6ae
﻿16:29:08 : RCon admin #0: (Global) LWB: f1 
﻿16:29:37 : RCon admin #0: (Global) LWB: its still there
﻿16:29:40 : RCon admin #0: (Global) LWB: Ijust updated it
﻿16:30:17 : RCon admin #0: (Global) LWB: its SD Epoch
﻿16:31:37 : RCon admin #0: (Global) LWB: Thought Id run epoch and overpoch for those that want more guns/vehicles and stuff
﻿16:32:23 : RCon admin #0: (Global) LWB: in the safe sadly
﻿16:32:34 : RCon admin #0: (Global) LWB: no proper bank script has been made yet
﻿16:32:40 : RCon admin #0: (Global) LWB: and its beyond me to do it
﻿16:32:52 : RCon admin #2: (Global) Admins: LWB, Sierra and Turmoil
﻿16:32:53 : RCon admin #2: (Global) Server will restart in 5 minutes: Prepare to Logout
﻿16:33:58 : RCon admin #3 (86.131.103.232:64492) logged in
﻿16:35:52 : RCon admin #2: (Global) The Server is about to restart. LOG OUT NOW OR YOUR GEAR MAY BE LOST!!
﻿16:36:15 : Player #0 Thijs disconnected
﻿16:37:22 : RCon admin #2: (Global) YOU SHOULD BE LOGGED OUT BY NOW! IF YOU ARENT YOU WILL BE AUTO KICKED AND YOUR GEAR MAY BE LOST! NO REFUNDS!
﻿16:39:04 : Rcon client logging in
﻿16:39:07 : RCon admin #2 (78.31.67.100:62885) logged in
﻿16:39:10 : Player #2 LWB [SD] (86.131.103.232:2304) connected
﻿16:39:11 : Player #2 LWB [SD] - GUID: bc07c7c39c76cf95a7a434d686d9df66 (unverified)
﻿16:39:11 : Verified GUID (bc07c7c39c76cf95a7a434d686d9df66) of player #2 LWB [SD]
﻿16:39:12 : Player #2 LWB [SD] - Legacy GUID: 977383e15b6c706cac44ca953ba440c7
﻿16:39:24 : Player #3 galina (77.76.179.121:5302) connected
﻿16:39:27 : Player #3 galina - GUID: 7bdf1adcfd25802ba1120432f49b4058 (unverified)
﻿16:39:27 : Verified GUID (7bdf1adcfd25802ba1120432f49b4058) of player #3 galina
﻿16:39:28 : Player #3 galina - Legacy GUID: 6524ed6d5f2f99eb3947c0bfe57aa42a
﻿16:40:06 : Player #3 galina disconnected
﻿16:43:02 : Player #3 ano (223.205.32.160:12273) connected
﻿16:43:04 : Player #3 ano - GUID: 6ea952efdbb270b7a9f61a0ad0ae05e9 (unverified)
﻿16:43:04 : Player #3 ano - Legacy GUID: 9365fff0d24d1a6a154f726ad3cc2b2d
﻿16:43:05 : Verified GUID (6ea952efdbb270b7a9f61a0ad0ae05e9) of player #3 ano
﻿16:50:58 : Player #4 johnr (98.115.249.146:5302) connected
﻿16:50:59 : Player #4 johnr - GUID: 24052032f9fd2b2aa191a04e55350bac (unverified)
﻿16:50:59 : Verified GUID (24052032f9fd2b2aa191a04e55350bac) of player #4 johnr
﻿16:51:00 : Player #4 johnr - Legacy GUID: 97a31f045589b4f11388bc9f3f80eca7
﻿16:53:04 : RCon admin #2: (Global) Vehicles left in trader zones at restarts will be moved to the vehicle pound and unlocked
﻿16:55:15 : Player #4 johnr disconnected
﻿17:02:19 : RCon admin #3 (86.131.103.232:64073) logged in
﻿17:04:04 : RCon admin #2: (Global) Admins: LWB, Sierra and Turmoil
﻿17:18:05 : RCon admin #2: (Global) BASES MUST BE MAINTAINED VIA THE PLOT POLE EVERY 7 DAYS!!
﻿17:23:05 : RCon admin #2: (Global) Vehicles left in trader zones at restarts will be moved to the vehicle pound and unlocked
﻿17:33:34 : RCon admin #1 (86.131.103.232:55472) logged in
﻿17:34:04 : RCon admin #2: (Global) Admins: LWB, Sierra and Turmoil
﻿17:36:10 : Player #2 LWB [SD] disconnected
﻿17:45:05 : RCon admin #3 (86.131.103.232:53598) logged in
﻿17:47:04 : RCon admin #1 (86.131.103.232:62478) logged in
﻿17:48:04 : RCon admin #2: (Global) BASES MUST BE MAINTAINED VIA THE PLOT POLE EVERY 7 DAYS!!
﻿17:51:25 : Player #2 chris (109.156.115.89:5302) connected
﻿17:51:27 : Player #2 chris - GUID: 62d526794197c3ec8a4ba80e657b4aa4 (unverified)
﻿17:51:27 : Verified GUID (62d526794197c3ec8a4ba80e657b4aa4) of player #2 chris
﻿17:51:27 : Player #2 chris - Legacy GUID: 00a45ef3eccee6fc28d0cee78fd8a378
﻿17:53:04 : RCon admin #2: (Global) Vehicles left in trader zones at restarts will be moved to the vehicle pound and unlocked
﻿17:57:58 : Player #2 chris disconnected
﻿18:04:04 : RCon admin #2: (Global) Admins: LWB, Sierra and Turmoil
﻿18:11:35 : RCon admin #3 (86.131.103.232:49479) logged in
﻿18:18:04 : RCon admin #2: (Global) BASES MUST BE MAINTAINED VIA THE PLOT POLE EVERY 7 DAYS!!
﻿18:23:04 : RCon admin #2: (Global) Vehicles left in trader zones at restarts will be moved to the vehicle pound and unlocked
﻿18:31:09 : Player #2 Gol1aTh (212.4.93.133:5302) connected
﻿18:31:10 : Player #2 Gol1aTh - GUID: 67ac50800e9abebbf131bb15c17aba2b (unverified)
﻿18:31:10 : Verified GUID (67ac50800e9abebbf131bb15c17aba2b) of player #2 Gol1aTh
﻿18:31:11 : Player #2 Gol1aTh - Legacy GUID: be1c53760f71a8ed6915d36ef1a3a7b5
﻿18:32:54 : Player #4 Cateyes (93.205.151.248:5302) connected
﻿18:32:56 : Player #4 Cateyes - GUID: ecaee39fc9d0981e668f6b4fb61515d3 (unverified)
﻿18:32:56 : Verified GUID (ecaee39fc9d0981e668f6b4fb61515d3) of player #4 Cateyes
﻿18:32:57 : Player #4 Cateyes - Legacy GUID: af6099fb01f41c7bb6d21a9546a0e556
﻿18:34:04 : RCon admin #2: (Global) Admins: LWB, Sierra and Turmoil
﻿18:43:45 : RCon admin #0: (Global) LWB: going to mission probably
﻿18:44:00 : Player #1 Twanyboy disconnected
﻿18:44:10 : Player #0 Thijs disconnected
﻿18:44:49 : Player #0 [CBT] BloodZ (37.201.194.103:64486) connected
﻿18:44:50 : Player #0 [CBT] BloodZ - GUID: de90646a5440b5f2c07a2753590d8505 (unverified)
﻿18:44:50 : Verified GUID (de90646a5440b5f2c07a2753590d8505) of player #0 [CBT] BloodZ
﻿18:44:51 : Player #0 [CBT] BloodZ - Legacy GUID: 04c4d5dfb3998d70b473ffde2e757bc3
﻿18:46:00 : Player #2 Gol1aTh disconnected
﻿18:48:05 : RCon admin #2: (Global) BASES MUST BE MAINTAINED VIA THE PLOT POLE EVERY 7 DAYS!!
﻿18:49:08 : Player #4 Cateyes disconnected
﻿18:50:52 : Player #1 Freedom (173.85.75.49:2304) connected
﻿18:50:54 : Player #1 Freedom - GUID: 32974eed83d84dab3c6a86016f1a1d12 (unverified)
﻿18:50:54 : Verified GUID (32974eed83d84dab3c6a86016f1a1d12) of player #1 Freedom
﻿18:50:54 : Player #1 Freedom - Legacy GUID: 97a8c85ef5bf1164b1deba8cac447118
﻿18:50:55 : Player #1 Freedom disconnected
﻿18:53:04 : RCon admin #2: (Global) Vehicles left in trader zones at restarts will be moved to the vehicle pound and unlocked
﻿18:59:04 : RCon admin #2: (Global) Server will restart in 10 minutes
﻿18:59:15 : Player #1 Freedom (173.85.75.49:2304) connected
﻿18:59:16 : Player #1 Freedom - GUID: 32974eed83d84dab3c6a86016f1a1d12 (unverified)
﻿18:59:17 : Verified GUID (32974eed83d84dab3c6a86016f1a1d12) of player #1 Freedom
﻿18:59:17 : Player #1 Freedom - Legacy GUID: 97a8c85ef5bf1164b1deba8cac447118
﻿18:59:18 : Player #1 Freedom disconnected
﻿19:01:08 : Player #1 Falto (92.153.89.228:5302) connected
﻿19:01:11 : Player #1 Falto - Legacy GUID: 4cd85e4968ecb1425960ef56e6707716
﻿19:01:11 : Player #1 Falto - GUID: 45976f034da42032b5eed95945da1c01 (unverified)
﻿19:01:11 : Verified GUID (45976f034da42032b5eed95945da1c01) of player #1 Falto
﻿19:03:05 : Player #3 ano disconnected
﻿19:04:04 : RCon admin #2: (Global) Admins: LWB, Sierra and Turmoil
﻿19:04:05 : RCon admin #2: (Global) Server will restart in 5 minutes: Prepare to Logout
﻿19:05:48 : Player #0 [CBT] BloodZ disconnected
﻿19:07:05 : RCon admin #2: (Global) The Server is about to restart. LOG OUT NOW OR YOUR GEAR MAY BE LOST!!
﻿19:07:46 : Player #1 Falto disconnected
﻿19:08:34 : RCon admin #2: (Global) YOU SHOULD BE LOGGED OUT BY NOW! IF YOU ARENT YOU WILL BE AUTO KICKED AND YOUR GEAR MAY BE LOST! NO REFUNDS!
﻿19:09:55 : Rcon client logging in
﻿19:09:55 : RCon admin #2 (78.31.67.100:53166) logged in
﻿19:11:31 : Player #0 [CBT] BloodZ (37.201.194.103:64536) connected
﻿19:11:32 : Player #0 [CBT] BloodZ - GUID: de90646a5440b5f2c07a2753590d8505 (unverified)
﻿19:11:33 : Verified GUID (de90646a5440b5f2c07a2753590d8505) of player #0 [CBT] BloodZ
﻿19:11:33 : Player #0 [CBT] BloodZ - Legacy GUID: 04c4d5dfb3998d70b473ffde2e757bc3
﻿19:19:27 : Player #1 Ash (92.234.121.250:5302) connected
﻿19:19:29 : Player #1 Ash - GUID: 5d722529c3a08b8e3613debe732da68a (unverified)
﻿19:19:29 : Verified GUID (5d722529c3a08b8e3613debe732da68a) of player #1 Ash
﻿19:19:30 : Player #1 Ash - Legacy GUID: bad2555f0687550652e4746513db9f0d
﻿19:20:16 : Player #1 Ash (5d722529c3a08b8e3613debe732da68a) has been kicked by BattlEye: Ping too high (375)
﻿19:22:02 : Player #1 --Bz-- (5.147.18.85:5302) connected
﻿19:22:03 : Player #1 --Bz-- - GUID: ea1c2f6f417839ea0d4f8709eb7ce1b8 (unverified)
﻿19:22:04 : Verified GUID (ea1c2f6f417839ea0d4f8709eb7ce1b8) of player #1 --Bz--
﻿19:22:04 : Player #1 --Bz-- - Legacy GUID: 3be90e1edd8e2e771b3522fc664ef23a
﻿19:23:26 : Player #2 gp1001 (50.206.215.238:5302) connected
﻿19:23:28 : Player #2 gp1001 - GUID: 999e8dd5ee2ff9aa47ee94a20f5f4f6e (unverified)
﻿19:23:28 : Player #2 gp1001 - Legacy GUID: fedaf630e65885127f560bebcf5817f1
﻿19:23:28 : Verified GUID (999e8dd5ee2ff9aa47ee94a20f5f4f6e) of player #2 gp1001
﻿19:23:29 : Player #2 gp1001 disconnected
﻿19:23:56 : RCon admin #2: (Global) Vehicles left in trader zones at restarts will be moved to the vehicle pound and unlocked
﻿19:24:55 : Player #2 gp1001 (50.206.215.238:5302) connected
﻿19:24:56 : Player #2 gp1001 - GUID: 999e8dd5ee2ff9aa47ee94a20f5f4f6e (unverified)
﻿19:24:56 : Verified GUID (999e8dd5ee2ff9aa47ee94a20f5f4f6e) of player #2 gp1001
﻿19:24:57 : Player #2 gp1001 disconnected
﻿19:26:25 : Player #2 gp1001 (50.206.215.238:5302) connected
﻿19:26:27 : Player #2 gp1001 - GUID: 999e8dd5ee2ff9aa47ee94a20f5f4f6e (unverified)
﻿19:26:27 : Player #2 gp1001 - Legacy GUID: fedaf630e65885127f560bebcf5817f1
﻿19:26:27 : Verified GUID (999e8dd5ee2ff9aa47ee94a20f5f4f6e) of player #2 gp1001
﻿19:26:28 : Player #2 gp1001 disconnected
﻿19:28:56 : Player #2 gp1001 (50.206.215.238:5302) connected
﻿19:28:57 : Player #2 gp1001 - GUID: 999e8dd5ee2ff9aa47ee94a20f5f4f6e (unverified)
﻿19:28:58 : Verified GUID (999e8dd5ee2ff9aa47ee94a20f5f4f6e) of player #2 gp1001
﻿19:28:58 : Player #2 gp1001 disconnected
﻿19:30:09 : Player #2 Falto (92.153.89.228:5302) connected
﻿19:30:11 : Player #2 Falto - GUID: 45976f034da42032b5eed95945da1c01 (unverified)
﻿19:30:11 : Verified GUID (45976f034da42032b5eed95945da1c01) of player #2 Falto
﻿19:30:13 : Player #2 Falto - Legacy GUID: 4cd85e4968ecb1425960ef56e6707716
﻿19:34:56 : RCon admin #2: (Global) Admins: LWB, Sierra and Turmoil
﻿19:35:29 : Player #3 gp1001 (50.206.215.238:5302) connected
﻿19:35:32 : Player #3 gp1001 - Legacy GUID: fedaf630e65885127f560bebcf5817f1
﻿19:35:33 : Player #3 gp1001 - GUID: 999e8dd5ee2ff9aa47ee94a20f5f4f6e (unverified)
﻿19:35:33 : Verified GUID (999e8dd5ee2ff9aa47ee94a20f5f4f6e) of player #3 gp1001
﻿19:35:33 : Player #3 gp1001 disconnected
﻿19:38:02 : Player #3 gp1001 (50.206.215.238:5302) connected
﻿19:38:04 : Player #3 gp1001 - GUID: 999e8dd5ee2ff9aa47ee94a20f5f4f6e (unverified)
﻿19:38:04 : Verified GUID (999e8dd5ee2ff9aa47ee94a20f5f4f6e) of player #3 gp1001
﻿19:38:05 : Player #3 gp1001 - Legacy GUID: fedaf630e65885127f560bebcf5817f1
﻿19:39:45 : Player #3 gp1001 disconnected
﻿19:41:45 : Player #3 Din (94.45.221.163:5302) connected
﻿19:41:46 : Player #3 Din - GUID: 2f0d9ea96a1a2bec9e6677bab333ae7c (unverified)
﻿19:41:47 : Verified GUID (2f0d9ea96a1a2bec9e6677bab333ae7c) of player #3 Din
﻿19:41:47 : Player #3 Din - Legacy GUID: 3acfc2c50ff4722c17c085a5287e6999
﻿19:43:10 : Player #2 Falto disconnected
﻿19:48:56 : RCon admin #2: (Global) BASES MUST BE MAINTAINED VIA THE PLOT POLE EVERY 7 DAYS!!
﻿19:53:56 : RCon admin #2: (Global) Vehicles left in trader zones at restarts will be moved to the vehicle pound and unlocked
﻿20:04:56 : RCon admin #2: (Global) Admins: LWB, Sierra and Turmoil
﻿20:18:56 : RCon admin #2: (Global) BASES MUST BE MAINTAINED VIA THE PLOT POLE EVERY 7 DAYS!!
﻿20:20:09 : Player #3 Din disconnected
﻿20:23:56 : RCon admin #2: (Global) Vehicles left in trader zones at restarts will be moved to the vehicle pound and unlocked
﻿20:34:56 : RCon admin #2: (Global) Admins: LWB, Sierra and Turmoil
﻿20:41:19 : Player #2 Legolas Greengusset (81.104.140.9:5302) connected
﻿20:41:21 : Player #2 Legolas Greengusset - GUID: 38a93b9f0b2c7b7eb033f1a4b2026f75 (unverified)
﻿20:41:21 : Player #2 Legolas Greengusset - Legacy GUID: 4be85e1b432b4692c09a26acd7cd89f7
﻿20:41:21 : Verified GUID (38a93b9f0b2c7b7eb033f1a4b2026f75) of player #2 Legolas Greengusset
﻿20:43:59 : Player #2 Legolas Greengusset (38a93b9f0b2c7b7eb033f1a4b2026f75) has been kicked by BattlEye: PublicVariable Value Restriction #187
﻿20:44:19 : RCon admin #3 (86.131.103.232:49418) logged in
﻿20:44:22 : Player #2 Legolas Greengusset (81.104.140.9:5302) connected
﻿20:44:23 : Player #2 Legolas Greengusset - GUID: 38a93b9f0b2c7b7eb033f1a4b2026f75 (unverified)
﻿20:44:23 : Verified GUID (38a93b9f0b2c7b7eb033f1a4b2026f75) of player #2 Legolas Greengusset
﻿20:44:24 : Player #2 Legolas Greengusset - Legacy GUID: 4be85e1b432b4692c09a26acd7cd89f7
﻿20:46:47 : Player #3 Vally (185.124.230.72:5302) connected
﻿20:46:49 : Player #3 Vally - GUID: fa392acfce831316592054baeeca8125 (unverified)
﻿20:46:49 : Verified GUID (fa392acfce831316592054baeeca8125) of player #3 Vally
﻿20:46:49 : Player #3 Vally - Legacy GUID: 1ac6ce7cab5cafc9973a1ef6a9887468
﻿20:48:56 : RCon admin #2: (Global) BASES MUST BE MAINTAINED VIA THE PLOT POLE EVERY 7 DAYS!!
﻿20:50:00 : Player #4 Freedom (173.85.75.49:2304) connected
﻿20:50:01 : Player #4 Freedom - GUID: 32974eed83d84dab3c6a86016f1a1d12 (unverified)
﻿20:50:01 : Verified GUID (32974eed83d84dab3c6a86016f1a1d12) of player #4 Freedom
﻿20:50:02 : Player #4 Freedom - Legacy GUID: 97a8c85ef5bf1164b1deba8cac447118
﻿20:50:09 : Player #4 Freedom disconnected
﻿20:52:37 : Player #4 Freedom (173.85.75.49:2304) connected
﻿20:52:38 : Player #4 Freedom - GUID: 32974eed83d84dab3c6a86016f1a1d12 (unverified)
﻿20:52:39 : Verified GUID (32974eed83d84dab3c6a86016f1a1d12) of player #4 Freedom
﻿20:52:39 : Player #4 Freedom - Legacy GUID: 97a8c85ef5bf1164b1deba8cac447118
﻿20:53:56 : RCon admin #2: (Global) Vehicles left in trader zones at restarts will be moved to the vehicle pound and unlocked
﻿20:54:55 : Player #4 Freedom disconnected
﻿20:57:41 : Player #4 Freedom (173.85.75.49:2304) connected
﻿20:57:42 : Player #4 Freedom - GUID: 32974eed83d84dab3c6a86016f1a1d12 (unverified)
﻿20:57:43 : Verified GUID (32974eed83d84dab3c6a86016f1a1d12) of player #4 Freedom
﻿20:57:43 : Player #4 Freedom - Legacy GUID: 97a8c85ef5bf1164b1deba8cac447118
﻿20:58:10 : RCon admin #0 (86.131.103.232:60728) logged in
﻿20:59:20 : RCon admin #3 (86.131.103.232:60729) logged in
﻿21:02:54 : RCon admin #1: (Global) LWB: You made it :D
﻿21:03:19 : RCon admin #1: (Global) LWB: Hi
﻿21:03:35 : RCon admin #1: (Global) LWB: oh
﻿21:04:56 : RCon admin #2: (Global) Admins: LWB, Sierra and Turmoil
﻿21:05:00 : RCon admin #1: (Global) LWB: whats the name, dichina/three valley etc?
﻿21:06:23 : RCon admin #1: (Global) LWB: Ok, thanaks
﻿21:07:26 : RCon admin #1: (Global) LWB: Have you checked it this restart? Cos it should be fixed
﻿21:07:48 : RCon admin #1: (Global) LWB: yes, I fixed itlast restart, well should have
﻿21:08:11 : Player #5 LWB [SD] (86.131.103.232:2304) connected
﻿21:08:12 : Player #5 LWB [SD] - GUID: bc07c7c39c76cf95a7a434d686d9df66 (unverified)
﻿21:08:12 : Verified GUID (bc07c7c39c76cf95a7a434d686d9df66) of player #5 LWB [SD]
﻿21:08:13 : Player #5 LWB [SD] - Legacy GUID: 977383e15b6c706cac44ca953ba440c7
﻿21:12:13 : Player #0 [CBT] BloodZ disconnected
﻿21:12:28 : Player #1 --Bz-- disconnected
﻿21:18:56 : RCon admin #2: (Global) BASES MUST BE MAINTAINED VIA THE PLOT POLE EVERY 7 DAYS!!
﻿21:21:17 : Player #0 laurent (92.171.143.73:2304) connected
﻿21:21:19 : Player #0 laurent - GUID: a23a5b3ef02bc44a7c806fdbc0e9b33a (unverified)
﻿21:21:19 : Verified GUID (a23a5b3ef02bc44a7c806fdbc0e9b33a) of player #0 laurent
﻿21:21:19 : Player #0 laurent - Legacy GUID: 80c98d3fa76b421cb440a32d1c57ac02
﻿21:21:20 : Player #0 laurent disconnected
﻿21:23:55 : RCon admin #2: (Global) Vehicles left in trader zones at restarts will be moved to the vehicle pound and unlocked
﻿21:29:56 : RCon admin #2: (Global) Server will restart in 10 minutes
﻿21:30:04 : Player #3 Vally disconnected
﻿21:34:56 : RCon admin #2: (Global) Admins: LWB, Sierra and Turmoil
﻿21:34:56 : RCon admin #2: (Global) Server will restart in 5 minutes: Prepare to Logout
﻿21:36:30 : Player #5 LWB [SD] disconnected
﻿21:37:45 : Player #4 Freedom disconnected
﻿21:37:56 : RCon admin #2: (Global) The Server is about to restart. LOG OUT NOW OR YOUR GEAR MAY BE LOST!!
﻿21:39:26 : RCon admin #2: (Global) YOU SHOULD BE LOGGED OUT BY NOW! IF YOU ARENT YOU WILL BE AUTO KICKED AND YOUR GEAR MAY BE LOST! NO REFUNDS!
﻿21:42:22 : Rcon client logging in
﻿21:42:22 : RCon admin #1 (78.31.67.100:64203) logged in
﻿21:42:23 : Player #0 LWB [SD] - GUID: bc07c7c39c76cf95a7a434d686d9df66 (unverified)
﻿21:42:24 : Verified GUID (bc07c7c39c76cf95a7a434d686d9df66) of player #0 LWB [SD]
﻿21:42:24 : Player #0 LWB [SD] - Legacy GUID: 977383e15b6c706cac44ca953ba440c7
﻿21:42:36 : RCon admin #2 (86.131.103.232:55263) logged in
﻿21:43:30 : Lost Connection!
﻿21:43:30 : Closing socket & exiting!
﻿21:45:03 : Rcon client logging in
﻿21:45:03 : RCon admin #2 (78.31.67.100:56272) logged in
﻿21:45:21 : Player #1 LWB [SD] (86.131.103.232:2304) connected
﻿21:45:22 : Player #1 LWB [SD] - GUID: bc07c7c39c76cf95a7a434d686d9df66 (unverified)
﻿21:45:22 : Verified GUID (bc07c7c39c76cf95a7a434d686d9df66) of player #1 LWB [SD]
﻿21:45:23 : Player #1 LWB [SD] - Legacy GUID: 977383e15b6c706cac44ca953ba440c7
﻿21:59:04 : RCon admin #2: (Global) Vehicles left in trader zones at restarts will be moved to the vehicle pound and unlocked
﻿22:10:04 : RCon admin #2: (Global) Admins: LWB, Sierra and Turmoil
﻿22:24:04 : RCon admin #2: (Global) BASES MUST BE MAINTAINED VIA THE PLOT POLE EVERY 7 DAYS!!
﻿22:29:04 : RCon admin #2: (Global) Vehicles left in trader zones at restarts will be moved to the vehicle pound and unlocked
﻿22:32:55 : Player #2 Vladi4ka (93.185.18.36:50280) connected
﻿22:32:56 : Player #2 Vladi4ka - GUID: d664391d1b294a7fbbb77b67efbd7b42 (unverified)
﻿22:32:57 : Verified GUID (d664391d1b294a7fbbb77b67efbd7b42) of player #2 Vladi4ka
﻿22:32:57 : Player #2 Vladi4ka - Legacy GUID: 7c98001d213436cacce4b4d00dd361ff
﻿22:33:01 : Player #2 Vladi4ka disconnected
﻿22:40:04 : RCon admin #2: (Global) Admins: LWB, Sierra and Turmoil
﻿22:49:38 : RCon admin #3 (86.131.103.232:59146) logged in
﻿22:54:04 : RCon admin #2: (Global) BASES MUST BE MAINTAINED VIA THE PLOT POLE EVERY 7 DAYS!!
﻿22:59:04 : RCon admin #2: (Global) Vehicles left in trader zones at restarts will be moved to the vehicle pound and unlocked
﻿23:10:04 : RCon admin #2: (Global) Admins: LWB, Sierra and Turmoil
﻿23:20:44 : Player #2 galina (77.76.179.121:5302) connected
﻿23:20:52 : Player #2 galina - GUID: 7bdf1adcfd25802ba1120432f49b4058 (unverified)
﻿23:20:52 : Verified GUID (7bdf1adcfd25802ba1120432f49b4058) of player #2 galina
﻿23:20:54 : Player #2 galina - Legacy GUID: 6524ed6d5f2f99eb3947c0bfe57aa42a
﻿23:20:59 : Player #2 galina disconnected
﻿23:24:04 : RCon admin #2: (Global) BASES MUST BE MAINTAINED VIA THE PLOT POLE EVERY 7 DAYS!!
﻿23:26:44 : Player #2 galina (77.76.179.121:5302) connected
﻿23:26:45 : Player #2 galina - GUID: 7bdf1adcfd25802ba1120432f49b4058 (unverified)
﻿23:26:45 : Verified GUID (7bdf1adcfd25802ba1120432f49b4058) of player #2 galina
﻿23:26:46 : Player #2 galina - Legacy GUID: 6524ed6d5f2f99eb3947c0bfe57aa42a
﻿23:29:04 : RCon admin #2: (Global) Vehicles left in trader zones at restarts will be moved to the vehicle pound and unlocked
﻿23:32:59 : RCon admin #1 (86.131.103.232:60287) logged in
﻿23:40:04 : RCon admin #2: (Global) Admins: LWB, Sierra and Turmoil
﻿23:51:51 : Player #3 Shady (78.90.100.167:5302) connected
﻿23:51:52 : Player #3 Shady - GUID: c2a1472c57add02281a826cc6d663a2f (unverified)
﻿23:51:52 : Verified GUID (c2a1472c57add02281a826cc6d663a2f) of player #3 Shady
﻿23:51:53 : Player #3 Shady - Legacy GUID: 65200b6018fe99954448217477c5f9ce
﻿23:54:04 : RCon admin #2: (Global) BASES MUST BE MAINTAINED VIA THE PLOT POLE EVERY 7 DAYS!!
﻿23:59:04 : RCon admin #2: (Global) Vehicles left in trader zones at restarts will be moved to the vehicle pound and unlocked
