00:02:15 : Player #4 pabloescobar (188.0.188.3:5302) connected
﻿00:02:16 : Player #4 pabloescobar - GUID: f138b66346d9e3ae15d491c4d915361e (unverified)
﻿00:02:16 : Player #4 pabloescobar (f138b66346d9e3ae15d491c4d915361e) has been kicked by BattlEye: Admin Ban (Go build you own server instead of demanding stuff on mine then )
﻿00:05:04 : RCon admin #2: (Global) Server will restart in 10 minutes
﻿00:10:04 : RCon admin #2: (Global) Admins: LWB, Sierra and Turmoil
﻿00:10:04 : RCon admin #2: (Global) Server will restart in 5 minutes: Prepare to Logout
﻿00:13:04 : RCon admin #2: (Global) The Server is about to restart. LOG OUT NOW OR YOUR GEAR MAY BE LOST!!
﻿00:13:36 : Player #0 Freedom disconnected
﻿00:14:34 : RCon admin #2: (Global) YOU SHOULD BE LOGGED OUT BY NOW! IF YOU ARENT YOU WILL BE AUTO KICKED AND YOUR GEAR MAY BE LOST! NO REFUNDS!
﻿00:15:37 : Rcon client logging in
﻿00:15:37 : RCon admin #2 (78.31.67.100:53987) logged in
﻿00:16:09 : Player #0 galina (77.76.179.121:5302) connected
﻿00:16:10 : Player #0 galina - GUID: 7bdf1adcfd25802ba1120432f49b4058 (unverified)
﻿00:16:11 : Player #0 galina - Legacy GUID: 6524ed6d5f2f99eb3947c0bfe57aa42a
﻿00:16:11 : Verified GUID (7bdf1adcfd25802ba1120432f49b4058) of player #0 galina
﻿00:16:32 : RCon admin #3 (86.131.103.232:49397) logged in
﻿00:18:50 : Player #1 Freedom (173.85.75.49:2304) connected
﻿00:18:52 : Player #1 Freedom - GUID: 32974eed83d84dab3c6a86016f1a1d12 (unverified)
﻿00:18:52 : Verified GUID (32974eed83d84dab3c6a86016f1a1d12) of player #1 Freedom
﻿00:18:53 : Player #1 Freedom - Legacy GUID: 97a8c85ef5bf1164b1deba8cac447118
﻿00:29:38 : RCon admin #2: (Global) Vehicles left in trader zones at restarts will be moved to the vehicle pound and unlocked
﻿00:40:38 : RCon admin #2: (Global) Admins: LWB, Sierra and Turmoil
﻿00:54:38 : RCon admin #2: (Global) BASES MUST BE MAINTAINED VIA THE PLOT POLE EVERY 7 DAYS!!
﻿00:59:38 : RCon admin #2: (Global) Vehicles left in trader zones at restarts will be moved to the vehicle pound and unlocked
﻿01:10:38 : RCon admin #2: (Global) Admins: LWB, Sierra and Turmoil
﻿01:16:06 : Player #1 Freedom disconnected
﻿01:24:38 : RCon admin #2: (Global) BASES MUST BE MAINTAINED VIA THE PLOT POLE EVERY 7 DAYS!!
﻿01:29:38 : RCon admin #2: (Global) Vehicles left in trader zones at restarts will be moved to the vehicle pound and unlocked
﻿01:40:38 : RCon admin #2: (Global) Admins: LWB, Sierra and Turmoil
﻿01:54:38 : RCon admin #2: (Global) BASES MUST BE MAINTAINED VIA THE PLOT POLE EVERY 7 DAYS!!
﻿01:59:38 : RCon admin #2: (Global) Vehicles left in trader zones at restarts will be moved to the vehicle pound and unlocked
﻿02:10:38 : RCon admin #2: (Global) Admins: LWB, Sierra and Turmoil
﻿02:11:54 : Player #0 galina disconnected
﻿02:24:38 : RCon admin #2: (Global) BASES MUST BE MAINTAINED VIA THE PLOT POLE EVERY 7 DAYS!!
﻿02:29:38 : RCon admin #2: (Global) Vehicles left in trader zones at restarts will be moved to the vehicle pound and unlocked
﻿02:35:38 : RCon admin #2: (Global) Server will restart in 10 minutes
﻿02:40:38 : RCon admin #2: (Global) Admins: LWB, Sierra and Turmoil
﻿02:40:38 : RCon admin #2: (Global) Server will restart in 5 minutes: Prepare to Logout
﻿02:43:38 : RCon admin #2: (Global) The Server is about to restart. LOG OUT NOW OR YOUR GEAR MAY BE LOST!!
﻿02:45:08 : RCon admin #2: (Global) YOU SHOULD BE LOGGED OUT BY NOW! IF YOU ARENT YOU WILL BE AUTO KICKED AND YOUR GEAR MAY BE LOST! NO REFUNDS!
﻿02:46:12 : Rcon client logging in
﻿02:46:12 : RCon admin #2 (78.31.67.100:57874) logged in
﻿03:00:13 : RCon admin #2: (Global) Vehicles left in trader zones at restarts will be moved to the vehicle pound and unlocked
﻿03:11:13 : RCon admin #2: (Global) Admins: LWB, Sierra and Turmoil
﻿03:25:13 : RCon admin #2: (Global) BASES MUST BE MAINTAINED VIA THE PLOT POLE EVERY 7 DAYS!!
﻿03:30:13 : RCon admin #2: (Global) Vehicles left in trader zones at restarts will be moved to the vehicle pound and unlocked
﻿03:30:19 : Player #0 =IS= Unit (73.18.107.94:5302) connected
﻿03:30:21 : Player #0 =IS= Unit - GUID: 999e8dd5ee2ff9aa47ee94a20f5f4f6e (unverified)
﻿03:30:21 : Verified GUID (999e8dd5ee2ff9aa47ee94a20f5f4f6e) of player #0 =IS= Unit
﻿03:30:21 : Player #0 =IS= Unit - Legacy GUID: fedaf630e65885127f560bebcf5817f1
﻿03:33:50 : Player #0 =IS= Unit disconnected
﻿03:34:11 : Player #0 Freedom (173.85.75.49:2304) connected
﻿03:34:12 : Player #0 Freedom - GUID: 32974eed83d84dab3c6a86016f1a1d12 (unverified)
﻿03:34:13 : Verified GUID (32974eed83d84dab3c6a86016f1a1d12) of player #0 Freedom
﻿03:34:13 : Player #0 Freedom - Legacy GUID: 97a8c85ef5bf1164b1deba8cac447118
﻿03:41:13 : RCon admin #2: (Global) Admins: LWB, Sierra and Turmoil
﻿03:55:13 : RCon admin #2: (Global) BASES MUST BE MAINTAINED VIA THE PLOT POLE EVERY 7 DAYS!!
﻿04:00:13 : RCon admin #2: (Global) Vehicles left in trader zones at restarts will be moved to the vehicle pound and unlocked
﻿04:05:05 : Player #1 BuckTenty (74.130.204.187:5302) connected
﻿04:05:06 : Player #1 BuckTenty - GUID: 373bf8b2508370d6000311889654aa6b (unverified)
﻿04:05:07 : Verified GUID (373bf8b2508370d6000311889654aa6b) of player #1 BuckTenty
﻿04:05:07 : Player #1 BuckTenty - Legacy GUID: 800269cb836a9070aeceab48a4bfc16f
﻿04:05:07 : Player #1 BuckTenty disconnected
﻿04:11:13 : RCon admin #2: (Global) Admins: LWB, Sierra and Turmoil
﻿04:25:13 : RCon admin #2: (Global) BASES MUST BE MAINTAINED VIA THE PLOT POLE EVERY 7 DAYS!!
﻿04:30:13 : RCon admin #2: (Global) Vehicles left in trader zones at restarts will be moved to the vehicle pound and unlocked
﻿04:41:13 : RCon admin #2: (Global) Admins: LWB, Sierra and Turmoil
﻿04:55:13 : RCon admin #2: (Global) BASES MUST BE MAINTAINED VIA THE PLOT POLE EVERY 7 DAYS!!
﻿05:00:12 : RCon admin #2: (Global) Vehicles left in trader zones at restarts will be moved to the vehicle pound and unlocked
﻿05:06:13 : RCon admin #2: (Global) Server will restart in 10 minutes
﻿05:10:02 : RCon admin #3 (86.131.103.232:60150) logged in
﻿05:11:13 : RCon admin #2: (Global) Admins: LWB, Sierra and Turmoil
﻿05:11:13 : RCon admin #2: (Global) Server will restart in 5 minutes: Prepare to Logout
﻿05:11:28 : Player #1 Din (94.45.220.12:5302) connected
﻿05:11:29 : Player #1 Din - GUID: 2f0d9ea96a1a2bec9e6677bab333ae7c (unverified)
﻿05:11:30 : Verified GUID (2f0d9ea96a1a2bec9e6677bab333ae7c) of player #1 Din
﻿05:11:30 : Player #1 Din - Legacy GUID: 3acfc2c50ff4722c17c085a5287e6999
﻿05:14:13 : RCon admin #2: (Global) The Server is about to restart. LOG OUT NOW OR YOUR GEAR MAY BE LOST!!
﻿05:14:46 : Player #0 Freedom disconnected
﻿05:15:43 : RCon admin #2: (Global) YOU SHOULD BE LOGGED OUT BY NOW! IF YOU ARENT YOU WILL BE AUTO KICKED AND YOUR GEAR MAY BE LOST! NO REFUNDS!
﻿05:16:46 : Rcon client logging in
﻿05:16:46 : RCon admin #1 (78.31.67.100:58206) logged in
﻿05:17:00 : RCon admin #2 (86.131.103.232:64616) logged in
﻿05:19:30 : Player #0 Din (94.45.220.12:5302) connected
﻿05:19:31 : Player #0 Din - GUID: 2f0d9ea96a1a2bec9e6677bab333ae7c (unverified)
﻿05:19:32 : Verified GUID (2f0d9ea96a1a2bec9e6677bab333ae7c) of player #0 Din
﻿05:19:32 : Player #0 Din - Legacy GUID: 3acfc2c50ff4722c17c085a5287e6999
﻿05:20:11 : Player #1 Freedom (173.85.75.49:2304) connected
﻿05:20:12 : Player #1 Freedom - GUID: 32974eed83d84dab3c6a86016f1a1d12 (unverified)
﻿05:20:13 : Verified GUID (32974eed83d84dab3c6a86016f1a1d12) of player #1 Freedom
﻿05:20:13 : Player #1 Freedom - Legacy GUID: 97a8c85ef5bf1164b1deba8cac447118
﻿05:30:47 : RCon admin #1: (Global) Vehicles left in trader zones at restarts will be moved to the vehicle pound and unlocked
﻿05:38:45 : Player #0 Din disconnected
﻿05:41:47 : RCon admin #1: (Global) Admins: LWB, Sierra and Turmoil
﻿05:47:22 : Player #1 Freedom disconnected
﻿05:55:47 : RCon admin #1: (Global) BASES MUST BE MAINTAINED VIA THE PLOT POLE EVERY 7 DAYS!!
﻿06:00:47 : RCon admin #1: (Global) Vehicles left in trader zones at restarts will be moved to the vehicle pound and unlocked
﻿06:11:47 : RCon admin #1: (Global) Admins: LWB, Sierra and Turmoil
﻿06:25:47 : RCon admin #1: (Global) BASES MUST BE MAINTAINED VIA THE PLOT POLE EVERY 7 DAYS!!
﻿06:30:47 : RCon admin #1: (Global) Vehicles left in trader zones at restarts will be moved to the vehicle pound and unlocked
﻿06:41:47 : RCon admin #1: (Global) Admins: LWB, Sierra and Turmoil
﻿06:42:59 : Player #0 SEN ONE (99.109.93.28:5302) connected
﻿06:43:01 : Player #0 SEN ONE - GUID: e2ff22d2684d500cb28117a914a3e614 (unverified)
﻿06:43:01 : Verified GUID (e2ff22d2684d500cb28117a914a3e614) of player #0 SEN ONE
﻿06:43:01 : Player #0 SEN ONE - Legacy GUID: ea9613e4e7f55895ce807e57e548c240
﻿06:55:47 : RCon admin #1: (Global) BASES MUST BE MAINTAINED VIA THE PLOT POLE EVERY 7 DAYS!!
﻿07:00:47 : RCon admin #1: (Global) Vehicles left in trader zones at restarts will be moved to the vehicle pound and unlocked
﻿07:01:20 : RCon admin #3 (86.131.103.232:52376) logged in
﻿07:11:47 : RCon admin #1: (Global) Admins: LWB, Sierra and Turmoil
﻿07:25:47 : RCon admin #1: (Global) BASES MUST BE MAINTAINED VIA THE PLOT POLE EVERY 7 DAYS!!
﻿07:30:47 : RCon admin #1: (Global) Vehicles left in trader zones at restarts will be moved to the vehicle pound and unlocked
﻿07:36:47 : RCon admin #1: (Global) Server will restart in 10 minutes
﻿07:41:47 : RCon admin #1: (Global) Admins: LWB, Sierra and Turmoil
﻿07:41:47 : RCon admin #1: (Global) Server will restart in 5 minutes: Prepare to Logout
﻿07:44:47 : RCon admin #1: (Global) The Server is about to restart. LOG OUT NOW OR YOUR GEAR MAY BE LOST!!
﻿07:46:17 : RCon admin #1: (Global) YOU SHOULD BE LOGGED OUT BY NOW! IF YOU ARENT YOU WILL BE AUTO KICKED AND YOUR GEAR MAY BE LOST! NO REFUNDS!
﻿07:46:22 : Player #0 SEN ONE disconnected
﻿07:47:20 : Rcon client logging in
﻿07:47:20 : RCon admin #2 (78.31.67.100:57657) logged in
﻿07:51:04 : Player #0 SEN ONE (99.109.93.28:5302) connected
﻿07:51:06 : Player #0 SEN ONE - GUID: e2ff22d2684d500cb28117a914a3e614 (unverified)
﻿07:51:06 : Verified GUID (e2ff22d2684d500cb28117a914a3e614) of player #0 SEN ONE
﻿07:51:07 : Player #0 SEN ONE - Legacy GUID: ea9613e4e7f55895ce807e57e548c240
﻿08:01:21 : RCon admin #2: (Global) Vehicles left in trader zones at restarts will be moved to the vehicle pound and unlocked
﻿08:08:58 : Player #1 Gol1aTh (212.4.93.133:5302) connected
﻿08:08:59 : Player #1 Gol1aTh - GUID: 67ac50800e9abebbf131bb15c17aba2b (unverified)
﻿08:08:59 : Verified GUID (67ac50800e9abebbf131bb15c17aba2b) of player #1 Gol1aTh
﻿08:09:00 : Player #1 Gol1aTh - Legacy GUID: be1c53760f71a8ed6915d36ef1a3a7b5
﻿08:12:21 : RCon admin #2: (Global) Admins: LWB, Sierra and Turmoil
﻿08:17:26 : Player #1 Gol1aTh disconnected
﻿08:26:21 : RCon admin #2: (Global) BASES MUST BE MAINTAINED VIA THE PLOT POLE EVERY 7 DAYS!!
﻿08:31:21 : RCon admin #2: (Global) Vehicles left in trader zones at restarts will be moved to the vehicle pound and unlocked
﻿08:42:21 : RCon admin #2: (Global) Admins: LWB, Sierra and Turmoil
﻿08:56:21 : RCon admin #2: (Global) BASES MUST BE MAINTAINED VIA THE PLOT POLE EVERY 7 DAYS!!
﻿09:01:21 : RCon admin #2: (Global) Vehicles left in trader zones at restarts will be moved to the vehicle pound and unlocked
﻿09:12:21 : RCon admin #2: (Global) Admins: LWB, Sierra and Turmoil
﻿09:26:21 : RCon admin #2: (Global) BASES MUST BE MAINTAINED VIA THE PLOT POLE EVERY 7 DAYS!!
﻿09:31:21 : RCon admin #2: (Global) Vehicles left in trader zones at restarts will be moved to the vehicle pound and unlocked
﻿09:42:21 : RCon admin #2: (Global) Admins: LWB, Sierra and Turmoil
﻿09:46:39 : RCon admin #3 (86.131.103.232:61397) logged in
﻿09:56:21 : RCon admin #2: (Global) BASES MUST BE MAINTAINED VIA THE PLOT POLE EVERY 7 DAYS!!
﻿10:01:21 : RCon admin #2: (Global) Vehicles left in trader zones at restarts will be moved to the vehicle pound and unlocked
﻿10:01:46 : RCon admin #1 (86.131.103.232:51181) logged in
﻿10:07:21 : RCon admin #2: (Global) Server will restart in 10 minutes
﻿10:08:31 : Player #1 Gol1aTh (212.4.93.133:5302) connected
﻿10:08:32 : Player #1 Gol1aTh - GUID: 67ac50800e9abebbf131bb15c17aba2b (unverified)
﻿10:08:32 : Verified GUID (67ac50800e9abebbf131bb15c17aba2b) of player #1 Gol1aTh
﻿10:08:33 : Player #1 Gol1aTh - Legacy GUID: be1c53760f71a8ed6915d36ef1a3a7b5
﻿10:11:01 : Player #1 Gol1aTh disconnected
﻿10:12:21 : RCon admin #2: (Global) Admins: LWB, Sierra and Turmoil
﻿10:12:21 : RCon admin #2: (Global) Server will restart in 5 minutes: Prepare to Logout
﻿10:15:21 : RCon admin #2: (Global) The Server is about to restart. LOG OUT NOW OR YOUR GEAR MAY BE LOST!!
﻿10:16:14 : Player #0 SEN ONE disconnected
﻿10:16:34 : RCon admin #3 (86.131.103.232:50921) logged in
﻿10:16:51 : RCon admin #2: (Global) YOU SHOULD BE LOGGED OUT BY NOW! IF YOU ARENT YOU WILL BE AUTO KICKED AND YOUR GEAR MAY BE LOST! NO REFUNDS!
﻿10:17:54 : Rcon client logging in
﻿10:17:54 : RCon admin #2 (78.31.67.100:62871) logged in
﻿10:18:42 : Lost Connection!
﻿10:18:42 : Closing socket & exiting!
﻿10:28:40 : Rcon client logging in
﻿10:28:40 : RCon admin #2 (78.31.67.100:56439) logged in
﻿10:31:25 : Player #0 LWB [SD] (86.131.103.232:2304) connected
﻿10:31:26 : Player #0 LWB [SD] - GUID: bc07c7c39c76cf95a7a434d686d9df66 (unverified)
﻿10:31:27 : Verified GUID (bc07c7c39c76cf95a7a434d686d9df66) of player #0 LWB [SD]
﻿10:31:27 : Player #0 LWB [SD] - Legacy GUID: 977383e15b6c706cac44ca953ba440c7
﻿10:35:07 : Player #0 LWB [SD] disconnected
﻿10:35:14 : Lost Connection!
﻿10:35:14 : Closing socket & exiting!
﻿10:36:01 : Rcon client logging in
﻿10:36:02 : RCon admin #2 (78.31.67.100:61617) logged in
﻿10:43:12 : Lost Connection!
﻿10:43:12 : Closing socket & exiting!
﻿10:47:35 : Rcon client logging in
﻿10:47:35 : RCon admin #2 (78.31.67.100:60375) logged in
﻿10:47:40 : Player #0 LWB [SD] (86.131.103.232:2304) connected
﻿10:47:41 : Player #0 LWB [SD] - GUID: bc07c7c39c76cf95a7a434d686d9df66 (unverified)
﻿10:47:42 : Verified GUID (bc07c7c39c76cf95a7a434d686d9df66) of player #0 LWB [SD]
﻿10:47:42 : Player #0 LWB [SD] - Legacy GUID: 977383e15b6c706cac44ca953ba440c7
﻿10:50:02 : Player #1 HighFlyer (86.131.103.232:1024) connected
﻿10:50:04 : Player #1 HighFlyer - GUID: dea2d42442b9f7baf6c9441b3cdd4c28 (unverified)
﻿10:50:04 : Verified GUID (dea2d42442b9f7baf6c9441b3cdd4c28) of player #1 HighFlyer
﻿10:50:04 : Player #1 HighFlyer - Legacy GUID: 4fb7677ee2815a3907adb63d8d1637f4
﻿10:50:06 : Player #1 HighFlyer disconnected
﻿10:51:36 : Player #1 HighFlyer (86.131.103.232:1024) connected
﻿10:51:37 : Player #1 HighFlyer - GUID: dea2d42442b9f7baf6c9441b3cdd4c28 (unverified)
﻿10:51:37 : Verified GUID (dea2d42442b9f7baf6c9441b3cdd4c28) of player #1 HighFlyer
﻿10:51:38 : Player #1 HighFlyer - Legacy GUID: 4fb7677ee2815a3907adb63d8d1637f4
﻿10:51:39 : Player #1 HighFlyer disconnected
﻿10:53:16 : Player #1 HighFlyer (86.131.103.232:1024) connected
﻿10:53:17 : Player #1 HighFlyer - GUID: dea2d42442b9f7baf6c9441b3cdd4c28 (unverified)
﻿10:53:18 : Verified GUID (dea2d42442b9f7baf6c9441b3cdd4c28) of player #1 HighFlyer
﻿10:53:18 : Player #1 HighFlyer - Legacy GUID: 4fb7677ee2815a3907adb63d8d1637f4
﻿10:54:19 : Player #1 HighFlyer disconnected
﻿10:56:04 : Player #1 HighFlyer (86.131.103.232:1024) connected
﻿10:56:06 : Player #1 HighFlyer - GUID: dea2d42442b9f7baf6c9441b3cdd4c28 (unverified)
﻿10:56:06 : Verified GUID (dea2d42442b9f7baf6c9441b3cdd4c28) of player #1 HighFlyer
﻿10:56:07 : Player #1 HighFlyer - Legacy GUID: 4fb7677ee2815a3907adb63d8d1637f4
﻿10:57:44 : Player #1 HighFlyer disconnected
﻿11:00:23 : Player #1 HighFlyer (86.131.103.232:1024) connected
﻿11:00:24 : Player #1 HighFlyer - GUID: dea2d42442b9f7baf6c9441b3cdd4c28 (unverified)
﻿11:00:25 : Verified GUID (dea2d42442b9f7baf6c9441b3cdd4c28) of player #1 HighFlyer
﻿11:00:25 : Player #1 HighFlyer - Legacy GUID: 4fb7677ee2815a3907adb63d8d1637f4
﻿11:01:36 : RCon admin #2: (Global) Vehicles left in trader zones at restarts will be moved to the vehicle pound and unlocked
﻿11:06:02 : Player #1 HighFlyer disconnected
﻿11:08:22 : Player #1 HighFlyer (86.131.103.232:1024) connected
﻿11:08:23 : Player #1 HighFlyer - GUID: dea2d42442b9f7baf6c9441b3cdd4c28 (unverified)
﻿11:08:24 : Verified GUID (dea2d42442b9f7baf6c9441b3cdd4c28) of player #1 HighFlyer
﻿11:08:24 : Player #1 HighFlyer - Legacy GUID: 4fb7677ee2815a3907adb63d8d1637f4
﻿11:12:36 : RCon admin #2: (Global) Admins: LWB, Sierra and Turmoil
﻿11:23:38 : Lost Connection!
﻿11:23:38 : Closing socket & exiting!
﻿11:24:26 : Rcon client logging in
﻿11:24:26 : RCon admin #2 (78.31.67.100:53674) logged in
﻿11:25:22 : Player #0 LWB [SD] (86.131.103.232:2304) connected
﻿11:25:23 : Player #0 LWB [SD] - GUID: bc07c7c39c76cf95a7a434d686d9df66 (unverified)
﻿11:25:24 : Verified GUID (bc07c7c39c76cf95a7a434d686d9df66) of player #0 LWB [SD]
﻿11:25:24 : Player #0 LWB [SD] - Legacy GUID: 977383e15b6c706cac44ca953ba440c7
﻿11:25:30 : Player #1 HighFlyer (86.131.103.232:1024) connected
﻿11:25:31 : Player #1 HighFlyer - GUID: dea2d42442b9f7baf6c9441b3cdd4c28 (unverified)
﻿11:25:31 : Verified GUID (dea2d42442b9f7baf6c9441b3cdd4c28) of player #1 HighFlyer
﻿11:25:32 : Player #1 HighFlyer - Legacy GUID: 4fb7677ee2815a3907adb63d8d1637f4
﻿11:27:20 : Player #0 LWB [SD] disconnected
﻿11:28:10 : Lost Connection!
﻿11:28:10 : Closing socket & exiting!
﻿11:30:41 : Rcon client logging in
﻿11:30:41 : RCon admin #2 (78.31.67.100:59554) logged in
﻿11:30:47 : Player #0 HighFlyer (86.131.103.232:2304) connected
﻿11:30:49 : Player #0 HighFlyer - GUID: dea2d42442b9f7baf6c9441b3cdd4c28 (unverified)
﻿11:30:49 : Verified GUID (dea2d42442b9f7baf6c9441b3cdd4c28) of player #0 HighFlyer
﻿11:30:49 : Player #0 HighFlyer - Legacy GUID: 4fb7677ee2815a3907adb63d8d1637f4
﻿11:39:10 : Lost Connection!
﻿11:39:10 : Closing socket & exiting!
﻿11:39:55 : Rcon client logging in
﻿11:39:55 : RCon admin #2 (78.31.67.100:53136) logged in
﻿11:40:27 : Player #0 HighFlyer (86.131.103.232:2304) connected
﻿11:40:28 : Player #0 HighFlyer - GUID: dea2d42442b9f7baf6c9441b3cdd4c28 (unverified)
﻿11:40:29 : Verified GUID (dea2d42442b9f7baf6c9441b3cdd4c28) of player #0 HighFlyer
﻿11:40:29 : Player #0 HighFlyer - Legacy GUID: 4fb7677ee2815a3907adb63d8d1637f4
﻿11:40:33 : Player #1 LWB [SD] (86.131.103.232:1024) connected
﻿11:40:34 : Player #1 LWB [SD] - GUID: bc07c7c39c76cf95a7a434d686d9df66 (unverified)
﻿11:40:34 : Verified GUID (bc07c7c39c76cf95a7a434d686d9df66) of player #1 LWB [SD]
﻿11:40:35 : Player #1 LWB [SD] - Legacy GUID: 977383e15b6c706cac44ca953ba440c7
﻿11:43:05 : Player #0 HighFlyer disconnected
﻿11:45:28 : Player #0 HighFlyer (86.131.103.232:2304) connected
﻿11:45:29 : Player #0 HighFlyer - GUID: dea2d42442b9f7baf6c9441b3cdd4c28 (unverified)
﻿11:45:29 : Verified GUID (dea2d42442b9f7baf6c9441b3cdd4c28) of player #0 HighFlyer
﻿11:45:30 : Player #0 HighFlyer - Legacy GUID: 4fb7677ee2815a3907adb63d8d1637f4
﻿11:47:13 : RCon admin #3 (86.131.103.232:51888) logged in
﻿11:50:00 : Lost Connection!
﻿11:50:00 : Closing socket & exiting!
﻿12:03:20 : Rcon client logging in
﻿12:03:20 : RCon admin #1 (78.31.67.100:51927) logged in
﻿12:04:15 : Player #0 HighFlyer (86.131.103.232:2304) connected
﻿12:04:16 : Player #0 HighFlyer - GUID: dea2d42442b9f7baf6c9441b3cdd4c28 (unverified)
﻿12:04:16 : Verified GUID (dea2d42442b9f7baf6c9441b3cdd4c28) of player #0 HighFlyer
﻿12:04:17 : Player #0 HighFlyer - Legacy GUID: 4fb7677ee2815a3907adb63d8d1637f4
﻿12:08:48 : Lost Connection!
﻿12:08:48 : Closing socket & exiting!
﻿12:09:28 : Rcon client logging in
﻿12:09:28 : RCon admin #1 (78.31.67.100:60088) logged in
﻿12:09:29 : Player #0 HighFlyer - GUID: dea2d42442b9f7baf6c9441b3cdd4c28 (unverified)
﻿12:09:30 : Verified GUID (dea2d42442b9f7baf6c9441b3cdd4c28) of player #0 HighFlyer
﻿12:09:30 : Player #0 HighFlyer - Legacy GUID: 4fb7677ee2815a3907adb63d8d1637f4
﻿12:09:33 : Player #1 LWB [SD] (86.131.103.232:1024) connected
﻿12:09:34 : Player #1 LWB [SD] - GUID: bc07c7c39c76cf95a7a434d686d9df66 (unverified)
﻿12:09:34 : Verified GUID (bc07c7c39c76cf95a7a434d686d9df66) of player #1 LWB [SD]
﻿12:09:35 : Player #1 LWB [SD] - Legacy GUID: 977383e15b6c706cac44ca953ba440c7
﻿12:15:08 : Lost Connection!
﻿12:15:08 : Closing socket & exiting!
﻿12:29:06 : Rcon client logging in
﻿12:29:06 : RCon admin #1 (78.31.67.100:59621) logged in
﻿12:29:10 : Player #0 HighFlyer (86.131.103.232:2304) connected
﻿12:29:11 : Player #0 HighFlyer - GUID: dea2d42442b9f7baf6c9441b3cdd4c28 (unverified)
﻿12:29:12 : Verified GUID (dea2d42442b9f7baf6c9441b3cdd4c28) of player #0 HighFlyer
﻿12:29:12 : Player #0 HighFlyer - Legacy GUID: 4fb7677ee2815a3907adb63d8d1637f4
﻿12:29:25 : Player #1 LWB [SD] (86.131.103.232:1024) connected
﻿12:29:26 : Player #1 LWB [SD] - GUID: bc07c7c39c76cf95a7a434d686d9df66 (unverified)
﻿12:29:27 : Verified GUID (bc07c7c39c76cf95a7a434d686d9df66) of player #1 LWB [SD]
﻿12:29:27 : Player #1 LWB [SD] - Legacy GUID: 977383e15b6c706cac44ca953ba440c7
﻿12:43:07 : RCon admin #1: (Global) Vehicles left in trader zones at restarts will be moved to the vehicle pound and unlocked
﻿12:47:40 : Player #0 HighFlyer disconnected
﻿12:47:44 : Player #1 LWB [SD] disconnected
﻿12:47:52 : Lost Connection!
﻿12:47:52 : Closing socket & exiting!
﻿12:50:29 : Rcon client logging in
﻿12:50:29 : RCon admin #0 (78.31.67.100:55003) logged in
﻿12:51:12 : RCon admin #1 (86.131.103.232:61271) logged in
﻿13:04:24 : Player #0 Gerold (92.78.42.62:5302) connected
﻿13:04:26 : Player #0 Gerold - GUID: f193841ec7d1d0be72ce5e990265b826 (unverified)
﻿13:04:26 : Verified GUID (f193841ec7d1d0be72ce5e990265b826) of player #0 Gerold
﻿13:04:26 : Player #0 Gerold - Legacy GUID: b1fbb7412a8acb3b62bf4fb932d6f1dc
﻿13:04:30 : RCon admin #0: (Global) Vehicles left in trader zones at restarts will be moved to the vehicle pound and unlocked
﻿13:06:18 : Player #1 Cateyes (93.205.146.145:5302) connected
﻿13:06:19 : Player #1 Cateyes - GUID: ecaee39fc9d0981e668f6b4fb61515d3 (unverified)
﻿13:06:20 : Verified GUID (ecaee39fc9d0981e668f6b4fb61515d3) of player #1 Cateyes
﻿13:06:20 : Player #1 Cateyes - Legacy GUID: af6099fb01f41c7bb6d21a9546a0e556
﻿13:06:23 : Player #1 Cateyes disconnected
﻿13:10:19 : RCon admin #2 (86.131.103.232:49471) logged in
﻿13:13:26 : Player #1 Leroy (188.29.216.173:5302) connected
﻿13:13:28 : Player #1 Leroy - GUID: 6848fd47b588984f951b4263c75583f5 (unverified)
﻿13:13:28 : Verified GUID (6848fd47b588984f951b4263c75583f5) of player #1 Leroy
﻿13:13:29 : Player #1 Leroy - Legacy GUID: da21fe3cc11b98a60aee32fd0cae5a93
﻿13:13:30 : Player #1 Leroy disconnected
﻿13:15:30 : RCon admin #0: (Global) Admins: LWB, Sierra and Turmoil
﻿13:17:22 : Player #1 galina (77.76.179.121:5302) connected
﻿13:17:24 : Player #1 galina - GUID: 7bdf1adcfd25802ba1120432f49b4058 (unverified)
﻿13:17:24 : Player #1 galina - Legacy GUID: 6524ed6d5f2f99eb3947c0bfe57aa42a
﻿13:17:24 : Verified GUID (7bdf1adcfd25802ba1120432f49b4058) of player #1 galina
﻿13:26:15 : Player #2 Cateyes (93.205.146.145:5302) connected
﻿13:26:16 : Player #2 Cateyes - GUID: ecaee39fc9d0981e668f6b4fb61515d3 (unverified)
﻿13:26:17 : Verified GUID (ecaee39fc9d0981e668f6b4fb61515d3) of player #2 Cateyes
﻿13:26:17 : Player #2 Cateyes - Legacy GUID: af6099fb01f41c7bb6d21a9546a0e556
﻿13:28:28 : Player #2 Cateyes disconnected
﻿13:29:30 : RCon admin #0: (Global) BASES MUST BE MAINTAINED VIA THE PLOT POLE EVERY 7 DAYS!!
﻿13:34:30 : RCon admin #0: (Global) Vehicles left in trader zones at restarts will be moved to the vehicle pound and unlocked
﻿13:45:30 : RCon admin #0: (Global) Admins: LWB, Sierra and Turmoil
﻿13:59:30 : RCon admin #0: (Global) BASES MUST BE MAINTAINED VIA THE PLOT POLE EVERY 7 DAYS!!
﻿14:04:30 : RCon admin #0: (Global) Vehicles left in trader zones at restarts will be moved to the vehicle pound and unlocked
﻿14:15:30 : RCon admin #0: (Global) Admins: LWB, Sierra and Turmoil
﻿14:29:30 : RCon admin #0: (Global) BASES MUST BE MAINTAINED VIA THE PLOT POLE EVERY 7 DAYS!!
﻿14:33:22 : Player #2 SlowBurn (81.111.116.91:5302) connected
﻿14:33:23 : Player #2 SlowBurn - GUID: 8326f8008362c14ed0a324d412123817 (unverified)
﻿14:33:24 : Player #2 SlowBurn - Legacy GUID: 106592dfe7b7491179d6439f0e1ffadb
﻿14:33:24 : Verified GUID (8326f8008362c14ed0a324d412123817) of player #2 SlowBurn
﻿14:34:30 : RCon admin #0: (Global) Vehicles left in trader zones at restarts will be moved to the vehicle pound and unlocked
﻿14:45:30 : RCon admin #0: (Global) Admins: LWB, Sierra and Turmoil
﻿14:59:30 : RCon admin #0: (Global) BASES MUST BE MAINTAINED VIA THE PLOT POLE EVERY 7 DAYS!!
﻿14:59:35 : Player #3 LWB [SD] (86.131.103.232:1024) connected
﻿14:59:36 : Player #3 LWB [SD] - GUID: bc07c7c39c76cf95a7a434d686d9df66 (unverified)
﻿14:59:37 : Verified GUID (bc07c7c39c76cf95a7a434d686d9df66) of player #3 LWB [SD]
﻿14:59:37 : Player #3 LWB [SD] - Legacy GUID: 977383e15b6c706cac44ca953ba440c7
﻿15:01:49 : Player #3 LWB [SD] disconnected
﻿15:01:56 : Player #0 Gerold disconnected
﻿15:04:30 : RCon admin #0: (Global) Vehicles left in trader zones at restarts will be moved to the vehicle pound and unlocked
﻿15:08:25 : Player #0 Joker (95.37.177.189:2304) connected
﻿15:08:26 : Player #0 Joker - GUID: 0da03ea5abe339a832ade3405dd1adde (unverified)
﻿15:08:26 : Verified GUID (0da03ea5abe339a832ade3405dd1adde) of player #0 Joker
﻿15:08:27 : Player #0 Joker disconnected
﻿15:10:30 : RCon admin #0: (Global) Server will restart in 10 minutes
﻿15:15:30 : RCon admin #0: (Global) Admins: LWB, Sierra and Turmoil
﻿15:15:30 : RCon admin #0: (Global) Server will restart in 5 minutes: Prepare to Logout
﻿15:15:49 : Player #2 SlowBurn disconnected
﻿15:18:30 : RCon admin #0: (Global) The Server is about to restart. LOG OUT NOW OR YOUR GEAR MAY BE LOST!!
﻿15:20:00 : RCon admin #0: (Global) YOU SHOULD BE LOGGED OUT BY NOW! IF YOU ARENT YOU WILL BE AUTO KICKED AND YOUR GEAR MAY BE LOST! NO REFUNDS!
﻿15:21:03 : Rcon client logging in
﻿15:21:03 : RCon admin #2 (78.31.67.100:54794) logged in
﻿15:31:27 : Lost Connection!
﻿15:31:27 : Closing socket & exiting!
﻿15:33:48 : Rcon client logging in
﻿15:33:48 : RCon admin #1 (78.31.67.100:63704) logged in
﻿15:34:03 : RCon admin #2 (86.131.103.232:56874) logged in
﻿15:34:32 : Player #0 galina (77.76.179.121:5302) connected
﻿15:34:33 : Player #0 galina - GUID: 7bdf1adcfd25802ba1120432f49b4058 (unverified)
﻿15:34:34 : Verified GUID (7bdf1adcfd25802ba1120432f49b4058) of player #0 galina
﻿15:34:34 : Player #0 galina - Legacy GUID: 6524ed6d5f2f99eb3947c0bfe57aa42a
﻿15:41:41 : Player #1 Din (94.45.220.12:5302) connected
﻿15:41:42 : Player #1 Din - GUID: 2f0d9ea96a1a2bec9e6677bab333ae7c (unverified)
﻿15:41:43 : Verified GUID (2f0d9ea96a1a2bec9e6677bab333ae7c) of player #1 Din
﻿15:41:43 : Player #1 Din - Legacy GUID: 3acfc2c50ff4722c17c085a5287e6999
﻿15:42:14 : Player #2 Turmoil (88.89.200.214:2304) connected
﻿15:42:15 : Player #2 Turmoil - GUID: 078d3175e22fad797d9a152aaaa83806 (unverified)
﻿15:42:15 : Verified GUID (078d3175e22fad797d9a152aaaa83806) of player #2 Turmoil
﻿15:42:16 : Player #2 Turmoil - Legacy GUID: 153330a3c1eb9ccf7092e322ab07ebb0
﻿15:42:19 : Player #3 LWB [SD] (86.131.103.232:1024) connected
﻿15:42:20 : Player #3 LWB [SD] - GUID: bc07c7c39c76cf95a7a434d686d9df66 (unverified)
﻿15:42:21 : Verified GUID (bc07c7c39c76cf95a7a434d686d9df66) of player #3 LWB [SD]
﻿15:42:21 : Player #3 LWB [SD] - Legacy GUID: 977383e15b6c706cac44ca953ba440c7
﻿15:42:25 : Player #2 Turmoil disconnected
﻿15:45:11 : Player #2 Turmoil (88.89.200.214:2304) connected
﻿15:45:12 : Player #2 Turmoil - GUID: 078d3175e22fad797d9a152aaaa83806 (unverified)
﻿15:45:12 : Verified GUID (078d3175e22fad797d9a152aaaa83806) of player #2 Turmoil
﻿15:45:13 : Player #2 Turmoil - Legacy GUID: 153330a3c1eb9ccf7092e322ab07ebb0
﻿15:46:56 : Player #2 Turmoil disconnected
﻿15:47:41 : Player #2 Twanyboy (84.85.14.155:5302) connected
﻿15:47:42 : Player #2 Twanyboy - GUID: 26b615b5faf4e4f802f8e02b51784844 (unverified)
﻿15:47:43 : Verified GUID (26b615b5faf4e4f802f8e02b51784844) of player #2 Twanyboy
﻿15:47:43 : Player #2 Twanyboy - Legacy GUID: 51fcb21cf28305cbb5cd78bdddcb1077
﻿15:47:48 : RCon admin #1: (Global) Vehicles left in trader zones at restarts will be moved to the vehicle pound and unlocked
﻿15:51:05 : Player #4 Thijs (89.98.196.221:5302) connected
﻿15:51:06 : Player #4 Thijs - GUID: ae66cc594c2ba42bc401a5c3181c11ad (unverified)
﻿15:51:06 : Verified GUID (ae66cc594c2ba42bc401a5c3181c11ad) of player #4 Thijs
﻿15:51:07 : Player #4 Thijs - Legacy GUID: 6381a799c1b7d34b4863411eedcbc6ae
﻿15:53:41 : Player #5 Turmoil (88.89.200.214:2304) connected
﻿15:53:42 : Player #5 Turmoil - GUID: 078d3175e22fad797d9a152aaaa83806 (unverified)
﻿15:53:43 : Verified GUID (078d3175e22fad797d9a152aaaa83806) of player #5 Turmoil
﻿15:53:43 : Player #5 Turmoil disconnected
﻿15:58:48 : RCon admin #1: (Global) Admins: LWB, Sierra and Turmoil
﻿16:07:30 : Player #5 Nr1 (79.202.76.223:5302) connected
﻿16:07:31 : Player #5 Nr1 - GUID: 3601e43aead2c06253f34a68880cce07 (unverified)
﻿16:07:32 : Verified GUID (3601e43aead2c06253f34a68880cce07) of player #5 Nr1
﻿16:07:32 : Player #5 Nr1 - Legacy GUID: f22d2351f0ef7f891f82c94cfed53005
﻿16:07:33 : Player #5 Nr1 disconnected
﻿16:12:36 : Player #5 <eXp> RafcioZG (89.67.63.218:5302) connected
﻿16:12:37 : Player #5 <eXp> RafcioZG - GUID: 02ed733403835a8a8517265415d84023 (unverified)
﻿16:12:37 : Verified GUID (02ed733403835a8a8517265415d84023) of player #5 <eXp> RafcioZG
﻿16:12:38 : Player #5 <eXp> RafcioZG - Legacy GUID: c9c653dd820194488bd099e2b5e7f454
﻿16:12:48 : RCon admin #1: (Global) BASES MUST BE MAINTAINED VIA THE PLOT POLE EVERY 7 DAYS!!
﻿16:16:07 : Player #0 galina disconnected
﻿16:16:55 : Player #0 <eXp> CziQita (85.202.152.128:5302) connected
﻿16:16:57 : Player #0 <eXp> CziQita - GUID: 032d6e70df3d067624c52f7be2b9f7a4 (unverified)
﻿16:16:57 : Player #0 <eXp> CziQita - Legacy GUID: 5fe66ce3f47a21b2db2c180c820374dd
﻿16:16:57 : Verified GUID (032d6e70df3d067624c52f7be2b9f7a4) of player #0 <eXp> CziQita
﻿16:17:48 : RCon admin #1: (Global) Vehicles left in trader zones at restarts will be moved to the vehicle pound and unlocked
﻿16:23:05 : Player #6 <eXp> Gruby (217.99.138.192:5302) connected
﻿16:23:07 : Player #6 <eXp> Gruby - GUID: 7f82c53f48899ff2fd5b9489f8d17fb8 (unverified)
﻿16:23:07 : Verified GUID (7f82c53f48899ff2fd5b9489f8d17fb8) of player #6 <eXp> Gruby
﻿16:23:07 : Player #6 <eXp> Gruby - Legacy GUID: 61f8d59b40d145e9e0934b15ea495703
﻿16:27:51 : Player #1 Din disconnected
﻿16:28:48 : RCon admin #1: (Global) Admins: LWB, Sierra and Turmoil
﻿16:34:29 : Player #1 SsSalt (46.39.68.250:5302) connected
﻿16:34:31 : Player #1 SsSalt - GUID: 183991a6dc3f06a9a89b019ad46c98d3 (unverified)
﻿16:34:31 : Player #1 SsSalt - Legacy GUID: 38ecebe1974bb873b04b7e7c2bef830a
﻿16:34:31 : Verified GUID (183991a6dc3f06a9a89b019ad46c98d3) of player #1 SsSalt
﻿16:42:48 : RCon admin #1: (Global) BASES MUST BE MAINTAINED VIA THE PLOT POLE EVERY 7 DAYS!!
﻿16:47:48 : RCon admin #1: (Global) Vehicles left in trader zones at restarts will be moved to the vehicle pound and unlocked
﻿16:49:25 : RCon admin #3 (86.131.103.232:59318) logged in
﻿16:57:04 : Player #1 SsSalt disconnected
﻿16:57:33 : Player #4 Thijs disconnected
﻿16:58:48 : RCon admin #1: (Global) Admins: LWB, Sierra and Turmoil
﻿17:12:48 : RCon admin #1: (Global) BASES MUST BE MAINTAINED VIA THE PLOT POLE EVERY 7 DAYS!!
﻿17:15:48 : Player #6 <eXp> Gruby disconnected
﻿17:17:49 : RCon admin #1: (Global) Vehicles left in trader zones at restarts will be moved to the vehicle pound and unlocked
﻿17:18:27 : Player #1 Turmoil (88.89.200.214:2304) connected
﻿17:18:28 : Player #1 Turmoil disconnected
﻿17:18:32 : Player #1 Turmoil (88.89.200.214:2304) connected
﻿17:18:33 : Player #1 Turmoil disconnected
﻿17:21:17 : Player #1 Turmoil (88.89.200.214:2304) connected
﻿17:21:18 : Player #1 Turmoil disconnected
﻿17:23:02 : Player #1 Turmoil (88.89.200.214:2304) connected
﻿17:23:03 : Player #1 Turmoil disconnected
﻿17:28:46 : Player #1 Thijs (89.98.196.221:5302) connected
﻿17:28:47 : Player #1 Thijs - GUID: ae66cc594c2ba42bc401a5c3181c11ad (unverified)
﻿17:28:47 : Verified GUID (ae66cc594c2ba42bc401a5c3181c11ad) of player #1 Thijs
﻿17:28:48 : Player #1 Thijs - Legacy GUID: 6381a799c1b7d34b4863411eedcbc6ae
﻿17:28:48 : RCon admin #1: (Global) Admins: LWB, Sierra and Turmoil
﻿17:30:30 : Player #4 Turmoil (88.89.200.214:2304) connected
﻿17:30:31 : Player #4 Turmoil - GUID: 078d3175e22fad797d9a152aaaa83806 (unverified)
﻿17:30:31 : Verified GUID (078d3175e22fad797d9a152aaaa83806) of player #4 Turmoil
﻿17:30:31 : Player #4 Turmoil disconnected
﻿17:30:37 : Player #4 Turmoil (88.89.200.214:2304) connected
﻿17:30:38 : Player #4 Turmoil - GUID: 078d3175e22fad797d9a152aaaa83806 (unverified)
﻿17:30:39 : Verified GUID (078d3175e22fad797d9a152aaaa83806) of player #4 Turmoil
﻿17:30:39 : Player #4 Turmoil disconnected
﻿17:37:53 : Player #4 Turmoil (88.89.200.214:2304) connected
﻿17:37:54 : Player #4 Turmoil - GUID: 078d3175e22fad797d9a152aaaa83806 (unverified)
﻿17:37:54 : Verified GUID (078d3175e22fad797d9a152aaaa83806) of player #4 Turmoil
﻿17:37:55 : Player #4 Turmoil - Legacy GUID: 153330a3c1eb9ccf7092e322ab07ebb0
﻿17:38:28 : Player #4 Turmoil disconnected
﻿17:42:49 : RCon admin #1: (Global) BASES MUST BE MAINTAINED VIA THE PLOT POLE EVERY 7 DAYS!!
﻿17:45:10 : Player #4 Turmoil (88.89.200.214:2304) connected
﻿17:45:11 : Player #4 Turmoil - GUID: 078d3175e22fad797d9a152aaaa83806 (unverified)
﻿17:45:12 : Verified GUID (078d3175e22fad797d9a152aaaa83806) of player #4 Turmoil
﻿17:45:12 : Player #4 Turmoil - Legacy GUID: 153330a3c1eb9ccf7092e322ab07ebb0
﻿17:45:53 : Player #4 Turmoil disconnected
﻿17:47:48 : RCon admin #1: (Global) Vehicles left in trader zones at restarts will be moved to the vehicle pound and unlocked
﻿17:48:43 : Player #4 Celgene (95.90.195.83:26878) connected
﻿17:48:44 : Player #4 Celgene - GUID: 39455b1b51857ebbbafd1ded118cada8 (unverified)
﻿17:48:44 : Verified GUID (39455b1b51857ebbbafd1ded118cada8) of player #4 Celgene
﻿17:48:45 : Player #4 Celgene - Legacy GUID: 6f26869726da6714183d9936d9dd0209
﻿17:49:25 : Player #6 Turmoil (88.89.200.214:2304) connected
﻿17:49:26 : Player #6 Turmoil - GUID: 078d3175e22fad797d9a152aaaa83806 (unverified)
﻿17:49:26 : Verified GUID (078d3175e22fad797d9a152aaaa83806) of player #6 Turmoil
﻿17:49:27 : Player #6 Turmoil - Legacy GUID: 153330a3c1eb9ccf7092e322ab07ebb0
﻿17:50:09 : Player #6 Turmoil disconnected
﻿17:52:21 : Player #6 Din (94.45.220.12:5302) connected
﻿17:52:22 : Player #6 Din - GUID: 2f0d9ea96a1a2bec9e6677bab333ae7c (unverified)
﻿17:52:22 : Verified GUID (2f0d9ea96a1a2bec9e6677bab333ae7c) of player #6 Din
﻿17:52:23 : Player #6 Din - Legacy GUID: 3acfc2c50ff4722c17c085a5287e6999
﻿17:52:30 : Player #7 Turmoil (88.89.200.214:2304) connected
﻿17:52:31 : Player #7 Turmoil - GUID: 078d3175e22fad797d9a152aaaa83806 (unverified)
﻿17:52:31 : Verified GUID (078d3175e22fad797d9a152aaaa83806) of player #7 Turmoil
﻿17:52:32 : Player #7 Turmoil disconnected
﻿17:52:34 : Player #0 <eXp> CziQita disconnected
﻿17:52:39 : Player #5 <eXp> RafcioZG disconnected
﻿17:53:48 : RCon admin #1: (Global) Server will restart in 10 minutes
﻿17:58:49 : RCon admin #1: (Global) Admins: LWB, Sierra and Turmoil
﻿17:58:49 : RCon admin #1: (Global) Server will restart in 5 minutes: Prepare to Logout
﻿18:01:48 : RCon admin #1: (Global) The Server is about to restart. LOG OUT NOW OR YOUR GEAR MAY BE LOST!!
﻿18:02:30 : Player #4 Celgene disconnected
﻿18:03:18 : RCon admin #1: (Global) YOU SHOULD BE LOGGED OUT BY NOW! IF YOU ARENT YOU WILL BE AUTO KICKED AND YOUR GEAR MAY BE LOST! NO REFUNDS!
﻿18:05:14 : Rcon client logging in
﻿18:05:14 : RCon admin #2 (78.31.67.100:53576) logged in
﻿18:05:34 : Player #1 LWB [SD] (86.131.103.232:1024) connected
﻿18:05:35 : Player #1 LWB [SD] - GUID: bc07c7c39c76cf95a7a434d686d9df66 (unverified)
﻿18:05:36 : Verified GUID (bc07c7c39c76cf95a7a434d686d9df66) of player #1 LWB [SD]
﻿18:05:36 : Player #1 LWB [SD] - Legacy GUID: 977383e15b6c706cac44ca953ba440c7
﻿18:05:41 : Player #1 LWB [SD] disconnected
﻿18:05:57 : Player #1 Din (94.45.220.12:5302) connected
﻿18:05:58 : Player #1 Din - GUID: 2f0d9ea96a1a2bec9e6677bab333ae7c (unverified)
﻿18:05:58 : Verified GUID (2f0d9ea96a1a2bec9e6677bab333ae7c) of player #1 Din
﻿18:05:59 : Player #1 Din - Legacy GUID: 3acfc2c50ff4722c17c085a5287e6999
﻿18:06:14 : Player #2 Thijs (89.98.196.221:5302) connected
﻿18:06:15 : Player #2 Thijs - GUID: ae66cc594c2ba42bc401a5c3181c11ad (unverified)
﻿18:06:15 : Verified GUID (ae66cc594c2ba42bc401a5c3181c11ad) of player #2 Thijs
﻿18:06:16 : Player #2 Thijs - Legacy GUID: 6381a799c1b7d34b4863411eedcbc6ae
﻿18:07:18 : Player #3 <eXp> RafcioZG (89.67.63.218:5302) connected
﻿18:07:20 : Player #3 <eXp> RafcioZG - GUID: 02ed733403835a8a8517265415d84023 (unverified)
﻿18:07:20 : Verified GUID (02ed733403835a8a8517265415d84023) of player #3 <eXp> RafcioZG
﻿18:07:21 : Player #3 <eXp> RafcioZG - Legacy GUID: c9c653dd820194488bd099e2b5e7f454
﻿18:12:10 : Player #4 <eXp> CziQita (85.202.152.128:5302) connected
﻿18:12:11 : Player #4 <eXp> CziQita - GUID: 032d6e70df3d067624c52f7be2b9f7a4 (unverified)
﻿18:12:11 : Verified GUID (032d6e70df3d067624c52f7be2b9f7a4) of player #4 <eXp> CziQita
﻿18:12:12 : Player #4 <eXp> CziQita - Legacy GUID: 5fe66ce3f47a21b2db2c180c820374dd
﻿18:12:36 : Player #5 Celgene (95.90.195.83:26876) connected
﻿18:12:37 : Player #5 Celgene - GUID: 39455b1b51857ebbbafd1ded118cada8 (unverified)
﻿18:12:38 : Verified GUID (39455b1b51857ebbbafd1ded118cada8) of player #5 Celgene
﻿18:12:38 : Player #5 Celgene - Legacy GUID: 6f26869726da6714183d9936d9dd0209
﻿18:19:15 : RCon admin #2: (Global) Vehicles left in trader zones at restarts will be moved to the vehicle pound and unlocked
﻿18:29:57 : Player #6 [ABW] PCTuch (88.104.2.35:5302) connected
﻿18:29:59 : Player #6 [ABW] PCTuch - GUID: 7028c7e5e5a3da7107bc6a5c5efcc195 (unverified)
﻿18:29:59 : Verified GUID (7028c7e5e5a3da7107bc6a5c5efcc195) of player #6 [ABW] PCTuch
﻿18:29:59 : Player #6 [ABW] PCTuch - Legacy GUID: 5cf76a5d651032153ca15160a543e83b
﻿18:30:15 : RCon admin #2: (Global) Admins: LWB, Sierra and Turmoil
﻿18:42:32 : Player #7 schovB (77.215.177.173:60199) connected
﻿18:42:33 : Player #7 schovB - GUID: 80ea73a20162e3623af9894ace59e2b1 (unverified)
﻿18:42:33 : Verified GUID (80ea73a20162e3623af9894ace59e2b1) of player #7 schovB
﻿18:42:34 : Player #7 schovB - Legacy GUID: 304d62cc1c4ff732fee488fa9116438f
﻿18:42:53 : Player #6 [ABW] PCTuch disconnected
﻿18:44:15 : RCon admin #2: (Global) BASES MUST BE MAINTAINED VIA THE PLOT POLE EVERY 7 DAYS!!
﻿18:49:15 : RCon admin #2: (Global) Vehicles left in trader zones at restarts will be moved to the vehicle pound and unlocked
﻿18:49:55 : Player #6 Cateyes (93.205.146.145:5302) connected
﻿18:49:56 : Player #6 Cateyes - GUID: ecaee39fc9d0981e668f6b4fb61515d3 (unverified)
﻿18:49:57 : Player #6 Cateyes disconnected
﻿18:57:53 : Player #2 Thijs disconnected
﻿18:58:51 : Player #0 Twanyboy disconnected
﻿19:00:15 : RCon admin #2: (Global) Admins: LWB, Sierra and Turmoil
﻿19:00:35 : Player #0 Cateyes (93.205.146.145:5302) connected
﻿19:00:36 : Player #0 Cateyes - GUID: ecaee39fc9d0981e668f6b4fb61515d3 (unverified)
﻿19:00:37 : Verified GUID (ecaee39fc9d0981e668f6b4fb61515d3) of player #0 Cateyes
﻿19:00:37 : Player #0 Cateyes - Legacy GUID: af6099fb01f41c7bb6d21a9546a0e556
﻿19:00:42 : Player #0 Cateyes disconnected
﻿19:05:28 : Player #7 schovB disconnected
﻿19:14:15 : RCon admin #2: (Global) BASES MUST BE MAINTAINED VIA THE PLOT POLE EVERY 7 DAYS!!
﻿19:16:33 : Player #0 Rocket (37.190.37.10:8950) connected
﻿19:16:35 : Player #0 Rocket - GUID: 7c8247ea4e0eb767bcdc0c99ed2d00f3 (unverified)
﻿19:16:36 : Verified GUID (7c8247ea4e0eb767bcdc0c99ed2d00f3) of player #0 Rocket
﻿19:16:37 : Player #0 Rocket - Legacy GUID: 7d4e0a95d1bbefedfa38fedaad9e6c5b
﻿19:16:37 : Player #0 Rocket disconnected
﻿19:19:15 : RCon admin #2: (Global) Vehicles left in trader zones at restarts will be moved to the vehicle pound and unlocked
﻿19:19:31 : Player #0 Rocket (37.190.37.10:8950) connected
﻿19:19:32 : Player #0 Rocket - GUID: 7c8247ea4e0eb767bcdc0c99ed2d00f3 (unverified)
﻿19:19:33 : Verified GUID (7c8247ea4e0eb767bcdc0c99ed2d00f3) of player #0 Rocket
﻿19:19:33 : Player #0 Rocket - Legacy GUID: 7d4e0a95d1bbefedfa38fedaad9e6c5b
﻿19:19:34 : Player #0 Rocket disconnected
﻿19:19:40 : Player #0 Levi (90.205.35.64:5302) connected
﻿19:19:41 : Player #0 Levi - GUID: 48fa71c598da97a5a50d7ea718ccb69d (unverified)
﻿19:19:42 : Verified GUID (48fa71c598da97a5a50d7ea718ccb69d) of player #0 Levi
﻿19:19:42 : Player #0 Levi - Legacy GUID: dc13359b1743c81aa7bae955da0896c9
﻿19:19:44 : Player #2 Pablo Fibonacci (93.192.217.56:5302) connected
﻿19:19:44 : Player #0 Levi disconnected
﻿19:19:45 : Player #2 Pablo Fibonacci - GUID: 232eed7ccfeebd2feb04e52e5d1259cd (unverified)
﻿19:19:46 : Verified GUID (232eed7ccfeebd2feb04e52e5d1259cd) of player #2 Pablo Fibonacci
﻿19:19:46 : Player #2 Pablo Fibonacci - Legacy GUID: 5af4fa4a7643aa8a660eabadd9cb177b
﻿19:19:50 : Player #2 Pablo Fibonacci disconnected
﻿19:20:32 : Player #0 <eXp> Gruby (217.99.138.192:5302) connected
﻿19:20:33 : Player #0 <eXp> Gruby - GUID: 7f82c53f48899ff2fd5b9489f8d17fb8 (unverified)
﻿19:20:33 : Verified GUID (7f82c53f48899ff2fd5b9489f8d17fb8) of player #0 <eXp> Gruby
﻿19:20:34 : Player #0 <eXp> Gruby - Legacy GUID: 61f8d59b40d145e9e0934b15ea495703
﻿19:22:59 : Player #2 Rocket (37.190.37.10:8950) connected
﻿19:23:00 : Player #2 Rocket - GUID: 7c8247ea4e0eb767bcdc0c99ed2d00f3 (unverified)
﻿19:23:01 : Player #2 Rocket - Legacy GUID: 7d4e0a95d1bbefedfa38fedaad9e6c5b
﻿19:23:01 : Verified GUID (7c8247ea4e0eb767bcdc0c99ed2d00f3) of player #2 Rocket
﻿19:23:59 : Player #6 Levi (90.205.35.64:5302) connected
﻿19:24:02 : Player #6 Levi - GUID: 48fa71c598da97a5a50d7ea718ccb69d (unverified)
﻿19:24:02 : Verified GUID (48fa71c598da97a5a50d7ea718ccb69d) of player #6 Levi
﻿19:24:03 : Player #6 Levi - Legacy GUID: dc13359b1743c81aa7bae955da0896c9
﻿19:27:50 : Player #7 LWB [SD] (86.131.103.232:1024) connected
﻿19:27:51 : Player #7 LWB [SD] - GUID: bc07c7c39c76cf95a7a434d686d9df66 (unverified)
﻿19:27:52 : Verified GUID (bc07c7c39c76cf95a7a434d686d9df66) of player #7 LWB [SD]
﻿19:27:52 : Player #7 LWB [SD] - Legacy GUID: 977383e15b6c706cac44ca953ba440c7
﻿19:30:15 : RCon admin #2: (Global) Admins: LWB, Sierra and Turmoil
﻿19:32:23 : Player #8 All Apologies (82.155.131.2:56068) connected
﻿19:32:24 : Player #8 All Apologies - GUID: 71a0eeef0b3ec16e63ea1f5007534739 (unverified)
﻿19:32:25 : Verified GUID (71a0eeef0b3ec16e63ea1f5007534739) of player #8 All Apologies
﻿19:32:25 : Player #8 All Apologies - Legacy GUID: 116dd95a8ac8e682fa6182d92a101411
﻿19:44:15 : RCon admin #2: (Global) BASES MUST BE MAINTAINED VIA THE PLOT POLE EVERY 7 DAYS!!
﻿19:49:15 : RCon admin #2: (Global) Vehicles left in trader zones at restarts will be moved to the vehicle pound and unlocked
﻿19:56:33 : Player #8 All Apologies disconnected
﻿19:58:30 : Player #8 SEN ONE (99.109.93.28:5302) connected
﻿19:58:32 : Player #8 SEN ONE - GUID: e2ff22d2684d500cb28117a914a3e614 (unverified)
﻿19:58:33 : Verified GUID (e2ff22d2684d500cb28117a914a3e614) of player #8 SEN ONE
﻿19:58:34 : Player #8 SEN ONE - Legacy GUID: ea9613e4e7f55895ce807e57e548c240
﻿20:00:15 : RCon admin #2: (Global) Admins: LWB, Sierra and Turmoil
﻿20:04:12 : Player #6 Levi disconnected
﻿20:12:06 : RCon admin #3 (86.131.103.232:63032) logged in
﻿20:14:15 : RCon admin #2: (Global) BASES MUST BE MAINTAINED VIA THE PLOT POLE EVERY 7 DAYS!!
﻿20:15:42 : Player #8 SEN ONE disconnected
﻿20:19:15 : RCon admin #2: (Global) Vehicles left in trader zones at restarts will be moved to the vehicle pound and unlocked
﻿20:21:20 : Player #5 Celgene disconnected
﻿20:25:15 : RCon admin #2: (Global) Server will restart in 10 minutes
﻿20:27:28 : Player #5 M1A2 Tusk (80.142.239.78:5302) connected
﻿20:27:30 : Player #5 M1A2 Tusk - GUID: 9230b0bf2d0f76e844f0639bd2a4bbbc (unverified)
﻿20:27:30 : Player #5 M1A2 Tusk - Legacy GUID: 3f823ca9812c3304876f3774c3080005
﻿20:27:30 : Verified GUID (9230b0bf2d0f76e844f0639bd2a4bbbc) of player #5 M1A2 Tusk
﻿20:27:36 : Player #5 M1A2 Tusk disconnected
﻿20:28:32 : Player #4 <eXp> CziQita disconnected
﻿20:29:57 : Player #2 Rocket disconnected
﻿20:30:15 : RCon admin #2: (Global) Admins: LWB, Sierra and Turmoil
﻿20:30:15 : RCon admin #2: (Global) Server will restart in 5 minutes: Prepare to Logout
﻿20:31:34 : Player #3 <eXp> RafcioZG disconnected
﻿20:31:35 : Player #0 <eXp> Gruby disconnected
﻿20:32:06 : Player #0 MasteR (91.229.216.11:60776) connected
﻿20:32:07 : Player #2 CherryBomb (86.131.103.232:1025) connected
﻿20:32:07 : Player #0 MasteR - GUID: 4952cd60f39b427a93e3f361e19db409 (unverified)
﻿20:32:07 : Verified GUID (4952cd60f39b427a93e3f361e19db409) of player #0 MasteR
﻿20:32:08 : Player #0 MasteR - Legacy GUID: d676912f0152a244ae12f8dccc43d03c
﻿20:32:08 : Player #2 CherryBomb - GUID: d5a7a204223d483926d292f4255aa428 (unverified)
﻿20:32:09 : Verified GUID (d5a7a204223d483926d292f4255aa428) of player #2 CherryBomb
﻿20:32:09 : Player #0 MasteR disconnected
﻿20:32:09 : Player #2 CherryBomb - Legacy GUID: 81e5f276acb3bd8401df80e28c6291a7
﻿20:32:11 : Player #1 Din disconnected
﻿20:33:15 : RCon admin #2: (Global) The Server is about to restart. LOG OUT NOW OR YOUR GEAR MAY BE LOST!!
﻿20:33:58 : Player #2 CherryBomb disconnected
﻿20:34:17 : Lost Connection!
﻿20:34:17 : Closing socket & exiting!
﻿20:35:00 : Rcon client logging in
﻿20:35:00 : RCon admin #3 (78.31.67.100:54944) logged in
﻿20:37:28 : Player #0 Smoke (217.80.103.14:5302) connected
﻿20:37:29 : Player #0 Smoke - GUID: 2a1cb42e3a838f9c3b45e940649ca351 (unverified)
﻿20:37:30 : Verified GUID (2a1cb42e3a838f9c3b45e940649ca351) of player #0 Smoke
﻿20:37:30 : Player #0 Smoke - Legacy GUID: 95575ff949fddf6ccd0f544a38d814a0
﻿20:37:38 : Player #0 Smoke disconnected
﻿20:45:42 : Player #0 LWB [SD] (86.131.103.232:1024) connected
﻿20:45:43 : Player #0 LWB [SD] - GUID: bc07c7c39c76cf95a7a434d686d9df66 (unverified)
﻿20:45:43 : Verified GUID (bc07c7c39c76cf95a7a434d686d9df66) of player #0 LWB [SD]
﻿20:45:43 : Player #0 LWB [SD] - Legacy GUID: 977383e15b6c706cac44ca953ba440c7
﻿20:49:00 : RCon admin #3: (Global) Vehicles left in trader zones at restarts will be moved to the vehicle pound and unlocked
﻿21:00:00 : RCon admin #3: (Global) Admins: LWB, Sierra and Turmoil
﻿21:04:30 : Player #1 SEN ONE (99.109.93.28:5302) connected
﻿21:04:32 : Player #1 SEN ONE - GUID: e2ff22d2684d500cb28117a914a3e614 (unverified)
﻿21:04:32 : Verified GUID (e2ff22d2684d500cb28117a914a3e614) of player #1 SEN ONE
﻿21:04:32 : Player #1 SEN ONE - Legacy GUID: ea9613e4e7f55895ce807e57e548c240
﻿21:14:00 : RCon admin #3: (Global) BASES MUST BE MAINTAINED VIA THE PLOT POLE EVERY 7 DAYS!!
﻿21:19:00 : RCon admin #3: (Global) Vehicles left in trader zones at restarts will be moved to the vehicle pound and unlocked
﻿21:28:54 : Player #2 Deez Nuts (86.189.197.150:5302) connected
﻿21:28:56 : Player #2 Deez Nuts - GUID: ec3141a492abd06c89b1eb055bcbd325 (unverified)
﻿21:28:56 : Verified GUID (ec3141a492abd06c89b1eb055bcbd325) of player #2 Deez Nuts
﻿21:28:57 : Player #2 Deez Nuts - Legacy GUID: 3ae910caffae6cbb2c1dbd2a38ac644f
﻿21:30:00 : RCon admin #3: (Global) Admins: LWB, Sierra and Turmoil
﻿21:38:33 : Player #2 Deez Nuts disconnected
﻿21:44:00 : RCon admin #3: (Global) BASES MUST BE MAINTAINED VIA THE PLOT POLE EVERY 7 DAYS!!
﻿21:49:00 : RCon admin #3: (Global) Vehicles left in trader zones at restarts will be moved to the vehicle pound and unlocked
﻿21:49:47 : Player #2 CHICA (177.86.53.125:5302) connected
﻿21:49:48 : Player #2 CHICA - GUID: 1fd5980c589aa4442abb3df07e3c67ad (unverified)
﻿21:49:49 : Verified GUID (1fd5980c589aa4442abb3df07e3c67ad) of player #2 CHICA
﻿21:49:49 : Player #2 CHICA - Legacy GUID: 3735b46be0612a9b74cb7e5cdfc346c0
﻿21:49:50 : Player #2 CHICA disconnected
﻿21:55:40 : Player #1 SEN ONE disconnected
﻿21:57:45 : Player #1 HP Customer (75.136.175.242:5302) connected
﻿21:57:47 : Player #1 HP Customer - GUID: d4cd570023853689795ba4db0c1508eb (unverified)
﻿21:57:47 : Verified GUID (d4cd570023853689795ba4db0c1508eb) of player #1 HP Customer
﻿21:57:48 : Player #1 HP Customer - Legacy GUID: e4f67690cba31759892734a9f9bdae5b
﻿21:58:31 : Player #1 HP Customer (d4cd570023853689795ba4db0c1508eb) has been kicked by BattlEye: Ping too high (594)
﻿21:59:51 : Player #1 MJGreat (176.253.188.35:5302) connected
﻿21:59:52 : Player #1 MJGreat - GUID: 6a053eba8ef547f7ed6f90d6aaa0fb87 (unverified)
﻿21:59:52 : Verified GUID (6a053eba8ef547f7ed6f90d6aaa0fb87) of player #1 MJGreat
﻿21:59:53 : Player #1 MJGreat - Legacy GUID: 6a9dae4e936caa7786a48d159a4f8dae
﻿22:00:00 : RCon admin #3: (Global) Admins: LWB, Sierra and Turmoil
﻿22:05:36 : Player #1 MJGreat disconnected
﻿22:08:07 : RCon admin #4 (88.89.200.214:52727) logged in
﻿22:13:26 : RCon admin #5 (86.131.103.232:64163) logged in
﻿22:14:00 : RCon admin #3: (Global) BASES MUST BE MAINTAINED VIA THE PLOT POLE EVERY 7 DAYS!!
﻿22:19:00 : RCon admin #3: (Global) Vehicles left in trader zones at restarts will be moved to the vehicle pound and unlocked
﻿22:28:12 : Player #1 HP Customer (75.136.175.242:5302) connected
﻿22:28:13 : Player #1 HP Customer - GUID: d4cd570023853689795ba4db0c1508eb (unverified)
﻿22:28:14 : Verified GUID (d4cd570023853689795ba4db0c1508eb) of player #1 HP Customer
﻿22:28:14 : Player #1 HP Customer - Legacy GUID: e4f67690cba31759892734a9f9bdae5b
﻿22:30:00 : RCon admin #3: (Global) Admins: LWB, Sierra and Turmoil
﻿22:33:02 : Player #0 LWB [SD] disconnected
﻿22:33:27 : Player #1 HP Customer disconnected
﻿22:44:00 : RCon admin #3: (Global) BASES MUST BE MAINTAINED VIA THE PLOT POLE EVERY 7 DAYS!!
﻿22:49:00 : RCon admin #3: (Global) Vehicles left in trader zones at restarts will be moved to the vehicle pound and unlocked
﻿22:55:00 : RCon admin #3: (Global) Server will restart in 10 minutes
﻿23:00:00 : RCon admin #3: (Global) Admins: LWB, Sierra and Turmoil
﻿23:00:01 : RCon admin #3: (Global) Server will restart in 5 minutes: Prepare to Logout
﻿23:01:21 : Player #0 admin (83.76.162.175:5302) connected
﻿23:01:22 : Player #0 admin - GUID: 282b9555cc1fe752ef03a748b36e19e8 (unverified)
﻿23:02:17 : No Valid response. Trying to reconnect.!
﻿23:02:17 : Rcon client logging in
﻿23:02:17 : RCon admin #0 (78.31.67.100:54944) logged in
﻿23:03:00 : RCon admin #0: (Global) The Server is about to restart. LOG OUT NOW OR YOUR GEAR MAY BE LOST!!
﻿23:04:30 : RCon admin #0: (Global) YOU SHOULD BE LOGGED OUT BY NOW! IF YOU ARENT YOU WILL BE AUTO KICKED AND YOUR GEAR MAY BE LOST! NO REFUNDS!
﻿23:05:34 : Rcon client logging in
﻿23:05:34 : RCon admin #4 (78.31.67.100:56371) logged in
﻿23:06:08 : Player #0 Hassani El Sayed (83.76.162.175:5302) connected
﻿23:06:09 : Player #0 Hassani El Sayed - GUID: 282b9555cc1fe752ef03a748b36e19e8 (unverified)
﻿23:06:10 : Verified GUID (282b9555cc1fe752ef03a748b36e19e8) of player #0 Hassani El Sayed
﻿23:06:10 : Player #0 Hassani El Sayed - Legacy GUID: 556e70d550e2dd050d70eaec0baefe40
﻿23:11:42 : Player #1 Gol1aTh (212.4.93.133:2344) connected
﻿23:11:43 : Player #1 Gol1aTh - GUID: 67ac50800e9abebbf131bb15c17aba2b (unverified)
﻿23:11:44 : Verified GUID (67ac50800e9abebbf131bb15c17aba2b) of player #1 Gol1aTh
﻿23:11:44 : Player #1 Gol1aTh - Legacy GUID: be1c53760f71a8ed6915d36ef1a3a7b5
﻿23:12:40 : Player #1 Gol1aTh disconnected
﻿23:19:35 : RCon admin #4: (Global) Vehicles left in trader zones at restarts will be moved to the vehicle pound and unlocked
﻿23:30:35 : RCon admin #4: (Global) Admins: LWB, Sierra and Turmoil
﻿23:33:12 : Player #1 Corpulio (92.249.248.39:5302) connected
﻿23:33:13 : Player #1 Corpulio - GUID: 26ce0825f05a7f7e134077cc5055695b (unverified)
﻿23:33:13 : Verified GUID (26ce0825f05a7f7e134077cc5055695b) of player #1 Corpulio
﻿23:33:14 : Player #1 Corpulio - Legacy GUID: 787addd7810576155b3b1c4e9b72889e
﻿23:38:41 : Player #1 Corpulio disconnected
﻿23:40:02 : RCon admin #0: (Global) Turmoil: Hello, everything ok on here? :)
﻿23:44:35 : RCon admin #4: (Global) BASES MUST BE MAINTAINED VIA THE PLOT POLE EVERY 7 DAYS!!
﻿23:49:35 : RCon admin #4: (Global) Vehicles left in trader zones at restarts will be moved to the vehicle pound and unlocked
﻿23:59:37 : Player #0 Hassani El Sayed (282b9555cc1fe752ef03a748b36e19e8) has been kicked by BattlEye: Client not responding
