00:00:03 : Player #0 Hassani El Sayed (83.76.162.175:5302) connected
﻿00:00:04 : Player #0 Hassani El Sayed - GUID: 282b9555cc1fe752ef03a748b36e19e8 (unverified)
﻿00:00:04 : Verified GUID (282b9555cc1fe752ef03a748b36e19e8) of player #0 Hassani El Sayed
﻿00:00:05 : Player #0 Hassani El Sayed - Legacy GUID: 556e70d550e2dd050d70eaec0baefe40
﻿00:00:35 : RCon admin #4: (Global) Admins: LWB, Sierra and Turmoil
﻿00:14:35 : RCon admin #4: (Global) BASES MUST BE MAINTAINED VIA THE PLOT POLE EVERY 7 DAYS!!
﻿00:19:35 : RCon admin #4: (Global) Vehicles left in trader zones at restarts will be moved to the vehicle pound and unlocked
﻿00:22:22 : Player #0 Hassani El Sayed disconnected
﻿00:30:35 : RCon admin #4: (Global) Admins: LWB, Sierra and Turmoil
﻿00:44:35 : RCon admin #4: (Global) BASES MUST BE MAINTAINED VIA THE PLOT POLE EVERY 7 DAYS!!
﻿00:44:35 : Player #0 biggdaddy (46.231.15.151:5302) connected
﻿00:44:36 : Player #0 biggdaddy - GUID: 8b1b8ac5793a21c8ddef44150711f146 (unverified)
﻿00:44:37 : Player #0 biggdaddy - Legacy GUID: ca762f459e18baa17ded777cec3a72cc
﻿00:44:51 : Player #0 biggdaddy disconnected
﻿00:49:35 : RCon admin #4: (Global) Vehicles left in trader zones at restarts will be moved to the vehicle pound and unlocked
﻿01:00:35 : RCon admin #4: (Global) Admins: LWB, Sierra and Turmoil
﻿01:14:35 : RCon admin #4: (Global) BASES MUST BE MAINTAINED VIA THE PLOT POLE EVERY 7 DAYS!!
﻿01:19:35 : RCon admin #4: (Global) Vehicles left in trader zones at restarts will be moved to the vehicle pound and unlocked
﻿01:25:35 : RCon admin #4: (Global) Server will restart in 10 minutes
﻿01:30:35 : RCon admin #4: (Global) Admins: LWB, Sierra and Turmoil
﻿01:30:35 : RCon admin #4: (Global) Server will restart in 5 minutes: Prepare to Logout
﻿01:33:35 : RCon admin #4: (Global) The Server is about to restart. LOG OUT NOW OR YOUR GEAR MAY BE LOST!!
﻿01:35:05 : RCon admin #4: (Global) YOU SHOULD BE LOGGED OUT BY NOW! IF YOU ARENT YOU WILL BE AUTO KICKED AND YOUR GEAR MAY BE LOST! NO REFUNDS!
﻿01:36:08 : Rcon client logging in
﻿01:36:08 : RCon admin #3 (78.31.67.100:56913) logged in
﻿01:50:09 : RCon admin #3: (Global) Vehicles left in trader zones at restarts will be moved to the vehicle pound and unlocked
﻿02:01:09 : RCon admin #3: (Global) Admins: LWB, Sierra and Turmoil
﻿02:15:09 : RCon admin #3: (Global) BASES MUST BE MAINTAINED VIA THE PLOT POLE EVERY 7 DAYS!!
﻿02:20:09 : RCon admin #3: (Global) Vehicles left in trader zones at restarts will be moved to the vehicle pound and unlocked
﻿02:28:59 : Player #0 Miwka (95.25.108.223:5302) connected
﻿02:29:00 : Player #0 Miwka - GUID: e3d372f0f350dbfe983b5cb609846dd2 (unverified)
﻿02:29:00 : Verified GUID (e3d372f0f350dbfe983b5cb609846dd2) of player #0 Miwka
﻿02:29:01 : Player #0 Miwka - Legacy GUID: b68d65f500975d9307e0f35cd3f849ad
﻿02:31:09 : RCon admin #3: (Global) Admins: LWB, Sierra and Turmoil
﻿02:35:08 : Player #0 Miwka disconnected
﻿02:45:09 : RCon admin #3: (Global) BASES MUST BE MAINTAINED VIA THE PLOT POLE EVERY 7 DAYS!!
﻿02:50:09 : RCon admin #3: (Global) Vehicles left in trader zones at restarts will be moved to the vehicle pound and unlocked
﻿03:01:09 : RCon admin #3: (Global) Admins: LWB, Sierra and Turmoil
﻿03:07:22 : Player #0 SEN ONE (99.109.93.28:5302) connected
﻿03:07:24 : Player #0 SEN ONE - GUID: e2ff22d2684d500cb28117a914a3e614 (unverified)
﻿03:07:24 : Verified GUID (e2ff22d2684d500cb28117a914a3e614) of player #0 SEN ONE
﻿03:07:26 : Player #0 SEN ONE - Legacy GUID: ea9613e4e7f55895ce807e57e548c240
﻿03:12:26 : Player #0 SEN ONE disconnected
﻿03:15:09 : RCon admin #3: (Global) BASES MUST BE MAINTAINED VIA THE PLOT POLE EVERY 7 DAYS!!
﻿03:20:09 : RCon admin #3: (Global) Vehicles left in trader zones at restarts will be moved to the vehicle pound and unlocked
﻿03:31:09 : RCon admin #3: (Global) Admins: LWB, Sierra and Turmoil
﻿03:45:09 : RCon admin #3: (Global) BASES MUST BE MAINTAINED VIA THE PLOT POLE EVERY 7 DAYS!!
﻿03:50:09 : RCon admin #3: (Global) Vehicles left in trader zones at restarts will be moved to the vehicle pound and unlocked
﻿03:56:09 : RCon admin #3: (Global) Server will restart in 10 minutes
﻿04:01:09 : RCon admin #3: (Global) Admins: LWB, Sierra and Turmoil
﻿04:01:09 : RCon admin #3: (Global) Server will restart in 5 minutes: Prepare to Logout
﻿04:04:09 : RCon admin #3: (Global) The Server is about to restart. LOG OUT NOW OR YOUR GEAR MAY BE LOST!!
﻿04:05:39 : RCon admin #3: (Global) YOU SHOULD BE LOGGED OUT BY NOW! IF YOU ARENT YOU WILL BE AUTO KICKED AND YOUR GEAR MAY BE LOST! NO REFUNDS!
﻿04:06:42 : Rcon client logging in
﻿04:06:42 : RCon admin #3 (78.31.67.100:63225) logged in
﻿04:20:43 : RCon admin #3: (Global) Vehicles left in trader zones at restarts will be moved to the vehicle pound and unlocked
﻿04:31:43 : RCon admin #3: (Global) Admins: LWB, Sierra and Turmoil
﻿04:45:43 : RCon admin #3: (Global) BASES MUST BE MAINTAINED VIA THE PLOT POLE EVERY 7 DAYS!!
﻿04:50:43 : RCon admin #3: (Global) Vehicles left in trader zones at restarts will be moved to the vehicle pound and unlocked
﻿05:01:43 : RCon admin #3: (Global) Admins: LWB, Sierra and Turmoil
﻿05:15:43 : RCon admin #3: (Global) BASES MUST BE MAINTAINED VIA THE PLOT POLE EVERY 7 DAYS!!
﻿05:20:43 : RCon admin #3: (Global) Vehicles left in trader zones at restarts will be moved to the vehicle pound and unlocked
﻿05:31:43 : RCon admin #3: (Global) Admins: LWB, Sierra and Turmoil
﻿05:45:43 : RCon admin #3: (Global) BASES MUST BE MAINTAINED VIA THE PLOT POLE EVERY 7 DAYS!!
﻿05:50:43 : RCon admin #3: (Global) Vehicles left in trader zones at restarts will be moved to the vehicle pound and unlocked
﻿06:01:43 : RCon admin #3: (Global) Admins: LWB, Sierra and Turmoil
﻿06:04:48 : Player #0 Gary Rogers (199.189.131.137:5302) connected
﻿06:04:49 : Player #0 Gary Rogers - GUID: 59be7494270b407cfdd556abb176d0d2 (unverified)
﻿06:04:49 : Verified GUID (59be7494270b407cfdd556abb176d0d2) of player #0 Gary Rogers
﻿06:04:50 : Player #0 Gary Rogers - Legacy GUID: e6d613986e273bab86843e9aa955ff89
﻿06:13:15 : Player #0 Gary Rogers disconnected
﻿06:15:43 : RCon admin #3: (Global) BASES MUST BE MAINTAINED VIA THE PLOT POLE EVERY 7 DAYS!!
﻿06:17:26 : RCon admin #4 (86.131.103.232:52333) logged in
﻿06:17:46 : RCon admin #2 (86.131.103.232:49320) logged in
﻿06:20:43 : RCon admin #3: (Global) Vehicles left in trader zones at restarts will be moved to the vehicle pound and unlocked
﻿06:26:43 : RCon admin #3: (Global) Server will restart in 10 minutes
﻿06:31:43 : RCon admin #3: (Global) Admins: LWB, Sierra and Turmoil
﻿06:31:43 : RCon admin #3: (Global) Server will restart in 5 minutes: Prepare to Logout
﻿06:34:43 : RCon admin #3: (Global) The Server is about to restart. LOG OUT NOW OR YOUR GEAR MAY BE LOST!!
﻿06:36:13 : RCon admin #3: (Global) YOU SHOULD BE LOGGED OUT BY NOW! IF YOU ARENT YOU WILL BE AUTO KICKED AND YOUR GEAR MAY BE LOST! NO REFUNDS!
﻿06:37:16 : Rcon client logging in
﻿06:37:16 : RCon admin #3 (78.31.67.100:56027) logged in
﻿06:51:17 : RCon admin #3: (Global) Vehicles left in trader zones at restarts will be moved to the vehicle pound and unlocked
﻿07:02:17 : RCon admin #3: (Global) Admins: LWB, Sierra and Turmoil
﻿07:16:17 : RCon admin #3: (Global) BASES MUST BE MAINTAINED VIA THE PLOT POLE EVERY 7 DAYS!!
﻿07:21:17 : RCon admin #3: (Global) Vehicles left in trader zones at restarts will be moved to the vehicle pound and unlocked
﻿07:32:17 : RCon admin #3: (Global) Admins: LWB, Sierra and Turmoil
﻿07:46:17 : RCon admin #3: (Global) BASES MUST BE MAINTAINED VIA THE PLOT POLE EVERY 7 DAYS!!
﻿07:51:17 : RCon admin #3: (Global) Vehicles left in trader zones at restarts will be moved to the vehicle pound and unlocked
﻿08:02:17 : RCon admin #3: (Global) Admins: LWB, Sierra and Turmoil
﻿08:12:09 : Player #0 Cateyes (93.205.150.90:5302) connected
﻿08:12:10 : Player #0 Cateyes - GUID: ecaee39fc9d0981e668f6b4fb61515d3 (unverified)
﻿08:12:10 : Verified GUID (ecaee39fc9d0981e668f6b4fb61515d3) of player #0 Cateyes
﻿08:12:10 : Player #0 Cateyes - Legacy GUID: af6099fb01f41c7bb6d21a9546a0e556
﻿08:12:21 : Player #0 Cateyes disconnected
﻿08:16:17 : RCon admin #3: (Global) BASES MUST BE MAINTAINED VIA THE PLOT POLE EVERY 7 DAYS!!
﻿08:21:17 : RCon admin #3: (Global) Vehicles left in trader zones at restarts will be moved to the vehicle pound and unlocked
﻿08:32:17 : RCon admin #3: (Global) Admins: LWB, Sierra and Turmoil
﻿08:46:17 : RCon admin #3: (Global) BASES MUST BE MAINTAINED VIA THE PLOT POLE EVERY 7 DAYS!!
﻿08:51:17 : RCon admin #3: (Global) Vehicles left in trader zones at restarts will be moved to the vehicle pound and unlocked
﻿08:57:17 : RCon admin #3: (Global) Server will restart in 10 minutes
﻿09:02:17 : RCon admin #3: (Global) Admins: LWB, Sierra and Turmoil
﻿09:02:17 : RCon admin #3: (Global) Server will restart in 5 minutes: Prepare to Logout
﻿09:05:17 : RCon admin #3: (Global) The Server is about to restart. LOG OUT NOW OR YOUR GEAR MAY BE LOST!!
﻿09:06:47 : RCon admin #3: (Global) YOU SHOULD BE LOGGED OUT BY NOW! IF YOU ARENT YOU WILL BE AUTO KICKED AND YOUR GEAR MAY BE LOST! NO REFUNDS!
﻿09:07:50 : Rcon client logging in
﻿09:07:50 : RCon admin #2 (78.31.67.100:55716) logged in
﻿09:08:00 : RCon admin #3 (86.131.103.232:54338) logged in
﻿09:21:51 : RCon admin #2: (Global) Vehicles left in trader zones at restarts will be moved to the vehicle pound and unlocked
﻿09:29:41 : Player #0 galina (77.76.179.121:5302) connected
﻿09:30:13 : Player #0 galina (-) has been kicked by BattlEye: Client not responding
﻿09:32:51 : RCon admin #2: (Global) Admins: LWB, Sierra and Turmoil
﻿09:39:32 : Player #0 galina (77.76.179.121:5302) connected
﻿09:39:36 : Player #0 galina - Legacy GUID: 6524ed6d5f2f99eb3947c0bfe57aa42a
﻿09:39:58 : Player #0 galina - GUID: 7bdf1adcfd25802ba1120432f49b4058 (unverified)
﻿09:39:58 : Verified GUID (7bdf1adcfd25802ba1120432f49b4058) of player #0 galina
﻿09:46:51 : RCon admin #2: (Global) BASES MUST BE MAINTAINED VIA THE PLOT POLE EVERY 7 DAYS!!
﻿09:51:51 : RCon admin #2: (Global) Vehicles left in trader zones at restarts will be moved to the vehicle pound and unlocked
﻿09:54:22 : Player #0 galina (7bdf1adcfd25802ba1120432f49b4058) has been kicked by BattlEye: Client not responding
﻿10:02:51 : RCon admin #2: (Global) Admins: LWB, Sierra and Turmoil
﻿10:04:27 : Player #0 galina (77.76.179.121:5302) connected
﻿10:04:28 : Player #0 galina - Legacy GUID: 6524ed6d5f2f99eb3947c0bfe57aa42a
﻿10:05:47 : Player #0 galina - GUID: 7bdf1adcfd25802ba1120432f49b4058 (unverified)
﻿10:05:47 : Verified GUID (7bdf1adcfd25802ba1120432f49b4058) of player #0 galina
﻿10:11:49 : Player #0 galina disconnected
﻿10:16:51 : RCon admin #2: (Global) BASES MUST BE MAINTAINED VIA THE PLOT POLE EVERY 7 DAYS!!
﻿10:21:51 : RCon admin #2: (Global) Vehicles left in trader zones at restarts will be moved to the vehicle pound and unlocked
﻿10:32:51 : RCon admin #2: (Global) Admins: LWB, Sierra and Turmoil
﻿10:46:51 : RCon admin #2: (Global) BASES MUST BE MAINTAINED VIA THE PLOT POLE EVERY 7 DAYS!!
﻿10:51:51 : RCon admin #2: (Global) Vehicles left in trader zones at restarts will be moved to the vehicle pound and unlocked
﻿11:02:51 : RCon admin #2: (Global) Admins: LWB, Sierra and Turmoil
﻿11:16:51 : RCon admin #2: (Global) BASES MUST BE MAINTAINED VIA THE PLOT POLE EVERY 7 DAYS!!
﻿11:21:51 : RCon admin #2: (Global) Vehicles left in trader zones at restarts will be moved to the vehicle pound and unlocked
﻿11:27:51 : RCon admin #2: (Global) Server will restart in 10 minutes
﻿11:32:51 : RCon admin #2: (Global) Admins: LWB, Sierra and Turmoil
﻿11:32:51 : RCon admin #2: (Global) Server will restart in 5 minutes: Prepare to Logout
﻿11:35:51 : RCon admin #2: (Global) The Server is about to restart. LOG OUT NOW OR YOUR GEAR MAY BE LOST!!
﻿11:37:21 : RCon admin #2: (Global) YOU SHOULD BE LOGGED OUT BY NOW! IF YOU ARENT YOU WILL BE AUTO KICKED AND YOUR GEAR MAY BE LOST! NO REFUNDS!
﻿11:38:24 : Rcon client logging in
﻿11:38:24 : RCon admin #3 (78.31.67.100:49898) logged in
﻿11:47:31 : Player #0 Rocket (37.190.37.10:16615) connected
﻿11:47:33 : Player #0 Rocket - GUID: 7c8247ea4e0eb767bcdc0c99ed2d00f3 (unverified)
﻿11:47:34 : Verified GUID (7c8247ea4e0eb767bcdc0c99ed2d00f3) of player #0 Rocket
﻿11:47:35 : Player #0 Rocket - Legacy GUID: 7d4e0a95d1bbefedfa38fedaad9e6c5b
﻿11:49:17 : Player #1 Din (94.45.220.199:5302) connected
﻿11:49:18 : Player #1 Din - GUID: 2f0d9ea96a1a2bec9e6677bab333ae7c (unverified)
﻿11:49:19 : Verified GUID (2f0d9ea96a1a2bec9e6677bab333ae7c) of player #1 Din
﻿11:49:19 : Player #1 Din - Legacy GUID: 3acfc2c50ff4722c17c085a5287e6999
﻿11:49:19 : Player #1 Din disconnected
﻿11:50:37 : Player #1 Din (94.45.220.199:5302) connected
﻿11:50:38 : Player #1 Din - GUID: 2f0d9ea96a1a2bec9e6677bab333ae7c (unverified)
﻿11:50:39 : Verified GUID (2f0d9ea96a1a2bec9e6677bab333ae7c) of player #1 Din
﻿11:50:39 : Player #1 Din disconnected
﻿11:51:51 : Player #1 Din (94.45.220.199:5302) connected
﻿11:51:52 : Player #1 Din - GUID: 2f0d9ea96a1a2bec9e6677bab333ae7c (unverified)
﻿11:51:52 : Verified GUID (2f0d9ea96a1a2bec9e6677bab333ae7c) of player #1 Din
﻿11:51:53 : Player #1 Din - Legacy GUID: 3acfc2c50ff4722c17c085a5287e6999
﻿11:52:25 : RCon admin #3: (Global) Vehicles left in trader zones at restarts will be moved to the vehicle pound and unlocked
﻿11:53:25 : Player #1 Din disconnected
﻿11:54:10 : Player #1 Din (94.45.220.199:5302) connected
﻿11:54:11 : Player #1 Din - GUID: 2f0d9ea96a1a2bec9e6677bab333ae7c (unverified)
﻿11:54:11 : Verified GUID (2f0d9ea96a1a2bec9e6677bab333ae7c) of player #1 Din
﻿11:54:12 : Player #1 Din - Legacy GUID: 3acfc2c50ff4722c17c085a5287e6999
﻿12:03:25 : RCon admin #3: (Global) Admins: LWB, Sierra and Turmoil
﻿12:17:25 : RCon admin #3: (Global) BASES MUST BE MAINTAINED VIA THE PLOT POLE EVERY 7 DAYS!!
﻿12:22:14 : Player #1 Din (2f0d9ea96a1a2bec9e6677bab333ae7c) has been kicked by BattlEye: CreateVehicle Restriction #0
﻿12:22:25 : RCon admin #3: (Global) Vehicles left in trader zones at restarts will be moved to the vehicle pound and unlocked
﻿12:23:17 : Player #1 Din (94.45.220.199:5302) connected
﻿12:23:18 : Player #1 Din - GUID: 2f0d9ea96a1a2bec9e6677bab333ae7c (unverified)
﻿12:23:18 : Verified GUID (2f0d9ea96a1a2bec9e6677bab333ae7c) of player #1 Din
﻿12:23:19 : Player #1 Din - Legacy GUID: 3acfc2c50ff4722c17c085a5287e6999
﻿12:33:25 : RCon admin #3: (Global) Admins: LWB, Sierra and Turmoil
﻿12:35:20 : Player #2 Anthony (96.225.165.253:5302) connected
﻿12:35:22 : Player #2 Anthony - GUID: 2e5df6888012d690d962ff98ff486f14 (unverified)
﻿12:35:22 : Verified GUID (2e5df6888012d690d962ff98ff486f14) of player #2 Anthony
﻿12:35:22 : Player #2 Anthony - Legacy GUID: b48cf67782a368b41f030d0873cf1b44
﻿12:38:09 : Player #1 Din disconnected
﻿12:42:05 : Player #2 Anthony disconnected
﻿12:47:25 : RCon admin #3: (Global) BASES MUST BE MAINTAINED VIA THE PLOT POLE EVERY 7 DAYS!!
﻿12:52:25 : RCon admin #3: (Global) Vehicles left in trader zones at restarts will be moved to the vehicle pound and unlocked
﻿12:59:33 : Player #1 Alarik (109.81.213.78:7073) connected
﻿12:59:34 : Player #1 Alarik - GUID: 9a636328c16c4febe9582d6e4651f493 (unverified)
﻿12:59:35 : Verified GUID (9a636328c16c4febe9582d6e4651f493) of player #1 Alarik
﻿12:59:35 : Player #1 Alarik - Legacy GUID: 598899251c7de2cbef09ed9ece222fc0
﻿13:00:36 : RCon admin #4 (86.131.103.232:53699) logged in
﻿13:00:56 : RCon admin #0 (86.131.103.232:50372) logged in
﻿13:03:25 : RCon admin #3: (Global) Admins: LWB, Sierra and Turmoil
﻿13:07:33 : Player #2 LWB [SD] (86.131.103.232:1024) connected
﻿13:07:34 : Player #2 LWB [SD] - GUID: bc07c7c39c76cf95a7a434d686d9df66 (unverified)
﻿13:07:34 : Verified GUID (bc07c7c39c76cf95a7a434d686d9df66) of player #2 LWB [SD]
﻿13:07:35 : Player #2 LWB [SD] - Legacy GUID: 977383e15b6c706cac44ca953ba440c7
﻿13:07:37 : Player #2 LWB [SD] disconnected
﻿13:17:25 : RCon admin #3: (Global) BASES MUST BE MAINTAINED VIA THE PLOT POLE EVERY 7 DAYS!!
﻿13:22:25 : RCon admin #3: (Global) Vehicles left in trader zones at restarts will be moved to the vehicle pound and unlocked
﻿13:33:25 : RCon admin #3: (Global) Admins: LWB, Sierra and Turmoil
﻿13:34:46 : Player #1 Alarik disconnected
﻿13:47:25 : RCon admin #3: (Global) BASES MUST BE MAINTAINED VIA THE PLOT POLE EVERY 7 DAYS!!
﻿13:49:10 : Player #1 SlowBurn (81.111.116.91:5302) connected
﻿13:49:11 : Player #1 SlowBurn - GUID: 8326f8008362c14ed0a324d412123817 (unverified)
﻿13:49:12 : Verified GUID (8326f8008362c14ed0a324d412123817) of player #1 SlowBurn
﻿13:49:12 : Player #1 SlowBurn - Legacy GUID: 106592dfe7b7491179d6439f0e1ffadb
﻿13:52:25 : RCon admin #3: (Global) Vehicles left in trader zones at restarts will be moved to the vehicle pound and unlocked
﻿13:58:25 : RCon admin #3: (Global) Server will restart in 10 minutes
﻿13:58:58 : Player #0 Rocket disconnected
﻿14:00:51 : Player #1 SlowBurn disconnected
﻿14:03:25 : RCon admin #3: (Global) Admins: LWB, Sierra and Turmoil
﻿14:03:25 : RCon admin #3: (Global) Server will restart in 5 minutes: Prepare to Logout
﻿14:06:25 : RCon admin #3: (Global) The Server is about to restart. LOG OUT NOW OR YOUR GEAR MAY BE LOST!!
﻿14:07:55 : RCon admin #3: (Global) YOU SHOULD BE LOGGED OUT BY NOW! IF YOU ARENT YOU WILL BE AUTO KICKED AND YOUR GEAR MAY BE LOST! NO REFUNDS!
﻿14:08:59 : Rcon client logging in
﻿14:08:59 : RCon admin #3 (78.31.67.100:55202) logged in
﻿14:23:00 : RCon admin #3: (Global) Vehicles left in trader zones at restarts will be moved to the vehicle pound and unlocked
﻿14:25:03 : Player #0 Alarik (109.81.213.78:7189) connected
﻿14:25:04 : Player #0 Alarik - GUID: 9a636328c16c4febe9582d6e4651f493 (unverified)
﻿14:25:04 : Verified GUID (9a636328c16c4febe9582d6e4651f493) of player #0 Alarik
﻿14:25:05 : Player #0 Alarik - Legacy GUID: 598899251c7de2cbef09ed9ece222fc0
﻿14:33:59 : RCon admin #3: (Global) Admins: LWB, Sierra and Turmoil
﻿14:48:00 : RCon admin #3: (Global) BASES MUST BE MAINTAINED VIA THE PLOT POLE EVERY 7 DAYS!!
﻿14:53:00 : RCon admin #3: (Global) Vehicles left in trader zones at restarts will be moved to the vehicle pound and unlocked
﻿15:03:59 : RCon admin #3: (Global) Admins: LWB, Sierra and Turmoil
﻿15:17:59 : RCon admin #3: (Global) BASES MUST BE MAINTAINED VIA THE PLOT POLE EVERY 7 DAYS!!
﻿15:23:00 : RCon admin #3: (Global) Vehicles left in trader zones at restarts will be moved to the vehicle pound and unlocked
﻿15:34:00 : RCon admin #3: (Global) Admins: LWB, Sierra and Turmoil
﻿15:40:02 : Player #1 <eXp> RafcioZG (89.67.63.218:2304) connected
﻿15:40:03 : Player #1 <eXp> RafcioZG - GUID: 02ed733403835a8a8517265415d84023 (unverified)
﻿15:40:03 : Verified GUID (02ed733403835a8a8517265415d84023) of player #1 <eXp> RafcioZG
﻿15:40:04 : Player #1 <eXp> RafcioZG - Legacy GUID: c9c653dd820194488bd099e2b5e7f454
﻿15:40:05 : Player #1 <eXp> RafcioZG disconnected
﻿15:41:29 : Player #1 <eXp> RafcioZG (89.67.63.218:5302) connected
﻿15:41:31 : Player #1 <eXp> RafcioZG - GUID: 02ed733403835a8a8517265415d84023 (unverified)
﻿15:41:31 : Verified GUID (02ed733403835a8a8517265415d84023) of player #1 <eXp> RafcioZG
﻿15:41:31 : Player #1 <eXp> RafcioZG - Legacy GUID: c9c653dd820194488bd099e2b5e7f454
﻿15:48:00 : RCon admin #3: (Global) BASES MUST BE MAINTAINED VIA THE PLOT POLE EVERY 7 DAYS!!
﻿15:52:59 : RCon admin #3: (Global) Vehicles left in trader zones at restarts will be moved to the vehicle pound and unlocked
﻿15:55:17 : Player #2 <eXp> CziQita (85.202.152.128:5302) connected
﻿15:55:19 : Player #2 <eXp> CziQita - GUID: 032d6e70df3d067624c52f7be2b9f7a4 (unverified)
﻿15:55:19 : Player #2 <eXp> CziQita - Legacy GUID: 5fe66ce3f47a21b2db2c180c820374dd
﻿15:55:19 : Verified GUID (032d6e70df3d067624c52f7be2b9f7a4) of player #2 <eXp> CziQita
﻿15:59:44 : Player #3 SlowBurn (81.111.116.91:5302) connected
﻿15:59:45 : Player #3 SlowBurn - GUID: 8326f8008362c14ed0a324d412123817 (unverified)
﻿15:59:45 : Verified GUID (8326f8008362c14ed0a324d412123817) of player #3 SlowBurn
﻿15:59:46 : Player #3 SlowBurn - Legacy GUID: 106592dfe7b7491179d6439f0e1ffadb
﻿16:03:59 : RCon admin #3: (Global) Admins: LWB, Sierra and Turmoil
﻿16:17:59 : RCon admin #3: (Global) BASES MUST BE MAINTAINED VIA THE PLOT POLE EVERY 7 DAYS!!
﻿16:23:00 : RCon admin #3: (Global) Vehicles left in trader zones at restarts will be moved to the vehicle pound and unlocked
﻿16:29:00 : RCon admin #3: (Global) Server will restart in 10 minutes
﻿16:29:44 : Player #3 SlowBurn disconnected
﻿16:34:00 : RCon admin #3: (Global) Admins: LWB, Sierra and Turmoil
﻿16:34:00 : RCon admin #3: (Global) Server will restart in 5 minutes: Prepare to Logout
﻿16:34:29 : Player #3 Din (94.45.220.199:5302) connected
﻿16:34:30 : Player #3 Din - GUID: 2f0d9ea96a1a2bec9e6677bab333ae7c (unverified)
﻿16:34:30 : Verified GUID (2f0d9ea96a1a2bec9e6677bab333ae7c) of player #3 Din
﻿16:34:31 : Player #3 Din - Legacy GUID: 3acfc2c50ff4722c17c085a5287e6999
﻿16:34:48 : Player #2 <eXp> CziQita disconnected
﻿16:34:49 : Player #2 Takei (91.194.107.158:5302) connected
﻿16:34:50 : Player #2 Takei - GUID: dc91fa664853b824c4dbe6013ecb83e1 (unverified)
﻿16:34:51 : Verified GUID (dc91fa664853b824c4dbe6013ecb83e1) of player #2 Takei
﻿16:34:51 : Player #2 Takei - Legacy GUID: d0150778bb3923dc476400ada8ff30b5
﻿16:36:26 : Player #1 <eXp> RafcioZG disconnected
﻿16:36:59 : RCon admin #3: (Global) The Server is about to restart. LOG OUT NOW OR YOUR GEAR MAY BE LOST!!
﻿16:38:14 : Player #0 Alarik disconnected
﻿16:38:30 : RCon admin #3: (Global) YOU SHOULD BE LOGGED OUT BY NOW! IF YOU ARENT YOU WILL BE AUTO KICKED AND YOUR GEAR MAY BE LOST! NO REFUNDS!
﻿16:39:33 : Rcon client logging in
﻿16:39:33 : RCon admin #3 (78.31.67.100:54512) logged in
﻿16:40:16 : Player #0 <eXp> RafcioZG (89.67.63.218:5302) connected
﻿16:40:17 : Player #0 <eXp> RafcioZG - GUID: 02ed733403835a8a8517265415d84023 (unverified)
﻿16:40:18 : Verified GUID (02ed733403835a8a8517265415d84023) of player #0 <eXp> RafcioZG
﻿16:40:18 : Player #0 <eXp> RafcioZG - Legacy GUID: c9c653dd820194488bd099e2b5e7f454
﻿16:40:37 : Could not connect to BE Master
﻿16:40:37 : Update attempt failed
﻿16:41:59 : Player #1 Takei (91.194.107.158:5302) connected
﻿16:42:00 : Player #1 Takei - GUID: dc91fa664853b824c4dbe6013ecb83e1 (unverified)
﻿16:42:00 : Verified GUID (dc91fa664853b824c4dbe6013ecb83e1) of player #1 Takei
﻿16:42:01 : Player #1 Takei - Legacy GUID: d0150778bb3923dc476400ada8ff30b5
﻿16:42:51 : Failed to receive from BE Master (2)
﻿16:42:51 : Update attempt failed
﻿16:43:22 : Player #2 <eXp> CziQita (85.202.152.128:5302) connected
﻿16:43:24 : Player #2 <eXp> CziQita - GUID: 032d6e70df3d067624c52f7be2b9f7a4 (unverified)
﻿16:43:24 : Verified GUID (032d6e70df3d067624c52f7be2b9f7a4) of player #2 <eXp> CziQita
﻿16:43:24 : Player #2 <eXp> CziQita - Legacy GUID: 5fe66ce3f47a21b2db2c180c820374dd
﻿16:45:05 : Failed to receive from BE Master (2)
﻿16:45:05 : Update attempt failed
﻿16:45:40 : Player #3 Cateyes (93.205.150.90:2334) connected
﻿16:45:41 : Player #3 Cateyes - GUID: ecaee39fc9d0981e668f6b4fb61515d3 (unverified)
﻿16:45:41 : Verified GUID (ecaee39fc9d0981e668f6b4fb61515d3) of player #3 Cateyes
﻿16:45:42 : Player #3 Cateyes - Legacy GUID: af6099fb01f41c7bb6d21a9546a0e556
﻿16:47:21 : Could not connect to BE Master
﻿16:47:21 : Update attempt failed
﻿16:49:37 : Could not connect to BE Master
﻿16:49:37 : Update attempt failed
﻿16:51:20 : Player #3 Cateyes disconnected
﻿16:51:53 : Could not connect to BE Master
﻿16:51:53 : Update attempt failed
﻿16:52:47 : Player #3 Cateyes (93.205.150.90:5302) connected
﻿16:52:49 : Player #3 Cateyes - GUID: ecaee39fc9d0981e668f6b4fb61515d3 (unverified)
﻿16:52:49 : Verified GUID (ecaee39fc9d0981e668f6b4fb61515d3) of player #3 Cateyes
﻿16:52:49 : Player #3 Cateyes - Legacy GUID: af6099fb01f41c7bb6d21a9546a0e556
﻿16:53:34 : RCon admin #3: (Global) Vehicles left in trader zones at restarts will be moved to the vehicle pound and unlocked
﻿16:54:55 : Player #3 Cateyes disconnected
﻿16:55:24 : Failed to receive from BE Master (2)
﻿16:55:24 : Update attempt failed
﻿16:56:47 : Player #3 Din (94.45.220.199:5302) connected
﻿16:56:48 : Player #3 Din - GUID: 2f0d9ea96a1a2bec9e6677bab333ae7c (unverified)
﻿16:56:49 : Verified GUID (2f0d9ea96a1a2bec9e6677bab333ae7c) of player #3 Din
﻿16:56:49 : Player #3 Din - Legacy GUID: 3acfc2c50ff4722c17c085a5287e6999
﻿16:57:40 : Could not connect to BE Master
﻿16:57:40 : Update attempt failed
﻿16:57:58 : Player #4 Misha (178.162.90.71:5302) connected
﻿16:57:59 : Player #4 Misha - GUID: c2ba45fc7698c2de86f4f9d43c62f4f7 (unverified)
﻿16:58:00 : Verified GUID (c2ba45fc7698c2de86f4f9d43c62f4f7) of player #4 Misha
﻿16:58:00 : Player #4 Misha - Legacy GUID: 224dcc85ea02675cd8652c9a459fd6f7
﻿16:59:54 : Failed to receive from BE Master (2)
﻿16:59:54 : Update attempt failed
﻿17:02:40 : Player #5 Andrey (89.22.173.226:61372) connected
﻿17:02:42 : Player #5 Andrey - GUID: 43805e8076ce7ba4d96cd6d83d048e22 (unverified)
﻿17:02:42 : Verified GUID (43805e8076ce7ba4d96cd6d83d048e22) of player #5 Andrey
﻿17:02:43 : Player #5 Andrey - Legacy GUID: 434db79ca84fc08580b3e0ed16d34732
﻿17:04:34 : RCon admin #3: (Global) Admins: LWB, Sierra and Turmoil
﻿17:05:29 : Player #6 antti (130.234.202.9:5302) connected
﻿17:05:31 : Player #6 antti - GUID: 1605e56b2f86daa21b0579851848ccd9 (unverified)
﻿17:05:31 : Verified GUID (1605e56b2f86daa21b0579851848ccd9) of player #6 antti
﻿17:05:31 : Player #6 antti - Legacy GUID: 46878a6b784b0e005f13a3daa02c97a0
﻿17:14:30 : Player #5 Andrey disconnected
﻿17:18:34 : RCon admin #3: (Global) BASES MUST BE MAINTAINED VIA THE PLOT POLE EVERY 7 DAYS!!
﻿17:23:34 : RCon admin #3: (Global) Vehicles left in trader zones at restarts will be moved to the vehicle pound and unlocked
﻿17:25:07 : Player #5 Rocket (37.190.37.67:4847) connected
﻿17:25:08 : Player #5 Rocket - GUID: 7c8247ea4e0eb767bcdc0c99ed2d00f3 (unverified)
﻿17:25:09 : Player #5 Rocket - Legacy GUID: 7d4e0a95d1bbefedfa38fedaad9e6c5b
﻿17:25:09 : Verified GUID (7c8247ea4e0eb767bcdc0c99ed2d00f3) of player #5 Rocket
﻿17:34:34 : RCon admin #3: (Global) Admins: LWB, Sierra and Turmoil
﻿17:47:04 : Player #6 antti disconnected
﻿17:48:34 : RCon admin #3: (Global) BASES MUST BE MAINTAINED VIA THE PLOT POLE EVERY 7 DAYS!!
﻿17:53:34 : RCon admin #3: (Global) Vehicles left in trader zones at restarts will be moved to the vehicle pound and unlocked
﻿17:53:48 : Player #6 galina (77.76.179.121:5302) connected
﻿17:54:10 : Player #6 galina - GUID: 7bdf1adcfd25802ba1120432f49b4058 (unverified)
﻿17:54:11 : Verified GUID (7bdf1adcfd25802ba1120432f49b4058) of player #6 galina
﻿17:54:12 : Player #6 galina - Legacy GUID: 6524ed6d5f2f99eb3947c0bfe57aa42a
﻿18:03:48 : Player #6 galina (7bdf1adcfd25802ba1120432f49b4058) has been kicked by BattlEye: Ping too high (1000)
﻿18:04:34 : RCon admin #3: (Global) Admins: LWB, Sierra and Turmoil
﻿18:08:54 : Player #6 galina (77.76.179.121:5302) connected
﻿18:08:55 : Player #6 galina - GUID: 7bdf1adcfd25802ba1120432f49b4058 (unverified)
﻿18:08:56 : Player #6 galina - Legacy GUID: 6524ed6d5f2f99eb3947c0bfe57aa42a
﻿18:08:56 : Verified GUID (7bdf1adcfd25802ba1120432f49b4058) of player #6 galina
﻿18:09:32 : Player #4 Misha disconnected
﻿18:15:01 : Player #4 Orbiter156 (81.153.189.154:5302) connected
﻿18:15:04 : Player #4 Orbiter156 - GUID: 7fc4be7719aad91cd0d1b31522c68bef (unverified)
﻿18:15:04 : Player #4 Orbiter156 - Legacy GUID: 45fbc93682ebcb9448851cad2e165747
﻿18:15:05 : Verified GUID (7fc4be7719aad91cd0d1b31522c68bef) of player #4 Orbiter156
﻿18:15:05 : Player #7 michael (5.65.135.141:5302) connected
﻿18:15:07 : Player #7 michael - GUID: a226ddc68de96ae7ef25431e43dbbaee (unverified)
﻿18:15:07 : Verified GUID (a226ddc68de96ae7ef25431e43dbbaee) of player #7 michael
﻿18:15:07 : Player #7 michael - Legacy GUID: 209a7bd85033024cba5971a78a66a13e
﻿18:15:52 : Player #4 Orbiter156 (7fc4be7719aad91cd0d1b31522c68bef) has been kicked by BattlEye: Ping too high (594)
﻿18:17:19 : Player #4 Orbiter156 (81.153.189.154:1026) connected
﻿18:17:21 : Player #4 Orbiter156 - GUID: 7fc4be7719aad91cd0d1b31522c68bef (unverified)
﻿18:17:21 : Verified GUID (7fc4be7719aad91cd0d1b31522c68bef) of player #4 Orbiter156
﻿18:17:22 : Player #4 Orbiter156 - Legacy GUID: 45fbc93682ebcb9448851cad2e165747
﻿18:18:34 : RCon admin #3: (Global) BASES MUST BE MAINTAINED VIA THE PLOT POLE EVERY 7 DAYS!!
﻿18:20:46 : Player #8 Przemek (46.175.228.216:5302) connected
﻿18:20:47 : Player #8 Przemek - GUID: 341416b56fe54ef45e01dfaba2bf0875 (unverified)
﻿18:20:48 : Player #8 Przemek - Legacy GUID: 576fee74db74d1f0a3558a269cb42ed3
﻿18:20:48 : Verified GUID (341416b56fe54ef45e01dfaba2bf0875) of player #8 Przemek
﻿18:20:49 : Player #8 Przemek disconnected
﻿18:22:15 : Player #6 galina (7bdf1adcfd25802ba1120432f49b4058) has been kicked by BattlEye: Client not responding
﻿18:23:34 : RCon admin #3: (Global) Vehicles left in trader zones at restarts will be moved to the vehicle pound and unlocked
﻿18:28:32 : Player #6 All Apologies (82.155.131.2:53990) connected
﻿18:28:34 : Player #6 All Apologies - Legacy GUID: 116dd95a8ac8e682fa6182d92a101411
﻿18:28:34 : Player #6 All Apologies - GUID: 71a0eeef0b3ec16e63ea1f5007534739 (unverified)
﻿18:28:35 : Verified GUID (71a0eeef0b3ec16e63ea1f5007534739) of player #6 All Apologies
﻿18:34:34 : RCon admin #3: (Global) Admins: LWB, Sierra and Turmoil
﻿18:35:05 : Player #8 gp1001 (74.126.15.162:37585) connected
﻿18:35:07 : Player #8 gp1001 - GUID: 999e8dd5ee2ff9aa47ee94a20f5f4f6e (unverified)
﻿18:35:07 : Verified GUID (999e8dd5ee2ff9aa47ee94a20f5f4f6e) of player #8 gp1001
﻿18:35:08 : Player #8 gp1001 - Legacy GUID: fedaf630e65885127f560bebcf5817f1
﻿18:36:34 : Player #7 michael disconnected
﻿18:37:00 : Player #8 gp1001 disconnected
﻿18:37:14 : Player #4 Orbiter156 disconnected
﻿18:37:23 : Player #4 Przemek (46.175.228.216:5302) connected
﻿18:37:24 : Player #4 Przemek - GUID: 341416b56fe54ef45e01dfaba2bf0875 (unverified)
﻿18:37:25 : Verified GUID (341416b56fe54ef45e01dfaba2bf0875) of player #4 Przemek
﻿18:37:25 : Player #4 Przemek - Legacy GUID: 576fee74db74d1f0a3558a269cb42ed3
﻿18:38:07 : RCon admin #4 (88.89.200.214:61418) logged in
﻿18:39:58 : Player #7 Turmoil (88.89.200.214:2304) connected
﻿18:39:59 : Player #7 Turmoil - GUID: 078d3175e22fad797d9a152aaaa83806 (unverified)
﻿18:40:00 : Verified GUID (078d3175e22fad797d9a152aaaa83806) of player #7 Turmoil
﻿18:40:00 : Player #7 Turmoil - Legacy GUID: 153330a3c1eb9ccf7092e322ab07ebb0
﻿18:42:48 : Player #8 Thommas (78.92.176.72:5302) connected
﻿18:42:50 : Player #8 Thommas - GUID: 81d1b8a736fae822f013387b60a590bd (unverified)
﻿18:42:50 : Player #8 Thommas - Legacy GUID: db99f9bd1044e2a15d0158f0ff61f4de
﻿18:42:50 : Verified GUID (81d1b8a736fae822f013387b60a590bd) of player #8 Thommas
﻿18:48:26 : Player #9 schovB (85.81.99.212:56372) connected
﻿18:48:27 : Player #9 schovB - GUID: 80ea73a20162e3623af9894ace59e2b1 (unverified)
﻿18:48:28 : Player #9 schovB - Legacy GUID: 304d62cc1c4ff732fee488fa9116438f
﻿18:48:28 : Verified GUID (80ea73a20162e3623af9894ace59e2b1) of player #9 schovB
﻿18:48:34 : RCon admin #3: (Global) BASES MUST BE MAINTAINED VIA THE PLOT POLE EVERY 7 DAYS!!
﻿18:51:58 : Player #10 BL00D (84.195.130.220:5302) connected
﻿18:51:59 : Player #10 BL00D - GUID: 2a5141727263a967769b96a54fa370f8 (unverified)
﻿18:52:00 : Verified GUID (2a5141727263a967769b96a54fa370f8) of player #10 BL00D
﻿18:52:00 : Player #10 BL00D - Legacy GUID: dfc5cbc2552577abd6b7f39caedbdd26
﻿18:52:16 : Player #11 gregg (84.195.129.41:5302) connected
﻿18:52:18 : Player #11 gregg - GUID: 15a85e4fe1655beb49989d313695ad64 (unverified)
﻿18:52:18 : Player #11 gregg - Legacy GUID: 95c75ac605e0bd33dc13dd18068499ab
﻿18:52:18 : Verified GUID (15a85e4fe1655beb49989d313695ad64) of player #11 gregg
﻿18:52:30 : Player #12 galina (77.76.179.121:5302) connected
﻿18:53:02 : Player #12 galina (-) has been kicked by BattlEye: Client not responding
﻿18:53:33 : RCon admin #3: (Global) Vehicles left in trader zones at restarts will be moved to the vehicle pound and unlocked
﻿18:54:19 : RCon admin #4: (Global) Turmoil: Hello too all, everyone doing ok? :)
﻿18:55:17 : RCon admin #5 (86.131.103.232:50054) logged in
﻿18:55:35 : Player #2 <eXp> CziQita disconnected
﻿18:56:00 : Player #0 <eXp> RafcioZG disconnected
﻿18:59:34 : RCon admin #3: (Global) Server will restart in 10 minutes
﻿19:01:29 : Player #6 All Apologies disconnected
﻿19:01:47 : Player #3 Din (2f0d9ea96a1a2bec9e6677bab333ae7c) has been kicked by BattlEye: Client not responding
﻿19:01:47 : Player #10 BL00D (2a5141727263a967769b96a54fa370f8) has been kicked by BattlEye: Client not responding
﻿19:01:48 : Player #8 Thommas (81d1b8a736fae822f013387b60a590bd) has been kicked by BattlEye: Client not responding
﻿19:01:49 : Player #4 Przemek (341416b56fe54ef45e01dfaba2bf0875) has been kicked by BattlEye: Client not responding
﻿19:01:50 : Player #1 Takei (dc91fa664853b824c4dbe6013ecb83e1) has been kicked by BattlEye: Client not responding
﻿19:01:50 : Player #11 gregg (15a85e4fe1655beb49989d313695ad64) has been kicked by BattlEye: Client not responding
﻿19:02:03 : RCon admin #1 (88.89.200.214:50831) logged in
﻿19:02:12 : RCon admin #4 (86.131.103.232:58642) logged in
﻿19:02:37 : RCon admin #5 (86.131.103.232:57275) logged in
﻿19:03:26 : RCon admin #0 (86.131.103.232:51988) logged in
﻿19:03:31 : RCon admin #6 (86.131.103.232:64262) logged in
﻿19:03:48 : Player #0 HaddenHD (98.94.63.49:5302) connected
﻿19:03:52 : Player #0 HaddenHD - GUID: de9f828379356d4dd5851d7677b19f17 (unverified)
﻿19:03:53 : Player #0 HaddenHD - Legacy GUID: 547edc616b8c4699fd00809508458869
﻿19:03:53 : Verified GUID (de9f828379356d4dd5851d7677b19f17) of player #0 HaddenHD
﻿19:04:05 : Player #1 gregg (84.195.129.41:5302) connected
﻿19:04:05 : Player #2 BL00D (84.195.130.220:5302) connected
﻿19:04:06 : Player #1 gregg - GUID: 15a85e4fe1655beb49989d313695ad64 (unverified)
﻿19:04:06 : Verified GUID (15a85e4fe1655beb49989d313695ad64) of player #1 gregg
﻿19:04:07 : Player #1 gregg - Legacy GUID: 95c75ac605e0bd33dc13dd18068499ab
﻿19:04:07 : Player #2 BL00D - GUID: 2a5141727263a967769b96a54fa370f8 (unverified)
﻿19:04:07 : Player #2 BL00D - Legacy GUID: dfc5cbc2552577abd6b7f39caedbdd26
﻿19:04:07 : Verified GUID (2a5141727263a967769b96a54fa370f8) of player #2 BL00D
﻿19:04:28 : RCon admin #2 (88.89.200.214:50832) logged in
﻿19:04:34 : RCon admin #3: (Global) Admins: LWB, Sierra and Turmoil
﻿19:04:34 : RCon admin #3: (Global) Server will restart in 5 minutes: Prepare to Logout
﻿19:04:57 : Player #1 gregg (15a85e4fe1655beb49989d313695ad64) has been kicked by BattlEye: Client not responding
﻿19:04:57 : Player #2 BL00D (2a5141727263a967769b96a54fa370f8) has been kicked by BattlEye: Client not responding
﻿19:05:22 : RCon admin #1 (88.89.200.214:57938) logged in
﻿19:06:03 : Player #9 schovB disconnected
﻿19:06:10 : Player #7 Turmoil disconnected
﻿19:06:31 : RCon admin #2 (86.131.103.232:52083) logged in
﻿19:06:31 : RCon admin #4 (88.89.200.214:56273) logged in
﻿19:07:34 : RCon admin #3: (Global) The Server is about to restart. LOG OUT NOW OR YOUR GEAR MAY BE LOST!!
﻿19:07:42 : RCon admin #1 (86.131.103.232:61601) logged in
﻿19:07:50 : Player #0 HaddenHD disconnected
﻿19:08:22 : RCon admin #0 (86.131.103.232:61602) logged in
﻿19:08:48 : RCon admin #1 (86.131.103.232:64066) logged in
﻿19:09:04 : RCon admin #3: (Global) YOU SHOULD BE LOGGED OUT BY NOW! IF YOU ARENT YOU WILL BE AUTO KICKED AND YOUR GEAR MAY BE LOST! NO REFUNDS!
﻿19:09:24 : RCon admin #2 (86.131.103.232:55772) logged in
﻿19:10:07 : Rcon client logging in
﻿19:10:07 : RCon admin #2 (78.31.67.100:60034) logged in
﻿19:10:11 : RCon admin #3 (86.131.103.232:60579) logged in
﻿19:10:14 : Player #2 Din (94.45.220.199:5302) connected
﻿19:10:14 : RCon admin #4 (86.131.103.232:60580) logged in
﻿19:10:15 : Player #2 Din - GUID: 2f0d9ea96a1a2bec9e6677bab333ae7c (unverified)
﻿19:10:15 : Verified GUID (2f0d9ea96a1a2bec9e6677bab333ae7c) of player #2 Din
﻿19:10:16 : Player #2 Din - Legacy GUID: 3acfc2c50ff4722c17c085a5287e6999
﻿19:10:17 : Player #3 HaddenHD (98.94.63.49:5302) connected
﻿19:10:23 : Player #3 HaddenHD - GUID: de9f828379356d4dd5851d7677b19f17 (unverified)
﻿19:10:26 : Verified GUID (de9f828379356d4dd5851d7677b19f17) of player #3 HaddenHD
﻿19:10:26 : Player #3 HaddenHD - Legacy GUID: 547edc616b8c4699fd00809508458869
﻿19:10:36 : Player #4 schovB (85.81.99.212:57572) connected
﻿19:10:38 : Player #4 schovB - GUID: 80ea73a20162e3623af9894ace59e2b1 (unverified)
﻿19:10:38 : Verified GUID (80ea73a20162e3623af9894ace59e2b1) of player #4 schovB
﻿19:10:38 : Player #4 schovB - Legacy GUID: 304d62cc1c4ff732fee488fa9116438f
﻿19:10:52 : Player #5 Turmoil (88.89.200.214:2304) connected
﻿19:10:53 : Player #5 Turmoil - GUID: 078d3175e22fad797d9a152aaaa83806 (unverified)
﻿19:10:54 : Verified GUID (078d3175e22fad797d9a152aaaa83806) of player #5 Turmoil
﻿19:10:54 : Player #5 Turmoil - Legacy GUID: 153330a3c1eb9ccf7092e322ab07ebb0
﻿19:12:15 : Player #6 <eXp> RafcioZG (89.67.63.218:5302) connected
﻿19:12:16 : Player #6 <eXp> RafcioZG - GUID: 02ed733403835a8a8517265415d84023 (unverified)
﻿19:12:17 : Verified GUID (02ed733403835a8a8517265415d84023) of player #6 <eXp> RafcioZG
﻿19:12:17 : Player #6 <eXp> RafcioZG - Legacy GUID: c9c653dd820194488bd099e2b5e7f454
﻿19:13:19 : Player #3 HaddenHD disconnected
﻿19:13:54 : Player #3 kitsos (79.131.215.227:5302) connected
﻿19:13:56 : Player #3 kitsos - GUID: cbd2c9765abe515bf50981605cabf1fc (unverified)
﻿19:13:56 : Verified GUID (cbd2c9765abe515bf50981605cabf1fc) of player #3 kitsos
﻿19:13:57 : Player #3 kitsos - Legacy GUID: 7a781d8cd3be268a90f27c73b407c3e9
﻿19:14:32 : Player #3 kitsos (cbd2c9765abe515bf50981605cabf1fc) has been kicked by BattlEye: Client not responding
﻿19:16:46 : Player #3 Freedom (173.85.64.88:2304) connected
﻿19:16:47 : Player #3 Freedom - GUID: 32974eed83d84dab3c6a86016f1a1d12 (unverified)
﻿19:16:48 : Verified GUID (32974eed83d84dab3c6a86016f1a1d12) of player #3 Freedom
﻿19:16:48 : Player #3 Freedom - Legacy GUID: 97a8c85ef5bf1164b1deba8cac447118
﻿19:16:49 : Player #3 Freedom disconnected
﻿19:19:39 : Player #3 LWB [SD] (86.131.103.232:1025) connected
﻿19:19:40 : Player #3 LWB [SD] - GUID: bc07c7c39c76cf95a7a434d686d9df66 (unverified)
﻿19:19:40 : Verified GUID (bc07c7c39c76cf95a7a434d686d9df66) of player #3 LWB [SD]
﻿19:19:41 : Player #3 LWB [SD] - Legacy GUID: 977383e15b6c706cac44ca953ba440c7
﻿19:21:38 : Player #7 Freedom (173.85.64.88:2304) connected
﻿19:21:39 : Player #7 Freedom - GUID: 32974eed83d84dab3c6a86016f1a1d12 (unverified)
﻿19:21:39 : Verified GUID (32974eed83d84dab3c6a86016f1a1d12) of player #7 Freedom
﻿19:21:40 : Player #7 Freedom - Legacy GUID: 97a8c85ef5bf1164b1deba8cac447118
﻿19:24:07 : RCon admin #2: (Global) Vehicles left in trader zones at restarts will be moved to the vehicle pound and unlocked
﻿19:24:14 : Player #8 Rocket (37.190.37.67:4826) connected
﻿19:24:15 : Player #8 Rocket - GUID: 7c8247ea4e0eb767bcdc0c99ed2d00f3 (unverified)
﻿19:24:15 : Verified GUID (7c8247ea4e0eb767bcdc0c99ed2d00f3) of player #8 Rocket
﻿19:24:16 : Player #8 Rocket - Legacy GUID: 7d4e0a95d1bbefedfa38fedaad9e6c5b
﻿19:33:53 : Player #9 Cody (24.197.190.131:5302) connected
﻿19:33:54 : Player #9 Cody - GUID: 6edf03bd93054e434b3d74c652b44dbb (unverified)
﻿19:33:55 : Verified GUID (6edf03bd93054e434b3d74c652b44dbb) of player #9 Cody
﻿19:33:55 : Player #9 Cody - Legacy GUID: 444024faa7a316ea8aec67ac1306e35a
﻿19:35:04 : Player #10 kori (24.197.190.131:49160) connected
﻿19:35:08 : RCon admin #2: (Global) Admins: LWB, Sierra and Turmoil
﻿19:35:40 : Player #10 kori (-) has been kicked by BattlEye: Client not responding
﻿19:40:00 : RCon admin #1 (86.131.103.232:55858) logged in
﻿19:40:06 : RCon admin #3 (86.131.103.232:55652) logged in
﻿19:40:08 : RCon admin #4 (86.131.103.232:49464) logged in
﻿19:41:01 : Player #0 Thommas (81d1b8a736fae822f013387b60a590bd) has been kicked by BattlEye: Client not responding
﻿19:41:01 : Player #1 Przemek (341416b56fe54ef45e01dfaba2bf0875) has been kicked by BattlEye: Client not responding
﻿19:41:01 : Player #2 Din (2f0d9ea96a1a2bec9e6677bab333ae7c) has been kicked by BattlEye: Client not responding
﻿19:41:01 : Player #3 LWB [SD] (bc07c7c39c76cf95a7a434d686d9df66) has been kicked by BattlEye: Client not responding
﻿19:41:01 : Player #6 <eXp> RafcioZG (02ed733403835a8a8517265415d84023) has been kicked by BattlEye: Client not responding
﻿19:42:02 : RCon admin #0 (86.131.103.232:50382) logged in
﻿19:43:15 : Player #0 kori (24.197.190.131:49288) connected
﻿19:43:16 : Player #0 kori disconnected
﻿19:44:15 : RCon admin #3 (86.131.103.232:54281) logged in
﻿19:44:29 : Player #0 Din (94.45.220.199:5302) connected
﻿19:44:30 : Player #0 Din - GUID: 2f0d9ea96a1a2bec9e6677bab333ae7c (unverified)
﻿19:44:31 : Verified GUID (2f0d9ea96a1a2bec9e6677bab333ae7c) of player #0 Din
﻿19:44:31 : Player #0 Din - Legacy GUID: 3acfc2c50ff4722c17c085a5287e6999
﻿19:45:17 : Player #0 Din (2f0d9ea96a1a2bec9e6677bab333ae7c) has been kicked by BattlEye: Client not responding
﻿19:46:30 : Player #0 Takei (91.194.107.158:5302) connected
﻿19:46:30 : Player #1 Przemek (46.175.228.216:5302) connected
﻿19:46:32 : Player #1 Przemek - GUID: 341416b56fe54ef45e01dfaba2bf0875 (unverified)
﻿19:46:32 : Verified GUID (341416b56fe54ef45e01dfaba2bf0875) of player #1 Przemek
﻿19:46:32 : Player #1 Przemek - Legacy GUID: 576fee74db74d1f0a3558a269cb42ed3
﻿19:46:34 : Player #0 Takei - GUID: dc91fa664853b824c4dbe6013ecb83e1 (unverified)
﻿19:46:34 : Player #0 Takei - Legacy GUID: d0150778bb3923dc476400ada8ff30b5
﻿19:46:34 : Verified GUID (dc91fa664853b824c4dbe6013ecb83e1) of player #0 Takei
﻿19:46:36 : Player #9 Cody (6edf03bd93054e434b3d74c652b44dbb) has been kicked by BattlEye: Ping too high (656)
﻿19:47:02 : Player #0 Takei disconnected
﻿19:47:23 : RCon admin #4 (86.131.103.232:63533) logged in
﻿19:47:23 : RCon admin #5 (86.131.103.232:49642) logged in
﻿19:47:39 : Player #1 Przemek (341416b56fe54ef45e01dfaba2bf0875) has been kicked by BattlEye: Client not responding
﻿19:48:00 : RCon admin #1 (86.131.103.232:49644) logged in
﻿19:49:08 : RCon admin #2: (Global) BASES MUST BE MAINTAINED VIA THE PLOT POLE EVERY 7 DAYS!!
﻿19:49:08 : Could not connect to BE Master
﻿19:49:08 : Update attempt failed
﻿19:49:31 : Player #0 Takei (91.194.107.158:5302) connected
﻿19:49:32 : Player #1 Din (94.45.220.199:5302) connected
﻿19:49:32 : Player #0 Takei - GUID: dc91fa664853b824c4dbe6013ecb83e1 (unverified)
﻿19:49:33 : Verified GUID (dc91fa664853b824c4dbe6013ecb83e1) of player #0 Takei
﻿19:49:33 : Player #0 Takei - Legacy GUID: d0150778bb3923dc476400ada8ff30b5
﻿19:49:33 : Player #1 Din - GUID: 2f0d9ea96a1a2bec9e6677bab333ae7c (unverified)
﻿19:49:34 : Verified GUID (2f0d9ea96a1a2bec9e6677bab333ae7c) of player #1 Din
﻿19:49:34 : Player #1 Din - Legacy GUID: 3acfc2c50ff4722c17c085a5287e6999
﻿19:49:35 : Player #2 <eXp> RafcioZG (89.67.63.218:5302) connected
﻿19:49:37 : Player #2 <eXp> RafcioZG - GUID: 02ed733403835a8a8517265415d84023 (unverified)
﻿19:49:37 : Verified GUID (02ed733403835a8a8517265415d84023) of player #2 <eXp> RafcioZG
﻿19:49:37 : Player #2 <eXp> RafcioZG - Legacy GUID: c9c653dd820194488bd099e2b5e7f454
﻿19:49:46 : Player #3 Przemek (46.175.228.216:5302) connected
﻿19:49:48 : Player #3 Przemek - GUID: 341416b56fe54ef45e01dfaba2bf0875 (unverified)
﻿19:49:48 : Verified GUID (341416b56fe54ef45e01dfaba2bf0875) of player #3 Przemek
﻿19:49:48 : Player #3 Przemek - Legacy GUID: 576fee74db74d1f0a3558a269cb42ed3
﻿19:50:03 : Player #6 LWB [SD] (86.131.103.232:1025) connected
﻿19:50:05 : Player #6 LWB [SD] - GUID: bc07c7c39c76cf95a7a434d686d9df66 (unverified)
﻿19:50:05 : Verified GUID (bc07c7c39c76cf95a7a434d686d9df66) of player #6 LWB [SD]
﻿19:50:05 : Player #6 LWB [SD] - Legacy GUID: 977383e15b6c706cac44ca953ba440c7
﻿19:50:32 : RCon admin #3 (86.131.103.232:63174) logged in
﻿19:50:45 : Player #6 LWB [SD] (bc07c7c39c76cf95a7a434d686d9df66) has been kicked by BattlEye: Client not responding
﻿19:50:46 : Player #1 Din (2f0d9ea96a1a2bec9e6677bab333ae7c) has been kicked by BattlEye: Client not responding
﻿19:50:48 : Player #0 Takei (dc91fa664853b824c4dbe6013ecb83e1) has been kicked by BattlEye: Client not responding
﻿19:50:49 : Player #3 Przemek (341416b56fe54ef45e01dfaba2bf0875) has been kicked by BattlEye: Client not responding
﻿19:50:50 : Player #2 <eXp> RafcioZG (02ed733403835a8a8517265415d84023) has been kicked by BattlEye: Client not responding
﻿19:51:13 : RCon admin #0 (86.131.103.232:56836) logged in
﻿19:51:22 : Player #0 kori (24.197.190.131:49288) connected
﻿19:51:24 : Could not connect to BE Master
﻿19:51:24 : Update attempt failed
﻿19:51:24 : Player #0 kori disconnected
﻿19:52:22 : RCon admin #4 (86.131.103.232:63537) logged in
﻿19:52:43 : RCon admin #3 (86.131.103.232:62195) logged in
﻿19:53:03 : RCon admin #0 (86.131.103.232:49884) logged in
﻿19:53:40 : Could not connect to BE Master
﻿19:53:40 : Update attempt failed
﻿19:54:07 : RCon admin #2: (Global) Vehicles left in trader zones at restarts will be moved to the vehicle pound and unlocked
﻿19:54:30 : RCon admin #1 (86.131.103.232:55706) logged in
﻿19:54:38 : RCon admin #5 (86.131.103.232:60402) logged in
﻿19:55:17 : RCon admin #0 (86.131.103.232:56842) logged in
﻿19:55:52 : Player #4 schovB disconnected
﻿19:55:56 : Could not connect to BE Master
﻿19:55:56 : Update attempt failed
﻿19:56:30 : Player #0 Cody (24.197.190.131:5302) connected
﻿19:56:31 : Player #0 Cody - GUID: 6edf03bd93054e434b3d74c652b44dbb (unverified)
﻿19:56:32 : Verified GUID (6edf03bd93054e434b3d74c652b44dbb) of player #0 Cody
﻿19:56:32 : Player #0 Cody - Legacy GUID: 444024faa7a316ea8aec67ac1306e35a
﻿19:56:37 : Player #1 <eXp> RafcioZG (89.67.63.218:5302) connected
﻿19:56:39 : Player #1 <eXp> RafcioZG - GUID: 02ed733403835a8a8517265415d84023 (unverified)
﻿19:56:39 : Verified GUID (02ed733403835a8a8517265415d84023) of player #1 <eXp> RafcioZG
﻿19:56:39 : Player #1 <eXp> RafcioZG - Legacy GUID: c9c653dd820194488bd099e2b5e7f454
﻿19:57:05 : RCon admin #3 (86.131.103.232:49378) logged in
﻿19:57:20 : Player #1 <eXp> RafcioZG (02ed733403835a8a8517265415d84023) has been kicked by BattlEye: Client not responding
﻿19:57:45 : RCon admin #4 (86.131.103.232:63097) logged in
﻿19:58:12 : Could not connect to BE Master
﻿19:58:12 : Update attempt failed
﻿19:58:18 : RCon admin #1 (86.131.103.232:60961) logged in
﻿19:58:38 : RCon admin #3 (86.131.103.232:49834) logged in
﻿19:58:53 : RCon admin #0 (86.131.103.232:56109) logged in
﻿19:59:12 : Player #0 Cody disconnected
﻿19:59:55 : Player #5 Turmoil (078d3175e22fad797d9a152aaaa83806) has been kicked by BattlEye: Client not responding
﻿19:59:58 : Player #7 Freedom (32974eed83d84dab3c6a86016f1a1d12) has been kicked by BattlEye: Client not responding
﻿20:00:28 : Could not connect to BE Master
﻿20:00:28 : Update attempt failed
﻿20:00:28 : Player #8 Rocket (7c8247ea4e0eb767bcdc0c99ed2d00f3) has been kicked by BattlEye: Client not responding
﻿20:04:15 : RCon admin #0 (86.131.103.232:60837) logged in
﻿20:05:07 : RCon admin #2: (Global) Admins: LWB, Sierra and Turmoil
﻿20:05:40 : RCon admin #0 (86.131.103.232:64775) logged in
﻿20:05:40 : Player #0 Rocket (37.190.37.67:4826) connected
﻿20:05:40 : Player #1 Takei (91.194.107.158:5302) connected
﻿20:05:40 : RCon admin #1 (86.131.103.232:53740) logged in
﻿20:05:40 : RCon admin #3 (86.131.103.232:56472) logged in
﻿20:05:42 : Player #1 Takei - GUID: dc91fa664853b824c4dbe6013ecb83e1 (unverified)
﻿20:05:42 : Player #0 Rocket - GUID: 7c8247ea4e0eb767bcdc0c99ed2d00f3 (unverified)
﻿20:05:42 : Player #0 Rocket - Legacy GUID: 7d4e0a95d1bbefedfa38fedaad9e6c5b
﻿20:05:42 : Verified GUID (dc91fa664853b824c4dbe6013ecb83e1) of player #1 Takei
﻿20:05:42 : Player #1 Takei - Legacy GUID: d0150778bb3923dc476400ada8ff30b5
﻿20:05:42 : Verified GUID (7c8247ea4e0eb767bcdc0c99ed2d00f3) of player #0 Rocket
﻿20:07:45 : Player #2 Turmoil (88.89.200.214:2304) connected
﻿20:07:46 : Player #2 Turmoil - GUID: 078d3175e22fad797d9a152aaaa83806 (unverified)
﻿20:07:47 : Verified GUID (078d3175e22fad797d9a152aaaa83806) of player #2 Turmoil
﻿20:07:47 : Player #2 Turmoil - Legacy GUID: 153330a3c1eb9ccf7092e322ab07ebb0
﻿20:08:21 : Player #3 Przemek (46.175.228.216:5302) connected
﻿20:08:22 : Player #3 Przemek - GUID: 341416b56fe54ef45e01dfaba2bf0875 (unverified)
﻿20:08:22 : Verified GUID (341416b56fe54ef45e01dfaba2bf0875) of player #3 Przemek
﻿20:08:23 : Player #3 Przemek - Legacy GUID: 576fee74db74d1f0a3558a269cb42ed3
﻿20:08:49 : Player #4 Freedom (173.85.64.88:2304) connected
﻿20:08:50 : Player #4 Freedom - GUID: 32974eed83d84dab3c6a86016f1a1d12 (unverified)
﻿20:08:50 : Verified GUID (32974eed83d84dab3c6a86016f1a1d12) of player #4 Freedom
﻿20:08:51 : Player #4 Freedom - Legacy GUID: 97a8c85ef5bf1164b1deba8cac447118
﻿20:10:34 : Player #5 <eXp> RafcioZG (89.67.63.218:5302) connected
﻿20:10:35 : Player #5 <eXp> RafcioZG - GUID: 02ed733403835a8a8517265415d84023 (unverified)
﻿20:10:35 : Verified GUID (02ed733403835a8a8517265415d84023) of player #5 <eXp> RafcioZG
﻿20:10:36 : Player #5 <eXp> RafcioZG - Legacy GUID: c9c653dd820194488bd099e2b5e7f454
﻿20:14:15 : Player #6 LWB [SD] (86.131.103.232:1025) connected
﻿20:14:16 : Player #6 LWB [SD] - GUID: bc07c7c39c76cf95a7a434d686d9df66 (unverified)
﻿20:14:17 : Verified GUID (bc07c7c39c76cf95a7a434d686d9df66) of player #6 LWB [SD]
﻿20:14:17 : Player #6 LWB [SD] - Legacy GUID: 977383e15b6c706cac44ca953ba440c7
﻿20:17:16 : Player #5 <eXp> RafcioZG disconnected
﻿20:19:07 : RCon admin #2: (Global) BASES MUST BE MAINTAINED VIA THE PLOT POLE EVERY 7 DAYS!!
﻿20:24:07 : RCon admin #2: (Global) Vehicles left in trader zones at restarts will be moved to the vehicle pound and unlocked
﻿20:25:46 : Player #0 Rocket disconnected
﻿20:29:39 : Player #0 osian (86.154.17.2:5302) connected
﻿20:29:42 : Player #0 osian - Legacy GUID: f0e92958591641786a542f6398d81fae
﻿20:29:42 : Player #0 osian - GUID: 5dc2bd5fe0129197cd3fbce243d56f72 (unverified)
﻿20:29:42 : Verified GUID (5dc2bd5fe0129197cd3fbce243d56f72) of player #0 osian
﻿20:30:10 : Player #2 Turmoil (078d3175e22fad797d9a152aaaa83806) has been kicked by BattlEye: CreateVehicle Restriction #0
﻿20:30:27 : Player #2 Turmoil (88.89.200.214:2304) connected
﻿20:30:28 : Player #2 Turmoil - GUID: 078d3175e22fad797d9a152aaaa83806 (unverified)
﻿20:30:28 : Verified GUID (078d3175e22fad797d9a152aaaa83806) of player #2 Turmoil
﻿20:30:29 : Player #2 Turmoil - Legacy GUID: 153330a3c1eb9ccf7092e322ab07ebb0
﻿20:32:23 : Player #2 Turmoil (078d3175e22fad797d9a152aaaa83806) has been kicked by BattlEye: CreateVehicle Restriction #0
﻿20:32:28 : Player #2 Turmoil (88.89.200.214:2304) connected
﻿20:32:29 : Player #2 Turmoil - GUID: 078d3175e22fad797d9a152aaaa83806 (unverified)
﻿20:32:29 : Verified GUID (078d3175e22fad797d9a152aaaa83806) of player #2 Turmoil
﻿20:32:30 : Player #2 Turmoil - Legacy GUID: 153330a3c1eb9ccf7092e322ab07ebb0
﻿20:32:33 : Player #0 osian disconnected
﻿20:33:59 : Player #2 Turmoil (078d3175e22fad797d9a152aaaa83806) has been kicked by BattlEye: CreateVehicle Restriction #0
﻿20:34:04 : Player #0 Turmoil (88.89.200.214:2304) connected
﻿20:34:05 : Player #0 Turmoil - GUID: 078d3175e22fad797d9a152aaaa83806 (unverified)
﻿20:34:05 : Verified GUID (078d3175e22fad797d9a152aaaa83806) of player #0 Turmoil
﻿20:34:06 : Player #0 Turmoil - Legacy GUID: 153330a3c1eb9ccf7092e322ab07ebb0
﻿20:34:43 : Player #2 rafale29 (78.243.149.93:5302) connected
﻿20:34:45 : Player #2 rafale29 - Legacy GUID: 4b5e95ba3431f14029687ba996b6f3b0
﻿20:34:45 : Player #2 rafale29 - GUID: 4bd5aae1db3dc6c830dfdf61b6ede0c0 (unverified)
﻿20:34:46 : Verified GUID (4bd5aae1db3dc6c830dfdf61b6ede0c0) of player #2 rafale29
﻿20:34:47 : Player #2 rafale29 disconnected
﻿20:34:58 : Player #2 Shady (78.90.100.167:5302) connected
﻿20:34:59 : Player #2 Shady - GUID: c2a1472c57add02281a826cc6d663a2f (unverified)
﻿20:35:00 : Verified GUID (c2a1472c57add02281a826cc6d663a2f) of player #2 Shady
﻿20:35:00 : Player #2 Shady - Legacy GUID: 65200b6018fe99954448217477c5f9ce
﻿20:35:07 : RCon admin #2: (Global) Admins: LWB, Sierra and Turmoil
﻿20:40:28 : Player #5 SuqMadiq (157.157.38.79:58194) connected
﻿20:40:30 : Player #5 SuqMadiq - GUID: 02189d34727a8eaa2e4257dbaaf42c9b (unverified)
﻿20:40:30 : Verified GUID (02189d34727a8eaa2e4257dbaaf42c9b) of player #5 SuqMadiq
﻿20:40:30 : Player #5 SuqMadiq - Legacy GUID: 7e5f52184466a49e41e901552b6e0758
﻿20:40:46 : Player #7 osian (86.154.17.2:5302) connected
﻿20:40:47 : Player #7 osian - GUID: 5dc2bd5fe0129197cd3fbce243d56f72 (unverified)
﻿20:40:47 : Verified GUID (5dc2bd5fe0129197cd3fbce243d56f72) of player #7 osian
﻿20:40:48 : Player #7 osian - Legacy GUID: f0e92958591641786a542f6398d81fae
﻿20:41:19 : Player #8 QWERTY (2.27.49.52:5302) connected
﻿20:41:21 : Player #8 QWERTY - GUID: 11398683fbe406ecaeb760b770937262 (unverified)
﻿20:41:21 : Verified GUID (11398683fbe406ecaeb760b770937262) of player #8 QWERTY
﻿20:41:21 : Player #8 QWERTY - Legacy GUID: c29fe52b91bce394102e249d094297e2
﻿20:49:08 : RCon admin #2: (Global) BASES MUST BE MAINTAINED VIA THE PLOT POLE EVERY 7 DAYS!!
﻿20:52:45 : Player #9 Piesel (185.112.117.140:5302) connected
﻿20:52:47 : Player #9 Piesel - GUID: 9151aeaa7d2b2507de55a7f06f651103 (unverified)
﻿20:52:47 : Verified GUID (9151aeaa7d2b2507de55a7f06f651103) of player #9 Piesel
﻿20:52:47 : Player #9 Piesel disconnected
﻿20:53:37 : Player #9 Piesel (185.112.117.140:5302) connected
﻿20:53:38 : Player #9 Piesel - GUID: 9151aeaa7d2b2507de55a7f06f651103 (unverified)
﻿20:53:38 : Verified GUID (9151aeaa7d2b2507de55a7f06f651103) of player #9 Piesel
﻿20:53:38 : Player #9 Piesel disconnected
﻿20:54:08 : RCon admin #2: (Global) Vehicles left in trader zones at restarts will be moved to the vehicle pound and unlocked
﻿20:54:16 : Player #9 Piesel (185.112.117.140:5302) connected
﻿20:54:17 : Player #9 Piesel - GUID: 9151aeaa7d2b2507de55a7f06f651103 (unverified)
﻿20:54:17 : Verified GUID (9151aeaa7d2b2507de55a7f06f651103) of player #9 Piesel
﻿20:54:18 : Player #9 Piesel disconnected
﻿21:00:51 : Player #9 Piesel (185.112.117.140:5302) connected
﻿21:00:52 : Player #9 Piesel - GUID: 9151aeaa7d2b2507de55a7f06f651103 (unverified)
﻿21:00:52 : Verified GUID (9151aeaa7d2b2507de55a7f06f651103) of player #9 Piesel
﻿21:00:53 : Player #9 Piesel disconnected
﻿21:05:07 : RCon admin #2: (Global) Admins: LWB, Sierra and Turmoil
﻿21:05:53 : Player #5 SuqMadiq disconnected
﻿21:07:19 : Player #8 QWERTY disconnected
﻿21:08:56 : Player #6 LWB [SD] disconnected
﻿21:13:20 : Player #0 Turmoil disconnected
﻿21:14:25 : RCon admin #4 (88.89.200.214:64241) logged in
﻿21:15:48 : Player #0 galina (77.76.179.121:2304) connected
﻿21:15:49 : Player #0 galina - GUID: 7bdf1adcfd25802ba1120432f49b4058 (unverified)
﻿21:15:50 : Verified GUID (7bdf1adcfd25802ba1120432f49b4058) of player #0 galina
﻿21:15:50 : Player #0 galina - Legacy GUID: 6524ed6d5f2f99eb3947c0bfe57aa42a
﻿21:15:51 : Player #0 galina disconnected
﻿21:16:04 : Player #0 galina (77.76.179.121:2304) connected
﻿21:16:06 : Player #0 galina - GUID: 7bdf1adcfd25802ba1120432f49b4058 (unverified)
﻿21:16:06 : Player #0 galina - Legacy GUID: 6524ed6d5f2f99eb3947c0bfe57aa42a
﻿21:16:06 : Verified GUID (7bdf1adcfd25802ba1120432f49b4058) of player #0 galina
﻿21:16:07 : Player #0 galina disconnected
﻿21:18:20 : Player #4 Freedom disconnected
﻿21:19:07 : RCon admin #2: (Global) BASES MUST BE MAINTAINED VIA THE PLOT POLE EVERY 7 DAYS!!
﻿21:19:36 : Player #0 galina (77.76.179.121:5302) connected
﻿21:20:08 : Player #0 galina (-) has been kicked by BattlEye: Client not responding
﻿21:22:52 : Player #0 galina (77.76.179.121:5302) connected
﻿21:22:53 : Player #0 galina - GUID: 7bdf1adcfd25802ba1120432f49b4058 (unverified)
﻿21:22:54 : Verified GUID (7bdf1adcfd25802ba1120432f49b4058) of player #0 galina
﻿21:22:54 : Player #0 galina - Legacy GUID: 6524ed6d5f2f99eb3947c0bfe57aa42a
﻿21:24:07 : RCon admin #2: (Global) Vehicles left in trader zones at restarts will be moved to the vehicle pound and unlocked
﻿21:26:50 : Player #1 Takei disconnected
﻿21:30:08 : RCon admin #2: (Global) Server will restart in 10 minutes
﻿21:34:33 : Player #7 osian disconnected
﻿21:36:01 : No Valid response. Trying to reconnect.!
﻿21:36:01 : Rcon client logging in
﻿21:36:01 : RCon admin #2 (78.31.67.100:60034) logged in
﻿21:38:07 : RCon admin #2: (Global) The Server is about to restart. LOG OUT NOW OR YOUR GEAR MAY BE LOST!!
﻿21:38:55 : Player #3 Przemek disconnected
﻿21:39:37 : RCon admin #2: (Global) YOU SHOULD BE LOGGED OUT BY NOW! IF YOU ARENT YOU WILL BE AUTO KICKED AND YOUR GEAR MAY BE LOST! NO REFUNDS!
﻿21:40:41 : Rcon client logging in
﻿21:40:44 : RCon admin #4 (78.31.67.100:58348) logged in
﻿21:41:31 : Player #1 galina (77.76.179.121:5302) connected
﻿21:41:33 : Player #1 galina - GUID: 7bdf1adcfd25802ba1120432f49b4058 (unverified)
﻿21:41:33 : Verified GUID (7bdf1adcfd25802ba1120432f49b4058) of player #1 galina
﻿21:41:35 : Player #1 galina - Legacy GUID: 6524ed6d5f2f99eb3947c0bfe57aa42a
﻿21:42:14 : Player #2 Shady (78.90.100.167:5302) connected
﻿21:42:15 : Player #2 Shady - GUID: c2a1472c57add02281a826cc6d663a2f (unverified)
﻿21:42:15 : Verified GUID (c2a1472c57add02281a826cc6d663a2f) of player #2 Shady
﻿21:42:16 : Player #2 Shady - Legacy GUID: 65200b6018fe99954448217477c5f9ce
﻿21:43:22 : Player #3 Takei (91.194.107.158:5302) connected
﻿21:43:23 : Player #3 Takei - GUID: dc91fa664853b824c4dbe6013ecb83e1 (unverified)
﻿21:43:23 : Verified GUID (dc91fa664853b824c4dbe6013ecb83e1) of player #3 Takei
﻿21:43:24 : Player #3 Takei - Legacy GUID: d0150778bb3923dc476400ada8ff30b5
﻿21:53:12 : Player #4 David (213.226.235.74:5302) connected
﻿21:53:14 : Player #4 David - GUID: a3eca824d62cdbe6cbaa21727dfccc31 (unverified)
﻿21:53:14 : Verified GUID (a3eca824d62cdbe6cbaa21727dfccc31) of player #4 David
﻿21:53:14 : Player #4 David - Legacy GUID: 2c7144b96f2390472c00f4bfcbe1108d
﻿21:53:37 : Player #5 Alarik (109.81.213.78:6659) connected
﻿21:53:38 : Player #5 Alarik - GUID: 9a636328c16c4febe9582d6e4651f493 (unverified)
﻿21:53:38 : Verified GUID (9a636328c16c4febe9582d6e4651f493) of player #5 Alarik
﻿21:53:39 : Player #5 Alarik - Legacy GUID: 598899251c7de2cbef09ed9ece222fc0
﻿21:53:42 : Player #6 AngelKate (81.90.168.47:5302) connected
﻿21:53:43 : Player #6 AngelKate - GUID: 4702812b2acd10fba3af830c5ad1ed39 (unverified)
﻿21:53:44 : Verified GUID (4702812b2acd10fba3af830c5ad1ed39) of player #6 AngelKate
﻿21:53:44 : Player #6 AngelKate - Legacy GUID: c7f8d190f99dd8ccd338db62911ea51f
﻿21:54:38 : Player #4 David disconnected
﻿21:54:41 : RCon admin #4: (Global) Vehicles left in trader zones at restarts will be moved to the vehicle pound and unlocked
﻿21:55:45 : Player #4 David (213.226.235.74:5302) connected
﻿21:55:46 : Player #4 David - GUID: a3eca824d62cdbe6cbaa21727dfccc31 (unverified)
﻿21:55:47 : Verified GUID (a3eca824d62cdbe6cbaa21727dfccc31) of player #4 David
﻿21:55:47 : Player #4 David - Legacy GUID: 2c7144b96f2390472c00f4bfcbe1108d
﻿21:57:06 : Player #7 Kardon (81.90.168.47:1286) connected
﻿21:57:07 : Player #7 Kardon - GUID: 669c35ecd79103680d01afec1e789b54 (unverified)
﻿21:57:07 : Verified GUID (669c35ecd79103680d01afec1e789b54) of player #7 Kardon
﻿21:57:08 : Player #7 Kardon - Legacy GUID: 8798b5c593e69cb39aa61edadc765aae
﻿22:05:41 : RCon admin #4: (Global) Admins: LWB, Sierra and Turmoil
﻿22:19:41 : RCon admin #4: (Global) BASES MUST BE MAINTAINED VIA THE PLOT POLE EVERY 7 DAYS!!
﻿22:20:11 : Player #8 Cuddlesworth (2.127.88.242:2304) connected
﻿22:20:12 : Player #8 Cuddlesworth - GUID: 7690ba52fcb775c53a56c1131b3714c9 (unverified)
﻿22:20:13 : Verified GUID (7690ba52fcb775c53a56c1131b3714c9) of player #8 Cuddlesworth
﻿22:20:13 : Player #8 Cuddlesworth - Legacy GUID: a5d797f70518b9e77bf0886e3a46ce77
﻿22:23:01 : Player #5 Alarik disconnected
﻿22:24:15 : Player #8 Cuddlesworth disconnected
﻿22:24:41 : RCon admin #4: (Global) Vehicles left in trader zones at restarts will be moved to the vehicle pound and unlocked
﻿22:27:29 : RCon admin #1 (86.131.103.232:57200) logged in
﻿22:31:46 : Player #5 Alarik (109.81.213.78:22080) connected
﻿22:31:47 : Player #5 Alarik - GUID: 9a636328c16c4febe9582d6e4651f493 (unverified)
﻿22:31:47 : Verified GUID (9a636328c16c4febe9582d6e4651f493) of player #5 Alarik
﻿22:31:48 : Player #5 Alarik - Legacy GUID: 598899251c7de2cbef09ed9ece222fc0
﻿22:35:41 : RCon admin #4: (Global) Admins: LWB, Sierra and Turmoil
﻿22:49:41 : RCon admin #4: (Global) BASES MUST BE MAINTAINED VIA THE PLOT POLE EVERY 7 DAYS!!
﻿22:54:41 : RCon admin #4: (Global) Vehicles left in trader zones at restarts will be moved to the vehicle pound and unlocked
﻿23:03:21 : Player #3 Takei disconnected
﻿23:05:26 : Player #3 Takei (91.194.107.158:5302) connected
﻿23:05:27 : Player #3 Takei - GUID: dc91fa664853b824c4dbe6013ecb83e1 (unverified)
﻿23:05:28 : Player #3 Takei - Legacy GUID: d0150778bb3923dc476400ada8ff30b5
﻿23:05:28 : Verified GUID (dc91fa664853b824c4dbe6013ecb83e1) of player #3 Takei
﻿23:05:42 : RCon admin #4: (Global) Admins: LWB, Sierra and Turmoil
﻿23:19:42 : RCon admin #4: (Global) BASES MUST BE MAINTAINED VIA THE PLOT POLE EVERY 7 DAYS!!
﻿23:19:49 : Player #2 Shady disconnected
﻿23:20:01 : Player #1 galina disconnected
﻿23:24:41 : RCon admin #4: (Global) Vehicles left in trader zones at restarts will be moved to the vehicle pound and unlocked
﻿23:33:03 : Player #7 Kardon (669c35ecd79103680d01afec1e789b54) has been kicked by BattlEye: Client not responding
﻿23:34:10 : Player #1 Kardon (81.90.168.47:1286) connected
﻿23:34:12 : Player #1 Kardon - GUID: 669c35ecd79103680d01afec1e789b54 (unverified)
﻿23:34:12 : Verified GUID (669c35ecd79103680d01afec1e789b54) of player #1 Kardon
﻿23:34:12 : Player #1 Kardon - Legacy GUID: 8798b5c593e69cb39aa61edadc765aae
﻿23:35:41 : RCon admin #4: (Global) Admins: LWB, Sierra and Turmoil
﻿23:49:41 : RCon admin #4: (Global) BASES MUST BE MAINTAINED VIA THE PLOT POLE EVERY 7 DAYS!!
﻿23:54:41 : RCon admin #4: (Global) Vehicles left in trader zones at restarts will be moved to the vehicle pound and unlocked
﻿23:59:57 : Player #1 Kardon disconnected
