00:03:42 : Player #5 BogdanHD disconnected
﻿00:03:55 : Player #7 Ryan disconnected
﻿00:06:20 : RCon admin #3: (Global) Admins: LWB, Sierra and Turmoil
﻿00:12:40 : Player #4 Chris (45.16.107.115:5302) connected
﻿00:12:41 : Player #4 Chris - GUID: 118d5aea3604e9deb9d22ed9cfac08c9 (unverified)
﻿00:12:42 : Verified GUID (118d5aea3604e9deb9d22ed9cfac08c9) of player #4 Chris
﻿00:12:42 : Player #4 Chris - Legacy GUID: 20f555608401a8b33020df67b747abc3
﻿00:17:25 : Player #4 Chris disconnected
﻿00:18:53 : Player #2 Rhys Porter disconnected
﻿00:20:20 : RCon admin #3: (Global) BASES MUST BE MAINTAINED VIA THE PLOT POLE EVERY 7 DAYS!!
﻿00:23:01 : Player #2 TheLegend27 (84.211.217.250:5302) connected
﻿00:23:02 : Player #2 TheLegend27 - GUID: cd0bf38a8344ecdc95f55ea83bcdaca7 (unverified)
﻿00:23:02 : Verified GUID (cd0bf38a8344ecdc95f55ea83bcdaca7) of player #2 TheLegend27
﻿00:23:03 : Player #2 TheLegend27 - Legacy GUID: f1ab502aacc3cfdc04987002b778f74e
﻿00:25:19 : RCon admin #3: (Global) Vehicles left in trader zones at restarts will be moved to the vehicle pound and unlocked
﻿00:31:20 : RCon admin #3: (Global) Server will restart in 10 minutes
﻿00:34:37 : Player #4 Daryl (98.214.84.195:5302) connected
﻿00:34:39 : Player #4 Daryl - GUID: 9ff12bbf37cc10cacf0f150067d6553e (unverified)
﻿00:34:39 : Verified GUID (9ff12bbf37cc10cacf0f150067d6553e) of player #4 Daryl
﻿00:34:39 : Player #4 Daryl - Legacy GUID: 53a09858e6fdf1c2a27f3c0abbff1f5d
﻿00:36:20 : RCon admin #3: (Global) Admins: LWB, Sierra and Turmoil
﻿00:36:20 : RCon admin #3: (Global) Server will restart in 5 minutes: Prepare to Logout
﻿00:38:46 : Player #3 Buk Lau disconnected
﻿00:39:20 : RCon admin #3: (Global) The Server is about to restart. LOG OUT NOW OR YOUR GEAR MAY BE LOST!!
﻿00:39:44 : Player #1 J0k3r disconnected
﻿00:40:15 : Player #4 Daryl disconnected
﻿00:40:50 : RCon admin #3: (Global) YOU SHOULD BE LOGGED OUT BY NOW! IF YOU ARENT YOU WILL BE AUTO KICKED AND YOUR GEAR MAY BE LOST! NO REFUNDS!
﻿00:41:53 : Rcon client logging in
﻿00:41:53 : RCon admin #2 (78.31.67.100:61901) logged in
﻿00:42:16 : Player #0 PoPPe (84.202.146.3:5302) connected
﻿00:42:18 : Player #0 PoPPe - GUID: 50ebf5e911b3885accaa8bdeda7a0be1 (unverified)
﻿00:42:18 : Verified GUID (50ebf5e911b3885accaa8bdeda7a0be1) of player #0 PoPPe
﻿00:42:18 : Player #0 PoPPe - Legacy GUID: 6a552aab940ca1d7d59d0ac5d4f2fc27
﻿00:42:51 : Player #1 Daryl (98.214.84.195:5302) connected
﻿00:42:52 : Player #1 Daryl - GUID: 9ff12bbf37cc10cacf0f150067d6553e (unverified)
﻿00:42:52 : Verified GUID (9ff12bbf37cc10cacf0f150067d6553e) of player #1 Daryl
﻿00:42:53 : Player #1 Daryl - Legacy GUID: 53a09858e6fdf1c2a27f3c0abbff1f5d
﻿00:43:34 : Player #2 Buk Lau (76.100.221.30:5302) connected
﻿00:43:35 : Player #2 Buk Lau - GUID: f0549bf0121c1c8168a09923585a5eb4 (unverified)
﻿00:43:36 : Verified GUID (f0549bf0121c1c8168a09923585a5eb4) of player #2 Buk Lau
﻿00:43:36 : Player #2 Buk Lau - Legacy GUID: 60bd3373a356fe041515b7b38832e2a8
﻿00:49:28 : Player #3 GageB_Snipin (216.238.255.90:2304) connected
﻿00:49:31 : Player #3 GageB_Snipin - Legacy GUID: e544245a77535132dc44700b88e4445b
﻿00:49:31 : Player #3 GageB_Snipin - GUID: 401b7f99f22dfc6f8f8976b76ad02113 (unverified)
﻿00:49:31 : Verified GUID (401b7f99f22dfc6f8f8976b76ad02113) of player #3 GageB_Snipin
﻿00:49:31 : Player #3 GageB_Snipin disconnected
﻿00:51:29 : Player #3 GageB_Snipin (216.238.255.90:2304) connected
﻿00:51:31 : Player #3 GageB_Snipin - GUID: 401b7f99f22dfc6f8f8976b76ad02113 (unverified)
﻿00:51:31 : Player #3 GageB_Snipin - Legacy GUID: e544245a77535132dc44700b88e4445b
﻿00:51:32 : Verified GUID (401b7f99f22dfc6f8f8976b76ad02113) of player #3 GageB_Snipin
﻿00:51:32 : Player #3 GageB_Snipin disconnected
﻿00:54:02 : Player #3 Napoli (217.132.46.197:5302) connected
﻿00:54:04 : Player #3 Napoli - GUID: 7c387779e24cf57ff3f26a148d9f2c2e (unverified)
﻿00:54:04 : Verified GUID (7c387779e24cf57ff3f26a148d9f2c2e) of player #3 Napoli
﻿00:54:04 : Player #3 Napoli - Legacy GUID: 09857be604144881652a632da2f42807
﻿00:54:10 : Player #4 GageB_Snipin (216.238.255.90:2304) connected
﻿00:54:11 : Player #4 GageB_Snipin - GUID: 401b7f99f22dfc6f8f8976b76ad02113 (unverified)
﻿00:54:12 : Verified GUID (401b7f99f22dfc6f8f8976b76ad02113) of player #4 GageB_Snipin
﻿00:54:12 : Player #4 GageB_Snipin disconnected
﻿00:55:54 : RCon admin #2: (Global) Vehicles left in trader zones at restarts will be moved to the vehicle pound and unlocked
﻿01:04:32 : Player #4 Ryan (174.193.138.77:4418) connected
﻿01:04:34 : Player #4 Ryan - GUID: e7ac67e38ae9181536dfc0ef4d9294ce (unverified)
﻿01:04:34 : Verified GUID (e7ac67e38ae9181536dfc0ef4d9294ce) of player #4 Ryan
﻿01:04:35 : Player #4 Ryan - Legacy GUID: 61e57892a3113be48246cf2f5f0272d3
﻿01:06:54 : RCon admin #2: (Global) Admins: LWB, Sierra and Turmoil
﻿01:07:44 : Player #0 PoPPe disconnected
﻿01:20:54 : RCon admin #2: (Global) BASES MUST BE MAINTAINED VIA THE PLOT POLE EVERY 7 DAYS!!
﻿01:25:54 : RCon admin #2: (Global) Vehicles left in trader zones at restarts will be moved to the vehicle pound and unlocked
﻿01:33:05 : Player #0 CupOhNoodle (72.35.115.185:5302) connected
﻿01:33:07 : Player #0 CupOhNoodle - GUID: a52160bdc1d1b0d489301e19a40b69a0 (unverified)
﻿01:33:07 : Verified GUID (a52160bdc1d1b0d489301e19a40b69a0) of player #0 CupOhNoodle
﻿01:33:07 : Player #0 CupOhNoodle - Legacy GUID: 30793c6421e1e0139ec2c39d2a49959d
﻿01:35:39 : Player #5 Rhys Porter (188.220.64.233:5302) connected
﻿01:35:40 : Player #5 Rhys Porter - GUID: 719a2b2b1592f68d44446a7cb441a7bb (unverified)
﻿01:35:41 : Verified GUID (719a2b2b1592f68d44446a7cb441a7bb) of player #5 Rhys Porter
﻿01:35:41 : Player #5 Rhys Porter - Legacy GUID: c2809ca7ee3ec42058a8d740baf929f8
﻿01:36:54 : RCon admin #2: (Global) Admins: LWB, Sierra and Turmoil
﻿01:38:48 : Player #6 KADE (72.204.2.54:5302) connected
﻿01:38:50 : Player #6 KADE - GUID: f4b63daaa6455dc4db39f67a15fb1ea0 (unverified)
﻿01:38:50 : Verified GUID (f4b63daaa6455dc4db39f67a15fb1ea0) of player #6 KADE
﻿01:38:51 : Player #6 KADE - Legacy GUID: 2cad7acdfa8611071d85c9f86eb67d38
﻿01:50:54 : RCon admin #2: (Global) BASES MUST BE MAINTAINED VIA THE PLOT POLE EVERY 7 DAYS!!
﻿01:51:39 : Player #5 Rhys Porter disconnected
﻿01:55:54 : RCon admin #2: (Global) Vehicles left in trader zones at restarts will be moved to the vehicle pound and unlocked
﻿02:06:54 : RCon admin #2: (Global) Admins: LWB, Sierra and Turmoil
﻿02:16:33 : Player #2 Buk Lau disconnected
﻿02:16:59 : RCon admin #0 (109.145.123.124:57386) logged in
﻿02:20:54 : RCon admin #2: (Global) BASES MUST BE MAINTAINED VIA THE PLOT POLE EVERY 7 DAYS!!
﻿02:25:54 : RCon admin #2: (Global) Vehicles left in trader zones at restarts will be moved to the vehicle pound and unlocked
﻿02:31:43 : Player #4 Ryan disconnected
﻿02:36:54 : RCon admin #2: (Global) Admins: LWB, Sierra and Turmoil
﻿02:50:54 : RCon admin #2: (Global) BASES MUST BE MAINTAINED VIA THE PLOT POLE EVERY 7 DAYS!!
﻿02:55:53 : RCon admin #2: (Global) Vehicles left in trader zones at restarts will be moved to the vehicle pound and unlocked
﻿02:56:25 : Player #6 KADE disconnected
﻿02:56:34 : Player #0 CupOhNoodle disconnected
﻿03:01:54 : RCon admin #2: (Global) Server will restart in 10 minutes
﻿03:04:45 : Player #0 [GFL]NationalGaurdSquad (174.102.213.8:5302) connected
﻿03:04:46 : Player #0 [GFL]NationalGaurdSquad - GUID: 91dd83603412d2d53ece922cb68280c8 (unverified)
﻿03:04:47 : Verified GUID (91dd83603412d2d53ece922cb68280c8) of player #0 [GFL]NationalGaurdSquad
﻿03:04:47 : Player #0 [GFL]NationalGaurdSquad - Legacy GUID: 7d34dfa837aeadb1075ce0accb0d47c0
﻿03:06:16 : Player #2 Alex (5.141.229.249:25804) connected
﻿03:06:17 : Player #2 Alex - GUID: 237fa1d17dd7a2174e738ce6b469aa8a (unverified)
﻿03:06:18 : Player #2 Alex - Legacy GUID: afef4d905301ea27dec1372be6713964
﻿03:06:18 : Verified GUID (237fa1d17dd7a2174e738ce6b469aa8a) of player #2 Alex
﻿03:06:54 : RCon admin #2: (Global) Admins: LWB, Sierra and Turmoil
﻿03:06:54 : RCon admin #2: (Global) Server will restart in 5 minutes: Prepare to Logout
﻿03:08:51 : RCon admin #1 (109.145.123.124:61816) logged in
﻿03:09:31 : Player #2 Alex disconnected
﻿03:09:54 : RCon admin #2: (Global) The Server is about to restart. LOG OUT NOW OR YOUR GEAR MAY BE LOST!!
﻿03:11:24 : RCon admin #2: (Global) YOU SHOULD BE LOGGED OUT BY NOW! IF YOU ARENT YOU WILL BE AUTO KICKED AND YOUR GEAR MAY BE LOST! NO REFUNDS!
﻿03:11:43 : Player #1 Daryl disconnected
﻿03:12:28 : Rcon client logging in
﻿03:12:28 : RCon admin #1 (78.31.67.100:59322) logged in
﻿03:18:53 : Player #0 [GFL]NationalGaurdSquad (174.102.213.8:5302) connected
﻿03:18:54 : Player #0 [GFL]NationalGaurdSquad - GUID: 91dd83603412d2d53ece922cb68280c8 (unverified)
﻿03:18:54 : Verified GUID (91dd83603412d2d53ece922cb68280c8) of player #0 [GFL]NationalGaurdSquad
﻿03:18:55 : Player #0 [GFL]NationalGaurdSquad - Legacy GUID: 7d34dfa837aeadb1075ce0accb0d47c0
﻿03:26:29 : RCon admin #1: (Global) Vehicles left in trader zones at restarts will be moved to the vehicle pound and unlocked
﻿03:30:51 : Player #1 Napoli (217.132.46.197:5302) connected
﻿03:30:53 : Player #1 Napoli - GUID: 7c387779e24cf57ff3f26a148d9f2c2e (unverified)
﻿03:30:53 : Verified GUID (7c387779e24cf57ff3f26a148d9f2c2e) of player #1 Napoli
﻿03:30:53 : Player #1 Napoli - Legacy GUID: 09857be604144881652a632da2f42807
﻿03:35:22 : Player #0 [GFL]NationalGaurdSquad disconnected
﻿03:37:29 : RCon admin #1: (Global) Admins: LWB, Sierra and Turmoil
﻿03:40:51 : Player #0 SEN ONE (99.109.93.28:5302) connected
﻿03:40:53 : Player #0 SEN ONE - GUID: e2ff22d2684d500cb28117a914a3e614 (unverified)
﻿03:40:54 : Verified GUID (e2ff22d2684d500cb28117a914a3e614) of player #0 SEN ONE
﻿03:40:54 : Player #0 SEN ONE - Legacy GUID: ea9613e4e7f55895ce807e57e548c240
﻿03:44:53 : Player #0 SEN ONE disconnected
﻿03:46:22 : Player #0 SEN ONE (99.109.93.28:5302) connected
﻿03:46:24 : Player #0 SEN ONE - GUID: e2ff22d2684d500cb28117a914a3e614 (unverified)
﻿03:46:24 : Verified GUID (e2ff22d2684d500cb28117a914a3e614) of player #0 SEN ONE
﻿03:46:25 : Player #0 SEN ONE - Legacy GUID: ea9613e4e7f55895ce807e57e548c240
﻿03:51:29 : RCon admin #1: (Global) BASES MUST BE MAINTAINED VIA THE PLOT POLE EVERY 7 DAYS!!
﻿03:56:29 : RCon admin #1: (Global) Vehicles left in trader zones at restarts will be moved to the vehicle pound and unlocked
﻿04:07:29 : RCon admin #1: (Global) Admins: LWB, Sierra and Turmoil
﻿04:21:29 : RCon admin #1: (Global) BASES MUST BE MAINTAINED VIA THE PLOT POLE EVERY 7 DAYS!!
﻿04:23:14 : Player #2 Daryl (98.214.84.195:5302) connected
﻿04:23:16 : Player #2 Daryl - GUID: 9ff12bbf37cc10cacf0f150067d6553e (unverified)
﻿04:23:16 : Verified GUID (9ff12bbf37cc10cacf0f150067d6553e) of player #2 Daryl
﻿04:23:17 : Player #2 Daryl - Legacy GUID: 53a09858e6fdf1c2a27f3c0abbff1f5d
﻿04:26:29 : RCon admin #1: (Global) Vehicles left in trader zones at restarts will be moved to the vehicle pound and unlocked
﻿04:27:09 : Player #2 Daryl disconnected
﻿04:27:27 : Player #2 Daryl (98.214.84.195:5302) connected
﻿04:27:28 : Player #2 Daryl - GUID: 9ff12bbf37cc10cacf0f150067d6553e (unverified)
﻿04:27:28 : Verified GUID (9ff12bbf37cc10cacf0f150067d6553e) of player #2 Daryl
﻿04:27:29 : Player #2 Daryl - Legacy GUID: 53a09858e6fdf1c2a27f3c0abbff1f5d
﻿04:32:08 : RCon admin #2 (109.145.123.124:63699) logged in
﻿04:37:29 : RCon admin #1: (Global) Admins: LWB, Sierra and Turmoil
﻿04:45:00 : Player #3 Hawk (12.36.236.50:5302) connected
﻿04:45:01 : Player #3 Hawk - GUID: 19d565ed050d008452034fcdff721db5 (unverified)
﻿04:45:01 : Verified GUID (19d565ed050d008452034fcdff721db5) of player #3 Hawk
﻿04:45:02 : Player #3 Hawk - Legacy GUID: a42a5d170de5ae8b2bb2772e4ae744b7
﻿04:45:04 : Player #3 Hawk disconnected
﻿04:51:29 : RCon admin #1: (Global) BASES MUST BE MAINTAINED VIA THE PLOT POLE EVERY 7 DAYS!!
﻿04:52:12 : Player #3 Arthur (193.60.99.144:5302) connected
﻿04:52:14 : Player #3 Arthur - GUID: a750a4c904029d18c3eda990a24f3826 (unverified)
﻿04:52:14 : Verified GUID (a750a4c904029d18c3eda990a24f3826) of player #3 Arthur
﻿04:52:14 : Player #3 Arthur - Legacy GUID: 659d3c5fc606f258d208ddff7fcd3fa2
﻿04:55:50 : Player #4 Hawk (12.36.236.50:5302) connected
﻿04:55:51 : Player #4 Hawk - GUID: 19d565ed050d008452034fcdff721db5 (unverified)
﻿04:55:52 : Verified GUID (19d565ed050d008452034fcdff721db5) of player #4 Hawk
﻿04:55:52 : Player #4 Hawk - Legacy GUID: a42a5d170de5ae8b2bb2772e4ae744b7
﻿04:56:10 : Player #4 Hawk disconnected
﻿04:56:29 : RCon admin #1: (Global) Vehicles left in trader zones at restarts will be moved to the vehicle pound and unlocked
﻿05:07:29 : RCon admin #1: (Global) Admins: LWB, Sierra and Turmoil
﻿05:14:23 : Player #3 Arthur disconnected
﻿05:21:29 : RCon admin #1: (Global) BASES MUST BE MAINTAINED VIA THE PLOT POLE EVERY 7 DAYS!!
﻿05:26:29 : RCon admin #1: (Global) Vehicles left in trader zones at restarts will be moved to the vehicle pound and unlocked
﻿05:28:32 : RCon admin #0 (109.145.123.124:51911) logged in
﻿05:32:29 : RCon admin #1: (Global) Server will restart in 10 minutes
﻿05:37:29 : RCon admin #1: (Global) Admins: LWB, Sierra and Turmoil
﻿05:37:29 : RCon admin #1: (Global) Server will restart in 5 minutes: Prepare to Logout
﻿05:39:28 : Player #1 Napoli disconnected
﻿05:39:44 : Player #2 Daryl disconnected
﻿05:40:29 : RCon admin #1: (Global) The Server is about to restart. LOG OUT NOW OR YOUR GEAR MAY BE LOST!!
﻿05:41:59 : RCon admin #1: (Global) YOU SHOULD BE LOGGED OUT BY NOW! IF YOU ARENT YOU WILL BE AUTO KICKED AND YOUR GEAR MAY BE LOST! NO REFUNDS!
﻿05:43:02 : Rcon client logging in
﻿05:43:02 : RCon admin #2 (78.31.67.100:62622) logged in
﻿05:44:21 : Player #0 SEN ONE (99.109.93.28:5302) connected
﻿05:44:22 : Player #0 SEN ONE - GUID: e2ff22d2684d500cb28117a914a3e614 (unverified)
﻿05:44:23 : Verified GUID (e2ff22d2684d500cb28117a914a3e614) of player #0 SEN ONE
﻿05:44:23 : Player #0 SEN ONE - Legacy GUID: ea9613e4e7f55895ce807e57e548c240
﻿05:56:50 : Player #1 Napoli (217.132.46.197:5302) connected
﻿05:56:51 : Player #1 Napoli - GUID: 7c387779e24cf57ff3f26a148d9f2c2e (unverified)
﻿05:56:52 : Verified GUID (7c387779e24cf57ff3f26a148d9f2c2e) of player #1 Napoli
﻿05:56:52 : Player #1 Napoli - Legacy GUID: 09857be604144881652a632da2f42807
﻿05:57:02 : RCon admin #2: (Global) Vehicles left in trader zones at restarts will be moved to the vehicle pound and unlocked
﻿06:08:02 : RCon admin #2: (Global) Admins: LWB, Sierra and Turmoil
﻿06:22:02 : RCon admin #2: (Global) BASES MUST BE MAINTAINED VIA THE PLOT POLE EVERY 7 DAYS!!
﻿06:22:56 : Player #0 SEN ONE disconnected
﻿06:26:35 : Player #0 Collin (8.42.226.20:5302) connected
﻿06:26:37 : Player #0 Collin - GUID: 784fd49f7059430f8b01bbf2eaacdbb2 (unverified)
﻿06:26:37 : Verified GUID (784fd49f7059430f8b01bbf2eaacdbb2) of player #0 Collin
﻿06:26:38 : Player #0 Collin - Legacy GUID: afc19a0857d8d96001c83cf784fccbad
﻿06:26:59 : Player #0 Collin disconnected
﻿06:27:02 : RCon admin #2: (Global) Vehicles left in trader zones at restarts will be moved to the vehicle pound and unlocked
﻿06:28:35 : Player #0 Collin (8.42.226.20:5302) connected
﻿06:28:36 : Player #0 Collin - GUID: 784fd49f7059430f8b01bbf2eaacdbb2 (unverified)
﻿06:28:36 : Verified GUID (784fd49f7059430f8b01bbf2eaacdbb2) of player #0 Collin
﻿06:28:37 : Player #0 Collin - Legacy GUID: afc19a0857d8d96001c83cf784fccbad
﻿06:28:51 : Player #0 Collin disconnected
﻿06:29:46 : RCon admin #3 (109.145.123.124:55070) logged in
﻿06:30:10 : Player #0 Collin (8.42.226.20:5302) connected
﻿06:30:11 : Player #0 Collin - GUID: 784fd49f7059430f8b01bbf2eaacdbb2 (unverified)
﻿06:30:11 : Verified GUID (784fd49f7059430f8b01bbf2eaacdbb2) of player #0 Collin
﻿06:30:12 : Player #0 Collin - Legacy GUID: afc19a0857d8d96001c83cf784fccbad
﻿06:30:19 : Player #0 Collin disconnected
﻿06:33:46 : RCon admin #1 (109.145.123.124:56539) logged in
﻿06:33:56 : Player #0 Collin (8.42.226.20:5302) connected
﻿06:33:57 : Player #0 Collin - GUID: 784fd49f7059430f8b01bbf2eaacdbb2 (unverified)
﻿06:33:58 : Verified GUID (784fd49f7059430f8b01bbf2eaacdbb2) of player #0 Collin
﻿06:33:58 : Player #0 Collin - Legacy GUID: afc19a0857d8d96001c83cf784fccbad
﻿06:34:02 : Player #0 Collin disconnected
﻿06:38:02 : RCon admin #2: (Global) Admins: LWB, Sierra and Turmoil
﻿06:52:02 : RCon admin #2: (Global) BASES MUST BE MAINTAINED VIA THE PLOT POLE EVERY 7 DAYS!!
﻿06:54:34 : Player #0 OSVALDAS (91.187.190.77:5302) connected
﻿06:54:35 : Player #0 OSVALDAS - GUID: 3fceb3fb36cc572183b5e6250bd1a0d2 (unverified)
﻿06:54:36 : Verified GUID (3fceb3fb36cc572183b5e6250bd1a0d2) of player #0 OSVALDAS
﻿06:54:36 : Player #0 OSVALDAS - Legacy GUID: 154b75fd336f668816a3d6b643f1b38a
﻿06:54:53 : Player #0 OSVALDAS disconnected
﻿06:55:44 : Player #0 OSVALDAS (91.187.190.77:5302) connected
﻿06:55:46 : Player #0 OSVALDAS - GUID: 3fceb3fb36cc572183b5e6250bd1a0d2 (unverified)
﻿06:55:46 : Verified GUID (3fceb3fb36cc572183b5e6250bd1a0d2) of player #0 OSVALDAS
﻿06:55:46 : Player #0 OSVALDAS - Legacy GUID: 154b75fd336f668816a3d6b643f1b38a
﻿06:57:02 : RCon admin #2: (Global) Vehicles left in trader zones at restarts will be moved to the vehicle pound and unlocked
﻿07:03:18 : Player #0 OSVALDAS disconnected
﻿07:04:53 : Player #0 OSVALDAS (91.187.190.77:5302) connected
﻿07:04:54 : Player #0 OSVALDAS - GUID: 3fceb3fb36cc572183b5e6250bd1a0d2 (unverified)
﻿07:04:55 : Verified GUID (3fceb3fb36cc572183b5e6250bd1a0d2) of player #0 OSVALDAS
﻿07:04:55 : Player #0 OSVALDAS - Legacy GUID: 154b75fd336f668816a3d6b643f1b38a
﻿07:06:30 : Player #0 OSVALDAS disconnected
﻿07:08:02 : RCon admin #2: (Global) Admins: LWB, Sierra and Turmoil
﻿07:08:54 : Player #0 Robbys Gamer (178.8.111.93:5302) connected
﻿07:08:56 : Player #0 Robbys Gamer - GUID: 7c28c92461f5de0f83cd29e74ac8d912 (unverified)
﻿07:08:57 : Verified GUID (7c28c92461f5de0f83cd29e74ac8d912) of player #0 Robbys Gamer
﻿07:08:58 : Player #0 Robbys Gamer - Legacy GUID: 572620fa8651c62b194670c20206a1be
﻿07:09:08 : Player #0 Robbys Gamer disconnected
﻿07:10:29 : Player #1 Napoli disconnected
﻿07:14:04 : Player #0 Robbys Gamer (178.8.111.93:5302) connected
﻿07:14:06 : Player #0 Robbys Gamer - GUID: 7c28c92461f5de0f83cd29e74ac8d912 (unverified)
﻿07:14:06 : Verified GUID (7c28c92461f5de0f83cd29e74ac8d912) of player #0 Robbys Gamer
﻿07:14:06 : Player #0 Robbys Gamer - Legacy GUID: 572620fa8651c62b194670c20206a1be
﻿07:14:19 : Player #0 Robbys Gamer disconnected
﻿07:22:02 : RCon admin #2: (Global) BASES MUST BE MAINTAINED VIA THE PLOT POLE EVERY 7 DAYS!!
﻿07:27:02 : RCon admin #2: (Global) Vehicles left in trader zones at restarts will be moved to the vehicle pound and unlocked
﻿07:34:30 : Player #0 Robbys Gamer (178.8.111.93:5302) connected
﻿07:34:32 : Player #0 Robbys Gamer - GUID: 7c28c92461f5de0f83cd29e74ac8d912 (unverified)
﻿07:34:32 : Player #0 Robbys Gamer - Legacy GUID: 572620fa8651c62b194670c20206a1be
﻿07:34:32 : Verified GUID (7c28c92461f5de0f83cd29e74ac8d912) of player #0 Robbys Gamer
﻿07:38:02 : RCon admin #2: (Global) Admins: LWB, Sierra and Turmoil
﻿07:41:56 : Player #1 shut (178.125.49.125:5302) connected
﻿07:41:58 : Player #1 shut - GUID: 2139acd8dc85e7bf38833e3ccc019007 (unverified)
﻿07:41:58 : Player #1 shut - Legacy GUID: 7ec71f9450119eb95dd79e109c405949
﻿07:41:58 : Verified GUID (2139acd8dc85e7bf38833e3ccc019007) of player #1 shut
﻿07:52:02 : RCon admin #2: (Global) BASES MUST BE MAINTAINED VIA THE PLOT POLE EVERY 7 DAYS!!
﻿07:57:02 : RCon admin #2: (Global) Vehicles left in trader zones at restarts will be moved to the vehicle pound and unlocked
﻿08:03:02 : RCon admin #2: (Global) Server will restart in 10 minutes
﻿08:03:28 : RCon admin #0 (109.145.123.124:64126) logged in
﻿08:08:02 : RCon admin #2: (Global) Admins: LWB, Sierra and Turmoil
﻿08:08:03 : RCon admin #2: (Global) Server will restart in 5 minutes: Prepare to Logout
﻿08:11:02 : RCon admin #2: (Global) The Server is about to restart. LOG OUT NOW OR YOUR GEAR MAY BE LOST!!
﻿08:12:32 : RCon admin #2: (Global) YOU SHOULD BE LOGGED OUT BY NOW! IF YOU ARENT YOU WILL BE AUTO KICKED AND YOUR GEAR MAY BE LOST! NO REFUNDS!
﻿08:13:36 : Rcon client logging in
﻿08:13:36 : RCon admin #1 (78.31.67.100:63461) logged in
﻿08:16:18 : Player #0 Robbys Gamer (178.8.111.93:5302) connected
﻿08:16:19 : Player #0 Robbys Gamer - GUID: 7c28c92461f5de0f83cd29e74ac8d912 (unverified)
﻿08:16:19 : Verified GUID (7c28c92461f5de0f83cd29e74ac8d912) of player #0 Robbys Gamer
﻿08:16:20 : Player #0 Robbys Gamer - Legacy GUID: 572620fa8651c62b194670c20206a1be
﻿08:27:37 : RCon admin #1: (Global) Vehicles left in trader zones at restarts will be moved to the vehicle pound and unlocked
﻿08:38:37 : RCon admin #1: (Global) Admins: LWB, Sierra and Turmoil
﻿08:40:42 : Player #1 J0k3r (84.159.129.124:5302) connected
﻿08:40:43 : Player #1 J0k3r - GUID: 653286731dbb0c0a39a6b01970a014d4 (unverified)
﻿08:40:44 : Verified GUID (653286731dbb0c0a39a6b01970a014d4) of player #1 J0k3r
﻿08:40:44 : Player #1 J0k3r - Legacy GUID: 268a45a07d0cfb32181c45a094f39c6b
﻿08:52:37 : RCon admin #1: (Global) BASES MUST BE MAINTAINED VIA THE PLOT POLE EVERY 7 DAYS!!
﻿08:57:37 : RCon admin #1: (Global) Vehicles left in trader zones at restarts will be moved to the vehicle pound and unlocked
﻿09:08:37 : RCon admin #1: (Global) Admins: LWB, Sierra and Turmoil
﻿09:12:49 : Player #2 Napoli (217.132.46.197:5302) connected
﻿09:12:51 : Player #2 Napoli - GUID: 7c387779e24cf57ff3f26a148d9f2c2e (unverified)
﻿09:12:51 : Verified GUID (7c387779e24cf57ff3f26a148d9f2c2e) of player #2 Napoli
﻿09:12:51 : Player #2 Napoli - Legacy GUID: 09857be604144881652a632da2f42807
﻿09:22:37 : RCon admin #1: (Global) BASES MUST BE MAINTAINED VIA THE PLOT POLE EVERY 7 DAYS!!
﻿09:27:37 : RCon admin #1: (Global) Vehicles left in trader zones at restarts will be moved to the vehicle pound and unlocked
﻿09:38:37 : RCon admin #1: (Global) Admins: LWB, Sierra and Turmoil
﻿09:47:01 : Player #0 Robbys Gamer disconnected
﻿09:52:37 : RCon admin #1: (Global) BASES MUST BE MAINTAINED VIA THE PLOT POLE EVERY 7 DAYS!!
﻿09:56:01 : Player #0 Din (94.45.195.124:5302) connected
﻿09:56:02 : Player #0 Din - GUID: 2f0d9ea96a1a2bec9e6677bab333ae7c (unverified)
﻿09:56:02 : Verified GUID (2f0d9ea96a1a2bec9e6677bab333ae7c) of player #0 Din
﻿09:56:03 : Player #0 Din - Legacy GUID: 3acfc2c50ff4722c17c085a5287e6999
﻿09:57:37 : RCon admin #1: (Global) Vehicles left in trader zones at restarts will be moved to the vehicle pound and unlocked
﻿10:06:44 : Player #3 Rocket (37.190.37.90:14705) connected
﻿10:06:46 : Player #3 Rocket - GUID: 7c8247ea4e0eb767bcdc0c99ed2d00f3 (unverified)
﻿10:06:46 : Player #3 Rocket - Legacy GUID: 7d4e0a95d1bbefedfa38fedaad9e6c5b
﻿10:06:46 : Verified GUID (7c8247ea4e0eb767bcdc0c99ed2d00f3) of player #3 Rocket
﻿10:08:37 : RCon admin #1: (Global) Admins: LWB, Sierra and Turmoil
﻿10:17:31 : RCon admin #2 (109.145.123.124:51075) logged in
﻿10:22:37 : RCon admin #1: (Global) BASES MUST BE MAINTAINED VIA THE PLOT POLE EVERY 7 DAYS!!
﻿10:27:37 : RCon admin #1: (Global) Vehicles left in trader zones at restarts will be moved to the vehicle pound and unlocked
﻿10:29:27 : Player #2 Napoli disconnected
﻿10:33:37 : RCon admin #1: (Global) Server will restart in 10 minutes
﻿10:38:37 : RCon admin #1: (Global) Admins: LWB, Sierra and Turmoil
﻿10:38:37 : RCon admin #1: (Global) Server will restart in 5 minutes: Prepare to Logout
﻿10:38:51 : Player #1 J0k3r disconnected
﻿10:41:15 : Player #0 Din disconnected
﻿10:41:37 : RCon admin #1: (Global) The Server is about to restart. LOG OUT NOW OR YOUR GEAR MAY BE LOST!!
﻿10:41:47 : Player #3 Rocket disconnected
﻿10:43:07 : RCon admin #1: (Global) YOU SHOULD BE LOGGED OUT BY NOW! IF YOU ARENT YOU WILL BE AUTO KICKED AND YOUR GEAR MAY BE LOST! NO REFUNDS!
﻿10:44:10 : Rcon client logging in
﻿10:44:10 : RCon admin #1 (78.31.67.100:53457) logged in
﻿10:45:32 : Player #0 Din (94.45.195.124:5302) connected
﻿10:45:33 : Player #0 Din - GUID: 2f0d9ea96a1a2bec9e6677bab333ae7c (unverified)
﻿10:45:33 : Verified GUID (2f0d9ea96a1a2bec9e6677bab333ae7c) of player #0 Din
﻿10:45:33 : Player #0 Din - Legacy GUID: 3acfc2c50ff4722c17c085a5287e6999
﻿10:45:44 : Player #1 J0k3r (84.159.129.124:5302) connected
﻿10:45:46 : Player #1 J0k3r - GUID: 653286731dbb0c0a39a6b01970a014d4 (unverified)
﻿10:45:46 : Verified GUID (653286731dbb0c0a39a6b01970a014d4) of player #1 J0k3r
﻿10:45:46 : Player #1 J0k3r - Legacy GUID: 268a45a07d0cfb32181c45a094f39c6b
﻿10:50:34 : Player #2 Buk Lau (76.100.221.30:5302) connected
﻿10:50:35 : Player #2 Buk Lau - GUID: f0549bf0121c1c8168a09923585a5eb4 (unverified)
﻿10:50:35 : Verified GUID (f0549bf0121c1c8168a09923585a5eb4) of player #2 Buk Lau
﻿10:50:36 : Player #2 Buk Lau - Legacy GUID: 60bd3373a356fe041515b7b38832e2a8
﻿10:58:11 : RCon admin #1: (Global) Vehicles left in trader zones at restarts will be moved to the vehicle pound and unlocked
﻿11:09:11 : RCon admin #1: (Global) Admins: LWB, Sierra and Turmoil
﻿11:11:00 : Player #3 Skif (84.168.18.17:5302) connected
﻿11:11:01 : Player #3 Skif - GUID: a330361562709231fa9b561bbe4f6c1a (unverified)
﻿11:11:02 : Verified GUID (a330361562709231fa9b561bbe4f6c1a) of player #3 Skif
﻿11:11:02 : Player #3 Skif - Legacy GUID: dd11d32373f8b6224d032c14d8971a70
﻿11:15:10 : Player #4 PoPPe (84.202.146.3:5302) connected
﻿11:15:11 : Player #4 PoPPe - GUID: 50ebf5e911b3885accaa8bdeda7a0be1 (unverified)
﻿11:15:12 : Verified GUID (50ebf5e911b3885accaa8bdeda7a0be1) of player #4 PoPPe
﻿11:15:12 : Player #4 PoPPe - Legacy GUID: 6a552aab940ca1d7d59d0ac5d4f2fc27
﻿11:23:11 : RCon admin #1: (Global) BASES MUST BE MAINTAINED VIA THE PLOT POLE EVERY 7 DAYS!!
﻿11:24:09 : Player #3 Skif disconnected
﻿11:26:21 : RCon admin #2 (109.145.123.124:52792) logged in
﻿11:28:11 : RCon admin #1: (Global) Vehicles left in trader zones at restarts will be moved to the vehicle pound and unlocked
﻿11:32:16 : Player #3 Tim (178.84.77.171:5302) connected
﻿11:32:17 : Player #3 Tim - GUID: 0d4c8f575ba650873e7a3c7c0769ccb4 (unverified)
﻿11:32:17 : Verified GUID (0d4c8f575ba650873e7a3c7c0769ccb4) of player #3 Tim
﻿11:32:18 : Player #3 Tim - Legacy GUID: 58ce777a983666264da908aa5559e03d
﻿11:32:44 : Player #5 Energy2Lord (80.60.2.75:5302) connected
﻿11:32:45 : Player #5 Energy2Lord - GUID: aa31857bea106822382b1c683bcd7921 (unverified)
﻿11:32:46 : Verified GUID (aa31857bea106822382b1c683bcd7921) of player #5 Energy2Lord
﻿11:32:46 : Player #5 Energy2Lord - Legacy GUID: cda4f29f263898d0e2d0293300574443
﻿11:33:59 : Player #6 Skif (84.168.18.17:5302) connected
﻿11:34:00 : Player #6 Skif - GUID: a330361562709231fa9b561bbe4f6c1a (unverified)
﻿11:34:01 : Verified GUID (a330361562709231fa9b561bbe4f6c1a) of player #6 Skif
﻿11:34:01 : Player #6 Skif - Legacy GUID: dd11d32373f8b6224d032c14d8971a70
﻿11:34:02 : Player #6 Skif disconnected
﻿11:39:11 : RCon admin #1: (Global) Admins: LWB, Sierra and Turmoil
﻿11:40:01 : Player #6 Gamer007 (212.14.0.106:39030) connected
﻿11:40:02 : Player #6 Gamer007 - GUID: 07534d1549dd6c1e7911d6fd69b0af2d (unverified)
﻿11:40:03 : Player #6 Gamer007 - Legacy GUID: 9be5c699790e2a2bfe895d8e551b7efc
﻿11:40:03 : Verified GUID (07534d1549dd6c1e7911d6fd69b0af2d) of player #6 Gamer007
﻿11:40:07 : Player #6 Gamer007 disconnected
﻿11:53:11 : RCon admin #1: (Global) BASES MUST BE MAINTAINED VIA THE PLOT POLE EVERY 7 DAYS!!
﻿11:58:11 : RCon admin #1: (Global) Vehicles left in trader zones at restarts will be moved to the vehicle pound and unlocked
﻿11:59:26 : Player #6 MacManBob (87.50.14.41:5302) connected
﻿11:59:27 : Player #6 MacManBob - GUID: 823a9a7af0c21a5da94feeebcc8fabd3 (unverified)
﻿11:59:28 : Player #6 MacManBob - Legacy GUID: af41045637641cb4e556201c28b6f985
﻿11:59:28 : Verified GUID (823a9a7af0c21a5da94feeebcc8fabd3) of player #6 MacManBob
﻿12:01:26 : Player #1 J0k3r disconnected
﻿12:02:05 : Player #1 Gamer007 (212.14.0.106:39030) connected
﻿12:02:06 : Player #1 Gamer007 disconnected
﻿12:02:18 : Player #1 J0k3r (84.159.129.124:5302) connected
﻿12:02:19 : Player #1 J0k3r - GUID: 653286731dbb0c0a39a6b01970a014d4 (unverified)
﻿12:02:20 : Verified GUID (653286731dbb0c0a39a6b01970a014d4) of player #1 J0k3r
﻿12:02:21 : Player #1 J0k3r - Legacy GUID: 268a45a07d0cfb32181c45a094f39c6b
﻿12:03:14 : Player #0 Din disconnected
﻿12:03:51 : Player #0 James (82.41.226.207:5302) connected
﻿12:03:52 : Player #0 James - GUID: 8a0e658485fb752a5be948a13c7f5678 (unverified)
﻿12:03:53 : Verified GUID (8a0e658485fb752a5be948a13c7f5678) of player #0 James
﻿12:03:53 : Player #0 James - Legacy GUID: cf911038396a1d2878475c711df2a12a
﻿12:07:13 : Player #0 James disconnected
﻿12:09:11 : RCon admin #1: (Global) Admins: LWB, Sierra and Turmoil
﻿12:09:40 : Player #1 J0k3r disconnected
﻿12:23:11 : RCon admin #1: (Global) BASES MUST BE MAINTAINED VIA THE PLOT POLE EVERY 7 DAYS!!
﻿12:26:15 : Player #2 Buk Lau disconnected
﻿12:28:11 : RCon admin #1: (Global) Vehicles left in trader zones at restarts will be moved to the vehicle pound and unlocked
﻿12:39:11 : RCon admin #1: (Global) Admins: LWB, Sierra and Turmoil
﻿12:39:31 : Player #0 Der Boss (91.0.121.72:5302) connected
﻿12:39:32 : Player #0 Der Boss - GUID: b8aa47aeb237b8645ef3c31f8a320039 (unverified)
﻿12:39:32 : Verified GUID (b8aa47aeb237b8645ef3c31f8a320039) of player #0 Der Boss
﻿12:39:33 : Player #0 Der Boss - Legacy GUID: d7dddef03e4645ac1ffbb193219da72d
﻿12:39:42 : Player #0 Der Boss disconnected
﻿12:44:11 : Player #0 FIL (194.28.205.104:5302) connected
﻿12:44:12 : Player #0 FIL - GUID: 2c39d7b0811f5bca0ced2666ded0a147 (unverified)
﻿12:44:13 : Verified GUID (2c39d7b0811f5bca0ced2666ded0a147) of player #0 FIL
﻿12:44:13 : Player #0 FIL - Legacy GUID: 29587c66547628abfa4fa913b483daa7
﻿12:46:09 : Player #0 FIL (2c39d7b0811f5bca0ced2666ded0a147) has been kicked by BattlEye: PublicVariable Restriction #2
﻿12:51:25 : Player #0 Beastiboy (109.45.2.45:62195) connected
﻿12:51:27 : Player #0 Beastiboy - GUID: 936a425caa1da69d4565676ad370e0d0 (unverified)
﻿12:51:27 : Player #0 Beastiboy - Legacy GUID: b4c68b307db036e1593c0b08e81d467e
﻿12:51:28 : Verified GUID (936a425caa1da69d4565676ad370e0d0) of player #0 Beastiboy
﻿12:52:26 : Player #1 ded (5.167.152.21:33228) connected
﻿12:52:27 : Player #1 ded - GUID: e85eae2ca880e4230d0e1fb730c90c02 (unverified)
﻿12:52:28 : Verified GUID (e85eae2ca880e4230d0e1fb730c90c02) of player #1 ded
﻿12:52:28 : Player #1 ded - Legacy GUID: eb286d9cf0901fa29654922870928fa0
﻿12:53:11 : RCon admin #1: (Global) BASES MUST BE MAINTAINED VIA THE PLOT POLE EVERY 7 DAYS!!
﻿12:55:53 : Player #6 MacManBob (823a9a7af0c21a5da94feeebcc8fabd3) has been kicked by BattlEye: Client not responding
﻿12:58:10 : RCon admin #1: (Global) Vehicles left in trader zones at restarts will be moved to the vehicle pound and unlocked
﻿13:04:11 : RCon admin #1: (Global) Server will restart in 10 minutes
﻿13:04:48 : Player #2 FireWell (194.28.205.104:5302) connected
﻿13:04:50 : Player #2 FireWell - GUID: 2c39d7b0811f5bca0ced2666ded0a147 (unverified)
﻿13:04:50 : Player #2 FireWell - Legacy GUID: 29587c66547628abfa4fa913b483daa7
﻿13:04:50 : Verified GUID (2c39d7b0811f5bca0ced2666ded0a147) of player #2 FireWell
﻿13:06:23 : Player #2 FireWell (2c39d7b0811f5bca0ced2666ded0a147) has been kicked by BattlEye: PublicVariable Restriction #2
﻿13:06:42 : Player #2 Din (94.45.195.124:5302) connected
﻿13:06:43 : Player #2 Din - GUID: 2f0d9ea96a1a2bec9e6677bab333ae7c (unverified)
﻿13:06:43 : Verified GUID (2f0d9ea96a1a2bec9e6677bab333ae7c) of player #2 Din
﻿13:06:44 : Player #2 Din - Legacy GUID: 3acfc2c50ff4722c17c085a5287e6999
﻿13:08:33 : Player #3 Tim disconnected
﻿13:09:11 : RCon admin #1: (Global) Admins: LWB, Sierra and Turmoil
﻿13:09:11 : RCon admin #1: (Global) Server will restart in 5 minutes: Prepare to Logout
﻿13:12:11 : RCon admin #1: (Global) The Server is about to restart. LOG OUT NOW OR YOUR GEAR MAY BE LOST!!
﻿13:13:16 : Player #0 Beastiboy disconnected
﻿13:13:41 : RCon admin #1: (Global) YOU SHOULD BE LOGGED OUT BY NOW! IF YOU ARENT YOU WILL BE AUTO KICKED AND YOUR GEAR MAY BE LOST! NO REFUNDS!
﻿13:18:01 : Rcon client logging in
﻿13:18:01 : RCon admin #2 (78.31.67.100:51829) logged in
﻿13:18:16 : Player #2 PoPPe (84.202.146.3:5302) connected
﻿13:18:17 : Player #2 PoPPe - GUID: 50ebf5e911b3885accaa8bdeda7a0be1 (unverified)
﻿13:18:18 : Verified GUID (50ebf5e911b3885accaa8bdeda7a0be1) of player #2 PoPPe
﻿13:18:18 : Player #2 PoPPe - Legacy GUID: 6a552aab940ca1d7d59d0ac5d4f2fc27
﻿13:21:15 : Player #3 ded (5.167.152.21:33228) connected
﻿13:21:17 : Player #3 ded - GUID: e85eae2ca880e4230d0e1fb730c90c02 (unverified)
﻿13:21:17 : Verified GUID (e85eae2ca880e4230d0e1fb730c90c02) of player #3 ded
﻿13:21:17 : Player #3 ded - Legacy GUID: eb286d9cf0901fa29654922870928fa0
﻿13:23:05 : Player #4 Robbys Gamer (178.8.111.93:5302) connected
﻿13:23:06 : Player #4 Robbys Gamer - GUID: 7c28c92461f5de0f83cd29e74ac8d912 (unverified)
﻿13:23:07 : Verified GUID (7c28c92461f5de0f83cd29e74ac8d912) of player #4 Robbys Gamer
﻿13:23:07 : Player #4 Robbys Gamer - Legacy GUID: 572620fa8651c62b194670c20206a1be
﻿13:27:13 : Player #5 Josh (213.120.51.13:5302) connected
﻿13:27:14 : Player #5 Josh - GUID: 8e5a3a3d5d08855afb45e635b24eb27a (unverified)
﻿13:27:14 : Verified GUID (8e5a3a3d5d08855afb45e635b24eb27a) of player #5 Josh
﻿13:27:15 : Player #5 Josh - Legacy GUID: 71b0d1d55eaf8b78889281c5727d1a5e
﻿13:32:02 : RCon admin #2: (Global) Vehicles left in trader zones at restarts will be moved to the vehicle pound and unlocked
﻿13:33:56 : Player #6 James (82.41.226.207:5302) connected
﻿13:33:57 : Player #6 James - GUID: 8a0e658485fb752a5be948a13c7f5678 (unverified)
﻿13:33:57 : Verified GUID (8a0e658485fb752a5be948a13c7f5678) of player #6 James
﻿13:33:58 : Player #6 James - Legacy GUID: cf911038396a1d2878475c711df2a12a
﻿13:35:09 : Player #7 manta (86.179.54.13:5302) connected
﻿13:35:10 : Player #7 manta - GUID: 3a796943741fbe000d4bd422bfa374df (unverified)
﻿13:35:10 : Verified GUID (3a796943741fbe000d4bd422bfa374df) of player #7 manta
﻿13:35:11 : Player #7 manta - Legacy GUID: f0c4d7b7de263b1214706290e6e2a966
﻿13:40:34 : Player #7 manta disconnected
﻿13:43:02 : RCon admin #2: (Global) Admins: LWB, Sierra and Turmoil
﻿13:56:32 : Player #7 Bock (5.186.198.174:2304) connected
﻿13:56:33 : Player #7 Bock - GUID: 7db662f5bfbf2195f8e715ab674cf2d4 (unverified)
﻿13:56:34 : Verified GUID (7db662f5bfbf2195f8e715ab674cf2d4) of player #7 Bock
﻿13:56:34 : Player #7 Bock - Legacy GUID: 888629fc20a0d3426fd9445c55012ad5
﻿13:57:02 : RCon admin #2: (Global) BASES MUST BE MAINTAINED VIA THE PLOT POLE EVERY 7 DAYS!!
﻿14:02:02 : RCon admin #2: (Global) Vehicles left in trader zones at restarts will be moved to the vehicle pound and unlocked
﻿14:04:05 : Player #8 RainJack (178.64.96.92:5302) connected
﻿14:04:06 : Player #8 RainJack - GUID: 89a91600fb1b3134e1d9f899bc202b0a (unverified)
﻿14:04:07 : Verified GUID (89a91600fb1b3134e1d9f899bc202b0a) of player #8 RainJack
﻿14:04:07 : Player #8 RainJack - Legacy GUID: dc89f4f3b148c1190e39feb9ba70cd13
﻿14:08:40 : Player #8 RainJack disconnected
﻿14:13:02 : RCon admin #2: (Global) Admins: LWB, Sierra and Turmoil
﻿14:16:00 : Player #1 Beastiboy disconnected
﻿14:17:29 : Player #1 Kormit the Freg (81.129.108.36:5302) connected
﻿14:17:32 : Player #1 Kormit the Freg - GUID: 07193d19d41179204c3a8437b9b77c59 (unverified)
﻿14:17:32 : Verified GUID (07193d19d41179204c3a8437b9b77c59) of player #1 Kormit the Freg
﻿14:17:33 : Player #1 Kormit the Freg - Legacy GUID: d520f6773da9b11fe064e23edf1b3070
﻿14:19:08 : Player #8 LYD (82.41.226.125:5302) connected
﻿14:19:10 : Player #8 LYD - GUID: 976b9a75eedf87583a10222350c42fa8 (unverified)
﻿14:19:10 : Player #8 LYD - Legacy GUID: 43d715542736a82c1c17084a07761533
﻿14:19:10 : Verified GUID (976b9a75eedf87583a10222350c42fa8) of player #8 LYD
﻿14:25:33 : Player #9 Silas Lintrup (5.103.150.81:5302) connected
﻿14:25:34 : Player #9 Silas Lintrup - GUID: 6a5a58a087d97e43cf7389d6d5499074 (unverified)
﻿14:25:35 : Verified GUID (6a5a58a087d97e43cf7389d6d5499074) of player #9 Silas Lintrup
﻿14:25:35 : Player #9 Silas Lintrup - Legacy GUID: 6db3e7a4197f39e9c641128871fa093d
﻿14:27:02 : RCon admin #2: (Global) BASES MUST BE MAINTAINED VIA THE PLOT POLE EVERY 7 DAYS!!
﻿14:30:46 : Player #4 Robbys Gamer disconnected
﻿14:32:02 : RCon admin #2: (Global) Vehicles left in trader zones at restarts will be moved to the vehicle pound and unlocked
﻿14:34:59 : RCon admin #3 (109.145.123.124:56846) logged in
﻿14:36:14 : Player #8 LYD disconnected
﻿14:37:35 : Player #4 997 (89.67.63.218:2304) connected
﻿14:37:36 : Player #4 997 - GUID: 02ed733403835a8a8517265415d84023 (unverified)
﻿14:37:36 : Verified GUID (02ed733403835a8a8517265415d84023) of player #4 997
﻿14:37:37 : Player #4 997 - Legacy GUID: c9c653dd820194488bd099e2b5e7f454
﻿14:37:38 : Player #4 997 disconnected
﻿14:38:52 : Player #4 997 (89.67.63.218:5302) connected
﻿14:38:53 : Player #4 997 - GUID: 02ed733403835a8a8517265415d84023 (unverified)
﻿14:38:53 : Verified GUID (02ed733403835a8a8517265415d84023) of player #4 997
﻿14:38:54 : Player #4 997 - Legacy GUID: c9c653dd820194488bd099e2b5e7f454
﻿14:42:19 : Player #8 evoz (37.147.223.36:5302) connected
﻿14:42:21 : Player #8 evoz - GUID: 415c2bee6d068cb33dc4dec255e900b4 (unverified)
﻿14:42:21 : Player #8 evoz - Legacy GUID: 729524a6ce185fadb9ea07786b219455
﻿14:42:22 : Verified GUID (415c2bee6d068cb33dc4dec255e900b4) of player #8 evoz
﻿14:42:27 : Player #6 James disconnected
﻿14:42:42 : Player #6 HARDCORE (5.138.131.84:5302) connected
﻿14:42:44 : Player #6 HARDCORE - GUID: fc49669f903000f656cd8579ff3fdbd9 (unverified)
﻿14:42:44 : Player #6 HARDCORE - Legacy GUID: b28b7ef654a43f9e64dd058f744a1a09
﻿14:42:45 : Verified GUID (fc49669f903000f656cd8579ff3fdbd9) of player #6 HARDCORE
﻿14:42:58 : Player #4 997 disconnected
﻿14:43:02 : RCon admin #2: (Global) Admins: LWB, Sierra and Turmoil
﻿14:43:22 : RCon admin #1 (109.145.123.124:56230) logged in
﻿14:45:40 : Player #4 Robbys Gamer (178.8.111.93:5302) connected
﻿14:45:42 : Player #4 Robbys Gamer - GUID: 7c28c92461f5de0f83cd29e74ac8d912 (unverified)
﻿14:45:42 : Verified GUID (7c28c92461f5de0f83cd29e74ac8d912) of player #4 Robbys Gamer
﻿14:45:43 : Player #4 Robbys Gamer - Legacy GUID: 572620fa8651c62b194670c20206a1be
﻿14:47:09 : Player #5 Josh disconnected
﻿14:50:02 : Player #2 PoPPe (50ebf5e911b3885accaa8bdeda7a0be1) has been kicked by BattlEye: Client not responding
﻿14:51:16 : Player #4 Robbys Gamer disconnected
﻿14:51:27 : Player #0 Din (2f0d9ea96a1a2bec9e6677bab333ae7c) has been kicked by BattlEye: Client not responding
﻿14:57:02 : RCon admin #2: (Global) BASES MUST BE MAINTAINED VIA THE PLOT POLE EVERY 7 DAYS!!
﻿15:01:49 : Player #0 Energy2Lord (80.60.2.75:5302) connected
﻿15:01:50 : Player #0 Energy2Lord - GUID: aa31857bea106822382b1c683bcd7921 (unverified)
﻿15:01:51 : Verified GUID (aa31857bea106822382b1c683bcd7921) of player #0 Energy2Lord
﻿15:01:51 : Player #0 Energy2Lord - Legacy GUID: cda4f29f263898d0e2d0293300574443
﻿15:02:02 : RCon admin #2: (Global) Vehicles left in trader zones at restarts will be moved to the vehicle pound and unlocked
﻿15:05:38 : Player #2 Xattab (94.179.234.14:5302) connected
﻿15:05:40 : Player #2 Xattab - GUID: fb6ab78a3f9ab05bb40e6ff931e66f01 (unverified)
﻿15:05:41 : Verified GUID (fb6ab78a3f9ab05bb40e6ff931e66f01) of player #2 Xattab
﻿15:05:42 : Player #2 Xattab - Legacy GUID: 553633d7f2ca33605f2c837c3a49fc44
﻿15:08:14 : Player #4 Sam (85.145.134.160:39094) connected
﻿15:08:15 : Player #4 Sam - GUID: 1632bbe39ff1275c28761c7b3f3f0ea6 (unverified)
﻿15:08:15 : Verified GUID (1632bbe39ff1275c28761c7b3f3f0ea6) of player #4 Sam
﻿15:08:16 : Player #4 Sam - Legacy GUID: bab5bb3bd8a20168269110170448e6b3
﻿15:10:11 : Player #5 Tim (178.84.77.171:5302) connected
﻿15:10:13 : Player #5 Tim - GUID: 0d4c8f575ba650873e7a3c7c0769ccb4 (unverified)
﻿15:10:13 : Verified GUID (0d4c8f575ba650873e7a3c7c0769ccb4) of player #5 Tim
﻿15:10:14 : Player #5 Tim - Legacy GUID: 58ce777a983666264da908aa5559e03d
﻿15:10:22 : Player #5 Tim disconnected
﻿15:11:40 : Player #5 Tim (178.84.77.171:5302) connected
﻿15:11:41 : Player #5 Tim - GUID: 0d4c8f575ba650873e7a3c7c0769ccb4 (unverified)
﻿15:11:42 : Verified GUID (0d4c8f575ba650873e7a3c7c0769ccb4) of player #5 Tim
﻿15:11:42 : Player #5 Tim - Legacy GUID: 58ce777a983666264da908aa5559e03d
﻿15:13:02 : RCon admin #2: (Global) Admins: LWB, Sierra and Turmoil
﻿15:13:05 : Player #10 Dont touch my Tralala (80.130.124.246:5302) connected
﻿15:13:06 : Player #10 Dont touch my Tralala - GUID: 5d9bb33c738a6e2632cea27bd877e7c0 (unverified)
﻿15:13:06 : Verified GUID (5d9bb33c738a6e2632cea27bd877e7c0) of player #10 Dont touch my Tralala
﻿15:13:07 : Player #10 Dont touch my Tralala - Legacy GUID: ac41e7d0c4417d6412502654e9b2c503
﻿15:15:30 : Player #11 Black Angel (89.105.255.133:2304) connected
﻿15:15:32 : Player #11 Black Angel - GUID: ce9f8f5b44984f2bfd94fb70ccfee3fa (unverified)
﻿15:15:32 : Verified GUID (ce9f8f5b44984f2bfd94fb70ccfee3fa) of player #11 Black Angel
﻿15:15:32 : Player #11 Black Angel - Legacy GUID: a3900a5b2d638dd05ef2b5a9be59e07c
﻿15:19:01 : RCon admin #3 (109.145.123.124:61160) logged in
﻿15:21:09 : Player #1 Kormit the Freg disconnected
﻿15:26:49 : Player #1 herakles (213.150.254.1:5302) connected
﻿15:26:50 : Player #1 herakles - GUID: fc245a988fe93295fed6c67549cb19e3 (unverified)
﻿15:26:51 : Verified GUID (fc245a988fe93295fed6c67549cb19e3) of player #1 herakles
﻿15:26:51 : Player #1 herakles - Legacy GUID: a25ade83cc1c147ce006cd6a8b81f2d6
﻿15:27:02 : RCon admin #2: (Global) BASES MUST BE MAINTAINED VIA THE PLOT POLE EVERY 7 DAYS!!
﻿15:27:17 : Player #12 MacManBob (87.50.14.41:5302) connected
﻿15:27:19 : Player #12 MacManBob - GUID: 823a9a7af0c21a5da94feeebcc8fabd3 (unverified)
﻿15:27:19 : Verified GUID (823a9a7af0c21a5da94feeebcc8fabd3) of player #12 MacManBob
﻿15:27:19 : Player #12 MacManBob - Legacy GUID: af41045637641cb4e556201c28b6f985
﻿15:31:02 : Player #2 Xattab disconnected
﻿15:31:58 : Player #3 ded disconnected
﻿15:32:02 : RCon admin #2: (Global) Vehicles left in trader zones at restarts will be moved to the vehicle pound and unlocked
﻿15:38:02 : RCon admin #2: (Global) Server will restart in 10 minutes
﻿15:38:05 : Player #0 Energy2Lord disconnected
﻿15:38:17 : Player #0 Baum (217.86.79.66:5302) connected
﻿15:38:18 : Player #0 Baum - GUID: 27bccd0bf2e6c22fa0d221ca655e437f (unverified)
﻿15:38:18 : Verified GUID (27bccd0bf2e6c22fa0d221ca655e437f) of player #0 Baum
﻿15:38:19 : Player #0 Baum - Legacy GUID: abca2e562cc305fb1e58c89a7e119727
﻿15:38:39 : Player #2 Isaac (86.132.75.29:5302) connected
﻿15:38:40 : Player #2 Isaac - GUID: 8922c40e4260072c0690ee629d56d8b0 (unverified)
﻿15:38:41 : Player #2 Isaac - Legacy GUID: c37817ff544c0abbdaed73677b925117
﻿15:38:41 : Verified GUID (8922c40e4260072c0690ee629d56d8b0) of player #2 Isaac
﻿15:38:46 : Player #3 Bananenjoghurt (217.86.83.25:5302) connected
﻿15:38:47 : Player #3 Bananenjoghurt - GUID: 9a10c5e267e9a5a64c34f0e40f980c62 (unverified)
﻿15:38:48 : Verified GUID (9a10c5e267e9a5a64c34f0e40f980c62) of player #3 Bananenjoghurt
﻿15:38:48 : Player #3 Bananenjoghurt - Legacy GUID: 075d9ead32c341c05812bd509abffb7d
﻿15:40:52 : Player #7 Bock disconnected
﻿15:43:02 : RCon admin #2: (Global) Admins: LWB, Sierra and Turmoil
﻿15:43:02 : RCon admin #2: (Global) Server will restart in 5 minutes: Prepare to Logout
﻿15:43:12 : Player #2 Isaac disconnected
﻿15:43:36 : Player #4 Sam disconnected
﻿15:43:37 : Player #5 Tim disconnected
﻿15:44:19 : Player #2 Isaac (86.132.75.29:5302) connected
﻿15:44:20 : Player #2 Isaac - GUID: 8922c40e4260072c0690ee629d56d8b0 (unverified)
﻿15:44:21 : Verified GUID (8922c40e4260072c0690ee629d56d8b0) of player #2 Isaac
﻿15:44:21 : Player #2 Isaac - Legacy GUID: c37817ff544c0abbdaed73677b925117
﻿15:45:02 : Player #9 Silas Lintrup disconnected
﻿15:46:02 : RCon admin #2: (Global) The Server is about to restart. LOG OUT NOW OR YOUR GEAR MAY BE LOST!!
﻿15:46:19 : Player #1 herakles disconnected
﻿15:46:44 : Player #10 Dont touch my Tralala disconnected
﻿15:47:32 : RCon admin #2: (Global) YOU SHOULD BE LOGGED OUT BY NOW! IF YOU ARENT YOU WILL BE AUTO KICKED AND YOUR GEAR MAY BE LOST! NO REFUNDS!
﻿15:47:49 : Player #11 Black Angel disconnected
﻿15:47:58 : Player #0 Baum disconnected
﻿15:48:35 : Rcon client logging in
﻿15:48:35 : RCon admin #2 (78.31.67.100:65085) logged in
﻿15:48:54 : Player #0 ded (5.167.152.21:33048) connected
﻿15:48:55 : Player #0 ded - GUID: e85eae2ca880e4230d0e1fb730c90c02 (unverified)
﻿15:48:56 : Player #0 ded - Legacy GUID: eb286d9cf0901fa29654922870928fa0
﻿15:48:56 : Verified GUID (e85eae2ca880e4230d0e1fb730c90c02) of player #0 ded
﻿15:49:15 : Player #1 HARDCORE (5.138.131.84:5302) connected
﻿15:49:16 : Player #1 HARDCORE - GUID: fc49669f903000f656cd8579ff3fdbd9 (unverified)
﻿15:49:16 : Verified GUID (fc49669f903000f656cd8579ff3fdbd9) of player #1 HARDCORE
﻿15:49:17 : Player #1 HARDCORE - Legacy GUID: b28b7ef654a43f9e64dd058f744a1a09
﻿15:49:23 : Player #2 evoz (37.147.223.36:5302) connected
﻿15:49:24 : Player #2 evoz - GUID: 415c2bee6d068cb33dc4dec255e900b4 (unverified)
﻿15:49:25 : Verified GUID (415c2bee6d068cb33dc4dec255e900b4) of player #2 evoz
﻿15:49:25 : Player #2 evoz - Legacy GUID: 729524a6ce185fadb9ea07786b219455
﻿15:50:15 : Player #3 Sebastian (217.86.75.205:5302) connected
﻿15:50:16 : Player #3 Sebastian - GUID: 74292c805ad428d7089b508e5060809a (unverified)
﻿15:50:16 : Verified GUID (74292c805ad428d7089b508e5060809a) of player #3 Sebastian
﻿15:50:17 : Player #3 Sebastian - Legacy GUID: eb9f741eb51bafd5dfef7b5b6f604221
﻿15:50:44 : Player #4 Bananenjoghurt (217.86.83.25:5302) connected
﻿15:50:45 : Player #4 Bananenjoghurt - GUID: 9a10c5e267e9a5a64c34f0e40f980c62 (unverified)
﻿15:50:46 : Verified GUID (9a10c5e267e9a5a64c34f0e40f980c62) of player #4 Bananenjoghurt
﻿15:50:46 : Player #4 Bananenjoghurt - Legacy GUID: 075d9ead32c341c05812bd509abffb7d
﻿15:53:17 : Player #5 MacManBob (87.50.14.41:5302) connected
﻿15:53:18 : Player #5 MacManBob - GUID: 823a9a7af0c21a5da94feeebcc8fabd3 (unverified)
﻿15:53:19 : Verified GUID (823a9a7af0c21a5da94feeebcc8fabd3) of player #5 MacManBob
﻿15:53:19 : Player #5 MacManBob - Legacy GUID: af41045637641cb4e556201c28b6f985
﻿15:53:58 : Player #6 Stryker (99.116.164.209:5302) connected
﻿15:54:00 : Player #6 Stryker - GUID: 07bc1ac12cec3cbc4457ca3387833316 (unverified)
﻿15:54:00 : Verified GUID (07bc1ac12cec3cbc4457ca3387833316) of player #6 Stryker
﻿15:54:00 : Player #6 Stryker - Legacy GUID: 8d4f756cd3532bc778749c4395c29db4
﻿15:56:39 : Player #7 Baum (217.86.79.66:5302) connected
﻿15:56:40 : Player #7 Baum - GUID: 27bccd0bf2e6c22fa0d221ca655e437f (unverified)
﻿15:56:41 : Verified GUID (27bccd0bf2e6c22fa0d221ca655e437f) of player #7 Baum
﻿15:56:41 : Player #7 Baum - Legacy GUID: abca2e562cc305fb1e58c89a7e119727
﻿15:56:59 : Player #8 Silas Lintrup (5.103.150.81:5302) connected
﻿15:57:00 : Player #8 Silas Lintrup - GUID: 6a5a58a087d97e43cf7389d6d5499074 (unverified)
﻿15:57:00 : Verified GUID (6a5a58a087d97e43cf7389d6d5499074) of player #8 Silas Lintrup
﻿15:57:01 : Player #8 Silas Lintrup - Legacy GUID: 6db3e7a4197f39e9c641128871fa093d
﻿16:02:35 : RCon admin #2: (Global) Vehicles left in trader zones at restarts will be moved to the vehicle pound and unlocked
﻿16:04:51 : Player #2 evoz disconnected
﻿16:05:34 : Player #2 Bock (5.186.198.174:2304) connected
﻿16:05:35 : Player #2 Bock - GUID: 7db662f5bfbf2195f8e715ab674cf2d4 (unverified)
﻿16:05:36 : Verified GUID (7db662f5bfbf2195f8e715ab674cf2d4) of player #2 Bock
﻿16:05:36 : Player #2 Bock - Legacy GUID: 888629fc20a0d3426fd9445c55012ad5
﻿16:06:06 : Player #9 Kristofer (80.167.158.234:5302) connected
﻿16:06:07 : Player #9 Kristofer - GUID: 2b86704b29539328409ccb3a5d68ee16 (unverified)
﻿16:06:08 : Verified GUID (2b86704b29539328409ccb3a5d68ee16) of player #9 Kristofer
﻿16:06:08 : Player #9 Kristofer - Legacy GUID: 532a02150a07d7896569eec4a25e1c2e
﻿16:07:28 : Player #6 Stryker disconnected
﻿16:07:49 : Player #6 Pedro (179.222.189.18:5302) connected
﻿16:07:50 : Player #6 Pedro - GUID: 8a5a0bef526b64800fe281536e556bd9 (unverified)
﻿16:07:51 : Verified GUID (8a5a0bef526b64800fe281536e556bd9) of player #6 Pedro
﻿16:07:51 : Player #6 Pedro - Legacy GUID: 8b2f85a1d6d6f02f62c87bb52705d6ab
﻿16:13:35 : RCon admin #2: (Global) Admins: LWB, Sierra and Turmoil
﻿16:20:21 : Player #10 PoPPe (84.202.146.3:5302) connected
﻿16:20:23 : Player #10 PoPPe - GUID: 50ebf5e911b3885accaa8bdeda7a0be1 (unverified)
﻿16:20:23 : Verified GUID (50ebf5e911b3885accaa8bdeda7a0be1) of player #10 PoPPe
﻿16:20:24 : Player #10 PoPPe - Legacy GUID: 6a552aab940ca1d7d59d0ac5d4f2fc27
﻿16:21:39 : Player #6 Pedro disconnected
﻿16:22:17 : Player #1 HARDCORE disconnected
﻿16:27:01 : Player #1 COSIACZ (155.133.1.249:5302) connected
﻿16:27:03 : Player #1 COSIACZ - GUID: c85c3c794a4712536d7fd719e304cf50 (unverified)
﻿16:27:03 : Verified GUID (c85c3c794a4712536d7fd719e304cf50) of player #1 COSIACZ
﻿16:27:04 : Player #1 COSIACZ - Legacy GUID: cb8abe8f162ee42b5a9ff05e3e8f3ece
﻿16:27:35 : RCon admin #2: (Global) BASES MUST BE MAINTAINED VIA THE PLOT POLE EVERY 7 DAYS!!
﻿16:31:20 : Player #7 Baum disconnected
﻿16:31:24 : RCon admin #3 (85.164.156.180:63829) logged in
﻿16:31:49 : Player #4 Bananenjoghurt disconnected
﻿16:32:35 : RCon admin #2: (Global) Vehicles left in trader zones at restarts will be moved to the vehicle pound and unlocked
﻿16:33:23 : RCon admin #4 (109.145.123.124:62146) logged in
﻿16:36:36 : Player #4 Black Angel (89.105.255.133:2304) connected
﻿16:36:37 : Player #4 Black Angel - GUID: ce9f8f5b44984f2bfd94fb70ccfee3fa (unverified)
﻿16:36:38 : Verified GUID (ce9f8f5b44984f2bfd94fb70ccfee3fa) of player #4 Black Angel
﻿16:36:38 : Player #4 Black Angel - Legacy GUID: a3900a5b2d638dd05ef2b5a9be59e07c
﻿16:37:42 : Player #4 Black Angel disconnected
﻿16:37:49 : Player #3 Sebastian disconnected
﻿16:37:49 : Player #3 Turmoil (85.164.156.180:2304) connected
﻿16:37:50 : Player #3 Turmoil - GUID: 078d3175e22fad797d9a152aaaa83806 (unverified)
﻿16:37:51 : Verified GUID (078d3175e22fad797d9a152aaaa83806) of player #3 Turmoil
﻿16:37:51 : Player #3 Turmoil - Legacy GUID: 153330a3c1eb9ccf7092e322ab07ebb0
﻿16:39:38 : RCon admin #1 (109.145.123.124:62067) logged in
﻿16:43:35 : RCon admin #2: (Global) Admins: LWB, Sierra and Turmoil
﻿16:52:03 : Player #8 Silas Lintrup disconnected
﻿16:56:19 : Player #4 Beastiboy (109.45.2.45:45396) connected
﻿16:56:20 : Player #4 Beastiboy - GUID: 936a425caa1da69d4565676ad370e0d0 (unverified)
﻿16:56:21 : Verified GUID (936a425caa1da69d4565676ad370e0d0) of player #4 Beastiboy
﻿16:56:21 : Player #4 Beastiboy - Legacy GUID: b4c68b307db036e1593c0b08e81d467e
﻿16:57:04 : Player #6 kokov (62.183.86.5:46825) connected
﻿16:57:05 : Player #6 kokov - GUID: 91b70adeafbc61b630e4db7fc5ca8648 (unverified)
﻿16:57:06 : Verified GUID (91b70adeafbc61b630e4db7fc5ca8648) of player #6 kokov
﻿16:57:06 : Player #6 kokov - Legacy GUID: 31f05f374d8351c818d74925dc93d461
﻿16:57:07 : Player #6 kokov disconnected
﻿16:57:35 : RCon admin #2: (Global) BASES MUST BE MAINTAINED VIA THE PLOT POLE EVERY 7 DAYS!!
﻿17:02:09 : Player #6 Dont touch my Tralala (80.130.124.246:5302) connected
﻿17:02:10 : Player #6 Dont touch my Tralala - GUID: 5d9bb33c738a6e2632cea27bd877e7c0 (unverified)
﻿17:02:10 : Verified GUID (5d9bb33c738a6e2632cea27bd877e7c0) of player #6 Dont touch my Tralala
﻿17:02:11 : Player #6 Dont touch my Tralala - Legacy GUID: ac41e7d0c4417d6412502654e9b2c503
﻿17:02:35 : RCon admin #2: (Global) Vehicles left in trader zones at restarts will be moved to the vehicle pound and unlocked
﻿17:02:56 : RCon admin #4 (109.145.123.124:63425) logged in
﻿17:05:36 : Player #3 Turmoil disconnected
﻿17:08:58 : Player #1 COSIACZ disconnected
﻿17:10:09 : Player #2 Bock disconnected
﻿17:11:10 : Player #1 [RotG] bombas (85.6.255.133:5302) connected
﻿17:11:11 : Player #9 Kristofer disconnected
﻿17:11:11 : Player #1 [RotG] bombas disconnected
﻿17:13:35 : RCon admin #2: (Global) Admins: LWB, Sierra and Turmoil
﻿17:16:25 : Player #1 Isaac (86.132.75.29:5302) connected
﻿17:16:26 : Player #1 Isaac - GUID: 8922c40e4260072c0690ee629d56d8b0 (unverified)
﻿17:16:26 : Verified GUID (8922c40e4260072c0690ee629d56d8b0) of player #1 Isaac
﻿17:16:27 : Player #1 Isaac - Legacy GUID: c37817ff544c0abbdaed73677b925117
﻿17:19:21 : Player #1 Isaac disconnected
﻿17:25:45 : RCon admin #3: (Global) Turmoil: MacManBob - No you cannot break a safe
﻿17:27:35 : RCon admin #2: (Global) BASES MUST BE MAINTAINED VIA THE PLOT POLE EVERY 7 DAYS!!
﻿17:29:48 : Player #1 otpinayu (141.101.236.60:2316) connected
﻿17:29:49 : Player #1 otpinayu - GUID: eb06b073249934a0bb1ea37cf96c82fd (unverified)
﻿17:29:50 : Verified GUID (eb06b073249934a0bb1ea37cf96c82fd) of player #1 otpinayu
﻿17:29:50 : Player #1 otpinayu disconnected
﻿17:32:35 : RCon admin #2: (Global) Vehicles left in trader zones at restarts will be moved to the vehicle pound and unlocked
﻿17:37:21 : Player #5 MacManBob disconnected
﻿17:37:29 : Player #1 Zaysenn (37.157.217.220:3207) connected
﻿17:37:30 : Player #1 Zaysenn - GUID: efec4b85e6f8a0af0f89ba404d7cf2e0 (unverified)
﻿17:37:31 : Verified GUID (efec4b85e6f8a0af0f89ba404d7cf2e0) of player #1 Zaysenn
﻿17:37:31 : Player #1 Zaysenn - Legacy GUID: 7ab186a037981f5e3f7c07b660b31c77
﻿17:39:42 : Player #2 Arthur (193.60.99.144:5302) connected
﻿17:39:44 : Player #2 Arthur - GUID: a750a4c904029d18c3eda990a24f3826 (unverified)
﻿17:39:44 : Player #2 Arthur - Legacy GUID: 659d3c5fc606f258d208ddff7fcd3fa2
﻿17:39:44 : Verified GUID (a750a4c904029d18c3eda990a24f3826) of player #2 Arthur
﻿17:43:35 : RCon admin #2: (Global) Admins: LWB, Sierra and Turmoil
﻿17:51:25 : Player #3 LooK (95.160.154.88:3875) connected
﻿17:51:26 : Player #3 LooK - GUID: fdad000416021a80e9b7c9975739d53f (unverified)
﻿17:51:27 : Verified GUID (fdad000416021a80e9b7c9975739d53f) of player #3 LooK
﻿17:51:27 : Player #3 LooK - Legacy GUID: f7e89efa678e61fd7acc83c560dbe02f
﻿17:51:27 : Player #3 LooK disconnected
﻿17:54:16 : Player #3 Bock (5.186.198.174:2304) connected
﻿17:54:17 : Player #3 Bock - GUID: 7db662f5bfbf2195f8e715ab674cf2d4 (unverified)
﻿17:54:18 : Verified GUID (7db662f5bfbf2195f8e715ab674cf2d4) of player #3 Bock
﻿17:54:18 : Player #3 Bock - Legacy GUID: 888629fc20a0d3426fd9445c55012ad5
﻿17:55:59 : Player #3 Bock disconnected
﻿17:57:35 : RCon admin #2: (Global) BASES MUST BE MAINTAINED VIA THE PLOT POLE EVERY 7 DAYS!!
﻿18:00:23 : Player #1 Zaysenn disconnected
﻿18:01:09 : Player #1 CamperGotSkill (47.68.35.13:5302) connected
﻿18:01:10 : Player #1 CamperGotSkill - GUID: c591a7f2f7b003945ade14efa37f27d4 (unverified)
﻿18:01:11 : Verified GUID (c591a7f2f7b003945ade14efa37f27d4) of player #1 CamperGotSkill
﻿18:01:11 : Player #1 CamperGotSkill - Legacy GUID: cef41ed08923c8ca75b78e5fbe7ab50a
﻿18:02:35 : RCon admin #2: (Global) Vehicles left in trader zones at restarts will be moved to the vehicle pound and unlocked
﻿18:04:31 : Player #1 CamperGotSkill disconnected
﻿18:07:10 : Player #1 Skif (84.168.18.17:5302) connected
﻿18:07:11 : Player #1 Skif - GUID: a330361562709231fa9b561bbe4f6c1a (unverified)
﻿18:07:11 : Verified GUID (a330361562709231fa9b561bbe4f6c1a) of player #1 Skif
﻿18:07:12 : Player #1 Skif - Legacy GUID: dd11d32373f8b6224d032c14d8971a70
﻿18:08:35 : RCon admin #2: (Global) Server will restart in 10 minutes
﻿18:09:27 : Player #3 Rocket (37.190.37.90:20754) connected
﻿18:09:28 : Player #3 Rocket - GUID: 7c8247ea4e0eb767bcdc0c99ed2d00f3 (unverified)
﻿18:09:29 : Verified GUID (7c8247ea4e0eb767bcdc0c99ed2d00f3) of player #3 Rocket
﻿18:09:29 : Player #3 Rocket - Legacy GUID: 7d4e0a95d1bbefedfa38fedaad9e6c5b
﻿18:10:17 : Player #5 Din (94.45.194.240:5302) connected
﻿18:10:18 : Player #5 Din - GUID: 2f0d9ea96a1a2bec9e6677bab333ae7c (unverified)
﻿18:10:19 : Verified GUID (2f0d9ea96a1a2bec9e6677bab333ae7c) of player #5 Din
﻿18:10:19 : Player #5 Din - Legacy GUID: 3acfc2c50ff4722c17c085a5287e6999
﻿18:13:35 : RCon admin #2: (Global) Admins: LWB, Sierra and Turmoil
﻿18:13:36 : RCon admin #2: (Global) Server will restart in 5 minutes: Prepare to Logout
﻿18:13:48 : Player #5 Din disconnected
﻿18:13:50 : Player #0 ded disconnected
﻿18:15:28 : Player #3 Rocket disconnected
﻿18:15:49 : Player #1 Skif disconnected
﻿18:16:08 : Player #2 Arthur disconnected
﻿18:16:35 : RCon admin #2: (Global) The Server is about to restart. LOG OUT NOW OR YOUR GEAR MAY BE LOST!!
﻿18:17:02 : Player #6 Dont touch my Tralala disconnected
﻿18:18:05 : RCon admin #2: (Global) YOU SHOULD BE LOGGED OUT BY NOW! IF YOU ARENT YOU WILL BE AUTO KICKED AND YOUR GEAR MAY BE LOST! NO REFUNDS!
﻿18:19:09 : Rcon client logging in
﻿18:19:09 : RCon admin #3 (78.31.67.100:63221) logged in
﻿18:19:32 : Player #0 Josh (213.120.51.13:5302) connected
﻿18:19:33 : Player #0 Josh - GUID: 8e5a3a3d5d08855afb45e635b24eb27a (unverified)
﻿18:19:33 : Verified GUID (8e5a3a3d5d08855afb45e635b24eb27a) of player #0 Josh
﻿18:19:34 : Player #0 Josh - Legacy GUID: 71b0d1d55eaf8b78889281c5727d1a5e
﻿18:20:17 : Player #1 Beastiboy (109.45.2.45:63420) connected
﻿18:20:18 : Player #1 Beastiboy - GUID: 936a425caa1da69d4565676ad370e0d0 (unverified)
﻿18:20:18 : Verified GUID (936a425caa1da69d4565676ad370e0d0) of player #1 Beastiboy
﻿18:20:19 : Player #1 Beastiboy - Legacy GUID: b4c68b307db036e1593c0b08e81d467e
﻿18:21:46 : Player #2 marshal (5.105.93.103:5302) connected
﻿18:21:48 : Player #2 marshal - GUID: 8f8f5cc1e74f338f2e92044a73a3b6c0 (unverified)
﻿18:21:48 : Player #3 Dont touch my Tralala (80.130.124.246:5302) connected
﻿18:21:48 : Verified GUID (8f8f5cc1e74f338f2e92044a73a3b6c0) of player #2 marshal
﻿18:21:48 : Player #2 marshal - Legacy GUID: effe0f34494524a34c0e3f069b68213f
﻿18:21:49 : Player #3 Dont touch my Tralala - GUID: 5d9bb33c738a6e2632cea27bd877e7c0 (unverified)
﻿18:21:49 : Verified GUID (5d9bb33c738a6e2632cea27bd877e7c0) of player #3 Dont touch my Tralala
﻿18:21:50 : Player #3 Dont touch my Tralala - Legacy GUID: ac41e7d0c4417d6412502654e9b2c503
﻿18:22:12 : Player #4 Rocket (37.190.37.90:18740) connected
﻿18:22:14 : Player #4 Rocket - GUID: 7c8247ea4e0eb767bcdc0c99ed2d00f3 (unverified)
﻿18:22:14 : Verified GUID (7c8247ea4e0eb767bcdc0c99ed2d00f3) of player #4 Rocket
﻿18:22:14 : Player #4 Rocket - Legacy GUID: 7d4e0a95d1bbefedfa38fedaad9e6c5b
﻿18:24:08 : Player #5 Din (94.45.194.240:5302) connected
﻿18:24:09 : Player #5 Din - GUID: 2f0d9ea96a1a2bec9e6677bab333ae7c (unverified)
﻿18:24:09 : Verified GUID (2f0d9ea96a1a2bec9e6677bab333ae7c) of player #5 Din
﻿18:24:10 : Player #5 Din - Legacy GUID: 3acfc2c50ff4722c17c085a5287e6999
﻿18:24:37 : Player #6 F3H (186.220.182.160:2304) connected
﻿18:24:38 : Player #6 F3H - GUID: 706d4377549dfcfab7671b759c629a06 (unverified)
﻿18:24:39 : Verified GUID (706d4377549dfcfab7671b759c629a06) of player #6 F3H
﻿18:24:39 : Player #6 F3H - Legacy GUID: a95d7b90b6cd6dd9c85d5696c1ac7f28
﻿18:25:30 : Player #7 ded (5.167.152.21:32576) connected
﻿18:25:33 : Player #7 ded - GUID: e85eae2ca880e4230d0e1fb730c90c02 (unverified)
﻿18:25:33 : Verified GUID (e85eae2ca880e4230d0e1fb730c90c02) of player #7 ded
﻿18:25:34 : Player #7 ded - Legacy GUID: eb286d9cf0901fa29654922870928fa0
﻿18:25:54 : Player #8 LYD (82.41.226.125:5302) connected
﻿18:25:56 : Player #8 LYD - GUID: 976b9a75eedf87583a10222350c42fa8 (unverified)
﻿18:25:56 : Player #8 LYD - Legacy GUID: 43d715542736a82c1c17084a07761533
﻿18:25:56 : Verified GUID (976b9a75eedf87583a10222350c42fa8) of player #8 LYD
﻿18:28:43 : Player #9 neshy33 (86.135.95.172:5302) connected
﻿18:28:45 : Player #9 neshy33 - GUID: c3c42a91140a6ec9a5d4011c58272389 (unverified)
﻿18:28:45 : Verified GUID (c3c42a91140a6ec9a5d4011c58272389) of player #9 neshy33
﻿18:28:45 : Player #9 neshy33 - Legacy GUID: f2ea68e95425d6617809d61147785e57
﻿18:29:03 : Player #9 neshy33 disconnected
﻿18:31:58 : Player #9 Turmoil (85.164.156.180:2304) connected
﻿18:31:59 : Player #9 Turmoil - GUID: 078d3175e22fad797d9a152aaaa83806 (unverified)
﻿18:31:59 : Verified GUID (078d3175e22fad797d9a152aaaa83806) of player #9 Turmoil
﻿18:32:00 : Player #9 Turmoil - Legacy GUID: 153330a3c1eb9ccf7092e322ab07ebb0
﻿18:32:24 : Player #10 neshy33 (86.135.95.172:5302) connected
﻿18:32:25 : Player #10 neshy33 - GUID: c3c42a91140a6ec9a5d4011c58272389 (unverified)
﻿18:32:26 : Verified GUID (c3c42a91140a6ec9a5d4011c58272389) of player #10 neshy33
﻿18:32:26 : Player #10 neshy33 - Legacy GUID: f2ea68e95425d6617809d61147785e57
﻿18:32:39 : Player #10 neshy33 disconnected
﻿18:33:09 : RCon admin #3: (Global) Vehicles left in trader zones at restarts will be moved to the vehicle pound and unlocked
﻿18:33:38 : Player #10 neshy33 (86.135.95.172:5302) connected
﻿18:33:39 : Player #10 neshy33 - GUID: c3c42a91140a6ec9a5d4011c58272389 (unverified)
﻿18:33:39 : Verified GUID (c3c42a91140a6ec9a5d4011c58272389) of player #10 neshy33
﻿18:33:40 : Player #10 neshy33 - Legacy GUID: f2ea68e95425d6617809d61147785e57
﻿18:33:52 : Player #11 Silas Lintrup (5.103.150.81:5302) connected
﻿18:33:53 : Player #11 Silas Lintrup - GUID: 6a5a58a087d97e43cf7389d6d5499074 (unverified)
﻿18:33:53 : Verified GUID (6a5a58a087d97e43cf7389d6d5499074) of player #11 Silas Lintrup
﻿18:33:54 : Player #11 Silas Lintrup - Legacy GUID: 6db3e7a4197f39e9c641128871fa093d
﻿18:33:58 : Player #12 [eXp] CziQita (85.202.152.128:5302) connected
﻿18:33:58 : Player #12 [eXp] CziQita (-) has been kicked by BattlEye: Admin Ban (Base glitching on bike)
﻿18:34:24 : RCon admin #0: (Global) Turmoil: good evening LYD :)
﻿18:35:11 : Player #10 neshy33 disconnected
﻿18:35:30 : Player #10 Kristofer (80.167.158.234:5302) connected
﻿18:35:32 : Player #10 Kristofer - GUID: 2b86704b29539328409ccb3a5d68ee16 (unverified)
﻿18:35:32 : Player #10 Kristofer - Legacy GUID: 532a02150a07d7896569eec4a25e1c2e
﻿18:35:33 : Verified GUID (2b86704b29539328409ccb3a5d68ee16) of player #10 Kristofer
﻿18:38:10 : Player #12 Bock (5.186.198.174:2304) connected
﻿18:38:11 : Player #12 Bock - GUID: 7db662f5bfbf2195f8e715ab674cf2d4 (unverified)
﻿18:38:12 : Verified GUID (7db662f5bfbf2195f8e715ab674cf2d4) of player #12 Bock
﻿18:38:12 : Player #12 Bock - Legacy GUID: 888629fc20a0d3426fd9445c55012ad5
﻿18:40:18 : Player #10 Kristofer disconnected
﻿18:40:27 : Player #12 Bock disconnected
﻿18:41:53 : Player #11 Silas Lintrup disconnected
﻿18:44:09 : RCon admin #3: (Global) Admins: LWB, Sierra and Turmoil
﻿18:45:29 : Player #10 MalteserHead (81.153.195.172:5302) connected
﻿18:45:30 : Player #10 MalteserHead - GUID: d19c83eca2d2a1dd18d22d47caf5d877 (unverified)
﻿18:45:31 : Verified GUID (d19c83eca2d2a1dd18d22d47caf5d877) of player #10 MalteserHead
﻿18:45:31 : Player #10 MalteserHead - Legacy GUID: bf19a734e5d9309104ca2b73bac2151f
﻿18:51:30 : Player #11 chory pojeb (89.67.63.218:2304) connected
﻿18:51:31 : Player #11 chory pojeb - GUID: 02ed733403835a8a8517265415d84023 (unverified)
﻿18:51:32 : Verified GUID (02ed733403835a8a8517265415d84023) of player #11 chory pojeb
﻿18:51:32 : Player #11 chory pojeb - Legacy GUID: c9c653dd820194488bd099e2b5e7f454
﻿18:51:33 : Player #11 chory pojeb disconnected
﻿18:53:43 : Player #11 Xyi (109.252.130.50:5302) connected
﻿18:53:44 : Player #11 Xyi - GUID: cc40e70762999613f83c1131a8e0d357 (unverified)
﻿18:53:45 : Player #11 Xyi - Legacy GUID: b57899e642d975b05d09c28b2574325a
﻿18:53:45 : Verified GUID (cc40e70762999613f83c1131a8e0d357) of player #11 Xyi
﻿18:54:05 : Player #6 F3H disconnected
﻿18:54:42 : Player #6 997 (89.67.63.218:5302) connected
﻿18:54:44 : Player #6 997 - GUID: 02ed733403835a8a8517265415d84023 (unverified)
﻿18:54:44 : Verified GUID (02ed733403835a8a8517265415d84023) of player #6 997
﻿18:54:44 : Player #6 997 - Legacy GUID: c9c653dd820194488bd099e2b5e7f454
﻿18:54:49 : Player #6 997 disconnected
﻿18:56:25 : Player #6 [eXp] Gruby (83.5.136.222:5302) connected
﻿18:56:26 : Player #6 [eXp] Gruby - GUID: 7f82c53f48899ff2fd5b9489f8d17fb8 (unverified)
﻿18:56:26 : Verified GUID (7f82c53f48899ff2fd5b9489f8d17fb8) of player #6 [eXp] Gruby
﻿18:56:27 : Player #6 [eXp] Gruby - Legacy GUID: 61f8d59b40d145e9e0934b15ea495703
﻿18:57:01 : Player #12 [eXp] RafcioZG (89.67.63.218:5302) connected
﻿18:57:02 : Player #12 [eXp] RafcioZG - GUID: 02ed733403835a8a8517265415d84023 (unverified)
﻿18:57:03 : Verified GUID (02ed733403835a8a8517265415d84023) of player #12 [eXp] RafcioZG
﻿18:57:03 : Player #12 [eXp] RafcioZG - Legacy GUID: c9c653dd820194488bd099e2b5e7f454
﻿18:57:07 : Player #12 [eXp] RafcioZG disconnected
﻿18:57:23 : Player #12 [eXp] RafcioZG (89.67.63.218:5302) connected
﻿18:57:24 : Player #12 [eXp] RafcioZG - GUID: 02ed733403835a8a8517265415d84023 (unverified)
﻿18:57:24 : Verified GUID (02ed733403835a8a8517265415d84023) of player #12 [eXp] RafcioZG
﻿18:57:25 : Player #12 [eXp] RafcioZG - Legacy GUID: c9c653dd820194488bd099e2b5e7f454
﻿18:58:09 : RCon admin #3: (Global) BASES MUST BE MAINTAINED VIA THE PLOT POLE EVERY 7 DAYS!!
﻿18:58:59 : Player #12 [eXp] RafcioZG disconnected
﻿19:01:04 : Player #12 veeti (91.157.169.32:5302) connected
﻿19:01:05 : Player #12 veeti - GUID: 2833e30d776c03b2a3a3fd39331a5176 (unverified)
﻿19:01:06 : Verified GUID (2833e30d776c03b2a3a3fd39331a5176) of player #12 veeti
﻿19:01:06 : Player #12 veeti - Legacy GUID: 314c1b148dfb2dd52a889ad234d7bd0c
﻿19:01:20 : Player #13 [eXp] RafcioZG (89.67.63.218:5302) connected
﻿19:01:21 : Player #13 [eXp] RafcioZG - GUID: 02ed733403835a8a8517265415d84023 (unverified)
﻿19:01:22 : Player #13 [eXp] RafcioZG - Legacy GUID: c9c653dd820194488bd099e2b5e7f454
﻿19:01:22 : Verified GUID (02ed733403835a8a8517265415d84023) of player #13 [eXp] RafcioZG
﻿19:02:01 : Player #14 [eXp] CziQita (85.202.152.128:5302) connected
﻿19:02:02 : Player #14 [eXp] CziQita (-) has been kicked by BattlEye: Admin Ban (Base glitching on bike)
﻿19:03:00 : Player #13 [eXp] RafcioZG disconnected
﻿19:03:09 : RCon admin #3: (Global) Vehicles left in trader zones at restarts will be moved to the vehicle pound and unlocked
﻿19:04:59 : Player #13 strepsils intense (89.67.63.218:5302) connected
﻿19:05:00 : Player #13 strepsils intense - GUID: 02ed733403835a8a8517265415d84023 (unverified)
﻿19:05:00 : Verified GUID (02ed733403835a8a8517265415d84023) of player #13 strepsils intense
﻿19:05:01 : Player #13 strepsils intense - Legacy GUID: c9c653dd820194488bd099e2b5e7f454
﻿19:05:06 : Player #13 strepsils intense disconnected
﻿19:05:20 : Player #13 Robbys Gamer (178.8.111.93:5302) connected
﻿19:05:22 : Player #13 Robbys Gamer - GUID: 7c28c92461f5de0f83cd29e74ac8d912 (unverified)
﻿19:05:22 : Player #13 Robbys Gamer - Legacy GUID: 572620fa8651c62b194670c20206a1be
﻿19:05:23 : Verified GUID (7c28c92461f5de0f83cd29e74ac8d912) of player #13 Robbys Gamer
﻿19:06:15 : Player #14 [eXp] CziQita (85.202.152.128:5302) connected
﻿19:06:15 : Player #14 [eXp] CziQita (-) has been kicked by BattlEye: Admin Ban (Base glitching on bike)
﻿19:06:16 : Player #14 strepsils intense (89.67.63.218:5302) connected
﻿19:06:17 : Player #14 strepsils intense - GUID: 02ed733403835a8a8517265415d84023 (unverified)
﻿19:06:18 : Player #14 strepsils intense - Legacy GUID: c9c653dd820194488bd099e2b5e7f454
﻿19:06:18 : Verified GUID (02ed733403835a8a8517265415d84023) of player #14 strepsils intense
﻿19:06:22 : Player #14 strepsils intense disconnected
﻿19:07:50 : Player #14 Nup (84.251.135.222:5302) connected
﻿19:07:51 : Player #14 Nup - GUID: 96e4b558ecdde69beebfc43d4046fb26 (unverified)
﻿19:07:52 : Verified GUID (96e4b558ecdde69beebfc43d4046fb26) of player #14 Nup
﻿19:07:52 : Player #14 Nup - Legacy GUID: 39eaa00e1dcaced7f0773865d4c96e24
﻿19:08:12 : Player #15 Baum (217.86.79.66:5302) connected
﻿19:08:13 : Player #15 Baum - GUID: 27bccd0bf2e6c22fa0d221ca655e437f (unverified)
﻿19:08:14 : Verified GUID (27bccd0bf2e6c22fa0d221ca655e437f) of player #15 Baum
﻿19:08:14 : Player #15 Baum - Legacy GUID: abca2e562cc305fb1e58c89a7e119727
﻿19:08:17 : Player #5 Din (2f0d9ea96a1a2bec9e6677bab333ae7c) has been kicked by BattlEye: Client not responding
﻿19:09:30 : Player #5 Bananenjoghurt (217.86.83.25:5302) connected
﻿19:09:31 : Player #5 Bananenjoghurt - GUID: 9a10c5e267e9a5a64c34f0e40f980c62 (unverified)
﻿19:09:32 : Verified GUID (9a10c5e267e9a5a64c34f0e40f980c62) of player #5 Bananenjoghurt
﻿19:09:32 : Player #5 Bananenjoghurt - Legacy GUID: 075d9ead32c341c05812bd509abffb7d
﻿19:09:35 : Player #16 Din (94.45.194.240:5302) connected
﻿19:09:36 : Player #16 Din - GUID: 2f0d9ea96a1a2bec9e6677bab333ae7c (unverified)
﻿19:09:37 : Verified GUID (2f0d9ea96a1a2bec9e6677bab333ae7c) of player #16 Din
﻿19:09:37 : Player #16 Din - Legacy GUID: 3acfc2c50ff4722c17c085a5287e6999
﻿19:10:16 : Player #17 [eXp] RageBlack (109.197.175.171:5302) connected
﻿19:10:17 : Player #17 [eXp] RageBlack - GUID: b53b5f841d453f2f399fd1611f42baa9 (unverified)
﻿19:10:18 : Player #17 [eXp] RageBlack - Legacy GUID: 7e7d7c1411e75013c2937f26c0f17fa6
﻿19:10:19 : Verified GUID (b53b5f841d453f2f399fd1611f42baa9) of player #17 [eXp] RageBlack
﻿19:12:24 : Player #18 [eXp] RafcioZG (89.67.63.218:5302) connected
﻿19:12:26 : Player #18 [eXp] RafcioZG - GUID: 02ed733403835a8a8517265415d84023 (unverified)
﻿19:12:27 : Player #18 [eXp] RafcioZG - Legacy GUID: c9c653dd820194488bd099e2b5e7f454
﻿19:12:27 : Verified GUID (02ed733403835a8a8517265415d84023) of player #18 [eXp] RafcioZG
﻿19:14:09 : RCon admin #3: (Global) Admins: LWB, Sierra and Turmoil
﻿19:14:10 : Player #16 Din disconnected
﻿19:14:33 : Player #16 AlmightySosa (151.225.109.188:2304) connected
﻿19:14:34 : Player #16 AlmightySosa - GUID: a1e00c1a1d3df2e6081ab9543d6df626 (unverified)
﻿19:14:34 : Verified GUID (a1e00c1a1d3df2e6081ab9543d6df626) of player #16 AlmightySosa
﻿19:14:35 : Player #16 AlmightySosa - Legacy GUID: 0f9a008d3e6086235512dc87eef2c7cf
﻿19:14:35 : Player #16 AlmightySosa disconnected
﻿19:17:43 : RCon admin #4 (109.145.123.124:62617) logged in
﻿19:21:34 : Player #16 Sebastian (217.86.75.205:5302) connected
﻿19:21:35 : Player #16 Sebastian - GUID: 74292c805ad428d7089b508e5060809a (unverified)
﻿19:21:36 : Verified GUID (74292c805ad428d7089b508e5060809a) of player #16 Sebastian
﻿19:21:36 : Player #16 Sebastian - Legacy GUID: eb9f741eb51bafd5dfef7b5b6f604221
﻿19:22:24 : Player #19 [eXp] CziQita (85.202.152.128:5302) connected
﻿19:22:25 : Player #19 [eXp] CziQita - GUID: 032d6e70df3d067624c52f7be2b9f7a4 (unverified)
﻿19:22:26 : Player #19 [eXp] CziQita - Legacy GUID: 5fe66ce3f47a21b2db2c180c820374dd
﻿19:22:26 : Verified GUID (032d6e70df3d067624c52f7be2b9f7a4) of player #19 [eXp] CziQita
﻿19:23:04 : Player #20 Misha (158.255.174.144:5302) connected
﻿19:23:05 : Player #20 Misha - GUID: c7a580fe5a8f0588d9188255f645a983 (unverified)
﻿19:23:06 : Player #20 Misha - Legacy GUID: 47b156f5811017af477e33b322ed2c7b
﻿19:23:06 : Verified GUID (c7a580fe5a8f0588d9188255f645a983) of player #20 Misha
﻿19:28:10 : RCon admin #3: (Global) BASES MUST BE MAINTAINED VIA THE PLOT POLE EVERY 7 DAYS!!
﻿19:33:08 : Player #10 MalteserHead disconnected
﻿19:33:10 : RCon admin #3: (Global) Vehicles left in trader zones at restarts will be moved to the vehicle pound and unlocked
﻿19:35:23 : RCon admin #1 (109.145.123.124:52728) logged in
﻿19:38:35 : Player #4 Rocket disconnected
﻿19:40:17 : Player #1 Beastiboy disconnected
﻿19:40:34 : Player #3 Dont touch my Tralala disconnected
﻿19:40:36 : Player #15 Baum disconnected
﻿19:41:04 : Player #14 Nup disconnected
﻿19:41:11 : Player #1 Baum (217.86.79.66:5302) connected
﻿19:41:12 : Player #1 Baum - GUID: 27bccd0bf2e6c22fa0d221ca655e437f (unverified)
﻿19:41:12 : Verified GUID (27bccd0bf2e6c22fa0d221ca655e437f) of player #1 Baum
﻿19:41:13 : Player #1 Baum - Legacy GUID: abca2e562cc305fb1e58c89a7e119727
﻿19:41:19 : Player #3 Beastiboy (109.45.2.45:59189) connected
﻿19:41:20 : Player #3 Beastiboy - GUID: 936a425caa1da69d4565676ad370e0d0 (unverified)
﻿19:41:21 : Player #3 Beastiboy - Legacy GUID: b4c68b307db036e1593c0b08e81d467e
﻿19:41:22 : Verified GUID (936a425caa1da69d4565676ad370e0d0) of player #3 Beastiboy
﻿19:44:09 : RCon admin #3: (Global) Admins: LWB, Sierra and Turmoil
﻿19:52:15 : Player #17 [eXp] RageBlack disconnected
﻿19:55:18 : Player #12 veeti disconnected
﻿19:56:50 : Player #0 Josh disconnected
﻿19:58:09 : RCon admin #3: (Global) BASES MUST BE MAINTAINED VIA THE PLOT POLE EVERY 7 DAYS!!
﻿19:58:24 : Player #2 marshal disconnected
﻿19:59:23 : Player #0 marshal (5.105.93.103:5302) connected
﻿19:59:24 : Player #0 marshal - GUID: 8f8f5cc1e74f338f2e92044a73a3b6c0 (unverified)
﻿19:59:25 : Verified GUID (8f8f5cc1e74f338f2e92044a73a3b6c0) of player #0 marshal
﻿19:59:25 : Player #0 marshal - Legacy GUID: effe0f34494524a34c0e3f069b68213f
﻿20:03:09 : RCon admin #3: (Global) Vehicles left in trader zones at restarts will be moved to the vehicle pound and unlocked
﻿20:03:32 : Player #2 HentaiChan (95.26.1.59:5302) connected
﻿20:03:33 : Player #2 HentaiChan - GUID: 6490a28fe7d32eda28f7de44ff99e39a (unverified)
﻿20:03:34 : Player #2 HentaiChan - Legacy GUID: d589eb66a24ef76c22ae258da3cc9e2d
﻿20:03:34 : Verified GUID (6490a28fe7d32eda28f7de44ff99e39a) of player #2 HentaiChan
﻿20:03:51 : Player #4 HARDCORE (5.138.131.84:5302) connected
﻿20:03:53 : Player #4 HARDCORE - GUID: fc49669f903000f656cd8579ff3fdbd9 (unverified)
﻿20:03:53 : Player #4 HARDCORE - Legacy GUID: b28b7ef654a43f9e64dd058f744a1a09
﻿20:03:54 : Verified GUID (fc49669f903000f656cd8579ff3fdbd9) of player #4 HARDCORE
﻿20:04:11 : Player #10 Soln1shko (37.204.250.195:5302) connected
﻿20:04:13 : Player #10 Soln1shko - Legacy GUID: 888e8a095e15e4f15f3702069e205fe5
﻿20:04:14 : Player #10 Soln1shko - GUID: e26e360ef7f398644a10b80a8f8d3b23 (unverified)
﻿20:04:14 : Verified GUID (e26e360ef7f398644a10b80a8f8d3b23) of player #10 Soln1shko
﻿20:04:28 : Player #12 evoz (37.147.223.36:5302) connected
﻿20:04:30 : Player #12 evoz - GUID: 415c2bee6d068cb33dc4dec255e900b4 (unverified)
﻿20:04:31 : Player #12 evoz - Legacy GUID: 729524a6ce185fadb9ea07786b219455
﻿20:04:31 : Verified GUID (415c2bee6d068cb33dc4dec255e900b4) of player #12 evoz
﻿20:04:36 : Player #14 COSIACZ (155.133.1.249:5302) connected
﻿20:04:37 : Player #14 COSIACZ - GUID: c85c3c794a4712536d7fd719e304cf50 (unverified)
﻿20:04:38 : Verified GUID (c85c3c794a4712536d7fd719e304cf50) of player #14 COSIACZ
﻿20:04:38 : Player #14 COSIACZ - Legacy GUID: cb8abe8f162ee42b5a9ff05e3e8f3ece
﻿20:08:00 : Player #8 LYD disconnected
﻿20:09:23 : Player #8 joshua (216.218.66.194:49355) connected
﻿20:09:24 : Player #8 joshua - GUID: 7b1d791557dd08c9b1a1895046eb2654 (unverified)
﻿20:09:25 : Player #8 joshua - Legacy GUID: b68ce9b22a44bd59c7cda96bbd198859
﻿20:09:26 : Verified GUID (7b1d791557dd08c9b1a1895046eb2654) of player #8 joshua
﻿20:10:28 : Player #9 Turmoil disconnected
﻿20:11:29 : Player #8 joshua disconnected
﻿20:12:22 : Player #8 Storm (84.198.164.226:2304) connected
﻿20:12:24 : Player #8 Storm - Legacy GUID: e751c5906e7e4267246aa83bb750b4ed
﻿20:12:24 : Player #8 Storm - GUID: 91b51399de7129115b8419fac8ed604b (unverified)
﻿20:12:25 : Verified GUID (91b51399de7129115b8419fac8ed604b) of player #8 Storm
﻿20:12:25 : Player #8 Storm disconnected
﻿20:12:26 : Player #8 joshua (216.218.66.194:49355) connected
﻿20:12:29 : Player #8 joshua - GUID: 7b1d791557dd08c9b1a1895046eb2654 (unverified)
﻿20:12:30 : Verified GUID (7b1d791557dd08c9b1a1895046eb2654) of player #8 joshua
﻿20:12:30 : Player #8 joshua - Legacy GUID: b68ce9b22a44bd59c7cda96bbd198859
﻿20:12:36 : Player #9 Nup (84.251.135.222:5302) connected
﻿20:12:38 : Player #9 Nup - GUID: 96e4b558ecdde69beebfc43d4046fb26 (unverified)
﻿20:12:38 : Player #9 Nup - Legacy GUID: 39eaa00e1dcaced7f0773865d4c96e24
﻿20:12:38 : Verified GUID (96e4b558ecdde69beebfc43d4046fb26) of player #9 Nup
﻿20:14:10 : RCon admin #3: (Global) Admins: LWB, Sierra and Turmoil
﻿20:16:09 : RCon admin #4 (109.145.123.124:62049) logged in
﻿20:19:29 : Player #15 Mike Fondu (88.88.255.6:5302) connected
﻿20:19:30 : Player #15 Mike Fondu - GUID: 8fb32a3ea6bf38529cf681c17e6c018d (unverified)
﻿20:19:31 : Verified GUID (8fb32a3ea6bf38529cf681c17e6c018d) of player #15 Mike Fondu
﻿20:19:31 : Player #15 Mike Fondu - Legacy GUID: 0c9589811842c7b5d01c9a3e9f0758f9
﻿20:20:31 : Player #17 Romeo Waffle (62.30.122.94:5302) connected
﻿20:20:32 : Player #17 Romeo Waffle - GUID: c9e4ebfc873ff7b6c8c7c43715f9f4b9 (unverified)
﻿20:20:33 : Player #17 Romeo Waffle - Legacy GUID: 39c7e50395557b2fce1372d07d6fdbe1
﻿20:20:33 : Verified GUID (c9e4ebfc873ff7b6c8c7c43715f9f4b9) of player #17 Romeo Waffle
﻿20:26:06 : Player #1 Baum disconnected
﻿20:27:26 : Player #16 Sebastian disconnected
﻿20:27:37 : Player #5 Bananenjoghurt disconnected
﻿20:28:10 : RCon admin #3: (Global) BASES MUST BE MAINTAINED VIA THE PLOT POLE EVERY 7 DAYS!!
﻿20:30:12 : Player #1 Rumple (86.163.225.142:5302) connected
﻿20:30:14 : Player #1 Rumple - GUID: 6b4e2d4dee1ba25c37397f61086d849f (unverified)
﻿20:30:14 : Player #1 Rumple - Legacy GUID: c02996bbbf5b100277526e50930f9b51
﻿20:30:15 : Verified GUID (6b4e2d4dee1ba25c37397f61086d849f) of player #1 Rumple
﻿20:30:27 : Player #5 Piesel (185.112.117.140:5302) connected
﻿20:30:28 : Player #5 Piesel - GUID: 9151aeaa7d2b2507de55a7f06f651103 (unverified)
﻿20:30:29 : Player #5 Piesel - Legacy GUID: d88d01f20536dea0d9c71d4bcc141504
﻿20:30:29 : Verified GUID (9151aeaa7d2b2507de55a7f06f651103) of player #5 Piesel
﻿20:31:17 : RCon admin #1 (109.145.123.124:55981) logged in
﻿20:31:24 : Player #5 Piesel disconnected
﻿20:31:32 : Player #5 Josh (5.66.144.142:5302) connected
﻿20:31:33 : Player #5 Josh - GUID: 069629adbbb715a7f7d84b9a45b91985 (unverified)
﻿20:31:34 : Verified GUID (069629adbbb715a7f7d84b9a45b91985) of player #5 Josh
﻿20:31:34 : Player #5 Josh - Legacy GUID: a67340502861e3014bb22db64bf9331a
﻿20:31:55 : Player #16 Piesel (185.112.117.140:5302) connected
﻿20:31:56 : Player #16 Piesel - GUID: 9151aeaa7d2b2507de55a7f06f651103 (unverified)
﻿20:31:57 : Verified GUID (9151aeaa7d2b2507de55a7f06f651103) of player #16 Piesel
﻿20:31:57 : Player #16 Piesel - Legacy GUID: d88d01f20536dea0d9c71d4bcc141504
﻿20:32:16 : Player #15 Mike Fondu disconnected
﻿20:33:09 : RCon admin #3: (Global) Vehicles left in trader zones at restarts will be moved to the vehicle pound and unlocked
﻿20:33:30 : RCon admin #4 (109.145.123.124:49907) logged in
﻿20:34:48 : Player #14 COSIACZ disconnected
﻿20:37:18 : Player #20 Misha disconnected
﻿20:37:40 : RCon admin #1 (109.145.123.124:64266) logged in
﻿20:38:16 : Player #11 Xyi disconnected
﻿20:39:09 : RCon admin #3: (Global) Server will restart in 10 minutes
﻿20:39:36 : Player #11 Bock (5.186.198.174:2304) connected
﻿20:39:37 : Player #11 Bock - GUID: 7db662f5bfbf2195f8e715ab674cf2d4 (unverified)
﻿20:39:38 : Verified GUID (7db662f5bfbf2195f8e715ab674cf2d4) of player #11 Bock
﻿20:39:38 : Player #11 Bock - Legacy GUID: 888629fc20a0d3426fd9445c55012ad5
﻿20:40:40 : RCon admin #4 (109.145.123.124:56647) logged in
﻿20:40:44 : Player #17 Romeo Waffle disconnected
﻿20:41:36 : Player #5 Josh disconnected
﻿20:44:09 : RCon admin #3: (Global) Admins: LWB, Sierra and Turmoil
﻿20:44:10 : RCon admin #3: (Global) Server will restart in 5 minutes: Prepare to Logout
﻿20:45:04 : Player #1 Rumple disconnected
﻿20:46:06 : RCon admin #2: (Global) LWB: I banned 8 people yesterday.. thats why
﻿20:46:40 : RCon admin #2: (Global) LWB: some idiots who think its funny to be racist
﻿20:46:50 : RCon admin #2: (Global) LWB: no
﻿20:47:09 : RCon admin #3: (Global) The Server is about to restart. LOG OUT NOW OR YOUR GEAR MAY BE LOST!!
﻿20:47:14 : Player #6 [eXp] Gruby disconnected
﻿20:47:15 : Player #18 [eXp] RafcioZG disconnected
﻿20:47:53 : Player #9 Nup disconnected
﻿20:47:53 : Player #19 [eXp] CziQita disconnected
﻿20:48:05 : Player #13 Robbys Gamer disconnected
﻿20:48:28 : Player #8 joshua disconnected
﻿20:48:38 : Player #0 marshal disconnected
﻿20:48:40 : RCon admin #3: (Global) YOU SHOULD BE LOGGED OUT BY NOW! IF YOU ARENT YOU WILL BE AUTO KICKED AND YOUR GEAR MAY BE LOST! NO REFUNDS!
﻿20:49:02 : Player #11 Bock disconnected
﻿20:49:43 : Rcon client logging in
﻿20:49:43 : RCon admin #3 (78.31.67.100:63042) logged in
﻿20:50:18 : Player #0 [eXp] CziQita (85.202.152.128:5302) connected
﻿20:50:20 : Player #0 [eXp] CziQita - GUID: 032d6e70df3d067624c52f7be2b9f7a4 (unverified)
﻿20:50:20 : Verified GUID (032d6e70df3d067624c52f7be2b9f7a4) of player #0 [eXp] CziQita
﻿20:50:20 : Player #0 [eXp] CziQita - Legacy GUID: 5fe66ce3f47a21b2db2c180c820374dd
﻿20:50:23 : Player #1 HentaiChan (95.26.1.59:5302) connected
﻿20:50:24 : Player #1 HentaiChan - GUID: 6490a28fe7d32eda28f7de44ff99e39a (unverified)
﻿20:50:24 : Verified GUID (6490a28fe7d32eda28f7de44ff99e39a) of player #1 HentaiChan
﻿20:50:25 : Player #1 HentaiChan - Legacy GUID: d589eb66a24ef76c22ae258da3cc9e2d
﻿20:50:34 : Player #2 Bock (5.186.198.174:2304) connected
﻿20:50:35 : Player #2 Bock - GUID: 7db662f5bfbf2195f8e715ab674cf2d4 (unverified)
﻿20:50:35 : Verified GUID (7db662f5bfbf2195f8e715ab674cf2d4) of player #2 Bock
﻿20:50:36 : Player #2 Bock - Legacy GUID: 888629fc20a0d3426fd9445c55012ad5
﻿20:50:38 : Player #3 J0k3r (84.159.131.224:5302) connected
﻿20:50:40 : Player #3 J0k3r - Legacy GUID: 268a45a07d0cfb32181c45a094f39c6b
﻿20:50:40 : Player #3 J0k3r - GUID: 653286731dbb0c0a39a6b01970a014d4 (unverified)
﻿20:50:40 : Verified GUID (653286731dbb0c0a39a6b01970a014d4) of player #3 J0k3r
﻿20:50:51 : Player #2 Bock disconnected
﻿20:51:03 : Player #2 Piesel (185.112.117.140:5302) connected
﻿20:51:04 : Player #2 Piesel - GUID: 9151aeaa7d2b2507de55a7f06f651103 (unverified)
﻿20:51:04 : Verified GUID (9151aeaa7d2b2507de55a7f06f651103) of player #2 Piesel
﻿20:51:05 : Player #2 Piesel - Legacy GUID: d88d01f20536dea0d9c71d4bcc141504
﻿20:51:27 : Player #4 [eXp] RafcioZG (89.67.63.218:5302) connected
﻿20:51:28 : Player #4 [eXp] RafcioZG - GUID: 02ed733403835a8a8517265415d84023 (unverified)
﻿20:51:28 : Verified GUID (02ed733403835a8a8517265415d84023) of player #4 [eXp] RafcioZG
﻿20:51:29 : Player #4 [eXp] RafcioZG - Legacy GUID: c9c653dd820194488bd099e2b5e7f454
﻿20:51:45 : Player #5 Beastiboy (109.45.2.45:60209) connected
﻿20:51:47 : Player #5 Beastiboy - GUID: 936a425caa1da69d4565676ad370e0d0 (unverified)
﻿20:51:47 : Verified GUID (936a425caa1da69d4565676ad370e0d0) of player #5 Beastiboy
﻿20:51:47 : Player #5 Beastiboy - Legacy GUID: b4c68b307db036e1593c0b08e81d467e
﻿20:51:59 : Player #6 evoz (37.147.223.36:5302) connected
﻿20:52:01 : Player #6 evoz - GUID: 415c2bee6d068cb33dc4dec255e900b4 (unverified)
﻿20:52:01 : Verified GUID (415c2bee6d068cb33dc4dec255e900b4) of player #6 evoz
﻿20:52:01 : Player #6 evoz - Legacy GUID: 729524a6ce185fadb9ea07786b219455
﻿20:52:31 : Player #7 HARDCORE (5.138.131.84:5302) connected
﻿20:52:32 : Player #7 HARDCORE - GUID: fc49669f903000f656cd8579ff3fdbd9 (unverified)
﻿20:52:32 : Verified GUID (fc49669f903000f656cd8579ff3fdbd9) of player #7 HARDCORE
﻿20:52:33 : Player #7 HARDCORE - Legacy GUID: b28b7ef654a43f9e64dd058f744a1a09
﻿20:53:12 : Player #8 Soln1shko (37.204.250.195:5302) connected
﻿20:53:13 : Player #8 Soln1shko - GUID: e26e360ef7f398644a10b80a8f8d3b23 (unverified)
﻿20:53:14 : Verified GUID (e26e360ef7f398644a10b80a8f8d3b23) of player #8 Soln1shko
﻿20:53:14 : Player #8 Soln1shko - Legacy GUID: 888e8a095e15e4f15f3702069e205fe5
﻿20:53:25 : Player #9 Tariko (87.219.29.151:5302) connected
﻿20:53:26 : Player #9 Tariko - GUID: 0e1b7cef9785f1de964c483b5cb2804e (unverified)
﻿20:53:27 : Player #9 Tariko - Legacy GUID: 2f065e0e4b95230e2b6b6c1e7306f34f
﻿20:53:27 : Verified GUID (0e1b7cef9785f1de964c483b5cb2804e) of player #9 Tariko
﻿20:53:33 : Player #9 Tariko disconnected
﻿20:53:47 : Player #9 Mike Fondu (88.88.255.6:5302) connected
﻿20:53:49 : Player #9 Mike Fondu - GUID: 8fb32a3ea6bf38529cf681c17e6c018d (unverified)
﻿20:53:49 : Player #9 Mike Fondu - Legacy GUID: 0c9589811842c7b5d01c9a3e9f0758f9
﻿20:53:49 : Verified GUID (8fb32a3ea6bf38529cf681c17e6c018d) of player #9 Mike Fondu
﻿20:55:01 : Player #10 Romeo Waffle (62.30.122.94:5302) connected
﻿20:55:02 : Player #10 Romeo Waffle - GUID: c9e4ebfc873ff7b6c8c7c43715f9f4b9 (unverified)
﻿20:55:03 : Verified GUID (c9e4ebfc873ff7b6c8c7c43715f9f4b9) of player #10 Romeo Waffle
﻿20:55:03 : Player #10 Romeo Waffle - Legacy GUID: 39c7e50395557b2fce1372d07d6fdbe1
﻿20:56:17 : Player #11 BogdanHD (217.239.5.114:5302) connected
﻿20:56:18 : Player #11 BogdanHD - GUID: 1a42c7bcdd61791a251270d84738505e (unverified)
﻿20:56:19 : Verified GUID (1a42c7bcdd61791a251270d84738505e) of player #11 BogdanHD
﻿20:56:19 : Player #11 BogdanHD - Legacy GUID: 1e36b8313b73403f5f262cada6ce23fa
﻿20:56:38 : Player #12 Rumple (86.163.225.142:5302) connected
﻿20:56:40 : Player #12 Rumple - GUID: 6b4e2d4dee1ba25c37397f61086d849f (unverified)
﻿20:56:40 : Player #12 Rumple - Legacy GUID: c02996bbbf5b100277526e50930f9b51
﻿20:56:41 : Verified GUID (6b4e2d4dee1ba25c37397f61086d849f) of player #12 Rumple
﻿20:57:52 : Player #13 Tariko (87.219.29.151:5302) connected
﻿20:57:53 : Player #13 Tariko - GUID: 0e1b7cef9785f1de964c483b5cb2804e (unverified)
﻿20:57:54 : Verified GUID (0e1b7cef9785f1de964c483b5cb2804e) of player #13 Tariko
﻿20:57:54 : Player #13 Tariko - Legacy GUID: 2f065e0e4b95230e2b6b6c1e7306f34f
﻿20:58:00 : Player #13 Tariko disconnected
﻿21:03:43 : RCon admin #3: (Global) Vehicles left in trader zones at restarts will be moved to the vehicle pound and unlocked
﻿21:04:57 : Player #2 Piesel disconnected
﻿21:05:56 : Player #2 [eXp] Gruby (83.5.136.222:5302) connected
﻿21:05:57 : Player #2 [eXp] Gruby - GUID: 7f82c53f48899ff2fd5b9489f8d17fb8 (unverified)
﻿21:05:58 : Verified GUID (7f82c53f48899ff2fd5b9489f8d17fb8) of player #2 [eXp] Gruby
﻿21:05:58 : Player #2 [eXp] Gruby - Legacy GUID: 61f8d59b40d145e9e0934b15ea495703
﻿21:08:26 : RCon admin #4 (109.145.123.124:62127) logged in
﻿21:14:43 : RCon admin #3: (Global) Admins: LWB, Sierra and Turmoil
﻿21:23:36 : Player #13 [ITA] Dark1976 (188.218.234.112:61199) connected
﻿21:23:38 : Player #13 [ITA] Dark1976 - GUID: c657196eba3d1b27c53f5f56fd2c1b34 (unverified)
﻿21:23:39 : Player #13 [ITA] Dark1976 - Legacy GUID: 934bdc0e86592578628fc42d1704a4a3
﻿21:23:39 : Verified GUID (c657196eba3d1b27c53f5f56fd2c1b34) of player #13 [ITA] Dark1976
﻿21:23:55 : Player #13 [ITA] Dark1976 disconnected
﻿21:25:41 : Player #8 Soln1shko disconnected
﻿21:25:50 : Player #1 HentaiChan disconnected
﻿21:28:43 : RCon admin #3: (Global) BASES MUST BE MAINTAINED VIA THE PLOT POLE EVERY 7 DAYS!!
﻿21:33:43 : RCon admin #3: (Global) Vehicles left in trader zones at restarts will be moved to the vehicle pound and unlocked
﻿21:36:42 : RCon admin #2 (109.145.123.124:53937) logged in
﻿21:38:00 : Player #1 rorouni (92.218.165.154:5302) connected
﻿21:38:01 : Player #1 rorouni - GUID: f9f172b18594d05753e8a6a3624c7e7a (unverified)
﻿21:38:02 : Verified GUID (f9f172b18594d05753e8a6a3624c7e7a) of player #1 rorouni
﻿21:38:02 : Player #1 rorouni - Legacy GUID: f7b74b050a377ac145c78ed6806ca638
﻿21:39:33 : Player #1 rorouni disconnected
﻿21:44:43 : RCon admin #3: (Global) Admins: LWB, Sierra and Turmoil
﻿21:45:47 : RCon admin #4 (109.145.123.124:64140) logged in
﻿21:49:16 : Player #7 HARDCORE disconnected
﻿21:49:17 : Player #6 evoz disconnected
﻿21:58:43 : RCon admin #3: (Global) BASES MUST BE MAINTAINED VIA THE PLOT POLE EVERY 7 DAYS!!
﻿22:02:58 : Player #0 [eXp] CziQita (032d6e70df3d067624c52f7be2b9f7a4) has been kicked by BattlEye: Client not responding
﻿22:03:43 : RCon admin #3: (Global) Vehicles left in trader zones at restarts will be moved to the vehicle pound and unlocked
﻿22:03:58 : Player #0 [eXp] CziQita (85.202.152.128:5302) connected
﻿22:03:59 : Player #0 [eXp] CziQita - GUID: 032d6e70df3d067624c52f7be2b9f7a4 (unverified)
﻿22:03:59 : Verified GUID (032d6e70df3d067624c52f7be2b9f7a4) of player #0 [eXp] CziQita
﻿22:04:00 : Player #0 [eXp] CziQita - Legacy GUID: 5fe66ce3f47a21b2db2c180c820374dd
﻿22:10:43 : RCon admin #2 (109.145.123.124:56656) logged in
﻿22:13:07 : Player #12 Rumple disconnected
﻿22:14:43 : RCon admin #3: (Global) Admins: LWB, Sierra and Turmoil
﻿22:15:01 : Player #2 [eXp] Gruby disconnected
﻿22:16:14 : Player #0 [eXp] CziQita disconnected
﻿22:16:42 : Player #4 [eXp] RafcioZG disconnected
﻿22:17:40 : Player #10 Romeo Waffle disconnected
﻿22:19:33 : RCon admin #4 (109.145.123.124:62483) logged in
﻿22:20:03 : RCon admin #2 (109.145.123.124:62484) logged in
﻿22:20:28 : RCon admin #4 (109.145.123.124:62485) logged in
﻿22:21:33 : RCon admin #2 (109.145.123.124:62486) logged in
﻿22:23:34 : Player #9 Mike Fondu disconnected
﻿22:25:13 : RCon admin #4 (109.145.123.124:62487) logged in
﻿22:25:58 : Player #0 Caramba (37.24.146.164:19450) connected
﻿22:25:59 : Player #0 Caramba - GUID: c84d3b5923fe870867fe3748dcf5dd64 (unverified)
﻿22:25:59 : Verified GUID (c84d3b5923fe870867fe3748dcf5dd64) of player #0 Caramba
﻿22:26:00 : Player #0 Caramba - Legacy GUID: f17125644488c1838bf54c2c796af2bf
﻿22:28:13 : RCon admin #2 (109.145.123.124:59163) logged in
﻿22:28:30 : Player #0 Caramba disconnected
﻿22:28:43 : RCon admin #3: (Global) BASES MUST BE MAINTAINED VIA THE PLOT POLE EVERY 7 DAYS!!
﻿22:30:43 : RCon admin #4 (109.145.123.124:54900) logged in
﻿22:31:43 : RCon admin #2 (109.145.123.124:54901) logged in
﻿22:31:47 : Player #3 J0k3r disconnected
﻿22:32:13 : RCon admin #4 (109.145.123.124:54902) logged in
﻿22:32:47 : Player #0 J0k3r (84.159.131.224:5302) connected
﻿22:32:48 : Player #0 J0k3r - GUID: 653286731dbb0c0a39a6b01970a014d4 (unverified)
﻿22:32:49 : Verified GUID (653286731dbb0c0a39a6b01970a014d4) of player #0 J0k3r
﻿22:32:49 : Player #0 J0k3r - Legacy GUID: 268a45a07d0cfb32181c45a094f39c6b
﻿22:33:43 : RCon admin #3: (Global) Vehicles left in trader zones at restarts will be moved to the vehicle pound and unlocked
﻿22:37:43 : RCon admin #2 (109.145.123.124:54903) logged in
﻿22:38:29 : RCon admin #4 (109.145.123.124:54904) logged in
﻿22:38:55 : RCon admin #2 (109.145.123.124:54906) logged in
﻿22:39:16 : RCon admin #4 (109.145.123.124:63651) logged in
﻿22:39:37 : RCon admin #2 (109.145.123.124:63652) logged in
﻿22:39:58 : RCon admin #4 (109.145.123.124:63653) logged in
﻿22:40:28 : RCon admin #2 (109.145.123.124:63654) logged in
﻿22:44:43 : RCon admin #3: (Global) Admins: LWB, Sierra and Turmoil
﻿22:51:11 : Player #1 okieh (95.89.80.120:5302) connected
﻿22:51:12 : Player #1 okieh - GUID: 142bbf711d91c315b420beac81b8ee98 (unverified)
﻿22:51:12 : Verified GUID (142bbf711d91c315b420beac81b8ee98) of player #1 okieh
﻿22:51:13 : Player #1 okieh - Legacy GUID: 921f2e14716dbaf9db14243129fdad40
﻿22:52:24 : Player #1 okieh disconnected
﻿22:58:43 : RCon admin #3: (Global) BASES MUST BE MAINTAINED VIA THE PLOT POLE EVERY 7 DAYS!!
﻿23:00:26 : Player #11 BogdanHD disconnected
﻿23:00:46 : Player #0 J0k3r disconnected
﻿23:03:43 : RCon admin #3: (Global) Vehicles left in trader zones at restarts will be moved to the vehicle pound and unlocked
﻿23:09:43 : RCon admin #3: (Global) Server will restart in 10 minutes
﻿23:14:43 : RCon admin #3: (Global) Admins: LWB, Sierra and Turmoil
﻿23:14:44 : RCon admin #3: (Global) Server will restart in 5 minutes: Prepare to Logout
﻿23:17:30 : Player #5 Beastiboy disconnected
﻿23:17:43 : RCon admin #3: (Global) The Server is about to restart. LOG OUT NOW OR YOUR GEAR MAY BE LOST!!
﻿23:19:13 : RCon admin #3: (Global) YOU SHOULD BE LOGGED OUT BY NOW! IF YOU ARENT YOU WILL BE AUTO KICKED AND YOUR GEAR MAY BE LOST! NO REFUNDS!
﻿23:20:17 : Rcon client logging in
﻿23:20:17 : RCon admin #3 (78.31.67.100:60477) logged in
﻿23:20:41 : Player #0 Beastiboy (109.45.2.45:41089) connected
﻿23:20:43 : Player #0 Beastiboy - GUID: 936a425caa1da69d4565676ad370e0d0 (unverified)
﻿23:20:43 : Verified GUID (936a425caa1da69d4565676ad370e0d0) of player #0 Beastiboy
﻿23:20:43 : Player #0 Beastiboy - Legacy GUID: b4c68b307db036e1593c0b08e81d467e
﻿23:34:17 : RCon admin #3: (Global) Vehicles left in trader zones at restarts will be moved to the vehicle pound and unlocked
﻿23:42:15 : RCon admin #4 (109.145.123.124:53092) logged in
﻿23:45:17 : RCon admin #3: (Global) Admins: LWB, Sierra and Turmoil
﻿23:47:20 : RCon admin #1 (109.145.123.124:55757) logged in
﻿23:51:00 : RCon admin #4 (109.145.123.124:55758) logged in
﻿23:59:18 : RCon admin #3: (Global) BASES MUST BE MAINTAINED VIA THE PLOT POLE EVERY 7 DAYS!!
