00:04:18 : RCon admin #3: (Global) Vehicles left in trader zones at restarts will be moved to the vehicle pound and unlocked
﻿00:15:18 : RCon admin #3: (Global) Admins: LWB, Sierra and Turmoil
﻿00:20:01 : RCon admin #1 (109.145.123.124:59436) logged in
﻿00:26:46 : RCon admin #2 (109.145.123.124:53220) logged in
﻿00:29:18 : RCon admin #3: (Global) BASES MUST BE MAINTAINED VIA THE PLOT POLE EVERY 7 DAYS!!
﻿00:34:18 : RCon admin #3: (Global) Vehicles left in trader zones at restarts will be moved to the vehicle pound and unlocked
﻿00:37:23 : RCon admin #1 (109.145.123.124:59670) logged in
﻿00:45:18 : RCon admin #3: (Global) Admins: LWB, Sierra and Turmoil
﻿00:45:37 : Player #0 Beastiboy disconnected
﻿00:58:43 : Player #0 Luke (73.4.190.95:5302) connected
﻿00:58:45 : Player #0 Luke - Legacy GUID: df4c00ac07126b4668f018ae6af3fbb3
﻿00:58:45 : Player #0 Luke - GUID: e1edfdab07cb6a3f4bd2b6fd4aa1b1b6 (unverified)
﻿00:58:45 : Verified GUID (e1edfdab07cb6a3f4bd2b6fd4aa1b1b6) of player #0 Luke
﻿00:59:18 : RCon admin #3: (Global) BASES MUST BE MAINTAINED VIA THE PLOT POLE EVERY 7 DAYS!!
﻿01:04:18 : RCon admin #3: (Global) Vehicles left in trader zones at restarts will be moved to the vehicle pound and unlocked
﻿01:05:17 : RCon admin #0 (109.145.123.124:49972) logged in
﻿01:15:18 : RCon admin #3: (Global) Admins: LWB, Sierra and Turmoil
﻿01:24:45 : Player #1 Optotom (82.37.189.110:5302) connected
﻿01:24:46 : Player #1 Optotom - GUID: 35c2c14d929cce630d7ac0e786666105 (unverified)
﻿01:24:47 : Verified GUID (35c2c14d929cce630d7ac0e786666105) of player #1 Optotom
﻿01:24:47 : Player #1 Optotom - Legacy GUID: ebb43139c84b62c691fae00e51331ab3
﻿01:29:18 : RCon admin #3: (Global) BASES MUST BE MAINTAINED VIA THE PLOT POLE EVERY 7 DAYS!!
﻿01:34:17 : RCon admin #3: (Global) Vehicles left in trader zones at restarts will be moved to the vehicle pound and unlocked
﻿01:36:33 : Player #1 Optotom disconnected
﻿01:40:18 : RCon admin #3: (Global) Server will restart in 10 minutes
﻿01:45:18 : RCon admin #3: (Global) Admins: LWB, Sierra and Turmoil
﻿01:45:18 : RCon admin #3: (Global) Server will restart in 5 minutes: Prepare to Logout
﻿01:48:18 : RCon admin #3: (Global) The Server is about to restart. LOG OUT NOW OR YOUR GEAR MAY BE LOST!!
﻿01:49:47 : RCon admin #3: (Global) YOU SHOULD BE LOGGED OUT BY NOW! IF YOU ARENT YOU WILL BE AUTO KICKED AND YOUR GEAR MAY BE LOST! NO REFUNDS!
﻿01:50:51 : Rcon client logging in
﻿01:50:51 : RCon admin #2 (78.31.67.100:62819) logged in
﻿01:51:56 : Player #0 Luke (73.4.190.95:5302) connected
﻿01:51:58 : Player #0 Luke - GUID: e1edfdab07cb6a3f4bd2b6fd4aa1b1b6 (unverified)
﻿01:51:58 : Player #0 Luke - Legacy GUID: df4c00ac07126b4668f018ae6af3fbb3
﻿01:51:59 : Verified GUID (e1edfdab07cb6a3f4bd2b6fd4aa1b1b6) of player #0 Luke
﻿02:04:51 : RCon admin #2: (Global) Vehicles left in trader zones at restarts will be moved to the vehicle pound and unlocked
﻿02:07:27 : Player #1 SEN ONE (99.109.93.28:5302) connected
﻿02:07:29 : Player #1 SEN ONE disconnected
﻿02:11:35 : Player #1 SEN ONE (99.109.93.28:5302) connected
﻿02:11:37 : Player #1 SEN ONE disconnected
﻿02:15:51 : RCon admin #2: (Global) Admins: LWB, Sierra and Turmoil
﻿02:29:13 : Player #1 SEN ONE (99.109.93.28:5302) connected
﻿02:29:15 : Player #1 SEN ONE - GUID: e2ff22d2684d500cb28117a914a3e614 (unverified)
﻿02:29:15 : Player #1 SEN ONE - Legacy GUID: ea9613e4e7f55895ce807e57e548c240
﻿02:29:15 : Verified GUID (e2ff22d2684d500cb28117a914a3e614) of player #1 SEN ONE
﻿02:29:51 : RCon admin #2: (Global) BASES MUST BE MAINTAINED VIA THE PLOT POLE EVERY 7 DAYS!!
﻿02:34:51 : RCon admin #2: (Global) Vehicles left in trader zones at restarts will be moved to the vehicle pound and unlocked
﻿02:37:58 : Player #2 Majahed  (94.247.56.67:9193) connected
﻿02:37:59 : Player #2 Majahed  - GUID: 3d53b95acc06410d7fc83bc4b9285ae5 (unverified)
﻿02:38:00 : Verified GUID (3d53b95acc06410d7fc83bc4b9285ae5) of player #2 Majahed 
﻿02:38:00 : Player #2 Majahed  - Legacy GUID: bec2aaa29f35aea9ff26008062e52076
﻿02:40:22 : Player #0 Luke disconnected
﻿02:45:39 : Player #2 Majahed  disconnected
﻿02:45:51 : RCon admin #2: (Global) Admins: LWB, Sierra and Turmoil
﻿02:56:25 : Player #0 Joe1337 (173.56.244.209:5302) connected
﻿02:56:27 : Player #0 Joe1337 - GUID: 4df247eb69946e6f70aa1b97d1fd1984 (unverified)
﻿02:56:27 : Verified GUID (4df247eb69946e6f70aa1b97d1fd1984) of player #0 Joe1337
﻿02:56:27 : Player #0 Joe1337 - Legacy GUID: f0f37623e9e3f803ce928b260553fd55
﻿02:59:51 : RCon admin #2: (Global) BASES MUST BE MAINTAINED VIA THE PLOT POLE EVERY 7 DAYS!!
﻿03:01:33 : Player #0 Joe1337 disconnected
﻿03:02:17 : Player #0 Joe1337 (173.56.244.209:5302) connected
﻿03:02:18 : Player #0 Joe1337 - GUID: 4df247eb69946e6f70aa1b97d1fd1984 (unverified)
﻿03:02:19 : Verified GUID (4df247eb69946e6f70aa1b97d1fd1984) of player #0 Joe1337
﻿03:02:19 : Player #0 Joe1337 - Legacy GUID: f0f37623e9e3f803ce928b260553fd55
﻿03:04:51 : RCon admin #2: (Global) Vehicles left in trader zones at restarts will be moved to the vehicle pound and unlocked
﻿03:06:35 : RCon admin #3 (109.145.123.124:53532) logged in
﻿03:08:52 : Player #2 Collin (8.42.226.20:5302) connected
﻿03:08:53 : Player #2 Collin - GUID: 784fd49f7059430f8b01bbf2eaacdbb2 (unverified)
﻿03:08:53 : Verified GUID (784fd49f7059430f8b01bbf2eaacdbb2) of player #2 Collin
﻿03:08:54 : Player #2 Collin - Legacy GUID: afc19a0857d8d96001c83cf784fccbad
﻿03:15:51 : RCon admin #2: (Global) Admins: LWB, Sierra and Turmoil
﻿03:16:21 : RCon admin #1 (109.145.123.124:49411) logged in
﻿03:24:27 : Player #3 Sterling Archer (100.12.45.145:5302) connected
﻿03:24:28 : Player #3 Sterling Archer - GUID: d1dd5b9cb52a92993d21cd84c5fedab0 (unverified)
﻿03:24:28 : Verified GUID (d1dd5b9cb52a92993d21cd84c5fedab0) of player #3 Sterling Archer
﻿03:24:29 : Player #3 Sterling Archer - Legacy GUID: a3e76110d523f1e3e25c37fa863019fa
﻿03:29:51 : RCon admin #2: (Global) BASES MUST BE MAINTAINED VIA THE PLOT POLE EVERY 7 DAYS!!
﻿03:34:51 : RCon admin #2: (Global) Vehicles left in trader zones at restarts will be moved to the vehicle pound and unlocked
﻿03:45:51 : RCon admin #2: (Global) Admins: LWB, Sierra and Turmoil
﻿03:53:49 : Player #0 Joe1337 disconnected
﻿03:54:34 : Player #3 Sterling Archer disconnected
﻿03:59:51 : RCon admin #2: (Global) BASES MUST BE MAINTAINED VIA THE PLOT POLE EVERY 7 DAYS!!
﻿04:04:51 : RCon admin #2: (Global) Vehicles left in trader zones at restarts will be moved to the vehicle pound and unlocked
﻿04:10:51 : RCon admin #2: (Global) Server will restart in 10 minutes
﻿04:15:51 : RCon admin #2: (Global) Admins: LWB, Sierra and Turmoil
﻿04:15:52 : RCon admin #2: (Global) Server will restart in 5 minutes: Prepare to Logout
﻿04:18:51 : RCon admin #2: (Global) The Server is about to restart. LOG OUT NOW OR YOUR GEAR MAY BE LOST!!
﻿04:19:23 : Player #1 SEN ONE disconnected
﻿04:19:26 : Player #2 Collin disconnected
﻿04:20:21 : RCon admin #2: (Global) YOU SHOULD BE LOGGED OUT BY NOW! IF YOU ARENT YOU WILL BE AUTO KICKED AND YOUR GEAR MAY BE LOST! NO REFUNDS!
﻿04:21:25 : Rcon client logging in
﻿04:21:25 : RCon admin #2 (78.31.67.100:61547) logged in
﻿04:22:32 : Player #0 Collin (8.42.226.20:5302) connected
﻿04:22:33 : Player #0 Collin - GUID: 784fd49f7059430f8b01bbf2eaacdbb2 (unverified)
﻿04:22:34 : Verified GUID (784fd49f7059430f8b01bbf2eaacdbb2) of player #0 Collin
﻿04:22:34 : Player #0 Collin - Legacy GUID: afc19a0857d8d96001c83cf784fccbad
﻿04:22:59 : Player #1 SEN ONE (99.109.93.28:5302) connected
﻿04:23:00 : Player #1 SEN ONE - GUID: e2ff22d2684d500cb28117a914a3e614 (unverified)
﻿04:23:01 : Verified GUID (e2ff22d2684d500cb28117a914a3e614) of player #1 SEN ONE
﻿04:23:01 : Player #1 SEN ONE - Legacy GUID: ea9613e4e7f55895ce807e57e548c240
﻿04:24:37 : RCon admin #3 (109.145.123.124:54438) logged in
﻿04:33:20 : Player #1 SEN ONE (e2ff22d2684d500cb28117a914a3e614) has been kicked by BattlEye: Ping too high (531)
﻿04:35:26 : RCon admin #2: (Global) Vehicles left in trader zones at restarts will be moved to the vehicle pound and unlocked
﻿04:35:48 : Player #1 SEN ONE (99.109.93.28:5302) connected
﻿04:35:49 : Player #1 SEN ONE - GUID: e2ff22d2684d500cb28117a914a3e614 (unverified)
﻿04:35:50 : Verified GUID (e2ff22d2684d500cb28117a914a3e614) of player #1 SEN ONE
﻿04:35:50 : Player #1 SEN ONE - Legacy GUID: ea9613e4e7f55895ce807e57e548c240
﻿04:46:26 : RCon admin #2: (Global) Admins: LWB, Sierra and Turmoil
﻿04:54:23 : RCon admin #0 (109.145.123.124:54654) logged in
﻿05:00:26 : RCon admin #2: (Global) BASES MUST BE MAINTAINED VIA THE PLOT POLE EVERY 7 DAYS!!
﻿05:05:26 : RCon admin #2: (Global) Vehicles left in trader zones at restarts will be moved to the vehicle pound and unlocked
﻿05:11:58 : Player #2 ded (176.212.72.2:59096) connected
﻿05:12:00 : Player #2 ded - GUID: e85eae2ca880e4230d0e1fb730c90c02 (unverified)
﻿05:12:01 : Verified GUID (e85eae2ca880e4230d0e1fb730c90c02) of player #2 ded
﻿05:12:02 : Player #2 ded - Legacy GUID: eb286d9cf0901fa29654922870928fa0
﻿05:16:26 : RCon admin #2: (Global) Admins: LWB, Sierra and Turmoil
﻿05:30:06 : RCon admin #3 (109.145.123.124:51711) logged in
﻿05:30:26 : RCon admin #2: (Global) BASES MUST BE MAINTAINED VIA THE PLOT POLE EVERY 7 DAYS!!
﻿05:35:26 : RCon admin #2: (Global) Vehicles left in trader zones at restarts will be moved to the vehicle pound and unlocked
﻿05:46:26 : RCon admin #2: (Global) Admins: LWB, Sierra and Turmoil
﻿06:00:26 : RCon admin #2: (Global) BASES MUST BE MAINTAINED VIA THE PLOT POLE EVERY 7 DAYS!!
﻿06:01:51 : Player #3 Valery (80.187.112.167:16911) connected
﻿06:01:52 : Player #3 Valery - GUID: 7bd3ec99e1fbf721c00848fb07b8b52a (unverified)
﻿06:01:53 : Player #3 Valery - Legacy GUID: 7449d6a040928160df66417450618330
﻿06:03:08 : Player #3 Valery (7bd3ec99e1fbf721c00848fb07b8b52a) has been kicked by BattlEye: Client not responding
﻿06:05:26 : RCon admin #2: (Global) Vehicles left in trader zones at restarts will be moved to the vehicle pound and unlocked
﻿06:16:26 : RCon admin #2: (Global) Admins: LWB, Sierra and Turmoil
﻿06:30:26 : RCon admin #2: (Global) BASES MUST BE MAINTAINED VIA THE PLOT POLE EVERY 7 DAYS!!
﻿06:35:26 : RCon admin #2: (Global) Vehicles left in trader zones at restarts will be moved to the vehicle pound and unlocked
﻿06:41:26 : RCon admin #2: (Global) Server will restart in 10 minutes
﻿06:46:26 : RCon admin #2: (Global) Admins: LWB, Sierra and Turmoil
﻿06:46:26 : RCon admin #2: (Global) Server will restart in 5 minutes: Prepare to Logout
﻿06:46:32 : Player #2 ded disconnected
﻿06:49:14 : Player #0 Collin disconnected
﻿06:49:26 : RCon admin #2: (Global) The Server is about to restart. LOG OUT NOW OR YOUR GEAR MAY BE LOST!!
﻿06:50:11 : Player #1 SEN ONE disconnected
﻿06:50:56 : RCon admin #2: (Global) YOU SHOULD BE LOGGED OUT BY NOW! IF YOU ARENT YOU WILL BE AUTO KICKED AND YOUR GEAR MAY BE LOST! NO REFUNDS!
﻿06:51:59 : Rcon client logging in
﻿06:51:59 : RCon admin #3 (78.31.67.100:58202) logged in
﻿06:52:21 : Player #0 ded (176.212.72.2:59290) connected
﻿06:52:22 : Player #0 ded - GUID: e85eae2ca880e4230d0e1fb730c90c02 (unverified)
﻿06:52:22 : Verified GUID (e85eae2ca880e4230d0e1fb730c90c02) of player #0 ded
﻿06:52:23 : Player #0 ded - Legacy GUID: eb286d9cf0901fa29654922870928fa0
﻿06:52:30 : Player #1 Collin (8.42.226.20:5302) connected
﻿06:52:34 : Player #1 Collin - GUID: 784fd49f7059430f8b01bbf2eaacdbb2 (unverified)
﻿06:52:34 : Player #1 Collin - Legacy GUID: afc19a0857d8d96001c83cf784fccbad
﻿06:52:34 : Verified GUID (784fd49f7059430f8b01bbf2eaacdbb2) of player #1 Collin
﻿06:55:48 : Player #2 SEN ONE (99.109.93.28:5302) connected
﻿06:55:49 : Player #2 SEN ONE - GUID: e2ff22d2684d500cb28117a914a3e614 (unverified)
﻿06:55:49 : Verified GUID (e2ff22d2684d500cb28117a914a3e614) of player #2 SEN ONE
﻿06:55:50 : Player #2 SEN ONE - Legacy GUID: ea9613e4e7f55895ce807e57e548c240
﻿07:05:59 : RCon admin #3: (Global) Vehicles left in trader zones at restarts will be moved to the vehicle pound and unlocked
﻿07:16:47 : Player #3 Henry Stutzen (93.200.80.110:5302) connected
﻿07:16:48 : Player #3 Henry Stutzen - GUID: 0643ca8b505cabb06b48bb5225c1f68b (unverified)
﻿07:16:49 : Verified GUID (0643ca8b505cabb06b48bb5225c1f68b) of player #3 Henry Stutzen
﻿07:16:49 : Player #3 Henry Stutzen - Legacy GUID: fb7d4823df81376339a98ca2b404b08e
﻿07:16:59 : RCon admin #3: (Global) Admins: LWB, Sierra and Turmoil
﻿07:25:46 : RCon admin #4 (109.145.123.124:56630) logged in
﻿07:30:59 : RCon admin #3: (Global) BASES MUST BE MAINTAINED VIA THE PLOT POLE EVERY 7 DAYS!!
﻿07:35:59 : RCon admin #3: (Global) Vehicles left in trader zones at restarts will be moved to the vehicle pound and unlocked
﻿07:37:58 : Player #4 Rocket (37.190.37.75:16299) connected
﻿07:37:59 : Player #4 Rocket - GUID: 7c8247ea4e0eb767bcdc0c99ed2d00f3 (unverified)
﻿07:37:59 : Verified GUID (7c8247ea4e0eb767bcdc0c99ed2d00f3) of player #4 Rocket
﻿07:38:00 : Player #4 Rocket - Legacy GUID: 7d4e0a95d1bbefedfa38fedaad9e6c5b
﻿07:46:59 : RCon admin #3: (Global) Admins: LWB, Sierra and Turmoil
﻿07:59:47 : Player #1 Collin disconnected
﻿08:00:59 : RCon admin #3: (Global) BASES MUST BE MAINTAINED VIA THE PLOT POLE EVERY 7 DAYS!!
﻿08:05:59 : RCon admin #3: (Global) Vehicles left in trader zones at restarts will be moved to the vehicle pound and unlocked
﻿08:15:43 : Player #1 Black Angel (89.105.255.133:2304) connected
﻿08:15:45 : Player #1 Black Angel - GUID: ce9f8f5b44984f2bfd94fb70ccfee3fa (unverified)
﻿08:15:45 : Player #1 Black Angel - Legacy GUID: a3900a5b2d638dd05ef2b5a9be59e07c
﻿08:15:45 : Verified GUID (ce9f8f5b44984f2bfd94fb70ccfee3fa) of player #1 Black Angel
﻿08:16:59 : RCon admin #3: (Global) Admins: LWB, Sierra and Turmoil
﻿08:17:13 : Player #5 HentaiChan (95.26.1.59:5302) connected
﻿08:17:15 : Player #5 HentaiChan - GUID: 6490a28fe7d32eda28f7de44ff99e39a (unverified)
﻿08:17:15 : Verified GUID (6490a28fe7d32eda28f7de44ff99e39a) of player #5 HentaiChan
﻿08:17:15 : Player #5 HentaiChan - Legacy GUID: d589eb66a24ef76c22ae258da3cc9e2d
﻿08:17:36 : RCon admin #1 (109.145.123.124:53038) logged in
﻿08:30:59 : RCon admin #3: (Global) BASES MUST BE MAINTAINED VIA THE PLOT POLE EVERY 7 DAYS!!
﻿08:32:45 : Player #5 HentaiChan disconnected
﻿08:35:02 : Player #2 SEN ONE disconnected
﻿08:35:59 : RCon admin #3: (Global) Vehicles left in trader zones at restarts will be moved to the vehicle pound and unlocked
﻿08:39:15 : Player #2 SEN ONE (99.109.93.28:5302) connected
﻿08:39:16 : Player #2 SEN ONE - GUID: e2ff22d2684d500cb28117a914a3e614 (unverified)
﻿08:39:17 : Verified GUID (e2ff22d2684d500cb28117a914a3e614) of player #2 SEN ONE
﻿08:39:17 : Player #2 SEN ONE - Legacy GUID: ea9613e4e7f55895ce807e57e548c240
﻿08:46:59 : RCon admin #3: (Global) Admins: LWB, Sierra and Turmoil
﻿08:47:14 : Player #5 Robbys Gamer (178.8.81.169:5302) connected
﻿08:47:15 : Player #5 Robbys Gamer - GUID: 7c28c92461f5de0f83cd29e74ac8d912 (unverified)
﻿08:47:16 : Verified GUID (7c28c92461f5de0f83cd29e74ac8d912) of player #5 Robbys Gamer
﻿08:47:16 : Player #5 Robbys Gamer - Legacy GUID: 572620fa8651c62b194670c20206a1be
﻿09:00:59 : RCon admin #3: (Global) BASES MUST BE MAINTAINED VIA THE PLOT POLE EVERY 7 DAYS!!
﻿09:05:59 : RCon admin #3: (Global) Vehicles left in trader zones at restarts will be moved to the vehicle pound and unlocked
﻿09:06:44 : RCon admin #2 (109.145.123.124:62962) logged in
﻿09:11:59 : RCon admin #3: (Global) Server will restart in 10 minutes
﻿09:16:59 : RCon admin #3: (Global) Admins: LWB, Sierra and Turmoil
﻿09:17:00 : RCon admin #3: (Global) Server will restart in 5 minutes: Prepare to Logout
﻿09:18:32 : Player #1 Black Angel disconnected
﻿09:19:17 : Player #5 Robbys Gamer disconnected
﻿09:19:28 : Player #4 Rocket disconnected
﻿09:19:41 : Player #0 ded disconnected
﻿09:19:59 : RCon admin #3: (Global) The Server is about to restart. LOG OUT NOW OR YOUR GEAR MAY BE LOST!!
﻿09:20:03 : Player #3 Henry Stutzen disconnected
﻿09:21:29 : RCon admin #3: (Global) YOU SHOULD BE LOGGED OUT BY NOW! IF YOU ARENT YOU WILL BE AUTO KICKED AND YOUR GEAR MAY BE LOST! NO REFUNDS!
﻿09:22:33 : Rcon client logging in
﻿09:22:33 : RCon admin #2 (78.31.67.100:62737) logged in
﻿09:22:43 : Player #0 Rocket (37.190.37.75:16299) connected
﻿09:22:44 : Player #0 Rocket - GUID: 7c8247ea4e0eb767bcdc0c99ed2d00f3 (unverified)
﻿09:22:44 : Verified GUID (7c8247ea4e0eb767bcdc0c99ed2d00f3) of player #0 Rocket
﻿09:22:45 : Player #0 Rocket - Legacy GUID: 7d4e0a95d1bbefedfa38fedaad9e6c5b
﻿09:24:34 : Player #1 SEN ONE (99.109.93.28:5302) connected
﻿09:24:36 : Player #1 SEN ONE - GUID: e2ff22d2684d500cb28117a914a3e614 (unverified)
﻿09:24:36 : Verified GUID (e2ff22d2684d500cb28117a914a3e614) of player #1 SEN ONE
﻿09:24:37 : Player #1 SEN ONE - Legacy GUID: ea9613e4e7f55895ce807e57e548c240
﻿09:27:15 : Player #2 Black Angel (89.105.255.133:2304) connected
﻿09:27:16 : Player #2 Black Angel - GUID: ce9f8f5b44984f2bfd94fb70ccfee3fa (unverified)
﻿09:27:17 : Verified GUID (ce9f8f5b44984f2bfd94fb70ccfee3fa) of player #2 Black Angel
﻿09:27:17 : Player #2 Black Angel - Legacy GUID: a3900a5b2d638dd05ef2b5a9be59e07c
﻿09:27:55 : Player #3 Robbys Gamer (178.8.81.169:5302) connected
﻿09:27:57 : Player #3 Robbys Gamer - GUID: 7c28c92461f5de0f83cd29e74ac8d912 (unverified)
﻿09:27:57 : Verified GUID (7c28c92461f5de0f83cd29e74ac8d912) of player #3 Robbys Gamer
﻿09:27:57 : Player #3 Robbys Gamer - Legacy GUID: 572620fa8651c62b194670c20206a1be
﻿09:30:08 : Player #4 ded (176.212.72.2:58498) connected
﻿09:30:09 : Player #4 ded - GUID: e85eae2ca880e4230d0e1fb730c90c02 (unverified)
﻿09:30:10 : Verified GUID (e85eae2ca880e4230d0e1fb730c90c02) of player #4 ded
﻿09:30:10 : Player #4 ded - Legacy GUID: eb286d9cf0901fa29654922870928fa0
﻿09:36:34 : RCon admin #2: (Global) Vehicles left in trader zones at restarts will be moved to the vehicle pound and unlocked
﻿09:37:43 : Player #3 Robbys Gamer (7c28c92461f5de0f83cd29e74ac8d912) has been kicked by BattlEye: Client not responding
﻿09:44:37 : Player #3 Robbys Gamer (178.8.81.169:5302) connected
﻿09:44:38 : Player #3 Robbys Gamer - GUID: 7c28c92461f5de0f83cd29e74ac8d912 (unverified)
﻿09:44:39 : Verified GUID (7c28c92461f5de0f83cd29e74ac8d912) of player #3 Robbys Gamer
﻿09:44:39 : Player #3 Robbys Gamer - Legacy GUID: 572620fa8651c62b194670c20206a1be
﻿09:47:34 : RCon admin #2: (Global) Admins: LWB, Sierra and Turmoil
﻿10:01:33 : RCon admin #2: (Global) BASES MUST BE MAINTAINED VIA THE PLOT POLE EVERY 7 DAYS!!
﻿10:04:00 : RCon admin #3 (109.145.123.124:52409) logged in
﻿10:06:33 : RCon admin #2: (Global) Vehicles left in trader zones at restarts will be moved to the vehicle pound and unlocked
﻿10:17:33 : RCon admin #2: (Global) Admins: LWB, Sierra and Turmoil
﻿10:18:57 : Player #1 SEN ONE disconnected
﻿10:21:19 : Player #0 Rocket disconnected
﻿10:31:33 : RCon admin #2: (Global) BASES MUST BE MAINTAINED VIA THE PLOT POLE EVERY 7 DAYS!!
﻿10:36:33 : RCon admin #2: (Global) Vehicles left in trader zones at restarts will be moved to the vehicle pound and unlocked
﻿10:47:33 : RCon admin #2: (Global) Admins: LWB, Sierra and Turmoil
﻿11:01:33 : RCon admin #2: (Global) BASES MUST BE MAINTAINED VIA THE PLOT POLE EVERY 7 DAYS!!
﻿11:06:33 : RCon admin #2: (Global) Vehicles left in trader zones at restarts will be moved to the vehicle pound and unlocked
﻿11:07:59 : Player #0 Beastiboy (109.45.2.45:61054) connected
﻿11:08:01 : Player #0 Beastiboy - GUID: 936a425caa1da69d4565676ad370e0d0 (unverified)
﻿11:08:01 : Verified GUID (936a425caa1da69d4565676ad370e0d0) of player #0 Beastiboy
﻿11:08:01 : Player #0 Beastiboy - Legacy GUID: b4c68b307db036e1593c0b08e81d467e
﻿11:17:26 : Player #1 ACID (37.24.158.50:22374) connected
﻿11:17:28 : Player #1 ACID - GUID: b462f5d07ba96f5fcba5092d1838f5be (unverified)
﻿11:17:28 : Verified GUID (b462f5d07ba96f5fcba5092d1838f5be) of player #1 ACID
﻿11:17:28 : Player #1 ACID - Legacy GUID: d619bb398c0bea5caa582a9d7502654a
﻿11:17:33 : RCon admin #2: (Global) Admins: LWB, Sierra and Turmoil
﻿11:26:02 : RCon admin #0 (109.145.123.124:61920) logged in
﻿11:29:46 : Player #3 Robbys Gamer disconnected
﻿11:31:16 : Player #1 ACID disconnected
﻿11:31:34 : RCon admin #2: (Global) BASES MUST BE MAINTAINED VIA THE PLOT POLE EVERY 7 DAYS!!
﻿11:31:44 : Player #1 Robbys Gamer (178.8.81.169:5302) connected
﻿11:31:45 : Player #1 Robbys Gamer - GUID: 7c28c92461f5de0f83cd29e74ac8d912 (unverified)
﻿11:31:46 : Verified GUID (7c28c92461f5de0f83cd29e74ac8d912) of player #1 Robbys Gamer
﻿11:31:46 : Player #1 Robbys Gamer - Legacy GUID: 572620fa8651c62b194670c20206a1be
﻿11:34:24 : Player #3 neshy33 (86.135.95.172:5302) connected
﻿11:34:25 : Player #3 neshy33 - GUID: c3c42a91140a6ec9a5d4011c58272389 (unverified)
﻿11:34:25 : Verified GUID (c3c42a91140a6ec9a5d4011c58272389) of player #3 neshy33
﻿11:34:26 : Player #3 neshy33 - Legacy GUID: f2ea68e95425d6617809d61147785e57
﻿11:35:15 : Player #0 Beastiboy disconnected
﻿11:36:33 : RCon admin #2: (Global) Vehicles left in trader zones at restarts will be moved to the vehicle pound and unlocked
﻿11:41:47 : RCon admin #3 (109.145.123.124:52717) logged in
﻿11:42:08 : RCon admin #0 (109.145.123.124:52718) logged in
﻿11:42:33 : RCon admin #2: (Global) Server will restart in 10 minutes
﻿11:45:59 : Player #4 ded disconnected
﻿11:47:33 : RCon admin #2: (Global) Admins: LWB, Sierra and Turmoil
﻿11:47:34 : RCon admin #2: (Global) Server will restart in 5 minutes: Prepare to Logout
﻿11:50:34 : RCon admin #2: (Global) The Server is about to restart. LOG OUT NOW OR YOUR GEAR MAY BE LOST!!
﻿11:50:58 : Player #2 Black Angel disconnected
﻿11:51:56 : Player #3 neshy33 disconnected
﻿11:51:57 : Player #1 Robbys Gamer disconnected
﻿11:52:03 : RCon admin #2: (Global) YOU SHOULD BE LOGGED OUT BY NOW! IF YOU ARENT YOU WILL BE AUTO KICKED AND YOUR GEAR MAY BE LOST! NO REFUNDS!
﻿11:53:07 : Rcon client logging in
﻿11:53:07 : RCon admin #2 (78.31.67.100:61327) logged in
﻿11:54:57 : Player #0 neshy33 (86.135.95.172:5302) connected
﻿11:54:58 : Player #0 neshy33 - GUID: c3c42a91140a6ec9a5d4011c58272389 (unverified)
﻿11:54:58 : Verified GUID (c3c42a91140a6ec9a5d4011c58272389) of player #0 neshy33
﻿11:54:59 : Player #0 neshy33 - Legacy GUID: f2ea68e95425d6617809d61147785e57
﻿11:55:56 : Player #1 ded (176.212.72.2:58860) connected
﻿11:55:58 : Player #1 ded - GUID: e85eae2ca880e4230d0e1fb730c90c02 (unverified)
﻿11:55:58 : Verified GUID (e85eae2ca880e4230d0e1fb730c90c02) of player #1 ded
﻿11:55:59 : Player #2 J0k3r (84.159.131.224:5302) connected
﻿11:55:59 : Player #1 ded - Legacy GUID: eb286d9cf0901fa29654922870928fa0
﻿11:56:00 : Player #2 J0k3r - GUID: 653286731dbb0c0a39a6b01970a014d4 (unverified)
﻿11:56:00 : Player #2 J0k3r - Legacy GUID: 268a45a07d0cfb32181c45a094f39c6b
﻿11:56:00 : Verified GUID (653286731dbb0c0a39a6b01970a014d4) of player #2 J0k3r
﻿11:59:23 : Player #3 Robbys Gamer (178.8.81.169:5302) connected
﻿11:59:24 : Player #3 Robbys Gamer - GUID: 7c28c92461f5de0f83cd29e74ac8d912 (unverified)
﻿11:59:25 : Verified GUID (7c28c92461f5de0f83cd29e74ac8d912) of player #3 Robbys Gamer
﻿11:59:25 : Player #3 Robbys Gamer - Legacy GUID: 572620fa8651c62b194670c20206a1be
﻿12:00:41 : Player #2 J0k3r (653286731dbb0c0a39a6b01970a014d4) has been kicked by BattlEye: Ping too high (500)
﻿12:01:56 : Player #2 J0k3r (84.159.131.224:5302) connected
﻿12:01:57 : Player #2 J0k3r - GUID: 653286731dbb0c0a39a6b01970a014d4 (unverified)
﻿12:01:58 : Verified GUID (653286731dbb0c0a39a6b01970a014d4) of player #2 J0k3r
﻿12:01:58 : Player #2 J0k3r - Legacy GUID: 268a45a07d0cfb32181c45a094f39c6b
﻿12:07:07 : RCon admin #2: (Global) Vehicles left in trader zones at restarts will be moved to the vehicle pound and unlocked
﻿12:08:10 : Player #2 J0k3r (653286731dbb0c0a39a6b01970a014d4) has been kicked by BattlEye: Ping too high (531)
﻿12:09:22 : Player #2 J0k3r (84.159.131.224:5302) connected
﻿12:09:23 : Player #2 J0k3r - GUID: 653286731dbb0c0a39a6b01970a014d4 (unverified)
﻿12:09:24 : Verified GUID (653286731dbb0c0a39a6b01970a014d4) of player #2 J0k3r
﻿12:09:24 : Player #2 J0k3r - Legacy GUID: 268a45a07d0cfb32181c45a094f39c6b
﻿12:18:07 : RCon admin #2: (Global) Admins: LWB, Sierra and Turmoil
﻿12:24:48 : Player #0 neshy33 disconnected
﻿12:25:24 : Player #0 neshy33 (86.135.95.172:5302) connected
﻿12:25:25 : Player #0 neshy33 - GUID: c3c42a91140a6ec9a5d4011c58272389 (unverified)
﻿12:25:25 : Verified GUID (c3c42a91140a6ec9a5d4011c58272389) of player #0 neshy33
﻿12:25:26 : Player #0 neshy33 - Legacy GUID: f2ea68e95425d6617809d61147785e57
﻿12:32:07 : RCon admin #2: (Global) BASES MUST BE MAINTAINED VIA THE PLOT POLE EVERY 7 DAYS!!
﻿12:33:45 : Player #4 Chris (80.145.217.159:2304) connected
﻿12:33:46 : Player #4 Chris - GUID: 196c085423532776951bddcd0368cb91 (unverified)
﻿12:33:46 : Verified GUID (196c085423532776951bddcd0368cb91) of player #4 Chris
﻿12:33:47 : Player #4 Chris - Legacy GUID: 0961bcf23a1ee775b3d697649a5cf467
﻿12:37:07 : RCon admin #2: (Global) Vehicles left in trader zones at restarts will be moved to the vehicle pound and unlocked
﻿12:38:39 : Player #5 Din (94.45.195.118:5302) connected
﻿12:38:40 : Player #5 Din - GUID: 2f0d9ea96a1a2bec9e6677bab333ae7c (unverified)
﻿12:38:41 : Verified GUID (2f0d9ea96a1a2bec9e6677bab333ae7c) of player #5 Din
﻿12:38:41 : Player #5 Din - Legacy GUID: 3acfc2c50ff4722c17c085a5287e6999
﻿12:43:37 : Player #6 Rocket (37.190.37.75:19219) connected
﻿12:43:38 : Player #6 Rocket - GUID: 7c8247ea4e0eb767bcdc0c99ed2d00f3 (unverified)
﻿12:43:39 : Verified GUID (7c8247ea4e0eb767bcdc0c99ed2d00f3) of player #6 Rocket
﻿12:43:39 : Player #6 Rocket - Legacy GUID: 7d4e0a95d1bbefedfa38fedaad9e6c5b
﻿12:48:07 : RCon admin #2: (Global) Admins: LWB, Sierra and Turmoil
﻿12:55:33 : Player #6 Rocket disconnected
﻿13:02:07 : RCon admin #2: (Global) BASES MUST BE MAINTAINED VIA THE PLOT POLE EVERY 7 DAYS!!
﻿13:03:15 : Player #6 SsSalt (46.39.74.56:5302) connected
﻿13:03:16 : Player #6 SsSalt - GUID: 183991a6dc3f06a9a89b019ad46c98d3 (unverified)
﻿13:03:17 : Verified GUID (183991a6dc3f06a9a89b019ad46c98d3) of player #6 SsSalt
﻿13:03:17 : Player #6 SsSalt - Legacy GUID: 38ecebe1974bb873b04b7e7c2bef830a
﻿13:04:50 : Player #5 Din disconnected
﻿13:07:07 : RCon admin #2: (Global) Vehicles left in trader zones at restarts will be moved to the vehicle pound and unlocked
﻿13:10:32 : Player #0 neshy33 disconnected
﻿13:11:41 : Player #0 Sebastian (217.86.75.205:5302) connected
﻿13:11:43 : Player #0 Sebastian - GUID: 74292c805ad428d7089b508e5060809a (unverified)
﻿13:11:43 : Verified GUID (74292c805ad428d7089b508e5060809a) of player #0 Sebastian
﻿13:11:44 : Player #0 Sebastian - Legacy GUID: eb9f741eb51bafd5dfef7b5b6f604221
﻿13:11:47 : Player #6 SsSalt disconnected
﻿13:11:55 : Player #5 Bananenjoghurt (217.86.83.25:5302) connected
﻿13:11:56 : Player #5 Bananenjoghurt - GUID: 9a10c5e267e9a5a64c34f0e40f980c62 (unverified)
﻿13:11:57 : Verified GUID (9a10c5e267e9a5a64c34f0e40f980c62) of player #5 Bananenjoghurt
﻿13:11:57 : Player #5 Bananenjoghurt - Legacy GUID: 075d9ead32c341c05812bd509abffb7d
﻿13:12:32 : Player #6 Soln1shko (37.204.250.195:5302) connected
﻿13:12:34 : Player #6 Soln1shko - GUID: e26e360ef7f398644a10b80a8f8d3b23 (unverified)
﻿13:12:34 : Player #6 Soln1shko - Legacy GUID: 888e8a095e15e4f15f3702069e205fe5
﻿13:12:35 : Verified GUID (e26e360ef7f398644a10b80a8f8d3b23) of player #6 Soln1shko
﻿13:15:54 : RCon admin #3 (109.145.123.124:50501) logged in
﻿13:18:07 : RCon admin #2: (Global) Admins: LWB, Sierra and Turmoil
﻿13:31:29 : Player #7 Baum (217.86.76.201:5302) connected
﻿13:31:31 : Player #7 Baum - GUID: 27bccd0bf2e6c22fa0d221ca655e437f (unverified)
﻿13:31:31 : Verified GUID (27bccd0bf2e6c22fa0d221ca655e437f) of player #7 Baum
﻿13:31:32 : Player #7 Baum - Legacy GUID: abca2e562cc305fb1e58c89a7e119727
﻿13:31:38 : Player #8 User (80.110.68.105:9622) connected
﻿13:31:40 : Player #8 User disconnected
﻿13:32:07 : RCon admin #2: (Global) BASES MUST BE MAINTAINED VIA THE PLOT POLE EVERY 7 DAYS!!
﻿13:33:09 : Player #3 Robbys Gamer disconnected
﻿13:37:07 : RCon admin #2: (Global) Vehicles left in trader zones at restarts will be moved to the vehicle pound and unlocked
﻿13:48:07 : RCon admin #2: (Global) Admins: LWB, Sierra and Turmoil
﻿13:53:12 : Player #5 Bananenjoghurt disconnected
﻿13:54:39 : Player #0 Sebastian disconnected
﻿13:57:35 : Player #4 Chris (196c085423532776951bddcd0368cb91) has been kicked by BattlEye: Client not responding
﻿14:02:07 : RCon admin #2: (Global) BASES MUST BE MAINTAINED VIA THE PLOT POLE EVERY 7 DAYS!!
﻿14:04:07 : Player #0 Beastiboy (109.45.2.45:43383) connected
﻿14:04:09 : Player #0 Beastiboy - GUID: 936a425caa1da69d4565676ad370e0d0 (unverified)
﻿14:04:09 : Player #0 Beastiboy - Legacy GUID: b4c68b307db036e1593c0b08e81d467e
﻿14:04:09 : Verified GUID (936a425caa1da69d4565676ad370e0d0) of player #0 Beastiboy
﻿14:07:07 : RCon admin #2: (Global) Vehicles left in trader zones at restarts will be moved to the vehicle pound and unlocked
﻿14:10:17 : Player #3 vadim71 (94.25.179.33:20637) connected
﻿14:10:18 : Player #3 vadim71 - GUID: 0fdd4792618ba6abf3d2cdc81355168b (unverified)
﻿14:10:18 : Verified GUID (0fdd4792618ba6abf3d2cdc81355168b) of player #3 vadim71
﻿14:10:19 : Player #3 vadim71 - Legacy GUID: ca9fca6142fb4192abe3d3180131e6fc
﻿14:13:07 : RCon admin #2: (Global) Server will restart in 10 minutes
﻿14:17:53 : Player #6 Soln1shko disconnected
﻿14:18:07 : RCon admin #2: (Global) Admins: LWB, Sierra and Turmoil
﻿14:18:08 : RCon admin #2: (Global) Server will restart in 5 minutes: Prepare to Logout
﻿14:18:55 : Player #2 J0k3r disconnected
﻿14:18:56 : Player #7 Baum disconnected
﻿14:21:07 : RCon admin #2: (Global) The Server is about to restart. LOG OUT NOW OR YOUR GEAR MAY BE LOST!!
﻿14:22:22 : Player #1 ded disconnected
﻿14:22:37 : RCon admin #2: (Global) YOU SHOULD BE LOGGED OUT BY NOW! IF YOU ARENT YOU WILL BE AUTO KICKED AND YOUR GEAR MAY BE LOST! NO REFUNDS!
﻿14:23:41 : Rcon client logging in
﻿14:23:41 : RCon admin #2 (78.31.67.100:59873) logged in
﻿14:25:33 : Player #0 Beastiboy (109.45.2.45:57356) connected
﻿14:25:34 : Player #0 Beastiboy - GUID: 936a425caa1da69d4565676ad370e0d0 (unverified)
﻿14:25:35 : Verified GUID (936a425caa1da69d4565676ad370e0d0) of player #0 Beastiboy
﻿14:25:35 : Player #0 Beastiboy - Legacy GUID: b4c68b307db036e1593c0b08e81d467e
﻿14:26:55 : Player #1 Soln1shko (37.204.250.195:5302) connected
﻿14:27:05 : Player #1 Soln1shko - Legacy GUID: 888e8a095e15e4f15f3702069e205fe5
﻿14:27:06 : Player #1 Soln1shko - GUID: e26e360ef7f398644a10b80a8f8d3b23 (unverified)
﻿14:27:06 : Verified GUID (e26e360ef7f398644a10b80a8f8d3b23) of player #1 Soln1shko
﻿14:27:31 : Player #2 [eXp] RafcioZG (89.67.63.218:5302) connected
﻿14:27:33 : Player #2 [eXp] RafcioZG - GUID: 02ed733403835a8a8517265415d84023 (unverified)
﻿14:27:33 : Verified GUID (02ed733403835a8a8517265415d84023) of player #2 [eXp] RafcioZG
﻿14:27:33 : Player #2 [eXp] RafcioZG - Legacy GUID: c9c653dd820194488bd099e2b5e7f454
﻿14:27:57 : Player #3 KRON (46.53.177.151:63494) connected
﻿14:27:59 : Player #3 KRON - GUID: c9820f8c02fdd8ae56961d2ad52d5364 (unverified)
﻿14:27:59 : Player #3 KRON - Legacy GUID: 6a516760f16f2e9cad78825abeba1a24
﻿14:27:59 : Verified GUID (c9820f8c02fdd8ae56961d2ad52d5364) of player #3 KRON
﻿14:28:36 : Player #1 Soln1shko disconnected
﻿14:29:06 : Player #1 ded (176.212.72.2:58986) connected
﻿14:29:07 : Player #1 ded - GUID: e85eae2ca880e4230d0e1fb730c90c02 (unverified)
﻿14:29:07 : Verified GUID (e85eae2ca880e4230d0e1fb730c90c02) of player #1 ded
﻿14:29:08 : Player #1 ded - Legacy GUID: eb286d9cf0901fa29654922870928fa0
﻿14:33:26 : Player #4 Soln1shko (37.204.250.195:5302) connected
﻿14:33:28 : Player #4 Soln1shko - Legacy GUID: 888e8a095e15e4f15f3702069e205fe5
﻿14:33:28 : Player #4 Soln1shko - GUID: e26e360ef7f398644a10b80a8f8d3b23 (unverified)
﻿14:33:28 : Verified GUID (e26e360ef7f398644a10b80a8f8d3b23) of player #4 Soln1shko
﻿14:37:41 : RCon admin #2: (Global) Vehicles left in trader zones at restarts will be moved to the vehicle pound and unlocked
﻿14:38:25 : Player #3 KRON disconnected
﻿14:48:41 : RCon admin #2: (Global) Admins: LWB, Sierra and Turmoil
﻿14:54:01 : Player #3 J0k3r (84.159.131.224:5302) connected
﻿14:54:03 : Player #3 J0k3r - GUID: 653286731dbb0c0a39a6b01970a014d4 (unverified)
﻿14:54:03 : Verified GUID (653286731dbb0c0a39a6b01970a014d4) of player #3 J0k3r
﻿14:54:04 : Player #3 J0k3r - Legacy GUID: 268a45a07d0cfb32181c45a094f39c6b
﻿15:02:41 : RCon admin #2: (Global) BASES MUST BE MAINTAINED VIA THE PLOT POLE EVERY 7 DAYS!!
﻿15:04:46 : Player #5 Robbys Gamer (178.8.81.169:5302) connected
﻿15:04:47 : Player #5 Robbys Gamer - GUID: 7c28c92461f5de0f83cd29e74ac8d912 (unverified)
﻿15:04:48 : Verified GUID (7c28c92461f5de0f83cd29e74ac8d912) of player #5 Robbys Gamer
﻿15:04:48 : Player #5 Robbys Gamer - Legacy GUID: 572620fa8651c62b194670c20206a1be
﻿15:07:41 : RCon admin #2: (Global) Vehicles left in trader zones at restarts will be moved to the vehicle pound and unlocked
﻿15:07:55 : Player #6 [eXp] Gruby (83.10.111.12:5302) connected
﻿15:07:56 : Player #6 [eXp] Gruby - GUID: 7f82c53f48899ff2fd5b9489f8d17fb8 (unverified)
﻿15:07:56 : Verified GUID (7f82c53f48899ff2fd5b9489f8d17fb8) of player #6 [eXp] Gruby
﻿15:07:57 : Player #6 [eXp] Gruby - Legacy GUID: 61f8d59b40d145e9e0934b15ea495703
﻿15:16:38 : RCon admin #3 (109.145.123.124:64266) logged in
﻿15:18:41 : RCon admin #2: (Global) Admins: LWB, Sierra and Turmoil
﻿15:20:31 : RCon admin #0 (109.145.123.124:53516) logged in
﻿15:22:56 : RCon admin #1 (109.145.123.124:65169) logged in
﻿15:32:41 : RCon admin #2: (Global) BASES MUST BE MAINTAINED VIA THE PLOT POLE EVERY 7 DAYS!!
﻿15:32:57 : Player #7 Black Angel (89.105.255.133:2304) connected
﻿15:32:57 : Player #3 J0k3r disconnected
﻿15:32:59 : Player #7 Black Angel - Legacy GUID: a3900a5b2d638dd05ef2b5a9be59e07c
﻿15:32:59 : Player #7 Black Angel - GUID: ce9f8f5b44984f2bfd94fb70ccfee3fa (unverified)
﻿15:33:00 : Verified GUID (ce9f8f5b44984f2bfd94fb70ccfee3fa) of player #7 Black Angel
﻿15:37:41 : RCon admin #2: (Global) Vehicles left in trader zones at restarts will be moved to the vehicle pound and unlocked
﻿15:39:10 : Player #3 [eXp] CziQita (85.202.152.128:5302) connected
﻿15:39:11 : Player #3 [eXp] CziQita - GUID: 032d6e70df3d067624c52f7be2b9f7a4 (unverified)
﻿15:39:12 : Verified GUID (032d6e70df3d067624c52f7be2b9f7a4) of player #3 [eXp] CziQita
﻿15:39:12 : Player #3 [eXp] CziQita - Legacy GUID: 5fe66ce3f47a21b2db2c180c820374dd
﻿15:48:41 : RCon admin #2: (Global) Admins: LWB, Sierra and Turmoil
﻿15:53:23 : RCon admin #0 (109.145.123.124:55689) logged in
﻿15:53:28 : Player #5 Robbys Gamer disconnected
﻿15:54:24 : Player #5 Josh (213.120.51.13:5302) connected
﻿15:54:25 : Player #5 Josh - GUID: 8e5a3a3d5d08855afb45e635b24eb27a (unverified)
﻿15:54:26 : Verified GUID (8e5a3a3d5d08855afb45e635b24eb27a) of player #5 Josh
﻿15:54:26 : Player #5 Josh - Legacy GUID: 71b0d1d55eaf8b78889281c5727d1a5e
﻿16:01:00 : Player #8 Dont touch my Tralala (80.130.122.170:5302) connected
﻿16:01:01 : Player #8 Dont touch my Tralala - GUID: 5d9bb33c738a6e2632cea27bd877e7c0 (unverified)
﻿16:01:02 : Verified GUID (5d9bb33c738a6e2632cea27bd877e7c0) of player #8 Dont touch my Tralala
﻿16:01:02 : Player #8 Dont touch my Tralala - Legacy GUID: ac41e7d0c4417d6412502654e9b2c503
﻿16:02:41 : RCon admin #2: (Global) BASES MUST BE MAINTAINED VIA THE PLOT POLE EVERY 7 DAYS!!
﻿16:04:53 : Player #9 Rasmus (85.194.1.175:40501) connected
﻿16:04:54 : Player #9 Rasmus - GUID: da2265f76fc754bfc4a8c85461acfc0c (unverified)
﻿16:04:55 : Verified GUID (da2265f76fc754bfc4a8c85461acfc0c) of player #9 Rasmus
﻿16:04:55 : Player #9 Rasmus - Legacy GUID: cca9961fefd01395d6080be45e79cc44
﻿16:07:41 : RCon admin #2: (Global) Vehicles left in trader zones at restarts will be moved to the vehicle pound and unlocked
﻿16:08:03 : Player #10 LYD (82.41.226.125:5302) connected
﻿16:08:05 : Player #10 LYD - GUID: 976b9a75eedf87583a10222350c42fa8 (unverified)
﻿16:08:05 : Player #10 LYD - Legacy GUID: 43d715542736a82c1c17084a07761533
﻿16:08:05 : Verified GUID (976b9a75eedf87583a10222350c42fa8) of player #10 LYD
﻿16:09:17 : Player #11 Malibu (78.10.225.63:5302) connected
﻿16:09:18 : Player #11 Malibu - GUID: f37ed7eed9d5b9a0d037fb5742969aa1 (unverified)
﻿16:09:18 : Verified GUID (f37ed7eed9d5b9a0d037fb5742969aa1) of player #11 Malibu
﻿16:09:19 : Player #11 Malibu - Legacy GUID: 21bbd744c0dd2f7f0314c77059314907
﻿16:11:16 : Player #0 Beastiboy disconnected
﻿16:14:36 : Player #5 Josh disconnected
﻿16:16:06 : Player #10 LYD disconnected
﻿16:18:41 : RCon admin #2: (Global) Admins: LWB, Sierra and Turmoil
﻿16:19:18 : Player #0 Sebastian (217.86.75.205:5302) connected
﻿16:19:20 : Player #0 Sebastian - GUID: 74292c805ad428d7089b508e5060809a (unverified)
﻿16:19:20 : Verified GUID (74292c805ad428d7089b508e5060809a) of player #0 Sebastian
﻿16:19:20 : Player #0 Sebastian - Legacy GUID: eb9f741eb51bafd5dfef7b5b6f604221
﻿16:19:58 : Player #5 Player2 (81.96.95.202:5302) connected
﻿16:19:59 : Player #5 Player2 - GUID: af09e1f3ce5237266191efcc0bf147d9 (unverified)
﻿16:20:00 : Verified GUID (af09e1f3ce5237266191efcc0bf147d9) of player #5 Player2
﻿16:20:00 : Player #5 Player2 - Legacy GUID: e4569575cf2c4f2a9fced13df6311e9d
﻿16:20:12 : Player #11 Malibu disconnected
﻿16:20:27 : Player #5 Player2 disconnected
﻿16:22:12 : Player #5 Malibu (78.10.225.63:5302) connected
﻿16:22:14 : Player #5 Malibu - GUID: f37ed7eed9d5b9a0d037fb5742969aa1 (unverified)
﻿16:22:14 : Player #5 Malibu - Legacy GUID: 21bbd744c0dd2f7f0314c77059314907
﻿16:22:14 : Verified GUID (f37ed7eed9d5b9a0d037fb5742969aa1) of player #5 Malibu
﻿16:23:24 : Player #0 Sebastian disconnected
﻿16:32:41 : RCon admin #2: (Global) BASES MUST BE MAINTAINED VIA THE PLOT POLE EVERY 7 DAYS!!
﻿16:36:22 : Player #5 Malibu disconnected
﻿16:37:41 : RCon admin #2: (Global) Vehicles left in trader zones at restarts will be moved to the vehicle pound and unlocked
﻿16:41:44 : Player #0 MalteserHead (81.136.33.150:5302) connected
﻿16:41:45 : Player #0 MalteserHead - GUID: d19c83eca2d2a1dd18d22d47caf5d877 (unverified)
﻿16:41:46 : Verified GUID (d19c83eca2d2a1dd18d22d47caf5d877) of player #0 MalteserHead
﻿16:41:46 : Player #0 MalteserHead - Legacy GUID: bf19a734e5d9309104ca2b73bac2151f
﻿16:43:41 : RCon admin #2: (Global) Server will restart in 10 minutes
﻿16:44:17 : Player #5 Baatezu (46.30.166.166:5302) connected
﻿16:44:18 : Player #5 Baatezu - GUID: 84bee7310c50e98d236a2952902fb2f8 (unverified)
﻿16:44:19 : Verified GUID (84bee7310c50e98d236a2952902fb2f8) of player #5 Baatezu
﻿16:44:19 : Player #5 Baatezu - Legacy GUID: 012fd47e57492c12bf6db993c3fd12df
﻿16:47:25 : Player #7 Black Angel disconnected
﻿16:47:33 : Player #7 Bananenjoghurt (217.86.83.25:5302) connected
﻿16:47:34 : Player #7 Bananenjoghurt - GUID: 9a10c5e267e9a5a64c34f0e40f980c62 (unverified)
﻿16:47:35 : Verified GUID (9a10c5e267e9a5a64c34f0e40f980c62) of player #7 Bananenjoghurt
﻿16:47:35 : Player #7 Bananenjoghurt - Legacy GUID: 075d9ead32c341c05812bd509abffb7d
﻿16:48:21 : Player #0 MalteserHead disconnected
﻿16:48:40 : Player #4 Soln1shko disconnected
﻿16:48:42 : RCon admin #2: (Global) Admins: LWB, Sierra and Turmoil
﻿16:48:42 : RCon admin #2: (Global) Server will restart in 5 minutes: Prepare to Logout
﻿16:49:40 : Player #6 [eXp] Gruby disconnected
﻿16:50:20 : Player #2 [eXp] RafcioZG disconnected
﻿16:50:29 : Player #0 HARDCORE (178.34.56.248:5302) connected
﻿16:50:31 : Player #0 HARDCORE - GUID: fc49669f903000f656cd8579ff3fdbd9 (unverified)
﻿16:50:31 : Player #0 HARDCORE - Legacy GUID: b28b7ef654a43f9e64dd058f744a1a09
﻿16:50:31 : Verified GUID (fc49669f903000f656cd8579ff3fdbd9) of player #0 HARDCORE
﻿16:50:57 : Player #3 [eXp] CziQita disconnected
﻿16:51:20 : Player #9 Rasmus disconnected
﻿16:51:41 : RCon admin #2: (Global) The Server is about to restart. LOG OUT NOW OR YOUR GEAR MAY BE LOST!!
﻿16:52:16 : Player #7 Bananenjoghurt disconnected
﻿16:52:36 : Player #5 Baatezu disconnected
﻿16:53:11 : RCon admin #2: (Global) YOU SHOULD BE LOGGED OUT BY NOW! IF YOU ARENT YOU WILL BE AUTO KICKED AND YOUR GEAR MAY BE LOST! NO REFUNDS!
﻿16:54:15 : Rcon client logging in
﻿16:54:15 : RCon admin #2 (78.31.67.100:61625) logged in
﻿16:54:30 : Player #0 Baatezu (46.30.166.166:5302) connected
﻿16:54:31 : Player #0 Baatezu - GUID: 84bee7310c50e98d236a2952902fb2f8 (unverified)
﻿16:54:31 : Verified GUID (84bee7310c50e98d236a2952902fb2f8) of player #0 Baatezu
﻿16:54:32 : Player #0 Baatezu - Legacy GUID: 012fd47e57492c12bf6db993c3fd12df
﻿16:55:03 : Player #1 [eXp] CziQita (85.202.152.128:5302) connected
﻿16:55:04 : Player #1 [eXp] CziQita - GUID: 032d6e70df3d067624c52f7be2b9f7a4 (unverified)
﻿16:55:04 : Verified GUID (032d6e70df3d067624c52f7be2b9f7a4) of player #1 [eXp] CziQita
﻿16:55:05 : Player #1 [eXp] CziQita - Legacy GUID: 5fe66ce3f47a21b2db2c180c820374dd
﻿16:55:13 : Player #2 evoz (128.70.159.163:5302) connected
﻿16:55:14 : Player #2 evoz - GUID: 415c2bee6d068cb33dc4dec255e900b4 (unverified)
﻿16:55:14 : Verified GUID (415c2bee6d068cb33dc4dec255e900b4) of player #2 evoz
﻿16:55:15 : Player #2 evoz - Legacy GUID: 729524a6ce185fadb9ea07786b219455
﻿16:56:09 : Player #3 HARDCORE (178.34.56.248:5302) connected
﻿16:56:11 : Player #3 HARDCORE - GUID: fc49669f903000f656cd8579ff3fdbd9 (unverified)
﻿16:56:11 : Verified GUID (fc49669f903000f656cd8579ff3fdbd9) of player #3 HARDCORE
﻿16:56:11 : Player #3 HARDCORE - Legacy GUID: b28b7ef654a43f9e64dd058f744a1a09
﻿16:57:57 : Player #0 Baatezu disconnected
﻿16:58:23 : Player #0 [eXp] RafcioZG (89.67.63.218:5302) connected
﻿16:58:24 : Player #0 [eXp] RafcioZG - GUID: 02ed733403835a8a8517265415d84023 (unverified)
﻿16:58:24 : Verified GUID (02ed733403835a8a8517265415d84023) of player #0 [eXp] RafcioZG
﻿16:58:25 : Player #0 [eXp] RafcioZG - Legacy GUID: c9c653dd820194488bd099e2b5e7f454
﻿16:59:08 : Player #4 Rasmus (85.194.1.175:40263) connected
﻿16:59:10 : Player #4 Rasmus - GUID: da2265f76fc754bfc4a8c85461acfc0c (unverified)
﻿16:59:10 : Verified GUID (da2265f76fc754bfc4a8c85461acfc0c) of player #4 Rasmus
﻿16:59:10 : Player #4 Rasmus - Legacy GUID: cca9961fefd01395d6080be45e79cc44
﻿17:00:10 : Player #5 [eXp] Gruby (83.10.111.12:5302) connected
﻿17:00:11 : Player #5 [eXp] Gruby - GUID: 7f82c53f48899ff2fd5b9489f8d17fb8 (unverified)
﻿17:00:11 : Verified GUID (7f82c53f48899ff2fd5b9489f8d17fb8) of player #5 [eXp] Gruby
﻿17:00:12 : Player #5 [eXp] Gruby - Legacy GUID: 61f8d59b40d145e9e0934b15ea495703
﻿17:00:43 : Player #6 GameTime (128.70.149.156:5302) connected
﻿17:00:45 : Player #6 GameTime - GUID: e960112145b73709e8f1ca8b6795ae16 (unverified)
﻿17:00:45 : Verified GUID (e960112145b73709e8f1ca8b6795ae16) of player #6 GameTime
﻿17:00:45 : Player #6 GameTime - Legacy GUID: f7bcb7e85e198872912ab916d9501a92
﻿17:01:47 : Player #7 Fantom (46.200.171.252:2304) connected
﻿17:01:48 : Player #7 Fantom - GUID: c777ed38819c814a7bba4425e4611ce2 (unverified)
﻿17:01:49 : Player #7 Fantom - Legacy GUID: ae87b918ddf77f604593fee8cdb1c50d
﻿17:01:51 : Verified GUID (c777ed38819c814a7bba4425e4611ce2) of player #7 Fantom
﻿17:02:17 : Player #8 ***MAYHEM*** (134.249.176.169:2304) connected
﻿17:02:19 : Player #8 ***MAYHEM*** - GUID: d92226fc429569f7bddd3629a2eda088 (unverified)
﻿17:02:19 : Verified GUID (d92226fc429569f7bddd3629a2eda088) of player #8 ***MAYHEM***
﻿17:02:20 : Player #8 ***MAYHEM*** - Legacy GUID: 1b46ddae22cc8c8d9ec42aa9ffb8dace
﻿17:02:20 : Player #8 ***MAYHEM*** disconnected
﻿17:03:44 : Player #8 ded (176.212.72.2:59422) connected
﻿17:03:46 : Player #8 ded - GUID: e85eae2ca880e4230d0e1fb730c90c02 (unverified)
﻿17:03:46 : Verified GUID (e85eae2ca880e4230d0e1fb730c90c02) of player #8 ded
﻿17:03:46 : Player #8 ded - Legacy GUID: eb286d9cf0901fa29654922870928fa0
﻿17:04:03 : Player #9 [RnbZ]SgtBoss (31.16.254.3:43480) connected
﻿17:04:04 : Player #9 [RnbZ]SgtBoss - GUID: 4faa4016459d58fa544ea82c7c614cf2 (unverified)
﻿17:04:04 : Verified GUID (4faa4016459d58fa544ea82c7c614cf2) of player #9 [RnbZ]SgtBoss
﻿17:04:05 : Player #9 [RnbZ]SgtBoss - Legacy GUID: 5c98898e33c8a8fb51757566e505d534
﻿17:04:15 : Player #10 untik (31.16.249.196:46302) connected
﻿17:04:16 : Player #10 untik - GUID: b50d03b1d16a17b8cf3feeddee34bce4 (unverified)
﻿17:04:16 : Verified GUID (b50d03b1d16a17b8cf3feeddee34bce4) of player #10 untik
﻿17:04:17 : Player #10 untik - Legacy GUID: 35b3a12352613a395a0cae2934b4c94e
﻿17:06:39 : Player #11 ***MAYHEM*** (134.249.176.169:5302) connected
﻿17:06:41 : Player #11 ***MAYHEM*** - GUID: d92226fc429569f7bddd3629a2eda088 (unverified)
﻿17:06:41 : Verified GUID (d92226fc429569f7bddd3629a2eda088) of player #11 ***MAYHEM***
﻿17:06:42 : Player #11 ***MAYHEM*** - Legacy GUID: 1b46ddae22cc8c8d9ec42aa9ffb8dace
﻿17:07:39 : Player #12 pooti (217.249.96.11:5302) connected
﻿17:07:41 : Player #12 pooti - Legacy GUID: a45ebd323936e66454c90e8bbf5ee19c
﻿17:07:41 : Player #12 pooti - GUID: 138b38305ea0e77466de21feccfcd7e6 (unverified)
﻿17:07:42 : Verified GUID (138b38305ea0e77466de21feccfcd7e6) of player #12 pooti
﻿17:08:15 : RCon admin #2: (Global) Vehicles left in trader zones at restarts will be moved to the vehicle pound and unlocked
﻿17:13:25 : Player #13 GoPro (176.109.196.91:5302) connected
﻿17:13:27 : Player #13 GoPro - GUID: 341e31f75574b4b1665e1e53bd9bd60d (unverified)
﻿17:13:27 : Player #13 GoPro - Legacy GUID: 1c886337208efded14ec35294adfdae4
﻿17:13:27 : Verified GUID (341e31f75574b4b1665e1e53bd9bd60d) of player #13 GoPro
﻿17:19:15 : RCon admin #2: (Global) Admins: LWB, Sierra and Turmoil
﻿17:27:41 : RCon admin #3 (109.145.123.124:59053) logged in
﻿17:33:15 : RCon admin #2: (Global) BASES MUST BE MAINTAINED VIA THE PLOT POLE EVERY 7 DAYS!!
﻿17:35:01 : Player #14 Black Angel (89.105.255.133:2304) connected
﻿17:35:03 : Player #14 Black Angel - GUID: ce9f8f5b44984f2bfd94fb70ccfee3fa (unverified)
﻿17:35:04 : Verified GUID (ce9f8f5b44984f2bfd94fb70ccfee3fa) of player #14 Black Angel
﻿17:35:06 : Player #14 Black Angel - Legacy GUID: a3900a5b2d638dd05ef2b5a9be59e07c
﻿17:38:15 : RCon admin #2: (Global) Vehicles left in trader zones at restarts will be moved to the vehicle pound and unlocked
﻿17:41:26 : Player #15 MalteserHead (81.136.33.150:5302) connected
﻿17:41:28 : Player #15 MalteserHead - GUID: d19c83eca2d2a1dd18d22d47caf5d877 (unverified)
﻿17:41:28 : Verified GUID (d19c83eca2d2a1dd18d22d47caf5d877) of player #15 MalteserHead
﻿17:41:28 : Player #15 MalteserHead - Legacy GUID: bf19a734e5d9309104ca2b73bac2151f
﻿17:46:00 : Player #16 Beastiboy (109.45.2.45:53347) connected
﻿17:46:01 : Player #16 Beastiboy - GUID: 936a425caa1da69d4565676ad370e0d0 (unverified)
﻿17:46:02 : Player #16 Beastiboy - Legacy GUID: b4c68b307db036e1593c0b08e81d467e
﻿17:46:02 : Verified GUID (936a425caa1da69d4565676ad370e0d0) of player #16 Beastiboy
﻿17:46:29 : Player #3 HARDCORE disconnected
﻿17:47:23 : Player #3 HARDCORE (178.34.56.248:5302) connected
﻿17:47:25 : Player #3 HARDCORE - GUID: fc49669f903000f656cd8579ff3fdbd9 (unverified)
﻿17:47:25 : Player #3 HARDCORE - Legacy GUID: b28b7ef654a43f9e64dd058f744a1a09
﻿17:47:26 : Verified GUID (fc49669f903000f656cd8579ff3fdbd9) of player #3 HARDCORE
﻿17:49:15 : RCon admin #2: (Global) Admins: LWB, Sierra and Turmoil
﻿17:52:22 : Player #17 Dont touch my Tralala (80.130.122.170:5302) connected
﻿17:52:23 : Player #17 Dont touch my Tralala - GUID: 5d9bb33c738a6e2632cea27bd877e7c0 (unverified)
﻿17:52:24 : Verified GUID (5d9bb33c738a6e2632cea27bd877e7c0) of player #17 Dont touch my Tralala
﻿17:52:24 : Player #17 Dont touch my Tralala - Legacy GUID: ac41e7d0c4417d6412502654e9b2c503
﻿17:55:53 : Player #18 Bock (89.239.243.136:28276) connected
﻿17:55:55 : Player #18 Bock - GUID: 7db662f5bfbf2195f8e715ab674cf2d4 (unverified)
﻿17:55:55 : Player #18 Bock - Legacy GUID: 888629fc20a0d3426fd9445c55012ad5
﻿17:55:56 : Player #19 lukeredfearn (109.246.2.210:5302) connected
﻿17:55:56 : Verified GUID (7db662f5bfbf2195f8e715ab674cf2d4) of player #18 Bock
﻿17:55:57 : Player #19 lukeredfearn - GUID: 848d9de78cc2e68001c444852b7cba2e (unverified)
﻿17:55:57 : Verified GUID (848d9de78cc2e68001c444852b7cba2e) of player #19 lukeredfearn
﻿17:55:58 : Player #19 lukeredfearn - Legacy GUID: 14986a55bf4c03853706ca4e2bb06a70
﻿17:59:52 : Player #18 Bock disconnected
﻿18:02:41 : Player #18 Trychu (89.76.64.217:5302) connected
﻿18:02:42 : Player #18 Trychu - GUID: 1a458762d03fcfc310536c7e6d388ec9 (unverified)
﻿18:02:43 : Verified GUID (1a458762d03fcfc310536c7e6d388ec9) of player #18 Trychu
﻿18:02:43 : Player #18 Trychu - Legacy GUID: 0da0ddbe8570c0dc220a51859ae9fcbf
﻿18:03:15 : RCon admin #2: (Global) BASES MUST BE MAINTAINED VIA THE PLOT POLE EVERY 7 DAYS!!
﻿18:08:15 : RCon admin #2: (Global) Vehicles left in trader zones at restarts will be moved to the vehicle pound and unlocked
﻿18:09:40 : Player #15 MalteserHead disconnected
﻿18:11:21 : Player #15 [AMW] I Think i Spider (91.13.124.75:5302) connected
﻿18:11:22 : Player #15 [AMW] I Think i Spider - GUID: cdb1ae814a844622b64724c75abd37db (unverified)
﻿18:11:23 : Player #15 [AMW] I Think i Spider - Legacy GUID: 0f1737b3240f073b6be331d5921affbf
﻿18:11:23 : Verified GUID (cdb1ae814a844622b64724c75abd37db) of player #15 [AMW] I Think i Spider
﻿18:11:34 : Player #3 HARDCORE disconnected
﻿18:11:39 : Player #4 Rasmus disconnected
﻿18:11:55 : Player #3 MR.T (98.239.21.86:5302) connected
﻿18:11:57 : Player #3 MR.T - GUID: 56b0adf5789a3b91ce35e05ed8839880 (unverified)
﻿18:11:57 : Player #3 MR.T - Legacy GUID: 57bdd3e37d2940c89711171aa3747721
﻿18:11:58 : Verified GUID (56b0adf5789a3b91ce35e05ed8839880) of player #3 MR.T
﻿18:12:03 : Player #12 pooti disconnected
﻿18:12:10 : Player #4 HARDCORE (178.34.56.248:5302) connected
﻿18:12:11 : Player #4 HARDCORE - GUID: fc49669f903000f656cd8579ff3fdbd9 (unverified)
﻿18:12:12 : Player #4 HARDCORE - Legacy GUID: b28b7ef654a43f9e64dd058f744a1a09
﻿18:12:12 : Verified GUID (fc49669f903000f656cd8579ff3fdbd9) of player #4 HARDCORE
﻿18:12:51 : Player #12 CONTRAS (37.54.174.213:12412) connected
﻿18:12:53 : Player #12 CONTRAS - GUID: 5994228a3ec45366e72bd38ff30dfcd8 (unverified)
﻿18:12:53 : Verified GUID (5994228a3ec45366e72bd38ff30dfcd8) of player #12 CONTRAS
﻿18:12:53 : Player #12 CONTRAS - Legacy GUID: e339fe96e50a238fe7b1b59867c51ae5
﻿18:12:55 : Player #12 CONTRAS disconnected
﻿18:13:22 : Player #12 Michigan (5.14.8.191:5302) connected
﻿18:13:23 : Player #12 Michigan - GUID: 2bc89dcf4093fff5dea8ac194dc520f6 (unverified)
﻿18:13:24 : Verified GUID (2bc89dcf4093fff5dea8ac194dc520f6) of player #12 Michigan
﻿18:13:24 : Player #12 Michigan - Legacy GUID: cab8b97b6c1d3c1e097f5f51bb45b65c
﻿18:13:24 : Player #15 [AMW] I Think i Spider disconnected
﻿18:14:26 : Player #15 Yuri Boyka (91.13.124.75:5302) connected
﻿18:14:27 : Player #15 Yuri Boyka - GUID: cdb1ae814a844622b64724c75abd37db (unverified)
﻿18:14:28 : Player #15 Yuri Boyka - Legacy GUID: 0f1737b3240f073b6be331d5921affbf
﻿18:14:28 : Verified GUID (cdb1ae814a844622b64724c75abd37db) of player #15 Yuri Boyka
﻿18:16:18 : Player #20 CONTRAS (37.54.174.213:12596) connected
﻿18:16:19 : Player #20 CONTRAS - GUID: 5994228a3ec45366e72bd38ff30dfcd8 (unverified)
﻿18:16:20 : Player #20 CONTRAS - Legacy GUID: e339fe96e50a238fe7b1b59867c51ae5
﻿18:16:20 : Verified GUID (5994228a3ec45366e72bd38ff30dfcd8) of player #20 CONTRAS
﻿18:19:16 : RCon admin #2: (Global) Admins: LWB, Sierra and Turmoil
﻿18:30:14 : Player #13 GoPro disconnected
﻿18:30:20 : Player #7 Fantom disconnected
﻿18:30:53 : Player #20 CONTRAS disconnected
﻿18:31:38 : Player #11 ***MAYHEM*** disconnected
﻿18:33:15 : RCon admin #2: (Global) BASES MUST BE MAINTAINED VIA THE PLOT POLE EVERY 7 DAYS!!
﻿18:34:10 : Player #7 Rumple (86.163.225.142:5302) connected
﻿18:34:12 : Player #7 Rumple - GUID: 6b4e2d4dee1ba25c37397f61086d849f (unverified)
﻿18:34:12 : Player #7 Rumple - Legacy GUID: c02996bbbf5b100277526e50930f9b51
﻿18:34:12 : Verified GUID (6b4e2d4dee1ba25c37397f61086d849f) of player #7 Rumple
﻿18:34:33 : RCon admin #0 (109.145.123.124:55154) logged in
﻿18:34:48 : Player #11 julezz (77.21.40.120:5302) connected
﻿18:34:50 : Player #11 julezz - GUID: f9f402e410ff92bc5df08ec0799f08fc (unverified)
﻿18:34:50 : Player #11 julezz - Legacy GUID: 376536777ed43bef8aeaf0df8df918b3
﻿18:34:51 : Verified GUID (f9f402e410ff92bc5df08ec0799f08fc) of player #11 julezz
﻿18:34:52 : Player #11 julezz disconnected
﻿18:34:59 : Player #11 Mike Fondu (88.88.255.6:5302) connected
﻿18:35:00 : Player #11 Mike Fondu - GUID: 8fb32a3ea6bf38529cf681c17e6c018d (unverified)
﻿18:35:01 : Verified GUID (8fb32a3ea6bf38529cf681c17e6c018d) of player #11 Mike Fondu
﻿18:35:01 : Player #11 Mike Fondu - Legacy GUID: 0c9589811842c7b5d01c9a3e9f0758f9
﻿18:36:28 : Player #13 marshal (5.105.93.103:5302) connected
﻿18:36:29 : Player #20 2DIE4 (84.170.127.195:3302) connected
﻿18:36:29 : Player #13 marshal - GUID: 8f8f5cc1e74f338f2e92044a73a3b6c0 (unverified)
﻿18:36:30 : Verified GUID (8f8f5cc1e74f338f2e92044a73a3b6c0) of player #13 marshal
﻿18:36:30 : Player #20 2DIE4 - GUID: 97b8e8b63e4439b2b62c99dde2b8b8a1 (unverified)
﻿18:36:30 : Player #13 marshal - Legacy GUID: effe0f34494524a34c0e3f069b68213f
﻿18:36:31 : Verified GUID (97b8e8b63e4439b2b62c99dde2b8b8a1) of player #20 2DIE4
﻿18:36:31 : Player #20 2DIE4 - Legacy GUID: e56dc54c0a6d92faa8a284d7c54bffab
﻿18:36:33 : Player #20 2DIE4 disconnected
﻿18:37:43 : RCon admin #1 (109.145.123.124:50598) logged in
﻿18:37:49 : Player #20 2DIE4 (84.170.127.195:5302) connected
﻿18:37:51 : Player #20 2DIE4 - GUID: 97b8e8b63e4439b2b62c99dde2b8b8a1 (unverified)
﻿18:37:51 : Verified GUID (97b8e8b63e4439b2b62c99dde2b8b8a1) of player #20 2DIE4
﻿18:37:51 : Player #20 2DIE4 - Legacy GUID: e56dc54c0a6d92faa8a284d7c54bffab
﻿18:38:16 : RCon admin #2: (Global) Vehicles left in trader zones at restarts will be moved to the vehicle pound and unlocked
﻿18:38:54 : Player #21 E D G Y (141.134.240.81:5302) connected
﻿18:38:55 : Player #21 E D G Y - GUID: dd6d10973c2a9da383ac5045cf21db68 (unverified)
﻿18:38:56 : Player #21 E D G Y - Legacy GUID: 3ae91234002a3153b23eecb21a7a33cd
﻿18:38:56 : Verified GUID (dd6d10973c2a9da383ac5045cf21db68) of player #21 E D G Y
﻿18:39:26 : RCon admin #0: (Global) LWB: Whats up michigan?
﻿18:44:16 : Player #8 ded disconnected
﻿18:47:31 : Player #3 MR.T disconnected
﻿18:47:38 : Player #1 [eXp] CziQita disconnected
﻿18:47:55 : Player #14 Black Angel disconnected
﻿18:49:16 : RCon admin #2: (Global) Admins: LWB, Sierra and Turmoil
﻿18:49:55 : Player #4 HARDCORE (fc49669f903000f656cd8579ff3fdbd9) has been kicked by BattlEye: Client not responding
﻿18:53:16 : Player #1 HARDCORE (31.181.8.21:5302) connected
﻿18:53:18 : Player #1 HARDCORE - GUID: fc49669f903000f656cd8579ff3fdbd9 (unverified)
﻿18:53:18 : Player #1 HARDCORE - Legacy GUID: b28b7ef654a43f9e64dd058f744a1a09
﻿18:53:18 : Verified GUID (fc49669f903000f656cd8579ff3fdbd9) of player #1 HARDCORE
﻿18:53:50 : Player #3 EHOT (94.140.236.80:2304) connected
﻿18:53:51 : Player #3 EHOT - GUID: a28dd439a3cd52a653d2dada65ad5341 (unverified)
﻿18:53:52 : Player #3 EHOT - Legacy GUID: a33b5a3c2cc3a8efddee536c3c46ae34
﻿18:53:52 : Verified GUID (a28dd439a3cd52a653d2dada65ad5341) of player #3 EHOT
﻿18:53:53 : Player #3 EHOT disconnected
﻿18:54:49 : Player #3 C.Vlad (5.14.130.226:5302) connected
﻿18:54:50 : Player #3 C.Vlad - GUID: 1e8d09895f0d8cf4f03d6b6bcb9045bc (unverified)
﻿18:54:51 : Player #3 C.Vlad - Legacy GUID: c7c96b466b1e9c322ee2b3c83f7d951f
﻿18:54:51 : Verified GUID (1e8d09895f0d8cf4f03d6b6bcb9045bc) of player #3 C.Vlad
﻿18:56:33 : Player #11 Mike Fondu disconnected
﻿18:57:25 : Player #5 [eXp] Gruby disconnected
﻿18:57:46 : Player #18 Trychu disconnected
﻿19:02:43 : Player #7 Rumple disconnected
﻿19:03:14 : Player #4 Silas Lintrup (5.103.150.81:5302) connected
﻿19:03:15 : RCon admin #2: (Global) BASES MUST BE MAINTAINED VIA THE PLOT POLE EVERY 7 DAYS!!
﻿19:03:16 : Player #4 Silas Lintrup - GUID: 6a5a58a087d97e43cf7389d6d5499074 (unverified)
﻿19:03:16 : Player #4 Silas Lintrup - Legacy GUID: 6db3e7a4197f39e9c641128871fa093d
﻿19:03:17 : Verified GUID (6a5a58a087d97e43cf7389d6d5499074) of player #4 Silas Lintrup
﻿19:04:52 : Player #0 [eXp] RafcioZG disconnected
﻿19:05:34 : Player #4 Silas Lintrup disconnected
﻿19:08:15 : RCon admin #2: (Global) Vehicles left in trader zones at restarts will be moved to the vehicle pound and unlocked
﻿19:08:34 : Player #0 Silas Lintrup (5.103.150.81:5302) connected
﻿19:08:35 : Player #0 Silas Lintrup - GUID: 6a5a58a087d97e43cf7389d6d5499074 (unverified)
﻿19:08:36 : Verified GUID (6a5a58a087d97e43cf7389d6d5499074) of player #0 Silas Lintrup
﻿19:08:36 : Player #0 Silas Lintrup - Legacy GUID: 6db3e7a4197f39e9c641128871fa093d
﻿19:08:41 : Player #0 Silas Lintrup disconnected
﻿19:09:08 : Player #21 E D G Y disconnected
﻿19:11:52 : Player #0 HentaiChan (95.26.1.59:5302) connected
﻿19:11:54 : Player #0 HentaiChan - GUID: 6490a28fe7d32eda28f7de44ff99e39a (unverified)
﻿19:11:54 : Verified GUID (6490a28fe7d32eda28f7de44ff99e39a) of player #0 HentaiChan
﻿19:11:55 : Player #0 HentaiChan - Legacy GUID: d589eb66a24ef76c22ae258da3cc9e2d
﻿19:14:14 : Player #20 2DIE4 disconnected
﻿19:14:15 : RCon admin #2: (Global) Server will restart in 10 minutes
﻿19:17:15 : Player #4 Soln1shko (37.204.250.195:5302) connected
﻿19:17:17 : Player #4 Soln1shko - GUID: e26e360ef7f398644a10b80a8f8d3b23 (unverified)
﻿19:17:17 : Player #4 Soln1shko - Legacy GUID: 888e8a095e15e4f15f3702069e205fe5
﻿19:17:18 : Verified GUID (e26e360ef7f398644a10b80a8f8d3b23) of player #4 Soln1shko
﻿19:18:22 : RCon admin #0: (Global) LWB: yes
﻿19:19:07 : RCon admin #0: (Global) LWB: go find him them
﻿19:19:08 : Player #15 Yuri Boyka disconnected
﻿19:19:15 : RCon admin #2: (Global) Admins: LWB, Sierra and Turmoil
﻿19:19:16 : RCon admin #2: (Global) Server will restart in 5 minutes: Prepare to Logout
﻿19:21:00 : Player #3 C.Vlad disconnected
﻿19:21:04 : Player #4 Soln1shko disconnected
﻿19:21:05 : Player #1 HARDCORE disconnected
﻿19:21:08 : Player #19 lukeredfearn disconnected
﻿19:21:28 : Player #12 Michigan disconnected
﻿19:21:38 : Player #6 GameTime disconnected
﻿19:22:15 : RCon admin #2: (Global) The Server is about to restart. LOG OUT NOW OR YOUR GEAR MAY BE LOST!!
﻿19:22:53 : Player #17 Dont touch my Tralala disconnected
﻿19:23:02 : Player #13 marshal disconnected
﻿19:23:32 : RCon admin #3 (109.145.123.124:61053) logged in
﻿19:23:45 : RCon admin #2: (Global) YOU SHOULD BE LOGGED OUT BY NOW! IF YOU ARENT YOU WILL BE AUTO KICKED AND YOUR GEAR MAY BE LOST! NO REFUNDS!
﻿19:24:49 : Rcon client logging in
﻿19:24:49 : RCon admin #2 (78.31.67.100:53071) logged in
﻿19:25:14 : Player #0 untik (31.16.249.196:46302) connected
﻿19:25:15 : Player #0 untik - GUID: b50d03b1d16a17b8cf3feeddee34bce4 (unverified)
﻿19:25:15 : Verified GUID (b50d03b1d16a17b8cf3feeddee34bce4) of player #0 untik
﻿19:25:16 : Player #0 untik - Legacy GUID: 35b3a12352613a395a0cae2934b4c94e
﻿19:25:32 : Player #1 Soln1shko (37.204.250.195:5302) connected
﻿19:25:33 : Player #1 Soln1shko - GUID: e26e360ef7f398644a10b80a8f8d3b23 (unverified)
﻿19:25:34 : Verified GUID (e26e360ef7f398644a10b80a8f8d3b23) of player #1 Soln1shko
﻿19:25:34 : Player #1 Soln1shko - Legacy GUID: 888e8a095e15e4f15f3702069e205fe5
﻿19:25:36 : Player #2 HentaiChan (95.26.1.59:5302) connected
﻿19:25:37 : Player #2 HentaiChan - GUID: 6490a28fe7d32eda28f7de44ff99e39a (unverified)
﻿19:25:38 : Verified GUID (6490a28fe7d32eda28f7de44ff99e39a) of player #2 HentaiChan
﻿19:25:38 : Player #2 HentaiChan - Legacy GUID: d589eb66a24ef76c22ae258da3cc9e2d
﻿19:25:51 : Player #3 lukeredfearn (109.246.2.210:5302) connected
﻿19:25:52 : Player #3 lukeredfearn - GUID: 848d9de78cc2e68001c444852b7cba2e (unverified)
﻿19:25:53 : Verified GUID (848d9de78cc2e68001c444852b7cba2e) of player #3 lukeredfearn
﻿19:25:53 : Player #3 lukeredfearn - Legacy GUID: 14986a55bf4c03853706ca4e2bb06a70
﻿19:26:29 : Player #4 marshal (5.105.93.103:5302) connected
﻿19:26:30 : Player #4 marshal - GUID: 8f8f5cc1e74f338f2e92044a73a3b6c0 (unverified)
﻿19:26:30 : Verified GUID (8f8f5cc1e74f338f2e92044a73a3b6c0) of player #4 marshal
﻿19:26:31 : Player #4 marshal - Legacy GUID: effe0f34494524a34c0e3f069b68213f
﻿19:27:00 : Player #5 [RnbZ]SgtBoss (31.16.254.3:43480) connected
﻿19:27:01 : Player #5 [RnbZ]SgtBoss - GUID: 4faa4016459d58fa544ea82c7c614cf2 (unverified)
﻿19:27:02 : Verified GUID (4faa4016459d58fa544ea82c7c614cf2) of player #5 [RnbZ]SgtBoss
﻿19:27:02 : Player #5 [RnbZ]SgtBoss - Legacy GUID: 5c98898e33c8a8fb51757566e505d534
﻿19:27:24 : Player #0 untik disconnected
﻿19:28:03 : Player #0 untik (31.16.249.196:46302) connected
﻿19:28:04 : Player #0 untik - GUID: b50d03b1d16a17b8cf3feeddee34bce4 (unverified)
﻿19:28:04 : Verified GUID (b50d03b1d16a17b8cf3feeddee34bce4) of player #0 untik
﻿19:28:05 : Player #0 untik - Legacy GUID: 35b3a12352613a395a0cae2934b4c94e
﻿19:28:32 : Player #6 Beastiboy (109.45.2.45:55087) connected
﻿19:28:33 : Player #6 Beastiboy - GUID: 936a425caa1da69d4565676ad370e0d0 (unverified)
﻿19:28:33 : Verified GUID (936a425caa1da69d4565676ad370e0d0) of player #6 Beastiboy
﻿19:28:34 : Player #6 Beastiboy - Legacy GUID: b4c68b307db036e1593c0b08e81d467e
﻿19:31:48 : Player #7 HARDCORE (31.181.8.21:5302) connected
﻿19:31:49 : Player #7 HARDCORE - GUID: fc49669f903000f656cd8579ff3fdbd9 (unverified)
﻿19:31:50 : Verified GUID (fc49669f903000f656cd8579ff3fdbd9) of player #7 HARDCORE
﻿19:31:50 : Player #7 HARDCORE - Legacy GUID: b28b7ef654a43f9e64dd058f744a1a09
﻿19:32:00 : Player #8 GameTime (128.70.149.156:5302) connected
﻿19:32:01 : Player #8 GameTime - GUID: e960112145b73709e8f1ca8b6795ae16 (unverified)
﻿19:32:02 : Verified GUID (e960112145b73709e8f1ca8b6795ae16) of player #8 GameTime
﻿19:32:02 : Player #8 GameTime - Legacy GUID: f7bcb7e85e198872912ab916d9501a92
﻿19:36:33 : Player #9 Bock (89.239.243.136:28276) connected
﻿19:36:34 : Player #9 Bock - GUID: 7db662f5bfbf2195f8e715ab674cf2d4 (unverified)
﻿19:36:34 : Verified GUID (7db662f5bfbf2195f8e715ab674cf2d4) of player #9 Bock
﻿19:36:35 : Player #9 Bock - Legacy GUID: 888629fc20a0d3426fd9445c55012ad5
﻿19:37:01 : Player #10 evoz (128.70.159.163:5302) connected
﻿19:37:03 : Player #10 evoz - GUID: 415c2bee6d068cb33dc4dec255e900b4 (unverified)
﻿19:37:03 : Player #10 evoz - Legacy GUID: 729524a6ce185fadb9ea07786b219455
﻿19:37:03 : Verified GUID (415c2bee6d068cb33dc4dec255e900b4) of player #10 evoz
﻿19:38:20 : Player #11 Michigan (5.14.8.191:5302) connected
﻿19:38:21 : Player #11 Michigan - GUID: 2bc89dcf4093fff5dea8ac194dc520f6 (unverified)
﻿19:38:22 : Verified GUID (2bc89dcf4093fff5dea8ac194dc520f6) of player #11 Michigan
﻿19:38:22 : Player #11 Michigan - Legacy GUID: cab8b97b6c1d3c1e097f5f51bb45b65c
﻿19:38:25 : Player #11 Michigan disconnected
﻿19:38:49 : RCon admin #2: (Global) Vehicles left in trader zones at restarts will be moved to the vehicle pound and unlocked
﻿19:39:24 : Player #11 Silas Lintrup (5.103.150.81:5302) connected
﻿19:39:25 : Player #11 Silas Lintrup - GUID: 6a5a58a087d97e43cf7389d6d5499074 (unverified)
﻿19:39:25 : Verified GUID (6a5a58a087d97e43cf7389d6d5499074) of player #11 Silas Lintrup
﻿19:39:26 : Player #11 Silas Lintrup - Legacy GUID: 6db3e7a4197f39e9c641128871fa093d
﻿19:40:36 : Player #12 Bananenjoghurt (217.86.83.25:5302) connected
﻿19:40:37 : Player #12 Bananenjoghurt - GUID: 9a10c5e267e9a5a64c34f0e40f980c62 (unverified)
﻿19:40:38 : Verified GUID (9a10c5e267e9a5a64c34f0e40f980c62) of player #12 Bananenjoghurt
﻿19:40:38 : Player #12 Bananenjoghurt - Legacy GUID: 075d9ead32c341c05812bd509abffb7d
﻿19:43:16 : Player #13 Sebastian (217.86.75.205:5302) connected
﻿19:43:17 : Player #13 Sebastian - GUID: 74292c805ad428d7089b508e5060809a (unverified)
﻿19:43:18 : Verified GUID (74292c805ad428d7089b508e5060809a) of player #13 Sebastian
﻿19:43:18 : Player #13 Sebastian - Legacy GUID: eb9f741eb51bafd5dfef7b5b6f604221
﻿19:44:38 : Player #11 Silas Lintrup disconnected
﻿19:45:01 : Player #11 Baum (217.86.76.201:5302) connected
﻿19:45:02 : Player #11 Baum - GUID: 27bccd0bf2e6c22fa0d221ca655e437f (unverified)
﻿19:45:02 : Verified GUID (27bccd0bf2e6c22fa0d221ca655e437f) of player #11 Baum
﻿19:45:03 : Player #11 Baum - Legacy GUID: abca2e562cc305fb1e58c89a7e119727
﻿19:45:29 : Player #14 [eXp] Gruby (83.10.111.12:5302) connected
﻿19:45:30 : Player #14 [eXp] Gruby - GUID: 7f82c53f48899ff2fd5b9489f8d17fb8 (unverified)
﻿19:45:31 : Player #14 [eXp] Gruby - Legacy GUID: 61f8d59b40d145e9e0934b15ea495703
﻿19:45:32 : Verified GUID (7f82c53f48899ff2fd5b9489f8d17fb8) of player #14 [eXp] Gruby
﻿19:46:50 : Player #4 marshal disconnected
﻿19:47:46 : Player #4 marshal (5.105.93.103:5302) connected
﻿19:47:47 : Player #4 marshal - GUID: 8f8f5cc1e74f338f2e92044a73a3b6c0 (unverified)
﻿19:47:48 : Verified GUID (8f8f5cc1e74f338f2e92044a73a3b6c0) of player #4 marshal
﻿19:47:48 : Player #4 marshal - Legacy GUID: effe0f34494524a34c0e3f069b68213f
﻿19:49:50 : RCon admin #2: (Global) Admins: LWB, Sierra and Turmoil
﻿19:52:50 : Player #15 [eXp] RafcioZG (89.67.63.218:5302) connected
﻿19:52:51 : Player #15 [eXp] RafcioZG - GUID: 02ed733403835a8a8517265415d84023 (unverified)
﻿19:52:52 : Player #15 [eXp] RafcioZG - Legacy GUID: c9c653dd820194488bd099e2b5e7f454
﻿19:52:52 : Verified GUID (02ed733403835a8a8517265415d84023) of player #15 [eXp] RafcioZG
﻿19:56:35 : Player #16 Silas Lintrup (5.103.150.81:5302) connected
﻿19:56:36 : Player #16 Silas Lintrup - GUID: 6a5a58a087d97e43cf7389d6d5499074 (unverified)
﻿19:56:37 : Verified GUID (6a5a58a087d97e43cf7389d6d5499074) of player #16 Silas Lintrup
﻿19:56:37 : Player #16 Silas Lintrup - Legacy GUID: 6db3e7a4197f39e9c641128871fa093d
﻿19:58:26 : Player #4 marshal disconnected
﻿19:59:24 : Player #4 marshal (5.105.93.103:5302) connected
﻿19:59:26 : Player #4 marshal - GUID: 8f8f5cc1e74f338f2e92044a73a3b6c0 (unverified)
﻿19:59:26 : Player #4 marshal - Legacy GUID: effe0f34494524a34c0e3f069b68213f
﻿19:59:27 : Verified GUID (8f8f5cc1e74f338f2e92044a73a3b6c0) of player #4 marshal
﻿20:03:50 : RCon admin #2: (Global) BASES MUST BE MAINTAINED VIA THE PLOT POLE EVERY 7 DAYS!!
﻿20:08:50 : RCon admin #2: (Global) Vehicles left in trader zones at restarts will be moved to the vehicle pound and unlocked
﻿20:13:37 : Player #17 veeti (91.157.169.32:5302) connected
﻿20:13:38 : Player #17 veeti - GUID: 2833e30d776c03b2a3a3fd39331a5176 (unverified)
﻿20:13:39 : Verified GUID (2833e30d776c03b2a3a3fd39331a5176) of player #17 veeti
﻿20:13:39 : Player #17 veeti - Legacy GUID: 314c1b148dfb2dd52a889ad234d7bd0c
﻿20:14:07 : Player #18 Cedric (87.174.242.102:11356) connected
﻿20:14:09 : Player #18 Cedric - GUID: 54991b2c335e19973088759be225a09d (unverified)
﻿20:14:09 : Player #18 Cedric - Legacy GUID: b05868b0ae198ab1d1cdafdd4abfce68
﻿20:14:09 : Verified GUID (54991b2c335e19973088759be225a09d) of player #18 Cedric
﻿20:14:14 : Player #18 Cedric disconnected
﻿20:16:09 : Player #18 Cedric (87.174.242.102:11356) connected
﻿20:16:10 : Player #18 Cedric - GUID: 54991b2c335e19973088759be225a09d (unverified)
﻿20:16:11 : Verified GUID (54991b2c335e19973088759be225a09d) of player #18 Cedric
﻿20:16:11 : Player #18 Cedric - Legacy GUID: b05868b0ae198ab1d1cdafdd4abfce68
﻿20:16:18 : Player #18 Cedric disconnected
﻿20:19:50 : RCon admin #2: (Global) Admins: LWB, Sierra and Turmoil
﻿20:20:53 : Player #18 Colby (76.127.170.74:2304) connected
﻿20:20:54 : Player #18 Colby - GUID: 1c221231bbddf5b7eba54b099eb2702f (unverified)
﻿20:20:55 : Verified GUID (1c221231bbddf5b7eba54b099eb2702f) of player #18 Colby
﻿20:20:55 : Player #18 Colby - Legacy GUID: aa12c5f4d159b7f990e2e11706092f62
﻿20:26:01 : Player #4 marshal disconnected
﻿20:26:59 : Player #4 marshal (5.105.93.103:5302) connected
﻿20:27:00 : Player #4 marshal - GUID: 8f8f5cc1e74f338f2e92044a73a3b6c0 (unverified)
﻿20:27:01 : Player #4 marshal - Legacy GUID: effe0f34494524a34c0e3f069b68213f
﻿20:27:01 : Verified GUID (8f8f5cc1e74f338f2e92044a73a3b6c0) of player #4 marshal
﻿20:30:09 : Player #19 Jamie (86.149.167.179:5302) connected
﻿20:30:10 : Player #19 Jamie - GUID: 5f99517ae186eababf6a5c5f89b6f75b (unverified)
﻿20:30:11 : Player #19 Jamie - Legacy GUID: 0b50024c1f3c958253aed9fae9122873
﻿20:30:12 : Verified GUID (5f99517ae186eababf6a5c5f89b6f75b) of player #19 Jamie
﻿20:30:33 : RCon admin #3 (109.145.123.124:63403) logged in
﻿20:33:50 : RCon admin #2: (Global) BASES MUST BE MAINTAINED VIA THE PLOT POLE EVERY 7 DAYS!!
﻿20:36:02 : RCon admin #0 (109.145.123.124:50624) logged in
﻿20:36:56 : RCon admin #3 (109.145.123.124:50626) logged in
﻿20:37:22 : RCon admin #0 (109.145.123.124:50628) logged in
﻿20:38:50 : RCon admin #2: (Global) Vehicles left in trader zones at restarts will be moved to the vehicle pound and unlocked
﻿20:42:39 : Player #4 marshal disconnected
﻿20:43:39 : Player #4 marshal (5.105.93.103:5302) connected
﻿20:43:40 : Player #4 marshal - GUID: 8f8f5cc1e74f338f2e92044a73a3b6c0 (unverified)
﻿20:43:41 : Player #4 marshal - Legacy GUID: effe0f34494524a34c0e3f069b68213f
﻿20:43:41 : Verified GUID (8f8f5cc1e74f338f2e92044a73a3b6c0) of player #4 marshal
﻿20:44:27 : Player #20 brandon (47.55.223.118:5302) connected
﻿20:44:28 : Player #20 brandon - GUID: 5300f2906e712bef23a514ff05e0d493 (unverified)
﻿20:44:29 : Verified GUID (5300f2906e712bef23a514ff05e0d493) of player #20 brandon
﻿20:44:29 : Player #20 brandon - Legacy GUID: 240b3a96934e8477f794680811aa3928
﻿20:44:44 : Player #12 Bananenjoghurt disconnected
﻿20:45:08 : Player #13 Sebastian disconnected
﻿20:45:28 : Player #15 [eXp] RafcioZG disconnected
﻿20:45:55 : Player #18 Colby disconnected
﻿20:47:19 : Player #12 vladimir (89.67.63.218:5302) connected
﻿20:47:20 : Player #12 vladimir - GUID: 02ed733403835a8a8517265415d84023 (unverified)
﻿20:47:21 : Verified GUID (02ed733403835a8a8517265415d84023) of player #12 vladimir
﻿20:47:21 : Player #12 vladimir - Legacy GUID: c9c653dd820194488bd099e2b5e7f454
﻿20:48:13 : Player #11 Baum disconnected
﻿20:49:50 : RCon admin #2: (Global) Admins: LWB, Sierra and Turmoil
﻿20:55:01 : Player #11 zeakblack (80.195.2.140:2304) connected
﻿20:55:02 : Player #11 zeakblack - GUID: cf52b7094b8303980316d59b297d5d45 (unverified)
﻿20:55:03 : Player #11 zeakblack - Legacy GUID: 7c3e4b80a39ed2ec3d97b2de772dde4c
﻿20:55:03 : Verified GUID (cf52b7094b8303980316d59b297d5d45) of player #11 zeakblack
﻿20:55:06 : Player #11 zeakblack disconnected
﻿20:56:29 : Player #10 evoz disconnected
﻿20:56:50 : Player #8 GameTime disconnected
﻿20:57:28 : Player #7 HARDCORE disconnected
﻿20:57:35 : Player #20 brandon disconnected
﻿21:00:10 : Player #7 [eXp] CziQita (85.202.152.128:5302) connected
﻿21:00:11 : Player #7 [eXp] CziQita - GUID: 032d6e70df3d067624c52f7be2b9f7a4 (unverified)
﻿21:00:12 : Player #7 [eXp] CziQita - Legacy GUID: 5fe66ce3f47a21b2db2c180c820374dd
﻿21:00:12 : Verified GUID (032d6e70df3d067624c52f7be2b9f7a4) of player #7 [eXp] CziQita
﻿21:03:50 : RCon admin #2: (Global) BASES MUST BE MAINTAINED VIA THE PLOT POLE EVERY 7 DAYS!!
﻿21:06:06 : RCon admin #3 (109.145.123.124:52882) logged in
﻿21:08:47 : Player #4 marshal (8f8f5cc1e74f338f2e92044a73a3b6c0) has been kicked by BattlEye: Ping too high (375)
﻿21:08:50 : RCon admin #2: (Global) Vehicles left in trader zones at restarts will be moved to the vehicle pound and unlocked
﻿21:09:35 : Player #9 Bock disconnected
﻿21:09:57 : Player #4 marshal (5.105.93.103:5302) connected
﻿21:10:00 : Player #4 marshal - GUID: 8f8f5cc1e74f338f2e92044a73a3b6c0 (unverified)
﻿21:10:01 : Verified GUID (8f8f5cc1e74f338f2e92044a73a3b6c0) of player #4 marshal
﻿21:10:01 : Player #4 marshal - Legacy GUID: effe0f34494524a34c0e3f069b68213f
﻿21:12:01 : Player #4 marshal disconnected
﻿21:13:03 : Player #4 marshal (5.105.93.103:5302) connected
﻿21:13:04 : Player #4 marshal - GUID: 8f8f5cc1e74f338f2e92044a73a3b6c0 (unverified)
﻿21:13:05 : Verified GUID (8f8f5cc1e74f338f2e92044a73a3b6c0) of player #4 marshal
﻿21:13:05 : Player #4 marshal - Legacy GUID: effe0f34494524a34c0e3f069b68213f
﻿21:14:37 : Player #16 Silas Lintrup disconnected
﻿21:16:20 : Player #8 rhys (1.132.96.97:11833) connected
﻿21:16:22 : Player #8 rhys - GUID: 01d7abd6f13eda5b0733f6db358908ca (unverified)
﻿21:16:23 : Player #8 rhys - Legacy GUID: 9e36cd4d5e6d5d297fd7ed8509855bf3
﻿21:16:23 : Verified GUID (01d7abd6f13eda5b0733f6db358908ca) of player #8 rhys
﻿21:17:15 : Player #8 rhys (01d7abd6f13eda5b0733f6db358908ca) has been kicked by BattlEye: Ping too high (375)
﻿21:19:50 : RCon admin #2: (Global) Admins: LWB, Sierra and Turmoil
﻿21:20:56 : Player #8 booom23 (80.89.75.207:5302) connected
﻿21:20:57 : Player #8 booom23 - GUID: f3b8873f0c56c5296ceafd635b867e03 (unverified)
﻿21:20:58 : Verified GUID (f3b8873f0c56c5296ceafd635b867e03) of player #8 booom23
﻿21:20:58 : Player #8 booom23 - Legacy GUID: e8a85a13653bd38b96b0fb2583c6d5c6
﻿21:23:41 : Player #17 veeti disconnected
﻿21:25:23 : Player #4 marshal disconnected
﻿21:26:21 : Player #4 marshal (5.105.93.103:5302) connected
﻿21:26:23 : Player #4 marshal - GUID: 8f8f5cc1e74f338f2e92044a73a3b6c0 (unverified)
﻿21:26:23 : Verified GUID (8f8f5cc1e74f338f2e92044a73a3b6c0) of player #4 marshal
﻿21:26:23 : Player #4 marshal - Legacy GUID: effe0f34494524a34c0e3f069b68213f
﻿21:28:22 : Player #14 [eXp] Gruby disconnected
﻿21:28:43 : Player #9 Napoli (217.132.46.197:5302) connected
﻿21:28:44 : Player #9 Napoli - GUID: 7c387779e24cf57ff3f26a148d9f2c2e (unverified)
﻿21:28:45 : Player #9 Napoli - Legacy GUID: 09857be604144881652a632da2f42807
﻿21:28:45 : Verified GUID (7c387779e24cf57ff3f26a148d9f2c2e) of player #9 Napoli
﻿21:29:32 : Player #12 vladimir disconnected
﻿21:33:23 : Player #10 Caramba (37.24.146.164:19518) connected
﻿21:33:25 : Player #10 Caramba - GUID: c84d3b5923fe870867fe3748dcf5dd64 (unverified)
﻿21:33:25 : Player #10 Caramba - Legacy GUID: f17125644488c1838bf54c2c796af2bf
﻿21:33:25 : Verified GUID (c84d3b5923fe870867fe3748dcf5dd64) of player #10 Caramba
﻿21:33:49 : RCon admin #2: (Global) BASES MUST BE MAINTAINED VIA THE PLOT POLE EVERY 7 DAYS!!
﻿21:33:57 : Player #11 rolan (62.157.29.72:5302) connected
﻿21:33:58 : Player #10 Caramba disconnected
﻿21:33:58 : Player #11 rolan - GUID: f203e9f087f57a2a07417361117b5315 (unverified)
﻿21:33:59 : Verified GUID (f203e9f087f57a2a07417361117b5315) of player #11 rolan
﻿21:33:59 : Player #11 rolan - Legacy GUID: 10f532e5f2d0c0d558a6622cc09e2326
﻿21:34:58 : Player #4 marshal (8f8f5cc1e74f338f2e92044a73a3b6c0) has been kicked by BattlEye: Client not responding
﻿21:35:16 : Player #4 Chikki (91.54.157.72:5302) connected
﻿21:35:17 : Player #4 Chikki - GUID: 611ee1f6e1dcf937432d40eed8c31ce2 (unverified)
﻿21:35:18 : Verified GUID (611ee1f6e1dcf937432d40eed8c31ce2) of player #4 Chikki
﻿21:35:18 : Player #4 Chikki - Legacy GUID: ac09a6312d837fb5e9e5c519eb66d7a1
﻿21:35:18 : Player #4 Chikki disconnected
﻿21:37:16 : Player #4 Chikki (91.54.157.72:5302) connected
﻿21:37:17 : Player #4 Chikki - GUID: 611ee1f6e1dcf937432d40eed8c31ce2 (unverified)
﻿21:37:17 : Verified GUID (611ee1f6e1dcf937432d40eed8c31ce2) of player #4 Chikki
﻿21:37:18 : Player #4 Chikki - Legacy GUID: ac09a6312d837fb5e9e5c519eb66d7a1
﻿21:38:11 : Player #2 HentaiChan disconnected
﻿21:38:49 : RCon admin #2: (Global) Vehicles left in trader zones at restarts will be moved to the vehicle pound and unlocked
﻿21:39:03 : Player #2 eXawN (84.90.210.238:5302) connected
﻿21:39:04 : Player #2 eXawN - GUID: c422285ef99f0abb53cba114ce6da4ae (unverified)
﻿21:39:05 : Player #2 eXawN - Legacy GUID: 3565bd40ff11753721504ccc61c0fcdc
﻿21:39:05 : Verified GUID (c422285ef99f0abb53cba114ce6da4ae) of player #2 eXawN
﻿21:39:16 : Player #10 Ruben (82.154.217.64:54356) connected
﻿21:39:17 : Player #10 Ruben - GUID: 293cb58f2aef738406330ba25914cb6c (unverified)
﻿21:39:18 : Verified GUID (293cb58f2aef738406330ba25914cb6c) of player #10 Ruben
﻿21:39:18 : Player #10 Ruben - Legacy GUID: de70fe2ba92750cd83e38c50acb587a8
﻿21:40:12 : Player #3 lukeredfearn disconnected
﻿21:40:48 : RCon admin #0 (109.145.123.124:56842) logged in
﻿21:41:48 : Player #3 HentaiChan (95.26.1.59:5302) connected
﻿21:41:49 : Player #3 HentaiChan - GUID: 6490a28fe7d32eda28f7de44ff99e39a (unverified)
﻿21:41:50 : Verified GUID (6490a28fe7d32eda28f7de44ff99e39a) of player #3 HentaiChan
﻿21:41:50 : Player #3 HentaiChan - Legacy GUID: d589eb66a24ef76c22ae258da3cc9e2d
﻿21:41:53 : Player #8 booom23 disconnected
﻿21:44:50 : RCon admin #2: (Global) Server will restart in 10 minutes
﻿21:47:42 : Player #4 Chikki disconnected
﻿21:48:38 : RCon admin #3 (109.145.123.124:58691) logged in
﻿21:48:59 : Player #4 Babu (85.245.41.182:64968) connected
﻿21:49:00 : Player #1 Soln1shko disconnected
﻿21:49:00 : Player #4 Babu - GUID: 7e9dce7e637c003f47e2315ef0769e22 (unverified)
﻿21:49:01 : Player #4 Babu - Legacy GUID: ddf4c837ef6404fd881ce3ce18a40397
﻿21:49:01 : Verified GUID (7e9dce7e637c003f47e2315ef0769e22) of player #4 Babu
﻿21:49:05 : Player #4 Babu disconnected
﻿21:49:49 : RCon admin #2: (Global) Admins: LWB, Sierra and Turmoil
﻿21:49:50 : RCon admin #2: (Global) Server will restart in 5 minutes: Prepare to Logout
﻿21:52:47 : Player #6 Beastiboy disconnected
﻿21:52:49 : RCon admin #2: (Global) The Server is about to restart. LOG OUT NOW OR YOUR GEAR MAY BE LOST!!
﻿21:53:08 : Player #7 [eXp] CziQita disconnected
﻿21:53:39 : Player #19 Jamie disconnected
﻿21:54:00 : Player #11 rolan disconnected
﻿21:54:19 : RCon admin #2: (Global) YOU SHOULD BE LOGGED OUT BY NOW! IF YOU ARENT YOU WILL BE AUTO KICKED AND YOUR GEAR MAY BE LOST! NO REFUNDS!
﻿21:54:46 : Player #10 Ruben disconnected
﻿21:55:23 : Rcon client logging in
﻿21:55:23 : RCon admin #2 (78.31.67.100:50801) logged in
﻿21:55:33 : Player #0 Jamie (86.149.167.179:5302) connected
﻿21:55:34 : Player #0 Jamie - GUID: 5f99517ae186eababf6a5c5f89b6f75b (unverified)
﻿21:55:35 : Verified GUID (5f99517ae186eababf6a5c5f89b6f75b) of player #0 Jamie
﻿21:55:35 : Player #0 Jamie - Legacy GUID: 0b50024c1f3c958253aed9fae9122873
﻿21:55:51 : Player #1 HentaiChan (95.26.1.59:5302) connected
﻿21:55:52 : Player #1 HentaiChan - GUID: 6490a28fe7d32eda28f7de44ff99e39a (unverified)
﻿21:55:52 : Verified GUID (6490a28fe7d32eda28f7de44ff99e39a) of player #1 HentaiChan
﻿21:55:53 : Player #1 HentaiChan - Legacy GUID: d589eb66a24ef76c22ae258da3cc9e2d
﻿21:56:13 : Player #2 [eXp] CziQita (85.202.152.128:5302) connected
﻿21:56:14 : Player #2 [eXp] CziQita - GUID: 032d6e70df3d067624c52f7be2b9f7a4 (unverified)
﻿21:56:15 : Verified GUID (032d6e70df3d067624c52f7be2b9f7a4) of player #2 [eXp] CziQita
﻿21:56:15 : Player #2 [eXp] CziQita - Legacy GUID: 5fe66ce3f47a21b2db2c180c820374dd
﻿21:56:27 : Player #3 Beastiboy (109.45.2.45:62024) connected
﻿21:56:29 : Player #3 Beastiboy - GUID: 936a425caa1da69d4565676ad370e0d0 (unverified)
﻿21:56:29 : Verified GUID (936a425caa1da69d4565676ad370e0d0) of player #3 Beastiboy
﻿21:56:29 : Player #3 Beastiboy - Legacy GUID: b4c68b307db036e1593c0b08e81d467e
﻿21:59:44 : Player #2 [eXp] CziQita disconnected
﻿22:00:30 : Player #2 Soln1shko (37.204.250.195:5302) connected
﻿22:00:31 : Player #2 Soln1shko - GUID: e26e360ef7f398644a10b80a8f8d3b23 (unverified)
﻿22:00:31 : Verified GUID (e26e360ef7f398644a10b80a8f8d3b23) of player #2 Soln1shko
﻿22:00:32 : Player #2 Soln1shko - Legacy GUID: 888e8a095e15e4f15f3702069e205fe5
﻿22:01:06 : Player #4 Daryl (98.214.84.195:5302) connected
﻿22:01:07 : Player #4 Daryl - GUID: 9ff12bbf37cc10cacf0f150067d6553e (unverified)
﻿22:01:08 : Verified GUID (9ff12bbf37cc10cacf0f150067d6553e) of player #4 Daryl
﻿22:01:08 : Player #4 Daryl - Legacy GUID: 53a09858e6fdf1c2a27f3c0abbff1f5d
﻿22:02:24 : Player #5 Napoli (217.132.46.197:5302) connected
﻿22:02:25 : Player #5 Napoli - GUID: 7c387779e24cf57ff3f26a148d9f2c2e (unverified)
﻿22:02:26 : Verified GUID (7c387779e24cf57ff3f26a148d9f2c2e) of player #5 Napoli
﻿22:02:26 : Player #5 Napoli - Legacy GUID: 09857be604144881652a632da2f42807
﻿22:05:59 : Player #6 Romeo Waffle (62.30.122.94:5302) connected
﻿22:06:00 : Player #6 Romeo Waffle - GUID: c9e4ebfc873ff7b6c8c7c43715f9f4b9 (unverified)
﻿22:06:01 : Verified GUID (c9e4ebfc873ff7b6c8c7c43715f9f4b9) of player #6 Romeo Waffle
﻿22:06:01 : Player #6 Romeo Waffle - Legacy GUID: 39c7e50395557b2fce1372d07d6fdbe1
﻿22:09:23 : RCon admin #2: (Global) Vehicles left in trader zones at restarts will be moved to the vehicle pound and unlocked
﻿22:10:24 : RCon admin #3 (109.145.123.124:57999) logged in
﻿22:10:58 : Player #7 Babu (85.245.41.182:59184) connected
﻿22:11:00 : Player #7 Babu - GUID: 7e9dce7e637c003f47e2315ef0769e22 (unverified)
﻿22:11:01 : Player #7 Babu - Legacy GUID: ddf4c837ef6404fd881ce3ce18a40397
﻿22:11:01 : Verified GUID (7e9dce7e637c003f47e2315ef0769e22) of player #7 Babu
﻿22:14:30 : Player #8 Mike Fondu (88.88.255.6:5302) connected
﻿22:14:31 : Player #8 Mike Fondu - GUID: 8fb32a3ea6bf38529cf681c17e6c018d (unverified)
﻿22:14:32 : Player #8 Mike Fondu - Legacy GUID: 0c9589811842c7b5d01c9a3e9f0758f9
﻿22:14:32 : Verified GUID (8fb32a3ea6bf38529cf681c17e6c018d) of player #8 Mike Fondu
﻿22:17:54 : RCon admin #1 (85.165.152.237:50985) logged in
﻿22:19:00 : RCon admin #4 (85.165.152.237:50847) logged in
﻿22:19:58 : Player #7 Babu disconnected
﻿22:20:16 : Player #1 HentaiChan disconnected
﻿22:20:23 : RCon admin #2: (Global) Admins: LWB, Sierra and Turmoil
﻿22:20:59 : Player #1 Babu (85.245.41.182:59184) connected
﻿22:21:01 : Player #1 Babu - GUID: 7e9dce7e637c003f47e2315ef0769e22 (unverified)
﻿22:21:01 : Verified GUID (7e9dce7e637c003f47e2315ef0769e22) of player #1 Babu
﻿22:21:02 : Player #1 Babu - Legacy GUID: ddf4c837ef6404fd881ce3ce18a40397
﻿22:26:06 : Player #7 lukeredfearn (109.246.2.210:5302) connected
﻿22:26:07 : Player #7 lukeredfearn - GUID: 848d9de78cc2e68001c444852b7cba2e (unverified)
﻿22:26:07 : Verified GUID (848d9de78cc2e68001c444852b7cba2e) of player #7 lukeredfearn
﻿22:26:08 : Player #7 lukeredfearn - Legacy GUID: 14986a55bf4c03853706ca4e2bb06a70
﻿22:27:38 : RCon admin #1 (85.165.152.237:56939) logged in
﻿22:27:55 : Player #2 Soln1shko disconnected
﻿22:34:24 : RCon admin #2: (Global) BASES MUST BE MAINTAINED VIA THE PLOT POLE EVERY 7 DAYS!!
﻿22:35:19 : Player #1 Babu disconnected
﻿22:36:05 : RCon admin #4 (109.145.123.124:49978) logged in
﻿22:36:26 : RCon admin #3 (109.145.123.124:49979) logged in
﻿22:38:19 : RCon admin #4 (109.145.123.124:49980) logged in
﻿22:39:24 : RCon admin #2: (Global) Vehicles left in trader zones at restarts will be moved to the vehicle pound and unlocked
﻿22:41:03 : RCon admin #3 (109.145.123.124:50009) logged in
﻿22:41:43 : RCon admin #0 (109.145.123.124:63276) logged in
﻿22:42:28 : RCon admin #3 (109.145.123.124:50433) logged in
﻿22:50:23 : RCon admin #2: (Global) Admins: LWB, Sierra and Turmoil
﻿23:02:22 : Player #0 Jamie disconnected
﻿23:02:39 : Player #8 Mike Fondu disconnected
﻿23:04:08 : Player #0 Mike Fondu (88.88.255.6:5302) connected
﻿23:04:10 : Player #0 Mike Fondu - GUID: 8fb32a3ea6bf38529cf681c17e6c018d (unverified)
﻿23:04:10 : Verified GUID (8fb32a3ea6bf38529cf681c17e6c018d) of player #0 Mike Fondu
﻿23:04:10 : Player #0 Mike Fondu - Legacy GUID: 0c9589811842c7b5d01c9a3e9f0758f9
﻿23:04:23 : RCon admin #2: (Global) BASES MUST BE MAINTAINED VIA THE PLOT POLE EVERY 7 DAYS!!
﻿23:09:23 : RCon admin #2: (Global) Vehicles left in trader zones at restarts will be moved to the vehicle pound and unlocked
﻿23:16:04 : Player #3 Beastiboy disconnected
﻿23:20:23 : RCon admin #2: (Global) Admins: LWB, Sierra and Turmoil
﻿23:23:37 : Player #1 PoPPe (84.202.146.3:5302) connected
﻿23:23:39 : Player #1 PoPPe - GUID: 50ebf5e911b3885accaa8bdeda7a0be1 (unverified)
﻿23:23:39 : Player #1 PoPPe - Legacy GUID: 6a552aab940ca1d7d59d0ac5d4f2fc27
﻿23:23:39 : Verified GUID (50ebf5e911b3885accaa8bdeda7a0be1) of player #1 PoPPe
﻿23:33:21 : Player #2 Luke (73.4.190.95:5302) connected
﻿23:33:24 : Player #2 Luke - GUID: e1edfdab07cb6a3f4bd2b6fd4aa1b1b6 (unverified)
﻿23:33:24 : Verified GUID (e1edfdab07cb6a3f4bd2b6fd4aa1b1b6) of player #2 Luke
﻿23:33:25 : Player #2 Luke - Legacy GUID: df4c00ac07126b4668f018ae6af3fbb3
﻿23:34:24 : RCon admin #2: (Global) BASES MUST BE MAINTAINED VIA THE PLOT POLE EVERY 7 DAYS!!
﻿23:38:39 : Player #0 Mike Fondu disconnected
﻿23:38:59 : Player #6 Romeo Waffle disconnected
﻿23:39:23 : RCon admin #2: (Global) Vehicles left in trader zones at restarts will be moved to the vehicle pound and unlocked
﻿23:43:41 : RCon admin #0 (109.145.123.124:58636) logged in
﻿23:50:23 : RCon admin #2: (Global) Admins: LWB, Sierra and Turmoil
