00:01:04 : Player #2 Duchy (37.221.249.244:5302) connected
﻿00:01:05 : Player #2 Duchy - GUID: 53f0a26d4bc582a18d3577615599ab39 (unverified)
﻿00:01:05 : Verified GUID (53f0a26d4bc582a18d3577615599ab39) of player #2 Duchy
﻿00:01:06 : Player #2 Duchy - Legacy GUID: bbcaacfd92a55060e3b279b9fb80b3a3
﻿00:01:27 : Player #3 Darnias (37.221.249.252:2304) connected
﻿00:01:28 : Player #3 Darnias - GUID: 063c288748842c1a99e7595c995bdf7c (unverified)
﻿00:01:28 : Verified GUID (063c288748842c1a99e7595c995bdf7c) of player #3 Darnias
﻿00:01:29 : Player #3 Darnias - Legacy GUID: 970fe31822f136d015bca4096e21428b
﻿00:03:36 : Player #3 Darnias disconnected
﻿00:05:43 : RCon admin #5: (Global) Admins: LWB, Sierra and Turmoil
﻿00:06:24 : Player #3 Darnias (37.221.249.252:2304) connected
﻿00:06:25 : Player #3 Darnias - GUID: 063c288748842c1a99e7595c995bdf7c (unverified)
﻿00:06:25 : Verified GUID (063c288748842c1a99e7595c995bdf7c) of player #3 Darnias
﻿00:06:26 : Player #3 Darnias - Legacy GUID: 970fe31822f136d015bca4096e21428b
﻿00:07:14 : Player #3 Darnias disconnected
﻿00:07:39 : Player #3 SEN ONE (99.109.93.28:5302) connected
﻿00:07:40 : Player #3 SEN ONE - GUID: e2ff22d2684d500cb28117a914a3e614 (unverified)
﻿00:07:41 : Verified GUID (e2ff22d2684d500cb28117a914a3e614) of player #3 SEN ONE
﻿00:07:41 : Player #3 SEN ONE - Legacy GUID: ea9613e4e7f55895ce807e57e548c240
﻿00:09:44 : Player #4 Darnias (37.221.249.252:2304) connected
﻿00:09:44 : Player #4 Darnias - GUID: 063c288748842c1a99e7595c995bdf7c (unverified)
﻿00:09:45 : Verified GUID (063c288748842c1a99e7595c995bdf7c) of player #4 Darnias
﻿00:09:46 : Player #4 Darnias - Legacy GUID: 970fe31822f136d015bca4096e21428b
﻿00:17:44 : Player #5 [SAF] MrFriendly (77.101.34.122:5302) connected
﻿00:17:45 : Player #5 [SAF] MrFriendly - GUID: 9401cefa22ef6618fc6e6c785d049d85 (unverified)
﻿00:17:46 : Verified GUID (9401cefa22ef6618fc6e6c785d049d85) of player #5 [SAF] MrFriendly
﻿00:17:46 : Player #5 [SAF] MrFriendly - Legacy GUID: bb483fe899a91ded61647ef8c1b81a99
﻿00:17:47 : Player #5 [SAF] MrFriendly disconnected
﻿00:19:20 : Player #5 Bob the benefit scrub (82.31.138.198:5302) connected
﻿00:19:21 : Player #5 Bob the benefit scrub - GUID: 257255ee79afd775b9b5250360b3ae51 (unverified)
﻿00:19:21 : Verified GUID (257255ee79afd775b9b5250360b3ae51) of player #5 Bob the benefit scrub
﻿00:19:22 : Player #5 Bob the benefit scrub - Legacy GUID: 0c3d97031179235a18300293f344e824
﻿00:19:28 : Player #6 [SAF] MrFriendly (77.101.34.122:5302) connected
﻿00:19:29 : Player #6 [SAF] MrFriendly - GUID: 9401cefa22ef6618fc6e6c785d049d85 (unverified)
﻿00:19:30 : Verified GUID (9401cefa22ef6618fc6e6c785d049d85) of player #6 [SAF] MrFriendly
﻿00:19:30 : Player #6 [SAF] MrFriendly - Legacy GUID: bb483fe899a91ded61647ef8c1b81a99
﻿00:19:31 : Player #6 [SAF] MrFriendly disconnected
﻿00:19:44 : RCon admin #5: (Global) BASES MUST BE MAINTAINED VIA THE PLOT POLE EVERY 7 DAYS!!
﻿00:21:39 : Player #5 Bob the benefit scrub disconnected
﻿00:23:17 : Player #5 McButtMunch (76.28.114.145:5302) connected
﻿00:23:19 : Player #5 McButtMunch - GUID: f85d924eef8ecf481c0311b92c533589 (unverified)
﻿00:23:20 : Player #5 McButtMunch - Legacy GUID: 20ba051b232828f079df6ba5cbdee1ef
﻿00:23:20 : Verified GUID (f85d924eef8ecf481c0311b92c533589) of player #5 McButtMunch
﻿00:24:44 : RCon admin #5: (Global) Vehicles left in trader zones at restarts will be moved to the vehicle pound and unlocked
﻿00:26:36 : Player #6 Philip (91.11.235.86:5302) connected
﻿00:26:37 : Player #6 Philip - GUID: eaae7f68049e07ea7eb7b97b939eb07f (unverified)
﻿00:26:38 : Verified GUID (eaae7f68049e07ea7eb7b97b939eb07f) of player #6 Philip
﻿00:26:38 : Player #6 Philip - Legacy GUID: 969336ff7bcfe23e681279ca0e2667f2
﻿00:30:40 : Player #7 Luke (73.4.190.95:5302) connected
﻿00:30:42 : Player #7 Luke - GUID: e1edfdab07cb6a3f4bd2b6fd4aa1b1b6 (unverified)
﻿00:30:43 : Verified GUID (e1edfdab07cb6a3f4bd2b6fd4aa1b1b6) of player #7 Luke
﻿00:30:44 : Player #7 Luke - Legacy GUID: df4c00ac07126b4668f018ae6af3fbb3
﻿00:32:31 : Player #8 [RotG] Belele (5.249.84.70:5302) connected
﻿00:32:33 : Player #8 [RotG] Belele - GUID: d629111d7f28349a130d9b2c68901ada (unverified)
﻿00:32:33 : Verified GUID (d629111d7f28349a130d9b2c68901ada) of player #8 [RotG] Belele
﻿00:32:34 : Player #8 [RotG] Belele - Legacy GUID: 883c7c32b4c928b80d44b62f617a0b21
﻿00:33:15 : Player #7 Luke disconnected
﻿00:33:18 : Player #1 VertDider disconnected
﻿00:34:40 : Player #1 Luke (73.4.190.95:5302) connected
﻿00:34:42 : Player #1 Luke - GUID: e1edfdab07cb6a3f4bd2b6fd4aa1b1b6 (unverified)
﻿00:34:42 : Verified GUID (e1edfdab07cb6a3f4bd2b6fd4aa1b1b6) of player #1 Luke
﻿00:34:44 : Player #1 Luke - Legacy GUID: df4c00ac07126b4668f018ae6af3fbb3
﻿00:35:43 : RCon admin #5: (Global) Admins: LWB, Sierra and Turmoil
﻿00:39:25 : RCon admin #0: (Global) Turmoil: right click binoculars or rangefinder in your inventory
﻿00:45:14 : Player #6 Philip disconnected
﻿00:49:43 : RCon admin #5: (Global) BASES MUST BE MAINTAINED VIA THE PLOT POLE EVERY 7 DAYS!!
﻿00:54:44 : RCon admin #5: (Global) Vehicles left in trader zones at restarts will be moved to the vehicle pound and unlocked
﻿01:05:44 : RCon admin #5: (Global) Admins: LWB, Sierra and Turmoil
﻿01:12:11 : Player #8 [RotG] Belele disconnected
﻿01:19:43 : RCon admin #5: (Global) BASES MUST BE MAINTAINED VIA THE PLOT POLE EVERY 7 DAYS!!
﻿01:24:44 : RCon admin #5: (Global) Vehicles left in trader zones at restarts will be moved to the vehicle pound and unlocked
﻿01:31:59 : Player #4 Darnias disconnected
﻿01:32:10 : Player #2 Duchy disconnected
﻿01:35:43 : RCon admin #5: (Global) Admins: LWB, Sierra and Turmoil
﻿01:49:44 : RCon admin #5: (Global) BASES MUST BE MAINTAINED VIA THE PLOT POLE EVERY 7 DAYS!!
﻿01:54:43 : RCon admin #5: (Global) Vehicles left in trader zones at restarts will be moved to the vehicle pound and unlocked
﻿01:59:40 : Player #3 SEN ONE (e2ff22d2684d500cb28117a914a3e614) has been kicked by BattlEye: Ping too high (1594)
﻿02:00:43 : RCon admin #5: (Global) Server will restart in 10 minutes
﻿02:05:27 : Player #0 bunny wabbit disconnected
﻿02:05:44 : RCon admin #5: (Global) Admins: LWB, Sierra and Turmoil
﻿02:05:44 : RCon admin #5: (Global) Server will restart in 5 minutes: Prepare to Logout
﻿02:07:27 : Player #1 Luke disconnected
﻿02:08:36 : Player #5 McButtMunch disconnected
﻿02:08:43 : RCon admin #5: (Global) The Server is about to restart. LOG OUT NOW OR YOUR GEAR MAY BE LOST!!
﻿02:10:14 : RCon admin #5: (Global) YOU SHOULD BE LOGGED OUT BY NOW! IF YOU ARENT YOU WILL BE AUTO KICKED AND YOUR GEAR MAY BE LOST! NO REFUNDS!
﻿02:11:17 : Rcon client logging in
﻿02:11:17 : RCon admin #3 (78.31.67.100:60169) logged in
﻿02:11:31 : Player #0 McButtMunch (76.28.114.145:5302) connected
﻿02:11:33 : Player #0 McButtMunch - GUID: f85d924eef8ecf481c0311b92c533589 (unverified)
﻿02:11:33 : Verified GUID (f85d924eef8ecf481c0311b92c533589) of player #0 McButtMunch
﻿02:11:34 : Player #0 McButtMunch - Legacy GUID: 20ba051b232828f079df6ba5cbdee1ef
﻿02:12:14 : Player #1 Collin (8.42.226.20:5302) connected
﻿02:12:15 : Player #1 Collin - GUID: 784fd49f7059430f8b01bbf2eaacdbb2 (unverified)
﻿02:12:16 : Verified GUID (784fd49f7059430f8b01bbf2eaacdbb2) of player #1 Collin
﻿02:12:16 : Player #1 Collin - Legacy GUID: afc19a0857d8d96001c83cf784fccbad
﻿02:12:46 : Player #2 bunny wabbit (73.143.57.248:5302) connected
﻿02:12:49 : Player #2 bunny wabbit - GUID: 3a6a83b2dfc62ca0fab249eca0de3db7 (unverified)
﻿02:12:49 : Verified GUID (3a6a83b2dfc62ca0fab249eca0de3db7) of player #2 bunny wabbit
﻿02:12:50 : Player #2 bunny wabbit - Legacy GUID: d84bf74e982a52087d741a65e0421e61
﻿02:13:10 : Player #3 SEN ONE (99.109.93.28:5302) connected
﻿02:13:11 : Player #3 SEN ONE - GUID: e2ff22d2684d500cb28117a914a3e614 (unverified)
﻿02:13:12 : Verified GUID (e2ff22d2684d500cb28117a914a3e614) of player #3 SEN ONE
﻿02:13:12 : Player #3 SEN ONE - Legacy GUID: ea9613e4e7f55895ce807e57e548c240
﻿02:13:34 : Player #4 Luke (73.4.190.95:5302) connected
﻿02:13:35 : Player #4 Luke - GUID: e1edfdab07cb6a3f4bd2b6fd4aa1b1b6 (unverified)
﻿02:13:35 : Verified GUID (e1edfdab07cb6a3f4bd2b6fd4aa1b1b6) of player #4 Luke
﻿02:13:36 : Player #4 Luke - Legacy GUID: df4c00ac07126b4668f018ae6af3fbb3
﻿02:18:19 : Player #1 Collin disconnected
﻿02:25:17 : RCon admin #3: (Global) Vehicles left in trader zones at restarts will be moved to the vehicle pound and unlocked
﻿02:33:21 : RCon admin #4 (86.131.103.232:60568) logged in
﻿02:36:17 : RCon admin #3: (Global) Admins: LWB, Sierra and Turmoil
﻿02:42:07 : RCon admin #1 (86.131.103.232:63121) logged in
﻿02:50:17 : RCon admin #3: (Global) BASES MUST BE MAINTAINED VIA THE PLOT POLE EVERY 7 DAYS!!
﻿02:55:17 : RCon admin #3: (Global) Vehicles left in trader zones at restarts will be moved to the vehicle pound and unlocked
﻿03:06:17 : RCon admin #3: (Global) Admins: LWB, Sierra and Turmoil
﻿03:18:06 : Player #1 Collin (8.42.226.20:5302) connected
﻿03:18:07 : Player #1 Collin - GUID: 784fd49f7059430f8b01bbf2eaacdbb2 (unverified)
﻿03:18:07 : Verified GUID (784fd49f7059430f8b01bbf2eaacdbb2) of player #1 Collin
﻿03:18:08 : Player #1 Collin - Legacy GUID: afc19a0857d8d96001c83cf784fccbad
﻿03:20:17 : RCon admin #3: (Global) BASES MUST BE MAINTAINED VIA THE PLOT POLE EVERY 7 DAYS!!
﻿03:25:17 : RCon admin #3: (Global) Vehicles left in trader zones at restarts will be moved to the vehicle pound and unlocked
﻿03:33:47 : Player #5 orest349 (92.240.209.68:2304) connected
﻿03:33:48 : Player #5 orest349 - GUID: 8473959c262b1bfd6316cb45bc257875 (unverified)
﻿03:33:49 : Verified GUID (8473959c262b1bfd6316cb45bc257875) of player #5 orest349
﻿03:33:49 : Player #5 orest349 - Owner GUID: 584f5d8702242aafde0f414bf65e4988
﻿03:33:49 : Player #5 orest349 - Legacy GUID: 214d0711cdb271d60fe1b2ba8cb4414e
﻿03:33:50 : Player #5 orest349 disconnected
﻿03:36:17 : RCon admin #3: (Global) Admins: LWB, Sierra and Turmoil
﻿03:50:17 : RCon admin #3: (Global) BASES MUST BE MAINTAINED VIA THE PLOT POLE EVERY 7 DAYS!!
﻿03:55:17 : RCon admin #3: (Global) Vehicles left in trader zones at restarts will be moved to the vehicle pound and unlocked
﻿04:03:07 : Player #1 Collin (784fd49f7059430f8b01bbf2eaacdbb2) has been kicked by BattlEye: Client not responding
﻿04:06:17 : RCon admin #3: (Global) Admins: LWB, Sierra and Turmoil
﻿04:20:17 : RCon admin #3: (Global) BASES MUST BE MAINTAINED VIA THE PLOT POLE EVERY 7 DAYS!!
﻿04:25:17 : RCon admin #3: (Global) Vehicles left in trader zones at restarts will be moved to the vehicle pound and unlocked
﻿04:29:45 : Player #2 bunny wabbit disconnected
﻿04:30:11 : Player #0 McButtMunch disconnected
﻿04:30:53 : Player #4 Luke disconnected
﻿04:31:17 : RCon admin #3: (Global) Server will restart in 10 minutes
﻿04:36:17 : RCon admin #3: (Global) Admins: LWB, Sierra and Turmoil
﻿04:36:18 : RCon admin #3: (Global) Server will restart in 5 minutes: Prepare to Logout
﻿04:39:01 : Player #3 SEN ONE disconnected
﻿04:39:17 : RCon admin #3: (Global) The Server is about to restart. LOG OUT NOW OR YOUR GEAR MAY BE LOST!!
﻿04:40:47 : RCon admin #3: (Global) YOU SHOULD BE LOGGED OUT BY NOW! IF YOU ARENT YOU WILL BE AUTO KICKED AND YOUR GEAR MAY BE LOST! NO REFUNDS!
﻿04:41:51 : Rcon client logging in
﻿04:41:51 : RCon admin #3 (78.31.67.100:53576) logged in
﻿04:43:55 : Player #0 SEN ONE (99.109.93.28:5302) connected
﻿04:43:56 : Player #0 SEN ONE - GUID: e2ff22d2684d500cb28117a914a3e614 (unverified)
﻿04:43:56 : Verified GUID (e2ff22d2684d500cb28117a914a3e614) of player #0 SEN ONE
﻿04:43:57 : Player #0 SEN ONE - Legacy GUID: ea9613e4e7f55895ce807e57e548c240
﻿04:55:51 : RCon admin #3: (Global) Vehicles left in trader zones at restarts will be moved to the vehicle pound and unlocked
﻿04:58:04 : Player #1 Sirius Krauss (91.204.191.227:29006) connected
﻿04:58:05 : Player #1 Sirius Krauss - GUID: 2750ee412f056a256416474bb7030e5a (unverified)
﻿04:58:06 : Verified GUID (2750ee412f056a256416474bb7030e5a) of player #1 Sirius Krauss
﻿04:58:06 : Player #1 Sirius Krauss - Legacy GUID: f52b625a0031e68ee486f812cf0ca429
﻿05:06:51 : RCon admin #3: (Global) Admins: LWB, Sierra and Turmoil
﻿05:20:51 : RCon admin #3: (Global) BASES MUST BE MAINTAINED VIA THE PLOT POLE EVERY 7 DAYS!!
﻿05:22:40 : RCon admin #4 (86.131.103.232:52434) logged in
﻿05:25:51 : RCon admin #3: (Global) Vehicles left in trader zones at restarts will be moved to the vehicle pound and unlocked
﻿05:30:22 : Player #2 Baatezu (46.30.166.166:5302) connected
﻿05:30:23 : Player #2 Baatezu - GUID: 84bee7310c50e98d236a2952902fb2f8 (unverified)
﻿05:30:23 : Verified GUID (84bee7310c50e98d236a2952902fb2f8) of player #2 Baatezu
﻿05:30:24 : Player #2 Baatezu - Legacy GUID: 012fd47e57492c12bf6db993c3fd12df
﻿05:32:03 : Player #2 Baatezu disconnected
﻿05:32:29 : Player #2 Baatezu (46.30.166.166:5302) connected
﻿05:32:31 : Player #2 Baatezu - GUID: 84bee7310c50e98d236a2952902fb2f8 (unverified)
﻿05:32:31 : Player #2 Baatezu - Legacy GUID: 012fd47e57492c12bf6db993c3fd12df
﻿05:32:31 : Verified GUID (84bee7310c50e98d236a2952902fb2f8) of player #2 Baatezu
﻿05:34:29 : Player #3 ellio (86.187.164.216:40748) connected
﻿05:34:31 : Player #3 ellio - GUID: 875f42b43369ad5d99724012bfe10a70 (unverified)
﻿05:34:31 : Verified GUID (875f42b43369ad5d99724012bfe10a70) of player #3 ellio
﻿05:34:31 : Player #3 ellio disconnected
﻿05:36:51 : RCon admin #3: (Global) Admins: LWB, Sierra and Turmoil
﻿05:44:46 : Player #3 User (217.234.160.2:5302) connected
﻿05:44:48 : Player #3 User - GUID: 6ffdc8ad0e3d5edc54305ee081ef42ff (unverified)
﻿05:44:48 : Verified GUID (6ffdc8ad0e3d5edc54305ee081ef42ff) of player #3 User
﻿05:44:48 : Player #3 User - Legacy GUID: 5d9cbf18c5e8249d393d6aae691e72b5
﻿05:45:59 : Player #2 Baatezu disconnected
﻿05:50:51 : RCon admin #3: (Global) BASES MUST BE MAINTAINED VIA THE PLOT POLE EVERY 7 DAYS!!
﻿05:52:10 : Player #2 Baatezu (46.30.166.166:5302) connected
﻿05:52:12 : Player #2 Baatezu - GUID: 84bee7310c50e98d236a2952902fb2f8 (unverified)
﻿05:52:12 : Player #2 Baatezu - Legacy GUID: 012fd47e57492c12bf6db993c3fd12df
﻿05:52:12 : Verified GUID (84bee7310c50e98d236a2952902fb2f8) of player #2 Baatezu
﻿05:55:42 : Player #4 Lazer (104.238.170.117:43620) connected
﻿05:55:43 : Player #4 Lazer disconnected
﻿05:55:51 : RCon admin #3: (Global) Vehicles left in trader zones at restarts will be moved to the vehicle pound and unlocked
﻿05:56:21 : Player #4 Lazer (104.207.130.216:46768) connected
﻿05:56:22 : Player #4 Lazer disconnected
﻿05:57:09 : Player #3 User disconnected
﻿05:57:44 : Player #2 Baatezu disconnected
﻿06:06:51 : RCon admin #3: (Global) Admins: LWB, Sierra and Turmoil
﻿06:19:47 : Player #2 Collin (8.42.226.20:5302) connected
﻿06:19:48 : Player #2 Collin - GUID: 784fd49f7059430f8b01bbf2eaacdbb2 (unverified)
﻿06:19:48 : Verified GUID (784fd49f7059430f8b01bbf2eaacdbb2) of player #2 Collin
﻿06:19:49 : Player #2 Collin - Legacy GUID: afc19a0857d8d96001c83cf784fccbad
﻿06:20:51 : RCon admin #3: (Global) BASES MUST BE MAINTAINED VIA THE PLOT POLE EVERY 7 DAYS!!
﻿06:22:29 : Player #2 Collin disconnected
﻿06:25:51 : RCon admin #3: (Global) Vehicles left in trader zones at restarts will be moved to the vehicle pound and unlocked
﻿06:36:51 : RCon admin #3: (Global) Admins: LWB, Sierra and Turmoil
﻿06:47:45 : Player #2 Jim Water (184.91.11.13:5302) connected
﻿06:47:46 : Player #2 Jim Water - GUID: 13b99561d96edb73f40d83a456b050f5 (unverified)
﻿06:47:47 : Verified GUID (13b99561d96edb73f40d83a456b050f5) of player #2 Jim Water
﻿06:47:47 : Player #2 Jim Water - Legacy GUID: 00792bc0bbace791a61b3bb4cb59bdcd
﻿06:50:51 : RCon admin #3: (Global) BASES MUST BE MAINTAINED VIA THE PLOT POLE EVERY 7 DAYS!!
﻿06:51:55 : Player #3 BlackBeard (176.100.15.176:5302) connected
﻿06:51:56 : Player #3 BlackBeard - GUID: 735fb34b6d4ecf5116edd6b4588946f4 (unverified)
﻿06:51:57 : Verified GUID (735fb34b6d4ecf5116edd6b4588946f4) of player #3 BlackBeard
﻿06:51:57 : Player #3 BlackBeard - Legacy GUID: cdddcce88dbd9e0a19fc23a371b34032
﻿06:55:51 : RCon admin #3: (Global) Vehicles left in trader zones at restarts will be moved to the vehicle pound and unlocked
﻿07:01:51 : RCon admin #3: (Global) Server will restart in 10 minutes
﻿07:04:12 : Player #0 SEN ONE disconnected
﻿07:06:51 : RCon admin #3: (Global) Admins: LWB, Sierra and Turmoil
﻿07:06:52 : RCon admin #3: (Global) Server will restart in 5 minutes: Prepare to Logout
﻿07:09:51 : RCon admin #3: (Global) The Server is about to restart. LOG OUT NOW OR YOUR GEAR MAY BE LOST!!
﻿07:10:14 : Player #3 BlackBeard disconnected
﻿07:10:17 : Player #1 Sirius Krauss disconnected
﻿07:11:21 : RCon admin #3: (Global) YOU SHOULD BE LOGGED OUT BY NOW! IF YOU ARENT YOU WILL BE AUTO KICKED AND YOUR GEAR MAY BE LOST! NO REFUNDS!
﻿07:12:25 : Rcon client logging in
﻿07:12:25 : RCon admin #3 (78.31.67.100:55594) logged in
﻿07:17:43 : Player #1 SEN ONE (99.109.93.28:5302) connected
﻿07:17:44 : Player #1 SEN ONE - GUID: e2ff22d2684d500cb28117a914a3e614 (unverified)
﻿07:17:45 : Verified GUID (e2ff22d2684d500cb28117a914a3e614) of player #1 SEN ONE
﻿07:17:45 : Player #1 SEN ONE - Legacy GUID: ea9613e4e7f55895ce807e57e548c240
﻿07:20:23 : Player #2 John Petushitel (188.190.146.42:3457) connected
﻿07:20:25 : Player #2 John Petushitel - GUID: 8a986d4e5e29b721d6bf806f653d6c1c (unverified)
﻿07:20:25 : Player #2 John Petushitel - Legacy GUID: e50831141cb951f6d3f45da41d03dfbc
﻿07:20:26 : Verified GUID (8a986d4e5e29b721d6bf806f653d6c1c) of player #2 John Petushitel
﻿07:26:26 : RCon admin #3: (Global) Vehicles left in trader zones at restarts will be moved to the vehicle pound and unlocked
﻿07:27:47 : Player #0 BlackBeard disconnected
﻿07:35:58 : Player #2 John Petushitel disconnected
﻿07:37:26 : RCon admin #3: (Global) Admins: LWB, Sierra and Turmoil
﻿07:51:26 : RCon admin #3: (Global) BASES MUST BE MAINTAINED VIA THE PLOT POLE EVERY 7 DAYS!!
﻿07:56:26 : RCon admin #3: (Global) Vehicles left in trader zones at restarts will be moved to the vehicle pound and unlocked
﻿08:07:26 : RCon admin #3: (Global) Admins: LWB, Sierra and Turmoil
﻿08:21:26 : RCon admin #3: (Global) BASES MUST BE MAINTAINED VIA THE PLOT POLE EVERY 7 DAYS!!
﻿08:26:26 : RCon admin #3: (Global) Vehicles left in trader zones at restarts will be moved to the vehicle pound and unlocked
﻿08:37:26 : RCon admin #3: (Global) Admins: LWB, Sierra and Turmoil
﻿08:51:26 : RCon admin #3: (Global) BASES MUST BE MAINTAINED VIA THE PLOT POLE EVERY 7 DAYS!!
﻿08:56:26 : RCon admin #3: (Global) Vehicles left in trader zones at restarts will be moved to the vehicle pound and unlocked
﻿09:07:26 : RCon admin #3: (Global) Admins: LWB, Sierra and Turmoil
﻿09:09:25 : Player #0 Sirius Krauss (91.204.191.227:29006) connected
﻿09:09:26 : Player #0 Sirius Krauss - GUID: 2750ee412f056a256416474bb7030e5a (unverified)
﻿09:09:26 : Verified GUID (2750ee412f056a256416474bb7030e5a) of player #0 Sirius Krauss
﻿09:09:27 : Player #0 Sirius Krauss - Legacy GUID: f52b625a0031e68ee486f812cf0ca429
﻿09:19:28 : Player #2 Beastiboy (89.204.139.64:34995) connected
﻿09:19:29 : Player #2 Beastiboy - GUID: 936a425caa1da69d4565676ad370e0d0 (unverified)
﻿09:19:29 : Verified GUID (936a425caa1da69d4565676ad370e0d0) of player #2 Beastiboy
﻿09:19:30 : Player #2 Beastiboy - Legacy GUID: b4c68b307db036e1593c0b08e81d467e
﻿09:21:26 : RCon admin #3: (Global) BASES MUST BE MAINTAINED VIA THE PLOT POLE EVERY 7 DAYS!!
﻿09:26:26 : RCon admin #3: (Global) Vehicles left in trader zones at restarts will be moved to the vehicle pound and unlocked
﻿09:32:26 : RCon admin #3: (Global) Server will restart in 10 minutes
﻿09:37:26 : RCon admin #3: (Global) Admins: LWB, Sierra and Turmoil
﻿09:37:26 : RCon admin #3: (Global) Server will restart in 5 minutes: Prepare to Logout
﻿09:40:26 : RCon admin #3: (Global) The Server is about to restart. LOG OUT NOW OR YOUR GEAR MAY BE LOST!!
﻿09:41:05 : Player #1 SEN ONE disconnected
﻿09:41:24 : Player #0 Sirius Krauss disconnected
﻿09:41:56 : RCon admin #3: (Global) YOU SHOULD BE LOGGED OUT BY NOW! IF YOU ARENT YOU WILL BE AUTO KICKED AND YOUR GEAR MAY BE LOST! NO REFUNDS!
﻿09:42:59 : Rcon client logging in
﻿09:42:59 : RCon admin #3 (78.31.67.100:50668) logged in
﻿09:44:37 : Player #0 SEN ONE (99.109.93.28:5302) connected
﻿09:44:38 : Player #0 SEN ONE - GUID: e2ff22d2684d500cb28117a914a3e614 (unverified)
﻿09:44:39 : Verified GUID (e2ff22d2684d500cb28117a914a3e614) of player #0 SEN ONE
﻿09:44:39 : Player #0 SEN ONE - Legacy GUID: ea9613e4e7f55895ce807e57e548c240
﻿09:45:52 : RCon admin #4 (88.88.19.46:55311) logged in
﻿09:56:30 : Player #1 Beastiboy (89.204.139.64:32265) connected
﻿09:56:31 : Player #1 Beastiboy - GUID: 936a425caa1da69d4565676ad370e0d0 (unverified)
﻿09:56:31 : Verified GUID (936a425caa1da69d4565676ad370e0d0) of player #1 Beastiboy
﻿09:56:32 : Player #1 Beastiboy - Legacy GUID: b4c68b307db036e1593c0b08e81d467e
﻿09:56:59 : RCon admin #3: (Global) Vehicles left in trader zones at restarts will be moved to the vehicle pound and unlocked
﻿10:07:59 : RCon admin #3: (Global) Admins: LWB, Sierra and Turmoil
﻿10:12:01 : RCon admin #5 (86.131.103.232:59920) logged in
﻿10:21:59 : RCon admin #3: (Global) BASES MUST BE MAINTAINED VIA THE PLOT POLE EVERY 7 DAYS!!
﻿10:26:59 : RCon admin #3: (Global) Vehicles left in trader zones at restarts will be moved to the vehicle pound and unlocked
﻿10:37:59 : RCon admin #3: (Global) Admins: LWB, Sierra and Turmoil
﻿10:51:59 : RCon admin #3: (Global) BASES MUST BE MAINTAINED VIA THE PLOT POLE EVERY 7 DAYS!!
﻿10:56:11 : Player #0 SEN ONE disconnected
﻿10:56:59 : RCon admin #3: (Global) Vehicles left in trader zones at restarts will be moved to the vehicle pound and unlocked
﻿11:07:37 : RCon admin #0 (86.131.103.232:52082) logged in
﻿11:07:59 : RCon admin #3: (Global) Admins: LWB, Sierra and Turmoil
﻿11:21:59 : RCon admin #3: (Global) BASES MUST BE MAINTAINED VIA THE PLOT POLE EVERY 7 DAYS!!
﻿11:26:59 : RCon admin #3: (Global) Vehicles left in trader zones at restarts will be moved to the vehicle pound and unlocked
﻿11:37:59 : RCon admin #3: (Global) Admins: LWB, Sierra and Turmoil
﻿11:51:59 : RCon admin #3: (Global) BASES MUST BE MAINTAINED VIA THE PLOT POLE EVERY 7 DAYS!!
﻿11:56:59 : RCon admin #3: (Global) Vehicles left in trader zones at restarts will be moved to the vehicle pound and unlocked
﻿11:57:39 : Player #0 StrAyF3R (91.206.155.2:5302) connected
﻿11:57:40 : Player #0 StrAyF3R - GUID: 799e4bc7f4306d124700a6c97f06a906 (unverified)
﻿11:57:41 : Verified GUID (799e4bc7f4306d124700a6c97f06a906) of player #0 StrAyF3R
﻿11:57:41 : Player #0 StrAyF3R - Owner GUID: 305db7d5147ccd92fee57cd96435b342
﻿11:57:41 : Player #0 StrAyF3R - Legacy GUID: bf87d1f3a186906890e10ac2ed7972c3
﻿11:59:33 : Player #1 Beastiboy disconnected
﻿12:02:59 : RCon admin #3: (Global) Server will restart in 10 minutes
﻿12:07:59 : RCon admin #3: (Global) Admins: LWB, Sierra and Turmoil
﻿12:08:00 : RCon admin #3: (Global) Server will restart in 5 minutes: Prepare to Logout
﻿12:09:36 : Player #0 StrAyF3R disconnected
﻿12:10:59 : RCon admin #3: (Global) The Server is about to restart. LOG OUT NOW OR YOUR GEAR MAY BE LOST!!
﻿12:12:29 : RCon admin #3: (Global) YOU SHOULD BE LOGGED OUT BY NOW! IF YOU ARENT YOU WILL BE AUTO KICKED AND YOUR GEAR MAY BE LOST! NO REFUNDS!
﻿12:13:33 : Rcon client logging in
﻿12:13:33 : RCon admin #4 (78.31.67.100:58518) logged in
﻿12:19:25 : Player #0 StrAyF3R (91.206.155.2:5302) connected
﻿12:19:26 : Player #0 StrAyF3R - GUID: 799e4bc7f4306d124700a6c97f06a906 (unverified)
﻿12:19:27 : Verified GUID (799e4bc7f4306d124700a6c97f06a906) of player #0 StrAyF3R
﻿12:19:27 : Player #0 StrAyF3R - Owner GUID: 305db7d5147ccd92fee57cd96435b342
﻿12:19:27 : Player #0 StrAyF3R - Legacy GUID: bf87d1f3a186906890e10ac2ed7972c3
﻿12:27:34 : RCon admin #4: (Global) Vehicles left in trader zones at restarts will be moved to the vehicle pound and unlocked
﻿12:36:32 : RCon admin #3 (86.131.103.232:58838) logged in
﻿12:37:49 : RCon admin #5 (86.131.103.232:62966) logged in
﻿12:38:34 : RCon admin #4: (Global) Admins: LWB, Sierra and Turmoil
﻿12:50:55 : Player #1 Ertyak (80.232.87.56:5302) connected
﻿12:50:56 : Player #1 Ertyak - GUID: fcb74c6c2d045e3e59518fa44903ac0f (unverified)
﻿12:50:57 : Verified GUID (fcb74c6c2d045e3e59518fa44903ac0f) of player #1 Ertyak
﻿12:50:57 : Player #1 Ertyak - Legacy GUID: 59b3e1e2afb9de6c65e7872bce75eee2
﻿12:52:34 : RCon admin #4: (Global) BASES MUST BE MAINTAINED VIA THE PLOT POLE EVERY 7 DAYS!!
﻿12:54:36 : Player #1 Ertyak disconnected
﻿12:57:34 : RCon admin #4: (Global) Vehicles left in trader zones at restarts will be moved to the vehicle pound and unlocked
﻿13:04:59 : Player #1 Ertyak (80.232.87.56:5302) connected
﻿13:04:59 : Player #1 Ertyak - GUID: fcb74c6c2d045e3e59518fa44903ac0f (unverified)
﻿13:05:00 : Verified GUID (fcb74c6c2d045e3e59518fa44903ac0f) of player #1 Ertyak
﻿13:05:01 : Player #1 Ertyak - Legacy GUID: 59b3e1e2afb9de6c65e7872bce75eee2
﻿13:08:34 : RCon admin #4: (Global) Admins: LWB, Sierra and Turmoil
﻿13:22:34 : RCon admin #4: (Global) BASES MUST BE MAINTAINED VIA THE PLOT POLE EVERY 7 DAYS!!
﻿13:27:34 : RCon admin #4: (Global) Vehicles left in trader zones at restarts will be moved to the vehicle pound and unlocked
﻿13:32:22 : Player #1 Ertyak disconnected
﻿13:38:34 : RCon admin #4: (Global) Admins: LWB, Sierra and Turmoil
﻿13:45:00 : Player #1 Colonel (93.127.91.114:2304) connected
﻿13:45:01 : Player #1 Colonel - GUID: ce9f8f5b44984f2bfd94fb70ccfee3fa (unverified)
﻿13:45:01 : Verified GUID (ce9f8f5b44984f2bfd94fb70ccfee3fa) of player #1 Colonel
﻿13:45:02 : Player #1 Colonel - Legacy GUID: a3900a5b2d638dd05ef2b5a9be59e07c
﻿13:45:02 : Player #1 Colonel disconnected
﻿13:45:23 : RCon admin #2 (86.131.103.232:60817) logged in
﻿13:49:53 : Player #1 VertDider (185.16.28.94:5302) connected
﻿13:49:55 : Player #1 VertDider - GUID: b9a3fbbc38891c72d9ce18890c2c1a09 (unverified)
﻿13:49:55 : Player #1 VertDider - Legacy GUID: 61f1481e58ca9d1601d90add4d9a4f34
﻿13:49:55 : Verified GUID (b9a3fbbc38891c72d9ce18890c2c1a09) of player #1 VertDider
﻿13:52:34 : RCon admin #4: (Global) BASES MUST BE MAINTAINED VIA THE PLOT POLE EVERY 7 DAYS!!
﻿13:55:40 : Player #2 Lazer (104.238.170.117:35793) connected
﻿13:55:41 : Player #2 Lazer - GUID: 33929f9d84a547f1b09cc7428294089a (unverified)
﻿13:55:41 : Verified GUID (33929f9d84a547f1b09cc7428294089a) of player #2 Lazer
﻿13:55:42 : Player #2 Lazer - Legacy GUID: 0e0de503785b62c65b9b1e322073585a
﻿13:57:13 : Player #2 Lazer disconnected
﻿13:57:34 : RCon admin #4: (Global) Vehicles left in trader zones at restarts will be moved to the vehicle pound and unlocked
﻿13:58:27 : Player #2 Voltrox (41.141.232.79:5302) connected
﻿13:58:28 : Player #2 Voltrox - GUID: d7005f8cd84e00b9d5572846ceb155a8 (unverified)
﻿13:58:29 : Verified GUID (d7005f8cd84e00b9d5572846ceb155a8) of player #2 Voltrox
﻿13:58:29 : Player #2 Voltrox - Legacy GUID: d232d89c0e812f0dcd60f27e5faa1989
﻿14:00:19 : Player #3 Lazer (104.238.170.117:43492) connected
﻿14:00:20 : Player #3 Lazer - GUID: 33929f9d84a547f1b09cc7428294089a (unverified)
﻿14:00:20 : Verified GUID (33929f9d84a547f1b09cc7428294089a) of player #3 Lazer
﻿14:00:21 : Player #3 Lazer - Legacy GUID: 0e0de503785b62c65b9b1e322073585a
﻿14:01:32 : Player #3 Lazer disconnected
﻿14:05:56 : RCon admin #5 (86.131.103.232:60996) logged in
﻿14:08:34 : RCon admin #4: (Global) Admins: LWB, Sierra and Turmoil
﻿14:10:21 : Player #3 justr (41.248.156.55:58875) connected
﻿14:10:23 : Player #3 justr disconnected
﻿14:10:29 : Player #3 justr (41.248.156.55:58875) connected
﻿14:10:30 : Player #3 justr disconnected
﻿14:10:36 : Player #3 justr (41.248.156.55:58875) connected
﻿14:10:37 : Player #3 justr disconnected
﻿14:10:40 : Player #3 justr (41.248.156.55:58875) connected
﻿14:10:42 : Player #3 justr disconnected
﻿14:10:46 : Player #3 justr (41.248.156.55:58875) connected
﻿14:10:47 : Player #3 justr disconnected
﻿14:10:52 : Player #3 justr (41.248.156.55:58875) connected
﻿14:10:54 : Player #3 justr disconnected
﻿14:11:06 : Player #3 <eXp> RafcioZG (89.67.63.218:5302) connected
﻿14:11:07 : Player #3 <eXp> RafcioZG - GUID: 02ed733403835a8a8517265415d84023 (unverified)
﻿14:11:08 : Verified GUID (02ed733403835a8a8517265415d84023) of player #3 <eXp> RafcioZG
﻿14:11:08 : Player #3 <eXp> RafcioZG - Legacy GUID: c9c653dd820194488bd099e2b5e7f454
﻿14:21:23 : Player #4 borys (185.17.163.57:5302) connected
﻿14:21:25 : Player #4 borys - GUID: 3d770266c222fbbd4e3281e76e50da3b (unverified)
﻿14:21:25 : Verified GUID (3d770266c222fbbd4e3281e76e50da3b) of player #4 borys
﻿14:21:25 : Player #4 borys - Legacy GUID: f65a6d255ba9143f7d123b818d704fe0
﻿14:22:34 : RCon admin #4: (Global) BASES MUST BE MAINTAINED VIA THE PLOT POLE EVERY 7 DAYS!!
﻿14:26:14 : Player #0 StrAyF3R disconnected
﻿14:27:26 : Player #0 Keyser Soze (58.7.197.249:5302) connected
﻿14:27:28 : Player #0 Keyser Soze - GUID: 833fbd5f9f157669feed41bfe45608c0 (unverified)
﻿14:27:29 : Player #0 Keyser Soze - Legacy GUID: 6d5daabac246ffbe20e331f9ad2e6469
﻿14:27:29 : Verified GUID (833fbd5f9f157669feed41bfe45608c0) of player #0 Keyser Soze
﻿14:27:33 : RCon admin #4: (Global) Vehicles left in trader zones at restarts will be moved to the vehicle pound and unlocked
﻿14:28:15 : Player #0 Keyser Soze (833fbd5f9f157669feed41bfe45608c0) has been kicked by BattlEye: Ping too high (406)
﻿14:33:34 : RCon admin #4: (Global) Server will restart in 10 minutes
﻿14:37:58 : Player #0 ProjektDeJaVu (76.170.187.169:5302) connected
﻿14:37:59 : Player #0 ProjektDeJaVu - GUID: 73cbc04a59f25837cbfdc95e2b5f7f6a (unverified)
﻿14:37:59 : Verified GUID (73cbc04a59f25837cbfdc95e2b5f7f6a) of player #0 ProjektDeJaVu
﻿14:37:59 : Player #0 ProjektDeJaVu - Owner GUID: bf4a9c702d497ec7e4a0a1c5a56c84b1
﻿14:38:00 : Player #0 ProjektDeJaVu - Legacy GUID: 3a4083fbceb96a0a9b34754fa309e7d1
﻿14:38:34 : RCon admin #4: (Global) Admins: LWB, Sierra and Turmoil
﻿14:38:34 : RCon admin #4: (Global) Server will restart in 5 minutes: Prepare to Logout
﻿14:39:00 : Player #4 borys disconnected
﻿14:39:29 : Player #2 Voltrox disconnected
﻿14:41:34 : RCon admin #4: (Global) The Server is about to restart. LOG OUT NOW OR YOUR GEAR MAY BE LOST!!
﻿14:42:04 : Player #3 <eXp> RafcioZG disconnected
﻿14:43:04 : RCon admin #4: (Global) YOU SHOULD BE LOGGED OUT BY NOW! IF YOU ARENT YOU WILL BE AUTO KICKED AND YOUR GEAR MAY BE LOST! NO REFUNDS!
﻿14:44:07 : Rcon client logging in
﻿14:44:09 : RCon admin #4 (78.31.67.100:53716) logged in
﻿14:46:37 : Player #1 VertDider (185.16.28.94:5302) connected
﻿14:46:39 : Player #1 VertDider - GUID: b9a3fbbc38891c72d9ce18890c2c1a09 (unverified)
﻿14:46:39 : Player #1 VertDider - Legacy GUID: 61f1481e58ca9d1601d90add4d9a4f34
﻿14:46:39 : Verified GUID (b9a3fbbc38891c72d9ce18890c2c1a09) of player #1 VertDider
﻿14:49:38 : RCon admin #5 (86.131.103.232:52727) logged in
﻿14:52:22 : Player #2 Bas (94.212.140.181:5302) connected
﻿14:52:23 : Player #2 Bas - GUID: e5266206deb08670291dc1d9f9d8e529 (unverified)
﻿14:52:23 : Verified GUID (e5266206deb08670291dc1d9f9d8e529) of player #2 Bas
﻿14:52:24 : Player #2 Bas - Legacy GUID: 12da0e08f7ea30016951486cf50de32b
﻿14:55:41 : Player #3 borys (185.17.163.57:5302) connected
﻿14:55:43 : Player #3 borys - GUID: 3d770266c222fbbd4e3281e76e50da3b (unverified)
﻿14:55:43 : Verified GUID (3d770266c222fbbd4e3281e76e50da3b) of player #3 borys
﻿14:55:43 : Player #3 borys - Legacy GUID: f65a6d255ba9143f7d123b818d704fe0
﻿14:58:07 : RCon admin #4: (Global) Vehicles left in trader zones at restarts will be moved to the vehicle pound and unlocked
﻿15:00:39 : Player #4 Ertyak (80.232.87.56:5302) connected
﻿15:00:41 : Player #4 Ertyak - GUID: fcb74c6c2d045e3e59518fa44903ac0f (unverified)
﻿15:00:41 : Verified GUID (fcb74c6c2d045e3e59518fa44903ac0f) of player #4 Ertyak
﻿15:00:41 : Player #4 Ertyak - Legacy GUID: 59b3e1e2afb9de6c65e7872bce75eee2
﻿15:09:07 : RCon admin #4: (Global) Admins: LWB, Sierra and Turmoil
﻿15:18:13 : Player #5 StrAyF3R (91.206.155.2:5302) connected
﻿15:18:15 : Player #5 StrAyF3R - GUID: 799e4bc7f4306d124700a6c97f06a906 (unverified)
﻿15:18:15 : Player #5 StrAyF3R - Legacy GUID: bf87d1f3a186906890e10ac2ed7972c3
﻿15:18:16 : Verified GUID (799e4bc7f4306d124700a6c97f06a906) of player #5 StrAyF3R
﻿15:18:16 : Player #5 StrAyF3R - Owner GUID: 305db7d5147ccd92fee57cd96435b342
﻿15:18:58 : Player #6 Areanas (91.206.154.19:5302) connected
﻿15:19:00 : Player #6 Areanas - GUID: 845f71f68e552ef6a9c51335648e1c46 (unverified)
﻿15:19:00 : Verified GUID (845f71f68e552ef6a9c51335648e1c46) of player #6 Areanas
﻿15:19:00 : Player #6 Areanas - Legacy GUID: caee1e9729130435d01a7d0cb47a0492
﻿15:23:07 : RCon admin #4: (Global) BASES MUST BE MAINTAINED VIA THE PLOT POLE EVERY 7 DAYS!!
﻿15:24:03 : Player #7 <eXp> RageBlack (109.197.175.165:5302) connected
﻿15:24:05 : Player #7 <eXp> RageBlack - GUID: b53b5f841d453f2f399fd1611f42baa9 (unverified)
﻿15:24:05 : Player #7 <eXp> RageBlack - Legacy GUID: 7e7d7c1411e75013c2937f26c0f17fa6
﻿15:24:06 : Verified GUID (b53b5f841d453f2f399fd1611f42baa9) of player #7 <eXp> RageBlack
﻿15:28:08 : RCon admin #4: (Global) Vehicles left in trader zones at restarts will be moved to the vehicle pound and unlocked
﻿15:32:31 : Player #3 borys disconnected
﻿15:39:07 : RCon admin #4: (Global) Admins: LWB, Sierra and Turmoil
﻿15:44:55 : Player #3 Bambi (80.130.123.87:5302) connected
﻿15:44:57 : Player #3 Bambi - GUID: 5d9bb33c738a6e2632cea27bd877e7c0 (unverified)
﻿15:44:57 : Verified GUID (5d9bb33c738a6e2632cea27bd877e7c0) of player #3 Bambi
﻿15:44:57 : Player #3 Bambi - Legacy GUID: ac41e7d0c4417d6412502654e9b2c503
﻿15:45:03 : Player #3 Bambi disconnected
﻿15:46:24 : Player #3 Dont touch my Tralala (80.130.123.87:5302) connected
﻿15:46:25 : Player #3 Dont touch my Tralala - GUID: 5d9bb33c738a6e2632cea27bd877e7c0 (unverified)
﻿15:46:26 : Verified GUID (5d9bb33c738a6e2632cea27bd877e7c0) of player #3 Dont touch my Tralala
﻿15:46:26 : Player #3 Dont touch my Tralala - Legacy GUID: ac41e7d0c4417d6412502654e9b2c503
﻿15:53:07 : RCon admin #4: (Global) BASES MUST BE MAINTAINED VIA THE PLOT POLE EVERY 7 DAYS!!
﻿15:58:07 : RCon admin #4: (Global) Vehicles left in trader zones at restarts will be moved to the vehicle pound and unlocked
﻿16:03:00 : RCon admin #1 (86.131.103.232:50668) logged in
﻿16:08:04 : Player #8 Josh (109.146.31.87:5302) connected
﻿16:08:05 : Player #8 Josh - GUID: 8e5a3a3d5d08855afb45e635b24eb27a (unverified)
﻿16:08:06 : Verified GUID (8e5a3a3d5d08855afb45e635b24eb27a) of player #8 Josh
﻿16:08:06 : Player #8 Josh - Legacy GUID: 71b0d1d55eaf8b78889281c5727d1a5e
﻿16:08:30 : Player #1 VertDider disconnected
﻿16:09:07 : RCon admin #4: (Global) Admins: LWB, Sierra and Turmoil
﻿16:10:36 : Player #8 Josh (8e5a3a3d5d08855afb45e635b24eb27a) has been kicked by BattlEye: Client not responding
﻿16:14:25 : Player #1 LYD (82.41.226.125:5302) connected
﻿16:14:26 : Player #1 LYD - GUID: 976b9a75eedf87583a10222350c42fa8 (unverified)
﻿16:14:26 : Verified GUID (976b9a75eedf87583a10222350c42fa8) of player #1 LYD
﻿16:14:27 : Player #1 LYD - Legacy GUID: 43d715542736a82c1c17084a07761533
﻿16:15:06 : Player #8 Josh (213.120.51.13:5302) connected
﻿16:15:07 : Player #8 Josh - GUID: 8e5a3a3d5d08855afb45e635b24eb27a (unverified)
﻿16:15:08 : Verified GUID (8e5a3a3d5d08855afb45e635b24eb27a) of player #8 Josh
﻿16:15:08 : Player #8 Josh - Legacy GUID: 71b0d1d55eaf8b78889281c5727d1a5e
﻿16:21:59 : Player #9 bunny wabbit (73.143.57.248:5302) connected
﻿16:22:00 : Player #9 bunny wabbit - GUID: 3a6a83b2dfc62ca0fab249eca0de3db7 (unverified)
﻿16:22:00 : Verified GUID (3a6a83b2dfc62ca0fab249eca0de3db7) of player #9 bunny wabbit
﻿16:22:01 : Player #9 bunny wabbit - Legacy GUID: d84bf74e982a52087d741a65e0421e61
﻿16:22:31 : Player #10 Thijs (89.98.196.221:5302) connected
﻿16:22:33 : Player #10 Thijs - GUID: ae66cc594c2ba42bc401a5c3181c11ad (unverified)
﻿16:22:33 : Player #10 Thijs - Legacy GUID: 6381a799c1b7d34b4863411eedcbc6ae
﻿16:22:34 : Verified GUID (ae66cc594c2ba42bc401a5c3181c11ad) of player #10 Thijs
﻿16:23:08 : RCon admin #4: (Global) BASES MUST BE MAINTAINED VIA THE PLOT POLE EVERY 7 DAYS!!
﻿16:25:19 : Player #11 Venom (95.222.134.8:5302) connected
﻿16:25:20 : Player #11 Venom - GUID: e786b415e10ab2b89c29306ebb2f5f70 (unverified)
﻿16:25:20 : Verified GUID (e786b415e10ab2b89c29306ebb2f5f70) of player #11 Venom
﻿16:25:20 : Player #11 Venom - Owner GUID: dcfce639ce5632740bb57be89d875807
﻿16:25:21 : Player #11 Venom - Legacy GUID: f1a30e7dbc888339e904bf6f2d719166
﻿16:28:08 : RCon admin #4: (Global) Vehicles left in trader zones at restarts will be moved to the vehicle pound and unlocked
﻿16:28:56 : Player #12 Twanyboy (84.85.14.155:5302) connected
﻿16:28:58 : Player #12 Twanyboy - GUID: 26b615b5faf4e4f802f8e02b51784844 (unverified)
﻿16:28:58 : Verified GUID (26b615b5faf4e4f802f8e02b51784844) of player #12 Twanyboy
﻿16:28:58 : Player #12 Twanyboy - Legacy GUID: 51fcb21cf28305cbb5cd78bdddcb1077
﻿16:29:49 : Player #4 Ertyak disconnected
﻿16:29:58 : Player #4 Romeo Waffle (62.30.122.94:5302) connected
﻿16:29:59 : Player #4 Romeo Waffle - GUID: c9e4ebfc873ff7b6c8c7c43715f9f4b9 (unverified)
﻿16:30:00 : Verified GUID (c9e4ebfc873ff7b6c8c7c43715f9f4b9) of player #4 Romeo Waffle
﻿16:30:00 : Player #4 Romeo Waffle - Legacy GUID: 39c7e50395557b2fce1372d07d6fdbe1
﻿16:30:00 : Player #4 Romeo Waffle disconnected
﻿16:32:59 : Player #12 Twanyboy (26b615b5faf4e4f802f8e02b51784844) has been kicked by BattlEye: Client not responding
﻿16:36:42 : Player #4 Twanyboy (84.85.14.155:5302) connected
﻿16:36:43 : Player #4 Twanyboy - GUID: 26b615b5faf4e4f802f8e02b51784844 (unverified)
﻿16:36:43 : Verified GUID (26b615b5faf4e4f802f8e02b51784844) of player #4 Twanyboy
﻿16:36:44 : Player #4 Twanyboy - Legacy GUID: 51fcb21cf28305cbb5cd78bdddcb1077
﻿16:37:01 : Player #12 Colonel (93.127.91.114:2304) connected
﻿16:37:03 : Player #12 Colonel - GUID: ce9f8f5b44984f2bfd94fb70ccfee3fa (unverified)
﻿16:37:03 : Player #12 Colonel - Legacy GUID: a3900a5b2d638dd05ef2b5a9be59e07c
﻿16:37:03 : Verified GUID (ce9f8f5b44984f2bfd94fb70ccfee3fa) of player #12 Colonel
﻿16:37:04 : Player #12 Colonel disconnected
﻿16:39:08 : RCon admin #4: (Global) Admins: LWB, Sierra and Turmoil
﻿16:39:57 : Player #12 Colonel (93.127.91.114:2304) connected
﻿16:39:59 : Player #12 Colonel - GUID: ce9f8f5b44984f2bfd94fb70ccfee3fa (unverified)
﻿16:39:59 : Verified GUID (ce9f8f5b44984f2bfd94fb70ccfee3fa) of player #12 Colonel
﻿16:40:00 : Player #12 Colonel - Legacy GUID: a3900a5b2d638dd05ef2b5a9be59e07c
﻿16:40:08 : RCon admin #4: (To Twanyboy) Watch your language. No Warnings left. Next badword will result in kick
﻿16:42:23 : Player #13 <eXp> Gruby (83.5.183.174:5302) connected
﻿16:42:25 : Player #13 <eXp> Gruby - GUID: 7f82c53f48899ff2fd5b9489f8d17fb8 (unverified)
﻿16:42:25 : Player #13 <eXp> Gruby - Legacy GUID: 61f8d59b40d145e9e0934b15ea495703
﻿16:42:25 : Verified GUID (7f82c53f48899ff2fd5b9489f8d17fb8) of player #13 <eXp> Gruby
﻿16:45:27 : Player #14 Iubita mea (79.114.70.54:27242) connected
﻿16:45:29 : Player #14 Iubita mea - GUID: 3a3d8f0911cf25957409e148d0b7bc7a (unverified)
﻿16:45:29 : Verified GUID (3a3d8f0911cf25957409e148d0b7bc7a) of player #14 Iubita mea
﻿16:45:29 : Player #14 Iubita mea - Legacy GUID: ba33b5127ba31623dfc8c5bd9c309f2b
﻿16:46:09 : Player #2 Bas (e5266206deb08670291dc1d9f9d8e529) has been kicked by BattlEye: Client not responding
﻿16:53:08 : RCon admin #4: (Global) BASES MUST BE MAINTAINED VIA THE PLOT POLE EVERY 7 DAYS!!
﻿16:57:27 : Player #2 <eXp> CziQita (85.202.152.128:5302) connected
﻿16:57:28 : Player #2 <eXp> CziQita - GUID: 032d6e70df3d067624c52f7be2b9f7a4 (unverified)
﻿16:57:29 : Verified GUID (032d6e70df3d067624c52f7be2b9f7a4) of player #2 <eXp> CziQita
﻿16:57:29 : Player #2 <eXp> CziQita - Legacy GUID: 5fe66ce3f47a21b2db2c180c820374dd
﻿16:58:07 : RCon admin #4: (Global) Vehicles left in trader zones at restarts will be moved to the vehicle pound and unlocked
﻿17:00:18 : Player #11 Venom disconnected
﻿17:00:22 : Player #14 Iubita mea disconnected
﻿17:00:49 : Player #12 Colonel disconnected
﻿17:01:22 : Player #11 Iubita mea (79.114.70.54:27242) connected
﻿17:01:23 : Player #11 Iubita mea - GUID: 3a3d8f0911cf25957409e148d0b7bc7a (unverified)
﻿17:01:24 : Verified GUID (3a3d8f0911cf25957409e148d0b7bc7a) of player #11 Iubita mea
﻿17:01:24 : Player #11 Iubita mea - Legacy GUID: ba33b5127ba31623dfc8c5bd9c309f2b
﻿17:02:39 : Player #12 borys (185.17.163.57:5302) connected
﻿17:02:41 : Player #12 borys - GUID: 3d770266c222fbbd4e3281e76e50da3b (unverified)
﻿17:02:41 : Player #12 borys - Legacy GUID: f65a6d255ba9143f7d123b818d704fe0
﻿17:02:41 : Verified GUID (3d770266c222fbbd4e3281e76e50da3b) of player #12 borys
﻿17:03:03 : Player #9 bunny wabbit disconnected
﻿17:03:27 : Player #11 Iubita mea disconnected
﻿17:03:33 : Player #9 DirtyAlex (5.141.195.206:55613) connected
﻿17:03:35 : Player #9 DirtyAlex - GUID: 6b1dfa10bdfb55bf5607214e66110e76 (unverified)
﻿17:03:35 : Verified GUID (6b1dfa10bdfb55bf5607214e66110e76) of player #9 DirtyAlex
﻿17:03:36 : Player #9 DirtyAlex - Legacy GUID: 62b15f1e4392515f31021bca6b2b5d03
﻿17:04:08 : RCon admin #4: (Global) Server will restart in 10 minutes
﻿17:06:29 : Player #11 Szosti (178.42.124.47:5302) connected
﻿17:06:30 : Player #11 Szosti - GUID: 627630e1f2f6e5154e9548a4bd892e41 (unverified)
﻿17:06:31 : Verified GUID (627630e1f2f6e5154e9548a4bd892e41) of player #11 Szosti
﻿17:06:31 : Player #11 Szosti - Legacy GUID: 942d32aec6acc78da68c8c27788a621d
﻿17:09:05 : Player #2 <eXp> CziQita disconnected
﻿17:09:07 : RCon admin #4: (Global) Admins: LWB, Sierra and Turmoil
﻿17:09:08 : RCon admin #4: (Global) Server will restart in 5 minutes: Prepare to Logout
﻿17:09:29 : Player #2 Bas (94.212.140.181:5302) connected
﻿17:09:31 : Player #2 Bas - GUID: e5266206deb08670291dc1d9f9d8e529 (unverified)
﻿17:09:31 : Player #2 Bas - Legacy GUID: 12da0e08f7ea30016951486cf50de32b
﻿17:09:32 : Verified GUID (e5266206deb08670291dc1d9f9d8e529) of player #2 Bas
﻿17:10:27 : Player #12 borys disconnected
﻿17:10:37 : Player #8 Josh disconnected
﻿17:11:40 : Player #9 DirtyAlex disconnected
﻿17:12:08 : RCon admin #4: (Global) The Server is about to restart. LOG OUT NOW OR YOUR GEAR MAY BE LOST!!
﻿17:12:24 : Player #3 Dont touch my Tralala disconnected
﻿17:12:24 : Player #2 Bas disconnected
﻿17:12:29 : Player #13 <eXp> Gruby disconnected
﻿17:12:34 : Player #0 <eXp> RafcioZG disconnected
﻿17:12:46 : Player #11 Szosti disconnected
﻿17:13:03 : Player #10 Thijs disconnected
﻿17:13:07 : Player #7 <eXp> RageBlack disconnected
﻿17:13:37 : RCon admin #4: (Global) YOU SHOULD BE LOGGED OUT BY NOW! IF YOU ARENT YOU WILL BE AUTO KICKED AND YOUR GEAR MAY BE LOST! NO REFUNDS!
﻿17:14:41 : Rcon client logging in
﻿17:14:41 : RCon admin #4 (78.31.67.100:59639) logged in
﻿17:15:21 : Player #2 <eXp> RageBlack (109.197.175.165:5302) connected
﻿17:15:22 : Player #2 <eXp> RageBlack - GUID: b53b5f841d453f2f399fd1611f42baa9 (unverified)
﻿17:15:22 : Verified GUID (b53b5f841d453f2f399fd1611f42baa9) of player #2 <eXp> RageBlack
﻿17:15:23 : Player #2 <eXp> RageBlack - Legacy GUID: 7e7d7c1411e75013c2937f26c0f17fa6
﻿17:15:52 : Player #3 Areanas (91.206.154.19:5302) connected
﻿17:15:53 : Player #3 Areanas - GUID: 845f71f68e552ef6a9c51335648e1c46 (unverified)
﻿17:15:53 : Verified GUID (845f71f68e552ef6a9c51335648e1c46) of player #3 Areanas
﻿17:15:54 : Player #3 Areanas - Legacy GUID: caee1e9729130435d01a7d0cb47a0492
﻿17:15:55 : Player #4 <eXp> CziQita (85.202.152.128:5302) connected
﻿17:15:57 : Player #4 <eXp> CziQita - GUID: 032d6e70df3d067624c52f7be2b9f7a4 (unverified)
﻿17:15:57 : Verified GUID (032d6e70df3d067624c52f7be2b9f7a4) of player #4 <eXp> CziQita
﻿17:15:58 : Player #4 <eXp> CziQita - Legacy GUID: 5fe66ce3f47a21b2db2c180c820374dd
﻿17:16:45 : Player #5 <eXp> Gruby (83.5.183.174:5302) connected
﻿17:16:46 : Player #5 <eXp> Gruby - GUID: 7f82c53f48899ff2fd5b9489f8d17fb8 (unverified)
﻿17:16:46 : Verified GUID (7f82c53f48899ff2fd5b9489f8d17fb8) of player #5 <eXp> Gruby
﻿17:16:47 : Player #5 <eXp> Gruby - Legacy GUID: 61f8d59b40d145e9e0934b15ea495703
﻿17:16:47 : Player #6 BlackBeard (176.100.15.176:5302) connected
﻿17:16:48 : Player #6 BlackBeard - GUID: 735fb34b6d4ecf5116edd6b4588946f4 (unverified)
﻿17:16:49 : Verified GUID (735fb34b6d4ecf5116edd6b4588946f4) of player #6 BlackBeard
﻿17:16:49 : Player #6 BlackBeard - Legacy GUID: cdddcce88dbd9e0a19fc23a371b34032
﻿17:17:17 : Player #7 Josh (213.120.51.13:5302) connected
﻿17:17:18 : Player #7 Josh - GUID: 8e5a3a3d5d08855afb45e635b24eb27a (unverified)
﻿17:17:19 : Verified GUID (8e5a3a3d5d08855afb45e635b24eb27a) of player #7 Josh
﻿17:17:19 : Player #7 Josh - Legacy GUID: 71b0d1d55eaf8b78889281c5727d1a5e
﻿17:17:50 : Player #8 Szosti (178.42.124.47:5302) connected
﻿17:17:51 : Player #8 Szosti - GUID: 627630e1f2f6e5154e9548a4bd892e41 (unverified)
﻿17:17:51 : Verified GUID (627630e1f2f6e5154e9548a4bd892e41) of player #8 Szosti
﻿17:17:52 : Player #8 Szosti - Legacy GUID: 942d32aec6acc78da68c8c27788a621d
﻿17:18:00 : Player #9 Iubita mea (79.114.70.54:27242) connected
﻿17:18:01 : Player #9 Iubita mea - GUID: 3a3d8f0911cf25957409e148d0b7bc7a (unverified)
﻿17:18:01 : Verified GUID (3a3d8f0911cf25957409e148d0b7bc7a) of player #9 Iubita mea
﻿17:18:02 : Player #9 Iubita mea - Legacy GUID: ba33b5127ba31623dfc8c5bd9c309f2b
﻿17:18:05 : Player #10 DirtyAlex (5.141.195.206:55872) connected
﻿17:18:06 : Player #10 DirtyAlex - GUID: 6b1dfa10bdfb55bf5607214e66110e76 (unverified)
﻿17:18:06 : Verified GUID (6b1dfa10bdfb55bf5607214e66110e76) of player #10 DirtyAlex
﻿17:18:06 : Player #10 DirtyAlex - Legacy GUID: 62b15f1e4392515f31021bca6b2b5d03
﻿17:18:26 : Player #11 borys (185.17.163.57:5302) connected
﻿17:18:27 : Player #11 borys - GUID: 3d770266c222fbbd4e3281e76e50da3b (unverified)
﻿17:18:27 : Verified GUID (3d770266c222fbbd4e3281e76e50da3b) of player #11 borys
﻿17:18:28 : Player #11 borys - Legacy GUID: f65a6d255ba9143f7d123b818d704fe0
﻿17:19:56 : Player #12 crackmansion (37.139.97.107:5302) connected
﻿17:19:58 : Player #12 crackmansion - GUID: 3f4e3cd19e2c5fa1c392c47c68683ac8 (unverified)
﻿17:19:58 : Verified GUID (3f4e3cd19e2c5fa1c392c47c68683ac8) of player #12 crackmansion
﻿17:19:58 : Player #12 crackmansion - Legacy GUID: a1a76fb6f2c6c555a9d6c5728cfcae35
﻿17:20:58 : Player #13 stken (5.141.228.38:58530) connected
﻿17:20:59 : Player #13 stken - GUID: 5eb9bbef4fc4458e82c63f084a03fe2c (unverified)
﻿17:20:59 : Verified GUID (5eb9bbef4fc4458e82c63f084a03fe2c) of player #13 stken
﻿17:21:00 : Player #13 stken - Legacy GUID: ef3487dc52830d70426b32a102c9f813
﻿17:21:32 : Player #14 LYD (82.41.226.125:5302) connected
﻿17:21:33 : Player #14 LYD - GUID: 976b9a75eedf87583a10222350c42fa8 (unverified)
﻿17:21:34 : Verified GUID (976b9a75eedf87583a10222350c42fa8) of player #14 LYD
﻿17:21:34 : Player #14 LYD - Legacy GUID: 43d715542736a82c1c17084a07761533
﻿17:21:50 : Player #15 Blue Madick (91.13.121.159:5302) connected
﻿17:21:51 : Player #15 Blue Madick - GUID: cdb1ae814a844622b64724c75abd37db (unverified)
﻿17:21:52 : Player #15 Blue Madick - Legacy GUID: 0f1737b3240f073b6be331d5921affbf
﻿17:21:52 : Verified GUID (cdb1ae814a844622b64724c75abd37db) of player #15 Blue Madick
﻿17:21:53 : Player #3 Areanas disconnected
﻿17:21:54 : Player #3 Colonel (93.127.91.114:2304) connected
﻿17:21:56 : Player #3 Colonel - GUID: ce9f8f5b44984f2bfd94fb70ccfee3fa (unverified)
﻿17:21:56 : Verified GUID (ce9f8f5b44984f2bfd94fb70ccfee3fa) of player #3 Colonel
﻿17:21:56 : Player #3 Colonel - Legacy GUID: a3900a5b2d638dd05ef2b5a9be59e07c
﻿17:23:35 : Player #9 Iubita mea disconnected
﻿17:23:51 : Player #9 Areanas (91.206.154.19:5302) connected
﻿17:23:53 : Player #9 Areanas - GUID: 845f71f68e552ef6a9c51335648e1c46 (unverified)
﻿17:23:53 : Player #9 Areanas - Legacy GUID: caee1e9729130435d01a7d0cb47a0492
﻿17:23:53 : Verified GUID (845f71f68e552ef6a9c51335648e1c46) of player #9 Areanas
﻿17:24:19 : Player #14 LYD disconnected
﻿17:24:40 : Player #14 Iubita mea (79.114.70.54:27242) connected
﻿17:24:41 : Player #14 Iubita mea - GUID: 3a3d8f0911cf25957409e148d0b7bc7a (unverified)
﻿17:24:42 : Verified GUID (3a3d8f0911cf25957409e148d0b7bc7a) of player #14 Iubita mea
﻿17:24:42 : Player #14 Iubita mea - Legacy GUID: ba33b5127ba31623dfc8c5bd9c309f2b
﻿17:24:55 : Player #16 Dont touch my Tralala (80.130.123.87:5302) connected
﻿17:24:56 : Player #16 Dont touch my Tralala - GUID: 5d9bb33c738a6e2632cea27bd877e7c0 (unverified)
﻿17:24:57 : Verified GUID (5d9bb33c738a6e2632cea27bd877e7c0) of player #16 Dont touch my Tralala
﻿17:24:57 : Player #16 Dont touch my Tralala - Legacy GUID: ac41e7d0c4417d6412502654e9b2c503
﻿17:25:03 : Player #17 Raul (90.63.219.143:5302) connected
﻿17:25:05 : Player #17 Raul - GUID: 8dd881b5c2f3367a8681f315451a01dc (unverified)
﻿17:25:05 : Verified GUID (8dd881b5c2f3367a8681f315451a01dc) of player #17 Raul
﻿17:25:05 : Player #17 Raul - Legacy GUID: 1bca79cc9304afb613023bfe878525ae
﻿17:26:29 : Player #18 LYD (82.41.226.125:5302) connected
﻿17:26:30 : Player #18 LYD - GUID: 976b9a75eedf87583a10222350c42fa8 (unverified)
﻿17:26:31 : Player #18 LYD - Legacy GUID: 43d715542736a82c1c17084a07761533
﻿17:26:31 : Verified GUID (976b9a75eedf87583a10222350c42fa8) of player #18 LYD
﻿17:28:28 : Player #19 bunny wabbit (73.143.57.248:5302) connected
﻿17:28:29 : Player #19 bunny wabbit - GUID: 3a6a83b2dfc62ca0fab249eca0de3db7 (unverified)
﻿17:28:29 : Verified GUID (3a6a83b2dfc62ca0fab249eca0de3db7) of player #19 bunny wabbit
﻿17:28:30 : Player #19 bunny wabbit - Legacy GUID: d84bf74e982a52087d741a65e0421e61
﻿17:28:42 : RCon admin #4: (Global) Vehicles left in trader zones at restarts will be moved to the vehicle pound and unlocked
﻿17:29:46 : Player #12 crackmansion disconnected
﻿17:36:31 : Player #12 Max (86.174.159.82:5302) connected
﻿17:36:33 : Player #12 Max - GUID: 093682310252d653b9bc4d9cc409b052 (unverified)
﻿17:36:34 : Player #12 Max - Legacy GUID: f2cd61e569c96c9ce15c1ba659f47e81
﻿17:36:34 : Verified GUID (093682310252d653b9bc4d9cc409b052) of player #12 Max
﻿17:39:42 : RCon admin #4: (Global) Admins: LWB, Sierra and Turmoil
﻿17:41:16 : Player #20 BMxdUdE9 (81.157.148.202:5302) connected
﻿17:41:18 : Player #20 BMxdUdE9 - GUID: c578b510910413e68024342c6aa6eedd (unverified)
﻿17:41:18 : Verified GUID (c578b510910413e68024342c6aa6eedd) of player #20 BMxdUdE9
﻿17:41:18 : Player #20 BMxdUdE9 - Legacy GUID: 3de447e37e5094c5546ab800f4c0330a
﻿17:42:33 : Player #21 BadComedian (109.110.66.112:5302) connected
﻿17:42:34 : Player #21 BadComedian - GUID: 0e8ad19b563623e4bca1d34d30929edc (unverified)
﻿17:42:35 : Verified GUID (0e8ad19b563623e4bca1d34d30929edc) of player #21 BadComedian
﻿17:42:35 : Player #21 BadComedian - Legacy GUID: 3c09f089daabae1a2d1c23ca13a82464
﻿17:43:12 : Player #22 Luke (73.4.190.95:5302) connected
﻿17:43:14 : Player #22 Luke - GUID: e1edfdab07cb6a3f4bd2b6fd4aa1b1b6 (unverified)
﻿17:43:14 : Player #22 Luke - Legacy GUID: df4c00ac07126b4668f018ae6af3fbb3
﻿17:43:15 : Verified GUID (e1edfdab07cb6a3f4bd2b6fd4aa1b1b6) of player #22 Luke
﻿17:48:31 : Player #1 StrAyF3R disconnected
﻿17:49:17 : Player #1 StrAyF3R (91.206.155.2:5302) connected
﻿17:49:19 : Player #1 StrAyF3R - GUID: 799e4bc7f4306d124700a6c97f06a906 (unverified)
﻿17:49:20 : Verified GUID (799e4bc7f4306d124700a6c97f06a906) of player #1 StrAyF3R
﻿17:49:20 : Player #1 StrAyF3R - Owner GUID: 305db7d5147ccd92fee57cd96435b342
﻿17:49:20 : Player #1 StrAyF3R - Legacy GUID: bf87d1f3a186906890e10ac2ed7972c3
﻿17:50:12 : Player #23 VertDider (185.16.28.94:5302) connected
﻿17:50:13 : Player #23 VertDider - GUID: b9a3fbbc38891c72d9ce18890c2c1a09 (unverified)
﻿17:50:14 : Player #23 VertDider - Legacy GUID: 61f1481e58ca9d1601d90add4d9a4f34
﻿17:50:15 : Verified GUID (b9a3fbbc38891c72d9ce18890c2c1a09) of player #23 VertDider
﻿17:50:54 : Player #2 <eXp> RageBlack disconnected
﻿17:50:56 : Player #12 Max disconnected
﻿17:51:00 : Player #9 Areanas disconnected
﻿17:51:19 : Player #2 Collin (8.42.226.20:5302) connected
﻿17:51:20 : Player #2 Collin - GUID: 784fd49f7059430f8b01bbf2eaacdbb2 (unverified)
﻿17:51:21 : Player #2 Collin - Legacy GUID: afc19a0857d8d96001c83cf784fccbad
﻿17:51:22 : Verified GUID (784fd49f7059430f8b01bbf2eaacdbb2) of player #2 Collin
﻿17:51:32 : Player #20 BMxdUdE9 disconnected
﻿17:51:33 : Player #1 StrAyF3R disconnected
﻿17:52:54 : Player #1 kek (81.135.208.166:5302) connected
﻿17:52:55 : Player #1 kek - GUID: 75ad98d170065f11cdceb38be97fac2b (unverified)
﻿17:52:55 : Verified GUID (75ad98d170065f11cdceb38be97fac2b) of player #1 kek
﻿17:52:56 : Player #1 kek - Legacy GUID: 13ab1520c1553cb0a97486817937bcec
﻿17:52:59 : Player #9 Baatezu (46.30.166.166:5302) connected
﻿17:53:01 : Player #9 Baatezu - GUID: 84bee7310c50e98d236a2952902fb2f8 (unverified)
﻿17:53:01 : Player #9 Baatezu - Legacy GUID: 012fd47e57492c12bf6db993c3fd12df
﻿17:53:01 : Verified GUID (84bee7310c50e98d236a2952902fb2f8) of player #9 Baatezu
﻿17:53:42 : RCon admin #4: (Global) BASES MUST BE MAINTAINED VIA THE PLOT POLE EVERY 7 DAYS!!
﻿17:58:42 : RCon admin #4: (Global) Vehicles left in trader zones at restarts will be moved to the vehicle pound and unlocked
﻿18:00:46 : Player #1 kek disconnected
﻿18:01:32 : Player #0 <eXp> RafcioZG disconnected
﻿18:02:34 : Player #0 <eXp> RageBlack (109.197.175.165:5302) connected
﻿18:02:35 : Player #0 <eXp> RageBlack - GUID: b53b5f841d453f2f399fd1611f42baa9 (unverified)
﻿18:02:36 : Player #0 <eXp> RageBlack - Legacy GUID: 7e7d7c1411e75013c2937f26c0f17fa6
﻿18:02:36 : Verified GUID (b53b5f841d453f2f399fd1611f42baa9) of player #0 <eXp> RageBlack
﻿18:03:17 : Player #1 <eXp> RafcioZG (89.67.63.218:5302) connected
﻿18:03:18 : Player #1 <eXp> RafcioZG - GUID: 02ed733403835a8a8517265415d84023 (unverified)
﻿18:03:19 : Player #1 <eXp> RafcioZG - Legacy GUID: c9c653dd820194488bd099e2b5e7f454
﻿18:03:20 : Verified GUID (02ed733403835a8a8517265415d84023) of player #1 <eXp> RafcioZG
﻿18:04:49 : Player #12 Romeo Waffle (62.30.122.94:5302) connected
﻿18:04:50 : Player #12 Romeo Waffle - GUID: c9e4ebfc873ff7b6c8c7c43715f9f4b9 (unverified)
﻿18:04:51 : Player #12 Romeo Waffle - Legacy GUID: 39c7e50395557b2fce1372d07d6fdbe1
﻿18:04:51 : Verified GUID (c9e4ebfc873ff7b6c8c7c43715f9f4b9) of player #12 Romeo Waffle
﻿18:04:59 : Player #10 DirtyAlex (6b1dfa10bdfb55bf5607214e66110e76) has been kicked by BattlEye: PublicVariable Restriction #24
﻿18:05:56 : Player #2 Collin disconnected
﻿18:06:28 : Player #2 DirtyAlex (5.141.195.206:62978) connected
﻿18:06:29 : Player #2 DirtyAlex - GUID: 6b1dfa10bdfb55bf5607214e66110e76 (unverified)
﻿18:06:30 : Verified GUID (6b1dfa10bdfb55bf5607214e66110e76) of player #2 DirtyAlex
﻿18:06:30 : Player #2 DirtyAlex - Legacy GUID: 62b15f1e4392515f31021bca6b2b5d03
﻿18:09:17 : Player #10 Twanyboy (84.85.14.155:5302) connected
﻿18:09:18 : Player #10 Twanyboy - GUID: 26b615b5faf4e4f802f8e02b51784844 (unverified)
﻿18:09:19 : Player #10 Twanyboy - Legacy GUID: 51fcb21cf28305cbb5cd78bdddcb1077
﻿18:09:19 : Verified GUID (26b615b5faf4e4f802f8e02b51784844) of player #10 Twanyboy
﻿18:09:42 : RCon admin #4: (Global) Admins: LWB, Sierra and Turmoil
﻿18:09:50 : Player #4 <eXp> CziQita disconnected
﻿18:10:00 : Player #4 Spencer (49.146.35.53:6739) connected
﻿18:10:02 : Player #4 Spencer - GUID: a3f0db66aeaebc3bdc91428b21f9dc4e (unverified)
﻿18:10:02 : Player #4 Spencer - Legacy GUID: d8a846d7d6b25dc3e90cb709a55156e0
﻿18:10:03 : Verified GUID (a3f0db66aeaebc3bdc91428b21f9dc4e) of player #4 Spencer
﻿18:11:06 : Player #20 <eXp> CziQita (85.202.152.128:5302) connected
﻿18:11:08 : Player #20 <eXp> CziQita - GUID: 032d6e70df3d067624c52f7be2b9f7a4 (unverified)
﻿18:11:08 : Player #20 <eXp> CziQita - Legacy GUID: 5fe66ce3f47a21b2db2c180c820374dd
﻿18:11:09 : Verified GUID (032d6e70df3d067624c52f7be2b9f7a4) of player #20 <eXp> CziQita
﻿18:11:34 : Player #4 Spencer (a3f0db66aeaebc3bdc91428b21f9dc4e) has been kicked by BattlEye: Ping too high (407)
﻿18:13:04 : Player #4 Bas (94.212.140.181:5302) connected
﻿18:13:06 : Player #4 Bas - GUID: e5266206deb08670291dc1d9f9d8e529 (unverified)
﻿18:13:06 : Player #4 Bas - Legacy GUID: 12da0e08f7ea30016951486cf50de32b
﻿18:13:07 : Verified GUID (e5266206deb08670291dc1d9f9d8e529) of player #4 Bas
﻿18:13:15 : Player #24 lukeredfearn (109.246.2.210:5302) connected
﻿18:13:17 : Player #24 lukeredfearn - GUID: 848d9de78cc2e68001c444852b7cba2e (unverified)
﻿18:13:17 : Player #24 lukeredfearn - Legacy GUID: 14986a55bf4c03853706ca4e2bb06a70
﻿18:13:18 : Verified GUID (848d9de78cc2e68001c444852b7cba2e) of player #24 lukeredfearn
﻿18:14:38 : Player #25 Rumple (86.163.225.142:2324) connected
﻿18:14:39 : Player #25 Rumple - GUID: 6b4e2d4dee1ba25c37397f61086d849f (unverified)
﻿18:14:40 : Verified GUID (6b4e2d4dee1ba25c37397f61086d849f) of player #25 Rumple
﻿18:14:40 : Player #25 Rumple - Legacy GUID: c02996bbbf5b100277526e50930f9b51
﻿18:16:12 : Player #26 Spencer (49.146.35.53:7049) connected
﻿18:16:15 : Player #26 Spencer - GUID: a3f0db66aeaebc3bdc91428b21f9dc4e (unverified)
﻿18:16:16 : Verified GUID (a3f0db66aeaebc3bdc91428b21f9dc4e) of player #26 Spencer
﻿18:16:17 : Player #26 Spencer - Legacy GUID: d8a846d7d6b25dc3e90cb709a55156e0
﻿18:16:34 : Player #4 Bas disconnected
﻿18:17:07 : Player #26 Spencer (a3f0db66aeaebc3bdc91428b21f9dc4e) has been kicked by BattlEye: Ping too high (328)
﻿18:17:12 : Player #4 Collin (8.42.226.20:5302) connected
﻿18:17:23 : Player #4 Collin - GUID: 784fd49f7059430f8b01bbf2eaacdbb2 (unverified)
﻿18:17:24 : Verified GUID (784fd49f7059430f8b01bbf2eaacdbb2) of player #4 Collin
﻿18:17:31 : Player #4 Collin - Legacy GUID: afc19a0857d8d96001c83cf784fccbad
﻿18:18:06 : RCon admin #5 (86.131.103.232:58694) logged in
﻿18:18:31 : Player #26 Tobias (104.238.167.20:59710) connected
﻿18:18:33 : Player #26 Tobias - GUID: 296bfe70ae0927ea00d74c2b0e750323 (unverified)
﻿18:18:34 : Player #26 Tobias - Legacy GUID: 81048680e86cb326bda7001224eafd67
﻿18:18:34 : Verified GUID (296bfe70ae0927ea00d74c2b0e750323) of player #26 Tobias
﻿18:18:46 : Player #27 SEN ONE (99.109.93.28:5302) connected
﻿18:18:48 : Player #27 SEN ONE - GUID: e2ff22d2684d500cb28117a914a3e614 (unverified)
﻿18:18:49 : Verified GUID (e2ff22d2684d500cb28117a914a3e614) of player #27 SEN ONE
﻿18:18:50 : Player #27 SEN ONE - Legacy GUID: ea9613e4e7f55895ce807e57e548c240
﻿18:19:36 : Player #26 Tobias disconnected
﻿18:19:53 : Player #4 Collin (784fd49f7059430f8b01bbf2eaacdbb2) has been kicked by BattlEye: CreateVehicle Restriction #1
﻿18:20:58 : Player #27 SEN ONE disconnected
﻿18:21:15 : Player #10 Twanyboy disconnected
﻿18:21:54 : Player #4 Twanyboy (84.85.14.155:5302) connected
﻿18:21:55 : Player #4 Twanyboy - GUID: 26b615b5faf4e4f802f8e02b51784844 (unverified)
﻿18:21:56 : Verified GUID (26b615b5faf4e4f802f8e02b51784844) of player #4 Twanyboy
﻿18:21:56 : Player #4 Twanyboy - Legacy GUID: 51fcb21cf28305cbb5cd78bdddcb1077
﻿18:22:36 : Player #10 SEN ONE (99.109.93.28:5302) connected
﻿18:22:43 : Player #10 SEN ONE - GUID: e2ff22d2684d500cb28117a914a3e614 (unverified)
﻿18:22:44 : Verified GUID (e2ff22d2684d500cb28117a914a3e614) of player #10 SEN ONE
﻿18:22:44 : Player #10 SEN ONE - Legacy GUID: ea9613e4e7f55895ce807e57e548c240
﻿18:22:46 : Player #10 SEN ONE - Legacy GUID: ea9613e4e7f55895ce807e57e548c240
﻿18:22:56 : Player #26 angelovoorjans (84.194.53.181:5302) connected
﻿18:22:57 : Player #26 angelovoorjans - GUID: cf15cb8aac0f2065e9c02bcd97df91cd (unverified)
﻿18:22:57 : Verified GUID (cf15cb8aac0f2065e9c02bcd97df91cd) of player #26 angelovoorjans
﻿18:22:58 : Player #26 angelovoorjans - Legacy GUID: 162f0d5e418ee7850f1d7d1db8f59a71
﻿18:23:15 : Player #10 SEN ONE disconnected
﻿18:23:42 : RCon admin #4: (Global) BASES MUST BE MAINTAINED VIA THE PLOT POLE EVERY 7 DAYS!!
﻿18:26:07 : Player #10 LWB [SD] (86.131.103.232:1024) connected
﻿18:26:09 : Player #10 LWB [SD] - GUID: bc07c7c39c76cf95a7a434d686d9df66 (unverified)
﻿18:26:10 : Player #10 LWB [SD] - Legacy GUID: 977383e15b6c706cac44ca953ba440c7
﻿18:26:10 : Verified GUID (bc07c7c39c76cf95a7a434d686d9df66) of player #10 LWB [SD]
﻿18:27:01 : Player #27 SEN ONE (99.109.93.28:5302) connected
﻿18:27:02 : Player #28 Collin (8.42.226.20:5302) connected
﻿18:27:03 : Player #28 Collin - GUID: 784fd49f7059430f8b01bbf2eaacdbb2 (unverified)
﻿18:27:04 : Player #27 SEN ONE - GUID: e2ff22d2684d500cb28117a914a3e614 (unverified)
﻿18:27:04 : Verified GUID (784fd49f7059430f8b01bbf2eaacdbb2) of player #28 Collin
﻿18:27:05 : Player #28 Collin - Legacy GUID: afc19a0857d8d96001c83cf784fccbad
﻿18:27:05 : Verified GUID (e2ff22d2684d500cb28117a914a3e614) of player #27 SEN ONE
﻿18:27:06 : Player #27 SEN ONE - Legacy GUID: ea9613e4e7f55895ce807e57e548c240
﻿18:27:08 : RCon admin #3: (Global) Turmoil: Yes?
﻿18:28:42 : RCon admin #4: (Global) Vehicles left in trader zones at restarts will be moved to the vehicle pound and unlocked
﻿18:28:45 : RCon admin #3: (Global) Turmoil: Twan, if a glitch happen several times after eachother or your glitched inside something for a period of time you will automatically get killed
﻿18:29:07 : RCon admin #3: (Global) Turmoil: this to try and avoid that people glitch into bases
﻿18:29:19 : Player #26 angelovoorjans disconnected
﻿18:29:21 : Player #4 Twanyboy disconnected
﻿18:29:52 : Player #4 Tobias (104.238.167.20:59710) connected
﻿18:29:54 : Player #4 Tobias - GUID: 296bfe70ae0927ea00d74c2b0e750323 (unverified)
﻿18:29:54 : Player #4 Tobias - Legacy GUID: 81048680e86cb326bda7001224eafd67
﻿18:29:55 : Verified GUID (296bfe70ae0927ea00d74c2b0e750323) of player #4 Tobias
﻿18:29:56 : Player #26 Twanyboy (84.85.14.155:5302) connected
﻿18:29:57 : Player #26 Twanyboy - GUID: 26b615b5faf4e4f802f8e02b51784844 (unverified)
﻿18:29:58 : Player #26 Twanyboy - Legacy GUID: 51fcb21cf28305cbb5cd78bdddcb1077
﻿18:29:58 : Verified GUID (26b615b5faf4e4f802f8e02b51784844) of player #26 Twanyboy
﻿18:31:00 : Player #4 Tobias disconnected
﻿18:31:55 : Player #14 Iubita mea disconnected
﻿18:34:44 : Player #26 Twanyboy disconnected
﻿18:35:13 : Player #4 Turmoil (88.88.19.46:2304) connected
﻿18:35:14 : Player #4 Turmoil - GUID: 078d3175e22fad797d9a152aaaa83806 (unverified)
﻿18:35:14 : Player #4 Turmoil - Legacy GUID: 153330a3c1eb9ccf7092e322ab07ebb0
﻿18:35:15 : Verified GUID (078d3175e22fad797d9a152aaaa83806) of player #4 Turmoil
﻿18:35:55 : Player #18 LYD disconnected
﻿18:36:28 : Player #7 Josh disconnected
﻿18:36:41 : Player #7 Iubita mea (79.114.70.54:27242) connected
﻿18:36:42 : Player #7 Iubita mea - GUID: 3a3d8f0911cf25957409e148d0b7bc7a (unverified)
﻿18:36:43 : Player #7 Iubita mea - Legacy GUID: ba33b5127ba31623dfc8c5bd9c309f2b
﻿18:36:43 : Verified GUID (3a3d8f0911cf25957409e148d0b7bc7a) of player #7 Iubita mea
﻿18:38:20 : Player #14 [LADZ] Katyusha (176.61.29.218:5302) connected
﻿18:38:22 : Player #14 [LADZ] Katyusha - GUID: 87fb697cc623659095691d6898f31439 (unverified)
﻿18:38:23 : Player #14 [LADZ] Katyusha - Legacy GUID: e4874deaf63fdaa097701e26342c8dfd
﻿18:38:23 : Verified GUID (87fb697cc623659095691d6898f31439) of player #14 [LADZ] Katyusha
﻿18:39:38 : Player #9 Baatezu disconnected
﻿18:39:42 : RCon admin #4: (Global) Admins: LWB, Sierra and Turmoil
﻿18:41:20 : Player #14 [LADZ] Katyusha disconnected
﻿18:43:14 : Player #28 Collin disconnected
﻿18:43:15 : Player #9 Castie (88.95.90.8:5302) connected
﻿18:43:17 : Player #9 Castie - GUID: 63ca1226380bef5393c4438957b72a57 (unverified)
﻿18:43:17 : Player #9 Castie - Legacy GUID: d3684299c1b135311c3e6f220e299be0
﻿18:43:17 : Verified GUID (63ca1226380bef5393c4438957b72a57) of player #9 Castie
﻿18:45:44 : Player #14 Collin (8.42.226.20:5302) connected
﻿18:45:46 : Player #14 Collin - GUID: 784fd49f7059430f8b01bbf2eaacdbb2 (unverified)
﻿18:45:47 : Player #14 Collin - Legacy GUID: afc19a0857d8d96001c83cf784fccbad
﻿18:45:47 : Verified GUID (784fd49f7059430f8b01bbf2eaacdbb2) of player #14 Collin
﻿18:50:48 : Player #8 Szosti disconnected
﻿18:52:52 : Player #8 Baatezu (46.30.166.166:5302) connected
﻿18:52:54 : Player #8 Baatezu - GUID: 84bee7310c50e98d236a2952902fb2f8 (unverified)
﻿18:52:54 : Player #8 Baatezu - Legacy GUID: 012fd47e57492c12bf6db993c3fd12df
﻿18:52:55 : Verified GUID (84bee7310c50e98d236a2952902fb2f8) of player #8 Baatezu
﻿18:53:42 : RCon admin #4: (Global) BASES MUST BE MAINTAINED VIA THE PLOT POLE EVERY 7 DAYS!!
﻿18:54:16 : Player #11 borys disconnected
﻿18:58:42 : RCon admin #4: (Global) Vehicles left in trader zones at restarts will be moved to the vehicle pound and unlocked
﻿18:59:22 : Player #11 Pula Mea (84.117.236.125:5302) connected
﻿18:59:24 : Player #11 Pula Mea - GUID: 1e333b45339eedc1eec4a80e3da2929f (unverified)
﻿18:59:25 : Player #11 Pula Mea - Legacy GUID: f8e811f1da90183d6b83ffbc3d87f24a
﻿18:59:25 : Verified GUID (1e333b45339eedc1eec4a80e3da2929f) of player #11 Pula Mea
﻿18:59:52 : Player #18 ScubaSteve (108.172.220.46:5302) connected
﻿18:59:54 : Player #18 ScubaSteve - Legacy GUID: f075b5fa3ae4d0d09fe4479dfa23f2e3
﻿18:59:54 : Player #18 ScubaSteve (-) has been kicked by BattlEye: Global Ban #f075b5
﻿19:00:20 : RCon admin #0 (86.131.103.232:52244) logged in
﻿19:03:33 : Player #18 Austin (134.114.223.253:5302) connected
﻿19:03:36 : Player #18 Austin - GUID: 177d359ccb776f8079dab1e1313481fe (unverified)
﻿19:03:37 : Verified GUID (177d359ccb776f8079dab1e1313481fe) of player #18 Austin
﻿19:03:38 : Player #18 Austin - Legacy GUID: d8776f9840c5a676984069e6601b1d8b
﻿19:04:06 : Player #26 Kasutaja (85.29.242.206:5302) connected
﻿19:04:07 : Player #26 Kasutaja - GUID: 9261a78a3d968114a7f9ece543f61f77 (unverified)
﻿19:04:08 : Verified GUID (9261a78a3d968114a7f9ece543f61f77) of player #26 Kasutaja
﻿19:04:08 : Player #26 Kasutaja - Legacy GUID: 093bd01a0df3f997e73e1e16155c3935
﻿19:05:31 : Player #16 Dont touch my Tralala disconnected
﻿19:05:32 : Player #15 Blue Madick disconnected
﻿19:06:44 : RCon admin #5 (86.131.103.232:59600) logged in
﻿19:09:05 : Player #10 LWB [SD] disconnected
﻿19:09:42 : RCon admin #4: (Global) Admins: LWB, Sierra and Turmoil
﻿19:10:05 : Player #13 stken disconnected
﻿19:10:42 : Player #26 Kasutaja disconnected
﻿19:11:34 : Player #2 DirtyAlex disconnected
﻿19:23:42 : RCon admin #4: (Global) BASES MUST BE MAINTAINED VIA THE PLOT POLE EVERY 7 DAYS!!
﻿19:26:22 : Player #4 Turmoil disconnected
﻿19:27:14 : RCon admin #0 (86.131.103.232:54511) logged in
﻿19:27:16 : Player #2 Havabanga (109.86.107.249:5302) connected
﻿19:27:17 : Player #2 Havabanga - GUID: d572c422f2c5f5b3344cb238dea0201c (unverified)
﻿19:27:18 : Verified GUID (d572c422f2c5f5b3344cb238dea0201c) of player #2 Havabanga
﻿19:27:18 : Player #2 Havabanga - Legacy GUID: f1a37b7134cd09a9c6d47c4d870e2f67
﻿19:27:39 : RCon admin #5 (86.131.103.232:54980) logged in
﻿19:27:39 : RCon admin #6 (88.88.19.46:63199) logged in
﻿19:27:51 : RCon admin #5: (Global) LWB: Whats up?
﻿19:28:12 : Player #4 crackmansion (37.139.97.107:5302) connected
﻿19:28:12 : Player #4 crackmansion - GUID: 3f4e3cd19e2c5fa1c392c47c68683ac8 (unverified)
﻿19:28:12 : Verified GUID (3f4e3cd19e2c5fa1c392c47c68683ac8) of player #4 crackmansion
﻿19:28:13 : Player #4 crackmansion - Legacy GUID: a1a76fb6f2c6c555a9d6c5728cfcae35
﻿19:28:43 : RCon admin #4: (Global) Vehicles left in trader zones at restarts will be moved to the vehicle pound and unlocked
﻿19:29:09 : RCon admin #2 (86.131.103.232:50728) logged in
﻿19:29:25 : Player #0 <eXp> RageBlack disconnected
﻿19:29:48 : RCon admin #1 (86.131.103.232:58883) logged in
﻿19:30:00 : RCon admin #5: (Global) LWB: No they arent, rules are on website or TS
﻿19:34:09 : RCon admin #0 (86.131.103.232:57897) logged in
﻿19:34:11 : Player #24 lukeredfearn disconnected
﻿19:34:43 : RCon admin #4: (Global) Server will restart in 10 minutes
﻿19:36:04 : RCon admin #3 (86.131.103.232:49406) logged in
﻿19:36:13 : Player #17 Raul disconnected
﻿19:36:45 : Player #19 bunny wabbit disconnected
﻿19:37:51 : Player #4 crackmansion disconnected
﻿19:39:17 : Player #3 Colonel disconnected
﻿19:39:42 : RCon admin #4: (Global) Admins: LWB, Sierra and Turmoil
﻿19:39:42 : RCon admin #4: (Global) Server will restart in 5 minutes: Prepare to Logout
﻿19:40:19 : Player #25 Rumple disconnected
﻿19:40:22 : Player #11 Pula Mea disconnected
﻿19:41:01 : RCon admin #1 (88.88.19.46:54932) logged in
﻿19:41:03 : Player #7 Iubita mea disconnected
﻿19:41:12 : Player #9 Castie disconnected
﻿19:41:21 : Player #12 Romeo Waffle disconnected
﻿19:41:45 : RCon admin #5 (86.131.103.232:64081) logged in
﻿19:42:26 : Player #20 <eXp> CziQita disconnected
﻿19:42:28 : Player #1 <eXp> RafcioZG disconnected
﻿19:42:31 : Player #6 BlackBeard disconnected
﻿19:42:37 : Player #5 <eXp> Gruby disconnected
﻿19:42:42 : RCon admin #4: (Global) The Server is about to restart. LOG OUT NOW OR YOUR GEAR MAY BE LOST!!
﻿19:43:14 : Player #14 Collin disconnected
﻿19:43:18 : Player #21 BadComedian disconnected
﻿19:43:19 : Player #8 Baatezu disconnected
﻿19:43:30 : Player #2 Havabanga disconnected
﻿19:43:55 : Player #18 Austin disconnected
﻿19:44:02 : Player #27 SEN ONE disconnected
﻿19:44:12 : RCon admin #4: (Global) YOU SHOULD BE LOGGED OUT BY NOW! IF YOU ARENT YOU WILL BE AUTO KICKED AND YOUR GEAR MAY BE LOST! NO REFUNDS!
﻿19:45:15 : Rcon client logging in
﻿19:45:15 : RCon admin #4 (78.31.67.100:65284) logged in
﻿19:45:22 : Player #0 Collin - GUID: 784fd49f7059430f8b01bbf2eaacdbb2 (unverified)
﻿19:45:22 : Verified GUID (784fd49f7059430f8b01bbf2eaacdbb2) of player #0 Collin
﻿19:45:23 : Player #0 Collin - Legacy GUID: afc19a0857d8d96001c83cf784fccbad
﻿19:45:38 : Player #2 Baatezu (46.30.166.166:5302) connected
﻿19:45:39 : Player #2 Baatezu - GUID: 84bee7310c50e98d236a2952902fb2f8 (unverified)
﻿19:45:40 : Verified GUID (84bee7310c50e98d236a2952902fb2f8) of player #2 Baatezu
﻿19:45:40 : Player #2 Baatezu - Legacy GUID: 012fd47e57492c12bf6db993c3fd12df
﻿19:46:01 : Player #3 BlackBeard (176.100.15.176:5302) connected
﻿19:46:03 : Player #3 BlackBeard - GUID: 735fb34b6d4ecf5116edd6b4588946f4 (unverified)
﻿19:46:03 : Verified GUID (735fb34b6d4ecf5116edd6b4588946f4) of player #3 BlackBeard
﻿19:46:03 : Player #3 BlackBeard - Legacy GUID: cdddcce88dbd9e0a19fc23a371b34032
﻿19:46:09 : Player #4 Havabanga (109.86.107.249:5302) connected
﻿19:46:10 : Player #4 Havabanga - GUID: d572c422f2c5f5b3344cb238dea0201c (unverified)
﻿19:46:10 : Verified GUID (d572c422f2c5f5b3344cb238dea0201c) of player #4 Havabanga
﻿19:46:11 : Player #4 Havabanga - Legacy GUID: f1a37b7134cd09a9c6d47c4d870e2f67
﻿19:46:16 : Player #5 LWB [SD] (86.131.103.232:1024) connected
﻿19:46:18 : Player #5 LWB [SD] - GUID: bc07c7c39c76cf95a7a434d686d9df66 (unverified)
﻿19:46:18 : Verified GUID (bc07c7c39c76cf95a7a434d686d9df66) of player #5 LWB [SD]
﻿19:46:18 : Player #5 LWB [SD] - Legacy GUID: 977383e15b6c706cac44ca953ba440c7
﻿19:46:53 : Player #6 VertDider (185.16.28.94:5302) connected
﻿19:46:54 : Player #6 VertDider - GUID: b9a3fbbc38891c72d9ce18890c2c1a09 (unverified)
﻿19:46:55 : Verified GUID (b9a3fbbc38891c72d9ce18890c2c1a09) of player #6 VertDider
﻿19:46:55 : Player #6 VertDider - Legacy GUID: 61f1481e58ca9d1601d90add4d9a4f34
﻿19:47:41 : Player #7 Colonel (93.127.91.114:2304) connected
﻿19:47:42 : Player #7 Colonel - GUID: ce9f8f5b44984f2bfd94fb70ccfee3fa (unverified)
﻿19:47:42 : Verified GUID (ce9f8f5b44984f2bfd94fb70ccfee3fa) of player #7 Colonel
﻿19:47:43 : Player #7 Colonel - Legacy GUID: a3900a5b2d638dd05ef2b5a9be59e07c
﻿19:47:55 : Player #8 SEN ONE (99.109.93.28:5302) connected
﻿19:47:56 : Player #9 BadComedian (109.110.66.112:5302) connected
﻿19:47:57 : Player #8 SEN ONE - GUID: e2ff22d2684d500cb28117a914a3e614 (unverified)
﻿19:47:57 : Player #8 SEN ONE - Legacy GUID: ea9613e4e7f55895ce807e57e548c240
﻿19:47:57 : Verified GUID (e2ff22d2684d500cb28117a914a3e614) of player #8 SEN ONE
﻿19:47:58 : Player #9 BadComedian - GUID: 0e8ad19b563623e4bca1d34d30929edc (unverified)
﻿19:47:58 : Verified GUID (0e8ad19b563623e4bca1d34d30929edc) of player #9 BadComedian
﻿19:47:58 : Player #9 BadComedian - Legacy GUID: 3c09f089daabae1a2d1c23ca13a82464
﻿19:48:02 : Player #10 Raul (90.63.219.143:5302) connected
﻿19:48:03 : Player #10 Raul - GUID: 8dd881b5c2f3367a8681f315451a01dc (unverified)
﻿19:48:04 : Verified GUID (8dd881b5c2f3367a8681f315451a01dc) of player #10 Raul
﻿19:48:04 : Player #10 Raul - Legacy GUID: 1bca79cc9304afb613023bfe878525ae
﻿19:48:09 : Player #1 Austin disconnected
﻿19:49:27 : Player #1 Pula Mea (84.117.236.125:5302) connected
﻿19:49:28 : Player #1 Pula Mea - GUID: 3a3d8f0911cf25957409e148d0b7bc7a (unverified)
﻿19:49:28 : Verified GUID (3a3d8f0911cf25957409e148d0b7bc7a) of player #1 Pula Mea
﻿19:49:29 : Player #1 Pula Mea - Legacy GUID: ba33b5127ba31623dfc8c5bd9c309f2b
﻿19:49:33 : Player #11 <eXp> Gruby (83.5.183.174:5302) connected
﻿19:49:34 : Player #11 <eXp> Gruby - GUID: 7f82c53f48899ff2fd5b9489f8d17fb8 (unverified)
﻿19:49:35 : Verified GUID (7f82c53f48899ff2fd5b9489f8d17fb8) of player #11 <eXp> Gruby
﻿19:49:35 : Player #11 <eXp> Gruby - Legacy GUID: 61f8d59b40d145e9e0934b15ea495703
﻿19:49:36 : Player #12 StrAyF3R (91.206.155.2:5302) connected
﻿19:49:37 : Player #12 StrAyF3R - GUID: 799e4bc7f4306d124700a6c97f06a906 (unverified)
﻿19:49:38 : Verified GUID (799e4bc7f4306d124700a6c97f06a906) of player #12 StrAyF3R
﻿19:49:38 : Player #12 StrAyF3R - Owner GUID: 305db7d5147ccd92fee57cd96435b342
﻿19:49:38 : Player #12 StrAyF3R - Legacy GUID: bf87d1f3a186906890e10ac2ed7972c3
﻿19:49:51 : Player #13 Robert (83.4.54.109:5302) connected
﻿19:49:53 : Player #13 Robert - GUID: 307b1eaf7951863c34adb1980824e975 (unverified)
﻿19:49:53 : Player #13 Robert - Legacy GUID: 4c1f08c54d32d7b59a5c79c4e854fa09
﻿19:49:53 : Verified GUID (307b1eaf7951863c34adb1980824e975) of player #13 Robert
﻿19:53:24 : Player #14 <eXp> RageBlack (109.197.175.165:5302) connected
﻿19:53:25 : Player #14 <eXp> RageBlack - GUID: b53b5f841d453f2f399fd1611f42baa9 (unverified)
﻿19:53:25 : Verified GUID (b53b5f841d453f2f399fd1611f42baa9) of player #14 <eXp> RageBlack
﻿19:53:26 : Player #14 <eXp> RageBlack - Legacy GUID: 7e7d7c1411e75013c2937f26c0f17fa6
﻿19:55:31 : Player #15 <eXp> CziQita (85.202.152.128:5302) connected
﻿19:55:33 : Player #15 <eXp> CziQita - GUID: 032d6e70df3d067624c52f7be2b9f7a4 (unverified)
﻿19:55:33 : Verified GUID (032d6e70df3d067624c52f7be2b9f7a4) of player #15 <eXp> CziQita
﻿19:55:33 : Player #15 <eXp> CziQita - Legacy GUID: 5fe66ce3f47a21b2db2c180c820374dd
﻿19:57:44 : Player #16 Romeo Waffle (62.30.122.94:5302) connected
﻿19:57:45 : Player #16 Romeo Waffle - GUID: c9e4ebfc873ff7b6c8c7c43715f9f4b9 (unverified)
﻿19:57:46 : Verified GUID (c9e4ebfc873ff7b6c8c7c43715f9f4b9) of player #16 Romeo Waffle
﻿19:57:46 : Player #16 Romeo Waffle - Legacy GUID: 39c7e50395557b2fce1372d07d6fdbe1
﻿19:58:15 : Player #17 Castie (88.95.90.8:5302) connected
﻿19:58:16 : Player #17 Castie - GUID: 63ca1226380bef5393c4438957b72a57 (unverified)
﻿19:58:17 : Verified GUID (63ca1226380bef5393c4438957b72a57) of player #17 Castie
﻿19:58:17 : Player #17 Castie - Legacy GUID: d3684299c1b135311c3e6f220e299be0
﻿19:58:43 : RCon admin #5 (86.131.103.232:63469) logged in
﻿19:58:44 : Player #18 Rumple (86.163.225.142:5302) connected
﻿19:58:45 : Player #18 Rumple - GUID: 6b4e2d4dee1ba25c37397f61086d849f (unverified)
﻿19:58:46 : Player #18 Rumple - Legacy GUID: c02996bbbf5b100277526e50930f9b51
﻿19:58:46 : Verified GUID (6b4e2d4dee1ba25c37397f61086d849f) of player #18 Rumple
﻿19:59:15 : RCon admin #4: (Global) Vehicles left in trader zones at restarts will be moved to the vehicle pound and unlocked
﻿19:59:39 : Player #19 <eXp> RafcioZG (89.67.63.218:5302) connected
﻿19:59:41 : Player #19 <eXp> RafcioZG - GUID: 02ed733403835a8a8517265415d84023 (unverified)
﻿19:59:41 : Verified GUID (02ed733403835a8a8517265415d84023) of player #19 <eXp> RafcioZG
﻿19:59:41 : Player #19 <eXp> RafcioZG - Legacy GUID: c9c653dd820194488bd099e2b5e7f454
﻿20:05:00 : RCon admin #3 (86.131.103.232:52318) logged in
﻿20:09:12 : Player #20 AngelKate (81.90.168.47:5302) connected
﻿20:09:13 : Player #20 AngelKate - GUID: 4702812b2acd10fba3af830c5ad1ed39 (unverified)
﻿20:09:14 : Player #20 AngelKate - Legacy GUID: c7f8d190f99dd8ccd338db62911ea51f
﻿20:09:14 : Verified GUID (4702812b2acd10fba3af830c5ad1ed39) of player #20 AngelKate
﻿20:10:15 : RCon admin #4: (Global) Admins: LWB, Sierra and Turmoil
﻿20:11:06 : Player #20 AngelKate disconnected
﻿20:13:50 : Player #0 Collin disconnected
﻿20:16:16 : Player #8 SEN ONE disconnected
﻿20:17:00 : Player #0 Legaon (188.2.223.254:5302) connected
﻿20:17:02 : Player #0 Legaon - GUID: c2c71e612cd7909a44f3a4e7ce6ec14c (unverified)
﻿20:17:02 : Player #0 Legaon - Legacy GUID: 094c188ebbc08c5303f774346ce004e5
﻿20:17:03 : Verified GUID (c2c71e612cd7909a44f3a4e7ce6ec14c) of player #0 Legaon
﻿20:17:17 : Player #6 VertDider disconnected
﻿20:21:17 : Player #6 peacer (73.79.170.148:5302) connected
﻿20:21:18 : Player #6 peacer - GUID: 04b6a458a2ae63a1ba2115e0c0e8c866 (unverified)
﻿20:21:19 : Verified GUID (04b6a458a2ae63a1ba2115e0c0e8c866) of player #6 peacer
﻿20:21:19 : Player #6 peacer - Legacy GUID: ac6fbb736a86cbdf538cc6035b7aaa0a
﻿20:22:08 : Player #8 Zach (173.81.176.136:5302) connected
﻿20:22:09 : Player #8 Zach - GUID: 671a2a19d48dda4e088a1acb471b4809 (unverified)
﻿20:22:10 : Player #8 Zach - Legacy GUID: 109fa369d421245773fa8202b3b8a0e1
﻿20:22:10 : Verified GUID (671a2a19d48dda4e088a1acb471b4809) of player #8 Zach
﻿20:24:16 : RCon admin #4: (Global) BASES MUST BE MAINTAINED VIA THE PLOT POLE EVERY 7 DAYS!!
﻿20:29:16 : RCon admin #4: (Global) Vehicles left in trader zones at restarts will be moved to the vehicle pound and unlocked
﻿20:33:57 : Player #8 Zach disconnected
﻿20:35:14 : Player #8 BPX_D (71.94.65.132:5302) connected
﻿20:35:16 : Player #8 BPX_D - GUID: dc0d2a81cf1f0482bb61a85bb1431b29 (unverified)
﻿20:35:16 : Verified GUID (dc0d2a81cf1f0482bb61a85bb1431b29) of player #8 BPX_D
﻿20:35:17 : Player #8 BPX_D - Legacy GUID: 330e389de73d8e0c83000535c800477f
﻿20:36:02 : Player #20 MoPiJIkA (109.86.107.249:1024) connected
﻿20:36:04 : Player #20 MoPiJIkA - GUID: ece6e40088ac657f7310ff9c71e8e5ff (unverified)
﻿20:36:04 : Verified GUID (ece6e40088ac657f7310ff9c71e8e5ff) of player #20 MoPiJIkA
﻿20:36:04 : Player #20 MoPiJIkA - Legacy GUID: 562cebc6ce7e2521437c69e2fe8a504c
﻿20:38:15 : Player #21 ScubaSteve (108.172.220.46:5302) connected
﻿20:38:16 : Player #21 ScubaSteve - GUID: a62178c9a7350b501be47072186377f1 (unverified)
﻿20:38:17 : Verified GUID (a62178c9a7350b501be47072186377f1) of player #21 ScubaSteve
﻿20:38:17 : Player #21 ScubaSteve - Legacy GUID: 82db0c43aaf89eae63103a923a492116
﻿20:40:02 : RCon admin #1 (86.131.103.232:49978) logged in
﻿20:40:16 : RCon admin #4: (Global) Admins: LWB, Sierra and Turmoil
﻿20:42:10 : Player #21 ScubaSteve (a62178c9a7350b501be47072186377f1) has been kicked by BattlEye: Ping too high (453)
﻿20:45:02 : Player #6 peacer disconnected
﻿20:46:58 : Player #12 StrAyF3R disconnected
﻿20:47:54 : Player #9 BadComedian disconnected
﻿20:48:23 : Player #20 MoPiJIkA disconnected
﻿20:49:18 : Player #6 MoPiJIkA (109.86.107.249:1024) connected
﻿20:49:19 : Player #6 MoPiJIkA - GUID: ece6e40088ac657f7310ff9c71e8e5ff (unverified)
﻿20:49:20 : Player #6 MoPiJIkA - Legacy GUID: 562cebc6ce7e2521437c69e2fe8a504c
﻿20:49:20 : Verified GUID (ece6e40088ac657f7310ff9c71e8e5ff) of player #6 MoPiJIkA
﻿20:49:34 : Player #8 BPX_D disconnected
﻿20:54:16 : RCon admin #4: (Global) BASES MUST BE MAINTAINED VIA THE PLOT POLE EVERY 7 DAYS!!
﻿20:54:52 : Player #3 BlackBeard disconnected
﻿20:56:25 : Player #3 William (68.114.141.166:5302) connected
﻿20:56:26 : Player #3 William - GUID: 8309777f4e0f08c727a00572645aad9d (unverified)
﻿20:56:27 : Player #3 William - Legacy GUID: c96a14702ce04ea54316d90f5dbdf247
﻿20:56:27 : Verified GUID (8309777f4e0f08c727a00572645aad9d) of player #3 William
﻿20:59:15 : RCon admin #4: (Global) Vehicles left in trader zones at restarts will be moved to the vehicle pound and unlocked
﻿21:02:04 : Player #8 SEN ONE (99.109.93.28:5302) connected
﻿21:02:05 : Player #8 SEN ONE - GUID: e2ff22d2684d500cb28117a914a3e614 (unverified)
﻿21:02:06 : Verified GUID (e2ff22d2684d500cb28117a914a3e614) of player #8 SEN ONE
﻿21:02:06 : Player #8 SEN ONE - Legacy GUID: ea9613e4e7f55895ce807e57e548c240
﻿21:03:14 : Player #13 Robert disconnected
﻿21:04:40 : Player #9 Collin (8.42.226.20:5302) connected
﻿21:04:41 : Player #9 Collin - GUID: 784fd49f7059430f8b01bbf2eaacdbb2 (unverified)
﻿21:04:42 : Verified GUID (784fd49f7059430f8b01bbf2eaacdbb2) of player #9 Collin
﻿21:04:42 : Player #9 Collin - Legacy GUID: afc19a0857d8d96001c83cf784fccbad
﻿21:05:15 : Player #12 StrAyF3R (91.206.155.2:5302) connected
﻿21:05:16 : Player #12 StrAyF3R - GUID: 799e4bc7f4306d124700a6c97f06a906 (unverified)
﻿21:05:17 : Verified GUID (799e4bc7f4306d124700a6c97f06a906) of player #12 StrAyF3R
﻿21:05:17 : Player #12 StrAyF3R - Owner GUID: 305db7d5147ccd92fee57cd96435b342
﻿21:05:17 : Player #12 StrAyF3R - Legacy GUID: bf87d1f3a186906890e10ac2ed7972c3
﻿21:05:18 : Player #13 Areanas (91.206.154.19:5302) connected
﻿21:05:20 : Player #13 Areanas - GUID: 845f71f68e552ef6a9c51335648e1c46 (unverified)
﻿21:05:20 : Player #13 Areanas - Legacy GUID: caee1e9729130435d01a7d0cb47a0492
﻿21:05:20 : Verified GUID (845f71f68e552ef6a9c51335648e1c46) of player #13 Areanas
﻿21:06:32 : Player #17 Castie disconnected
﻿21:06:38 : Player #16 Romeo Waffle disconnected
﻿21:07:04 : Player #9 Collin disconnected
﻿21:07:23 : Player #3 William disconnected
﻿21:09:13 : Player #1 Pula Mea disconnected
﻿21:09:22 : Player #18 Rumple disconnected
﻿21:09:39 : Player #1 Robert (83.4.54.109:5302) connected
﻿21:09:41 : Player #1 Robert - GUID: 307b1eaf7951863c34adb1980824e975 (unverified)
﻿21:09:41 : Verified GUID (307b1eaf7951863c34adb1980824e975) of player #1 Robert
﻿21:09:41 : Player #1 Robert - Legacy GUID: 4c1f08c54d32d7b59a5c79c4e854fa09
﻿21:10:09 : Player #3 William (68.114.141.166:5302) connected
﻿21:10:10 : Player #3 William - GUID: 8309777f4e0f08c727a00572645aad9d (unverified)
﻿21:10:11 : Verified GUID (8309777f4e0f08c727a00572645aad9d) of player #3 William
﻿21:10:11 : Player #3 William - Legacy GUID: c96a14702ce04ea54316d90f5dbdf247
﻿21:10:15 : RCon admin #4: (Global) Admins: LWB, Sierra and Turmoil
﻿21:12:18 : Player #9 Coleen (80.91.166.15:50190) connected
﻿21:12:19 : Player #9 Coleen - GUID: 9ca1b27f186bc8610090da816339051a (unverified)
﻿21:12:20 : Player #9 Coleen - Legacy GUID: 04e22a90cdd0aca21c976fb436ca19f5
﻿21:12:20 : Verified GUID (9ca1b27f186bc8610090da816339051a) of player #9 Coleen
﻿21:12:22 : Player #9 Coleen disconnected
﻿21:12:30 : Player #6 MoPiJIkA disconnected
﻿21:13:55 : Player #6 MoPiJIkA (109.86.107.249:1024) connected
﻿21:13:56 : Player #6 MoPiJIkA - GUID: ece6e40088ac657f7310ff9c71e8e5ff (unverified)
﻿21:13:57 : Player #6 MoPiJIkA - Legacy GUID: 562cebc6ce7e2521437c69e2fe8a504c
﻿21:13:57 : Verified GUID (ece6e40088ac657f7310ff9c71e8e5ff) of player #6 MoPiJIkA
﻿21:14:29 : Player #9 Collin (8.42.226.20:5302) connected
﻿21:14:40 : Player #9 Collin - GUID: 784fd49f7059430f8b01bbf2eaacdbb2 (unverified)
﻿21:14:40 : Verified GUID (784fd49f7059430f8b01bbf2eaacdbb2) of player #9 Collin
﻿21:14:42 : Player #9 Collin - Legacy GUID: afc19a0857d8d96001c83cf784fccbad
﻿21:14:42 : Player #16 Coleen (80.91.166.15:50190) connected
﻿21:14:44 : Player #16 Coleen - GUID: 9ca1b27f186bc8610090da816339051a (unverified)
﻿21:14:45 : Verified GUID (9ca1b27f186bc8610090da816339051a) of player #16 Coleen
﻿21:14:45 : Player #16 Coleen - Legacy GUID: 04e22a90cdd0aca21c976fb436ca19f5
﻿21:20:10 : RCon admin #1: (Global) LWB: English Only in Side Chat
﻿21:20:50 : Player #16 Coleen (9ca1b27f186bc8610090da816339051a) has been kicked by BattlEye: Admin Kick
﻿21:21:07 : Player #4 Havabanga (d572c422f2c5f5b3344cb238dea0201c) has been kicked by BattlEye: Admin Kick
﻿21:22:31 : Player #4 Havabanga (109.86.107.249:5302) connected
﻿21:22:32 : Player #4 Havabanga - GUID: d572c422f2c5f5b3344cb238dea0201c (unverified)
﻿21:22:32 : Verified GUID (d572c422f2c5f5b3344cb238dea0201c) of player #4 Havabanga
﻿21:22:33 : Player #4 Havabanga - Legacy GUID: f1a37b7134cd09a9c6d47c4d870e2f67
﻿21:22:41 : Player #3 William disconnected
﻿21:24:15 : RCon admin #4: (Global) BASES MUST BE MAINTAINED VIA THE PLOT POLE EVERY 7 DAYS!!
﻿21:25:02 : RCon admin #1: (Global) LWB: Vehicles dont have auto run?
﻿21:28:30 : Player #3 The Wanderer (88.75.172.136:5302) connected
﻿21:28:32 : Player #3 The Wanderer - GUID: a2cfde24a4a7fa125e47dbdefa1cadbb (unverified)
﻿21:28:32 : Player #3 The Wanderer - Legacy GUID: bed502dd0013765b86251081938d41f0
﻿21:28:33 : Verified GUID (a2cfde24a4a7fa125e47dbdefa1cadbb) of player #3 The Wanderer
﻿21:29:16 : RCon admin #4: (Global) Vehicles left in trader zones at restarts will be moved to the vehicle pound and unlocked
﻿21:35:41 : Player #16 William (68.114.141.166:5302) connected
﻿21:35:43 : Player #16 William - GUID: 8309777f4e0f08c727a00572645aad9d (unverified)
﻿21:35:44 : Verified GUID (8309777f4e0f08c727a00572645aad9d) of player #16 William
﻿21:35:44 : Player #16 William - Legacy GUID: c96a14702ce04ea54316d90f5dbdf247
﻿21:36:56 : Player #1 Robert disconnected
﻿21:40:16 : RCon admin #4: (Global) Admins: LWB, Sierra and Turmoil
﻿21:43:03 : Player #10 Raul disconnected
﻿21:44:12 : Player #1 Rumple (86.163.225.142:5302) connected
﻿21:44:14 : Player #1 Rumple - GUID: 6b4e2d4dee1ba25c37397f61086d849f (unverified)
﻿21:44:14 : Player #1 Rumple - Legacy GUID: c02996bbbf5b100277526e50930f9b51
﻿21:44:14 : Verified GUID (6b4e2d4dee1ba25c37397f61086d849f) of player #1 Rumple
﻿21:45:35 : Player #10 Mike Fondu (88.88.255.6:5302) connected
﻿21:45:37 : Player #10 Mike Fondu - GUID: 8fb32a3ea6bf38529cf681c17e6c018d (unverified)
﻿21:45:37 : Player #10 Mike Fondu - Legacy GUID: 0c9589811842c7b5d01c9a3e9f0758f9
﻿21:45:38 : Verified GUID (8fb32a3ea6bf38529cf681c17e6c018d) of player #10 Mike Fondu
﻿21:49:18 : Player #19 <eXp> RafcioZG disconnected
﻿21:50:49 : Player #17 <eXp> RafcioZG (89.67.63.218:5302) connected
﻿21:50:50 : Player #17 <eXp> RafcioZG - GUID: 02ed733403835a8a8517265415d84023 (unverified)
﻿21:50:51 : Verified GUID (02ed733403835a8a8517265415d84023) of player #17 <eXp> RafcioZG
﻿21:50:51 : Player #17 <eXp> RafcioZG - Legacy GUID: c9c653dd820194488bd099e2b5e7f454
﻿21:54:16 : RCon admin #4: (Global) BASES MUST BE MAINTAINED VIA THE PLOT POLE EVERY 7 DAYS!!
﻿21:55:48 : Player #11 <eXp> Gruby disconnected
﻿21:55:48 : Player #15 <eXp> CziQita disconnected
﻿21:57:06 : Player #16 William disconnected
﻿21:57:41 : Player #17 <eXp> RafcioZG disconnected
﻿21:58:35 : Player #11 <eXp> RafcioZG (89.67.63.218:5302) connected
﻿21:58:37 : Player #11 <eXp> RafcioZG - GUID: 02ed733403835a8a8517265415d84023 (unverified)
﻿21:58:37 : Player #11 <eXp> RafcioZG - Legacy GUID: c9c653dd820194488bd099e2b5e7f454
﻿21:58:37 : Verified GUID (02ed733403835a8a8517265415d84023) of player #11 <eXp> RafcioZG
﻿21:58:39 : Player #15 Dont touch my Tralala (80.130.123.87:5302) connected
﻿21:58:40 : Player #15 Dont touch my Tralala - GUID: 5d9bb33c738a6e2632cea27bd877e7c0 (unverified)
﻿21:58:41 : Verified GUID (5d9bb33c738a6e2632cea27bd877e7c0) of player #15 Dont touch my Tralala
﻿21:58:41 : Player #15 Dont touch my Tralala - Legacy GUID: ac41e7d0c4417d6412502654e9b2c503
﻿21:58:56 : Player #2 Baatezu disconnected
﻿21:59:15 : RCon admin #4: (Global) Vehicles left in trader zones at restarts will be moved to the vehicle pound and unlocked
﻿22:02:18 : Player #0 Legaon disconnected
﻿22:02:55 : Player #4 Havabanga disconnected
﻿22:03:19 : Player #11 <eXp> RafcioZG disconnected
﻿22:04:32 : Player #5 LWB [SD] disconnected
﻿22:05:16 : RCon admin #4: (Global) Server will restart in 10 minutes
﻿22:06:34 : Player #13 Areanas disconnected
﻿22:07:24 : Player #15 Dont touch my Tralala disconnected
﻿22:07:54 : Player #10 Mike Fondu disconnected
﻿22:08:00 : Player #12 StrAyF3R disconnected
﻿22:10:15 : RCon admin #4: (Global) Admins: LWB, Sierra and Turmoil
﻿22:10:16 : RCon admin #4: (Global) Server will restart in 5 minutes: Prepare to Logout
﻿22:13:15 : RCon admin #4: (Global) The Server is about to restart. LOG OUT NOW OR YOUR GEAR MAY BE LOST!!
﻿22:13:35 : Player #14 <eXp> RageBlack disconnected
﻿22:14:14 : Player #8 SEN ONE disconnected
﻿22:14:21 : Player #9 Collin disconnected
﻿22:14:45 : RCon admin #4: (Global) YOU SHOULD BE LOGGED OUT BY NOW! IF YOU ARENT YOU WILL BE AUTO KICKED AND YOUR GEAR MAY BE LOST! NO REFUNDS!
﻿22:20:04 : Rcon client logging in
﻿22:20:04 : RCon admin #4 (78.31.67.100:54987) logged in
﻿22:20:05 : Player #0 Romeo Waffle - GUID: c9e4ebfc873ff7b6c8c7c43715f9f4b9 (unverified)
﻿22:20:05 : Verified GUID (c9e4ebfc873ff7b6c8c7c43715f9f4b9) of player #0 Romeo Waffle
﻿22:20:05 : Player #0 Romeo Waffle - Legacy GUID: 39c7e50395557b2fce1372d07d6fdbe1
﻿22:20:14 : Player #1 StrAyF3R (91.206.155.2:5302) connected
﻿22:20:15 : Player #1 StrAyF3R - GUID: 799e4bc7f4306d124700a6c97f06a906 (unverified)
﻿22:20:15 : Verified GUID (799e4bc7f4306d124700a6c97f06a906) of player #1 StrAyF3R
﻿22:20:15 : Player #1 StrAyF3R - Owner GUID: 305db7d5147ccd92fee57cd96435b342
﻿22:20:16 : Player #1 StrAyF3R - Legacy GUID: bf87d1f3a186906890e10ac2ed7972c3
﻿22:20:21 : Player #2 Rumple (86.163.225.142:5302) connected
﻿22:20:22 : Player #2 Rumple - GUID: 6b4e2d4dee1ba25c37397f61086d849f (unverified)
﻿22:20:22 : Verified GUID (6b4e2d4dee1ba25c37397f61086d849f) of player #2 Rumple
﻿22:20:23 : Player #2 Rumple - Legacy GUID: c02996bbbf5b100277526e50930f9b51
﻿22:20:58 : Player #3 Mike Fondu (88.88.255.6:5302) connected
﻿22:20:59 : Player #3 Mike Fondu - GUID: 8fb32a3ea6bf38529cf681c17e6c018d (unverified)
﻿22:21:00 : Verified GUID (8fb32a3ea6bf38529cf681c17e6c018d) of player #3 Mike Fondu
﻿22:21:00 : Player #3 Mike Fondu - Legacy GUID: 0c9589811842c7b5d01c9a3e9f0758f9
﻿22:21:25 : Player #4 Areanas (91.206.154.19:5302) connected
﻿22:21:26 : Player #4 Areanas - GUID: 845f71f68e552ef6a9c51335648e1c46 (unverified)
﻿22:21:26 : Verified GUID (845f71f68e552ef6a9c51335648e1c46) of player #4 Areanas
﻿22:21:27 : Player #4 Areanas - Legacy GUID: caee1e9729130435d01a7d0cb47a0492
﻿22:21:30 : Player #5 William (68.114.141.166:5302) connected
﻿22:21:31 : Player #5 William - GUID: 8309777f4e0f08c727a00572645aad9d (unverified)
﻿22:21:32 : Verified GUID (8309777f4e0f08c727a00572645aad9d) of player #5 William
﻿22:21:32 : Player #5 William - Legacy GUID: c96a14702ce04ea54316d90f5dbdf247
﻿22:28:04 : Player #6 SEN ONE (99.109.93.28:5302) connected
﻿22:28:06 : Player #6 SEN ONE - GUID: e2ff22d2684d500cb28117a914a3e614 (unverified)
﻿22:28:06 : Player #6 SEN ONE - Legacy GUID: ea9613e4e7f55895ce807e57e548c240
﻿22:28:06 : Verified GUID (e2ff22d2684d500cb28117a914a3e614) of player #6 SEN ONE
﻿22:28:57 : Player #7 <eXp> RageBlack (109.197.175.165:5302) connected
﻿22:28:58 : Player #7 <eXp> RageBlack - GUID: b53b5f841d453f2f399fd1611f42baa9 (unverified)
﻿22:28:58 : Verified GUID (b53b5f841d453f2f399fd1611f42baa9) of player #7 <eXp> RageBlack
﻿22:28:59 : Player #7 <eXp> RageBlack - Legacy GUID: 7e7d7c1411e75013c2937f26c0f17fa6
﻿22:33:40 : Player #8 Collin (8.42.226.20:5302) connected
﻿22:33:42 : Player #8 Collin - GUID: 784fd49f7059430f8b01bbf2eaacdbb2 (unverified)
﻿22:33:42 : Verified GUID (784fd49f7059430f8b01bbf2eaacdbb2) of player #8 Collin
﻿22:33:43 : Player #8 Collin - Legacy GUID: afc19a0857d8d96001c83cf784fccbad
﻿22:34:04 : RCon admin #4: (Global) Vehicles left in trader zones at restarts will be moved to the vehicle pound and unlocked
﻿22:37:01 : RCon admin #3: (Global) Turmoil: Barely, whats up?
﻿22:37:55 : RCon admin #3: (Global) Turmoil: one sec
﻿22:38:59 : RCon admin #3: (Global) Turmoil: okay im here
﻿22:39:02 : RCon admin #3: (Global) Turmoil: yes
﻿22:39:19 : RCon admin #3: (Global) Turmoil: Im sorry to say, but stealing a vehicle is permitted
﻿22:39:25 : RCon admin #3: (Global) Turmoil: it also says in rules
﻿22:39:52 : RCon admin #3: (Global) Turmoil: i quote the rules: Vehicles and gear CAN be stolen, so lock them or guard them!
﻿22:40:19 : RCon admin #3: (Global) Turmoil: ALWAYS lock your vehicles, outside and inside trader zones
﻿22:40:43 : Player #9 <eXp> RafcioZG (89.67.63.218:5302) connected
﻿22:40:44 : Player #9 <eXp> RafcioZG - GUID: 02ed733403835a8a8517265415d84023 (unverified)
﻿22:40:44 : Verified GUID (02ed733403835a8a8517265415d84023) of player #9 <eXp> RafcioZG
﻿22:40:45 : Player #9 <eXp> RafcioZG - Legacy GUID: c9c653dd820194488bd099e2b5e7f454
﻿22:41:25 : RCon admin #3: (Global) Turmoil: rules are on the map bottom right corner if you zoom out, also in the lobby description on the teamspeak :)
﻿22:42:31 : RCon admin #3: (Global) Turmoil: assuming your old enough to drive, to yo leave your car unlocked when you go to the shopping mall? 
﻿22:43:12 : Player #4 Areanas disconnected
﻿22:43:46 : Player #1 StrAyF3R disconnected
﻿22:44:42 : RCon admin #3: (Global) Turmoil: Unless there was anything else im gonna go find my bed now
﻿22:45:04 : RCon admin #4: (Global) Admins: LWB, Sierra and Turmoil
﻿22:45:26 : RCon admin #3: (Global) Turmoil: night guys, behave :)
﻿22:45:33 : Player #5 William disconnected
﻿22:53:50 : Player #8 Collin (784fd49f7059430f8b01bbf2eaacdbb2) has been kicked by BattlEye: Client not responding
﻿22:56:31 : Player #1 Collin (8.42.226.20:5302) connected
﻿22:56:46 : Player #1 Collin - GUID: 784fd49f7059430f8b01bbf2eaacdbb2 (unverified)
﻿22:56:47 : Verified GUID (784fd49f7059430f8b01bbf2eaacdbb2) of player #1 Collin
﻿22:56:47 : Player #1 Collin - Legacy GUID: afc19a0857d8d96001c83cf784fccbad
﻿22:57:18 : Player #1 Collin (784fd49f7059430f8b01bbf2eaacdbb2) has been kicked by BattlEye: Client not responding
﻿22:59:04 : RCon admin #4: (Global) BASES MUST BE MAINTAINED VIA THE PLOT POLE EVERY 7 DAYS!!
﻿23:00:27 : Player #1 Collin (8.42.226.20:5302) connected
﻿23:00:38 : Player #1 Collin - GUID: 784fd49f7059430f8b01bbf2eaacdbb2 (unverified)
﻿23:00:38 : Verified GUID (784fd49f7059430f8b01bbf2eaacdbb2) of player #1 Collin
﻿23:00:39 : Player #1 Collin - Legacy GUID: afc19a0857d8d96001c83cf784fccbad
﻿23:01:38 : Player #1 Collin (784fd49f7059430f8b01bbf2eaacdbb2) has been kicked by BattlEye: Client not responding
﻿23:03:52 : Player #1 Collin (8.42.226.20:5302) connected
﻿23:03:54 : Player #1 Collin - GUID: 784fd49f7059430f8b01bbf2eaacdbb2 (unverified)
﻿23:03:54 : Verified GUID (784fd49f7059430f8b01bbf2eaacdbb2) of player #1 Collin
﻿23:03:55 : Player #1 Collin - Legacy GUID: afc19a0857d8d96001c83cf784fccbad
﻿23:04:04 : RCon admin #4: (Global) Vehicles left in trader zones at restarts will be moved to the vehicle pound and unlocked
﻿23:15:04 : RCon admin #4: (Global) Admins: LWB, Sierra and Turmoil
﻿23:22:08 : Player #9 <eXp> RafcioZG disconnected
﻿23:22:35 : Player #7 <eXp> RageBlack disconnected
﻿23:29:04 : RCon admin #4: (Global) BASES MUST BE MAINTAINED VIA THE PLOT POLE EVERY 7 DAYS!!
﻿23:34:04 : RCon admin #4: (Global) Vehicles left in trader zones at restarts will be moved to the vehicle pound and unlocked
﻿23:42:49 : Player #2 Rumple disconnected
﻿23:45:04 : RCon admin #4: (Global) Admins: LWB, Sierra and Turmoil
﻿23:50:46 : Player #1 Collin (784fd49f7059430f8b01bbf2eaacdbb2) has been kicked by BattlEye: Client not responding
﻿23:51:34 : Player #1 Collin (8.42.226.20:5302) connected
﻿23:51:55 : Player #1 Collin - GUID: 784fd49f7059430f8b01bbf2eaacdbb2 (unverified)
﻿23:51:56 : Verified GUID (784fd49f7059430f8b01bbf2eaacdbb2) of player #1 Collin
﻿23:52:01 : Player #1 Collin - Legacy GUID: afc19a0857d8d96001c83cf784fccbad
﻿23:55:27 : Player #1 Collin (784fd49f7059430f8b01bbf2eaacdbb2) has been kicked by BattlEye: Client not responding
﻿23:59:04 : RCon admin #4: (Global) BASES MUST BE MAINTAINED VIA THE PLOT POLE EVERY 7 DAYS!!
