00:04:04 : RCon admin #4: (Global) Vehicles left in trader zones at restarts will be moved to the vehicle pound and unlocked
﻿00:08:14 : Player #0 Romeo Waffle disconnected
﻿00:10:12 : Player #3 Mike Fondu disconnected
﻿00:15:04 : RCon admin #4: (Global) Admins: LWB, Sierra and Turmoil
﻿00:29:04 : RCon admin #4: (Global) BASES MUST BE MAINTAINED VIA THE PLOT POLE EVERY 7 DAYS!!
﻿00:34:04 : RCon admin #4: (Global) Vehicles left in trader zones at restarts will be moved to the vehicle pound and unlocked
﻿00:40:04 : RCon admin #4: (Global) Server will restart in 10 minutes
﻿00:45:04 : RCon admin #4: (Global) Admins: LWB, Sierra and Turmoil
﻿00:45:05 : RCon admin #4: (Global) Server will restart in 5 minutes: Prepare to Logout
﻿00:48:04 : RCon admin #4: (Global) The Server is about to restart. LOG OUT NOW OR YOUR GEAR MAY BE LOST!!
﻿00:48:38 : Player #6 SEN ONE disconnected
﻿00:49:34 : RCon admin #4: (Global) YOU SHOULD BE LOGGED OUT BY NOW! IF YOU ARENT YOU WILL BE AUTO KICKED AND YOUR GEAR MAY BE LOST! NO REFUNDS!
﻿00:50:38 : Rcon client logging in
﻿00:50:38 : RCon admin #3 (78.31.67.100:53567) logged in
﻿01:04:38 : RCon admin #3: (Global) Vehicles left in trader zones at restarts will be moved to the vehicle pound and unlocked
﻿01:05:38 : RCon admin #4 (86.131.103.232:49313) logged in
﻿01:15:38 : RCon admin #3: (Global) Admins: LWB, Sierra and Turmoil
﻿01:29:38 : RCon admin #3: (Global) BASES MUST BE MAINTAINED VIA THE PLOT POLE EVERY 7 DAYS!!
﻿01:34:38 : RCon admin #3: (Global) Vehicles left in trader zones at restarts will be moved to the vehicle pound and unlocked
﻿01:38:30 : Player #0 bunny wabbit (73.143.57.248:5302) connected
﻿01:38:32 : Player #0 bunny wabbit - GUID: 3a6a83b2dfc62ca0fab249eca0de3db7 (unverified)
﻿01:38:32 : Player #0 bunny wabbit - Legacy GUID: d84bf74e982a52087d741a65e0421e61
﻿01:38:33 : Verified GUID (3a6a83b2dfc62ca0fab249eca0de3db7) of player #0 bunny wabbit
﻿01:39:13 : Player #1 Luke (73.4.190.95:5302) connected
﻿01:39:14 : Player #1 Luke - GUID: e1edfdab07cb6a3f4bd2b6fd4aa1b1b6 (unverified)
﻿01:39:14 : Verified GUID (e1edfdab07cb6a3f4bd2b6fd4aa1b1b6) of player #1 Luke
﻿01:39:15 : Player #1 Luke - Legacy GUID: df4c00ac07126b4668f018ae6af3fbb3
﻿01:41:33 : Player #2 Trump 2020 (24.235.178.193:5302) connected
﻿01:41:35 : Player #2 Trump 2020 - GUID: 650106f79961e92d3986fe82e109107d (unverified)
﻿01:41:35 : Verified GUID (650106f79961e92d3986fe82e109107d) of player #2 Trump 2020
﻿01:41:35 : Player #2 Trump 2020 - Legacy GUID: 60941799bec78a927ec50835054b6896
﻿01:45:38 : RCon admin #3: (Global) Admins: LWB, Sierra and Turmoil
﻿01:50:18 : Player #3 SEN ONE (99.109.93.28:5302) connected
﻿01:50:20 : Player #3 SEN ONE - GUID: e2ff22d2684d500cb28117a914a3e614 (unverified)
﻿01:50:21 : Player #3 SEN ONE - Legacy GUID: ea9613e4e7f55895ce807e57e548c240
﻿01:50:21 : Verified GUID (e2ff22d2684d500cb28117a914a3e614) of player #3 SEN ONE
﻿01:53:30 : Player #3 SEN ONE disconnected
﻿01:54:54 : Player #3 SEN ONE (99.109.93.28:5302) connected
﻿01:54:56 : Player #3 SEN ONE - GUID: e2ff22d2684d500cb28117a914a3e614 (unverified)
﻿01:54:57 : Verified GUID (e2ff22d2684d500cb28117a914a3e614) of player #3 SEN ONE
﻿01:54:58 : Player #3 SEN ONE - Legacy GUID: ea9613e4e7f55895ce807e57e548c240
﻿01:56:54 : Player #3 SEN ONE disconnected
﻿01:59:38 : RCon admin #3: (Global) BASES MUST BE MAINTAINED VIA THE PLOT POLE EVERY 7 DAYS!!
﻿02:00:01 : Player #2 Trump 2020 disconnected
﻿02:00:21 : Player #2 SEN ONE (99.109.93.28:5302) connected
﻿02:00:22 : Player #2 SEN ONE - GUID: e2ff22d2684d500cb28117a914a3e614 (unverified)
﻿02:00:23 : Verified GUID (e2ff22d2684d500cb28117a914a3e614) of player #2 SEN ONE
﻿02:00:23 : Player #2 SEN ONE - Legacy GUID: ea9613e4e7f55895ce807e57e548c240
﻿02:04:38 : RCon admin #3: (Global) Vehicles left in trader zones at restarts will be moved to the vehicle pound and unlocked
﻿02:04:52 : Player #3 McButtMunch (76.28.114.145:5302) connected
﻿02:05:24 : Player #3 McButtMunch (-) has been kicked by BattlEye: Client not responding
﻿02:09:04 : Player #3 McButtMunch (76.28.114.145:5302) connected
﻿02:09:06 : Player #3 McButtMunch disconnected
﻿02:11:44 : Player #3 McButtMunch (76.28.114.145:5302) connected
﻿02:11:46 : Player #3 McButtMunch disconnected
﻿02:15:38 : RCon admin #3: (Global) Admins: LWB, Sierra and Turmoil
﻿02:18:08 : Player #3 McButtMunch (76.28.114.145:5302) connected
﻿02:18:09 : Player #3 McButtMunch - GUID: f85d924eef8ecf481c0311b92c533589 (unverified)
﻿02:18:10 : Verified GUID (f85d924eef8ecf481c0311b92c533589) of player #3 McButtMunch
﻿02:18:10 : Player #3 McButtMunch - Legacy GUID: 20ba051b232828f079df6ba5cbdee1ef
﻿02:29:38 : RCon admin #3: (Global) BASES MUST BE MAINTAINED VIA THE PLOT POLE EVERY 7 DAYS!!
﻿02:34:38 : RCon admin #3: (Global) Vehicles left in trader zones at restarts will be moved to the vehicle pound and unlocked
﻿02:45:05 : Player #4 The Wanderer (88.75.172.136:5302) connected
﻿02:45:06 : Player #4 The Wanderer - GUID: a2cfde24a4a7fa125e47dbdefa1cadbb (unverified)
﻿02:45:07 : Player #4 The Wanderer - Legacy GUID: bed502dd0013765b86251081938d41f0
﻿02:45:07 : Verified GUID (a2cfde24a4a7fa125e47dbdefa1cadbb) of player #4 The Wanderer
﻿02:45:38 : RCon admin #3: (Global) Admins: LWB, Sierra and Turmoil
﻿02:50:55 : Player #5 Collin (8.42.226.20:5302) connected
﻿02:50:56 : Player #5 Collin - GUID: 784fd49f7059430f8b01bbf2eaacdbb2 (unverified)
﻿02:50:57 : Verified GUID (784fd49f7059430f8b01bbf2eaacdbb2) of player #5 Collin
﻿02:50:57 : Player #5 Collin - Legacy GUID: afc19a0857d8d96001c83cf784fccbad
﻿02:59:38 : RCon admin #3: (Global) BASES MUST BE MAINTAINED VIA THE PLOT POLE EVERY 7 DAYS!!
﻿02:59:54 : Player #6 skull (24.75.123.121:5302) connected
﻿02:59:56 : Player #6 skull - GUID: 5b59127ea6252145bd72d1f174959bca (unverified)
﻿02:59:56 : Player #6 skull - Legacy GUID: 46cc808ee5e42bc79041bfa738d8a5c8
﻿02:59:57 : Verified GUID (5b59127ea6252145bd72d1f174959bca) of player #6 skull
﻿03:04:38 : RCon admin #3: (Global) Vehicles left in trader zones at restarts will be moved to the vehicle pound and unlocked
﻿03:08:13 : Player #7 laladonut9 (45.50.193.206:5302) connected
﻿03:08:15 : Player #7 laladonut9 - GUID: 6ca85d474f74c6e4db33d8438917ca5c (unverified)
﻿03:08:15 : Verified GUID (6ca85d474f74c6e4db33d8438917ca5c) of player #7 laladonut9
﻿03:08:16 : Player #7 laladonut9 - Legacy GUID: 3383329bfe8de2b5a5a81adcd88a7868
﻿03:10:38 : RCon admin #3: (Global) Server will restart in 10 minutes
﻿03:14:10 : Player #0 bunny wabbit disconnected
﻿03:14:23 : Player #3 McButtMunch disconnected
﻿03:15:38 : RCon admin #3: (Global) Admins: LWB, Sierra and Turmoil
﻿03:15:39 : RCon admin #3: (Global) Server will restart in 5 minutes: Prepare to Logout
﻿03:16:34 : Player #1 Luke disconnected
﻿03:18:38 : RCon admin #3: (Global) The Server is about to restart. LOG OUT NOW OR YOUR GEAR MAY BE LOST!!
﻿03:19:18 : Player #2 SEN ONE disconnected
﻿03:19:45 : Player #5 Collin disconnected
﻿03:20:08 : RCon admin #3: (Global) YOU SHOULD BE LOGGED OUT BY NOW! IF YOU ARENT YOU WILL BE AUTO KICKED AND YOUR GEAR MAY BE LOST! NO REFUNDS!
﻿03:21:12 : Rcon client logging in
﻿03:21:12 : RCon admin #3 (78.31.67.100:64759) logged in
﻿03:21:15 : Player #0 McButtMunch - Legacy GUID: 20ba051b232828f079df6ba5cbdee1ef
﻿03:21:15 : Player #0 McButtMunch - GUID: f85d924eef8ecf481c0311b92c533589 (unverified)
﻿03:21:15 : Verified GUID (f85d924eef8ecf481c0311b92c533589) of player #0 McButtMunch
﻿03:21:47 : Player #1 bunny wabbit (73.143.57.248:5302) connected
﻿03:21:49 : Player #1 bunny wabbit - GUID: 3a6a83b2dfc62ca0fab249eca0de3db7 (unverified)
﻿03:21:49 : Player #1 bunny wabbit - Legacy GUID: d84bf74e982a52087d741a65e0421e61
﻿03:21:50 : Verified GUID (3a6a83b2dfc62ca0fab249eca0de3db7) of player #1 bunny wabbit
﻿03:22:03 : Player #2 laladonut9 (45.50.193.206:5302) connected
﻿03:22:04 : Player #2 laladonut9 - GUID: 6ca85d474f74c6e4db33d8438917ca5c (unverified)
﻿03:22:04 : Verified GUID (6ca85d474f74c6e4db33d8438917ca5c) of player #2 laladonut9
﻿03:22:05 : Player #2 laladonut9 - Legacy GUID: 3383329bfe8de2b5a5a81adcd88a7868
﻿03:22:11 : Player #3 skull (24.75.123.121:5302) connected
﻿03:22:12 : Player #3 skull - GUID: 5b59127ea6252145bd72d1f174959bca (unverified)
﻿03:22:13 : Verified GUID (5b59127ea6252145bd72d1f174959bca) of player #3 skull
﻿03:22:13 : Player #3 skull - Legacy GUID: 46cc808ee5e42bc79041bfa738d8a5c8
﻿03:23:34 : Player #4 Luke (73.4.190.95:5302) connected
﻿03:23:36 : Player #4 Luke - GUID: e1edfdab07cb6a3f4bd2b6fd4aa1b1b6 (unverified)
﻿03:23:36 : Verified GUID (e1edfdab07cb6a3f4bd2b6fd4aa1b1b6) of player #4 Luke
﻿03:23:36 : Player #4 Luke - Legacy GUID: df4c00ac07126b4668f018ae6af3fbb3
﻿03:27:27 : Player #5 Renji (72.197.158.87:5302) connected
﻿03:27:29 : Player #5 Renji - GUID: be0677374d4958e19c9b8923c385c998 (unverified)
﻿03:27:29 : Verified GUID (be0677374d4958e19c9b8923c385c998) of player #5 Renji
﻿03:27:29 : Player #5 Renji - Legacy GUID: 7fcfc788c47bf5277d8ab7d988a41ee5
﻿03:28:05 : Player #5 Renji (be0677374d4958e19c9b8923c385c998) has been kicked by BattlEye: Client not responding
﻿03:35:12 : RCon admin #3: (Global) Vehicles left in trader zones at restarts will be moved to the vehicle pound and unlocked
﻿03:35:49 : Player #5 SEN ONE (99.109.93.28:5302) connected
﻿03:35:50 : Player #5 SEN ONE - GUID: e2ff22d2684d500cb28117a914a3e614 (unverified)
﻿03:35:50 : Verified GUID (e2ff22d2684d500cb28117a914a3e614) of player #5 SEN ONE
﻿03:35:51 : Player #5 SEN ONE - Legacy GUID: ea9613e4e7f55895ce807e57e548c240
﻿03:37:42 : RCon admin #4 (86.131.103.232:57079) logged in
﻿03:39:14 : Player #6 The Wanderer (88.75.172.136:5302) connected
﻿03:39:15 : Player #6 The Wanderer - GUID: a2cfde24a4a7fa125e47dbdefa1cadbb (unverified)
﻿03:39:16 : Verified GUID (a2cfde24a4a7fa125e47dbdefa1cadbb) of player #6 The Wanderer
﻿03:39:16 : Player #6 The Wanderer - Legacy GUID: bed502dd0013765b86251081938d41f0
﻿03:43:22 : Player #7 Collin (8.42.226.20:5302) connected
﻿03:43:30 : Player #7 Collin disconnected
﻿03:46:12 : RCon admin #3: (Global) Admins: LWB, Sierra and Turmoil
﻿03:46:35 : Player #7 Collin (8.42.226.20:5302) connected
﻿03:46:42 : Player #7 Collin - GUID: 784fd49f7059430f8b01bbf2eaacdbb2 (unverified)
﻿03:46:42 : Verified GUID (784fd49f7059430f8b01bbf2eaacdbb2) of player #7 Collin
﻿03:46:43 : Player #7 Collin - Legacy GUID: afc19a0857d8d96001c83cf784fccbad
﻿04:00:13 : RCon admin #3: (Global) BASES MUST BE MAINTAINED VIA THE PLOT POLE EVERY 7 DAYS!!
﻿04:06:07 : No Valid response. Trying to reconnect.!
﻿04:06:07 : Rcon client logging in
﻿04:06:07 : RCon admin #0 (78.31.67.100:64759) logged in
﻿04:10:28 : Player #7 Collin (784fd49f7059430f8b01bbf2eaacdbb2) has been kicked by BattlEye: Client not responding
﻿04:16:13 : RCon admin #0: (Global) Admins: LWB, Sierra and Turmoil
﻿04:24:51 : Player #3 skull disconnected
﻿04:29:24 : Player #6 The Wanderer disconnected
﻿04:30:13 : RCon admin #0: (Global) BASES MUST BE MAINTAINED VIA THE PLOT POLE EVERY 7 DAYS!!
﻿04:35:12 : RCon admin #0: (Global) Vehicles left in trader zones at restarts will be moved to the vehicle pound and unlocked
﻿04:46:13 : RCon admin #0: (Global) Admins: LWB, Sierra and Turmoil
﻿05:00:13 : RCon admin #0: (Global) BASES MUST BE MAINTAINED VIA THE PLOT POLE EVERY 7 DAYS!!
﻿05:02:46 : Player #3 Sirius Krauss (91.204.191.227:29006) connected
﻿05:02:48 : Player #3 Sirius Krauss - GUID: 2750ee412f056a256416474bb7030e5a (unverified)
﻿05:02:48 : Verified GUID (2750ee412f056a256416474bb7030e5a) of player #3 Sirius Krauss
﻿05:02:49 : Player #3 Sirius Krauss - Legacy GUID: f52b625a0031e68ee486f812cf0ca429
﻿05:05:12 : RCon admin #0: (Global) Vehicles left in trader zones at restarts will be moved to the vehicle pound and unlocked
﻿05:07:54 : Player #6 kanepe (86.46.167.37:5302) connected
﻿05:07:56 : Player #6 kanepe - GUID: 0588bee27abe832a4930d725adb6db07 (unverified)
﻿05:07:56 : Player #6 kanepe - Legacy GUID: 02b0038bc06e662cc2efefb2667e2eae
﻿05:07:57 : Verified GUID (0588bee27abe832a4930d725adb6db07) of player #6 kanepe
﻿05:16:12 : RCon admin #0: (Global) Admins: LWB, Sierra and Turmoil
﻿05:17:45 : RCon admin #3 (86.131.103.232:63404) logged in
﻿05:30:13 : RCon admin #0: (Global) BASES MUST BE MAINTAINED VIA THE PLOT POLE EVERY 7 DAYS!!
﻿05:35:12 : RCon admin #0: (Global) Vehicles left in trader zones at restarts will be moved to the vehicle pound and unlocked
﻿05:37:42 : Player #2 laladonut9 disconnected
﻿05:41:13 : RCon admin #0: (Global) Server will restart in 10 minutes
﻿05:43:37 : Player #4 Luke disconnected
﻿05:45:39 : Player #2 Luke (73.4.190.95:5302) connected
﻿05:45:41 : Player #2 Luke - GUID: e1edfdab07cb6a3f4bd2b6fd4aa1b1b6 (unverified)
﻿05:45:41 : Verified GUID (e1edfdab07cb6a3f4bd2b6fd4aa1b1b6) of player #2 Luke
﻿05:45:41 : Player #2 Luke - Legacy GUID: df4c00ac07126b4668f018ae6af3fbb3
﻿05:46:12 : RCon admin #0: (Global) Admins: LWB, Sierra and Turmoil
﻿05:46:12 : RCon admin #0: (Global) Server will restart in 5 minutes: Prepare to Logout
﻿05:46:36 : Player #1 bunny wabbit disconnected
﻿05:47:16 : Player #0 McButtMunch disconnected
﻿05:48:37 : Player #2 Luke disconnected
﻿05:49:12 : RCon admin #0: (Global) The Server is about to restart. LOG OUT NOW OR YOUR GEAR MAY BE LOST!!
﻿05:49:36 : Player #3 Sirius Krauss disconnected
﻿05:49:48 : Player #5 SEN ONE disconnected
﻿05:50:43 : RCon admin #0: (Global) YOU SHOULD BE LOGGED OUT BY NOW! IF YOU ARENT YOU WILL BE AUTO KICKED AND YOUR GEAR MAY BE LOST! NO REFUNDS!
﻿05:51:46 : Rcon client logging in
﻿05:51:46 : RCon admin #2 (78.31.67.100:56397) logged in
﻿05:52:00 : RCon admin #3 (86.131.103.232:63111) logged in
﻿05:52:36 : Player #0 McButtMunch (76.28.114.145:5302) connected
﻿05:52:38 : Player #0 McButtMunch - GUID: f85d924eef8ecf481c0311b92c533589 (unverified)
﻿05:52:38 : Verified GUID (f85d924eef8ecf481c0311b92c533589) of player #0 McButtMunch
﻿05:52:39 : Player #0 McButtMunch - Legacy GUID: 20ba051b232828f079df6ba5cbdee1ef
﻿05:52:53 : Player #1 bunny wabbit (73.143.57.248:5302) connected
﻿05:52:54 : Player #1 bunny wabbit - GUID: 3a6a83b2dfc62ca0fab249eca0de3db7 (unverified)
﻿05:52:55 : Verified GUID (3a6a83b2dfc62ca0fab249eca0de3db7) of player #1 bunny wabbit
﻿05:52:55 : Player #1 bunny wabbit - Legacy GUID: d84bf74e982a52087d741a65e0421e61
﻿05:55:22 : Player #2 Luke (73.4.190.95:5302) connected
﻿05:55:23 : Player #2 Luke - GUID: e1edfdab07cb6a3f4bd2b6fd4aa1b1b6 (unverified)
﻿05:55:24 : Verified GUID (e1edfdab07cb6a3f4bd2b6fd4aa1b1b6) of player #2 Luke
﻿05:55:24 : Player #2 Luke - Legacy GUID: df4c00ac07126b4668f018ae6af3fbb3
﻿06:05:46 : RCon admin #2: (Global) Vehicles left in trader zones at restarts will be moved to the vehicle pound and unlocked
﻿06:16:46 : RCon admin #2: (Global) Admins: LWB, Sierra and Turmoil
﻿06:18:57 : Player #3 Sirius Krauss (91.204.191.227:29006) connected
﻿06:18:58 : Player #3 Sirius Krauss - GUID: 2750ee412f056a256416474bb7030e5a (unverified)
﻿06:18:59 : Verified GUID (2750ee412f056a256416474bb7030e5a) of player #3 Sirius Krauss
﻿06:18:59 : Player #3 Sirius Krauss - Legacy GUID: f52b625a0031e68ee486f812cf0ca429
﻿06:30:46 : RCon admin #2: (Global) BASES MUST BE MAINTAINED VIA THE PLOT POLE EVERY 7 DAYS!!
﻿06:35:46 : RCon admin #2: (Global) Vehicles left in trader zones at restarts will be moved to the vehicle pound and unlocked
﻿06:46:46 : RCon admin #2: (Global) Admins: LWB, Sierra and Turmoil
﻿06:54:08 : Player #2 Luke disconnected
﻿06:59:17 : RCon admin #4 (86.131.103.232:56397) logged in
﻿06:59:40 : RCon admin #3 (86.131.103.232:56398) logged in
﻿07:00:46 : RCon admin #2: (Global) BASES MUST BE MAINTAINED VIA THE PLOT POLE EVERY 7 DAYS!!
﻿07:05:17 : Player #1 bunny wabbit disconnected
﻿07:05:46 : RCon admin #2: (Global) Vehicles left in trader zones at restarts will be moved to the vehicle pound and unlocked
﻿07:16:46 : RCon admin #2: (Global) Admins: LWB, Sierra and Turmoil
﻿07:28:14 : Player #1 kanepe (86.46.167.37:5302) connected
﻿07:28:15 : Player #1 kanepe - GUID: 0588bee27abe832a4930d725adb6db07 (unverified)
﻿07:28:15 : Verified GUID (0588bee27abe832a4930d725adb6db07) of player #1 kanepe
﻿07:28:16 : Player #1 kanepe - Legacy GUID: 02b0038bc06e662cc2efefb2667e2eae
﻿07:30:46 : RCon admin #2: (Global) BASES MUST BE MAINTAINED VIA THE PLOT POLE EVERY 7 DAYS!!
﻿07:35:46 : RCon admin #2: (Global) Vehicles left in trader zones at restarts will be moved to the vehicle pound and unlocked
﻿07:46:46 : RCon admin #2: (Global) Admins: LWB, Sierra and Turmoil
﻿07:47:12 : Player #2 [U]Robert (95.208.250.228:38115) connected
﻿07:47:14 : Player #2 [U]Robert - GUID: 401ecf097806ff5f152d508320a7f9ad (unverified)
﻿07:47:15 : Verified GUID (401ecf097806ff5f152d508320a7f9ad) of player #2 [U]Robert
﻿07:47:16 : Player #2 [U]Robert - Legacy GUID: cd3126e2dea0eed58735c16718c47dfc
﻿07:54:49 : RCon admin #4 (86.131.103.232:52807) logged in
﻿07:59:36 : Player #0 McButtMunch disconnected
﻿08:00:46 : RCon admin #2: (Global) BASES MUST BE MAINTAINED VIA THE PLOT POLE EVERY 7 DAYS!!
﻿08:05:46 : RCon admin #2: (Global) Vehicles left in trader zones at restarts will be moved to the vehicle pound and unlocked
﻿08:11:46 : RCon admin #2: (Global) Server will restart in 10 minutes
﻿08:16:46 : RCon admin #2: (Global) Admins: LWB, Sierra and Turmoil
﻿08:16:47 : RCon admin #2: (Global) Server will restart in 5 minutes: Prepare to Logout
﻿08:18:15 : Player #0 Havabanga (109.86.57.86:5302) connected
﻿08:18:17 : Player #0 Havabanga - GUID: d572c422f2c5f5b3344cb238dea0201c (unverified)
﻿08:18:17 : Verified GUID (d572c422f2c5f5b3344cb238dea0201c) of player #0 Havabanga
﻿08:18:17 : Player #0 Havabanga - Legacy GUID: f1a37b7134cd09a9c6d47c4d870e2f67
﻿08:18:22 : Player #2 [U]Robert disconnected
﻿08:19:46 : RCon admin #2: (Global) The Server is about to restart. LOG OUT NOW OR YOUR GEAR MAY BE LOST!!
﻿08:21:16 : RCon admin #2: (Global) YOU SHOULD BE LOGGED OUT BY NOW! IF YOU ARENT YOU WILL BE AUTO KICKED AND YOUR GEAR MAY BE LOST! NO REFUNDS!
﻿08:21:30 : Player #3 Sirius Krauss disconnected
﻿08:22:20 : Rcon client logging in
﻿08:22:20 : RCon admin #3 (78.31.67.100:52123) logged in
﻿08:22:59 : Player #0 Havabanga (109.86.57.86:5302) connected
﻿08:23:00 : Player #0 Havabanga - GUID: d572c422f2c5f5b3344cb238dea0201c (unverified)
﻿08:23:00 : Verified GUID (d572c422f2c5f5b3344cb238dea0201c) of player #0 Havabanga
﻿08:23:01 : Player #0 Havabanga - Legacy GUID: f1a37b7134cd09a9c6d47c4d870e2f67
﻿08:24:47 : Player #1 Sirius Krauss (91.204.191.227:29006) connected
﻿08:24:48 : Player #1 Sirius Krauss - GUID: 2750ee412f056a256416474bb7030e5a (unverified)
﻿08:24:49 : Verified GUID (2750ee412f056a256416474bb7030e5a) of player #1 Sirius Krauss
﻿08:24:49 : Player #1 Sirius Krauss - Legacy GUID: f52b625a0031e68ee486f812cf0ca429
﻿08:29:04 : RCon admin #4 (86.131.103.232:63663) logged in
﻿08:33:25 : Player #2 SEN ONE (99.109.93.28:5302) connected
﻿08:33:26 : Player #2 SEN ONE - GUID: e2ff22d2684d500cb28117a914a3e614 (unverified)
﻿08:33:27 : Verified GUID (e2ff22d2684d500cb28117a914a3e614) of player #2 SEN ONE
﻿08:33:27 : Player #2 SEN ONE - Legacy GUID: ea9613e4e7f55895ce807e57e548c240
﻿08:36:20 : RCon admin #3: (Global) Vehicles left in trader zones at restarts will be moved to the vehicle pound and unlocked
﻿08:46:42 : Player #0 Havabanga disconnected
﻿08:47:21 : RCon admin #3: (Global) Admins: LWB, Sierra and Turmoil
﻿09:01:21 : RCon admin #3: (Global) BASES MUST BE MAINTAINED VIA THE PLOT POLE EVERY 7 DAYS!!
﻿09:02:00 : Player #0 Beastiboy (2.247.243.4:18591) connected
﻿09:02:02 : Player #0 Beastiboy - GUID: 936a425caa1da69d4565676ad370e0d0 (unverified)
﻿09:02:02 : Verified GUID (936a425caa1da69d4565676ad370e0d0) of player #0 Beastiboy
﻿09:02:02 : Player #0 Beastiboy - Legacy GUID: b4c68b307db036e1593c0b08e81d467e
﻿09:06:21 : RCon admin #3: (Global) Vehicles left in trader zones at restarts will be moved to the vehicle pound and unlocked
﻿09:12:48 : Player #2 SEN ONE disconnected
﻿09:17:21 : RCon admin #3: (Global) Admins: LWB, Sierra and Turmoil
﻿09:24:35 : RCon admin #2 (86.131.103.232:59663) logged in
﻿09:31:20 : RCon admin #3: (Global) BASES MUST BE MAINTAINED VIA THE PLOT POLE EVERY 7 DAYS!!
﻿09:36:21 : RCon admin #3: (Global) Vehicles left in trader zones at restarts will be moved to the vehicle pound and unlocked
﻿09:45:58 : Player #2 Colonel (93.127.91.114:2304) connected
﻿09:45:59 : Player #2 Colonel - GUID: ce9f8f5b44984f2bfd94fb70ccfee3fa (unverified)
﻿09:45:59 : Verified GUID (ce9f8f5b44984f2bfd94fb70ccfee3fa) of player #2 Colonel
﻿09:46:00 : Player #2 Colonel - Legacy GUID: a3900a5b2d638dd05ef2b5a9be59e07c
﻿09:47:21 : RCon admin #3: (Global) Admins: LWB, Sierra and Turmoil
﻿09:55:36 : RCon admin #4 (86.131.103.232:57797) logged in
﻿10:00:58 : Player #1 Sirius Krauss disconnected
﻿10:01:20 : RCon admin #3: (Global) BASES MUST BE MAINTAINED VIA THE PLOT POLE EVERY 7 DAYS!!
﻿10:06:21 : RCon admin #3: (Global) Vehicles left in trader zones at restarts will be moved to the vehicle pound and unlocked
﻿10:17:20 : RCon admin #3: (Global) Admins: LWB, Sierra and Turmoil
﻿10:27:51 : RCon admin #2 (86.131.103.232:52982) logged in
﻿10:31:21 : RCon admin #3: (Global) BASES MUST BE MAINTAINED VIA THE PLOT POLE EVERY 7 DAYS!!
﻿10:36:21 : RCon admin #3: (Global) Vehicles left in trader zones at restarts will be moved to the vehicle pound and unlocked
﻿10:36:51 : Player #1 Ertyak (80.232.87.56:5302) connected
﻿10:36:53 : Player #1 Ertyak - Legacy GUID: 59b3e1e2afb9de6c65e7872bce75eee2
﻿10:36:53 : Player #1 Ertyak - GUID: fcb74c6c2d045e3e59518fa44903ac0f (unverified)
﻿10:36:53 : Verified GUID (fcb74c6c2d045e3e59518fa44903ac0f) of player #1 Ertyak
﻿10:42:21 : RCon admin #3: (Global) Server will restart in 10 minutes
﻿10:46:33 : Player #3 <eXp> RageBlack (109.197.175.165:5302) connected
﻿10:46:35 : Player #3 <eXp> RageBlack - Legacy GUID: 7e7d7c1411e75013c2937f26c0f17fa6
﻿10:46:35 : Player #3 <eXp> RageBlack - GUID: b53b5f841d453f2f399fd1611f42baa9 (unverified)
﻿10:46:36 : Verified GUID (b53b5f841d453f2f399fd1611f42baa9) of player #3 <eXp> RageBlack
﻿10:47:21 : RCon admin #3: (Global) Admins: LWB, Sierra and Turmoil
﻿10:47:21 : RCon admin #3: (Global) Server will restart in 5 minutes: Prepare to Logout
﻿10:49:20 : Player #2 Colonel disconnected
﻿10:50:21 : RCon admin #3: (Global) The Server is about to restart. LOG OUT NOW OR YOUR GEAR MAY BE LOST!!
﻿10:50:28 : Player #3 <eXp> RageBlack disconnected
﻿10:50:28 : Player #1 Ertyak disconnected
﻿10:51:51 : RCon admin #3: (Global) YOU SHOULD BE LOGGED OUT BY NOW! IF YOU ARENT YOU WILL BE AUTO KICKED AND YOUR GEAR MAY BE LOST! NO REFUNDS!
﻿10:52:54 : Rcon client logging in
﻿10:52:54 : RCon admin #3 (78.31.67.100:54371) logged in
﻿10:53:44 : Player #0 [U]Robert (95.208.250.228:37982) connected
﻿10:53:45 : Player #0 [U]Robert - Legacy GUID: cd3126e2dea0eed58735c16718c47dfc
﻿10:53:46 : Player #0 [U]Robert - GUID: 401ecf097806ff5f152d508320a7f9ad (unverified)
﻿10:53:46 : Verified GUID (401ecf097806ff5f152d508320a7f9ad) of player #0 [U]Robert
﻿10:57:05 : Player #1 Ertyak (80.232.87.56:5302) connected
﻿10:57:06 : Player #1 Ertyak - GUID: fcb74c6c2d045e3e59518fa44903ac0f (unverified)
﻿10:57:06 : Verified GUID (fcb74c6c2d045e3e59518fa44903ac0f) of player #1 Ertyak
﻿10:57:07 : Player #1 Ertyak - Legacy GUID: 59b3e1e2afb9de6c65e7872bce75eee2
﻿10:59:17 : Player #2 <eXp> RageBlack (109.197.175.165:5302) connected
﻿10:59:19 : Player #2 <eXp> RageBlack - GUID: b53b5f841d453f2f399fd1611f42baa9 (unverified)
﻿10:59:19 : Verified GUID (b53b5f841d453f2f399fd1611f42baa9) of player #2 <eXp> RageBlack
﻿10:59:19 : Player #2 <eXp> RageBlack - Legacy GUID: 7e7d7c1411e75013c2937f26c0f17fa6
﻿11:05:58 : Player #3 Daniel (87.166.125.247:2304) connected
﻿11:05:59 : Player #3 Daniel - GUID: fed7dd6ee1be385ad05561356d95a9c6 (unverified)
﻿11:06:00 : Verified GUID (fed7dd6ee1be385ad05561356d95a9c6) of player #3 Daniel
﻿11:06:00 : Player #3 Daniel - Legacy GUID: 5d67fbd121a2188f19b0029c18671fda
﻿11:06:01 : Player #3 Daniel disconnected
﻿11:06:05 : Player #3 Daniel (87.166.125.247:2304) connected
﻿11:06:06 : Player #3 Daniel - GUID: fed7dd6ee1be385ad05561356d95a9c6 (unverified)
﻿11:06:06 : Verified GUID (fed7dd6ee1be385ad05561356d95a9c6) of player #3 Daniel
﻿11:06:07 : Player #3 Daniel disconnected
﻿11:06:47 : Player #3 Daniel (87.166.125.247:2304) connected
﻿11:06:49 : Player #3 Daniel - GUID: fed7dd6ee1be385ad05561356d95a9c6 (unverified)
﻿11:06:49 : Verified GUID (fed7dd6ee1be385ad05561356d95a9c6) of player #3 Daniel
﻿11:06:50 : Player #3 Daniel disconnected
﻿11:06:54 : RCon admin #3: (Global) Vehicles left in trader zones at restarts will be moved to the vehicle pound and unlocked
﻿11:17:54 : RCon admin #3: (Global) Admins: LWB, Sierra and Turmoil
﻿11:18:20 : Player #3 Daniel (87.166.125.247:2304) connected
﻿11:18:22 : Player #3 Daniel - GUID: fed7dd6ee1be385ad05561356d95a9c6 (unverified)
﻿11:18:22 : Verified GUID (fed7dd6ee1be385ad05561356d95a9c6) of player #3 Daniel
﻿11:18:23 : Player #3 Daniel - Legacy GUID: 5d67fbd121a2188f19b0029c18671fda
﻿11:18:33 : Player #3 Daniel disconnected
﻿11:18:35 : Player #3 Daniel (87.166.125.247:2304) connected
﻿11:18:37 : Player #3 Daniel - GUID: fed7dd6ee1be385ad05561356d95a9c6 (unverified)
﻿11:18:37 : Verified GUID (fed7dd6ee1be385ad05561356d95a9c6) of player #3 Daniel
﻿11:18:37 : Player #3 Daniel - Legacy GUID: 5d67fbd121a2188f19b0029c18671fda
﻿11:18:54 : Player #3 Daniel disconnected
﻿11:27:20 : Player #3 Daniel (87.166.125.247:2304) connected
﻿11:27:21 : Player #3 Daniel - GUID: fed7dd6ee1be385ad05561356d95a9c6 (unverified)
﻿11:27:22 : Verified GUID (fed7dd6ee1be385ad05561356d95a9c6) of player #3 Daniel
﻿11:27:22 : Player #3 Daniel - Legacy GUID: 5d67fbd121a2188f19b0029c18671fda
﻿11:31:54 : RCon admin #3: (Global) BASES MUST BE MAINTAINED VIA THE PLOT POLE EVERY 7 DAYS!!
﻿11:36:54 : RCon admin #3: (Global) Vehicles left in trader zones at restarts will be moved to the vehicle pound and unlocked
﻿11:39:43 : Player #4 angelovoorjans (84.194.53.181:5302) connected
﻿11:39:44 : Player #4 angelovoorjans - GUID: cf15cb8aac0f2065e9c02bcd97df91cd (unverified)
﻿11:39:44 : Verified GUID (cf15cb8aac0f2065e9c02bcd97df91cd) of player #4 angelovoorjans
﻿11:39:45 : Player #4 angelovoorjans - Legacy GUID: 162f0d5e418ee7850f1d7d1db8f59a71
﻿11:47:54 : RCon admin #3: (Global) Admins: LWB, Sierra and Turmoil
﻿11:51:48 : Player #5 [merc] Jizuke (93.43.187.245:43222) connected
﻿11:51:50 : Player #5 [merc] Jizuke - GUID: 42b494eb4d988fdc234886a77fe0dff1 (unverified)
﻿11:51:50 : Verified GUID (42b494eb4d988fdc234886a77fe0dff1) of player #5 [merc] Jizuke
﻿11:51:50 : Player #5 [merc] Jizuke - Legacy GUID: 4c01998007d1088662984e2201bbe2d1
﻿11:54:21 : Player #5 [merc] Jizuke disconnected
﻿12:01:54 : RCon admin #3: (Global) BASES MUST BE MAINTAINED VIA THE PLOT POLE EVERY 7 DAYS!!
﻿12:03:01 : Player #5 Beastiboy (2.247.243.4:8396) connected
﻿12:03:02 : Player #5 Beastiboy - GUID: 936a425caa1da69d4565676ad370e0d0 (unverified)
﻿12:03:03 : Verified GUID (936a425caa1da69d4565676ad370e0d0) of player #5 Beastiboy
﻿12:03:03 : Player #5 Beastiboy - Legacy GUID: b4c68b307db036e1593c0b08e81d467e
﻿12:06:54 : RCon admin #3: (Global) Vehicles left in trader zones at restarts will be moved to the vehicle pound and unlocked
﻿12:14:19 : Player #0 [U]Robert disconnected
﻿12:17:54 : RCon admin #3: (Global) Admins: LWB, Sierra and Turmoil
﻿12:25:04 : Player #4 angelovoorjans disconnected
﻿12:31:54 : RCon admin #3: (Global) BASES MUST BE MAINTAINED VIA THE PLOT POLE EVERY 7 DAYS!!
﻿12:36:54 : RCon admin #3: (Global) Vehicles left in trader zones at restarts will be moved to the vehicle pound and unlocked
﻿12:44:20 : Player #5 Beastiboy disconnected
﻿12:47:54 : RCon admin #3: (Global) Admins: LWB, Sierra and Turmoil
﻿13:01:54 : RCon admin #3: (Global) BASES MUST BE MAINTAINED VIA THE PLOT POLE EVERY 7 DAYS!!
﻿13:06:54 : RCon admin #3: (Global) Vehicles left in trader zones at restarts will be moved to the vehicle pound and unlocked
﻿13:07:55 : RCon admin #4 (86.131.103.232:59472) logged in
﻿13:08:18 : Player #2 <eXp> RageBlack disconnected
﻿13:10:12 : Player #0 Colonel (93.127.91.114:2304) connected
﻿13:10:13 : Player #0 Colonel - GUID: ce9f8f5b44984f2bfd94fb70ccfee3fa (unverified)
﻿13:10:14 : Verified GUID (ce9f8f5b44984f2bfd94fb70ccfee3fa) of player #0 Colonel
﻿13:10:14 : Player #0 Colonel - Legacy GUID: a3900a5b2d638dd05ef2b5a9be59e07c
﻿13:12:54 : RCon admin #3: (Global) Server will restart in 10 minutes
﻿13:13:39 : Player #2 Youngpedro1 (86.22.7.10:5302) connected
﻿13:13:40 : Player #2 Youngpedro1 - GUID: 4465fc6cedbfc6f6fec99b60c1697d7b (unverified)
﻿13:13:41 : Verified GUID (4465fc6cedbfc6f6fec99b60c1697d7b) of player #2 Youngpedro1
﻿13:13:41 : Player #2 Youngpedro1 - Legacy GUID: 7f14d969cc8a897214dc4c6a323198cb
﻿13:13:53 : Player #2 Youngpedro1 disconnected
﻿13:14:45 : Player #0 Colonel disconnected
﻿13:16:44 : Player #1 Ertyak disconnected
﻿13:16:55 : Player #0 Kieran (5.151.0.234:6173) connected
﻿13:16:57 : Player #0 Kieran - GUID: 5a8d1c01ab80178eedab0dfdd41e2c7b (unverified)
﻿13:16:57 : Player #0 Kieran - Legacy GUID: fb5ae223632e404c4d2f5a7b19b32279
﻿13:16:57 : Verified GUID (5a8d1c01ab80178eedab0dfdd41e2c7b) of player #0 Kieran
﻿13:17:54 : RCon admin #3: (Global) Admins: LWB, Sierra and Turmoil
﻿13:17:55 : RCon admin #3: (Global) Server will restart in 5 minutes: Prepare to Logout
﻿13:20:54 : RCon admin #3: (Global) The Server is about to restart. LOG OUT NOW OR YOUR GEAR MAY BE LOST!!
﻿13:21:57 : Player #3 Daniel disconnected
﻿13:22:24 : RCon admin #3: (Global) YOU SHOULD BE LOGGED OUT BY NOW! IF YOU ARENT YOU WILL BE AUTO KICKED AND YOUR GEAR MAY BE LOST! NO REFUNDS!
﻿13:22:45 : Player #0 Kieran disconnected
﻿13:23:28 : Rcon client logging in
﻿13:23:28 : RCon admin #3 (78.31.67.100:54236) logged in
﻿13:26:18 : Player #0 Kieran (5.151.0.234:6173) connected
﻿13:26:19 : Player #0 Kieran - GUID: 5a8d1c01ab80178eedab0dfdd41e2c7b (unverified)
﻿13:26:20 : Verified GUID (5a8d1c01ab80178eedab0dfdd41e2c7b) of player #0 Kieran
﻿13:26:20 : Player #0 Kieran - Legacy GUID: fb5ae223632e404c4d2f5a7b19b32279
﻿13:27:46 : Player #1 <eXp> RageBlack (109.197.175.165:5302) connected
﻿13:27:48 : Player #1 <eXp> RageBlack - GUID: b53b5f841d453f2f399fd1611f42baa9 (unverified)
﻿13:27:48 : Player #1 <eXp> RageBlack - Legacy GUID: 7e7d7c1411e75013c2937f26c0f17fa6
﻿13:27:48 : Verified GUID (b53b5f841d453f2f399fd1611f42baa9) of player #1 <eXp> RageBlack
﻿13:29:29 : Player #2 <eXp> RafcioZG (89.67.63.218:5302) connected
﻿13:29:30 : Player #2 <eXp> RafcioZG - GUID: 02ed733403835a8a8517265415d84023 (unverified)
﻿13:29:31 : Verified GUID (02ed733403835a8a8517265415d84023) of player #2 <eXp> RafcioZG
﻿13:29:31 : Player #2 <eXp> RafcioZG - Legacy GUID: c9c653dd820194488bd099e2b5e7f454
﻿13:29:35 : Player #3 Colonel (93.127.91.114:2304) connected
﻿13:29:37 : Player #3 Colonel - GUID: ce9f8f5b44984f2bfd94fb70ccfee3fa (unverified)
﻿13:29:37 : Verified GUID (ce9f8f5b44984f2bfd94fb70ccfee3fa) of player #3 Colonel
﻿13:29:38 : Player #3 Colonel - Legacy GUID: a3900a5b2d638dd05ef2b5a9be59e07c
﻿13:32:06 : Player #4 Daniel (87.166.125.247:2304) connected
﻿13:32:07 : Player #4 Daniel - GUID: fed7dd6ee1be385ad05561356d95a9c6 (unverified)
﻿13:32:08 : Verified GUID (fed7dd6ee1be385ad05561356d95a9c6) of player #4 Daniel
﻿13:32:08 : Player #4 Daniel - Legacy GUID: 5d67fbd121a2188f19b0029c18671fda
﻿13:33:15 : Player #5 Ertyak (80.232.87.56:5302) connected
﻿13:33:16 : Player #5 Ertyak - GUID: fcb74c6c2d045e3e59518fa44903ac0f (unverified)
﻿13:33:17 : Verified GUID (fcb74c6c2d045e3e59518fa44903ac0f) of player #5 Ertyak
﻿13:33:17 : Player #5 Ertyak - Legacy GUID: 59b3e1e2afb9de6c65e7872bce75eee2
﻿13:37:28 : RCon admin #3: (Global) Vehicles left in trader zones at restarts will be moved to the vehicle pound and unlocked
﻿13:48:28 : RCon admin #3: (Global) Admins: LWB, Sierra and Turmoil
﻿13:55:56 : Player #0 Kieran disconnected
﻿13:59:00 : Player #0 gocha (195.68.190.250:2304) connected
﻿13:59:01 : Player #0 gocha - GUID: 952d842d40a079bc17bef472961bba4b (unverified)
﻿13:59:02 : Verified GUID (952d842d40a079bc17bef472961bba4b) of player #0 gocha
﻿13:59:02 : Player #0 gocha - Legacy GUID: e3753f7224c70706092114c28a0f50b2
﻿13:59:02 : Player #0 gocha disconnected
﻿13:59:12 : Player #3 Colonel disconnected
﻿14:00:24 : Player #0 gocha (195.68.190.250:5302) connected
﻿14:00:26 : Player #0 gocha - GUID: 952d842d40a079bc17bef472961bba4b (unverified)
﻿14:00:26 : Verified GUID (952d842d40a079bc17bef472961bba4b) of player #0 gocha
﻿14:00:27 : Player #0 gocha - Legacy GUID: e3753f7224c70706092114c28a0f50b2
﻿14:01:38 : Player #3 <eXp> CziQita (85.202.152.128:5302) connected
﻿14:01:39 : Player #3 <eXp> CziQita - GUID: 032d6e70df3d067624c52f7be2b9f7a4 (unverified)
﻿14:01:39 : Verified GUID (032d6e70df3d067624c52f7be2b9f7a4) of player #3 <eXp> CziQita
﻿14:01:40 : Player #3 <eXp> CziQita - Legacy GUID: 5fe66ce3f47a21b2db2c180c820374dd
﻿14:02:28 : RCon admin #3: (Global) BASES MUST BE MAINTAINED VIA THE PLOT POLE EVERY 7 DAYS!!
﻿14:07:28 : RCon admin #3: (Global) Vehicles left in trader zones at restarts will be moved to the vehicle pound and unlocked
﻿14:08:46 : Player #6 Areanas (91.206.154.19:5302) connected
﻿14:08:48 : Player #6 Areanas - GUID: 845f71f68e552ef6a9c51335648e1c46 (unverified)
﻿14:08:48 : Player #6 Areanas - Legacy GUID: caee1e9729130435d01a7d0cb47a0492
﻿14:08:48 : Verified GUID (845f71f68e552ef6a9c51335648e1c46) of player #6 Areanas
﻿14:10:58 : Player #6 Areanas disconnected
﻿14:15:26 : Player #6 Cpt.Lee (91.206.154.19:5302) connected
﻿14:15:27 : Player #6 Cpt.Lee - GUID: 845f71f68e552ef6a9c51335648e1c46 (unverified)
﻿14:15:28 : Verified GUID (845f71f68e552ef6a9c51335648e1c46) of player #6 Cpt.Lee
﻿14:15:28 : Player #6 Cpt.Lee - Legacy GUID: caee1e9729130435d01a7d0cb47a0492
﻿14:18:29 : RCon admin #3: (Global) Admins: LWB, Sierra and Turmoil
﻿14:20:23 : RCon admin #4 (86.131.103.232:49341) logged in
﻿14:24:19 : Player #6 Cpt.Lee disconnected
﻿14:29:29 : Player #6 Cpt.Lee (91.206.154.19:5302) connected
﻿14:29:30 : Player #6 Cpt.Lee - GUID: 845f71f68e552ef6a9c51335648e1c46 (unverified)
﻿14:29:30 : Verified GUID (845f71f68e552ef6a9c51335648e1c46) of player #6 Cpt.Lee
﻿14:29:31 : Player #6 Cpt.Lee - Legacy GUID: caee1e9729130435d01a7d0cb47a0492
﻿14:29:35 : Player #6 Cpt.Lee disconnected
﻿14:32:28 : RCon admin #3: (Global) BASES MUST BE MAINTAINED VIA THE PLOT POLE EVERY 7 DAYS!!
﻿14:32:58 : Player #6 Cpt.Lee (91.206.154.19:5302) connected
﻿14:32:59 : Player #6 Cpt.Lee - GUID: 845f71f68e552ef6a9c51335648e1c46 (unverified)
﻿14:33:00 : Verified GUID (845f71f68e552ef6a9c51335648e1c46) of player #6 Cpt.Lee
﻿14:33:00 : Player #6 Cpt.Lee - Legacy GUID: caee1e9729130435d01a7d0cb47a0492
﻿14:37:03 : RCon admin #0 (86.131.103.232:53992) logged in
﻿14:37:29 : RCon admin #3: (Global) Vehicles left in trader zones at restarts will be moved to the vehicle pound and unlocked
﻿14:44:50 : Player #7 Robert (83.4.65.8:5302) connected
﻿14:44:52 : Player #7 Robert - GUID: 307b1eaf7951863c34adb1980824e975 (unverified)
﻿14:44:52 : Verified GUID (307b1eaf7951863c34adb1980824e975) of player #7 Robert
﻿14:44:52 : Player #7 Robert - Legacy GUID: 4c1f08c54d32d7b59a5c79c4e854fa09
﻿14:48:29 : RCon admin #3: (Global) Admins: LWB, Sierra and Turmoil
﻿14:49:27 : Player #8 <eXp> Gruby (83.30.166.28:5302) connected
﻿14:49:28 : Player #8 <eXp> Gruby - GUID: 7f82c53f48899ff2fd5b9489f8d17fb8 (unverified)
﻿14:49:28 : Verified GUID (7f82c53f48899ff2fd5b9489f8d17fb8) of player #8 <eXp> Gruby
﻿14:49:29 : Player #8 <eXp> Gruby - Legacy GUID: 61f8d59b40d145e9e0934b15ea495703
﻿14:49:39 : Player #7 Robert disconnected
﻿14:57:15 : RCon admin #1 (85.165.167.57:51611) logged in
﻿14:57:48 : RCon admin #1: (Global) Turmoil: Afternoon guys and girls (for the europeans at least) :)
﻿14:58:30 : Player #7 McButtMunch (76.28.114.145:5302) connected
﻿14:58:32 : Player #7 McButtMunch - GUID: f85d924eef8ecf481c0311b92c533589 (unverified)
﻿14:58:32 : Verified GUID (f85d924eef8ecf481c0311b92c533589) of player #7 McButtMunch
﻿14:58:32 : Player #7 McButtMunch - Legacy GUID: 20ba051b232828f079df6ba5cbdee1ef
﻿14:59:38 : Player #5 Ertyak disconnected
﻿15:02:29 : RCon admin #3: (Global) BASES MUST BE MAINTAINED VIA THE PLOT POLE EVERY 7 DAYS!!
﻿15:04:34 : Player #5 Thijs (89.98.196.221:5302) connected
﻿15:04:35 : Player #9 Twanyboy (84.85.14.155:5302) connected
﻿15:04:35 : Player #5 Thijs - GUID: ae66cc594c2ba42bc401a5c3181c11ad (unverified)
﻿15:04:36 : Player #9 Twanyboy - GUID: 26b615b5faf4e4f802f8e02b51784844 (unverified)
﻿15:04:36 : Verified GUID (ae66cc594c2ba42bc401a5c3181c11ad) of player #5 Thijs
﻿15:04:36 : Player #5 Thijs - Legacy GUID: 6381a799c1b7d34b4863411eedcbc6ae
﻿15:04:36 : Verified GUID (26b615b5faf4e4f802f8e02b51784844) of player #9 Twanyboy
﻿15:04:37 : Player #9 Twanyboy - Legacy GUID: 51fcb21cf28305cbb5cd78bdddcb1077
﻿15:04:44 : Player #10 StrAyF3R (91.206.155.2:5302) connected
﻿15:04:45 : Player #10 StrAyF3R - GUID: 799e4bc7f4306d124700a6c97f06a906 (unverified)
﻿15:04:46 : Verified GUID (799e4bc7f4306d124700a6c97f06a906) of player #10 StrAyF3R
﻿15:04:46 : Player #10 StrAyF3R - Owner GUID: 305db7d5147ccd92fee57cd96435b342
﻿15:04:46 : Player #10 StrAyF3R - Legacy GUID: bf87d1f3a186906890e10ac2ed7972c3
﻿15:06:44 : Player #10 StrAyF3R disconnected
﻿15:07:10 : Player #10 LaveHun (91.206.155.2:5302) connected
﻿15:07:12 : Player #10 LaveHun - GUID: 799e4bc7f4306d124700a6c97f06a906 (unverified)
﻿15:07:12 : Verified GUID (799e4bc7f4306d124700a6c97f06a906) of player #10 LaveHun
﻿15:07:12 : Player #10 LaveHun - Owner GUID: 305db7d5147ccd92fee57cd96435b342
﻿15:07:12 : Player #10 LaveHun - Legacy GUID: bf87d1f3a186906890e10ac2ed7972c3
﻿15:07:29 : RCon admin #3: (Global) Vehicles left in trader zones at restarts will be moved to the vehicle pound and unlocked
﻿15:15:47 : Player #11 Luke (73.4.190.95:5302) connected
﻿15:15:49 : Player #11 Luke - GUID: e1edfdab07cb6a3f4bd2b6fd4aa1b1b6 (unverified)
﻿15:15:50 : Player #11 Luke - Legacy GUID: df4c00ac07126b4668f018ae6af3fbb3
﻿15:15:50 : Verified GUID (e1edfdab07cb6a3f4bd2b6fd4aa1b1b6) of player #11 Luke
﻿15:18:29 : RCon admin #3: (Global) Admins: LWB, Sierra and Turmoil
﻿15:20:07 : Player #0 gocha (952d842d40a079bc17bef472961bba4b) has been kicked by BattlEye: Client not responding
﻿15:20:23 : Player #11 Luke (e1edfdab07cb6a3f4bd2b6fd4aa1b1b6) has been kicked by BattlEye: Client not responding
﻿15:20:46 : Player #0 Dont touch my Tralala (80.130.124.254:5302) connected
﻿15:20:47 : Player #0 Dont touch my Tralala - GUID: 5d9bb33c738a6e2632cea27bd877e7c0 (unverified)
﻿15:20:47 : Verified GUID (5d9bb33c738a6e2632cea27bd877e7c0) of player #0 Dont touch my Tralala
﻿15:20:48 : Player #0 Dont touch my Tralala - Legacy GUID: ac41e7d0c4417d6412502654e9b2c503
﻿15:22:29 : Player #11 gocha (195.68.190.250:5302) connected
﻿15:22:31 : Player #11 gocha - GUID: 952d842d40a079bc17bef472961bba4b (unverified)
﻿15:22:31 : Verified GUID (952d842d40a079bc17bef472961bba4b) of player #11 gocha
﻿15:22:33 : Player #11 gocha - Legacy GUID: e3753f7224c70706092114c28a0f50b2
﻿15:22:57 : Player #3 <eXp> CziQita disconnected
﻿15:23:59 : Player #0 Dont touch my Tralala (5d9bb33c738a6e2632cea27bd877e7c0) has been kicked by BattlEye: Client not responding
﻿15:25:27 : Player #0 Dont touch my Tralala (80.130.124.254:5302) connected
﻿15:25:28 : Player #0 Dont touch my Tralala - GUID: 5d9bb33c738a6e2632cea27bd877e7c0 (unverified)
﻿15:25:29 : Verified GUID (5d9bb33c738a6e2632cea27bd877e7c0) of player #0 Dont touch my Tralala
﻿15:25:29 : Player #0 Dont touch my Tralala - Legacy GUID: ac41e7d0c4417d6412502654e9b2c503
﻿15:31:22 : Player #3 bunny wabbit (73.143.57.248:5302) connected
﻿15:31:23 : Player #3 bunny wabbit - GUID: 3a6a83b2dfc62ca0fab249eca0de3db7 (unverified)
﻿15:31:24 : Verified GUID (3a6a83b2dfc62ca0fab249eca0de3db7) of player #3 bunny wabbit
﻿15:31:24 : Player #3 bunny wabbit - Legacy GUID: d84bf74e982a52087d741a65e0421e61
﻿15:32:29 : RCon admin #3: (Global) BASES MUST BE MAINTAINED VIA THE PLOT POLE EVERY 7 DAYS!!
﻿15:35:22 : Player #12 Black Angel (93.127.91.114:2304) connected
﻿15:35:23 : Player #12 Black Angel - GUID: ce9f8f5b44984f2bfd94fb70ccfee3fa (unverified)
﻿15:35:24 : Verified GUID (ce9f8f5b44984f2bfd94fb70ccfee3fa) of player #12 Black Angel
﻿15:35:24 : Player #12 Black Angel - Legacy GUID: a3900a5b2d638dd05ef2b5a9be59e07c
﻿15:35:39 : Player #10 LaveHun disconnected
﻿15:36:10 : Player #10 LaveHun (91.206.155.2:5302) connected
﻿15:36:12 : Player #10 LaveHun - GUID: 799e4bc7f4306d124700a6c97f06a906 (unverified)
﻿15:36:12 : Verified GUID (799e4bc7f4306d124700a6c97f06a906) of player #10 LaveHun
﻿15:36:12 : Player #10 LaveHun - Owner GUID: 305db7d5147ccd92fee57cd96435b342
﻿15:36:13 : Player #10 LaveHun - Legacy GUID: bf87d1f3a186906890e10ac2ed7972c3
﻿15:37:28 : RCon admin #3: (Global) Vehicles left in trader zones at restarts will be moved to the vehicle pound and unlocked
﻿15:37:48 : Player #2 <eXp> RafcioZG disconnected
﻿15:38:28 : Player #0 Dont touch my Tralala disconnected
﻿15:39:13 : Player #0 LWB [SD] (86.131.103.232:1024) connected
﻿15:39:14 : Player #0 LWB [SD] - GUID: bc07c7c39c76cf95a7a434d686d9df66 (unverified)
﻿15:39:15 : Verified GUID (bc07c7c39c76cf95a7a434d686d9df66) of player #0 LWB [SD]
﻿15:39:15 : Player #0 LWB [SD] - Legacy GUID: 977383e15b6c706cac44ca953ba440c7
﻿15:39:36 : RCon admin #3: (To Twanyboy) Watch your language. No Warnings left. Next badword will result in kick
﻿15:40:18 : Player #4 Daniel (fed7dd6ee1be385ad05561356d95a9c6) has been kicked by BattlEye: Admin Kick (Idiot)
﻿15:40:26 : Player #2 Nicola (176.127.26.20:5302) connected
﻿15:40:26 : Player #4 Daniel (87.166.125.247:2304) connected
﻿15:40:27 : Player #2 Nicola - GUID: e539a23d9f10bda6f4e1348b2db9a20c (unverified)
﻿15:40:27 : Verified GUID (e539a23d9f10bda6f4e1348b2db9a20c) of player #2 Nicola
﻿15:40:28 : Player #2 Nicola - Legacy GUID: c8522072308fba551ee2a05e5c4acb24
﻿15:40:28 : Player #4 Daniel - GUID: fed7dd6ee1be385ad05561356d95a9c6 (unverified)
﻿15:40:28 : Player #4 Daniel - Legacy GUID: 5d67fbd121a2188f19b0029c18671fda
﻿15:40:29 : Verified GUID (fed7dd6ee1be385ad05561356d95a9c6) of player #4 Daniel
﻿15:41:34 : RCon admin #1: (Global) Turmoil: mmmm?
﻿15:41:42 : Player #8 <eXp> Gruby disconnected
﻿15:42:10 : Player #4 Daniel (fed7dd6ee1be385ad05561356d95a9c6) has been kicked by BattlEye: Admin Ban (Duping)
﻿15:43:17 : RCon admin #1: (Global) Turmoil: ill go back to dinner, have fun LWB 
﻿15:43:29 : RCon admin #3: (Global) Server will restart in 10 minutes
﻿15:45:03 : Player #1 <eXp> RageBlack disconnected
﻿15:46:13 : Player #3 bunny wabbit disconnected
﻿15:47:00 : RCon admin #5 (86.131.103.232:58295) logged in
﻿15:47:00 : Player #7 McButtMunch disconnected
﻿15:47:55 : Player #10 LaveHun disconnected
﻿15:48:29 : RCon admin #3: (Global) Admins: LWB, Sierra and Turmoil
﻿15:48:29 : RCon admin #3: (Global) Server will restart in 5 minutes: Prepare to Logout
﻿15:48:45 : Player #6 Cpt.Lee disconnected
﻿15:50:08 : Player #9 Twanyboy disconnected
﻿15:50:16 : Player #1 Twanyboy (84.85.14.155:5302) connected
﻿15:50:17 : Player #1 Twanyboy - GUID: 26b615b5faf4e4f802f8e02b51784844 (unverified)
﻿15:50:18 : Verified GUID (26b615b5faf4e4f802f8e02b51784844) of player #1 Twanyboy
﻿15:50:18 : Player #1 Twanyboy - Legacy GUID: 51fcb21cf28305cbb5cd78bdddcb1077
﻿15:50:30 : Player #12 Black Angel disconnected
﻿15:51:29 : RCon admin #3: (Global) The Server is about to restart. LOG OUT NOW OR YOUR GEAR MAY BE LOST!!
﻿15:52:59 : RCon admin #3: (Global) YOU SHOULD BE LOGGED OUT BY NOW! IF YOU ARENT YOU WILL BE AUTO KICKED AND YOUR GEAR MAY BE LOST! NO REFUNDS!
﻿15:53:17 : Player #2 Nicola disconnected
﻿15:54:02 : Rcon client logging in
﻿15:54:02 : RCon admin #5 (78.31.67.100:56691) logged in
﻿15:54:35 : Player #0 Thijs (89.98.196.221:5302) connected
﻿15:54:36 : Player #0 Thijs - GUID: ae66cc594c2ba42bc401a5c3181c11ad (unverified)
﻿15:54:36 : Verified GUID (ae66cc594c2ba42bc401a5c3181c11ad) of player #0 Thijs
﻿15:54:37 : Player #0 Thijs - Legacy GUID: 6381a799c1b7d34b4863411eedcbc6ae
﻿15:54:39 : Player #1 Twanyboy (84.85.14.155:5302) connected
﻿15:54:40 : Player #1 Twanyboy - GUID: 26b615b5faf4e4f802f8e02b51784844 (unverified)
﻿15:54:40 : Verified GUID (26b615b5faf4e4f802f8e02b51784844) of player #1 Twanyboy
﻿15:54:41 : Player #1 Twanyboy - Legacy GUID: 51fcb21cf28305cbb5cd78bdddcb1077
﻿15:55:25 : Player #2 Cpt.Lee (91.206.154.19:5302) connected
﻿15:55:26 : Player #2 Cpt.Lee - GUID: 845f71f68e552ef6a9c51335648e1c46 (unverified)
﻿15:55:26 : Verified GUID (845f71f68e552ef6a9c51335648e1c46) of player #2 Cpt.Lee
﻿15:55:26 : Player #3 gocha (195.68.190.250:5302) connected
﻿15:55:27 : Player #2 Cpt.Lee - Legacy GUID: caee1e9729130435d01a7d0cb47a0492
﻿15:55:28 : Player #3 gocha - GUID: 952d842d40a079bc17bef472961bba4b (unverified)
﻿15:55:28 : Verified GUID (952d842d40a079bc17bef472961bba4b) of player #3 gocha
﻿15:55:28 : Player #3 gocha - Legacy GUID: e3753f7224c70706092114c28a0f50b2
﻿15:55:51 : Player #4 <eXp> RafcioZG (89.67.63.218:5302) connected
﻿15:55:52 : Player #4 <eXp> RafcioZG - GUID: 02ed733403835a8a8517265415d84023 (unverified)
﻿15:55:52 : Player #5 Nicola (176.127.26.20:5302) connected
﻿15:55:52 : Verified GUID (02ed733403835a8a8517265415d84023) of player #4 <eXp> RafcioZG
﻿15:55:53 : Player #4 <eXp> RafcioZG - Legacy GUID: c9c653dd820194488bd099e2b5e7f454
﻿15:55:53 : Player #5 Nicola - GUID: e539a23d9f10bda6f4e1348b2db9a20c (unverified)
﻿15:55:53 : Verified GUID (e539a23d9f10bda6f4e1348b2db9a20c) of player #5 Nicola
﻿15:55:54 : Player #5 Nicola - Legacy GUID: c8522072308fba551ee2a05e5c4acb24
﻿15:56:43 : Player #6 Josh (213.120.51.13:5302) connected
﻿15:56:45 : Player #6 Josh - GUID: 8e5a3a3d5d08855afb45e635b24eb27a (unverified)
﻿15:56:45 : Verified GUID (8e5a3a3d5d08855afb45e635b24eb27a) of player #6 Josh
﻿15:56:45 : Player #6 Josh - Legacy GUID: 71b0d1d55eaf8b78889281c5727d1a5e
﻿15:57:01 : Player #7 kek (86.151.11.9:5302) connected
﻿15:57:02 : Player #7 kek - GUID: 75ad98d170065f11cdceb38be97fac2b (unverified)
﻿15:57:02 : Verified GUID (75ad98d170065f11cdceb38be97fac2b) of player #7 kek
﻿15:57:03 : Player #7 kek - Legacy GUID: 13ab1520c1553cb0a97486817937bcec
﻿15:57:22 : Player #8 <eXp> Gruby (83.30.166.28:5302) connected
﻿15:57:23 : Player #8 <eXp> Gruby - GUID: 7f82c53f48899ff2fd5b9489f8d17fb8 (unverified)
﻿15:57:23 : Verified GUID (7f82c53f48899ff2fd5b9489f8d17fb8) of player #8 <eXp> Gruby
﻿15:57:24 : Player #8 <eXp> Gruby - Legacy GUID: 61f8d59b40d145e9e0934b15ea495703
﻿15:58:54 : Player #9 McButtMunch (76.28.114.145:5302) connected
﻿15:58:55 : Player #9 McButtMunch - GUID: f85d924eef8ecf481c0311b92c533589 (unverified)
﻿15:58:56 : Verified GUID (f85d924eef8ecf481c0311b92c533589) of player #9 McButtMunch
﻿15:58:56 : Player #9 McButtMunch - Legacy GUID: 20ba051b232828f079df6ba5cbdee1ef
﻿16:03:27 : Player #10 uncleT (108.221.159.192:5302) connected
﻿16:03:29 : Player #10 uncleT - Legacy GUID: 73a2259a31c5d81313f00832ace246b4
﻿16:03:30 : Player #10 uncleT - GUID: 49c11bea2b4fffbfec559ca8729dca81 (unverified)
﻿16:03:30 : Verified GUID (49c11bea2b4fffbfec559ca8729dca81) of player #10 uncleT
﻿16:08:03 : RCon admin #5: (Global) Vehicles left in trader zones at restarts will be moved to the vehicle pound and unlocked
﻿16:08:03 : Player #11 borys (185.17.163.57:5302) connected
﻿16:08:05 : Player #11 borys - GUID: 3d770266c222fbbd4e3281e76e50da3b (unverified)
﻿16:08:05 : Verified GUID (3d770266c222fbbd4e3281e76e50da3b) of player #11 borys
﻿16:08:05 : Player #11 borys - Legacy GUID: f65a6d255ba9143f7d123b818d704fe0
﻿16:12:33 : Player #12 LaveHun (91.206.155.2:5302) connected
﻿16:12:35 : Player #12 LaveHun - GUID: 799e4bc7f4306d124700a6c97f06a906 (unverified)
﻿16:12:35 : Verified GUID (799e4bc7f4306d124700a6c97f06a906) of player #12 LaveHun
﻿16:12:35 : Player #12 LaveHun - Owner GUID: 305db7d5147ccd92fee57cd96435b342
﻿16:12:36 : Player #12 LaveHun - Legacy GUID: bf87d1f3a186906890e10ac2ed7972c3
﻿16:13:22 : Player #13 Szosti (83.24.183.179:5091) connected
﻿16:13:23 : Player #13 Szosti - GUID: 627630e1f2f6e5154e9548a4bd892e41 (unverified)
﻿16:13:24 : Verified GUID (627630e1f2f6e5154e9548a4bd892e41) of player #13 Szosti
﻿16:13:24 : Player #13 Szosti - Legacy GUID: 942d32aec6acc78da68c8c27788a621d
﻿16:13:26 : Player #14 Robert (83.4.65.8:5302) connected
﻿16:13:28 : Player #14 Robert - GUID: 307b1eaf7951863c34adb1980824e975 (unverified)
﻿16:13:28 : Player #14 Robert - Legacy GUID: 4c1f08c54d32d7b59a5c79c4e854fa09
﻿16:13:28 : Verified GUID (307b1eaf7951863c34adb1980824e975) of player #14 Robert
﻿16:16:55 : Player #0 Thijs disconnected
﻿16:19:03 : RCon admin #5: (Global) Admins: LWB, Sierra and Turmoil
﻿16:22:46 : Player #0 bunny wabbit (73.143.57.248:5302) connected
﻿16:22:48 : Player #0 bunny wabbit - Legacy GUID: d84bf74e982a52087d741a65e0421e61
﻿16:22:48 : Player #0 bunny wabbit - GUID: 3a6a83b2dfc62ca0fab249eca0de3db7 (unverified)
﻿16:22:49 : Verified GUID (3a6a83b2dfc62ca0fab249eca0de3db7) of player #0 bunny wabbit
﻿16:23:07 : Player #15 JP zincster (72.172.26.218:5302) connected
﻿16:23:09 : Player #15 JP zincster - GUID: 50ad451735c6e43c868065c4ee85bdf8 (unverified)
﻿16:23:09 : Player #15 JP zincster - Legacy GUID: 2edff26982cf59bd1fdcce1aa6bb92d7
﻿16:23:09 : Verified GUID (50ad451735c6e43c868065c4ee85bdf8) of player #15 JP zincster
﻿16:23:13 : Player #15 JP zincster disconnected
﻿16:26:34 : Player #15 Zak (86.128.93.68:5302) connected
﻿16:26:35 : Player #15 Zak - GUID: f9e8f25304b0dbb4792c4a3a1ec9ce12 (unverified)
﻿16:26:35 : Verified GUID (f9e8f25304b0dbb4792c4a3a1ec9ce12) of player #15 Zak
﻿16:26:36 : Player #15 Zak - Legacy GUID: 94dcc3aed071708b9561533f3095be81
﻿16:26:45 : Player #16 SideShowFreak (73.249.196.61:5302) connected
﻿16:26:47 : Player #16 SideShowFreak - GUID: e3751a64f75cdf1dce661b06d18ffaf2 (unverified)
﻿16:26:47 : Player #16 SideShowFreak - Legacy GUID: 1daabf5a8ca23f2ee8eb7bf7ad943bbb
﻿16:26:48 : Verified GUID (e3751a64f75cdf1dce661b06d18ffaf2) of player #16 SideShowFreak
﻿16:27:23 : Player #17 William (68.114.141.166:5302) connected
﻿16:27:25 : Player #17 William - GUID: 8309777f4e0f08c727a00572645aad9d (unverified)
﻿16:27:25 : Verified GUID (8309777f4e0f08c727a00572645aad9d) of player #17 William
﻿16:27:25 : Player #17 William - Legacy GUID: c96a14702ce04ea54316d90f5dbdf247
﻿16:28:31 : RCon admin #6 (86.131.103.232:51081) logged in
﻿16:29:41 : Player #16 SideShowFreak disconnected
﻿16:29:43 : Player #15 Zak disconnected
﻿16:29:48 : Player #15 Thijs (89.98.196.221:5302) connected
﻿16:29:49 : Player #15 Thijs - GUID: ae66cc594c2ba42bc401a5c3181c11ad (unverified)
﻿16:29:50 : Player #15 Thijs - Legacy GUID: 6381a799c1b7d34b4863411eedcbc6ae
﻿16:29:50 : Verified GUID (ae66cc594c2ba42bc401a5c3181c11ad) of player #15 Thijs
﻿16:33:03 : RCon admin #5: (Global) BASES MUST BE MAINTAINED VIA THE PLOT POLE EVERY 7 DAYS!!
﻿16:33:21 : Player #16 boid (109.148.129.113:5302) connected
﻿16:33:22 : Player #16 boid - GUID: 70cbff6ffdf7f60aacf0cdae88c45fbc (unverified)
﻿16:33:23 : Player #16 boid - Legacy GUID: b4d3c1d1b854e4fd4e7ebcf4a0c35b6e
﻿16:33:23 : Verified GUID (70cbff6ffdf7f60aacf0cdae88c45fbc) of player #16 boid
﻿16:33:26 : Player #16 boid disconnected
﻿16:36:19 : Player #16 LYD (82.41.226.125:5302) connected
﻿16:36:21 : Player #16 LYD - GUID: 976b9a75eedf87583a10222350c42fa8 (unverified)
﻿16:36:21 : Player #16 LYD - Legacy GUID: 43d715542736a82c1c17084a07761533
﻿16:36:22 : Verified GUID (976b9a75eedf87583a10222350c42fa8) of player #16 LYD
﻿16:37:47 : Player #18 boid (109.148.129.113:5302) connected
﻿16:37:48 : Player #18 boid - GUID: 70cbff6ffdf7f60aacf0cdae88c45fbc (unverified)
﻿16:37:49 : Verified GUID (70cbff6ffdf7f60aacf0cdae88c45fbc) of player #18 boid
﻿16:37:49 : Player #18 boid - Legacy GUID: b4d3c1d1b854e4fd4e7ebcf4a0c35b6e
﻿16:37:55 : Player #4 <eXp> RafcioZG disconnected
﻿16:38:03 : RCon admin #5: (Global) Vehicles left in trader zones at restarts will be moved to the vehicle pound and unlocked
﻿16:38:05 : Player #8 <eXp> Gruby disconnected
﻿16:43:48 : Player #4 LWB [SD] (86.131.103.232:1024) connected
﻿16:43:50 : Player #4 LWB [SD] - GUID: bc07c7c39c76cf95a7a434d686d9df66 (unverified)
﻿16:43:50 : Verified GUID (bc07c7c39c76cf95a7a434d686d9df66) of player #4 LWB [SD]
﻿16:43:51 : Player #4 LWB [SD] - Legacy GUID: 977383e15b6c706cac44ca953ba440c7
﻿16:44:01 : Player #8 Ekiholic (115.66.218.133:5302) connected
﻿16:44:02 : Player #8 Ekiholic - GUID: f8fa1bc51c245b565218f155693dada7 (unverified)
﻿16:44:03 : Verified GUID (f8fa1bc51c245b565218f155693dada7) of player #8 Ekiholic
﻿16:44:03 : Player #8 Ekiholic - Legacy GUID: 2d1939fce9af430eba4f34f8cd8c5b88
﻿16:44:50 : Player #8 Ekiholic (f8fa1bc51c245b565218f155693dada7) has been kicked by BattlEye: Ping too high (343)
﻿16:45:35 : Player #8 Yami (182.55.186.186:5302) connected
﻿16:45:37 : Player #8 Yami - GUID: 32b3ed561d1e8b01707d235e0cd7c59c (unverified)
﻿16:45:37 : Player #8 Yami - Legacy GUID: 26956bfb5eae8449f6bdedf859aa0aae
﻿16:45:38 : Verified GUID (32b3ed561d1e8b01707d235e0cd7c59c) of player #8 Yami
﻿16:46:02 : Player #17 William disconnected
﻿16:46:24 : Player #8 Yami (32b3ed561d1e8b01707d235e0cd7c59c) has been kicked by BattlEye: Ping too high (344)
﻿16:47:55 : Player #15 Thijs disconnected
﻿16:49:03 : RCon admin #5: (Global) Admins: LWB, Sierra and Turmoil
﻿16:50:04 : Player #18 boid disconnected
﻿16:50:05 : Player #7 kek disconnected
﻿16:51:40 : Player #2 Cpt.Lee disconnected
﻿16:53:34 : Player #2 CharlieH (86.165.13.82:5302) connected
﻿16:53:35 : Player #2 CharlieH - GUID: a0cb91909148b6fafb25fb4509fa3881 (unverified)
﻿16:53:36 : Player #2 CharlieH - Legacy GUID: fdb700dfd6cb27e85818393eba19fc14
﻿16:53:36 : Verified GUID (a0cb91909148b6fafb25fb4509fa3881) of player #2 CharlieH
﻿16:53:37 : Player #2 CharlieH disconnected
﻿16:56:39 : Player #2 ButterMyToast (108.30.41.86:5302) connected
﻿16:56:40 : Player #2 ButterMyToast - GUID: eda2e03b92be36f4da639280c97f716d (unverified)
﻿16:56:41 : Player #2 ButterMyToast - Legacy GUID: 979508c294244ed2a813f9a3ba703b0a
﻿16:56:41 : Verified GUID (eda2e03b92be36f4da639280c97f716d) of player #2 ButterMyToast
﻿16:57:59 : Player #7 SpedSandwich (74.72.170.109:5302) connected
﻿16:58:01 : Player #7 SpedSandwich - GUID: a255897d68bc20e0c10a6464d406c642 (unverified)
﻿16:58:01 : Player #7 SpedSandwich - Legacy GUID: d391229d49d525b0c855a89cf40fe552
﻿16:58:02 : Verified GUID (a255897d68bc20e0c10a6464d406c642) of player #7 SpedSandwich
﻿16:59:00 : Player #8 DirtyAlex (5.141.195.206:39229) connected
﻿16:59:01 : Player #8 DirtyAlex - GUID: 6b1dfa10bdfb55bf5607214e66110e76 (unverified)
﻿16:59:02 : Verified GUID (6b1dfa10bdfb55bf5607214e66110e76) of player #8 DirtyAlex
﻿16:59:02 : Player #8 DirtyAlex - Legacy GUID: 62b15f1e4392515f31021bca6b2b5d03
﻿17:00:05 : Player #14 Robert disconnected
﻿17:03:03 : RCon admin #5: (Global) BASES MUST BE MAINTAINED VIA THE PLOT POLE EVERY 7 DAYS!!
﻿17:05:15 : Player #14 stken (94.50.4.120:25890) connected
﻿17:05:16 : Player #14 stken - GUID: 5eb9bbef4fc4458e82c63f084a03fe2c (unverified)
﻿17:05:17 : Player #14 stken - Legacy GUID: ef3487dc52830d70426b32a102c9f813
﻿17:05:17 : Verified GUID (5eb9bbef4fc4458e82c63f084a03fe2c) of player #14 stken
﻿17:05:54 : Player #15 Jax (109.86.107.249:5302) connected
﻿17:05:55 : Player #15 Jax - GUID: 84bee7310c50e98d236a2952902fb2f8 (unverified)
﻿17:05:56 : Player #15 Jax - Legacy GUID: 012fd47e57492c12bf6db993c3fd12df
﻿17:05:56 : Verified GUID (84bee7310c50e98d236a2952902fb2f8) of player #15 Jax
﻿17:05:57 : Player #17 Nikita (81.9.55.39:5302) connected
﻿17:05:58 : Player #17 Nikita - GUID: 51e18485f588e4be8e4d9940aaacca6a (unverified)
﻿17:05:59 : Player #17 Nikita - Legacy GUID: ebc17038aa941091a623877304441c0c
﻿17:05:59 : Verified GUID (51e18485f588e4be8e4d9940aaacca6a) of player #17 Nikita
﻿17:06:01 : Player #6 Josh (8e5a3a3d5d08855afb45e635b24eb27a) has been kicked by BattlEye: Client not responding
﻿17:06:42 : Player #6 Josh (213.120.51.13:5302) connected
﻿17:06:43 : Player #6 Josh - GUID: 8e5a3a3d5d08855afb45e635b24eb27a (unverified)
﻿17:06:44 : Verified GUID (8e5a3a3d5d08855afb45e635b24eb27a) of player #6 Josh
﻿17:06:44 : Player #6 Josh - Legacy GUID: 71b0d1d55eaf8b78889281c5727d1a5e
﻿17:08:03 : RCon admin #5: (Global) Vehicles left in trader zones at restarts will be moved to the vehicle pound and unlocked
﻿17:09:32 : RCon admin #2 (86.131.103.232:53762) logged in
﻿17:13:23 : Player #2 ButterMyToast disconnected
﻿17:14:28 : Player #7 SpedSandwich disconnected
﻿17:19:03 : RCon admin #5: (Global) Admins: LWB, Sierra and Turmoil
﻿17:32:25 : Player #2 Cpt.Lee (91.206.154.19:5302) connected
﻿17:32:26 : Player #2 Cpt.Lee - GUID: 845f71f68e552ef6a9c51335648e1c46 (unverified)
﻿17:32:26 : Verified GUID (845f71f68e552ef6a9c51335648e1c46) of player #2 Cpt.Lee
﻿17:32:27 : Player #2 Cpt.Lee - Legacy GUID: caee1e9729130435d01a7d0cb47a0492
﻿17:33:03 : RCon admin #5: (Global) BASES MUST BE MAINTAINED VIA THE PLOT POLE EVERY 7 DAYS!!
﻿17:33:44 : Player #13 Szosti disconnected
﻿17:34:07 : Player #11 borys disconnected
﻿17:37:41 : Player #15 Jax disconnected
﻿17:38:03 : RCon admin #5: (Global) Vehicles left in trader zones at restarts will be moved to the vehicle pound and unlocked
﻿17:38:49 : Player #1 Twanyboy disconnected
﻿17:39:30 : Player #1 Twanyboy (84.85.14.155:5302) connected
﻿17:39:31 : Player #1 Twanyboy - GUID: 26b615b5faf4e4f802f8e02b51784844 (unverified)
﻿17:39:31 : Verified GUID (26b615b5faf4e4f802f8e02b51784844) of player #1 Twanyboy
﻿17:39:32 : Player #1 Twanyboy - Legacy GUID: 51fcb21cf28305cbb5cd78bdddcb1077
﻿17:44:03 : Player #7 <eXp> Gruby (83.30.166.28:5302) connected
﻿17:44:04 : Player #7 <eXp> Gruby - GUID: 7f82c53f48899ff2fd5b9489f8d17fb8 (unverified)
﻿17:44:05 : Verified GUID (7f82c53f48899ff2fd5b9489f8d17fb8) of player #7 <eXp> Gruby
﻿17:44:05 : Player #7 <eXp> Gruby - Legacy GUID: 61f8d59b40d145e9e0934b15ea495703
﻿17:46:28 : Player #11 Jax (109.86.107.249:5302) connected
﻿17:46:29 : Player #11 Jax - GUID: 84bee7310c50e98d236a2952902fb2f8 (unverified)
﻿17:46:30 : Player #11 Jax - Legacy GUID: 012fd47e57492c12bf6db993c3fd12df
﻿17:46:30 : Verified GUID (84bee7310c50e98d236a2952902fb2f8) of player #11 Jax
﻿17:49:03 : RCon admin #5: (Global) Admins: LWB, Sierra and Turmoil
﻿17:49:48 : Player #13 Koduarvuti (194.150.65.29:11988) connected
﻿17:49:49 : Player #13 Koduarvuti - GUID: fe178f611f1691c32c87efdc7fc8b570 (unverified)
﻿17:49:50 : Verified GUID (fe178f611f1691c32c87efdc7fc8b570) of player #13 Koduarvuti
﻿17:49:50 : Player #13 Koduarvuti - Legacy GUID: 7755a1ad2ce2e3796359b04b1ff424fe
﻿17:49:54 : Player #13 Koduarvuti disconnected
﻿17:52:57 : Player #13 makkara [Congo] (188.67.18.232:5302) connected
﻿17:52:58 : Player #13 makkara [Congo] - GUID: 0771c0077753cf49d659132014831198 (unverified)
﻿17:52:59 : Player #13 makkara [Congo] - Legacy GUID: f85907a9fca3682e53d188455a700138
﻿17:52:59 : Verified GUID (0771c0077753cf49d659132014831198) of player #13 makkara [Congo]
﻿17:53:03 : Player #13 makkara [Congo] disconnected
﻿17:58:03 : Player #13 DILLIGAF (76.1.65.86:5302) connected
﻿17:58:04 : Player #13 DILLIGAF - GUID: fb9e16365145873ee90e700f15f4719a (unverified)
﻿17:58:05 : Verified GUID (fb9e16365145873ee90e700f15f4719a) of player #13 DILLIGAF
﻿17:58:05 : Player #13 DILLIGAF - Legacy GUID: e9635cb1985cde53ec2d4336bbe97058
﻿18:03:03 : RCon admin #5: (Global) BASES MUST BE MAINTAINED VIA THE PLOT POLE EVERY 7 DAYS!!
﻿18:05:13 : Player #15 makkara [Congo] (188.67.18.232:5302) connected
﻿18:05:15 : Player #15 makkara [Congo] - GUID: 0771c0077753cf49d659132014831198 (unverified)
﻿18:05:15 : Player #15 makkara [Congo] - Legacy GUID: f85907a9fca3682e53d188455a700138
﻿18:05:15 : Verified GUID (0771c0077753cf49d659132014831198) of player #15 makkara [Congo]
﻿18:08:02 : RCon admin #5: (Global) Vehicles left in trader zones at restarts will be moved to the vehicle pound and unlocked
﻿18:11:01 : Player #10 uncleT disconnected
﻿18:11:09 : Player #10 BooBee (141.136.159.245:5302) connected
﻿18:11:11 : Player #10 BooBee - GUID: 623c98c7d37fd4ac3f7fc9c18f50885f (unverified)
﻿18:11:11 : Player #10 BooBee - Legacy GUID: 691d111230185718e24741a47d324d94
﻿18:11:12 : Verified GUID (623c98c7d37fd4ac3f7fc9c18f50885f) of player #10 BooBee
﻿18:12:03 : Player #17 Nikita disconnected
﻿18:12:07 : Player #7 <eXp> Gruby disconnected
﻿18:12:54 : Player #11 Jax disconnected
﻿18:14:03 : RCon admin #5: (Global) Server will restart in 10 minutes
﻿18:14:28 : Player #16 LYD disconnected
﻿18:14:48 : RCon admin #6 (86.131.103.232:50424) logged in
﻿18:15:32 : Player #7 LYD (82.41.226.125:5302) connected
﻿18:15:34 : Player #7 LYD - GUID: 976b9a75eedf87583a10222350c42fa8 (unverified)
﻿18:15:34 : Player #7 LYD - Legacy GUID: 43d715542736a82c1c17084a07761533
﻿18:15:35 : Verified GUID (976b9a75eedf87583a10222350c42fa8) of player #7 LYD
﻿18:15:47 : Player #13 DILLIGAF disconnected
﻿18:16:15 : Player #15 makkara [Congo] disconnected
﻿18:16:47 : Player #10 BooBee disconnected
﻿18:18:59 : Player #10 Ertyak (80.232.87.56:5302) connected
﻿18:19:00 : Player #10 Ertyak - GUID: fcb74c6c2d045e3e59518fa44903ac0f (unverified)
﻿18:19:01 : Verified GUID (fcb74c6c2d045e3e59518fa44903ac0f) of player #10 Ertyak
﻿18:19:01 : Player #10 Ertyak - Legacy GUID: 59b3e1e2afb9de6c65e7872bce75eee2
﻿18:19:03 : RCon admin #5: (Global) Admins: LWB, Sierra and Turmoil
﻿18:19:03 : RCon admin #5: (Global) Server will restart in 5 minutes: Prepare to Logout
﻿18:19:24 : Player #11 MuwKa_6aHguT (94.141.53.101:2304) connected
﻿18:19:26 : Player #11 MuwKa_6aHguT - GUID: 6fdc0a585ec234c8824d7419730495b2 (unverified)
﻿18:19:26 : Verified GUID (6fdc0a585ec234c8824d7419730495b2) of player #11 MuwKa_6aHguT
﻿18:19:27 : Player #11 MuwKa_6aHguT - Legacy GUID: f02ae2950e51a0624fee800da61164ca
﻿18:19:27 : Player #11 MuwKa_6aHguT disconnected
﻿18:20:35 : Player #6 Josh disconnected
﻿18:20:36 : Player #0 bunny wabbit disconnected
﻿18:20:36 : Player #7 LYD disconnected
﻿18:20:36 : Player #9 McButtMunch disconnected
﻿18:22:03 : RCon admin #5: (Global) The Server is about to restart. LOG OUT NOW OR YOUR GEAR MAY BE LOST!!
﻿18:22:08 : Player #10 Ertyak disconnected
﻿18:23:32 : Player #14 stken disconnected
﻿18:23:33 : RCon admin #5: (Global) YOU SHOULD BE LOGGED OUT BY NOW! IF YOU ARENT YOU WILL BE AUTO KICKED AND YOUR GEAR MAY BE LOST! NO REFUNDS!
﻿18:23:42 : Player #8 DirtyAlex disconnected
﻿18:23:58 : Player #5 Nicola disconnected
﻿18:24:36 : Rcon client logging in
﻿18:24:36 : RCon admin #5 (78.31.67.100:52101) logged in
﻿18:24:51 : Player #1 <eXp> RafcioZG (89.67.63.218:5302) connected
﻿18:24:52 : Player #1 <eXp> RafcioZG - GUID: 02ed733403835a8a8517265415d84023 (unverified)
﻿18:24:53 : Verified GUID (02ed733403835a8a8517265415d84023) of player #1 <eXp> RafcioZG
﻿18:24:53 : Player #2 Rumple (86.163.225.142:5302) connected
﻿18:24:53 : Player #1 <eXp> RafcioZG - Legacy GUID: c9c653dd820194488bd099e2b5e7f454
﻿18:24:54 : Player #2 Rumple - GUID: 6b4e2d4dee1ba25c37397f61086d849f (unverified)
﻿18:24:55 : Verified GUID (6b4e2d4dee1ba25c37397f61086d849f) of player #2 Rumple
﻿18:24:55 : Player #2 Rumple - Legacy GUID: c02996bbbf5b100277526e50930f9b51
﻿18:25:08 : Player #3 DirtyAlex (5.141.195.206:31612) connected
﻿18:25:08 : Player #4 makkara [Congo] (188.67.18.232:5302) connected
﻿18:25:09 : Player #3 DirtyAlex - GUID: 6b1dfa10bdfb55bf5607214e66110e76 (unverified)
﻿18:25:09 : Verified GUID (6b1dfa10bdfb55bf5607214e66110e76) of player #3 DirtyAlex
﻿18:25:09 : Player #4 makkara [Congo] - GUID: 0771c0077753cf49d659132014831198 (unverified)
﻿18:25:10 : Player #3 DirtyAlex - Legacy GUID: 62b15f1e4392515f31021bca6b2b5d03
﻿18:25:10 : Verified GUID (0771c0077753cf49d659132014831198) of player #4 makkara [Congo]
﻿18:25:10 : Player #5 stken (94.50.4.120:43974) connected
﻿18:25:10 : Player #4 makkara [Congo] - Legacy GUID: f85907a9fca3682e53d188455a700138
﻿18:25:11 : Player #5 stken - GUID: 5eb9bbef4fc4458e82c63f084a03fe2c (unverified)
﻿18:25:11 : Verified GUID (5eb9bbef4fc4458e82c63f084a03fe2c) of player #5 stken
﻿18:25:12 : Player #5 stken - Legacy GUID: ef3487dc52830d70426b32a102c9f813
﻿18:25:12 : Player #6 Castie (88.95.90.8:5302) connected
﻿18:25:14 : Player #6 Castie - GUID: 63ca1226380bef5393c4438957b72a57 (unverified)
﻿18:25:14 : Verified GUID (63ca1226380bef5393c4438957b72a57) of player #6 Castie
﻿18:25:14 : Player #6 Castie - Legacy GUID: d3684299c1b135311c3e6f220e299be0
﻿18:25:29 : Player #7 Josh (213.120.51.13:5302) connected
﻿18:25:31 : Player #7 Josh - GUID: 8e5a3a3d5d08855afb45e635b24eb27a (unverified)
﻿18:25:31 : Verified GUID (8e5a3a3d5d08855afb45e635b24eb27a) of player #7 Josh
﻿18:25:31 : Player #7 Josh - Legacy GUID: 71b0d1d55eaf8b78889281c5727d1a5e
﻿18:25:49 : Player #8 Romeo Waffle (62.30.122.94:5302) connected
﻿18:25:51 : Player #8 Romeo Waffle - GUID: c9e4ebfc873ff7b6c8c7c43715f9f4b9 (unverified)
﻿18:25:51 : Verified GUID (c9e4ebfc873ff7b6c8c7c43715f9f4b9) of player #8 Romeo Waffle
﻿18:25:51 : Player #8 Romeo Waffle - Legacy GUID: 39c7e50395557b2fce1372d07d6fdbe1
﻿18:25:53 : Player #9 <eXp> CziQita (85.202.152.128:5302) connected
﻿18:25:55 : Player #9 <eXp> CziQita - GUID: 032d6e70df3d067624c52f7be2b9f7a4 (unverified)
﻿18:25:55 : Verified GUID (032d6e70df3d067624c52f7be2b9f7a4) of player #9 <eXp> CziQita
﻿18:25:55 : Player #9 <eXp> CziQita - Legacy GUID: 5fe66ce3f47a21b2db2c180c820374dd
﻿18:27:36 : Player #10 gocha (195.68.190.250:5302) connected
﻿18:27:38 : Player #10 gocha - GUID: 952d842d40a079bc17bef472961bba4b (unverified)
﻿18:27:39 : Verified GUID (952d842d40a079bc17bef472961bba4b) of player #10 gocha
﻿18:27:40 : Player #10 gocha - Legacy GUID: e3753f7224c70706092114c28a0f50b2
﻿18:29:06 : Player #4 makkara [Congo] disconnected
﻿18:30:27 : Player #4 iamco_000 (23.121.104.95:5302) connected
﻿18:30:27 : Player #11 uncleT (108.221.159.192:5302) connected
﻿18:30:31 : Player #11 uncleT - GUID: 49c11bea2b4fffbfec559ca8729dca81 (unverified)
﻿18:30:32 : Verified GUID (49c11bea2b4fffbfec559ca8729dca81) of player #11 uncleT
﻿18:30:33 : Player #4 iamco_000 - GUID: f31216d0c0d89ca1f05ae4e27249a575 (unverified)
﻿18:30:33 : Verified GUID (f31216d0c0d89ca1f05ae4e27249a575) of player #4 iamco_000
﻿18:30:33 : Player #11 uncleT - Legacy GUID: 73a2259a31c5d81313f00832ace246b4
﻿18:30:35 : Player #4 iamco_000 - Legacy GUID: 1b847b8077a146768c684ec48305b3b1
﻿18:31:46 : Player #12 Jax (109.86.107.249:5302) connected
﻿18:31:47 : Player #12 Jax - GUID: 84bee7310c50e98d236a2952902fb2f8 (unverified)
﻿18:31:48 : Verified GUID (84bee7310c50e98d236a2952902fb2f8) of player #12 Jax
﻿18:31:48 : Player #12 Jax - Legacy GUID: 012fd47e57492c12bf6db993c3fd12df
﻿18:34:46 : Player #13 LaveHun (91.206.155.2:5302) connected
﻿18:34:47 : Player #13 LaveHun - GUID: 799e4bc7f4306d124700a6c97f06a906 (unverified)
﻿18:34:48 : Verified GUID (799e4bc7f4306d124700a6c97f06a906) of player #13 LaveHun
﻿18:34:48 : Player #13 LaveHun - Owner GUID: 305db7d5147ccd92fee57cd96435b342
﻿18:34:48 : Player #13 LaveHun - Legacy GUID: bf87d1f3a186906890e10ac2ed7972c3
﻿18:34:56 : Player #13 LaveHun disconnected
﻿18:35:34 : Player #13 LaveHun (91.206.155.2:5302) connected
﻿18:35:35 : Player #13 LaveHun - GUID: 799e4bc7f4306d124700a6c97f06a906 (unverified)
﻿18:35:35 : Verified GUID (799e4bc7f4306d124700a6c97f06a906) of player #13 LaveHun
﻿18:35:36 : Player #13 LaveHun - Owner GUID: 305db7d5147ccd92fee57cd96435b342
﻿18:35:36 : Player #13 LaveHun - Legacy GUID: bf87d1f3a186906890e10ac2ed7972c3
﻿18:36:18 : Player #14 Cpt.Lee (91.206.154.19:5302) connected
﻿18:36:20 : Player #14 Cpt.Lee - GUID: 845f71f68e552ef6a9c51335648e1c46 (unverified)
﻿18:36:20 : Player #14 Cpt.Lee - Legacy GUID: caee1e9729130435d01a7d0cb47a0492
﻿18:36:21 : Verified GUID (845f71f68e552ef6a9c51335648e1c46) of player #14 Cpt.Lee
﻿18:37:51 : Player #14 Cpt.Lee disconnected
﻿18:38:37 : RCon admin #5: (Global) Vehicles left in trader zones at restarts will be moved to the vehicle pound and unlocked
﻿18:39:34 : Player #14 Cpt.Lee (91.206.154.19:5302) connected
﻿18:39:35 : Player #14 Cpt.Lee - GUID: 845f71f68e552ef6a9c51335648e1c46 (unverified)
﻿18:39:36 : Verified GUID (845f71f68e552ef6a9c51335648e1c46) of player #14 Cpt.Lee
﻿18:39:36 : Player #14 Cpt.Lee - Legacy GUID: caee1e9729130435d01a7d0cb47a0492
﻿18:49:37 : RCon admin #5: (Global) Admins: LWB, Sierra and Turmoil
﻿18:52:56 : Player #12 Jax disconnected
﻿18:53:20 : Player #12 bunny wabbit (73.143.57.248:5302) connected
﻿18:53:22 : Player #12 bunny wabbit - GUID: 3a6a83b2dfc62ca0fab249eca0de3db7 (unverified)
﻿18:53:22 : Player #12 bunny wabbit - Legacy GUID: d84bf74e982a52087d741a65e0421e61
﻿18:53:22 : Verified GUID (3a6a83b2dfc62ca0fab249eca0de3db7) of player #12 bunny wabbit
﻿18:54:13 : Player #15 McButtMunch (76.28.114.145:5302) connected
﻿18:54:15 : Player #15 McButtMunch - GUID: f85d924eef8ecf481c0311b92c533589 (unverified)
﻿18:54:16 : Player #15 McButtMunch - Legacy GUID: 20ba051b232828f079df6ba5cbdee1ef
﻿18:54:16 : Verified GUID (f85d924eef8ecf481c0311b92c533589) of player #15 McButtMunch
﻿19:01:21 : Player #16 Ash Ketchup (109.148.119.49:5302) connected
﻿19:01:22 : Player #16 Ash Ketchup - GUID: f5b18265d4baceec16043313f3a7fbce (unverified)
﻿19:01:23 : Player #16 Ash Ketchup - Legacy GUID: 24df1fd5d05bb7ff6925ecf03c6da838
﻿19:01:23 : Verified GUID (f5b18265d4baceec16043313f3a7fbce) of player #16 Ash Ketchup
﻿19:01:31 : Player #5 stken disconnected
﻿19:01:44 : Player #3 DirtyAlex disconnected
﻿19:03:37 : RCon admin #5: (Global) BASES MUST BE MAINTAINED VIA THE PLOT POLE EVERY 7 DAYS!!
﻿19:04:27 : Player #10 gocha disconnected
﻿19:04:43 : Player #3 Luke (73.4.190.95:5302) connected
﻿19:04:45 : Player #3 Luke - GUID: e1edfdab07cb6a3f4bd2b6fd4aa1b1b6 (unverified)
﻿19:04:46 : Verified GUID (e1edfdab07cb6a3f4bd2b6fd4aa1b1b6) of player #3 Luke
﻿19:04:47 : Player #3 Luke - Legacy GUID: df4c00ac07126b4668f018ae6af3fbb3
﻿19:06:06 : Player #16 Ash Ketchup disconnected
﻿19:07:20 : Player #13 LaveHun disconnected
﻿19:07:55 : Player #5 LaveHun (91.206.155.2:5302) connected
﻿19:07:57 : Player #5 LaveHun - GUID: 799e4bc7f4306d124700a6c97f06a906 (unverified)
﻿19:07:57 : Player #5 LaveHun - Legacy GUID: bf87d1f3a186906890e10ac2ed7972c3
﻿19:07:58 : Verified GUID (799e4bc7f4306d124700a6c97f06a906) of player #5 LaveHun
﻿19:07:58 : Player #5 LaveHun - Owner GUID: 305db7d5147ccd92fee57cd96435b342
﻿19:08:37 : RCon admin #5: (Global) Vehicles left in trader zones at restarts will be moved to the vehicle pound and unlocked
﻿19:11:22 : RCon admin #6 (86.131.103.232:54610) logged in
﻿19:12:38 : Player #10 schovB (77.215.185.244:59777) connected
﻿19:12:39 : Player #10 schovB - GUID: 80ea73a20162e3623af9894ace59e2b1 (unverified)
﻿19:12:40 : Verified GUID (80ea73a20162e3623af9894ace59e2b1) of player #10 schovB
﻿19:12:40 : Player #10 schovB - Legacy GUID: 304d62cc1c4ff732fee488fa9116438f
﻿19:14:08 : Player #13 Austin (73.11.14.255:5302) connected
﻿19:14:10 : Player #13 Austin - GUID: ad1bdd770a44db94317a49dc370bbb57 (unverified)
﻿19:14:11 : Verified GUID (ad1bdd770a44db94317a49dc370bbb57) of player #13 Austin
﻿19:14:12 : Player #13 Austin - Legacy GUID: c5607edeb2ccb14b9522efbc38121d75
﻿19:16:04 : Player #13 Austin disconnected
﻿19:17:27 : Player #13 Jax (109.86.107.249:5302) connected
﻿19:17:29 : Player #13 Jax - GUID: 84bee7310c50e98d236a2952902fb2f8 (unverified)
﻿19:17:29 : Player #13 Jax - Legacy GUID: 012fd47e57492c12bf6db993c3fd12df
﻿19:17:29 : Verified GUID (84bee7310c50e98d236a2952902fb2f8) of player #13 Jax
﻿19:19:37 : RCon admin #5: (Global) Admins: LWB, Sierra and Turmoil
﻿19:20:22 : Player #16 Havabanga (109.86.107.249:1024) connected
﻿19:20:23 : Player #16 Havabanga - GUID: d572c422f2c5f5b3344cb238dea0201c (unverified)
﻿19:20:24 : Verified GUID (d572c422f2c5f5b3344cb238dea0201c) of player #16 Havabanga
﻿19:20:24 : Player #16 Havabanga - Legacy GUID: f1a37b7134cd09a9c6d47c4d870e2f67
﻿19:25:44 : Player #17 stken (94.50.4.120:43213) connected
﻿19:25:46 : Player #17 stken - GUID: 5eb9bbef4fc4458e82c63f084a03fe2c (unverified)
﻿19:25:46 : Verified GUID (5eb9bbef4fc4458e82c63f084a03fe2c) of player #17 stken
﻿19:25:47 : Player #17 stken - Legacy GUID: ef3487dc52830d70426b32a102c9f813
﻿19:27:05 : Player #18 <eXp> RageBlack (109.197.175.165:5302) connected
﻿19:27:06 : Player #18 <eXp> RageBlack - GUID: b53b5f841d453f2f399fd1611f42baa9 (unverified)
﻿19:27:07 : Verified GUID (b53b5f841d453f2f399fd1611f42baa9) of player #18 <eXp> RageBlack
﻿19:27:07 : Player #18 <eXp> RageBlack - Legacy GUID: 7e7d7c1411e75013c2937f26c0f17fa6
﻿19:29:16 : Player #17 stken disconnected
﻿19:29:38 : Player #17 foreman (109.206.134.191:5302) connected
﻿19:29:40 : Player #17 foreman - Legacy GUID: 9ecbe533219e38d7e257558d166dae75
﻿19:29:40 : Player #17 foreman - GUID: 2351b3017498e21f230206f4a934109c (unverified)
﻿19:29:41 : Verified GUID (2351b3017498e21f230206f4a934109c) of player #17 foreman
﻿19:30:50 : Player #13 Jax disconnected
﻿19:31:48 : Player #0 <eXp> Gruby (7f82c53f48899ff2fd5b9489f8d17fb8) has been kicked by BattlEye: Client not responding
﻿19:33:37 : RCon admin #5: (Global) BASES MUST BE MAINTAINED VIA THE PLOT POLE EVERY 7 DAYS!!
﻿19:35:23 : Player #0 s2nzx (82.20.60.86:5302) connected
﻿19:35:25 : Player #0 s2nzx - GUID: 73404c83d26722364f8a94f19a8e3bca (unverified)
﻿19:35:25 : Player #0 s2nzx - Legacy GUID: a4cb63d784da209339cecf632069ef68
﻿19:35:26 : Verified GUID (73404c83d26722364f8a94f19a8e3bca) of player #0 s2nzx
﻿19:35:38 : Player #13 <eXp> Gruby (83.30.166.28:1024) connected
﻿19:35:40 : Player #13 <eXp> Gruby - GUID: 7f82c53f48899ff2fd5b9489f8d17fb8 (unverified)
﻿19:35:40 : Verified GUID (7f82c53f48899ff2fd5b9489f8d17fb8) of player #13 <eXp> Gruby
﻿19:35:40 : Player #13 <eXp> Gruby - Legacy GUID: 61f8d59b40d145e9e0934b15ea495703
﻿19:35:53 : Player #17 foreman disconnected
﻿19:37:24 : Player #17 Sqeej (76.118.207.142:5302) connected
﻿19:37:26 : Player #17 Sqeej - GUID: 1483e21f5abba6e55b50ea305b981da5 (unverified)
﻿19:37:27 : Verified GUID (1483e21f5abba6e55b50ea305b981da5) of player #17 Sqeej
﻿19:37:28 : Player #17 Sqeej - Legacy GUID: 68739c4e5da55cde58706a39a6f7c6a7
﻿19:37:28 : Player #19 Jax (109.86.107.249:5302) connected
﻿19:37:30 : Player #19 Jax - GUID: 84bee7310c50e98d236a2952902fb2f8 (unverified)
﻿19:37:30 : Player #19 Jax - Legacy GUID: 012fd47e57492c12bf6db993c3fd12df
﻿19:37:30 : Verified GUID (84bee7310c50e98d236a2952902fb2f8) of player #19 Jax
﻿19:37:34 : Player #7 Josh disconnected
﻿19:38:37 : RCon admin #5: (Global) Vehicles left in trader zones at restarts will be moved to the vehicle pound and unlocked
﻿19:41:04 : Player #17 Sqeej disconnected
﻿19:44:14 : Player #0 s2nzx disconnected
﻿19:46:40 : Player #0 SEN ONE (99.109.93.28:5302) connected
﻿19:46:42 : Player #0 SEN ONE - Legacy GUID: ea9613e4e7f55895ce807e57e548c240
﻿19:46:43 : Player #0 SEN ONE - GUID: e2ff22d2684d500cb28117a914a3e614 (unverified)
﻿19:46:43 : Verified GUID (e2ff22d2684d500cb28117a914a3e614) of player #0 SEN ONE
﻿19:47:23 : Player #10 schovB disconnected
﻿19:49:37 : RCon admin #5: (Global) Admins: LWB, Sierra and Turmoil
﻿19:50:01 : Player #7 Collin (8.42.226.20:5302) connected
﻿19:50:02 : Player #7 Collin - GUID: 784fd49f7059430f8b01bbf2eaacdbb2 (unverified)
﻿19:50:03 : Verified GUID (784fd49f7059430f8b01bbf2eaacdbb2) of player #7 Collin
﻿19:50:03 : Player #7 Collin - Legacy GUID: afc19a0857d8d96001c83cf784fccbad
﻿19:50:27 : Player #11 uncleT disconnected
﻿19:50:38 : Player #4 iamco_000 disconnected
﻿19:50:59 : Player #4 [BNC] Zikken (68.113.72.56:5302) connected
﻿19:51:00 : Player #4 [BNC] Zikken - GUID: efd2168b76d9a83efdda7540b9b702e3 (unverified)
﻿19:51:01 : Verified GUID (efd2168b76d9a83efdda7540b9b702e3) of player #4 [BNC] Zikken
﻿19:51:01 : Player #4 [BNC] Zikken - Owner GUID: e58ae63ef0ee34a13f48ab6a87a80de2
﻿19:51:01 : Player #4 [BNC] Zikken - Legacy GUID: 72d4b464b5c81aaa3056c26bb67fe4f3
﻿19:51:53 : Player #10 Nicola (176.127.26.20:5302) connected
﻿19:51:55 : Player #10 Nicola - GUID: e539a23d9f10bda6f4e1348b2db9a20c (unverified)
﻿19:51:55 : Verified GUID (e539a23d9f10bda6f4e1348b2db9a20c) of player #10 Nicola
﻿19:51:56 : Player #10 Nicola - Legacy GUID: c8522072308fba551ee2a05e5c4acb24
﻿19:53:39 : Player #4 [BNC] Zikken disconnected
﻿19:55:14 : Player #4 Drag10 (93.76.9.160:5302) connected
﻿19:55:16 : Player #4 Drag10 - GUID: 002eff7a9d5cf39bd9683234d608acf9 (unverified)
﻿19:55:17 : Player #4 Drag10 - Legacy GUID: 564926545e3b395ada026228487dd184
﻿19:55:17 : Verified GUID (002eff7a9d5cf39bd9683234d608acf9) of player #4 Drag10
﻿20:01:45 : Player #14 Cpt.Lee disconnected
﻿20:01:53 : Player #11 Cpt.Lee (91.206.154.19:5302) connected
﻿20:01:54 : Player #11 Cpt.Lee - GUID: 845f71f68e552ef6a9c51335648e1c46 (unverified)
﻿20:01:55 : Verified GUID (845f71f68e552ef6a9c51335648e1c46) of player #11 Cpt.Lee
﻿20:01:55 : Player #11 Cpt.Lee - Legacy GUID: caee1e9729130435d01a7d0cb47a0492
﻿20:03:14 : Player #11 Cpt.Lee disconnected
﻿20:03:37 : RCon admin #5: (Global) BASES MUST BE MAINTAINED VIA THE PLOT POLE EVERY 7 DAYS!!
﻿20:03:52 : Player #5 LaveHun disconnected
﻿20:04:59 : Player #10 Nicola disconnected
﻿20:08:29 : RCon admin #4: (Global) LWB: sort of
﻿20:08:37 : RCon admin #5: (Global) Vehicles left in trader zones at restarts will be moved to the vehicle pound and unlocked
﻿20:10:05 : RCon admin #0: (Global) Turmoil: nope
﻿20:10:24 : RCon admin #0: (Global) Turmoil: Not unless LWB has done anything that im not aware of, lol
﻿20:10:42 : RCon admin #4: (Global) LWB: No, sorry, limit is set to 150
﻿20:10:59 : RCon admin #4: (Global) LWB: nope
﻿20:12:47 : Player #8 Romeo Waffle disconnected
﻿20:14:20 : Player #5 PTG (90.202.36.178:5302) connected
﻿20:14:22 : Player #5 PTG - GUID: 19e69a7072dac76a53cbaa5247500cbc (unverified)
﻿20:14:22 : Verified GUID (19e69a7072dac76a53cbaa5247500cbc) of player #5 PTG
﻿20:14:23 : Player #5 PTG - Legacy GUID: 84e7bd318806fdb4e6ac45a4e04f384a
﻿20:15:29 : Player #5 PTG disconnected
﻿20:16:30 : Player #0 SEN ONE disconnected
﻿20:19:37 : RCon admin #5: (Global) Admins: LWB, Sierra and Turmoil
﻿20:22:43 : Player #7 Collin disconnected
﻿20:33:37 : RCon admin #5: (Global) BASES MUST BE MAINTAINED VIA THE PLOT POLE EVERY 7 DAYS!!
﻿20:36:24 : Player #0 andy (82.41.80.174:5302) connected
﻿20:36:25 : Player #0 andy - GUID: 85dc0bf8418aac0dfa042c7fdb98ada0 (unverified)
﻿20:36:26 : Verified GUID (85dc0bf8418aac0dfa042c7fdb98ada0) of player #0 andy
﻿20:36:26 : Player #0 andy - Legacy GUID: 14f57f21b9455e26ae1a15fbf9b4c1c9
﻿20:38:36 : RCon admin #5: (Global) Vehicles left in trader zones at restarts will be moved to the vehicle pound and unlocked
﻿20:40:03 : Player #4 Drag10 disconnected
﻿20:44:01 : Player #18 <eXp> RageBlack disconnected
﻿20:44:37 : RCon admin #5: (Global) Server will restart in 10 minutes
﻿20:46:36 : Player #2 Rumple disconnected
﻿20:46:57 : Player #6 Castie disconnected
﻿20:49:37 : RCon admin #5: (Global) Admins: LWB, Sierra and Turmoil
﻿20:49:37 : RCon admin #5: (Global) Server will restart in 5 minutes: Prepare to Logout
﻿20:52:37 : RCon admin #5: (Global) The Server is about to restart. LOG OUT NOW OR YOUR GEAR MAY BE LOST!!
﻿20:52:47 : Player #3 Luke disconnected
﻿20:52:51 : Player #1 <eXp> RafcioZG disconnected
﻿20:52:56 : Player #12 bunny wabbit disconnected
﻿20:52:58 : Player #9 <eXp> CziQita disconnected
﻿20:53:12 : Player #16 Havabanga disconnected
﻿20:53:13 : Player #13 <eXp> Gruby disconnected
﻿20:53:42 : Player #15 McButtMunch disconnected
﻿20:53:50 : Player #19 Jax disconnected
﻿20:54:07 : RCon admin #5: (Global) YOU SHOULD BE LOGGED OUT BY NOW! IF YOU ARENT YOU WILL BE AUTO KICKED AND YOUR GEAR MAY BE LOST! NO REFUNDS!
﻿20:55:10 : Rcon client logging in
﻿20:55:10 : RCon admin #4 (78.31.67.100:53035) logged in
﻿20:55:39 : Player #0 Luke (73.4.190.95:5302) connected
﻿20:55:41 : Player #0 Luke - GUID: e1edfdab07cb6a3f4bd2b6fd4aa1b1b6 (unverified)
﻿20:55:42 : Verified GUID (e1edfdab07cb6a3f4bd2b6fd4aa1b1b6) of player #0 Luke
﻿20:55:43 : Player #0 Luke - Legacy GUID: df4c00ac07126b4668f018ae6af3fbb3
﻿20:58:38 : Player #1 Havabanga (109.86.107.249:5302) connected
﻿20:58:39 : Player #1 Havabanga - GUID: d572c422f2c5f5b3344cb238dea0201c (unverified)
﻿20:58:39 : Verified GUID (d572c422f2c5f5b3344cb238dea0201c) of player #1 Havabanga
﻿20:58:40 : Player #1 Havabanga - Legacy GUID: f1a37b7134cd09a9c6d47c4d870e2f67
﻿20:59:25 : Player #2 John Thomas (50.140.87.151:5302) connected
﻿20:59:27 : Player #2 John Thomas - GUID: 1ca6b9b5ba847e8105188365dc905f25 (unverified)
﻿20:59:27 : Player #2 John Thomas - Legacy GUID: 432fdcc8f7e3b68325fc89f0ffed8873
﻿20:59:27 : Verified GUID (1ca6b9b5ba847e8105188365dc905f25) of player #2 John Thomas
﻿21:00:01 : Player #3 Jax (109.86.107.249:1024) connected
﻿21:00:02 : Player #3 Jax - GUID: 84bee7310c50e98d236a2952902fb2f8 (unverified)
﻿21:00:02 : Verified GUID (84bee7310c50e98d236a2952902fb2f8) of player #3 Jax
﻿21:00:03 : Player #3 Jax - Legacy GUID: 012fd47e57492c12bf6db993c3fd12df
﻿21:00:48 : Player #4 Ben (50.162.217.198:5302) connected
﻿21:00:59 : Player #4 Ben disconnected
﻿21:02:01 : Player #4 McButtMunch (76.28.114.145:5302) connected
﻿21:02:03 : Player #4 McButtMunch - GUID: f85d924eef8ecf481c0311b92c533589 (unverified)
﻿21:02:03 : Verified GUID (f85d924eef8ecf481c0311b92c533589) of player #4 McButtMunch
﻿21:02:05 : Player #4 McButtMunch - Legacy GUID: 20ba051b232828f079df6ba5cbdee1ef
﻿21:02:18 : Player #5 green (75.74.21.214:5302) connected
﻿21:02:22 : Player #5 green - GUID: 2c60ca8ce1c76d2e57221bf8b6652a36 (unverified)
﻿21:02:22 : Player #5 green - Legacy GUID: 4f2027ed5358576277544f2749b47049
﻿21:02:22 : Verified GUID (2c60ca8ce1c76d2e57221bf8b6652a36) of player #5 green
﻿21:02:35 : Player #5 green disconnected
﻿21:02:44 : Player #5 Ben (50.162.217.198:5302) connected
﻿21:02:52 : Player #5 Ben disconnected
﻿21:04:59 : Player #5 green (75.74.21.214:5302) connected
﻿21:05:01 : Player #5 green - GUID: 2c60ca8ce1c76d2e57221bf8b6652a36 (unverified)
﻿21:05:01 : Verified GUID (2c60ca8ce1c76d2e57221bf8b6652a36) of player #5 green
﻿21:05:01 : Player #5 green - Legacy GUID: 4f2027ed5358576277544f2749b47049
﻿21:05:02 : Player #5 green disconnected
﻿21:05:42 : Player #5 <eXp> RafcioZG (89.67.63.218:5302) connected
﻿21:05:43 : Player #5 <eXp> RafcioZG - GUID: 02ed733403835a8a8517265415d84023 (unverified)
﻿21:05:43 : Verified GUID (02ed733403835a8a8517265415d84023) of player #5 <eXp> RafcioZG
﻿21:05:44 : Player #5 <eXp> RafcioZG - Legacy GUID: c9c653dd820194488bd099e2b5e7f454
﻿21:07:22 : Player #6 Ben (50.162.217.198:5302) connected
﻿21:07:29 : Player #6 Ben disconnected
﻿21:07:40 : Player #6 green (75.74.21.214:5302) connected
﻿21:07:42 : Player #6 green - GUID: 2c60ca8ce1c76d2e57221bf8b6652a36 (unverified)
﻿21:07:42 : Player #6 green - Legacy GUID: 4f2027ed5358576277544f2749b47049
﻿21:07:43 : Verified GUID (2c60ca8ce1c76d2e57221bf8b6652a36) of player #6 green
﻿21:07:54 : Player #7 bunny wabbit (73.143.57.248:5302) connected
﻿21:07:56 : Player #7 bunny wabbit - Legacy GUID: d84bf74e982a52087d741a65e0421e61
﻿21:07:56 : Player #7 bunny wabbit - GUID: 3a6a83b2dfc62ca0fab249eca0de3db7 (unverified)
﻿21:07:57 : Verified GUID (3a6a83b2dfc62ca0fab249eca0de3db7) of player #7 bunny wabbit
﻿21:08:03 : Player #6 green disconnected
﻿21:09:10 : RCon admin #4: (Global) Vehicles left in trader zones at restarts will be moved to the vehicle pound and unlocked
﻿21:09:47 : Player #6 <eXp> CziQita (85.202.152.128:5302) connected
﻿21:09:49 : Player #6 <eXp> CziQita - GUID: 032d6e70df3d067624c52f7be2b9f7a4 (unverified)
﻿21:09:49 : Player #6 <eXp> CziQita - Legacy GUID: 5fe66ce3f47a21b2db2c180c820374dd
﻿21:09:50 : Verified GUID (032d6e70df3d067624c52f7be2b9f7a4) of player #6 <eXp> CziQita
﻿21:10:01 : Player #8 Ben (50.162.217.198:5302) connected
﻿21:10:07 : Player #8 Ben disconnected
﻿21:10:40 : Player #8 Robert (83.4.65.8:5302) connected
﻿21:10:42 : Player #8 Robert - GUID: 307b1eaf7951863c34adb1980824e975 (unverified)
﻿21:10:42 : Player #8 Robert - Legacy GUID: 4c1f08c54d32d7b59a5c79c4e854fa09
﻿21:10:43 : Verified GUID (307b1eaf7951863c34adb1980824e975) of player #8 Robert
﻿21:12:03 : Player #9 Beastiboy (89.204.139.200:41501) connected
﻿21:12:05 : Player #9 Beastiboy - GUID: 936a425caa1da69d4565676ad370e0d0 (unverified)
﻿21:12:05 : Player #9 Beastiboy - Legacy GUID: b4c68b307db036e1593c0b08e81d467e
﻿21:12:05 : Verified GUID (936a425caa1da69d4565676ad370e0d0) of player #9 Beastiboy
﻿21:12:20 : Player #10 <eXp> Gruby (83.30.166.28:5302) connected
﻿21:12:21 : Player #10 <eXp> Gruby - GUID: 7f82c53f48899ff2fd5b9489f8d17fb8 (unverified)
﻿21:12:21 : Verified GUID (7f82c53f48899ff2fd5b9489f8d17fb8) of player #10 <eXp> Gruby
﻿21:12:22 : Player #10 <eXp> Gruby - Legacy GUID: 61f8d59b40d145e9e0934b15ea495703
﻿21:12:37 : RCon admin #3: (Global) LWB: Whats up?
﻿21:14:59 : RCon admin #2: (Global) LWB: Not unless you happen to have video of you putting them in that shows the safe wasnt full
﻿21:18:49 : Player #11 green (75.74.21.214:5302) connected
﻿21:18:51 : Player #11 green - GUID: 2c60ca8ce1c76d2e57221bf8b6652a36 (unverified)
﻿21:18:51 : Verified GUID (2c60ca8ce1c76d2e57221bf8b6652a36) of player #11 green
﻿21:18:52 : Player #11 green - Legacy GUID: 4f2027ed5358576277544f2749b47049
﻿21:19:09 : RCon admin #2: (Global) LWB: Tomorrow probably yeah, not in game atm, 
﻿21:20:10 : RCon admin #4: (Global) Admins: LWB, Sierra and Turmoil
﻿21:23:36 : Player #7 bunny wabbit disconnected
﻿21:23:52 : Player #7 M.-. (37.138.27.147:5302) connected
﻿21:23:53 : Player #7 M.-. - GUID: 20e1f19347945dad272f1ab18f2ed8a0 (unverified)
﻿21:23:54 : Player #7 M.-. - Legacy GUID: 89208f1daecea40365f0785cbb213d53
﻿21:23:54 : Verified GUID (20e1f19347945dad272f1ab18f2ed8a0) of player #7 M.-.
﻿21:23:57 : Player #7 M.-. disconnected
﻿21:24:59 : Player #7 Ben (50.162.217.198:5302) connected
﻿21:25:01 : Player #7 Ben - Legacy GUID: 1c3c8f45b7701544044fe0cbf9595c39
﻿21:25:01 : Player #7 Ben - GUID: db6c353ab0c34cce3318c57085d69156 (unverified)
﻿21:25:02 : Verified GUID (db6c353ab0c34cce3318c57085d69156) of player #7 Ben
﻿21:25:04 : Player #12 MoPiJIkA (109.86.107.249:1025) connected
﻿21:25:05 : Player #12 MoPiJIkA - GUID: ece6e40088ac657f7310ff9c71e8e5ff (unverified)
﻿21:25:06 : Verified GUID (ece6e40088ac657f7310ff9c71e8e5ff) of player #12 MoPiJIkA
﻿21:25:06 : Player #12 MoPiJIkA - Legacy GUID: 562cebc6ce7e2521437c69e2fe8a504c
﻿21:25:51 : Player #13 skull (24.75.123.121:5302) connected
﻿21:25:53 : Player #13 skull - GUID: 5b59127ea6252145bd72d1f174959bca (unverified)
﻿21:25:53 : Player #13 skull - Legacy GUID: 46cc808ee5e42bc79041bfa738d8a5c8
﻿21:25:54 : Verified GUID (5b59127ea6252145bd72d1f174959bca) of player #13 skull
﻿21:25:58 : Player #14 laladonut9 (45.50.193.206:5302) connected
﻿21:26:00 : Player #14 laladonut9 - GUID: 6ca85d474f74c6e4db33d8438917ca5c (unverified)
﻿21:26:01 : Player #14 laladonut9 - Legacy GUID: 3383329bfe8de2b5a5a81adcd88a7868
﻿21:26:01 : Verified GUID (6ca85d474f74c6e4db33d8438917ca5c) of player #14 laladonut9
﻿21:26:10 : Player #15 bunny wabbit (73.143.57.248:5302) connected
﻿21:26:12 : Player #15 bunny wabbit - GUID: 3a6a83b2dfc62ca0fab249eca0de3db7 (unverified)
﻿21:26:12 : Player #15 bunny wabbit - Legacy GUID: d84bf74e982a52087d741a65e0421e61
﻿21:26:12 : Verified GUID (3a6a83b2dfc62ca0fab249eca0de3db7) of player #15 bunny wabbit
﻿21:30:02 : Player #16 LWB [SD] (86.131.103.232:1024) connected
﻿21:30:04 : Player #16 LWB [SD] - GUID: bc07c7c39c76cf95a7a434d686d9df66 (unverified)
﻿21:30:04 : Verified GUID (bc07c7c39c76cf95a7a434d686d9df66) of player #16 LWB [SD]
﻿21:30:05 : Player #16 LWB [SD] - Legacy GUID: 977383e15b6c706cac44ca953ba440c7
﻿21:33:20 : Player #17 Ertyak (80.232.87.56:5302) connected
﻿21:33:21 : Player #17 Ertyak - GUID: fcb74c6c2d045e3e59518fa44903ac0f (unverified)
﻿21:33:22 : Player #17 Ertyak - Legacy GUID: 59b3e1e2afb9de6c65e7872bce75eee2
﻿21:33:22 : Verified GUID (fcb74c6c2d045e3e59518fa44903ac0f) of player #17 Ertyak
﻿21:34:11 : RCon admin #4: (Global) BASES MUST BE MAINTAINED VIA THE PLOT POLE EVERY 7 DAYS!!
﻿21:35:42 : Player #16 LWB [SD] disconnected
﻿21:37:38 : Player #17 Ertyak (fcb74c6c2d045e3e59518fa44903ac0f) has been kicked by BattlEye: Ping too high (360)
﻿21:39:11 : RCon admin #4: (Global) Vehicles left in trader zones at restarts will be moved to the vehicle pound and unlocked
﻿21:43:38 : Player #16 M.-. (37.138.27.147:5302) connected
﻿21:43:39 : Player #16 M.-. - GUID: 20e1f19347945dad272f1ab18f2ed8a0 (unverified)
﻿21:43:39 : Verified GUID (20e1f19347945dad272f1ab18f2ed8a0) of player #16 M.-.
﻿21:43:40 : Player #16 M.-. - Legacy GUID: 89208f1daecea40365f0785cbb213d53
﻿21:50:11 : RCon admin #4: (Global) Admins: LWB, Sierra and Turmoil
﻿21:51:38 : Player #17 Josh (213.120.51.13:5302) connected
﻿21:51:40 : Player #17 Josh - GUID: 8e5a3a3d5d08855afb45e635b24eb27a (unverified)
﻿21:51:41 : Verified GUID (8e5a3a3d5d08855afb45e635b24eb27a) of player #17 Josh
﻿21:51:41 : Player #17 Josh - Legacy GUID: 71b0d1d55eaf8b78889281c5727d1a5e
﻿21:57:24 : Player #10 <eXp> Gruby disconnected
﻿21:59:31 : Player #16 M.-. disconnected
﻿22:02:44 : Player #8 Robert disconnected
﻿22:04:10 : RCon admin #4: (Global) BASES MUST BE MAINTAINED VIA THE PLOT POLE EVERY 7 DAYS!!
﻿22:09:11 : RCon admin #4: (Global) Vehicles left in trader zones at restarts will be moved to the vehicle pound and unlocked
﻿22:19:35 : Player #8 Legaon (188.2.223.254:5302) connected
﻿22:19:36 : Player #8 Legaon - GUID: c2c71e612cd7909a44f3a4e7ce6ec14c (unverified)
﻿22:19:37 : Verified GUID (c2c71e612cd7909a44f3a4e7ce6ec14c) of player #8 Legaon
﻿22:19:37 : Player #8 Legaon - Legacy GUID: 094c188ebbc08c5303f774346ce004e5
﻿22:20:11 : RCon admin #4: (Global) Admins: LWB, Sierra and Turmoil
﻿22:21:38 : Player #5 <eXp> RafcioZG disconnected
﻿22:24:31 : Player #8 Legaon disconnected
﻿22:27:48 : Player #5 <eXp> RafcioZG (89.67.63.218:5302) connected
﻿22:27:49 : Player #5 <eXp> RafcioZG - GUID: 02ed733403835a8a8517265415d84023 (unverified)
﻿22:27:49 : Verified GUID (02ed733403835a8a8517265415d84023) of player #5 <eXp> RafcioZG
﻿22:27:50 : Player #5 <eXp> RafcioZG - Legacy GUID: c9c653dd820194488bd099e2b5e7f454
﻿22:29:23 : Player #11 green disconnected
﻿22:32:43 : Player #5 <eXp> RafcioZG disconnected
﻿22:34:10 : RCon admin #4: (Global) BASES MUST BE MAINTAINED VIA THE PLOT POLE EVERY 7 DAYS!!
﻿22:38:34 : Player #5 Lucas (ECWT) (188.221.178.247:5302) connected
﻿22:38:35 : Player #5 Lucas (ECWT) - GUID: f36a36f5e3354ab843b4579204e67d4f (unverified)
﻿22:38:36 : Player #5 Lucas (ECWT) - Legacy GUID: 65769df98016200b6f39b2b522bc7aef
﻿22:38:36 : Verified GUID (f36a36f5e3354ab843b4579204e67d4f) of player #5 Lucas (ECWT)
﻿22:38:52 : Player #9 Beastiboy disconnected
﻿22:39:10 : RCon admin #4: (Global) Vehicles left in trader zones at restarts will be moved to the vehicle pound and unlocked
﻿22:39:28 : Player #8 green (75.74.21.214:5302) connected
﻿22:39:30 : Player #8 green - GUID: 2c60ca8ce1c76d2e57221bf8b6652a36 (unverified)
﻿22:39:30 : Player #8 green - Legacy GUID: 4f2027ed5358576277544f2749b47049
﻿22:39:30 : Verified GUID (2c60ca8ce1c76d2e57221bf8b6652a36) of player #8 green
﻿22:40:41 : Player #5 Lucas (ECWT) (f36a36f5e3354ab843b4579204e67d4f) has been kicked by BattlEye: PublicVariable Value Restriction #259
﻿22:47:27 : Player #5 nathan (76.100.241.250:5302) connected
﻿22:47:29 : Player #5 nathan - GUID: be6c2004cf712927ae94a828df7d78ef (unverified)
﻿22:47:29 : Player #5 nathan - Legacy GUID: 97ca38b2b5e4c8c206efc054a3d0e92c
﻿22:48:02 : Verified GUID (be6c2004cf712927ae94a828df7d78ef) of player #5 nathan
﻿22:50:10 : RCon admin #4: (Global) Admins: LWB, Sierra and Turmoil
﻿22:50:31 : Player #9 Tri State Milf (74.190.144.213:5302) connected
﻿22:50:32 : Player #9 Tri State Milf - GUID: 61bc49e8b7eb68b385937e0041165547 (unverified)
﻿22:50:33 : Verified GUID (61bc49e8b7eb68b385937e0041165547) of player #9 Tri State Milf
﻿22:50:33 : Player #9 Tri State Milf - Legacy GUID: d4fddebf49c0869de5b5da30cc83e112
﻿22:50:58 : Player #9 Tri State Milf disconnected
﻿22:52:22 : Player #9 Tri State Milf (74.190.144.213:5302) connected
﻿22:52:28 : Player #9 Tri State Milf - GUID: 61bc49e8b7eb68b385937e0041165547 (unverified)
﻿22:52:28 : Player #9 Tri State Milf - Legacy GUID: d4fddebf49c0869de5b5da30cc83e112
﻿22:52:29 : Verified GUID (61bc49e8b7eb68b385937e0041165547) of player #9 Tri State Milf
﻿22:53:56 : Player #5 nathan disconnected
﻿22:57:30 : Player #9 Tri State Milf disconnected
﻿22:59:16 : Player #8 green disconnected
﻿23:04:11 : RCon admin #4: (Global) BASES MUST BE MAINTAINED VIA THE PLOT POLE EVERY 7 DAYS!!
﻿23:09:10 : RCon admin #4: (Global) Vehicles left in trader zones at restarts will be moved to the vehicle pound and unlocked
﻿23:12:11 : Player #3 Jax disconnected
﻿23:14:01 : Player #15 bunny wabbit disconnected
﻿23:14:37 : Player #4 McButtMunch disconnected
﻿23:14:48 : Player #6 <eXp> CziQita disconnected
﻿23:15:10 : RCon admin #4: (Global) Server will restart in 10 minutes
﻿23:15:19 : Player #0 Luke disconnected
﻿23:15:37 : Player #0 Ertyak (80.232.87.56:5302) connected
﻿23:15:38 : Player #0 Ertyak - GUID: fcb74c6c2d045e3e59518fa44903ac0f (unverified)
﻿23:15:38 : Verified GUID (fcb74c6c2d045e3e59518fa44903ac0f) of player #0 Ertyak
﻿23:15:39 : Player #0 Ertyak - Legacy GUID: 59b3e1e2afb9de6c65e7872bce75eee2
﻿23:16:25 : Player #3 PrincessButterCup (24.17.112.57:5302) connected
﻿23:16:27 : Player #3 PrincessButterCup - GUID: 7aabaa80978e619051abcbec5ea73db7 (unverified)
﻿23:16:27 : Verified GUID (7aabaa80978e619051abcbec5ea73db7) of player #3 PrincessButterCup
﻿23:16:29 : Player #3 PrincessButterCup - Legacy GUID: b89736c973fa6213af5538896f67c50f
﻿23:18:21 : Player #3 PrincessButterCup disconnected
﻿23:18:58 : Player #7 Ben disconnected
﻿23:19:24 : Player #2 John Thomas disconnected
﻿23:20:10 : RCon admin #4: (Global) Admins: LWB, Sierra and Turmoil
﻿23:20:11 : RCon admin #4: (Global) Server will restart in 5 minutes: Prepare to Logout
﻿23:20:28 : Player #2 Jax (109.86.107.249:1026) connected
﻿23:20:29 : Player #2 Jax - GUID: 84bee7310c50e98d236a2952902fb2f8 (unverified)
﻿23:20:30 : Verified GUID (84bee7310c50e98d236a2952902fb2f8) of player #2 Jax
﻿23:20:30 : Player #2 Jax - Legacy GUID: 012fd47e57492c12bf6db993c3fd12df
﻿23:21:53 : Player #17 Josh disconnected
﻿23:22:41 : Player #2 Jax disconnected
﻿23:23:06 : Player #0 Ertyak disconnected
﻿23:23:10 : RCon admin #4: (Global) The Server is about to restart. LOG OUT NOW OR YOUR GEAR MAY BE LOST!!
﻿23:23:51 : Player #13 skull disconnected
﻿23:24:28 : Player #14 laladonut9 disconnected
﻿23:24:40 : RCon admin #4: (Global) YOU SHOULD BE LOGGED OUT BY NOW! IF YOU ARENT YOU WILL BE AUTO KICKED AND YOUR GEAR MAY BE LOST! NO REFUNDS!
﻿23:25:07 : Player #1 Havabanga disconnected
﻿23:25:44 : Rcon client logging in
﻿23:25:44 : RCon admin #4 (78.31.67.100:55915) logged in
﻿23:25:47 : Player #0 Josh (213.120.51.13:5302) connected
﻿23:25:49 : Player #0 Josh - GUID: 8e5a3a3d5d08855afb45e635b24eb27a (unverified)
﻿23:25:49 : Verified GUID (8e5a3a3d5d08855afb45e635b24eb27a) of player #0 Josh
﻿23:25:49 : Player #0 Josh - Legacy GUID: 71b0d1d55eaf8b78889281c5727d1a5e
﻿23:26:31 : Player #1 Havabanga (109.86.107.249:5302) connected
﻿23:26:32 : Player #2 Ertyak (80.232.87.56:5302) connected
﻿23:26:32 : Player #1 Havabanga - GUID: d572c422f2c5f5b3344cb238dea0201c (unverified)
﻿23:26:33 : Verified GUID (d572c422f2c5f5b3344cb238dea0201c) of player #1 Havabanga
﻿23:26:33 : Player #1 Havabanga - Legacy GUID: f1a37b7134cd09a9c6d47c4d870e2f67
﻿23:26:33 : Player #2 Ertyak - GUID: fcb74c6c2d045e3e59518fa44903ac0f (unverified)
﻿23:26:34 : Verified GUID (fcb74c6c2d045e3e59518fa44903ac0f) of player #2 Ertyak
﻿23:26:34 : Player #2 Ertyak - Legacy GUID: 59b3e1e2afb9de6c65e7872bce75eee2
﻿23:26:55 : Player #3 MoPiJIkA (109.86.107.249:1025) connected
﻿23:26:56 : Player #3 MoPiJIkA - GUID: ece6e40088ac657f7310ff9c71e8e5ff (unverified)
﻿23:26:57 : Verified GUID (ece6e40088ac657f7310ff9c71e8e5ff) of player #3 MoPiJIkA
﻿23:26:57 : Player #3 MoPiJIkA - Legacy GUID: 562cebc6ce7e2521437c69e2fe8a504c
﻿23:27:25 : Player #4 McButtMunch (76.28.114.145:5302) connected
﻿23:27:27 : Player #4 McButtMunch - GUID: f85d924eef8ecf481c0311b92c533589 (unverified)
﻿23:27:27 : Verified GUID (f85d924eef8ecf481c0311b92c533589) of player #4 McButtMunch
﻿23:27:29 : Player #4 McButtMunch - Legacy GUID: 20ba051b232828f079df6ba5cbdee1ef
﻿23:27:51 : Player #5 Jax (109.86.107.249:1026) connected
﻿23:27:53 : Player #5 Jax - GUID: 84bee7310c50e98d236a2952902fb2f8 (unverified)
﻿23:27:53 : Verified GUID (84bee7310c50e98d236a2952902fb2f8) of player #5 Jax
﻿23:27:53 : Player #5 Jax - Legacy GUID: 012fd47e57492c12bf6db993c3fd12df
﻿23:28:33 : Player #6 Luke (73.4.190.95:5302) connected
﻿23:28:34 : Player #6 Luke - GUID: e1edfdab07cb6a3f4bd2b6fd4aa1b1b6 (unverified)
﻿23:28:35 : Verified GUID (e1edfdab07cb6a3f4bd2b6fd4aa1b1b6) of player #6 Luke
﻿23:28:35 : Player #6 Luke - Legacy GUID: df4c00ac07126b4668f018ae6af3fbb3
﻿23:36:41 : Player #7 bunny wabbit (73.143.57.248:5302) connected
﻿23:36:42 : Player #7 bunny wabbit - GUID: 3a6a83b2dfc62ca0fab249eca0de3db7 (unverified)
﻿23:36:43 : Player #7 bunny wabbit - Legacy GUID: d84bf74e982a52087d741a65e0421e61
﻿23:36:43 : Verified GUID (3a6a83b2dfc62ca0fab249eca0de3db7) of player #7 bunny wabbit
﻿23:39:45 : RCon admin #4: (Global) Vehicles left in trader zones at restarts will be moved to the vehicle pound and unlocked
﻿23:47:43 : Player #8 Zeparthian (68.235.82.194:1398) connected
﻿23:47:45 : Player #8 Zeparthian - GUID: 7450ef88fbcdc45c86a98c68e74d82e2 (unverified)
﻿23:47:45 : Player #8 Zeparthian - Legacy GUID: 285dca045beb584c7dac5d1cb3a39a1a
﻿23:47:45 : Verified GUID (7450ef88fbcdc45c86a98c68e74d82e2) of player #8 Zeparthian
﻿23:49:21 : Player #8 Zeparthian disconnected
﻿23:50:45 : RCon admin #4: (Global) Admins: LWB, Sierra and Turmoil
