06:51:02 : Side: Rogers: lol
09:25:16 : Side: 2DIE4:  hey mason... nice shot btw 
09:25:34 : Side: 2DIE4:  the MSR is usually NOT a one shot kill  ?=) 
11:01:12 : Side: 2DIE4: WHO IS THAT IN POLANA On the quadbike?  =)
11:04:58 : Side: Kristofer: wasaup peebul
11:39:57 : Side: Alex Mason: Is this server day only?
11:40:17 : Side: Emir: thinkyes
11:45:37 : Side: Sp1: admiiin
11:45:50 : Side: Sp1: can u please kill me i spawned with no gear
11:46:28 : Side: Sp1: ok thank u
11:46:33 : Side: Sp1: /killme
11:46:43 : Direct: Sp1: I am too scared of the mean Zombies
12:56:42 : Side: Lance: suyv?
12:58:25 : Group: Bock:  -14k humanity xD
13:06:42 : Direct: J0k3r: why not :D
13:06:53 : Direct: J0k3r: xD
13:06:58 : Direct: J0k3r: ty
13:07:13 : Direct: J0k3r: bye
13:07:16 : Direct: J0k3r: you too
13:09:08 : Side: Bock: Is there anyone selling metal floors? ill pay extra
13:17:08 : Side: Napoli: comon last one
13:17:12 : Side: Napoli: go out :l
13:23:44 : Group: Bock: vi tager en mission
13:24:05 : Side: Napoli: pot i bol :DD
13:24:52 : Side: Kristofer: if you remove a plot pole do you lose all the stuff you built?
13:25:13 : Side: Bock: mo
13:25:15 : Side: Bock: no
13:25:18 : Side: Kristofer: tanks
13:28:42 : Side: Napoli: ty and sry again :D
13:46:09 : Side: Napoli: 39 DMR mags :DD
13:58:44 : Side: DieFreewayCola: Never jump out of a driving car :D
14:01:27 : Side: Alpaca: Can I disable the grass?
14:01:32 : Side: Bock: right click map
14:01:40 : Side: Alpaca: ty
14:30:42 : Side: Daniel John Mason: why does the man not work at the trader
14:31:02 : Side: Rameses II [BA]: right click mouse on him and zoom in
14:31:34 : Side: Daniel John Mason: cheers
14:31:37 : Side: Rameses II [BA]: np
14:33:38 : Side: Bock: where tf is everyone?
14:33:58 : Side: [RnbZ]SgtBoss: camping on mission
14:34:11 : Side: Daniel John Mason: server is low pop has been for a while maz i see on is 25 poeople
14:34:11 : Side: Bock: which one
14:36:58 : Side: FNL: kill me pls
14:37:04 : Side: FNL: guy with heli
14:37:30 : Side: 3logi: which heli?
15:04:26 : Side: Daniel John Mason: how do enable snap while building
15:05:17 : Side: Daniel John Mason: how do i enable snap while building guys
15:05:26 : Side: Bock: scroll
15:05:33 : Side: Bock: choose snap and press enter
15:05:35 : Side: Bock: and then use f
15:05:42 : Side: Daniel John Mason: thanks 
15:17:43 : Group: MalteserHead: I am too scared of the mean Zombies
15:38:42 : Side: Bock: I just killed 10 people with this suv
15:40:04 : Side: DieFreewayCola: Nice shot Bock
15:40:12 : Side: Bock: ty
15:40:28 : Side: Bock: 11 now xD
15:49:36 : Side: Kristofer: s
15:49:38 : Side: Kristofer: ss
15:49:39 : Side: Kristofer: s
15:52:27 : Side: DieFreewayCola: Are 2 explosive charges rare?
15:52:52 : Side: 4eJLoBeK: How much humanity is needed to trade with bandits?
15:53:09 : Side: DieFreewayCola: 5000 negetive
15:53:10 : Side: [eXp] RafcioZG:   -5000
15:53:20 : Side: 4eJLoBeK: thanks
16:01:32 : Side: DieFreewayCola: Why i got kicked?
16:01:35 : Side: DieFreewayCola: !
16:01:41 : Side: 3logi: combat log
16:01:55 : Side: DieFreewayCola: no i killed this 2 guys
16:02:00 : Side: DieFreewayCola: than kick
16:03:58 : Side: DieFreewayCola: But gg for kicking me cause of killing 2 people
16:59:42 : Side: Rogers: wtf?
17:00:23 : Side: DieFreewayCola: getting kicked again .,.
17:00:32 : Side: DieFreewayCola: gg
17:00:41 : Side: Rogers: why did i just teleport to te middle of the ocean XD
17:01:14 : Side: Rogers: welp, thats neat
17:01:40 : Side: DieFreewayCola: i dont know what i did wrong
17:03:30 : Group: Rogers: I am too scared of the mean Zombies
17:03:48 : Side: DieFreewayCola: ok ok
17:07:20 : Side: DieFreewayCola: he got the same problem
17:07:51 : Side: DieFreewayCola: marco didnt combatlogged, he got kicked random too
17:30:11 : Side: B0NG0_JESUS: how much for a btr?
17:32:30 : Direct: neshy33: you guys want this MTVR?
17:32:40 : Direct: B0NG0_JESUS: nah ty
17:35:58 : Group: Dont touch my Tralala: ja maoien
17:38:10 : Side: Dont touch my Tralala: gunnar join group
17:38:39 : Group: Dont touch my Tralala: ja moien
17:38:50 : Group: 2DIE4:  glweoich ts
17:40:25 : Side: neshy33: got bored of regular epoch 2DIE4?
17:40:43 : Side: 2DIE4:  well  im on both XD
17:40:57 : Side: 2DIE4:  and i love the cheytac... so i had to come here aswell XD
17:41:00 : Side: neshy33: Hero on this one? XD
17:41:18 : Side: neshy33: or dirty beandit?
17:41:20 : Side: 2DIE4:  not really XD
18:14:04 : Side: neshy33: did me ramming you do nothing?
18:14:21 : Side: Yuri Boyka: ?
18:14:39 : Side: neshy33: rammed an armored suv with a btr90
18:18:47 : Side: neshy33: wtf
18:20:53 : Side: neshy33: that suv is a bit op eh
18:21:48 : Side: Yuri Boyka: mimimi
18:21:57 : Group: Kristofer: imimim
18:22:02 : Side: Kristofer: imimim
18:46:54 : Side: Alex Mason: Who ever killed me at my camp. Was my locker open??
18:47:24 : Side: Dont touch my Tralala: yes
18:47:54 : Side: Alex Mason: Did you take everything?
18:48:00 : Side: Dont touch my Tralala: yes
18:48:26 : Side: Alex Mason: Are you willing to give any of it bacg?
18:48:32 : Side: Alex Mason: Back?
18:49:02 : Side: Dont touch my Tralala: no way shout i ?
18:50:31 : Group: Alex: yoooooo
18:52:59 : Group: Alex: you there logan?
18:59:01 : Side: Logan: nice alex
18:59:45 : Side: Alex Mason: what?
19:00:03 : Side: Alex: not you headass
19:00:07 : Side: Logan: not you, the other Alex
19:00:19 : Side: Alex Mason: chill chill
19:00:31 : Side: Alex Mason: Når ja din far sluger sæd
19:00:40 : Side: 2DIE4:  keep it english pls
19:00:45 : Side: Alex: only english in the side channel
19:00:45 : Side: Bock: Hvad fuck?
19:00:50 : Side: 2DIE4:  not norwegan =) 
19:00:58 : Side: 2DIE4:  or finnish or what this is  =)
19:01:07 : Side: Bock: danish?
19:01:07 : Side: Alex Mason: alright
19:01:15 : Side: 2DIE4:  ok danish then  =)
19:01:32 : Side: 2DIE4:  eventhough im bornnot to far from danmark   pls stay english in side  =) 
19:01:52 : Side: Alex Mason: i'll do my best
19:01:57 : Side: Kristofer: alright m9
19:02:25 : Side: 2DIE4:  we all appreciate it  =)
19:23:47 : Side: MalteserHead: Bandit trader safe zone?
19:24:00 : Side: 2DIE4: it is
19:24:03 : Side: MalteserHead: ty
19:30:37 : Side: MalteserHead: i didnt know you where with tralala 2die4, sorry for killing you
19:30:50 : Side: 2DIE4:  its all good mate  =) 
19:30:56 : Side: 2DIE4:  i aint mad  its the game  =)
19:30:56 : Side: MalteserHead: Are you gonna take my shit
19:31:02 : Side: Dont touch my Tralala: sure
19:31:06 : Side: MalteserHead: wow
19:31:08 : Side: MalteserHead: thanks
19:31:08 : Side: 2DIE4:  nope im gonna take my stuff
19:31:17 : Side: MalteserHead: what about mine?
19:31:24 : Side: 2DIE4:  im not touching it
19:31:28 : Side: MalteserHead: Tralala?
19:31:37 : Side: Dont touch my Tralala: ill take the cheytac yes
19:31:52 : Side: MalteserHead: Can i loot after you?
19:32:02 : Side: Dont touch my Tralala: sure
19:32:05 : Side: MalteserHead: ty
19:36:08 : Side: MalteserHead: s
19:36:19 : Side: MalteserHead: Tralala have you gone yet
19:36:27 : Side: Dont touch my Tralala: ye
19:36:27 : Side: 2DIE4:  u can lot
19:36:30 : Side: 2DIE4:  loot
19:47:10 : Direct: MalteserHead: Go away, need to sell this
19:47:46 : Direct: MalteserHead: no
19:53:06 : Side: neshy33: wait, did you do a friendly dance?
19:53:24 : Side: Bock: lol
19:59:35 : Side: MalteserHead: Ill clear em trlala
19:59:38 : Side: MalteserHead: The ai
20:01:46 : Side: MalteserHead: Tried to help you so you shoot me with your SUV?
20:01:54 : Side: MalteserHead: thanks
20:02:12 : Side: 2DIE4:  u will find all your ger
20:02:18 : Side: 2DIE4: gear
20:02:58 : Side: |Laura| [BA]: hey all
20:03:06 : Side: Kristofer: hi
20:03:11 : Side: Redlycanthrope [BA]: brown town
20:04:05 : Side: 2DIE4: we have to shoot since 3 players were on radar and u dont have a nametag 
20:04:16 : Side: MalteserHead: Ok
20:07:33 : Side: 2DIE4: matesa your turn ... watch out there might be a player up in the white barn
20:09:12 : Side: 2DIE4: lol
20:09:31 : Side: 2DIE4:  though u was on ya body already
20:09:35 : Side: 2DIE4:  sry mate
20:10:42 : Side: MalteserHead: again -_-
20:10:54 : Side: 2DIE4:  dude sry  though u already was on ya body
20:11:08 : Side: 2DIE4:  never expected u to come just now  from there
20:11:19 : Side: MalteserHead: ;<
20:11:29 : Side: 2DIE4:  just like b4  your gear should all b there
20:11:36 : Side: MalteserHead: Fuck that
20:11:45 : Side: MalteserHead: too far
20:11:51 : Side: 2DIE4:  i mean the gear u had by the mission
20:11:58 : Side: MalteserHead: So do i
20:12:00 : Group: 2DIE4:  spawn lopatino
20:12:07 : Side: 2DIE4: spawn lopatino
20:12:48 : Side: MalteserHead: im going tio stay as far away too you as possible xD
20:14:39 : Side: MalteserHead: Got a trusty mosin now.. ;c
20:14:44 : Side: Kristofer: epic
20:15:03 : Side: MalteserHead: Ranges up toc 2k
20:15:35 : Side: SEN ONE: but if a bad shot it wont matter
20:15:51 : Side: MalteserHead: .
20:24:27 : Side: Arnyzs: can i be in someones group?
20:25:22 : Side: SEN ONE: iam alone at the moment if u want to meet
20:25:44 : Side: Arnyzs: where can we meet?
20:25:59 : Side: SEN ONE: add me on steam
20:38:18 : Side: SEN ONE: what happen to teaming up
20:38:27 : Side: Bock: doesnt exist
20:38:39 : Side: Arnyzs: you are the one in heli?
20:38:50 : Side: SEN ONE: i was talking to someone that wanted a team
20:40:29 : Side: Arnyzs: SEN ONE where can we meet?
20:40:54 : Side: SEN ONE: if we say where than some one will want to kill us for fun
20:41:10 : Side: SEN ONE: so ill send u an invite
20:41:14 : Side: Arnyzs: lets get in one group
20:41:32 : Side: Arnyzs: press F5
20:42:19 : Group: Arnyzs: now we can speak in froup channel
20:42:21 : Group: SEN ONE: hey iam heal and start heading your way or find a place
20:42:35 : Group: SEN ONE: i have red mili offroad
20:43:03 : Group: Arnyzs: lets go to Trader City Stary
20:46:27 : Group: SEN ONE: u already their
20:46:33 : Group: Arnyzs: yes
20:46:39 : Group: SEN ONE: u have gear
20:46:58 : Group: Arnyzs: some stuf that i found in balota
20:47:27 : Group: SEN ONE: i hate the lag
20:47:39 : Group: SEN ONE: it takes for ever for me to get in cars
20:48:01 : Group: Arnyzs: the same for me some times
20:48:21 : Side: Bock: u forgot the key :)
20:48:33 : Group: SEN ONE: i think its epoch 
20:51:31 : Group: SEN ONE: have u been playing for a good while
20:51:52 : Group: Arnyzs: a litle bit
20:52:13 : Group: SEN ONE: so u havent done missions or encountered the camps
20:52:22 : Group: Arnyzs: nop
21:00:40 : Group: Arnyzs: do you have a base?
21:01:18 : Group: SEN ONE: iam pick another vehicle red truck is stuck
21:04:42 : Group: Arnyzs: i found a machine gun at trade point:D
21:04:54 : Group: SEN ONE: sell it
21:05:04 : Group: SEN ONE: it spawns sstuff their
21:05:11 : Group: Arnyzs: thats is the problem
21:05:16 : Group: Arnyzs: canot sell
21:05:41 : Group: SEN ONE: why
21:06:03 : Group: SEN ONE: maybe u can only sell to hero
21:06:18 : Group: SEN ONE: u know how traders work right
21:08:22 : Group: SEN ONE: theirs gona be a restart in 5 stay up their and loot trader area theirs always stuff spawning so u can sell
21:08:51 : Group: SEN ONE: iam trying to retrive another vehicle ive left behind
21:09:28 : Group: SEN ONE: log off now
21:53:51 : Vehicle: Lutajev: i need to be quite 
21:53:56 : Vehicle: Lutajev: ye
21:54:04 : Vehicle: Lutajev: no :D
21:54:20 : Vehicle: Lutajev: dont :D 
21:54:33 : Vehicle: Lutajev: lets do some more misions :D
22:01:14 : Vehicle: neshy33: hes zeaking
22:01:30 : Vehicle: neshy33: slow
22:06:09 : Vehicle: Lutajev: PSO scope
22:06:15 : Vehicle: Lutajev: yes i put it there use it
22:06:29 : Vehicle: Lutajev: we can 
22:06:33 : Vehicle: Lutajev: put inside trunk
22:07:35 : Vehicle: Lutajev: dont triger them :D
22:07:37 : Vehicle: Lutajev: pls 
22:07:47 : Vehicle: Lutajev: never .o .d
22:40:15 : Side: Smackheadgeorge: heyww
22:40:32 : Side: VertDider: yo trader 13 wanna your m107
22:45:45 : Group: Lutajev: im inside building
22:46:16 : Group: Lutajev: where is the sniper ? 
22:48:10 : Group: Lutajev: good job
22:48:13 : Group: Lutajev: couldnt see him
22:51:28 : Group: Lutajev: cant seeyour body
22:51:36 : Group: Lutajev: noo
22:53:54 : Group: Lutajev: shootin on me i cant see him
22:54:30 : Side: VertDider: just let me out of here
22:54:36 : Direct: BadComedian: hi
22:54:44 : Direct: VertDider: yo let me out
22:54:52 : Direct: VertDider: im in your base
22:54:52 : Group: Lutajev: i have realy bad position
22:55:01 : Direct: VertDider: we gonna clear the mission
22:55:36 : Direct: VertDider: and we gonna clear u too
22:55:52 : Direct: VertDider: if u wont let me out
22:56:14 : Group: Lutajev: i hide
22:56:39 : Group: Lutajev: i need painkiller im shaking hard
22:56:46 : Group: Lutajev: cant snipe him
22:57:12 : Group: Lutajev: he changed position form treeline moreto left i think but i dont know where he is now
22:57:33 : Group: Lutajev: i seehim 
22:59:12 : Group: Lutajev: im low blood from zombies
23:01:11 : Side: VertDider: hey admin
23:01:31 : Side: VertDider: i got stuck in somebodys base
23:01:41 : Side: VertDider: jumped out of btr
23:01:46 : Side: VertDider: can u help
23:01:51 : Group: Lutajev: U looting me ? :D
23:04:19 : Group: Lutajev: somebody was opening my backpack in deathscreen
23:04:32 : Group: Lutajev: i was behind broken V3S
23:06:31 : Group: Lutajev: i dont see anythin
23:07:02 : Group: Lutajev: i saw him last runnig away frm this are but he could FLANK aswellw
23:08:08 : Group: Lutajev: zombie bite me lol :D
23:09:33 : Group: Lutajev: stupid clothes :D
23:12:10 : Group: Lutajev: i picked up some stuf :D
23:12:21 : Group: Lutajev: we will not go empty from this bloodshed
23:12:31 : Group: Lutajev: that noob runned away ...
23:12:45 : Group: Lutajev: noobs .. icould be nice sniper fight 
23:12:52 : Group: Lutajev: he shot at me like 3 times and MISSED :D:D:D:D
23:13:00 : Group: Lutajev: i was fighting more with zombies then him :D:D:D
23:13:48 : Group: Lutajev: we need more AKmags and SVD mags :D
23:14:02 : Group: Lutajev: and load of bloodbags and medcines :) to fight 
23:14:11 : Group: Lutajev: im sory :( 
23:14:14 : Group: Lutajev: yes :D:D:D
23:14:16 : Group: Lutajev: nobo death :D
23:14:25 : Group: Lutajev: they bite me many times from behind 
23:14:36 : Group: Lutajev: i would snipe him if i had painkiler and time :D
23:14:49 : Group: Lutajev: nope :D
23:14:57 : Group: Lutajev: but he was changing positions alot 
23:15:06 : Group: Lutajev: yeah 
23:15:16 : Group: Lutajev: thats apoint when U die if U got nervous :D
23:15:40 : Group: Lutajev: ak74is weak :D
23:15:47 : Group: Lutajev: yea :(((
23:16:02 : Group: Lutajev: i can restart game for microphoneto work 
23:16:10 : Group: Lutajev: kej 
23:16:30 : Group: Lutajev: im gona sell stuff in backpack and  JUNK from car and gona bue  BLOODS and MAGS  kej ? 
23:16:51 : Group: Lutajev: so feel free to use mags from APC ..i put it there
23:16:57 : Group: Lutajev: ohh kej :D
23:17:02 : Group: Lutajev: i log off then aswell :D
23:17:12 : Group: Lutajev: its boring to play this alone :D
23:17:15 : Group: Lutajev: duno :O
23:17:21 : Group: Lutajev: origins maybe tomorow
23:17:25 : Group: Lutajev: need to farm stuf and humanity
23:17:39 : Group: Lutajev: yes gona try to farm milit stuf
23:23:25 : Group: Lutajev: APC ? 
23:24:04 : Group: Lutajev: how is called the russian soldier skin ? :) 
23:24:13 : Group: Lutajev: the first one i had :)
23:24:22 : Group: Lutajev: AU oficer ? 
23:24:27 : Group: Lutajev: RU 
23:24:28 : Group: Lutajev: ok
23:25:00 : Group: Lutajev: items inside car 
23:25:04 : Group: Lutajev: i give you 20k
23:25:11 : Group: Lutajev: kej 
23:25:36 : Group: Lutajev: thats a bit :D
23:25:48 : Group: Lutajev: should i say it in world chat ? :D
23:26:00 : Group: Lutajev: blue SUV 500k get us !!! :D 
23:26:21 : Group: Lutajev: vortex ? 
23:26:23 : Group: Lutajev: noob
23:27:12 : Group: Lutajev: why the real banks dont work like this :D 
23:27:18 : Group: Lutajev: still 100k inside :D
23:27:21 : Group: Lutajev: yes :D
23:27:33 : Group: Lutajev: code safe ? 
23:27:39 : Group: Lutajev: good
23:27:52 : Group: Lutajev: yes 
23:28:11 : Group: Lutajev: thats good i got 12mags AK 12magsSVD 12bloods :D and lot of food suplies :D
23:28:20 : Group: Lutajev: kej :D
23:28:50 : Group: Lutajev: and i got kompas :D i was flustrated without it :D
23:30:12 : Group: Lutajev: hero trader ? 
23:30:23 : Group: Lutajev: what humanity for trading with him ? 
23:30:26 : Group: Lutajev: i got 4600
23:30:28 : Group: Lutajev: dayum
23:31:20 : Group: Lutajev: nice
23:31:28 : Group: Lutajev: can it be resuplied ? 
23:31:36 : Group: Lutajev: ok ok 
23:31:51 : Group: Lutajev: yes :D
23:32:12 : Group: Lutajev: loél
23:32:33 : Group: Lutajev: wana put items to BTR
23:33:39 : Group: Lutajev: RU skin ? 
23:34:30 : Group: Lutajev: dust :Dw
23:34:56 : Group: Lutajev: suplies inside BTR
23:35:52 : Group: Lutajev: kej
