18:10:15 : Group: Kujke: I am too scared of the mean Zombies
19:39:55 : Group: AS16: поеду я на зеленую миссию, опробую ствол
19:40:04 : Group: AS16: если что зови - я совершенно свободен ))
19:40:58 : Group: AS16: маршал еще возможно русский
19:42:53 : Group: AS16: ты видишь что я пишу?
19:42:57 : Group: AS16: молчишь что-то ))
19:43:27 : Group: ded: несмотрел
19:44:25 : Group: AS16: слышно было как я стрелял из своей пукалки?
19:44:32 : Group: AS16: тут такой грохот стоял ))
19:44:44 : Group: ded: нет
19:46:01 : Group: AS16: а у ботовт тут рпг есть?
19:47:00 : Group: AS16: Дункан Идахо читер
19:47:07 : Group: AS16: у него автовыстрел установлен
19:47:14 : Group: AS16: у него стреляешь и он тут же палит в ответ
19:47:23 : Group: AS16: из любого положения. спиной, боком...
19:47:31 : Group: AS16: но я его убивал 2 раза )
19:48:57 : Group: AS16: да уж ну и грохот
19:49:34 : Group: AS16: тут нет никого похоже - ушли. боты все живы
19:49:40 : Group: ded: мне ненравится 107
19:49:46 : Group: AS16: мне ас50
19:49:51 : Group: AS16: наверное махнусь )
19:50:04 : Group: AS16: у ботов есть рпг?
19:50:18 : Group: AS16: может попробовать давить их...
19:50:25 : Group: ded: бывает
19:51:15 : Group: AS16: тут людей нет - надо ехать куда то
19:51:24 : Group: AS16: или на геройскую любую и самим чистить...
19:51:29 : Group: ded: там еще мины
19:51:38 : Group: AS16: да мины пофиг их видно
19:51:46 : Group: AS16: Тарико герой
19:51:54 : Group: AS16: скорее сего ЮАШ60 чистит
19:52:42 : Group: AS16: ну надо наверное двигать
19:53:28 : Group: AS16: я по пути ствол выложу
19:53:33 : Group: AS16: перед бандиткой
20:02:20 : Group: AS16: Я ОТСЮДА ВИЖУ МИССИЮЦ
20:03:33 : Group: AS16: БОТЫ УБИТЫЕ ЕСТЬ
20:03:38 : Group: AS16: СТАЦИОНАРКИ СТОЯТ
20:03:47 : Group: AS16: вообще то с них надо начинать )
20:04:44 : Group: AS16: надо дальше ехать - далекова то )
20:04:56 : Group: AS16: похоже чистит кто-то с противоположной стороны - там трупы
20:07:00 : Group: AS16: о вижу мотоверт в поле, перед тобой
20:07:11 : Group: AS16: метров 500 до мисси от него
20:08:55 : Group: AS16: боты вон как-то вправо бегут
20:08:58 : Group: AS16: и смотрят туда
20:09:56 : Group: ded: НЕВИДНО НИКОГО
20:10:07 : Group: AS16: ага
20:10:19 : Group: AS16: лентяи
20:10:34 : Group: AS16: вон один пишет они на конвое воюют с маршалом
20:12:05 : Group: AS16: блин у нас гроза началась
20:12:09 : Group: AS16: я выхожу!
20:12:19 : Group: AS16: удачи. встретимся живя!!!
20:12:27 : Group: ded: ПОКА
20:12:45 : Group: AS16: как русскому даю тебе подсказку, как разбоготеть
20:12:53 : Group: AS16: быстро и просто - никому не говори!!!
20:13:03 : Group: AS16: покупаешь блоки, цемент и ежи
20:13:08 : Group: AS16: делаешь гаражные двери
20:13:14 : Group: AS16: цена материала на 1 дверь 8к
20:13:18 : Group: AS16: продаешь по 80к
20:13:30 : Group: AS16: я за 3 часа набил так полный банк...
20:13:33 : Group: ded: ОК
20:13:48 : Group: AS16: буржуям только не говори - пусть мучаются )
20:13:48 : Group: ded: СПС
20:14:27 : Group: agss: i take btr and we go kill kim
20:14:29 : Group: Red: where you at
20:15:01 : Group: Red: hey man
20:15:09 : Group: Duncan Idaho: hi m8s 
20:15:22 : Group: Red: as we say in germany "moin jungs"
20:15:29 : Group: Tariko: hey
20:15:48 : Group: Red: you guys alright? where you at
20:15:59 : Group: Tariko: he's in the top of the mountain
20:16:02 : Group: Tariko: my place
20:16:16 : Group: Red: im in the middle of cherno
20:17:22 : Group: Duncan Idaho: the actual coordinates were 113 070
20:17:35 : Group: Duncan Idaho: he's near that point
20:18:21 : Group: agss: tariko wait
20:18:33 : Group: agss: i need 5 min
20:18:39 : Group: Red: could we meet up somewhere?
20:18:41 : Group: Tariko: i'm trying to recover my body so i can snipe him
20:21:33 : Group: Red: could we regroup somewhere
20:21:52 : Group: Tariko: i'm under the base mounted near the mission
20:22:02 : Group: Duncan Idaho: tariko said he saw marshall in the exact coordinates i gave to you, guys
20:22:18 : Group: Red: alright comin' to the base
20:22:46 : Group: Tariko: got my M110
20:22:52 : Group: Red: nice
20:27:06 : Group: agss: where is he?
20:27:24 : Group: Duncan Idaho: idk
20:27:24 : Group: Tariko: don't know, can't see any signals 
20:27:35 : Group: Tariko: last time i saw him there 
20:27:35 : Group: Duncan Idaho: don't have a gps?
20:28:00 : Group: Tariko: he was running south when i saw him
20:28:07 : Group: Tariko: maybe he just ran away?
20:28:58 : Group: Tariko: i can continue to finish the mission so he can get baited 
20:29:19 : Group: Tariko: if he doesn't come back, at least we will have the mission
20:29:22 : Group: Duncan Idaho: copy. eyes on you, tariko.
20:31:08 : Group: Tariko: 1 ai left
20:31:47 : Group: agss: come, i protect you
20:32:05 : Group: Duncan Idaho: i see shots. but dk where from
20:32:52 : Group: Tariko: DUNCAN GOT HIM
20:32:54 : Group: Tariko: DUBINA
20:33:09 : Group: agss: where?
20:35:09 : Group: agss: see you later, i kill him tomorow
20:35:19 : Group: Tariko: oh kk
20:35:21 : Group: Duncan Idaho: copy haha. 
20:35:22 : Group: Tariko: see ya haha
20:35:25 : Group: Duncan Idaho: gl and cya
20:40:22 : Group: Tariko: see ya guys, we leave group
20:40:32 : Group: Red: bye c2
20:40:34 : Group: Tariko: thx for the help
20:41:34 : Group: Duncan Idaho: i leave the group for now. if you wanna hunt some campers or need help, just tell me.
20:41:40 : Group: Red: sure
20:41:41 : Group: Duncan Idaho: gl and good hunt guys. cya
20:41:46 : Group: Red: cya
20:42:23 : Group: agss: SEE YOU LATER :)
20:42:30 : Group: Red: cya
