03:46:51 : Side: Logan: Are any admins on right now?
05:59:37 : Side: SEN ONE: dont his gona buy u a helllo kitty oner
07:22:55 : Side: |Laura| [BA]: mornig all
08:07:50 : Side: Bock: whats a hotwire worth?
08:08:29 : Side: Redlycanthrope [BA]: hmmm depends on how successful they are on this server
08:09:05 : Side: Bock: hm..
08:09:33 : Side: Redlycanthrope [BA]: you cant buy or sell em
08:09:47 : Side: Bock: to players yes
08:10:24 : Side: Redlycanthrope [BA]: yeah, thats why it depends on its success rate. i havent tested them yet
08:10:45 : Side: Bock: do they work on safes?
08:10:49 : Side: Redlycanthrope [BA]: no
12:43:55 : Side: CryTekHUN: hi guys
12:44:16 : Side: FNL: HI
12:44:18 : Side: |Laura| [BA]: hi
12:44:45 : Side: CryTekHUN: everybody friendly now ?
12:46:54 : Side: CryTekHUN: i can hook the car with blackhawk ?
12:47:22 : Side: |Laura| [BA]: i dunno
12:47:45 : Side: CryTekHUN: good
12:51:01 : Side: Smackheadgeorge: alright guys
12:51:26 : Side: |Laura| [BA]: hi
12:51:35 : Side: Smackheadgeorge: how are use
12:51:45 : Side: |Laura| [BA]: gd u 
12:51:51 : Side: Smackheadgeorge: gd 
13:09:21 : Side: CryTekHUN: if i cough what can i use?
13:09:35 : Side: CryTekHUN: whypes dont work
13:09:42 : Side: |Laura| [BA]: antibotics
13:09:50 : Side: CryTekHUN: cant use
13:10:00 : Side: |Laura| [BA]: thats the only thing that will get rid of ur cough
13:10:43 : Side: CryTekHUN: hit the zombie i used the bandage and after whypes but my blood less
13:11:01 : Side: CryTekHUN:  3-
16:58:07 : Side: [eXp] CziQita: any1 else expecting fps drops atm?
16:58:12 : Side: B0NG0_JESUS: 8fps
16:58:16 : Side: |Laura| [BA]: YES
16:58:16 : Side: Rameses II [BA]: yes
16:59:48 : Side: [eXp] CziQita: omg again
16:59:57 : Side: B0NG0_JESUS: unplayable
17:00:06 : Side: |Laura| [BA]: wot u doing marshal
17:00:41 : Side: Rameses II [BA]: marshall get out of her handbag
17:00:54 : Side: |Laura| [BA]: yeh i got my dirty knickers in there from the weekend
17:01:15 : Side: Redlycanthrope [BA]: and now he is sniffing -_-
17:01:21 : Side: |Laura| [BA]: lol...
17:03:36 : Side: Rameses II [BA]: seriously 150 building parts ?
17:03:43 : Side: [eXp] CziQita: y
17:03:53 : Side: Smackheadgeorge: what did you get that fro,?
17:03:55 : Side: Rameses II [BA]: the garage i designed is that big
18:53:11 : Side: Michigan: any friendly fellas who wanna team up and form a nice team?
18:53:19 : Side: MalteserHead: Me
18:53:30 : Side: Michigan: sent you an invite ,press f5
18:53:38 : Side: MalteserHead: ts3?
18:53:55 : Side: Michigan: sure, join the group
18:54:02 : Side: MalteserHead: No
18:54:19 : Side: Michigan: why?
18:54:27 : Side: MalteserHead: So you can kill me?
18:54:38 : Side: Michigan: Oh, yeah
18:55:06 : Side: Michigan: Dunno, i wanna be a hero so i won't do stuff like that
18:55:15 : Side: MalteserHead: ts3
18:56:14 : Side: Michigan: ts3.b-zone.ro , last channel called dayz, pass is dayaz
18:56:16 : Side: Michigan: dayz*
18:57:33 : Side: MalteserHead: Come on ts
18:57:43 : Side: Michigan: i'm on the server i gave you
18:57:51 : Side: MalteserHead: join the server ts
18:58:19 : Side: [eXp] CziQita: łe rumun
18:58:21 : Side: Michigan: join the room, all the way to the bottom called dayz mod
18:58:36 : Side: Michigan: pass is dayz
18:58:36 : Side: MalteserHead: Join the servers ts
18:58:47 : Side: Michigan: ooooh
18:58:54 : Side: Michigan: what's the addres? :D
18:59:20 : Side: MalteserHead: Address:78.31.67.100
19:38:03 : Side: Michigan: cheap move :/
19:50:58 : Side: lukeredfearn: anyone know whats an m110 worth
19:51:40 : Side: Alex Mason: 100K sells for 30K
19:51:52 : Side: lukeredfearn: cheers
19:55:24 : Side: lukeredfearn: how many AI's usually at a base or does it change
19:55:41 : Side: Alex Mason: it's random
19:55:51 : Side: Alfie412 [BA]: you mean like bandit base
19:55:58 : Side: Alfie412 [BA]: mission
19:56:05 : Side: lukeredfearn: bandit base
19:56:38 : Side: Alfie412 [BA]: you looking like 15-17 on foot then heli so they can have like 6+-
19:57:03 : Side: MalteserHead: He means at a camp, not a mission
19:57:27 : Side: Alfie412 [BA]: not sure on them never done them
20:19:57 : Side: |Laura| [BA]: whos at hte cave
20:22:37 : Side: |Laura| [BA]: hows the cave doing :)
20:22:51 : Side: Bock: wheres everyone at
20:23:56 : Side: [eXp] CziQita: hows the parachuter doing
20:24:10 : Side: |Laura| [BA]: did it on purpose to see who owned the cave '_
20:24:19 : Side: Arnyzs: why there is no body in place where i chrased with mozzie?
20:24:25 : Side: [eXp] CziQita: nice, we killed you to let you know who is in charge
20:24:36 : Side: |Laura| [BA]: hows ur brt 90s
20:25:04 : Side: saltyKarlos: a girl playing a2?
20:25:08 : Side: saltyKarlos: jesus
20:25:15 : Side: [eXp] CziQita: I hadn't had any
20:25:25 : Side: |Laura| [BA]: the cave "did"
20:25:37 : Side: [eXp] CziQita: ah yes I gave her a little present
20:25:53 : Side: |Laura| [BA]: your 12 keys was a nice presnt to me lol
20:26:07 : Side: saltyKarlos: my friend says you never are seen in combat Laura
20:26:11 : Side: [eXp] CziQita: enjoy
20:26:18 : Side: saltyKarlos: quote bock on that
20:26:23 : Side: |Laura| [BA]: huh?
20:26:32 : Side: saltyKarlos: yeah ask him, im new to this server
20:26:50 : Side: Bock: i just havent met you at any missions or anything yet
20:26:53 : Side: |Laura| [BA]: well considering i just took two guys at out before restart, i think thats classed as combat ;)
20:27:19 : Side: saltyKarlos: 2 PEOPLE?! WOAOWOWAOOWO 
20:27:21 : Side: saltyKarlos: im jk 
20:27:48 : Side: |Laura| [BA]: i dont do missions, i go for players..thats probably why bock
20:28:11 : Side: Bock: yea, but the easiest way to find players, is by being near missions
20:28:20 : Side: |Laura| [BA]: exactly
20:30:15 : Side: saltyKarlos: where is everyone
20:30:26 : Side: |Laura| [BA]: camping, you
20:30:51 : Side: saltyKarlos: camping me?
20:30:53 : Side: saltyKarlos: o.o
20:39:10 : Side: saltyKarlos: "im not doing missions"
20:43:30 : Side: saltyKarlos: thx for 500k
20:43:41 : Side: Bock: im sorry we killed ya :(
20:43:57 : Side: |Laura| [BA]: i dont carry money lol
20:44:01 : Side: saltyKarlos: not you 
20:45:03 : Side: Bock: cziqita
20:46:36 : Side: saltyKarlos: gl with selling that
20:46:43 : Side: VertDider: tnks for heli
20:46:58 : Side: saltyKarlos: no ammo, + you cant sell it but np
20:47:02 : Side: Bock: dont need it, we just got money for a black hawk :)
20:47:16 : Side: saltyKarlos: YOUR money actually
20:47:21 : Side: saltyKarlos: :)
20:48:18 : Side: VertDider: need some money back
20:48:45 : Side: saltyKarlos: hmmm
20:48:49 : Side: Bock: for the heli?
20:48:53 : Side: saltyKarlos: and then we get our chopper?
20:48:58 : Side: VertDider: yep
20:49:55 : Side: saltyKarlos: HAHAHAHAHA
20:50:10 : Side: |Laura| [BA]: nice heli explosion
20:50:10 : Side: Xattab: AHAHHAHAH
20:50:38 : Side: saltyKarlos: omg
20:50:52 : Side: VertDider: cool yep?
20:51:07 : Side: [eXp] RafcioZG: nice flying skills =D
20:51:58 : Side: VertDider: thats for yesterday
20:52:14 : Side: VertDider: u got us on red mission and got our btr
20:52:29 : Side: saltyKarlos: you aint getting that 500k back now
20:52:45 : Side: Xattab: hi
20:53:05 : Side: VertDider: yep
20:53:06 : Side: saltyKarlos: OOPS
20:53:15 : Side: VertDider: why?
20:53:24 : Side: VertDider: it was standart animation
20:53:33 : Side: saltyKarlos: sorry
20:53:34 : Side: Bock: he pulled pistol
20:53:37 : Side: saltyKarlos: you took our heli
20:53:50 : Side: VertDider: he cant control that
20:54:05 : Side: VertDider: u took my 500k)
20:54:16 : Side: saltyKarlos: and we killed u first
20:54:26 : Side: VertDider: ye
20:54:29 : Side: VertDider: s
20:54:55 : Side: saltyKarlos: how did you collide?
20:55:24 : Side: VertDider: i have nothing to do else
20:55:26 : Side: saltyKarlos: laura wtf
20:55:37 : Side: VertDider: they opened fire on me
20:56:08 : Side: saltyKarlos: hahha gj
20:56:33 : Side: Bock: i thought people were better at this gsame
20:56:35 : Side: Bock: game
20:57:08 : Side: VertDider: wanna team up?
20:57:25 : Side: Bock: youre gonna kill us
20:57:33 : Side: VertDider: дщд црн
20:57:38 : Side: VertDider: lol why
20:57:41 : Side: saltyKarlos: ok your russian
20:57:47 : Side: saltyKarlos: no thx
20:57:52 : Side: Bock: because we killed you when you drove the nissan?
20:57:56 : Side: VertDider: we had a nice shooting
20:58:55 : Side: Bock: we tried to save him
20:59:02 : Side: Bock: but his friend shot at us
20:59:46 : Side: VertDider: promice not to shoot me im nearby
20:59:56 : Side: Bock: ok put your gun down
21:00:03 : Side: saltyKarlos: kk come outside the base on the street
21:00:07 : Side: Bock: leave it on the ground
21:00:10 : Side: VertDider: gun down
21:00:14 : Side: saltyKarlos: or in backpack
21:00:15 : Side: Bock: and stand at the road
21:00:16 : Side: VertDider: coming out of forest
21:00:26 : Side: saltyKarlos: can you see us?
21:00:33 : Side: VertDider: not now
21:00:36 : Side: VertDider: hear u
21:01:15 : Side: Bock: where are you
21:01:27 : Side: Bock: put your gun down
21:01:56 : Side: VertDider: what?
21:02:04 : Side: saltyKarlos: put your gun away
21:02:10 : Side: VertDider: cant hear u clearly
21:03:14 : Side: [eXp] CziQita: cocky
21:03:30 : Side: saltyKarlos: and thats coming from you?
21:03:37 : Side: saltyKarlos: he didnt put his gun away
21:03:53 : Side: Bock: we gave him 10 seconds to put his gun awayu
21:03:59 : Side: Bock: 2 times
21:04:27 : Side: VertDider: i cant put anywhere
21:04:36 : Side: VertDider: full backpac
21:04:45 : Side: VertDider: for fuck why u killed me
21:04:56 : Side: VertDider: i was on the ground?
21:04:57 : Side: Bock: you could leave it on the ground?
21:05:25 : Side: VertDider: lets try one more time
21:06:10 : Side: Bock: hahaha
21:06:17 : Side: Bock: we gave them so many chances
21:06:22 : Side: Bock: we said, put your gun down 5 times
21:06:27 : Side: Bock: he just kept shooting
21:06:32 : Side: Bock: what a retard
21:06:38 : Side: Bock: with all of them
21:10:56 : Side: VertDider: exp
21:10:58 : Side: VertDider: dont
21:11:02 : Side: VertDider: shoot
21:11:05 : Side: [eXp] RafcioZG: ok
21:11:12 : Side: VertDider: just need my loot
21:11:13 : Side: [eXp] RafcioZG: won't again :)
21:11:19 : Side: [eXp] RafcioZG: all is gone m8
21:12:48 : Side: VertDider: учз
21:12:53 : Side: VertDider: exp
21:12:59 : Side: [eXp] RafcioZG: yes?
21:13:14 : Side: VertDider: whats wiht that guys?
21:13:24 : Side: [eXp] RafcioZG: dunno little bit quiet
21:13:30 : Side: [eXp] RafcioZG: but i'm running away
21:13:33 : Side: [eXp] RafcioZG: nothing left 
21:14:09 : Side: VertDider: gues thay logged out
21:14:13 : Side: [eXp] RafcioZG: lol
21:16:29 : Side: VertDider: who is shooting here?
21:17:32 : Side: VertDider: hold your fire
21:20:48 : Side: [eXp] CziQita: what was that?
21:20:50 : Side: |Laura| [BA]: knew that was ur base ;) well one of them
21:21:01 : Side: [eXp] CziQita: so?
21:21:04 : Side: |Laura| [BA]: thankyou for ur vechiles earlier, and lockboxes :)
21:21:22 : Side: [eXp] CziQita: lol
21:21:41 : Side: |Laura| [BA]: all in fun tho...no hard feelings
21:23:45 : Side: Mastoooo: эй, уебки, нитро на сервере есть?
21:43:55 : Side: Smn: why is this serer so boring?
21:44:23 : Side: VertDider: u missed some funny stuff
21:45:02 : Side: Smn: is there more action normaly?
21:45:09 : Side: VertDider: yep
21:45:20 : Side: Smn: nwa?
21:45:39 : Side: [eXp] CziQita: vs the police department?
21:45:48 : Side: Ghost [BA]: fuck sake iw as about to say that
21:45:53 : Side: Ghost [BA]: haha :D
21:46:00 : Side: [eXp] CziQita: ^^
22:13:22 : Side: |Laura| [BA]: wow all these safes
22:28:16 : Side: Shadow Hunter: /KILLMW
22:37:11 : Side: Logan: Are any admins on right now?
