00:11:32 : Side: McButtMunch: how do you claim a vehicle if it does not give you the option to when you scroll? is there any way or no?
02:22:36 : Side: Mike Fondu: you good luke? 
02:23:00 : Side: Luke: LOL NO
02:23:13 : Side: Mike Fondu: haha, did that last shot hit you? 
02:23:35 : Side: Luke: yeah im pretty hit
02:23:49 : Side: Luke: could ouy maybe bandage me up?
02:23:58 : Side: Luke: ypu*
02:24:05 : Side: Luke: you****
02:24:12 : Side: Mike Fondu: After putting so many shots in you, i feel like you will shoot me
02:24:40 : Side: Luke: im a fresh spawn out of ammo but ill drop my shit
02:24:49 : Side: Mike Fondu: dont have bandage? 
02:25:01 : Side: Luke: used them
02:25:14 : Side: Mike Fondu: get on the road then
02:25:14 : Side: Luke: plz my guy
02:25:28 : Side: Mike Fondu: need to see that you dont have shit
02:25:46 : Side: Luke: im in the field
02:25:53 : Side: Luke: i dropped my gun
02:26:30 : Side: Mike Fondu: coming
02:30:48 : Side: Mike Fondu: Breaking my heart man
02:31:07 : Side: Luke: PLZ I NEED BLOOD
02:31:39 : Side: Mike Fondu: Only thing you're getting from me is a bullet
02:32:57 : Side: Luke: you shot first
02:33:08 : Side: Mike Fondu: just a tip for next time, dont move around that much
02:44:34 : Side: Mike Fondu: Where are you Luke? 
02:44:44 : Side: Mike Fondu: Just want a hug
02:44:55 : Side: Luke: cherno
02:45:16 : Side: Mike Fondu: Oh, im coming
02:45:55 : Side: Mike Fondu: Itll take some time though, Im at black mountain
02:46:30 : Side: Luke: im logging so lick my clit
02:48:00 : Side: Mike Fondu: Damn, rude
02:48:28 : Side: Luke: im a comedian
02:48:43 : Side: Mike Fondu: Oh, its fine then
02:48:52 : Side: Luke: cool
02:49:16 : Side: Luke: i wish my buddy skull was on
02:49:25 : Side: Mike Fondu: why? 
02:49:38 : Side: Luke: he coulda killed you
02:49:45 : Side: Mike Fondu: You're right
02:49:52 : Side: Mike Fondu: you ARE a comedian
02:50:56 : Side: Mike Fondu: How did McButtMunch not even hit me once? 
02:51:17 : Side: McButtMunch: shit pc>>
02:52:33 : Side: Mike Fondu: Feels bad
02:53:05 : Side: McButtMunch: :$
02:53:14 : Side: Mike Fondu: Where are you guys from? 
02:53:28 : Side: McButtMunch: we are out of CT 
02:53:45 : Side: Mike Fondu: CT? 
02:54:05 : Side: McButtMunch: r u talking about irl or in the game?
02:54:16 : Side: Mike Fondu: Irl, like country
02:54:37 : Side: McButtMunch: Connecticut usa 
02:54:44 : Side: Mike Fondu: Oh, I see
02:54:54 : Side: McButtMunch: hbu?
02:55:05 : Side: Mike Fondu: Norway 
02:55:33 : Side: McButtMunch: oh really? that's actually pretty tight
02:56:07 : Side: Mike Fondu: Yeah, It is 
02:56:22 : Side: McButtMunch: honestly sorry about luke i regret opening up on you.... i gave it a shot just for him though 
02:56:59 : Side: Mike Fondu: I dont really mind, but i was about to give him some money for killing him 
02:57:07 : Side: McButtMunch: we're both hopping off for the night its getting late over here, hopefully we'll see you on tomorrow 
02:57:23 : Side: Mike Fondu: I will be on
02:57:33 : Side: Mike Fondu: Cya
02:58:06 : Side: McButtMunch: yeah the fact that you had the balls to run down after you shot him kinda hinted that you're not a cock 
02:58:22 : Side: McButtMunch: peace out 
02:58:24 : Side: Mike Fondu: I mean, I was ready for him to bring out a gun
02:58:35 : Side: Mike Fondu: but when he moved around i knew something was up
02:58:57 : Side: McButtMunch: yeah it's really sketchy now holding up people since they can carry guns on their backs i feel you 
02:59:12 : Side: Mike Fondu: yeah, could just shoot him straight away
02:59:22 : Side: McButtMunch: exactly 
02:59:23 : Side: Mike Fondu: but as I said, I felt bad for him
02:59:30 : Side: Mike Fondu: he was looking at the wrong hill
02:59:41 : Side: Mike Fondu: I was south, not north
03:00:10 : Side: Mike Fondu: Even fired some shots around him to get him to see my way
03:00:22 : Side: McButtMunch: hopefully we can either play with you or give you a propper battle next time we're on lol im out for now 
03:00:35 : Side: Mike Fondu: When my boys are on ;-) 
03:00:38 : Side: Mike Fondu: peace
03:00:42 : Side: McButtMunch: ohhhh word 
03:20:48 : Side: Mack: there's alot more ai then i remember at these missions lol
03:21:36 : Side: SEN ONE: i barely started playing overpoch a few weeks ago is like arma2 hardmode
03:22:34 : Side: Mack: ya i just got back into it myself havent played it in about a 6months
07:07:17 : Side: Robbys Gamer: FU DENNIS
07:07:32 : Side: Dennis: Sry you were in the front of my scrope
07:09:25 : Side: Dennis: are there advanced trader system?
07:23:04 : Side: Dennis: hahhaa
07:23:16 : Side: Robbys Gamer: please give back my car
07:23:21 : Side: Dennis: Nop
07:24:20 : Side: Dennis: isnt there a bank at stary?
07:25:03 : Side: Mack: dont think so
07:25:35 : Side: Dennis: Admin
07:25:47 : Side: Dennis: Roobyu are destorying my car at safe zone
07:26:12 : Side: Robert: Hi all :)
07:26:38 : Side: Robert: Whats the rules in this game ? no rules ?
07:26:48 : Side: Dennis: Read at the map
07:27:16 : Side: Robbys Gamer: its a suvival game so no rules^^
07:27:21 : Side: Robert: sory i play this game just few days 
07:27:49 : Side: Robert: have fun 
07:28:26 : Side: Robert: so everybody kills everybody ?:P
07:37:53 : Side: Robert: is there ai soldiers in this game or something or just zeds and players ?
07:38:48 : Side: Mack: there is ai at the missions on the map
07:39:16 : Side: Robert: thx broo
07:39:54 : Side: Robbys Gamer: :)
10:40:50 : Side: Top Cat: aleskei just logged when i shot him
10:41:05 : Side: Turmoil: yes, he combat logged
10:41:16 : Side: Top Cat: is that allowed
10:42:05 : Side: Turmoil: where did he log?
10:42:26 : Side: Top Cat: nw airfield
11:14:50 : Side: Robert: guys how i can earn some money ?
11:15:04 : Side: [eXp] RafcioZG: sell weapons, complete missions
11:15:09 : Side: Turmoil: missions, looting high value loot :)
11:15:19 : Side: Robert: thanks :)
11:15:40 : Side: Turmoil: can also run around the map and find unlocked vehicles to sell as well :)
11:16:04 : Side: Robert: great :P thanks for help :P
11:23:18 : Side: Turmoil: everyone doing ok? 
11:23:26 : Side: [eXp] RafcioZG: yup ^^
11:23:53 : Side: Turmoil: hey Raf, wanna be a test subject? lol
11:24:11 : Side: [eXp] RafcioZG: yeah, what's the matter?
11:24:30 : Side: Turmoil: gonna try something out for future punishment for people who dont behave :)
11:53:16 : Side: Przemek: can i buy 2 stroke oil in any trader?q
11:53:35 : Side: [eXp] RafcioZG: i'm afraid you cannot
11:53:54 : Side: Przemek: k thanks
12:48:58 : Side: Napoli: hi guys
12:49:28 : Side: [M60]Rambo9990: napoli?!
12:49:33 : Side: Napoli: ?
12:49:34 : Side: [M60]Rambo9990: italian???
12:49:39 : Side: Napoli: no mate :DD
12:49:46 : Side: [M60]Rambo9990: oh....
12:49:54 : Side: Napoli: sry
12:50:02 : Side: [M60]Rambo9990: is ok dude XD
12:50:50 : Side: Napoli: this server is good? 
12:50:56 : Side: AnAsassinSeal: yep
12:51:01 : Side: [1848]rag: its Tremendous
12:51:04 : Side: AnAsassinSeal: best chernarus in my opinion
12:51:35 : Side: Napoli: somebody want to be my friend ? :DD
12:52:03 : Side: Turmoil: cant
12:52:09 : Side: Napoli: its oke :D
12:52:20 : Side: Turmoil: admins never get to have friends :'(
12:52:28 : Side: Napoli: :DD
12:54:22 : Side: Napoli: missions hard on this server ? :D
12:54:50 : Side: Turmoil: depends, if you want a challange try Bandit Stronghold :) if you like it easy do one of the camps around the map :)
12:55:18 : Side: Napoli: ok ty :D
13:02:11 : Side: Napoli: NS
13:09:30 : Side: Napoli: damn first epoch server with heli crash :D
13:16:42 : Side: [1848]rag: not nice dude
13:17:38 : Side: DibzG: any1 wabt to team?
13:17:44 : Side: Napoli: me?
13:17:58 : Side: DibzG: u want to team?
13:18:04 : Side: Napoli: yup
13:18:14 : Side: DibzG: ok i will invite u to group
13:46:01 : Side: Sharpie: anyone selling empty whisky bottles?
14:02:13 : Side: DibzG: any1 in balota?
14:24:50 : Side: Robert: this is ai or somebody shoot to me ?
15:17:04 : Side: Robert: Hey guys how make more humanity ? someone advice me ?
15:17:12 : Side: Sharpie: Do missions
15:17:39 : Side: Mack: ^^
15:17:44 : Side: Robert: there are some bandit base ? i must just kill them all?
15:40:55 : Side: Sharpie: LOL
15:41:01 : Side: Bock: HAHAHAHA
15:41:18 : Side: Sharpie: XD
15:41:22 : Side: Sharpie: I love how you tried
15:41:41 : Side: Bock: I shot at the drivers seat multiple times
15:41:43 : Side: Bock: and the tires
15:41:52 : Side: Bock: and then the car exploded and flew into the air
15:42:05 : Side: Sharpie: ik i saw
15:42:31 : Side: Bock: did you drive?
15:43:00 : Side: Sharpie: hes in the light house tho lol
16:11:16 : Side: Romeo Waffle: Thanks boys <3
16:12:22 : Side: Bock: what is Dichina Campw
16:15:19 : Side: Mike Fondu: How do i access my plotpole? Do I need a crowbar to get the option? 
16:19:26 : Side: Mike Fondu: so I am trying to remove this guys plot pole, but its put down too close to a safe, so i cant get it
16:20:17 : Side: Mike Fondu: oh, youre not allowed on this? 
16:20:51 : Side: Mike Fondu: That was just to not scare this guy, if he was on
16:21:13 : Side: gocha: hi All
16:21:25 : Side: Mike Fondu: oh... damn
16:21:44 : Side: Mike Fondu: guess well make him move by camping him out then <3
16:34:41 : Side: Bock: whats a satchel charge worth?
17:42:42 : Side: Napoli: ty for heli guys
17:43:02 : Side: [eXp] RafcioZG: no problem
17:43:07 : Side: [eXp] RafcioZG: enjoy
17:43:40 : Side: Napoli: all ur items there i took 1 bag and key
17:44:05 : Side: [eXp] CziQita: omg anzio is also there?
17:47:18 : Side: Napoli: where i can sell ur heli ? :DD
17:47:46 : Side: Takei: bandit/hero camp i think
17:47:49 : Side: [eXp] CziQita: which one is it
17:47:56 : Side: Napoli: uh med
17:48:05 : Side: Napoli: um60m
17:48:24 : Side: Napoli: uh-60m :D
17:48:37 : Side: [eXp] CziQita: bandit hero trader then
17:48:43 : Side: Napoli: :P
17:48:47 : Side: Napoli: bad news :D
17:48:49 : Side: [eXp] CziQita: pls don't sell it pls pls pls
17:48:55 : Side: Napoli: ok
17:48:56 : Side: [eXp] CziQita: pls pls i love you
17:49:05 : Side: Napoli: ill give u back it
17:49:12 : Side: Napoli: if u dont kill me
17:49:14 : Side: Przemek: XDD i dont get it 
17:49:17 : Side: [eXp] CziQita: ok
17:49:21 : Side: Przemek: cziqita isnt in my team
17:49:29 : Side: Napoli: i dont need it cause cant sell :DDD
17:49:31 : Side: Przemek: you took it from us in balota
17:49:51 : Side: Napoli: przemek where r u?
17:49:52 : Side: Przemek: we can meet in wholesale
17:50:04 : Side: Napoli: yup
17:50:29 : Side: Napoli: can you drop me after that in trade ?
17:50:38 : Side: Przemek: kk
17:50:51 : Side: Napoli: 5km wait :D
17:51:12 : Side: Napoli: dont run like this :DD
17:56:46 : Side: Takei: where can i buy 2 stroke oil
17:57:00 : Side: [eXp] CziQita: nowhere
17:57:11 : Side: Takei: okay
18:00:42 : Side: Napoli: what is this "Dichina Camp"??
18:01:27 : Side: Przemek: bots and weapons
18:11:03 : Side: Takei: is the claim option working?
18:12:29 : Side: Takei: how
18:14:04 : Side: Takei: thank you
18:21:54 : Side: Napoli: green mission is easy ?
18:36:55 : Side: jamie: hey
18:36:58 : Side: jamie: is this pvp ?
18:37:04 : Side: Mike Fondu: yeah
18:37:07 : Side: jamie: ok good
18:37:19 : Side: Romeo Waffle: i only shoot zombies
18:37:19 : Side: Mike Fondu: Fuck pve
18:40:07 : Side: jamie: anyone want ot team
18:40:15 : Side: jamie: anyone want to team *
18:45:01 : Side: Nup: can u buy mozzie and how much that cost?
18:45:13 : Side: Mike Fondu: 4k for one with a key
18:45:25 : Side: Mike Fondu: 12k for buying parts
18:46:08 : Side: Nup: ok. if i die my coins are safe?
18:46:31 : Side: window: no:D
18:46:56 : Side: Nup: ill loose my coins if i die?
18:47:15 : Side: Mike Fondu: unless you bank them
18:47:25 : Side: Nup: where u can bank coins?
18:47:37 : Side: Nup: bank atm?
19:11:43 : Side: Nup: is that bank atm bank?
19:12:08 : Side: Nup: ah ok
19:12:08 : Side: Mike Fondu: No, its a waterslide
19:12:37 : Side: Nup: take while to find that small place
19:58:35 : Side: CamperGotSkill: is an admin here?
19:59:06 : Side: CamperGotSkill: can i build my base into a building or is that forbidden?=
19:59:46 : Side: CamperGotSkill: ok thx :)
20:13:02 : Side: Blue Madick: worst plane pilot ever
20:14:32 : Side: Blue Madick: xD
20:23:24 : Side: Napoli: rats
20:24:39 : Side: Napoli: camp more atm rats :D
20:24:45 : Side: Napoli: in vibor
20:24:51 : Side: Blue Madick: *vybor
20:25:04 : Side: Napoli: not in russian
20:32:25 : Side: Mike Fondu: :-) 
21:44:06 : Side: Asuna: group on this server?
23:17:52 : Side: Irwin: server pidorasov
23:18:00 : Side: Irwin: kakoi smisl typo sidet dva chasa pasti missiu
23:18:39 : Side: Vodok: isnt this server english only?
23:18:43 : Side: Josh: yep
23:18:44 : Side: Mike Fondu: yeah
23:19:10 : Side: Skiddey: Zombies don't aggro?
23:19:41 : Side: Skiddey: nvm
23:30:45 : Side: Yookie666: tamshihu haverim
23:33:34 : Side: CapnCrunch: rip
23:33:38 : Side: Rumple: admin key for heli i bought isnt in my inv but i can unlock it?
23:33:57 : Side: Little T: f
23:34:01 : Side: Rumple: nice one
23:39:39 : Side: Skiddey: Does anywant want to trade with me? I have a cheytac sd
23:40:00 : Side: Irwin: aaa ti cheytac? ya znal
23:40:07 : Side: Skiddey: jaaa
23:40:09 : Side: Mike Fondu: English
23:40:09 : Side: Arttu: Irwin english only
23:40:30 : Side: Little T: englando onli frend
23:40:36 : Side: Mike Fondu: ^
23:40:54 : Side: Yookie666: ONLY ENGLISH!!!!!!!
23:40:54 : Side: Irwin: oh my friend, I speak only hebrew
23:41:11 : Side: Skiddey: Ur jewish?
23:41:15 : Side: Irwin: yes
23:41:19 : Side: Skiddey: k
23:41:56 : Side: Mike Fondu: Then type in chat
23:43:07 : Side: Vodok: does this server turn night?
23:43:12 : Side: Mike Fondu: nah
23:43:21 : Side: Rumple: has a vote but it never is
23:43:22 : Side: Vodok: :(
23:43:25 : Side: Josh: im too scared of the dark
23:43:37 : Side: Skiddey: Someone plz buy my cheytac :(
23:43:43 : Side: Mike Fondu: We can light you up Josh 
23:43:48 : Side: Skiddey: idk what to do with it i am not hero or bandit
23:43:58 : Side: Rumple: use it
23:44:03 : Side: Skiddey: NO AMMO :(
23:44:13 : Side: Mike Fondu: drop it :-) 
23:44:18 : Side: Skiddey: aaha no
23:44:47 : Side: Mike Fondu: Then run around with it till you are bandit/hero
23:51:39 : Side: LYD: NICE
23:54:17 : Side: Skiddey: where is the bank?
23:54:29 : Side: Yookie666: check atm on map
23:54:30 : Side: Rumple: map
23:54:42 : Side: Skiddey: ahh
23:54:44 : Side: Skiddey: ty
23:55:40 : Side: Skiddey: Why do I feel bad after being a naughty boy in this game
23:58:32 : Side: Josh: what?
23:58:40 : Side: Little T: well played
23:58:41 : Side: Mike Fondu: hahaha
23:58:43 : Side: Skiddey: HAHA THE AI KILLED HIM WITH A SODA BOTTLE
23:58:46 : Side: Vodok: lol
23:58:50 : Side: Josh: when you get bm'd by the ai
