16:40:02 : Group: Twanyboy: /kill
16:40:04 : Group: Twanyboy: You have to wait 95s
16:40:08 : Group: Twanyboy: nigger
16:40:51 : Group: Twanyboy: You have to wait 47s
16:41:00 : Group: Twanyboy: You have to wait 38s
16:41:03 : Group: Twanyboy: You have to wait 36s
16:41:05 : Group: Twanyboy: You have to wait 33s
17:36:23 : Group: Raul: vin si eu la aeroport
17:52:24 : Group: Iubita mea: sunt 2 aici
17:52:34 : Group: Raul: sper ca nu in fire
17:52:35 : Group: Iubita mea: dar ama rma naspa in cladirea din fata mea e cladire in constructii
17:52:45 : Group: Iubita mea: eu sunt in fire
17:52:50 : Group: Raul: si eu
17:53:55 : Group: Raul: 1 mort
17:53:58 : Group: Raul: defapt lesinat
17:54:31 : Group: Raul: cum se scoala ii dau 
17:54:36 : Group: Raul: daca se mai scoala
17:54:54 : Group: Raul: gatai
17:55:35 : Group: Iubita mea: sew uita la mn
17:55:46 : Group: Raul: dupa mine
17:56:11 : Group: Raul: nul vad
17:56:26 : Group: Iubita mea: a fost pe trepte
17:56:41 : Group: Raul: parter ?
17:56:54 : Group: Raul: acoli undeera celallt
17:57:00 : Group: Iubita mea: la etaj 1
17:57:03 : Group: Raul: da
17:57:11 : Group: Raul: o fugit
17:57:14 : Group: Raul: in dreapta
17:57:38 : Group: Iubita mea: in dreapta ta?
17:57:41 : Group: Raul: da
17:57:43 : Group: Raul: di
17:57:49 : Group: Raul: jos
17:57:50 : Group: Raul: ii jos
17:57:53 : Group: Raul: lesinat
17:57:55 : Group: Raul: lesinat
17:57:57 : Group: Raul: repet
17:57:58 : Group: Raul: lesinat
17:58:06 : Group: Raul: 2 gloante in rinichi
17:58:09 : Group: Raul: langa o cutie galbena
17:58:12 : Group: Raul: 1 etaj
17:58:14 : Group: Iubita mea: unde?wwwwwwwwwwwwd
17:58:26 : Group: Raul: cum te urci
17:58:29 : Group: Raul: pe parte
17:58:31 : Group: Raul: catre pista
17:58:35 : Group: Raul: langa o cutie galbena
17:58:39 : Group: Raul: primu etaj
17:58:54 : Group: Iubita mea: misca
17:59:05 : Group: Raul: cacat
17:59:20 : Group: Iubita mea: e aici
17:59:47 : Group: Raul: nice
18:00:09 : Group: Iubita mea: si tie
18:00:40 : Group: Iubita mea: sunt bandit
18:01:02 : Group: Raul: eu tot al -3000
18:01:21 : Group: Iubita mea: e unu aici
18:01:39 : Group: Raul: i lvad
18:01:43 : Group: Raul: l-am vazut
18:01:45 : Group: Raul: era la parter
18:03:55 : Group: Iubita mea: hai aici
18:04:21 : Group: Iubita mea: ia asta
18:05:41 : Group: Iubita mea: hai la misiune
18:05:57 : Group: Raul: NAM BICICLETAA
18:06:03 : Group: Iubita mea: cauta toolbox
18:06:07 : Group: Iubita mea: sau ia de la aia
18:09:54 : Group: Iubita mea: au tras ai sigur mai e cineva pe aici
18:10:18 : Group: Raul: eu ma duc in west pe dealu asta
18:10:21 : Group: Raul: se aude o masina
18:10:24 : Group: Iubita mea: ok
18:10:34 : Group: Iubita mea: cred ca o face cineva sa nu tragi, asteptam sa luteze
18:10:35 : Group: Raul: creca ii un apc
18:11:03 : Group: Raul: nu ii un fuel truckw
18:13:55 : Group: Iubita mea: ai grija ca te vezi destul de usor pe acolo. nu mai trage cred ca ne stie
18:15:39 : Group: Raul: care ii obiectivu
18:15:50 : Group: Iubita mea: sa gasim pe cine trage
18:15:55 : Group: Iubita mea: si sa plecam cu itm
18:16:03 : Group: Iubita mea: ai grija sa nu ne campeze ala cu trackuâ
18:16:04 : Group: Raul: il vad pe unu
18:16:11 : Group: Raul: sau ii npc
18:16:13 : Group: Iubita mea: unde
18:16:20 : Group: Iubita mea: mune mark pe harta
18:16:26 : Group: Raul: in padure din spate de la suv
18:16:43 : Group: Iubita mea: pune semn pe harta
18:16:48 : Group: Raul: da o sa vada toti
18:16:57 : Group: Raul: sigur ii npc
18:16:59 : Group: Raul: lasa
18:17:46 : Group: Iubita mea: a tras duopa mn aici
18:17:46 : Group: Raul: vad player
18:18:16 : Group: Iubita mea: ajutor am lag e pe aici ma stie
18:18:48 : Group: Iubita mea: omoara tot ce vezi
18:19:46 : Group: Raul: O TRAS IN MINE
18:20:13 : Group: Raul: ERA IN SPATELE MEU
18:22:59 : Group: Iubita mea: sunt multi AI acolo si credeam ca sunt playeri..
18:23:13 : Group: Raul: mo impuscat unu in cap si nu mai trage nime nimica , da cred ca era ai
18:23:33 : Group: Iubita mea: da sunt mult prin padure.. omoara tot ce vezi si AI
18:23:55 : Group: Iubita mea: eu nu mai vin am auzit un m107 ma duc sa il caut ?))
18:24:08 : Group: Raul: mergi prin spate
18:24:15 : Group: Raul: din sud west
18:24:27 : Group: Raul: acolo ii cea mai buna pozitie
18:24:43 : Group: Iubita mea: nu mai vin
18:25:57 : Group: Raul: ii unu cu masina in spatele mu
18:31:40 : Group: Iubita mea: brb incerc sa fac setar
18:39:26 : Group: Iubita mea: gata
19:13:15 : Group: Iubita mea: am gasit lapua LRR dar fara munitie e 1 shot 1 kill de la 1400m easy kill
19:13:23 : Group: Raul: bun
19:15:22 : Group: Raul: sa mai iau un lockbox sa punem acolo ca nu mai incape nimic in celalalt
19:15:38 : Group: Raul: ?
19:15:43 : Group: Iubita mea: da
19:21:43 : Group: Iubita mea: o gasit dumy cheythack sd in safe zone ?))
19:21:56 : Group: Raul: si io i-am furat la unu masina cu tot cu cheie
19:22:08 : Group: Raul: nissan 
19:22:53 : Group: Raul: ma duc sa ma pis 
19:26:22 : Group: Raul: gata
19:26:41 : Group: Iubita mea: ce e gata?
19:26:48 : Group: Raul: eu 
19:26:53 : Group: Iubita mea: brb
19:33:13 : Group: Iubita mea: am venit sa ajung in stary, intru pe skype de pe pc lu dumi si jocam
19:33:25 : Group: Raul: ok
19:33:28 : Group: Iubita mea: ai murit?
19:33:32 : Group: Raul: nu
19:33:40 : Group: Raul: am pus lockboxu in lockbox
19:33:49 : Group: Iubita mea: ok
19:34:19 : Group: Iubita mea: esti la baza?w
19:34:20 : Group: Raul: vrei sa vin dupa tine cu bemweu ?
19:34:23 : Group: Raul: da
19:34:34 : Group: Iubita mea: incerca codu cu 4 d e0 la seif si da vreau sa vii dupa
19:34:39 : Group: Raul: am incercat
19:34:45 : Group: Iubita mea: ok poti sa vi
19:34:50 : Group: Iubita mea: dupa restart
19:35:04 : Group: Raul: vin dupa restarT?
19:35:09 : Group: Iubita mea: da
19:35:17 : Group: Iubita mea: ca poate s afure masina acuma daca o sa vi
19:35:25 : Group: Iubita mea: ca se da restart si se deblocheaza
19:35:43 : Group: Raul: ok atunci ies de acuma 
19:36:20 : Group: Iubita mea: am gasit large gunbag si m110 in stary ?))
19:51:44 : Group: Raul: yo
21:27:05 : Group: Havabanga: /
