15:50:41 : Group: Din: 31 минута до рестарта -_-
15:50:59 : Group: Din: ты на верте?
15:52:03 : Group: Din: я на базу бандитов хочу напасть
15:52:17 : Group: Din: точнее покемперить
15:52:22 : Group: Din: пока её зачистят
15:53:23 : Group: Din: ок тогда я постреляю
15:53:27 : Group: Din: подбери меня
15:53:40 : Group: Din: на малиновке меня скинь
15:55:01 : Group: Din: надо испытать винтовку)
15:55:08 : Group: Din: правда атм вертушка будет 100%
15:55:15 : Group: Din: плохо слышно
15:55:27 : Group: Din: не
15:55:32 : Group: Din: у меня есть пулимёт
15:55:52 : Group: Din: ОООО.
15:55:59 : Group: Din: может ты со мной тут останешься
15:56:04 : Group: Din: тут изи зачистить
15:58:27 : Group: Din: да
16:02:45 : Group: Din: вроде всё
16:04:07 : Group: Din: го
16:04:14 : Group: Din: 1 обойма осталась
16:05:10 : Group: Din: их 2 минимум там
16:05:17 : Group: Din: я 2 видел только
16:05:41 : Group: Din: 16 минут
16:07:34 : Group: Din: нет
16:07:45 : Group: Din: я видел
16:08:17 : Group: Din: я пошёл прекрой
16:10:41 : Group: Din: да
16:12:17 : Group: Din: ЕБАТЬ ТУТ % М 110
16:12:21 : Group: Din: 5 штук сука
16:16:05 : Group: Din: Бля пиздец
16:16:11 : Group: Din: проебал винтовку
16:16:14 : Group: Din: авп
16:16:23 : Group: Din: ёбаный бот с пулимётом...
16:16:34 : Group: Din: КАКОГО ХУЯ ИХ ТАМ ТАК МНОГО БЫЛО
16:17:51 : Group: Din: ну
16:18:46 : Group: Din: ое
16:18:49 : Group: Din: ок
16:33:17 : Group: Din: подбери меня
16:33:24 : Group: Din: и го до героя
16:39:40 : Group: Din: а кто админ?
16:39:50 : Group: Din: можешь рюкзак одолжить?
16:40:01 : Group: Din: ладно
16:53:47 : Group: Din: можешь сюда подбежать
16:54:17 : Group: Din: патроны под лестницей
16:57:02 : Group: Din: до казармы
16:57:08 : Group: Din: 0
16:57:30 : Group: Din: какой у меня скин перса?
16:57:40 : Group: Din: збс
17:00:19 : Group: Din: норм
17:01:44 : Group: Din: =D
17:02:16 : Group: Din: [f[f[f[
17:05:51 : Group: Din: бля у меня в том трупе был 30 метров рлот
17:05:56 : Group: Din: плот
17:06:05 : Group: Din: и механизм для взлома
17:10:22 : Group: Din: да
17:10:26 : Group: Din: ьепрь
17:13:54 : Group: Din: где она?
17:16:16 : Group: Din: нужно будет купить сув с миниганом
17:16:32 : Group: Din: у тебя сколько ,
17:16:35 : Group: Din: ?
17:16:39 : Group: Din: хуманити
17:16:45 : Group: Din: нужно -5 к
17:17:09 : Group: Din: да
17:17:41 : Group: Din: бандитом ты 1 раз человека убьёшь минус 800 сразу
17:17:47 : Group: Din: а то и минус 1к
17:18:16 : Group: Din: у меня 6600 хкм
17:18:20 : Group: Din: хум
17:21:01 : Group: Din: опа
17:27:27 : Group: Din: туда патроны для лшкм нужгны??
17:27:33 : Group: Din: дшкм
17:28:31 : Group: Din: просто открыл
17:32:26 : Group: Din: я генерал нахуй!=D
17:35:15 : Group: Din: го на миссию
17:35:40 : Group: Din: опять на малиновку
17:37:47 : Group: Din: давай реще
17:39:21 : Group: Din: нуууууууууууууууууууууууу
17:39:32 : Group: Din: ска дятел
17:39:39 : Group: Din: потом достроишь
17:40:16 : Group: Din: КАК Я СЯДУ БЛЯТЬ
17:40:19 : Group: Din: закрыто
17:40:22 : Group: Din: нахуй
17:42:10 : Group: Din: пулимёт есть/??
17:42:20 : Group: Din: на сам едь
17:42:37 : Group: Din: куда хочешь
17:42:50 : Group: Din: ты куда
17:42:56 : Group: Din: на карсную миссию
17:43:13 : Group: Din: я удмал на базу героев
17:43:36 : Group: Din: ну там легче миссию зачистить
17:45:11 : Group: Din: пздц фпс просидает
17:45:16 : Group: Din: до 8
17:45:21 : Group: Din: как
17:46:16 : Group: Din: да
17:46:35 : Group: Din: тоже
17:56:58 : Group: Din: а помоему чисто
17:58:52 : Group: Din: давай
17:59:55 : Group: Din: блять это ты
18:00:01 : Group: Din: возле меня
18:01:16 : Group: Din: туту админ)
18:01:57 : Group: Din: нет
18:02:10 : Group: Din: он рядом стоит
18:02:34 : Group: Din: ты его не убьёшь
18:02:44 : Group: Din: лн бессмертныйъ
18:02:53 : Group: Din: ага
18:03:03 : Group: Din: он вплотную сидле рядом блеать=D
18:03:14 : Group: Din: я обосрался
18:03:20 : Group: Din: хз\
18:03:35 : Group: Din: Turmoil
18:05:08 : Group: Rocket: Hi)
18:07:32 : Group: Din: я хз
18:20:26 : Group: Din: СУВ ВЗОРВАЛИ?
18:20:51 : Group: Din: НЕТ
18:21:15 : Group: Din: АГА И МНЕ
18:21:21 : Group: Din: ЗА УГЛОМ Я БЫЛ
18:21:42 : Group: Din: НЕ СТРЕЛЯЙ ПО НИМ
18:22:02 : Group: Din: БЛЯТЬ ТАМ 2 ПУЛИМЁТА НА КРЫШИ
18:27:45 : Group: Din: ПОШЛИ НАХУЙ Я УЖЕ ИХ ГАШУ
18:31:47 : Group: Din: ПАТРОНОВ НЕТУ НА ВИНТОВКЕ
18:32:00 : Group: Din: ГОНИ ЕЁ СЮДА СЕЙЧАС РАЗЬЕБУ ЭТИХ ПИДАРОВ
18:32:20 : Group: Din: ДА НЕ МОГ Я
18:32:49 : Group: Din: НЕТ
18:34:05 : Group: Din: В ЛЕСУ БЫЛИ
18:35:32 : Group: Din: В ЛЕСУ ИХ ПИЗДЕЦ БЫЛО
18:35:39 : Group: Din: ПУЛИМЁТЧИКОВ
18:35:47 : Group: Din: ДА ОНИ ВСЁ МЕРТВЫ
18:40:14 : Group: Din: ТАМ МАШИНА Ж ЕСТЬ
18:42:13 : Group: Din: ПЗДЦ
18:42:23 : Group: Din: ОРУЖИЙ ТУТ ДОХУЯ
18:43:00 : Group: Din: ЗАКРЫТ ТРАНСПОРТ
18:43:05 : Group: Din: КЛЮЧ ЕСТЬ?
18:43:53 : Group: Din: ПОЕХАЛИ К ЭТИМ ТРУПАМ СПЕРЕДИ
18:44:18 : Group: Din: СЛЕВА КОТОРЫЕ
18:45:58 : Group: Din: ДА Я ВЗЯЛ\
18:46:25 : Group: Din: АГА
18:48:59 : Group: Din: ДАВАЙ ТУТ ВЫЙДЕМ
