18:44:34 : Vehicle: Twanyboy: ja
18:44:44 : Vehicle: Twanyboy: Dit is hond
19:27:58 : Vehicle: Twanyboy: gassss linker ghetto
19:34:08 : Vehicle: Twanyboy: kanker op man
19:48:17 : Vehicle: Twanyboy: /pushup
19:50:04 : Vehicle: Twanyboy: /victory
20:27:10 : Vehicle: Twanyboy: /handstand
20:27:21 : Vehicle: Twanyboy: dance
22:38:18 : Vehicle: Turmoil: pecheng 1000m
22:39:30 : Vehicle: Turmoil: keep pon going?
22:39:46 : Vehicle: LWB [SD]: circle hit a bit f youwant
22:39:55 : Vehicle: LWB [SD]: get him worried
22:40:42 : Vehicle: LWB [SD]: fuck
22:40:49 : Vehicle: Turmoil: ?
22:40:50 : Vehicle: LWB [SD]: thoughthe had armoures sux
22:40:53 : Vehicle: LWB [SD]: suv
22:41:07 : Vehicle: Turmoil: he is bailing xD
22:41:17 : Vehicle: LWB [SD]: pussy
22:41:23 : Vehicle: Turmoil: lets give two people a chance then
22:41:25 : Vehicle: LWB [SD]: follow him
22:41:28 : Vehicle: LWB [SD]: lol
22:42:36 : Vehicle: Turmoil: those two didnt even bother xD
22:43:32 : Vehicle: LWB [SD]: ooh
22:43:35 : Vehicle: LWB [SD]: suv
22:43:43 : Vehicle: Turmoil: down boy down!
22:44:40 : Vehicle: LWB [SD]: well...
22:44:46 : Vehicle: Turmoil: time to log then i guess
