12:58:25 : Group: Bock:  -14k humanity xD
13:23:44 : Group: Bock: vi tager en mission
17:35:58 : Group: Dont touch my Tralala: ja maoien
17:38:39 : Group: Dont touch my Tralala: ja moien
17:38:50 : Group: 2DIE4:  glweoich ts
18:21:57 : Group: Kristofer: imimim
18:50:31 : Group: Alex: yoooooo
18:52:59 : Group: Alex: you there logan?
20:12:00 : Group: 2DIE4:  spawn lopatino
20:42:19 : Group: Arnyzs: now we can speak in froup channel
20:42:21 : Group: SEN ONE: hey iam heal and start heading your way or find a place
20:42:35 : Group: SEN ONE: i have red mili offroad
20:43:03 : Group: Arnyzs: lets go to Trader City Stary
20:46:27 : Group: SEN ONE: u already their
20:46:33 : Group: Arnyzs: yes
20:46:39 : Group: SEN ONE: u have gear
20:46:58 : Group: Arnyzs: some stuf that i found in balota
20:47:27 : Group: SEN ONE: i hate the lag
20:47:39 : Group: SEN ONE: it takes for ever for me to get in cars
20:48:01 : Group: Arnyzs: the same for me some times
20:48:33 : Group: SEN ONE: i think its epoch 
20:51:31 : Group: SEN ONE: have u been playing for a good while
20:51:52 : Group: Arnyzs: a litle bit
20:52:13 : Group: SEN ONE: so u havent done missions or encountered the camps
20:52:22 : Group: Arnyzs: nop
21:00:40 : Group: Arnyzs: do you have a base?
21:01:18 : Group: SEN ONE: iam pick another vehicle red truck is stuck
21:04:42 : Group: Arnyzs: i found a machine gun at trade point:D
21:04:54 : Group: SEN ONE: sell it
21:05:04 : Group: SEN ONE: it spawns sstuff their
21:05:11 : Group: Arnyzs: thats is the problem
21:05:16 : Group: Arnyzs: canot sell
21:05:41 : Group: SEN ONE: why
21:06:03 : Group: SEN ONE: maybe u can only sell to hero
21:06:18 : Group: SEN ONE: u know how traders work right
21:08:22 : Group: SEN ONE: theirs gona be a restart in 5 stay up their and loot trader area theirs always stuff spawning so u can sell
21:08:51 : Group: SEN ONE: iam trying to retrive another vehicle ive left behind
21:09:28 : Group: SEN ONE: log off now
22:45:46 : Group: Lutajev: im inside building
22:46:16 : Group: Lutajev: where is the sniper ? 
22:48:10 : Group: Lutajev: good job
22:48:13 : Group: Lutajev: couldnt see him
22:51:28 : Group: Lutajev: cant seeyour body
22:51:36 : Group: Lutajev: noo
22:53:54 : Group: Lutajev: shootin on me i cant see him
22:54:52 : Group: Lutajev: i have realy bad position
22:56:14 : Group: Lutajev: i hide
22:56:39 : Group: Lutajev: i need painkiller im shaking hard
22:56:46 : Group: Lutajev: cant snipe him
22:57:12 : Group: Lutajev: he changed position form treeline moreto left i think but i dont know where he is now
22:57:33 : Group: Lutajev: i seehim 
22:59:12 : Group: Lutajev: im low blood from zombies
23:01:51 : Group: Lutajev: U looting me ? :D
23:04:19 : Group: Lutajev: somebody was opening my backpack in deathscreen
23:04:32 : Group: Lutajev: i was behind broken V3S
23:06:31 : Group: Lutajev: i dont see anythin
23:07:02 : Group: Lutajev: i saw him last runnig away frm this are but he could FLANK aswellw
23:08:08 : Group: Lutajev: zombie bite me lol :D
23:09:33 : Group: Lutajev: stupid clothes :D
23:12:10 : Group: Lutajev: i picked up some stuf :D
23:12:21 : Group: Lutajev: we will not go empty from this bloodshed
23:12:31 : Group: Lutajev: that noob runned away ...
23:12:45 : Group: Lutajev: noobs .. icould be nice sniper fight 
23:12:52 : Group: Lutajev: he shot at me like 3 times and MISSED :D:D:D:D
23:13:01 : Group: Lutajev: i was fighting more with zombies then him :D:D:D
23:13:48 : Group: Lutajev: we need more AKmags and SVD mags :D
23:14:02 : Group: Lutajev: and load of bloodbags and medcines :) to fight 
23:14:11 : Group: Lutajev: im sory :( 
23:14:14 : Group: Lutajev: yes :D:D:D
23:14:16 : Group: Lutajev: nobo death :D
23:14:25 : Group: Lutajev: they bite me many times from behind 
23:14:36 : Group: Lutajev: i would snipe him if i had painkiler and time :D
23:14:49 : Group: Lutajev: nope :D
23:14:57 : Group: Lutajev: but he was changing positions alot 
23:15:06 : Group: Lutajev: yeah 
23:15:16 : Group: Lutajev: thats apoint when U die if U got nervous :D
23:15:41 : Group: Lutajev: ak74is weak :D
23:15:47 : Group: Lutajev: yea :(((
23:16:02 : Group: Lutajev: i can restart game for microphoneto work 
23:16:10 : Group: Lutajev: kej 
23:16:30 : Group: Lutajev: im gona sell stuff in backpack and  JUNK from car and gona bue  BLOODS and MAGS  kej ? 
23:16:51 : Group: Lutajev: so feel free to use mags from APC ..i put it there
23:16:57 : Group: Lutajev: ohh kej :D
23:17:02 : Group: Lutajev: i log off then aswell :D
23:17:12 : Group: Lutajev: its boring to play this alone :D
23:17:15 : Group: Lutajev: duno :O
23:17:21 : Group: Lutajev: origins maybe tomorow
23:17:25 : Group: Lutajev: need to farm stuf and humanity
23:17:39 : Group: Lutajev: yes gona try to farm milit stuf
23:23:25 : Group: Lutajev: APC ? 
23:24:04 : Group: Lutajev: how is called the russian soldier skin ? :) 
23:24:13 : Group: Lutajev: the first one i had :)
23:24:22 : Group: Lutajev: AU oficer ? 
23:24:27 : Group: Lutajev: RU 
23:24:29 : Group: Lutajev: ok
23:25:00 : Group: Lutajev: items inside car 
23:25:04 : Group: Lutajev: i give you 20k
23:25:11 : Group: Lutajev: kej 
23:25:37 : Group: Lutajev: thats a bit :D
23:25:48 : Group: Lutajev: should i say it in world chat ? :D
23:26:00 : Group: Lutajev: blue SUV 500k get us !!! :D 
23:26:21 : Group: Lutajev: vortex ? 
23:26:24 : Group: Lutajev: noob
23:27:12 : Group: Lutajev: why the real banks dont work like this :D 
23:27:18 : Group: Lutajev: still 100k inside :D
23:27:22 : Group: Lutajev: yes :D
23:27:33 : Group: Lutajev: code safe ? 
23:27:40 : Group: Lutajev: good
23:27:52 : Group: Lutajev: yes 
23:28:11 : Group: Lutajev: thats good i got 12mags AK 12magsSVD 12bloods :D and lot of food suplies :D
23:28:20 : Group: Lutajev: kej :D
23:28:50 : Group: Lutajev: and i got kompas :D i was flustrated without it :D
23:30:12 : Group: Lutajev: hero trader ? 
23:30:23 : Group: Lutajev: what humanity for trading with him ? 
23:30:26 : Group: Lutajev: i got 4600
23:30:28 : Group: Lutajev: dayum
23:31:20 : Group: Lutajev: nice
23:31:28 : Group: Lutajev: can it be resuplied ? 
23:31:36 : Group: Lutajev: ok ok 
23:31:51 : Group: Lutajev: yes :D
23:32:12 : Group: Lutajev: loél
23:32:35 : Group: Lutajev: wana put items to BTR
23:33:39 : Group: Lutajev: RU skin ? 
23:34:30 : Group: Lutajev: dust :Dw
23:34:56 : Group: Lutajev: suplies inside BTR
23:35:52 : Group: Lutajev: kej
