16:22:01 : Direct: [eXp] CziQita: darek otworz
16:22:26 : Direct: [eXp] RafcioZG: jakis chuj dalej jest
21:50:17 : Direct: [eXp] RafcioZG: this one with red cross
21:51:02 : Direct: Turmoil: your welcome
21:51:13 : Direct: [eXp] CziQita: thanks
21:51:13 : Direct: [eXp] RafcioZG: dziękuję
21:51:29 : Direct: Turmoil: you guys doing okay?
21:51:36 : Direct: [eXp] RafcioZG: yeah
21:51:44 : Direct: [eXp] RafcioZG: we're finishing 2nd base
21:51:50 : Direct: Turmoil: thats good :) 
21:51:59 : Direct: [eXp] CziQita: accidentally we destroyed plot pole
21:52:02 : Direct: [eXp] CziQita: because of this vodnik
21:52:07 : Direct: Turmoil: lol
21:52:12 : Direct: Turmoil: just place a new one ^^
21:52:15 : Direct: [eXp] RafcioZG: but finally it's gone
21:52:18 : Direct: [eXp] CziQita: we're waiting for delivery
21:52:22 : Direct: [eXp] CziQita: our friend is coming
21:52:24 : Direct: [eXp] CziQita: on a bike
21:52:26 : Direct: [eXp] CziQita: "XD"
21:52:52 : Direct: Turmoil: well, im gonna keep on enjoying my beer then and watch tv :)
21:53:09 : Direct: [eXp] CziQita: nice, what are you watching?
21:53:10 : Direct: [eXp] RafcioZG: that sounds like a good plan
21:53:20 : Direct: Turmoil: street outlaws, dragracing
21:53:33 : Direct: [eXp] CziQita: wow
21:53:41 : Direct: [eXp] RafcioZG: do you watch ski jumping?
21:53:51 : Direct: [eXp] RafcioZG: because you live in such a nice city
21:54:06 : Direct: Turmoil: im Norwegian, we rock so hard in winter sports i hate it more than anything, lol
21:54:25 : Direct: Turmoil: never watch sports, except car related stuff
21:54:32 : Direct: [eXp] RafcioZG: okay
21:54:33 : Direct: Turmoil: true sports smells like burnt rubber and petrol
21:54:39 : Direct: Turmoil: :)
21:55:02 : Direct: [eXp] RafcioZG: F1 season starts this week :)
21:55:23 : Direct: [eXp] RafcioZG: i mean it already did :D
21:55:51 : Direct: Turmoil: dang it, my tp doesnt work now -_- bugged admin shizzle
21:55:59 : Direct: [eXp] CziQita: you can stay here
21:56:03 : Direct: Turmoil: lol
21:56:08 : Direct: [eXp] RafcioZG: it's safe :D
21:56:12 : Direct: Turmoil: there it go
21:56:12 : Direct: [eXp] CziQita: :D
21:56:52 : Direct: [eXp] RafcioZG: gib plotpole
21:57:14 : Direct: [eXp] RafcioZG: nooo
21:57:17 : Direct: Turmoil: lol
21:57:25 : Direct: [eXp] CziQita: where are you lol 
21:57:29 : Direct: [eXp] CziQita: I can open your backpack
21:57:35 : Direct: [eXp] CziQita: oh here
21:57:36 : Direct: [eXp] CziQita: LOL
21:57:47 : Direct: Turmoil: yup tagged me as friendly so
21:58:44 : Direct: [eXp] RafcioZG: :D
21:58:46 : Direct: [eXp] CziQita: :O
21:59:12 : Direct: Turmoil: well you guys enjoy hope your friend comes back :)
21:59:21 : Direct: [eXp] RafcioZG: see ya
21:59:24 : Direct: [eXp] CziQita: bb
22:19:22 : Direct: [eXp] RafcioZG: Turmoil? :D
22:24:08 : Direct: Turmoil: you called?
22:24:26 : Direct: [eXp] RafcioZG: naah, i just hear drone and thought about you
22:24:34 : Direct: [eXp] RafcioZG: heard*
22:24:43 : Direct: Turmoil: yeah i was flying, crashed... drone is a piece of crap to fly, lol
22:42:07 : Direct: Arcion: i dont need this sorry :D
22:42:36 : Direct: Arcion: too manly for me
22:42:39 : Direct: Arcion: :D
22:42:48 : Direct: Arcion: no ty ;c
22:42:51 : Direct: VertDider: and now
22:43:07 : Direct: VertDider: i dont want to hear how bad i am
22:43:19 : Direct: Arcion: man
22:43:29 : Direct: VertDider: privet
22:43:40 : Direct: Arcion: why u bought manly car for me?
22:43:58 : Direct: Arcion: how many? :D hah
22:44:08 : Direct: Arcion: ^^
22:44:44 : Direct: Arcion: I know u try to kill me ;c
22:45:02 : Direct: Arcion: sure :D
22:45:07 : Direct: Rameses II [BA]: nice to meet you see you later
22:45:42 : Direct: Arcion: how many money i can get for m60e4?
22:45:59 : Direct: Arcion: i cant in this trader
22:46:00 : Direct: Arcion: ;c
22:49:40 : Direct: Arcion: LD
22:49:51 : Direct: Arcion: :D
22:50:01 : Direct: Arcion: i have money bro :D
22:50:13 : Direct: Arcion: not a lot but 300k is ok too
22:50:15 : Direct: Arcion: :p
22:50:53 : Direct: Arcion: wow xd 
22:50:59 : Direct: Arcion: ty man
22:51:06 : Direct: Arcion: Where are you from?
22:51:19 : Direct: Arcion: :D
22:51:20 : Direct: Arcion: Good
22:51:25 : Direct: Arcion: Are u a hero?
22:51:33 : Direct: Arcion: your nickname have colour
22:51:39 : Direct: Arcion: blue colour
22:51:46 : Direct: Arcion: :D
22:52:11 : Direct: Arcion: I have red nickname?
22:52:21 : Direct: Arcion: ...
22:52:42 : Direct: Arcion: now im ok <3
22:53:24 : Direct: Arcion: can u repeat my friend talk on ts
22:54:26 : Direct: Arcion: i need to get out of safe
