06:51:02 : Side: Rogers: lol
09:25:16 : Side: 2DIE4:  hey mason... nice shot btw 
09:25:35 : Side: 2DIE4:  the MSR is usually NOT a one shot kill  ?=) 
11:01:12 : Side: 2DIE4: WHO IS THAT IN POLANA On the quadbike?  =)
11:04:58 : Side: Kristofer: wasaup peebul
11:39:57 : Side: Alex Mason: Is this server day only?
11:40:17 : Side: Emir: thinkyes
11:45:37 : Side: Sp1: admiiin
11:45:50 : Side: Sp1: can u please kill me i spawned with no gear
11:46:28 : Side: Sp1: ok thank u
11:46:33 : Side: Sp1: /killme
12:56:42 : Side: Lance: suyv?
13:09:08 : Side: Bock: Is there anyone selling metal floors? ill pay extra
13:17:08 : Side: Napoli: comon last one
13:17:12 : Side: Napoli: go out :l
13:24:05 : Side: Napoli: pot i bol :DD
13:24:52 : Side: Kristofer: if you remove a plot pole do you lose all the stuff you built?
13:25:13 : Side: Bock: mo
13:25:15 : Side: Bock: no
13:25:18 : Side: Kristofer: tanks
13:28:42 : Side: Napoli: ty and sry again :D
13:46:10 : Side: Napoli: 39 DMR mags :DD
13:58:44 : Side: DieFreewayCola: Never jump out of a driving car :D
14:01:27 : Side: Alpaca: Can I disable the grass?
14:01:32 : Side: Bock: right click map
14:01:40 : Side: Alpaca: ty
14:30:42 : Side: Daniel John Mason: why does the man not work at the trader
14:31:02 : Side: Rameses II [BA]: right click mouse on him and zoom in
14:31:35 : Side: Daniel John Mason: cheers
14:31:37 : Side: Rameses II [BA]: np
14:33:38 : Side: Bock: where tf is everyone?
14:33:58 : Side: [RnbZ]SgtBoss: camping on mission
14:34:11 : Side: Daniel John Mason: server is low pop has been for a while maz i see on is 25 poeople
14:34:11 : Side: Bock: which one
14:36:58 : Side: FNL: kill me pls
14:37:04 : Side: FNL: guy with heli
14:37:30 : Side: 3logi: which heli?
15:04:26 : Side: Daniel John Mason: how do enable snap while building
15:05:18 : Side: Daniel John Mason: how do i enable snap while building guys
15:05:26 : Side: Bock: scroll
15:05:33 : Side: Bock: choose snap and press enter
15:05:35 : Side: Bock: and then use f
15:05:42 : Side: Daniel John Mason: thanks 
15:38:42 : Side: Bock: I just killed 10 people with this suv
15:40:06 : Side: DieFreewayCola: Nice shot Bock
15:40:12 : Side: Bock: ty
15:40:28 : Side: Bock: 11 now xD
15:49:36 : Side: Kristofer: s
15:49:38 : Side: Kristofer: ss
15:49:39 : Side: Kristofer: s
15:52:27 : Side: DieFreewayCola: Are 2 explosive charges rare?
15:52:52 : Side: 4eJLoBeK: How much humanity is needed to trade with bandits?
15:53:09 : Side: DieFreewayCola: 5000 negetive
15:53:10 : Side: [eXp] RafcioZG:   -5000
15:53:20 : Side: 4eJLoBeK: thanks
16:01:32 : Side: DieFreewayCola: Why i got kicked?
16:01:36 : Side: DieFreewayCola: !
16:01:41 : Side: 3logi: combat log
16:01:55 : Side: DieFreewayCola: no i killed this 2 guys
16:02:00 : Side: DieFreewayCola: than kick
16:03:58 : Side: DieFreewayCola: But gg for kicking me cause of killing 2 people
16:59:42 : Side: Rogers: wtf?
17:00:23 : Side: DieFreewayCola: getting kicked again .,.
17:00:32 : Side: DieFreewayCola: gg
17:00:41 : Side: Rogers: why did i just teleport to te middle of the ocean XD
17:01:14 : Side: Rogers: welp, thats neat
17:01:40 : Side: DieFreewayCola: i dont know what i did wrong
17:03:48 : Side: DieFreewayCola: ok ok
17:07:21 : Side: DieFreewayCola: he got the same problem
17:07:51 : Side: DieFreewayCola: marco didnt combatlogged, he got kicked random too
17:30:11 : Side: B0NG0_JESUS: how much for a btr?
17:38:10 : Side: Dont touch my Tralala: gunnar join group
17:40:25 : Side: neshy33: got bored of regular epoch 2DIE4?
17:40:43 : Side: 2DIE4:  well  im on both XD
17:40:57 : Side: 2DIE4:  and i love the cheytac... so i had to come here aswell XD
17:41:00 : Side: neshy33: Hero on this one? XD
17:41:18 : Side: neshy33: or dirty beandit?
17:41:20 : Side: 2DIE4:  not really XD
18:14:04 : Side: neshy33: did me ramming you do nothing?
18:14:22 : Side: Yuri Boyka: ?
18:14:39 : Side: neshy33: rammed an armored suv with a btr90
18:18:47 : Side: neshy33: wtf
18:20:53 : Side: neshy33: that suv is a bit op eh
18:21:48 : Side: Yuri Boyka: mimimi
18:22:02 : Side: Kristofer: imimim
18:46:54 : Side: Alex Mason: Who ever killed me at my camp. Was my locker open??
18:47:24 : Side: Dont touch my Tralala: yes
18:47:54 : Side: Alex Mason: Did you take everything?
18:48:00 : Side: Dont touch my Tralala: yes
18:48:26 : Side: Alex Mason: Are you willing to give any of it bacg?
18:48:32 : Side: Alex Mason: Back?
18:49:02 : Side: Dont touch my Tralala: no way shout i ?
18:59:01 : Side: Logan: nice alex
18:59:45 : Side: Alex Mason: what?
19:00:03 : Side: Alex: not you headass
19:00:07 : Side: Logan: not you, the other Alex
19:00:19 : Side: Alex Mason: chill chill
19:00:31 : Side: Alex Mason: Når ja din far sluger sæd
19:00:40 : Side: 2DIE4:  keep it english pls
19:00:45 : Side: Alex: only english in the side channel
19:00:45 : Side: Bock: Hvad fuck?
19:00:50 : Side: 2DIE4:  not norwegan =) 
19:00:58 : Side: 2DIE4:  or finnish or what this is  =)
19:01:07 : Side: Bock: danish?
19:01:07 : Side: Alex Mason: alright
19:01:15 : Side: 2DIE4:  ok danish then  =)
19:01:32 : Side: 2DIE4:  eventhough im bornnot to far from danmark   pls stay english in side  =) 
19:01:52 : Side: Alex Mason: i'll do my best
19:01:57 : Side: Kristofer: alright m9
19:02:25 : Side: 2DIE4:  we all appreciate it  =)
19:23:47 : Side: MalteserHead: Bandit trader safe zone?
19:24:00 : Side: 2DIE4: it is
19:24:03 : Side: MalteserHead: ty
19:30:37 : Side: MalteserHead: i didnt know you where with tralala 2die4, sorry for killing you
19:30:50 : Side: 2DIE4:  its all good mate  =) 
19:30:56 : Side: 2DIE4:  i aint mad  its the game  =)
19:30:57 : Side: MalteserHead: Are you gonna take my shit
19:31:02 : Side: Dont touch my Tralala: sure
19:31:06 : Side: MalteserHead: wow
19:31:08 : Side: MalteserHead: thanks
19:31:08 : Side: 2DIE4:  nope im gonna take my stuff
19:31:17 : Side: MalteserHead: what about mine?
19:31:24 : Side: 2DIE4:  im not touching it
19:31:28 : Side: MalteserHead: Tralala?
19:31:37 : Side: Dont touch my Tralala: ill take the cheytac yes
19:31:52 : Side: MalteserHead: Can i loot after you?
19:32:02 : Side: Dont touch my Tralala: sure
19:32:05 : Side: MalteserHead: ty
19:36:08 : Side: MalteserHead: s
19:36:19 : Side: MalteserHead: Tralala have you gone yet
19:36:27 : Side: Dont touch my Tralala: ye
19:36:27 : Side: 2DIE4:  u can lot
19:36:30 : Side: 2DIE4:  loot
19:53:06 : Side: neshy33: wait, did you do a friendly dance?
19:53:24 : Side: Bock: lol
19:59:36 : Side: MalteserHead: Ill clear em trlala
19:59:38 : Side: MalteserHead: The ai
20:01:46 : Side: MalteserHead: Tried to help you so you shoot me with your SUV?
20:01:54 : Side: MalteserHead: thanks
20:02:12 : Side: 2DIE4:  u will find all your ger
20:02:19 : Side: 2DIE4: gear
20:02:59 : Side: |Laura| [BA]: hey all
20:03:06 : Side: Kristofer: hi
20:03:11 : Side: Redlycanthrope [BA]: brown town
20:04:05 : Side: 2DIE4: we have to shoot since 3 players were on radar and u dont have a nametag 
20:04:16 : Side: MalteserHead: Ok
20:07:33 : Side: 2DIE4: matesa your turn ... watch out there might be a player up in the white barn
20:09:12 : Side: 2DIE4: lol
20:09:31 : Side: 2DIE4:  though u was on ya body already
20:09:35 : Side: 2DIE4:  sry mate
20:10:42 : Side: MalteserHead: again -_-
20:10:54 : Side: 2DIE4:  dude sry  though u already was on ya body
20:11:08 : Side: 2DIE4:  never expected u to come just now  from there
20:11:19 : Side: MalteserHead: ;<
20:11:29 : Side: 2DIE4:  just like b4  your gear should all b there
20:11:36 : Side: MalteserHead: Fuck that
20:11:45 : Side: MalteserHead: too far
20:11:51 : Side: 2DIE4:  i mean the gear u had by the mission
20:11:58 : Side: MalteserHead: So do i
20:12:07 : Side: 2DIE4: spawn lopatino
20:12:48 : Side: MalteserHead: im going tio stay as far away too you as possible xD
20:14:39 : Side: MalteserHead: Got a trusty mosin now.. ;c
20:14:44 : Side: Kristofer: epic
20:15:03 : Side: MalteserHead: Ranges up toc 2k
20:15:35 : Side: SEN ONE: but if a bad shot it wont matter
20:15:51 : Side: MalteserHead: .
20:24:27 : Side: Arnyzs: can i be in someones group?
20:25:22 : Side: SEN ONE: iam alone at the moment if u want to meet
20:25:44 : Side: Arnyzs: where can we meet?
20:25:59 : Side: SEN ONE: add me on steam
20:38:18 : Side: SEN ONE: what happen to teaming up
20:38:27 : Side: Bock: doesnt exist
20:38:39 : Side: Arnyzs: you are the one in heli?
20:38:50 : Side: SEN ONE: i was talking to someone that wanted a team
20:40:29 : Side: Arnyzs: SEN ONE where can we meet?
20:40:54 : Side: SEN ONE: if we say where than some one will want to kill us for fun
20:41:10 : Side: SEN ONE: so ill send u an invite
20:41:14 : Side: Arnyzs: lets get in one group
20:41:32 : Side: Arnyzs: press F5
20:48:21 : Side: Bock: u forgot the key :)
22:40:15 : Side: Smackheadgeorge: heyww
22:40:32 : Side: VertDider: yo trader 13 wanna your m107
22:54:30 : Side: VertDider: just let me out of here
23:01:12 : Side: VertDider: hey admin
23:01:32 : Side: VertDider: i got stuck in somebodys base
23:01:41 : Side: VertDider: jumped out of btr
23:01:46 : Side: VertDider: can u help
