06:12:41 : Group: Din: я щас в сув выложу то что важно сохранить и поеду бандитов гасить
06:13:46 : Group: Din: и деньги тебе отдам
06:14:54 : Group: Din: я отметил тебя как друга
06:18:07 : Group: Rocket: у меня 270к
06:36:59 : Group: Rocket: я отойду не надолго
06:37:02 : Group: Din: ок
06:41:28 : Group: Din: ты тут??
06:44:38 : Group: Din: Илюх ты тту?
06:48:53 : Group: Rocket: я тут
06:53:24 : Group: Din: это боты
06:54:16 : Group: Din: у нас сейф
06:54:34 : Group: Din: дац
06:54:41 : Group: Din: и бриф 1
06:55:46 : Group: Din: бля сзади меня миссия появилась
06:59:22 : Group: Din: я знаю
07:01:04 : Group: Din: этор боты..
07:02:18 : Group: Din: в какую деревню
07:02:28 : Group: Din: могилёвку?
07:04:26 : Group: Din: где они?
07:04:36 : Group: Din: ну
07:05:02 : Group: Din: не вижу
07:06:04 : Group: Din: он за домом
07:07:26 : Group: Din: это верталёт помоемуц
07:07:55 : Group: Din: убил 1
07:08:21 : Group: Din: да перед домом
07:08:24 : Group: Din: в кустах
07:09:46 : Group: Din: нет
07:12:29 : Group: Din: код от сейфа 9878
07:12:52 : Group: Din: 5 сек выложу вещи
07:14:08 : Group: Din: патроны возьми 
07:14:14 : Group: Din: у меня всешл 100
07:14:48 : Group: Din: где?
07:15:09 : Group: Din: я
07:15:21 : Group: Din: я не вижу их
07:16:12 : Group: Din: нет мешают деревья
07:16:27 : Group: Din: забирай оружия
07:19:39 : Group: Din: да мох у меня место есть ещё
07:23:44 : Group: Din: это чья машина тут?
07:23:59 : Group: Din: тут
07:24:04 : Group: Din: закрытая
07:24:07 : Group: Din: внедорожник
07:24:17 : Group: Din: я его взрываю нахуй
07:25:23 : Group: Din: ага
07:36:42 : Group: Din: я поехал продавать оружие
07:37:35 : Group: Din: где ключ от сува??
07:37:40 : Group: Din: у етбя?
07:37:46 : Group: Din: моего
07:40:20 : Group: Din: сейф закрой последний
07:40:37 : Group: Din: к герою
07:41:01 : Group: Din: хотя в старый
07:41:10 : Group: Din: я имелл ввиду на торгашку к герою
07:42:02 : Group: Din: где?
07:42:07 : Group: Din: у нас?
07:42:18 : Group: Din: если да возми я переоденусь
07:42:52 : Group: Din: давай быстрей а то скоро гости приедут примерно через час
07:43:01 : Group: SEN ONE: omg
07:43:54 : Group: Din: эм да
07:44:04 : Group: Din: но это  не тот камуфляж
07:44:12 : Group: Din: нет
07:45:46 : Group: Din: точно полетим?
07:47:41 : Group: Din: 35к хуманити нужн о
07:47:54 : Group: Din: дац
07:48:07 : Group: Din: тут топлива 0
07:51:42 : Group: Din: что
07:51:49 : Group: Din: да
07:51:54 : Group: Din: продать
07:53:53 : Group: Din: движок чинить надо?
07:55:01 : Group: Din: пох поехалт
07:55:25 : Group: Din: ок
07:55:46 : Group: Din: не ну нах я опять на миссию =D
07:55:52 : Group: Din: на базу пидаров
07:56:00 : Group: Din: там опять сейф наверное будет
07:56:21 : Group: Din: ты со мной поедешь?
07:56:50 : Group: Din: я тебе бало отдам сейчас как всё продам
07:57:20 : Group: Din: тамк мне сув тогда нужен
07:58:42 : Group: Din: прийдётся у героя продавать
07:58:46 : Group: Din: 2 винтовки
07:59:09 : Group: Din: точнее 4
08:00:33 : Group: Din: у меня 190к
08:01:02 : Group: Din: двай реще
08:02:03 : Group: Din: нет первым делом до героя
08:02:10 : Group: Din: я винтовку куплю другую
08:02:19 : Group: Din: такую же как у меня только с глушителем
08:03:40 : Group: Din: 100к мне кинь тогдац
08:04:14 : Group: Din: у тебя еда есть ?ц
08:05:19 : Group: Din: мало еды
08:06:27 : Group: Din: нету бензина тут
08:06:36 : Group: Din: БЕНЗИНА 0
08:06:40 : Group: Din: ёпта
08:07:13 : Group: Din: ты мензобак поставил?
08:07:19 : Group: Din: бензобак
08:09:49 : Group: Din: ну вот значит из-за движка всё вылелось
08:10:19 : Group: Din: да да да
08:10:56 : Group: Din: да и исчезло сразу
08:11:25 : Group: Din: кароче ну  его нахуй этот верталёт.
08:11:37 : Group: Din: я его взорву сейчас нахер заебал он меня уже
08:27:29 : Group: Din: мне твоя помощь нужна
08:27:40 : Group: Din: бери пулиимёт и патроны к дмр возьми плиз
08:28:58 : Group: Din: ты на машине или верте приедешь?
08:31:12 : Group: Din: ну я вроде всех убил
08:35:06 : Group: Din: там вертушка акуратнее
08:35:14 : Group: Din: ты пряи на неё летишь
08:35:27 : Group: Din: похуй)
08:40:02 : Group: Din: 2 сейфа тут
08:40:24 : Group: Din: сейчас вертушка должна прилдететь
08:41:16 : Group: Din: нет на суве
08:42:00 : Group: Din: долутай 
08:42:05 : Group: Din: эту вертушку не трогай
08:42:15 : Group: Din: она не агрится
08:42:18 : Group: Din: пока что
08:42:24 : Group: Din: не
08:42:40 : Group: Din: долутай трупы я поехал до героя на торгашку
08:43:14 : Group: Din: нет
08:46:05 : Group: Din: да ему хуй с маслом остался
08:50:15 : Group: Din: я выхожу
15:25:42 : Group: Din: да
15:27:06 : Group: Din: ytne crfqgf e vtyz
15:27:12 : Group: Din: нету скайпа у меня
15:27:21 : Group: Din: да тут пиздят
15:28:36 : Group: Din: у меня 299000 к
15:29:07 : Group: Din: н
15:29:10 : Group: Din: не
15:35:47 : Group: Din: забери из сува всё на базу
15:37:19 : Group: Din: выйди
15:37:27 : Group: Din: деньги дам
15:44:12 : Group: Din: что?
15:52:12 : Group: Din: я буду кемперить
15:56:22 : Group: Din: ага
15:56:29 : Group: Din: бабло выложил?
15:56:51 : Group: Din: где они воюют ска
15:59:09 : Group: Din: что?
15:59:17 : Group: Din: 17
16:04:53 : Group: Din: нет суки они
16:11:50 : Group: Din: хули никто не хочет идти
16:12:00 : Group: Din: я уже хадолбался ждать
16:12:06 : Group: Din: задолбался
16:13:33 : Group: Din: как у тебя там?
16:15:19 : Group: Din: ска 14 человек а где они все???!?!?!?!?
16:16:11 : Group: Din: ОПА
16:16:15 : Group: Din: чел)))
16:19:29 : Group: Din: батька
16:21:39 : Group: Din:  ещё
16:21:49 : Group: Din: 3200 хуманити XD
16:21:55 : Group: Din: было 8 к
16:27:34 : Group: Din: я бриф спиздил XD
16:28:23 : Group: Din: дац
16:32:46 : Group: Din: ?
16:40:49 : Group: Din: да
16:41:30 : Group: Din: го героев пиздитьт
16:41:47 : Group: Din: героев
16:42:46 : Group: Din: сканером
16:43:09 : Group: Din: не туда
16:43:21 : Group: Din: что там?
16:58:18 : Group: Din: да
16:58:30 : Group: Din: инет твой
16:58:47 : Group: Din: у меня было всё збс
16:58:55 : Group: Din: пока ты не начал вниз падать
16:59:32 : Group: Din: взорвался
17:00:00 : Group: Din: нет
17:00:07 : Group: Din: я откуда зна лчто там есть что-то
17:00:10 : Group: Din: я видле\
17:02:18 : Group: Din: верталёт
17:03:20 : Group: Din: это тв?
17:03:24 : Group: Din: стрелял
17:07:12 : Group: Din: ты опйдёшь?
17:09:15 : Group: Din: БЫСТРЕЕЕ
17:09:46 : Group: Din: забери у поцыков всё не забудь проверить рюкзаки
17:09:54 : Group: Din: да
17:10:16 : Group: Din: я к тебе
17:11:31 : Group: Din: бабло проверь
17:11:55 : Group: Din: хахахаха он пишет
17:12:09 : Group: Din: в ящиках что
17:13:04 : Group: Din: хахаххаха бляяя
17:13:10 : Group: Din: 400 хуманити...
17:13:19 : Group: Din: не быть мне уже героем=D
17:13:39 : Group: Din: с 700 метров
17:13:48 : Group: Din: сегодня средняя дистанция мо
17:14:24 : Group: Din: винтовка шикарная
17:14:32 : Group: Din: ты мои выстрелы слышал?
17:14:44 : Group: Din: слышал
17:14:54 : Group: Din: да пиздец хлопок
17:15:03 : Group: Din: как будто динозавар пёрнул
17:15:06 : Group: Din: =D
17:15:36 : Group: Din: ппц чел кровоточил??
17:15:53 : Group: Din: 3 кила
17:15:57 : Group: Din: за сегодня
17:15:58 : Group: Din: я х
17:16:01 : Group: Din: 20
17:16:06 : Group: Din: он катался падла
17:16:20 : Group: Din: я ему ноги сломал
17:16:31 : Group: Din: он еще лагал 
17:16:36 : Group: Din: когда катался
17:19:17 : Group: Din: а
17:20:05 : Group: Din: что он пытается
17:20:27 : Group: Din: это я поставил палатку
17:20:35 : Group: Din: хахаха
17:20:41 : Group: Din: да она у нас заспавнилась
17:21:39 : Group: Din: винтовка ахуенная
17:22:59 : Group: Din: опа кто-то миссию зачищает рядом с нами
17:28:10 : Group: ferbot: čau
18:01:35 : Group: Pula Mea: vezi ca e plin de ei si pe acolo sunt 2
18:01:47 : Group: Raul: unde
18:01:54 : Group: Raul: nu eram atent
18:02:02 : Group: Pula Mea: unu la firestation unu la cladirile alea mari prin spate cred
18:02:29 : Group: Raul: ee l-am vazut la fire station , am urlat muie ungaria la el
18:02:43 : Group: Pula Mea: unu e pe aici
18:03:24 : Group: Pula Mea: in stanga ta in padure
18:03:48 : Group: Pula Mea: de acolo de undeva
18:06:04 : Group: Pula Mea: vine
18:07:50 : Group: Pula Mea: e in hambarul mare
18:09:08 : Group: Pula Mea: i-ai ce are posibil sa mai fine unu
18:11:35 : Group: Raul: AA
18:11:41 : Group: Raul: testam cv
18:11:49 : Group: Pula Mea: ce
18:12:00 : Group: Raul: nu este loot pe jos si am crezut ca mo picat netu
18:12:32 : Group: Pula Mea: hai pe skypze
18:13:19 : Group: Raul: Ccum esti pe skype
18:13:21 : Group: Pula Mea: se incarca
18:13:29 : Group: Raul: tot makaze ?
18:14:08 : Group: Pula Mea: aparama trebuie sa il descarc
18:14:14 : Group: Raul: ok
18:16:22 : Group: Pula Mea: se incarca hai ca jucam pana atu nci
20:14:13 : Group: BadComedian: тс упал
20:14:16 : Group: VertDider: fuf
20:14:29 : Group: VertDider: поднялся
20:15:36 : Group: VertDider: серваку пизда походу
20:15:45 : Group: BadComedian: ага
20:18:15 : Group: BadComedian: 109.226.233.225
20:45:15 : Group: Dont touch my Tralala: ja chiil
22:05:27 : Group: Pula Mea: You have to wait 47s
22:06:06 : Group: Pula Mea: You have to wait 8s
22:06:15 : Group: Pula Mea: /suicide
22:16:22 : Group: Iubita mea: You have to wait 133s
22:41:00 : Group: Iubita mea: You have to wait 34s
23:15:06 : Group: Iubita mea: yes
23:15:48 : Group: Iubita mea: I homeless
23:17:11 : Group: Iubita mea: No man
23:24:35 : Group: Iubita mea: Baga Florin Carnat
