05:23:37 : Side: Collin: your ded
05:23:49 : Side: Collin: to me
06:56:02 : Side: Collin: HEY Ded why were you shooting at me lol?
06:56:26 : Side: ded: русский
07:19:58 : Side: Henry Stutzen: moin moin
07:21:32 : Side: Henry Stutzen: the zeds are slowed or not ?
07:21:48 : Side: SEN ONE: yeah but the ai are deadly
07:45:46 : Side: Henry Stutzen: i dont need 
07:46:05 : Side: Henry Stutzen: geh mir nicht aufn sack kleienr
08:55:35 : Side: Henry Stutzen: get out of the limo !
08:56:08 : Side: Henry Stutzen: ded  come back to stari 
09:03:30 : Side: Robbys Gamer: it is okay to steal cars in traderzones
09:03:36 : Side: Robbys Gamer: read the rules
09:06:03 : Direct: Henry Stutzen: troll idiot 
09:09:33 : Side: Henry Stutzen: angel ?
09:10:05 : Side: Henry Stutzen: Robbys mean he can trolling  at stari 
09:10:39 : Side: Robbys Gamer: i am just steal your car and it is not a rule breack
09:10:43 : Side: Henry Stutzen: watch up your items 
09:11:08 : Side: Henry Stutzen: i dont speak with u troll gamer ...
09:11:27 : Side: Robbys Gamer: .<3
10:27:24 : Side: Robbys Gamer: how has shooting at my car
10:29:49 : Side: Robbys Gamer: i can watching you
10:48:36 : Side: Robbys Gamer: sorry ded
10:48:59 : Side: ded: ок
13:00:15 : Direct: Robbys Gamer: why i cant handle with this trader?
14:32:33 : Side: [eXp] RafcioZG: any admin in console?
15:40:17 : Side: Robbys Gamer: ab wann ist man bandid?
16:07:31 : Side: Rasmus: hello
16:07:48 : Side: Dont touch my Tralala: hey
16:08:01 : Side: Rasmus: ooh my ding ding dong ;)
16:08:48 : Side: Rasmus: are you guys german or uk? :P
16:08:56 : Side: Dont touch my Tralala: me german
16:09:01 : Side: Josh: im english
16:09:05 : Side: Rasmus: oki nice
16:09:07 : Side: Josh: its a happy mix 
16:09:15 : Side: Rasmus: :3
16:09:37 : Side: Dont touch my Tralala: and you `
16:09:41 : Side: Rasmus: sweden
16:44:05 : Side: MalteserHead: Ello
16:44:12 : Side: [eXp] Gruby: ho
16:44:16 : Side: [eXp] Gruby: hi4
16:46:34 : Side: MalteserHead: Where are all you guys in the clan from?
16:47:14 : Side: MalteserHead: Oh
16:50:51 : Side: Bananenjoghurt: wie viel kostet ne mozie
17:11:14 : Group: Fantom: ко мне 
17:53:16 : Group: MalteserHead: Hello
17:54:05 : Group: MalteserHead: Tralala?
17:54:18 : Group: Dont touch my Tralala: y
17:54:22 : Group: MalteserHead: ts3?
17:54:37 : Group: Dont touch my Tralala: i am
17:54:49 : Group: MalteserHead: Want me to join you?
17:55:05 : Group: Dont touch my Tralala: y you can
18:16:28 : Side: Michigan: how do attachments work on this server?
18:17:16 : Side: lukeredfearn: no idea
18:17:23 : Side: Michigan: aight, thanks :D
18:31:26 : Side: Michigan: any proper heroes here?
18:35:02 : Side: Michigan: any admin online?
18:44:13 : Side: [RnbZ]SgtBoss: evoz
18:44:21 : Side: [RnbZ]SgtBoss: how u repair your vehicle so fast?
18:44:45 : Side: 2DIE4: service station
18:44:47 : Side: evoz: lul only 4 wheels 
18:45:07 : Side: evoz: need 20 sec for it
18:50:18 : Side: 2DIE4:  thx 4 being a customer  XD
18:55:20 : Direct: Yuri Boyka: friendly
18:55:36 : Direct: Yuri Boyka: ur surrounded drop your weapon
19:04:28 : Side: Michigan: which are the best missions, other than mv22?
19:04:37 : Side: Michigan: on this sv
19:04:39 : Side: Yuri Boyka: black hawk crashes
19:04:59 : Side: Michigan: awesome, cheers
19:15:52 : Side: Michigan: do i beed to kill all the ais before the mission secures, beside i am next to the heli?
19:16:08 : Side: Dont touch my Tralala: yes
19:16:21 : Side: Michigan: the mission glitched then
19:16:41 : Side: Michigan: the ai is long gone, if he started to walk around the map
19:18:11 : Side: Michigan: no admin online?
19:18:42 : Side: Michigan: An ai roamed away from a mission and it cant be completed anymore
19:19:00 : Side: C.Vlad: lol
19:19:16 : Side: Michigan: dunno where he went :(
19:32:03 : Group: marshal: РУССКИЙ?
19:34:30 : Group: marshal: ты русский?
19:48:42 : Side: Bock: who was it that i shot before?=
20:35:41 : Side: Jamie: are concrete walls etc craftable or are they only buyable?
20:41:27 : Side: Bock: You have to wait 34s
20:42:33 : Direct: lukeredfearn: hey
20:43:00 : Group: Bock: I am too scared of the mean Zombies.....
20:44:57 : Direct: lukeredfearn: take parts of that car if you need
20:48:55 : Side: vladimir: lol glitching?
20:49:13 : Side: lukeredfearn: is this regular epoch building? trying to decide what i need to buy
20:49:39 : Side: Bock: yea
20:49:48 : Side: lukeredfearn: cheers
20:53:48 : Direct: lukeredfearn: oops
20:57:25 : Side: Bock: Is Anzio 20 the new sniper?
21:00:27 : Side: lukeredfearn: found that here lol
21:01:37 : Side: Bock: how much does it cost to rearm vehicles?
21:01:50 : Side: untik: 100k
21:05:18 : Group: [eXp] CziQita: /vote day
21:05:35 : Group: [RnbZ]SgtBoss: /vote night
21:05:45 : Side: [RnbZ]SgtBoss: /vote night
21:07:53 : Side: Bock: Admin, the .50 cal and explosive ammo rounds is too expensive
21:08:01 : Side: [eXp] CziQita: XD
21:18:35 : Side: lukeredfearn: does this server have garages?
21:21:07 : Side: lukeredfearn: does this server have garages?
21:29:29 : Direct: lukeredfearn: hey
21:41:24 : Side: Napoli: sry :P
22:10:27 : Side: Jamie: what can you do with bio meat?
22:10:47 : Side: Romeo Waffle: eat it
22:10:48 : Side: Daryl: Make some good ass bio hamburgers
22:11:19 : Side: Jamie: ill invite you all round for some ;)
22:11:24 : Side: Daryl: lit
22:52:34 : Side: Napoli: ty guys
23:22:38 : Side: lukeredfearn: does removing a plot pole wipe your base or can you place it down again?
23:29:09 : Side: PoPPe: hi
23:29:22 : Side: Mike Fondu: Hello
23:29:31 : Side: PoPPe: :D
23:30:58 : Side: PoPPe: anybody doing missions?
23:31:04 : Side: Napoli: +
23:31:36 : Side: PoPPe: k
23:37:41 : Side: Napoli: 17 bots and shitty drop :(
23:37:55 : Side: Daryl: Napoli is you friendly?
23:38:05 : Side: Napoli: idk :DDD
23:38:13 : Side: Daryl: il take that as a no then xD
23:38:21 : Side: Napoli: xD
23:46:57 : Direct: lukeredfearn: hey
23:47:07 : Direct: Napoli: hey
23:48:43 : Side: Daryl: was there someone at that disabled uaz mission or was that ai shooting at my mozzy
23:49:26 : Side: PoPPe: i was there but culd not find the ai
23:49:37 : Side: Daryl: were you shooting at me xD
23:49:59 : Side: PoPPe: no. i was ther 5 min ago
23:50:06 : Side: Daryl: oh
23:51:48 : Side: PoPPe: somone else had to have been there. i could not find any ai there.
23:52:14 : Side: Daryl: it was someone with an mg
23:52:27 : Side: PoPPe: k
23:52:30 : Side: Daryl: which makes me think it was napoli lol
