13:34:36 : Direct: <eXp> RafcioZG: щл
13:46:54 : Direct: <eXp> RafcioZG: ayy lmao
14:26:49 : Direct: Szosti: bandit/hero trader
16:44:59 : Direct: Jamie: either of you wana buy an m240?
20:25:39 : Direct: Turmoil: hi
20:25:58 : Direct: Turmoil: what have i done now? xD
20:26:09 : Direct: Turmoil: just tped here to say hi :)
20:26:15 : Direct: 2DIE4:  u sneaky  dick  XD
20:26:23 : Direct: 2DIE4:  hey  hows it goin?
20:26:36 : Direct: Turmoil: good good, busy day today so im gonna continue on, happy sniping :)
20:26:47 : Direct: 2DIE4: see wghat i can do   =) 
20:27:04 : Direct: Turmoil: what can you do?
20:27:16 : Direct: 2DIE4:  i dunno yet  XD
20:27:21 : Direct: 2DIE4:  shoot somebody  =9
20:27:26 : Direct: Turmoil: good luck :D
23:03:35 : Direct: LWB [SD]: wont break more than that
23:03:45 : Direct: Turmoil: meh
23:03:58 : Direct: Turmoil: didnt see you there you little invisible stalker
23:04:02 : Direct: LWB [SD]: ;)
23:06:12 : Direct: LWB [SD]: still says you you are dead lol
23:06:29 : Direct: LWB [SD]: do you get study body otpion on me?
23:06:39 : Direct: Turmoil: get no option at all
23:06:54 : Direct: LWB [SD]: should get trade coins
23:06:57 : Direct: Turmoil: oh there it goes
23:06:57 : Direct: LWB [SD]: at least
23:07:07 : Direct: Turmoil: His name was LWB it appears he died from something
23:07:11 : Direct: LWB [SD]: weird
23:07:13 : Direct: Turmoil: unknown cause
23:07:36 : Direct: LWB [SD]: so if I go invis the options go?
23:07:47 : Direct: Turmoil: yep
23:07:50 : Direct: LWB [SD]: sweet
23:09:43 : Direct: Turmoil: think im gonna go play a bit whit Freedom :) can you handle the kids?
23:10:03 : Direct: LWB [SD]: will be going to bed soon, they will have to handle themselves ;D
23:10:05 : Direct: LWB [SD]: sounds wrong
23:10:22 : Direct: Turmoil: lol, ill check in on em on EPM, ill leave it running in the background so :) if anyone screams ill know
23:10:36 : Direct: LWB [SD]: okies.. Ai in mil camps again btw
23:10:45 : Direct: LWB [SD]: all of them
23:10:47 : Direct: Turmoil: could not delete the remains here... guess they will disapear soon
23:10:53 : Direct: Turmoil: ah thats great :D
23:11:45 : Direct: Turmoil: have fun whit the kids :)
23:14:33 : Direct: Darnias: ye
23:15:11 : Direct: Raul: how about a rocket launcher
23:15:51 : Direct: Raul: i thought you can drive through like it was a ghost 
23:21:09 : Direct: Areanas: Well, give is 40k 
23:21:13 : Direct: Areanas: and we will beok
23:21:49 : Direct: Areanas: cuz that was cost of our Heli
23:22:22 : Direct: Raul: k ill give it to u
23:22:23 : Direct: ProjektDeJaVu: meant to ask in direct...
23:23:11 : Direct: Areanas: Okay
23:23:16 : Direct: Areanas: we are okay now
23:23:25 : Direct: Areanas: gl 
