00:08:31 : Direct: Asuna: w8
01:05:04 : Direct: Player1: good
01:05:56 : Direct: Jim: turn ur rotors off ur spraying dust everywhere
01:08:28 : Direct: Jim: yeah man
01:08:30 : Direct: Jim: im good
01:08:31 : Direct: Jim: you?
01:09:50 : Direct: Jim: hey man
01:09:54 : Direct: Jim: that gun on the floor?
01:10:06 : Direct: Jim: is that like something I can just take?
01:12:12 : Direct: Jim: i am vegan
01:12:39 : Direct: Jim: foudn that gun on the floor in here
01:12:48 : Direct: Jim: I wasn't sure if it belonged to someone
01:13:12 : Direct: Jim: thanks lad
02:48:00 : Direct: Jim: hello
16:15:05 : Direct: CamperGotSkill: could u leave pls?
16:55:40 : Direct: Rocket: hi
18:18:54 : Direct: [LADZ] Katyusha: helllooooooooo
20:47:34 : Direct: Przemek (2): nigger
20:57:45 : Direct: Rutinoscorbin: DISABLED CONVOY
20:57:47 : Direct: Rutinoscorbin: POLANA
