00:01:30 : Side: Jack: triggured
00:23:01 : Side: Jack: love the way you shoot 2 full btr mags in me then fuck off and leave mission for me haha ty
00:23:17 : Side: Jack: lol hes gone off noww
02:13:49 : Side: Bec Bristo: Thanks for not looting my body man, Fuck that was a hell of a shot
02:14:14 : Side: AS16: Welcome!
04:09:58 : Side: Collin: Hey AS16 you want to do some stuff toghter
04:10:12 : Side: Collin: Will i fuck up but you no what i mean
14:05:32 : Side: Beast: Hello
14:05:44 : Side: Zeyrams: hi
14:06:04 : Side: Beast: I am new 
14:07:08 : Side: Beast: Can i be whit you 
14:18:14 : Side: Beast: Hello is somewone here 
14:18:43 : Side: Simi: Yup
14:19:27 : Side: Beast: I first time here can you give me a good advice what to do
14:19:41 : Side: Simi: Loot
14:20:55 : Side: Beast: Do you know a place where it spawns ?
14:21:26 : Side: Simi: Airstrips and military bases go to balota first it's good loot there
14:22:17 : Side: Beast: Thanks 
14:22:29 : Side: Simi: np
14:29:34 : Side: Beast: No Simi :(
