16:28:12 : Direct: Dont touch my Tralala: hey
16:28:17 : Direct: Przemek (2): sup
16:29:07 : Direct: Dont touch my Tralala: here
16:29:09 : Direct: Dont touch my Tralala: key in
16:29:13 : Direct: Dont touch my Tralala: its yours
16:29:35 : Direct: Przemek (2): tyaw
16:29:42 : Direct: Dont touch my Tralala: np
17:05:26 : Direct: Przemek (2): czarna ? ty rasisto
17:05:40 : Direct: Przemek (2): jebane w dupe czarnuchy
17:13:41 : Direct: SaddamHaysayn: jestem pedalem i co wam do tego
17:38:27 : Direct: Turmoil: right click map and locate vehicle
17:38:38 : Direct: Turmoil: ok
17:39:16 : Direct: Turmoil: MTVR?
17:39:23 : Direct: WannaBe: yeah
17:39:32 : Direct: WannaBe: i had it towed to vodnik 
17:39:46 : Direct: Turmoil: its at the vehicle pound, so it has been left in one of the traders and teleported there
17:40:03 : Direct: WannaBe: i c ... ill go get it then 
17:40:09 : Direct: WannaBe: thanks
17:40:27 : Direct: Turmoil: key is back in backpack
17:40:42 : Direct: WannaBe: thanks =] 
18:24:50 : Direct: Turmoil: bock
18:25:00 : Direct: Bock: whos this
18:25:04 : Direct: Turmoil: admin
18:25:07 : Direct: Bock: yea?
18:25:33 : Direct: Bock: sup
18:25:36 : Direct: Turmoil: if you feel like it was a hack, put it out on youtube or something and give it to us admins on TS :) 
18:25:46 : Direct: Bock: Ok
18:25:51 : Direct: Bock: whats ts ip
18:26:00 : Direct: Turmoil: i watched him as soon as u said it and he did not do anyhting wrong
18:26:05 : Direct: Bock: gotta steal his chopper cya, k
18:26:13 : Direct: Bock: i was dead when i said it
18:26:15 : Direct: Bock: it was too late
18:28:30 : Direct: Josh: sah dude
18:28:39 : Direct: Blue Madick: xD
18:29:19 : Direct: Josh: mind leaving the heli please :p?
18:29:47 : Direct: Blue Madick: mind giving me the key
18:29:54 : Direct: Josh: nah sorry
18:29:57 : Direct: Josh: its not mine
18:30:10 : Direct: Blue Madick: :(
18:35:41 : Direct: [KEK]neshy33: waddup
18:37:27 : Direct: [KEK]neshy33: lol
18:49:09 : Direct: Blue Madick: get in 
18:49:18 : Direct: Blue Madick: cmon
18:50:26 : Direct: Blue Madick: cmon
18:50:32 : Direct: Blue Madick: lets go on a adventure
18:54:25 : Direct: Turmoil: was that all of u? 
18:54:31 : Direct: Josh: and lyd
18:54:55 : Direct: Turmoil: get the stuff from your bodies :) i will get vehicles
18:57:29 : Direct: Turmoil: key is in heli
18:57:34 : Direct: Josh: thanks
18:57:40 : Direct: Turmoil: did the suv have key?
18:57:47 : Direct: Josh: could i have the 120k i lost since someone hid my body
18:58:12 : Direct: Josh: yeah it did but just ignore the suv
18:58:14 : Direct: Josh: ty <3
18:58:22 : Direct: Turmoil: you sure?
18:58:47 : Direct: Josh: think my friends want it actually could you please?
18:58:54 : Direct: Turmoil: ofc
18:58:57 : Direct: Josh: :p
18:59:58 : Direct: Turmoil: does it have to be pink? xD
19:00:08 : Direct: Josh: nah, color doesnt matter :D
19:00:33 : Direct: Turmoil: key is also in heli
19:00:42 : Direct: Josh: ty <3
19:00:51 : Direct: Turmoil: anything else?
19:01:02 : Direct: Josh: nah thats it, thanks c:
19:01:19 : Direct: LYD: thanks <3333333333333333333333333333333333333333333333333333333333333
19:01:29 : Direct: Turmoil: hey james, still wanna go to prison step out of the vehicle xD
19:01:44 : Direct: LYD: he definitely does
19:02:18 : Direct: James: one moment
19:02:22 : Direct: James: small problem
19:02:25 : Direct: LYD: so I'm trapped in the car
19:02:40 : Direct: LYD: with no option to unlock it despite me having a key
19:03:15 : Direct: Turmoil: sleep tight :)
20:02:46 : Direct: Buk Lau: whats up man
20:04:08 : Direct: Buk Lau: Im guessing you the silent type
20:04:27 : Direct: Buk Lau: Not very funny for a joker
20:46:40 : Direct: Nup: dont go inside bus
20:46:45 : Direct: Nup: ok
23:54:34 : Direct: Rhys Porter: hi
23:55:03 : Direct: Ryan: hey
23:55:45 : Direct: Ryan: friendly
