01:24:06 : Side: Tamago: anyone flying in a green mean huey?
01:30:12 : Side: Jack: how much is a safe?
01:33:00 : Side: Rogers: whos merlin?
01:33:09 : Side: Jack: thats more ai
01:33:12 : Side: Jack: run!
01:33:15 : Side: Rogers: ah, i see
01:35:01 : Side: Jack: you doing mission rogger
01:35:07 : Side: Jack: roger*
01:35:12 : Side: Rogers: nope
08:16:23 : Side: agss: siema siema 
09:39:18 : Side: agss: hello tamago
09:39:27 : Side: Tamago: yo
09:39:36 : Side: agss: dawaj grupe :)
11:56:58 : Side: |Laura| [BA]: afternoon all :)
11:57:49 : Side: Turmoil: hello Laura :)
11:57:56 : Side: |Laura| [BA]: hey :)
12:32:07 : Side: |Laura| [BA]: can i just get my gear bk plz
12:33:46 : Side: Tamago: should not have shot my mtvr
12:33:52 : Side: |Laura| [BA]: i didnt
12:33:59 : Side: Tamago: óh yeah it shot itself
12:34:14 : Side: |Laura| [BA]: ididnt shoot no vechile
15:39:41 : Side: Bock: whoever lives in novy church should move..
15:41:02 : Side: Alex Mason: I agree no one should be allowed to build in a building
15:41:10 : Side: Kristofer: y toh
15:41:12 : Side: Kristofer: tho
15:41:21 : Side: Alex Mason: Its not fair
15:41:30 : Side: Bock: thats not the problem
15:41:33 : Side: Alex Mason: Loot spawns in them 
15:41:39 : Side: Bock: yea
15:41:41 : Side: Kristofer: not so good loot tho
15:41:41 : Side: Bock: shit loot
15:41:42 : Side: |Laura| [BA]: hardly any loot tho 
15:41:51 : Side: Bock: i live in a shed xD
15:42:01 : Side: Alex Mason: But nobody should be selfsupplied
15:42:21 : Side: Bock: i get maybe a can
15:42:25 : Side: Bock: maybe a painkiller
15:49:08 : Side: agss: :)
15:49:54 : Side: agss: /
15:50:34 : Side: agss: why you kill bambi like noob??
15:50:41 : Side: Bock: you had a truck
15:50:50 : Side: Bock: truck = money
15:53:50 : Side: Alex Mason: How the fuck did you manage to get shot by an ai from 6 meters
15:54:25 : Side: Bock: havent you heard about "rushing missions"?
15:55:09 : Side: Alex Mason: No but i can see someone has
15:55:21 : Side: Bock: good because i havent heard about it either
16:14:20 : Side: Kristofer: 2 hotwires for sale
16:14:25 : Side: Kristofer: 300k each
16:18:38 : Side: agss: ashole
16:18:48 : Side: Bock: didnt do anything
16:25:12 : Side: Bock: where is everyone
16:25:38 : Side: agss: mission
16:26:58 : Side: saltyKarlos: GJ
16:57:27 : Side: lukeredfearn: why is one of my doors kinda see through
17:08:21 : Side: saltyKarlos: where can you buy metal floors?
17:08:34 : Side: Alfie412 [BA]: can not
17:09:02 : Side: agss: better craft metal floor
17:09:52 : Side: Alfie412 [BA]: they may be a wholesaler but not sure was not last time i went
18:13:10 : Side: Bock: Admin?
18:13:23 : Side: Bock: where the fuck is all the players
18:28:33 : Side: Bock: where is all the combat
18:29:31 : Side: agss: BOCK  YOU ARE NOOB, SHOOT A BABMI,,,, WAIT 2 DAY AND FIGHT ME....
18:29:39 : Side: Bock: what?
18:29:44 : Side: MalteserHead: ahahahahah
18:29:45 : Side: Rameses II [BA]: lol
18:29:49 : Side: MalteserHead: wtf bock?!?!
18:29:51 : Side: Alfie412 [BA]: haha
18:29:51 : Side: Bock: hahaha
18:30:02 : Side: Bock: i shot you with 2 times with my heli
18:30:10 : Side: MalteserHead: Exspexts people to be friendly on overpoch
18:30:11 : Side: Bock: you were geared both times
18:30:13 : Side: Rameses II [BA]: in a week he'll be arnold scwarznegger
18:30:43 : Side: agss:  :) YES,,,,,,,,,WAIT 2 DAYS :)
18:30:56 : Side: Bock: okay?
18:31:06 : Side: Rameses II [BA]: ok nobody shoot agss for 2 days
18:31:19 : Side: Boogsta: Can't promise it
18:31:24 : Side: Rameses II [BA]: me neither
18:31:28 : Side: agss: YOU GOOD GUYS,,,,,WAIT AND DONT KILL ME 2 DAYS
18:31:58 : Side: Boogsta: why 2 days, and stop shouting
18:32:17 : Side: agss: M
18:32:19 : Side: Bock: hes using "," and not "."
18:32:25 : Side: MalteserHead: IKR
18:32:35 : Side: agss: HE HAVE ARMED HELI.....I HAVE NOTHING
18:32:55 : Side: MalteserHead: Its overpoch, be quiet
18:33:01 : Side: Boogsta: NEVER MIND.. THATS WHAT IT's ALL ABOUT
18:33:13 : Side: agss: I TELL ONLY HE
18:34:32 : Side: Rameses II [BA]: if anyone kills agss in next 48 hours I put a 300k bounty on his head
18:34:41 : Side: Bock: and how old were you again agss?
18:34:48 : Side: Boogsta: i'll take them odds
18:34:58 : Side: Bock: im gonna hunt him just for fun
18:35:10 : Side: Bock: with my ah6j :D
18:35:17 : Side: agss: I LOVE YOU......... :) YOU THE BEST, I KILL YOU TO NEXT 3 DAY......YOU SEEE.......
18:35:27 : Side: Boogsta: how sporting of you old chap
18:35:32 : Side: MalteserHead: THE CRINGEEEEEEEEEEw
18:36:08 : Side: agss: KILL ME PLEASE
18:50:40 : Side: Rameses II [BA]: you keep knocking but you can't come in
18:52:21 : Side: lukeredfearn: any admin on?
18:53:01 : Side: MalteserHead: Havnt been on in a long time now... ;/
18:53:12 : Side: MalteserHead: h
18:53:15 : Side: MalteserHead: oh..
18:53:30 : Side: lukeredfearn: just a werid one, my garage door and door frames are see though
18:53:53 : Side: lukeredfearn: not a big deal, i can still lock them and cant shoot through them, cheers
18:55:01 : Side: Alfie412 [BA]: whats up
18:55:06 : Side: neshy33: H
18:55:11 : Side: lukeredfearn: cheers
18:55:24 : Side: Alfie412 [BA]: if you mind me asking 
18:55:28 : Side: neshy33: hey sierra, someone has placed camonetting over a main road, is that allowed?
18:55:32 : Side: lukeredfearn: Alfie, my garage door is see through
18:55:41 : Side: Alfie412 [BA]: oh lol
18:55:44 : Side: lukeredfearn: and door frames 
18:55:51 : Side: Alfie412 [BA]: oh
18:55:55 : Side: lukeredfearn: still lockable though
18:55:57 : Side: Rameses II [BA]: could be base maintenance
18:56:06 : Side: lukeredfearn: and yes as long as you can drive a truck under
18:56:06 : Side: Sierra [SD]: i assume you are at your base now - mmm not if its made the road inaccessable I'll look at that in a min too
18:56:33 : Side: Rameses II [BA]: where did you buy the door from ?
18:56:34 : Side: Alfie412 [BA]: luke something happend to us similar to that on another server
18:56:36 : Side: neshy33: you cant on these ones, the road outside novy is blocked via two camonetting stuck in the ground
18:56:40 : Side: lukeredfearn: yeah im here now
18:56:48 : Side: Rameses II [BA]: trading standards been knocking around klen a lot lately
18:56:57 : Side: Sierra [SD]: ok i'll look in a sec neshy
18:56:58 : Side: Alfie412 [BA]: the doors went but came back after restart
18:57:13 : Side: lukeredfearn: i thought that but still like it
18:57:22 : Side: lukeredfearn: and i forced maintained
18:57:36 : Side: Alfie412 [BA]: it been a restart since then that strange
18:57:38 : Side: Sierra [SD]: they arent like it for me
18:58:07 : Side: Rameses II [BA]: he needs to relog
18:58:08 : Side: Michigan: how much does a mili offroad grenade launcher sells for at hero?
18:58:16 : Side: Rameses II [BA]: only about 30k
18:59:46 : Side: Michigan: cheers bro
18:59:54 : Side: Michigan: much love
19:00:09 : Side: Alfie412 [BA]: luke if sierra can see the doors then everyone else will 
19:00:33 : Side: lukeredfearn: its just me lol
19:00:44 : Side: Alfie412 [BA]: yeah is it still the same
19:00:51 : Side: lukeredfearn: im going to check another base in a sec
19:00:54 : Side: Alfie412 [BA]: after you relog
19:00:55 : Side: Sierra [SD]: I think it is but LWB is here checking too
19:00:59 : Side: Sierra [SD]: just incase :D
19:01:04 : Side: lukeredfearn: see if its just my own buildings
19:02:30 : Side: Rameses II [BA]: you keep on knocking but you can't come in
19:02:41 : Side: neshy33: lol, how long did they get banned for?
19:03:02 : Side: LWB [SD]: 24hrs
19:03:25 : Side: neshy33: shame lol
19:05:29 : Side: lukeredfearn: its just my own buildings
19:05:33 : Side: Sierra [SD]: Where are the camo nets over the road neshy?
19:05:48 : Side: MalteserHead: novy
19:05:54 : Side: neshy33: up the road from novy sobor to guglovo
19:06:17 : Side: neshy33: you'll see an eyesore both sides the road with random vehicles everywhere 
19:06:36 : Side: Alex Mason: Admin?
19:07:07 : Side: Sierra [SD]: ok righty thanks - will take a look - what is up Alex?
19:08:02 : Side: Alex Mason: A key from my toolbelt disapeared just before restart. And now i can't get in to my helicopter
19:08:17 : Side: Alfie412 [BA]: that old one
19:08:20 : Side: Sierra [SD]: Do you have vid proof?
19:08:20 : Side: MalteserHead: I smell bull
19:08:46 : Side: Sierra [SD]: if so pop on the forum and we will take a look
19:08:48 : Side: Alex Mason: No unfortunately
19:09:05 : Side: Alex Mason: I dont have Nvidia :(((
19:09:08 : Side: Alfie412 [BA]: wait and it will unlock
19:09:19 : Side: Alex Mason: Really?
19:09:22 : Side: LWB [SD]: it wont
19:09:39 : Side: Alfie412 [BA]: different server then lol
19:09:44 : Side: Sierra [SD]: Ah okies then I don't think we can help in this case then - you can use a hotwire kit, tin bar, keymaker kit & current vehicle to break into it and 
19:09:44 : Side: Alfie412 [BA]: been on so many
19:09:48 : Side: Sierra [SD]: claim it again
19:10:25 : Side: Alex Mason: and how do i get about a hotwire kit?
19:10:39 : Side: Michigan: zombie cops
19:11:08 : Side: Rameses II [BA]: we will sell you a hotwire kit
19:11:16 : Side: Sierra [SD]: mmmhmm zombies and missions
19:11:19 : Side: Alex Mason: For how much?
19:11:42 : Side: Rameses II [BA]: 1 million and the location of tralala and 2die4 base
19:11:59 : Side: Alfie412 [BA]: 4
19:12:00 : Side: MalteserHead: I know where there base is xD
19:12:06 : Side: Alex Mason: well that i cant afford
19:12:12 : Side: Rameses II [BA]: ok malteser will meet you later
19:15:27 : Side: Alex Mason: Sierra, My helicopter is at my base if that helps....
19:16:05 : Side: Sierra [SD]: Unfortunately there is nothing we can do about it in this case.
19:16:28 : Side: Alex Mason: Can you sell me a hotwire kit maybe?
19:16:58 : Side: Alfie412 [BA]: name your price
19:17:04 : Side: Sierra [SD]: No sorry, we can't do that.
19:17:24 : Side: Alex Mason: i have no idea what a hotwirekit is worth
19:17:39 : Side: Alfie412 [BA]: well how much money you got
19:17:40 : Side: MalteserHead: 5-10k
19:17:50 : Side: MalteserHead: Dont let them take 100k off you
19:17:59 : Side: 2DIE4:  they r often more expensive than the vehicle u wanna hotwire  =9
19:18:09 : Side: Alex Mason: thanks, 
19:18:20 : Side: Alex Mason: Can you use it more than once?
19:18:25 : Side: 2DIE4:  nope
19:18:31 : Side: Alex Mason: alright
19:18:34 : Side: 2DIE4:  one kit one try
19:18:35 : Side: Rameses II [BA]: plus a 25% chance they will fail
19:18:52 : Side: Alex Mason: anyone who sells a kit??
19:18:56 : Side: 2DIE4:  think its 25 %b chance that it works
19:19:08 : Side: Rameses II [BA]: ok well.... i got the percentage right
19:19:24 : Side: 2DIE4:  XD
19:20:57 : Side: Alex Mason: So there are not a single person on this server atm who is welling to sell a hotwire-kit?
19:21:09 : Side: Rameses II [BA]: you not got enough
19:21:16 : Side: Alfie412 [BA]: name a good price 
19:21:24 : Side: Rameses II [BA]: not sure what price they should be
19:21:26 : Side: 2DIE4:  make it 75 K
19:21:30 : Side: Alfie412 [BA]: nope
19:21:35 : Side: Michigan: @100k
19:21:39 : Side: Alfie412 [BA]: nope
19:21:44 : Side: Michigan: 1m?
19:21:48 : Side: Alfie412 [BA]: yeah
19:21:57 : Side: Michigan: damn
19:21:59 : Side: Alex Mason: thats too expensive.....
19:22:04 : Side: 2DIE4:  insane wouldnnt buy it  4 shit
19:22:14 : Side: MalteserHead: What heli was it alex
19:22:19 : Side: Alfie412 [BA]: 2 for 1 mil
19:22:32 : Side: Rameses II [BA]: buy one get one free
19:22:37 : Side: 2DIE4:  still too nsive
19:22:40 : Side: Michigan: you can take anks aswell using it
19:22:50 : Side: Alex Mason: it the uh-60m al
19:23:04 : Side: 2DIE4:  dont matter wha vehicle
19:23:04 : Side: Rameses II [BA]: it not worth a hotwire kit
19:56:32 : Side: lukeredfearn: anyone else lose signal then?
19:56:38 : Side: 2DIE4:  here
19:56:41 : Side: Dont touch my Tralala: yep
19:56:44 : Side: Alfie412 [BA]: server farty
19:56:51 : Side: lukeredfearn: i had just landed 
19:56:53 : Side: 2DIE4:  big farty
19:56:59 : Side: 2DIE4:  u lucky  =)
19:57:06 : Side: 2DIE4:  lil bird by stary?=
19:57:34 : Side: lukeredfearn: up at bash
19:58:33 : Side: Michigan: ts went down aswell
19:59:45 : Side: lukeredfearn: anyone flying when it happened
19:59:52 : Side: MalteserHead: Ye
20:00:02 : Side: Rameses II [BA]: yes i was flying both of my apaches
20:00:10 : Side: MalteserHead: bahh
20:00:10 : Side: lukeredfearn: haha
20:00:19 : Side: Rameses II [BA]: they need replacing
20:00:23 : Side: 2DIE4:  u call that mozzi an apache?  XD
20:00:30 : Side: Rameses II [BA]: 25 cheytacs in my coyote backpack
20:00:31 : Side: Dont touch my Tralala: no as50 tws
20:00:40 : Side: Alfie412 [BA]: i lost my 100mil too 
20:01:02 : Side: Michigan: how did you lose it?
20:01:07 : Side: Michigan: i was flying too but heli is fine
20:01:09 : Side: Michigan: and myself
20:48:17 : Side: lukeredfearn: is there a bank limit
20:48:26 : Side: Dont touch my Tralala: 20 million
20:48:35 : Side: lukeredfearn: cheers
20:49:08 : Side: Yuri Boyka: BA?
20:49:16 : Side: Rameses II [BA]: yus
20:49:28 : Side: Yuri Boyka: how much do you wanna pay for ur base ?
20:49:33 : Side: Rameses II [BA]: nothing
20:49:37 : Side: Yuri Boyka: ok thx
20:49:43 : Side: Yuri Boyka: for the base
20:51:03 : Side: Rameses II [BA]: wish we'd of known it was possible to take plot poles
20:51:12 : Side: Yuri Boyka: now u know
20:51:17 : Side: Rameses II [BA]: yup
20:51:36 : Side: lukeredfearn: to take other peoples?
20:51:59 : Side: Rameses II [BA]: yep it looks like
20:52:15 : Side: lukeredfearn: how?
20:52:20 : Side: Rameses II [BA]: no idea
20:52:32 : Side: Rameses II [BA]: everytime i been near a plot pole it don't give option
20:52:39 : Side: 2DIE4:  u just need the right tools =)
20:52:43 : Side: Rameses II [BA]: ah, they may of run over it
20:52:57 : Side: lukeredfearn: unless im thinking of another server, the site says you can only destroy them
20:53:01 : Side: 2DIE4: yup did and  i hurt my balls doing so
20:53:16 : Side: Rameses II [BA]: your suv must be damaged
20:53:20 : Side: Yuri Boyka: nah
20:53:28 : Side: 2DIE4: y?
20:53:30 : Side: Rameses II [BA]: it took 2 rpg's
20:53:35 : Side: Yuri Boyka: if u dont hit it dont take dmg
20:53:40 : Side: 2DIE4: no ur aim is miles off mate
20:53:40 : Side: Rameses II [BA]: i hit it
20:53:45 : Side: Rameses II [BA]: 15m away
20:53:51 : Side: Yuri Boyka: thats sad
20:53:51 : Side: 2DIE4:  nope  
20:53:53 : Side: Rameses II [BA]: anyway not here to talk
20:53:58 : Side: Yuri Boyka: cant hit from 15 m
20:54:01 : Side: 2DIE4:  neither is us  =) 
20:54:21 : Side: 2DIE4:  the RPG is a  bitch it drops like 4 to 1  XD
21:12:35 : Side: KyTen: traders dont have a bank?
21:13:12 : Side: Duncan Idaho: bank are outside the traders.
21:13:16 : Side: Duncan Idaho: at the marked points
21:13:18 : Side: Duncan Idaho: btw
21:13:30 : Side: Duncan Idaho: u can use a lockbox or a safe as a bank
21:13:45 : Side: KyTen: thanks for the reply ;)
21:13:57 : Side: Duncan Idaho: np m8
21:40:51 : Side: Rameses II [BA]: whats up with groups
21:46:11 : Side: 2DIE4:  hez guzs  duping and boosting is NOT ALLOWED read the rules  )(
21:46:23 : Side: Rameses II [BA]: fuck you tit
21:46:39 : Side: Rameses II [BA]: we dsicking about
21:46:39 : Side: 2DIE4:  wrong answer 
21:46:53 : Side: Rameses II [BA]: i got to log got to be up early
21:46:55 : Side: Tariko: hi admin
21:47:06 : Side: 2DIE4:  hez turm   )( 
21:47:13 : Side: 2DIE4:  long time no see )( 
21:48:04 : Side: 2DIE4: just said singe BA is killing each others  .. duping and boosting is not allowed
21:48:11 : Side: 2DIE4:  all i got fuck u  tit
21:48:37 : Side: Rameses II [BA]: oohhhh
21:48:47 : Side: Rameses II [BA]: got to be up for uni cya tomorrow
21:49:00 : Side: 2DIE4:  well dude i give everz plazer respect but i demand the same
21:49:09 : Side: Rameses II [BA]: demand ......
21:51:01 : Side: Dakilla: how i can safe my money?
21:51:13 : Side: Duncan Idaho: in the bank
21:51:21 : Side: Duncan Idaho: or in your safe/lockbox
21:51:33 : Side: Dakilla: ok thx
21:51:39 : Side: Duncan Idaho: np
22:58:45 : Side: Jack: yo
22:58:52 : Side: Tariko: yo ^^
22:58:58 : Side: Jack: hows it going
22:59:10 : Side: Duncan Idaho: jack... are u a samurai?
22:59:23 : Side: Tariko: doing what i can haha you know, what about you?
23:00:11 : Side: Jack: no i am a senpai :) haha
23:00:17 : Side: Jack: nice, same here just logged on
23:00:24 : Side: Duncan Idaho: shit. i was hoping u are the samurai jack xD
23:00:25 : Side: Jack: looking for a base location tonight
23:01:05 : Side: Tariko: i'm gonna try to get some stuff to build a good one too haha
23:01:15 : Side: Duncan Idaho: sorry for the bad joke btw
23:01:21 : Side: Jack: same saving my money for cinder block walls
23:01:39 : Side: Jack: samurai jack was pretty good haha im just driving ;P
23:01:59 : Side: Duncan Idaho: haha glad to see you're a man of culture as well
23:02:30 : Side: Jack: im a man of many things
23:02:44 : Side: Duncan Idaho: and large and nice tools i hope
23:03:02 : Side: Jack: very nice toold
23:03:04 : Side: Jack: tools
23:03:31 : Side: Duncan Idaho: hum... i like that tools
23:05:02 : Side: Jack: i just found a satchel charge :)
23:05:15 : Side: Tariko: oh that's some funny stuff
23:05:30 : Side: Jack: omg and a heat seaking rocket ahhaha
23:05:47 : Side: Tariko: yeah found some of that too but not the rocket launcher haha
23:05:52 : Side: Jack: im close to hero gunna be selling them soon
23:07:28 : Side: Jack: anyone want a coyote backpack?
23:07:37 : Side: Tariko: bo thanks
23:07:45 : Side: Tariko: no^
23:07:53 : Side: Jack: ok just found one and have one laready
23:08:20 : Side: MiFRiL: hi all
23:08:32 : Side: Tariko: hi
23:08:32 : Side: Jack: yo
23:08:35 : Side: MiFRiL: is it nice server?
23:08:37 : Side: Duncan Idaho: hi
23:08:44 : Side: Jack: very nice :)
23:08:52 : Side: MiFRiL: cool
23:08:53 : Side: Tariko: sometimes :P
23:09:03 : Side: Jack: yeah haha
23:09:03 : Side: MiFRiL: )
23:09:14 : Side: Jack: well im the local hero so if need something let me know :)
23:09:32 : Side: Tariko: yup, not many like him
23:09:40 : Side: Tariko: i thought they were extinct
23:09:46 : Side: Jack: haha
23:10:14 : Side: Jack: holla me if need anything :)
23:10:30 : Side: MiFRiL: )))
23:11:53 : Side: Jack: anyone been nwaf today?
23:12:01 : Side: Tariko: i didn't
23:12:04 : Side: Jack: ok
23:13:10 : Side: Jack: ai are onit today haha
23:13:18 : Side: Tariko: seems like that haha
23:13:26 : Side: Tariko: i'm about to die for them too
23:13:41 : Side: Jack: haha
23:14:06 : Side: MiFRiL: wow...so many bots on the map?
23:14:18 : Side: MiFRiL: in ever camp?
23:14:21 : Side: Jack: yeah and missions are really hard
23:14:29 : Side: Jack: best bet is to loot airfields first mate
23:14:46 : Side: MiFRiL: nice...but bad that if i die, i can't near spawn)
23:15:20 : Side: Jack: you can spawn close to your body 
23:15:27 : Side: Jack: press 0 and you auto run
23:15:47 : Side: Tariko: no you can't, not so haha
23:18:44 : Side: MiFRiL: i can't off the grass?
23:23:21 : Side: MiFRiL: u kill them all on heli?)
23:23:41 : Side: MiFRiL: haven't blood))) help :DD
23:30:33 : Side: Jack: well that was a waste of time
23:30:43 : Side: Jack: 0 loot
23:38:21 : Side: Jack: why you guys so close to missions
23:38:28 : Side: Jack: meant to snipe them from 800m out
23:39:04 : Side: Verum: do you mean us? :p
23:39:08 : Side: Duncan Idaho: a good player can do a mission with m4a1 from 200 mts
23:39:15 : Side: Tariko: they come to me :(
23:39:35 : Side: Jack: 200m and you get flanked
23:39:42 : Side: Jack: 800m with 2 snipers and your set
23:41:10 : Side: Verum: hey dude :P
23:52:25 : Side: Tariko: srry mates, came here first
23:52:42 : Side: Verum: :<
23:52:53 : Side: Jack: did you kill both of them haha
23:52:59 : Side: Tariko: i think so
23:53:12 : Side: Jack: hahaw
