00:46:34 : Group: gmob: guess I can stop my botting for a bit and help
00:47:08 : Group: Jimmy Savile: on what game?
00:47:27 : Group: Jimmy Savile: might play some bdo tomorrow
07:28:58 : Group: SEN ONE: ?
07:32:53 : Group: VertDider: dont remember such
07:33:00 : Group: VertDider: maybe was drunk
07:33:21 : Group: VertDider: im russian thats why a can be drunk here)
07:34:32 : Group: VertDider: repeat
07:34:46 : Group: VertDider: dont understand u clearly all the time
07:34:56 : Group: VertDider: yep
07:35:40 : Group: VertDider: dont care about that shit)
07:36:21 : Group: VertDider: to tell the truth im studin as a programmer now so yeah i know how to hack something)
07:37:11 : Group: VertDider: is my english good enough as for russian?
07:38:08 : Group: VertDider: reaaly dont understand nearly all your words)
07:38:42 : Group: VertDider: maybe
07:38:50 : Group: Collin: OK
07:39:24 : Group: VertDider: need some ammo for this sheet
07:39:32 : Group: Collin: what is it
07:39:46 : Group: VertDider: russian vehicle babe)
07:40:02 : Group: VertDider: love it
07:40:21 : Group: VertDider: was riding such one here in russia its normal)
07:40:36 : Group: Collin: The FUCK
07:40:47 : Group: Collin: I WANT TO GO THERE
07:41:04 : Group: Collin: GET DRUNK AND SHOOT GUNS
07:41:09 : Group: VertDider: yeah)
07:41:31 : Group: SEN ONE: get in
07:42:02 : Group: VertDider: feed your bear, drink vodka, play balalaika and charge your phone from your mini atomic reactor)
07:42:20 : Group: VertDider: that is russia)
07:42:38 : Group: VertDider: cmon get in dude
07:43:07 : Group: VertDider: im a passenger
07:44:25 : Group: VertDider: where we going/
07:44:37 : Group: SEN ONE: mission
07:44:52 : Group: VertDider: have no ammo and gun
07:45:49 : Group: Collin: GRAB the acr and the ammo
07:46:00 : Group: VertDider: thanks dude
07:46:37 : Group: VertDider: why we lose collin?
07:46:59 : Group: Collin: what
07:47:05 : Group: SEN ONE: he in gunner
07:47:22 : Group: VertDider: on my map he is at the camp
07:47:31 : Group: VertDider: ok
07:48:12 : Group: SEN ONE: 15 mins restart
07:48:22 : Group: VertDider: how to swits aims?
07:48:32 : Group: VertDider: have two types here
07:49:13 : Group: VertDider: let me kill the bots ok?
07:49:19 : Group: SEN ONE: stay close to trees
07:49:20 : Group: VertDider: need some humanity
07:49:56 : Group: VertDider: remember im russian
07:50:09 : Group: SEN ONE: they are to
07:50:10 : Group: VertDider: gona hack them now)
07:50:55 : Group: VertDider: cant see them
07:51:05 : Group: SEN ONE: they should be around attena
07:51:22 : Group: VertDider: thats sounds like suicide)
07:51:33 : Group: VertDider: not as crazy)
07:51:49 : Group: VertDider: u know what?
07:51:53 : Group: VertDider: fuck it
07:52:03 : Group: SEN ONE: no
07:52:18 : Group: VertDider: see them
07:52:32 : Group: VertDider: gonna try
07:52:42 : Group: SEN ONE: that nvr works lets just get a few kills
07:56:01 : Group: VertDider: what we gonna do?
07:56:19 : Group: VertDider: killed 3 of them
08:07:37 : Group: SEN ONE: hey no more russian crazzyness
08:07:52 : Group: VertDider: dont joke with russians like that)
08:08:29 : Group: SEN ONE: hey but for reals lets not die
08:09:10 : Group: SEN ONE: traders
08:09:45 : Group: VertDider: hack the arma
08:09:53 : Group: VertDider: hack your mom)
08:10:07 : Group: SEN ONE: yes
08:10:18 : Group: VertDider: such typical russian joke
08:10:53 : Group: VertDider: lets clear some mission
08:11:10 : Group: VertDider: and i need to go, my bear is waiting for me)
08:12:20 : Group: VertDider: where we going?
08:12:27 : Group: SEN ONE: store
08:12:33 : Group: VertDider: ok
08:13:16 : Group: VertDider: а хули дядька коллин там остался?
08:13:35 : Group: VertDider: че бля?
08:13:55 : Group: VertDider: хех, ебанько
08:14:00 : Group: VertDider: не понимаешь меня)
08:14:09 : Group: SEN ONE: yup
08:14:14 : Group: VertDider: say something in russian)
08:14:37 : Group: VertDider: try to read what i write
08:14:43 : Group: VertDider: коллин еблан)
08:15:13 : Group: VertDider: collin eblan)
08:15:37 : Group: VertDider: thats how it spells)
08:15:50 : Group: VertDider: need to teach u russian)
08:16:29 : Group: VertDider: fuck means "блять" "blyat"
08:16:42 : Group: VertDider: can u spell it?
08:16:56 : Group: VertDider: "blyat"
08:18:42 : Group: SEN ONE: where u go
08:20:08 : Group: VertDider: lets go for weapon cache?
08:20:14 : Group: VertDider: i wanna clear it
08:20:25 : Group: SEN ONE: cvollin is taking for ever
08:20:37 : Group: VertDider: ?
08:21:19 : Group: VertDider: get in)
08:21:29 : Group: VertDider: jokin with u)
08:22:52 : Group: VertDider: took some loot
08:22:58 : Group: VertDider: need that
08:23:06 : Group: Collin: what
08:23:22 : Group: VertDider: m4 and stanags
08:23:50 : Group: SEN ONE: that was yours
08:24:01 : Group: SEN ONE: or what r u saying
08:24:27 : Group: VertDider: i took that one to have something to shoot with
08:24:39 : Group: VertDider: runnig low on primary ammo
08:24:43 : Group: SEN ONE: camo one
08:25:05 : Group: VertDider: yep
08:25:25 : Group: VertDider: where we going?
08:26:15 : Group: VertDider: stop
08:26:21 : Group: VertDider: gona check it
08:26:33 : Group: VertDider: there was 350
08:26:42 : Group: Collin: what
08:26:47 : Group: Collin: 350
08:26:49 : Group: VertDider: nissan 350z
08:26:59 : Group: VertDider: we could check it
08:27:00 : Group: Collin: will come back
08:27:07 : Group: SEN ONE: is locked brio
08:27:17 : Group: VertDider: ok than
08:27:26 : Group: VertDider: where we going?
08:28:05 : Group: VertDider: weapon cache?
08:28:27 : Group: Collin: yes
08:28:30 : Group: VertDider: cool
08:29:27 : Group: VertDider: do we have some pkm ammo?
08:29:48 : Group: Collin: only the back gun
08:29:55 : Group: Collin: dont shoot it
08:30:27 : Group: VertDider: but why?
08:30:44 : Group: VertDider: its easy to clear the mission
08:30:58 : Group: VertDider: and there is no mission no more
08:31:06 : Group: Collin: FuckKKKKKKKKKKK
08:31:15 : Group: Collin: HACK IT
08:31:22 : Group: Collin: HACK IT NOW
08:31:22 : Group: VertDider: lets go on dichina camp at least
08:31:37 : Group: VertDider: IM HACKING IM HACKING
08:31:44 : Group: VertDider: IT DOESNT WORK
08:31:51 : Group: Collin: NOOOOOOOOOOOOOOOOOOOOOOOOOOOOOOOOOOOOOO
08:31:55 : Group: VertDider: HUSTON WE HAVE SOME PROBLEMS
08:35:33 : Group: VertDider: one more time pls
08:35:52 : Group: VertDider: i can shoot them
08:35:58 : Group: VertDider: hold position now
08:42:49 : Group: SEN ONE: collin lagged ouut save some loot for him
08:42:59 : Group: SEN ONE: unless he dont come back
08:45:25 : Group: SEN ONE: u scared me with your new skin
08:50:14 : Group: SEN ONE: collins internet is really bad we might leave
08:50:33 : Group: VertDider: shit
08:50:56 : Group: VertDider: ok than see u in the evening
08:51:30 : Group: SEN ONE: u need a ride somewhere b4 i go
08:51:51 : Group: VertDider: maybe some where in the forest to hide
08:52:50 : Group: SEN ONE: r u in th ecar
08:52:52 : Group: VertDider: do y know how to open locked vehicles?
08:53:07 : Group: VertDider: im in the car
08:53:07 : Group: SEN ONE: no i just have mine open
08:53:36 : Group: VertDider: have a merlyn but lost my kees
08:54:04 : Group: VertDider: oh
08:54:06 : Group: SEN ONE: yeah u got to make duplicates
08:54:09 : Group: VertDider: i know where to
08:54:22 : Group: VertDider: u see that mountain back?
08:54:38 : Group: VertDider: left rfom us now
08:54:47 : Group: VertDider: get me there pls)
08:54:50 : Group: SEN ONE: will go closer to hero area
08:54:52 : Group: SEN ONE: safer
08:55:14 : Group: VertDider: hero trade?
08:55:19 : Group: SEN ONE: sure
08:56:05 : Group: SEN ONE: what ho u do that
08:56:07 : Group: VertDider: be here in some minutes
09:00:24 : Group: VertDider: im here
09:00:36 : Group: SEN ONE: oh lol
09:00:38 : Group: VertDider: need to log out soon
09:01:00 : Group: VertDider: have 5 minutes to log out
09:01:08 : Group: SEN ONE: ok u going to get out
09:01:13 : Group: VertDider: get me somewhere safe
09:01:13 : Group: SEN ONE: here
09:01:37 : Group: VertDider: take left here
09:01:45 : Group: VertDider: gonna log out in this fores
09:01:48 : Group: VertDider: t
09:02:07 : Group: VertDider: thanks a lot, see u
09:02:13 : Group: SEN ONE: lates
09:03:09 : Group: SEN ONE: weapons cache is feets away
16:47:02 : Group: DawnRazzor: mersi frumos
16:47:10 : Group: DawnRazzor: ma muti si pe mine alo?
16:48:33 : Group: gmob: admin you there?
16:48:33 : Group: Jimmy Savile: admin?
16:49:05 : Group: Jimmy Savile: are people allowed to mark bases on the map?
16:49:12 : Group: Jimmy Savile: ie, other peoples bases
16:49:30 : Group: gmob: we out doing missions and this guys marks our base
16:49:50 : Group: Jimmy Savile: fair enough
16:52:56 : Group: Jimmy Savile: can plotpoles be removed?
17:09:23 : Group: Mat: why are they crying
17:34:28 : Group: CataStef: sup
17:34:28 : Group: DawnRazzor: yow
17:34:57 : Group: DawnRazzor: cant hear you
17:35:00 : Group: DawnRazzor: fucked up radiow
17:35:22 : Group: DibzG: i know
17:37:23 : Group: DibzG: where u at?
17:39:53 : Group: DawnRazzor: we goin to bash
17:40:16 : Group: DibzG: ok
17:41:31 : Group: DibzG: yeh i am just trying to find a DMR or M110 i am not a fan of xm2010
17:41:41 : Group: CataStef: xd
17:42:13 : Group: DibzG: u guys playd a loot on this server?
17:42:19 : Group: DawnRazzor: playin for 3 hoursw
17:42:24 : Group: DawnRazzor: since*
17:42:31 : Group: DibzG: yeh i just joined for first time
17:42:51 : Group: CataStef: yep for us is first time when we are playing here
17:45:23 : Group: DibzG: Focking helli neartly killed me
17:45:42 : Group: DawnRazzor: got an RPG
17:45:45 : Group: DawnRazzor: goin to take that fucker down
17:50:09 : Group: DibzG: wtf there is a group attacking me and they got like jey-tac and stuff
17:50:23 : Group: CataStef: lol
17:50:28 : Group: DawnRazzor: really?
17:50:35 : Group: DawnRazzor: where exactly are them?
17:57:28 : Group: DawnRazzor: yo
17:57:33 : Group: DawnRazzor: come to us m8
17:57:44 : Group: DibzG: where u at?
17:57:54 : Group: DawnRazzor: look on map we are near berezino
17:58:46 : Group: DibzG: that is kainda far a way from me and there is ppl with a jay-tac camping me at balota
17:59:04 : Group: CataStef: you mean cheytac ?
17:59:29 : Group: DibzG: or i dont know i cant here hte gun only the inpackt
18:00:08 : Group: DibzG: i can here the bullet hiting the ground but i cant here the gun or the crack when the bullet flyes pas
18:01:01 : Group: DibzG: YOLO
18:01:09 : Group: GREEKGANDALF: YOLO SWAG
18:15:24 : Group: DawnRazzor: h
18:15:45 : Group: DibzG: hi
18:15:53 : Group: DawnRazzor: come to us m8
18:16:06 : Group: DibzG: ok i am gona try to make amy way there
18:18:11 : Group: DibzG: u guys have a car?
18:18:19 : Group: DawnRazzor: yea want a pickup?
18:18:36 : Group: DibzG: sure it will be a long way to ride a bike
18:18:55 : Group: DawnRazzor: they left me lone here
18:18:56 : Group: DawnRazzor: ..
18:19:05 : Group: DibzG: so if u can pick me up
18:19:19 : Group: DawnRazzor: will u play with me or?
18:19:23 : Group: DawnRazzor: if u want u can kill me
18:19:27 : Group: DibzG: yeh play man
18:19:34 : Group: DawnRazzor: how old r u?
18:19:45 : Group: DibzG: i am 15
18:19:52 : Group: DawnRazzor: im 18
18:20:14 : Group: DibzG: well u are only 3years older than me
18:20:59 : Group: DibzG: u picking me up?
18:23:08 : Group: DibzG: arent your friends connecting
18:23:15 : Group: DawnRazzor: dunno
18:23:21 : Group: DibzG: ok
18:23:24 : Group: DawnRazzor: hope they will do
18:23:45 : Group: DibzG: ok
18:24:32 : Group: DibzG: there whas like 4 helicopters that just randomly started flying of be hind me the strange thing whas that there whas no helicopters there before
18:25:27 : Group: DawnRazzor: need a crowsbar
18:25:29 : Group: DawnRazzor: crowbar
18:25:32 : Group: DawnRazzor: do u have one?
18:26:14 : Group: DibzG: nope sorry
18:27:42 : Group: DibzG: dude u got any mx2010 mags?
18:30:11 : Group: DibzG: heli!
18:30:41 : Group: DawnRazzor: where?
18:30:50 : Group: DawnRazzor: wait cant hear ya
18:30:54 : Group: DawnRazzor: my ts is fucked up
18:31:08 : Group: DawnRazzor: get in
18:32:40 : Group: DawnRazzor: need a crowbar
18:32:42 : Group: DawnRazzor: really fast
18:32:52 : Group: DibzG: ok u know where to get one
18:33:02 : Group: DibzG: ??
18:33:02 : Group: DawnRazzor: no I dont
18:33:33 : Group: DibzG: wll that is a problem then
18:33:55 : Group: Jimmy Savile: he is such a dick gmob
18:34:00 : Group: DawnRazzor: wanna check that?>
18:34:21 : Group: DawnRazzor: lets sell it
18:34:26 : Group: DawnRazzor: then get you a better weapon
18:34:44 : Group: DawnRazzor: got an mg36
18:34:46 : Group: DawnRazzor: is that ok?
18:34:56 : Group: DawnRazzor: cant hear you
18:35:01 : Group: DawnRazzor: magnetised or something like that
18:35:22 : Group: DibzG: THERE is lag on this server when it is in to geting in vehicles¨
18:36:45 : Group: DibzG: there is a lot desync on this server some times i feal
18:36:56 : Group: DawnRazzor: FUCK
18:39:11 : Group: DawnRazzor: sorry m8
18:39:16 : Group: DibzG: dude it is ok 
18:39:25 : Group: DawnRazzor: I cant belive this shit
18:39:26 : Group: DawnRazzor: happened
18:39:30 : Group: DawnRazzor: drove like for 3 missions
18:39:33 : Group: DawnRazzor: done 100k with it
18:39:38 : Group: DawnRazzor: then I fucked it on that fucking hummer
18:39:55 : Group: DawnRazzor: LOST MY RPG
18:39:56 : Group: DawnRazzor: FUCK
18:40:14 : Group: DibzG: yeh i did see that u ad RPG in there 
18:40:19 : Group: DawnRazzor: lets get 
18:40:25 : Group: DawnRazzor: some bags
18:41:35 : Group: DawnRazzor: sorry m8
18:41:48 : Group: DibzG: dude shit hapens to every one
18:41:59 : Group: DawnRazzor: ty for understandingw
18:42:08 : Group: DibzG: we survived 
18:42:31 : Group: DawnRazzor: 4k blood
18:42:39 : Group: DibzG: i got 5
18:42:44 : Group: DibzG: 5k
18:43:34 : Group: DibzG: we need blood bags
18:43:37 : Group: DawnRazzor: yeaw
18:44:56 : Group: DawnRazzor: whats your humanity?
18:45:09 : Group: DibzG: 2.5k
18:45:13 : Group: DawnRazzor: I need 5k
18:45:15 : Group: DawnRazzor: for hero trader
18:45:26 : Group: DibzG: yeh
18:45:47 : Group: DawnRazzor: the auto run
18:45:50 : Group: DawnRazzor: fucks with me
18:45:58 : Group: DibzG: yeh
18:45:59 : Group: DawnRazzor: wait
18:46:00 : Group: DawnRazzor: carefull
18:46:02 : Group: DawnRazzor: at the
18:46:07 : Group: DawnRazzor: krutoy camp are 5 AI
18:46:29 : Group: DawnRazzor: if we dont die we get bags
18:46:43 : Group: DibzG: yeh it is only 5
18:47:24 : Group: DibzG: but i only have 4bullets left for my mx2010
18:47:47 : Group: DawnRazzor: wait let me breath for a second
18:47:53 : Group: DawnRazzor: do u have painkillers?
18:48:12 : Group: DibzG: yeh
18:48:18 : Group: DawnRazzor: can I have them?
18:48:32 : Group: DawnRazzor: thanks
18:48:35 : Group: DawnRazzor: let me rest a little
18:48:59 : Group: DibzG: 330m
18:49:09 : Group: DawnRazzor: cant see emw
18:49:24 : Group: DibzG: same here
18:50:10 : Group: DibzG: u sound like a robot man
18:50:25 : Group: DawnRazzor: yea u too
18:50:29 : Group: DawnRazzor: cause of the server
18:50:31 : Group: DawnRazzor: u see them?
18:50:47 : Group: DibzG: no i dont see em
18:50:55 : Group: DawnRazzor: wtf
18:50:58 : Group: DibzG: there is a dirt bike down there
18:51:02 : Group: DawnRazzor: they were patrooling a second ago
18:51:03 : Group: DawnRazzor: fuck
18:51:10 : Group: DawnRazzor: can I have your gun?
18:51:12 : Group: DawnRazzor: I will give you my SVD
18:51:31 : Group: DibzG: dude i only have 3shoots left on this 
18:51:35 : Group: DawnRazzor: no problem
18:52:03 : Group: DawnRazzor: take that
18:52:07 : Group: DawnRazzor: fully loaded
18:52:21 : Group: DibzG: see one¨
18:52:27 : Group: DawnRazzor: dont shoot lemme
18:52:30 : Group: DibzG: yeh i am not shooting
18:53:31 : Group: DibzG: u geting eyes on them
18:53:38 : Group: DawnRazzor: the AI killed a player
18:53:39 : Group: DawnRazzor: lel
18:53:44 : Group: DibzG: lel
18:55:14 : Group: DawnRazzor: missed all
18:55:17 : Group: DawnRazzor: fucking xm
18:55:19 : Group: DawnRazzor: I fucking hate it
18:55:36 : Group: DibzG: so it is up to me to kill them
18:55:47 : Group: DawnRazzor: yea
18:55:50 : Group: DibzG: ok
18:55:53 : Group: DawnRazzor: wanna give me the svd or u wanna shoot?
18:56:16 : Group: DawnRazzor: nooo
18:56:19 : Group: DawnRazzor: dont get too close you will die
18:56:23 : Group: DawnRazzor: they will one shot you
18:56:24 : Group: DawnRazzor: come to me
18:57:19 : Group: DibzG: my7 vivion is so shaking that i cant shoot 
18:58:56 : Group: DibzG: dude i got like 400 blood oute of no where¨
18:59:40 : Group: DawnRazzor: tango down
18:59:41 : Group: DibzG: u getting them
19:00:08 : Group: DibzG: bdw zero your scope on 300m
19:02:26 : Group: DibzG: u got any food
19:02:37 : Group: DawnRazzor: nope
19:02:55 : Group: DibzG: ok i am just faling to unconsues all the time fun
19:03:58 : Group: DawnRazzor: u fine?
19:04:12 : Group: DibzG: yeh i am ok or i am not dead yet :)
19:04:25 : Group: DibzG: i got like 1.4k blood
19:04:39 : Group: DibzG: but i am healing slow
19:05:03 : Group: DibzG: oh that vlad guy is here 
19:05:23 : Group: DawnRazzor: I know he is goin from behind
19:05:30 : Group: DibzG: yeh i see
19:11:29 : Group: DibzG: u guys found a blood bag yet
21:29:47 : Group: LYD: :)
