00:06:08 : Side: Josh: how much do sachells sell for? i swear you can buy then for like 1.2mil
00:06:24 : Side: Josh: satchels*
01:17:53 : Side: Josh: pro tip, disable geoforce experience, just died because it openned whilst i was landing lul
01:18:10 : Side: CapnCrunch: pro tip, git gud
01:33:31 : Side: gonga: You have to wait 40s
01:50:17 : Side: gonga: where ca i get some 
01:50:25 : Side: gonga: msr sd mags ?
01:50:31 : Side: Mike Fondu: Buy them? 
01:50:38 : Side: gonga: money .
01:51:08 : Side: Mike Fondu: Sell weapons, get money, buy msr mags
01:51:16 : Side: Mike Fondu: or loot for them, gl
01:51:27 : Side: gonga: thanks bro
02:02:28 : Side: gonga: haven´t seen a dmr for a while now ..
02:24:31 : Side: Mike Fondu: Luke? 
02:24:52 : Side: Mike Fondu: McButtMunch not coming on tonight? 
02:25:08 : Side: Luke: ay whats up mike fudge
02:25:26 : Side: Luke: hes trying
02:25:31 : Side: Luke: session errors
02:25:37 : Side: Mike Fondu: damn
02:25:44 : Side: Mike Fondu: tried verifying game cache? 
02:26:08 : Side: Luke: he'll figure it out
02:55:48 : Side: Mike Fondu: ey
02:56:04 : Side: McButtMunch: aye aye 
02:56:22 : Side: Mike Fondu: Had trouble joining? 
02:56:57 : Side: McButtMunch: yeah i had troubles but i think the restart fixed them
02:57:08 : Side: Mike Fondu: they often do
02:59:35 : Side: Mike Fondu: Sorry for shooting you guys earlier <3 
02:59:52 : Side: Luke: love you mike
02:59:56 : Side: McButtMunch: sorry for trying to shoot you back lol <3
03:00:11 : Side: Mike Fondu: Oh I was talking about today
03:00:20 : Side: McButtMunch: oh? not me w
03:00:21 : Side: Mike Fondu: Kind of got what I deserved yesterday
03:00:33 : Side: McButtMunch: so were friends now lol?w
03:00:42 : Side: Mike Fondu: hahah
03:01:43 : Side: Mike Fondu: It wasnt one of you i shot at right before restart, was it? 
03:01:55 : Side: McButtMunch: i don't think so w
03:03:09 : Side: Mike Fondu: Oh well
04:03:07 : Side: Mike Fondu: damn, NPC's are ruthless
04:14:14 : Side: Mack: il get rid of some of those ai for ya up there in the hills
04:15:30 : Side: Mack: u see anymore?
04:16:33 : Side: Mack: is your buddy alright?
04:16:55 : Side: Mike Fondu: Whos buddy? 
04:17:06 : Side: Mack: the guy in the gilly
04:17:16 : Side: Mack: by the tree u just past
04:22:02 : Side: Mike Fondu: A bit of a pickle, ey? 
04:22:22 : Side: SilentKilla: dam did mission and another spawned on top of me
04:22:28 : Side: Mack: yeah
04:23:28 : Side: SilentKilla: im loggin so if anyone does mv22 mission there is another there that i did with all stuff and me lol..later
04:23:47 : Side: Mike Fondu: trying to help you out Mack
04:23:53 : Side: Mack: :)
04:36:06 : Side: Mack: thought we was alright lol
04:36:21 : Side: McButtMunch: bish u thought 
04:36:41 : Side: Mike Fondu: I thought you left the area
04:37:34 : Side: Mack: died and went back to get my stuff wanted to finish those ai of first then go
04:38:37 : Side: Mike Fondu: Go back to your body, ill leave your stuff in the vehicle
04:39:19 : Side: Mack: il be there in a bit and u can take the truck
04:42:10 : Side: Mike Fondu: left you the car and Items worth 70k, and I dont think there are any more NPCs at the objective
04:42:23 : Side: Mike Fondu: +your main gun
04:42:33 : Side: Mack: thx
04:42:43 : Side: Mike Fondu: vant a lift? 
04:43:00 : Side: Mike Fondu: in a Uh-h1
04:43:03 : Side: Mike Fondu: want* 
04:43:20 : Side: Mack: sure
04:43:28 : Side: Mike Fondu: where are you? 
04:43:48 : Side: Mack: nvm im at the truck now
04:43:55 : Side: Mike Fondu: cool
04:44:22 : Side: Mike Fondu: took your backpack aswell, but there is another one at SilentKillas body
04:44:41 : Side: Mack: kk
04:54:43 : Side: Mike Fondu: Im off, have a good one
04:55:04 : Side: McButtMunch: we're probs off after this restart, see you soon mike
04:55:23 : Side: Mike Fondu: Ill be on tomorrow after work
04:56:06 : Side: McButtMunch: not sure we'll make it on tomorrow :(((
06:19:15 : Side: Robert: Hi All 
08:23:18 : Side: Robbys Gamer: HOW WAS A THE AIRFIELD
08:23:45 : Side: Robbys Gamer: THERE IS NO GUNS ANYWHERE
08:25:02 : Side: Robert: im looking for antibiotics and cant find
08:25:33 : Side: Robbys Gamer: ARE YOU AT AIRFIELDß
08:25:52 : Side: Robert: nop
08:26:42 : Side: Robert: near Dubrovka
08:27:50 : Side: Robbys Gamer: I AM AT ROGOVO
08:31:52 : Side: Robert: great i lost the best sniper rifle i have and dont know how .../
10:25:01 : Side: 2DIE4:  hey LW 
10:25:10 : Side: LWB [SD]: hi :)
10:25:12 : Side: 2DIE4:  whats up w the debug toggle?
10:25:24 : Side: LWB [SD]: nothng. I tested it earlier, works fine for me
10:25:36 : Side: 2DIE4:  still. end key?
10:25:40 : Side: LWB [SD]: yep
10:25:48 : Side: 2DIE4:  doesnt do shit 4 me  =(
10:26:07 : Side: LWB [SD]: Time for a new keyboard :D
10:26:29 : Side: 2DIE4:  probably ....   my WSAD  r like gone already  XD
10:26:43 : Side: LWB [SD]: Must be over using it XD
10:27:19 : Side: 2DIE4:  well and thats when i wonder y ppl call me  a campo
10:29:23 : Side: Dont touch my Tralala: 2die4 join the group pls wanna ask you something
10:29:52 : Side: 2DIE4: inv agai
11:20:29 : Side: =SMD= ImNOTme: CHEATER
11:22:32 : Side: =SMD= ImNOTme: admin 
11:22:41 : Side: =SMD= ImNOTme: is there any admins on ?
11:23:25 : Side: Arttu: Sierra
11:23:32 : Side: mazoha: )))))))))
11:23:34 : Side: Arttu: Our car with loads of loot disappeared during the night
11:23:46 : Side: 2DIE4:  omg  
11:23:55 : Side: [eXp] CziQita: so it went boom probably
11:24:03 : Side: Arttu: how?
11:24:10 : Side: =SMD= ImNOTme: oh 
11:26:11 : Side: Arttu: Found 2
11:26:13 : Side: Arttu: vehicles
11:26:47 : Side: Arttu: ok well the car doesnt
11:26:48 : Side: Arttu: ty
11:28:29 : Side: Arttu: how do I know who was the bastard who blew my car
11:28:35 : Side: [eXp] CziQita: you can't
11:30:54 : Side: [eXp] CziQita: why sometimes it shows "unknown" as a killer?
11:31:04 : Side: Przemek: bots probably
11:31:08 : Side: 2DIE4: camps
11:31:11 : Side: Dont touch my Tralala: when someone get killed by bots in the barrakc camp´s
11:31:17 : Side: [eXp] CziQita: k ty
11:31:59 : Side: mazoha: ImNOT i told u - get out))))
12:05:12 : Side: Arttu: Who was in the vodnik?
12:05:51 : Side: Arttu: tralala
12:05:52 : Side: Arttu: was it you
12:05:59 : Side: Dont touch my Tralala: y
12:06:12 : Side: Arttu: can you not take my shit
12:06:32 : Side: [eXp] CziQita: xDDDDDDDDDDD
12:08:30 : Side: Dont touch my Tralala: i have
12:08:34 : Side: Dont touch my Tralala: where are you
12:08:40 : Side: Arttu: umm
12:08:55 : Side: Arttu: check map
12:09:04 : Side: Arttu: got it?
12:09:07 : Side: Dont touch my Tralala: yes
12:09:13 : Side: Dont touch my Tralala: ill put it in you vehicle
12:09:22 : Side: Arttu: ok
12:14:21 : Side: Dont touch my Tralala: all in 
12:14:43 : Side: Arttu: ?
12:17:25 : Side: mazoha: wow)
12:19:12 : Side: [eXp] CziQita: PRZEMEK
12:19:15 : Side: [eXp] CziQita: MISTRZ
12:19:21 : Side: Przemek: xd
12:19:34 : Side: [eXp] CziQita: ile humanity?
12:20:46 : Side: Przemek:  -5900
12:21:24 : Side: Przemek: ayy lmao
12:21:39 : Side: Dont touch my Tralala:  -72380
12:21:48 : Side: Przemek: grats
12:21:56 : Side: Dont touch my Tralala: thank you <3
12:22:04 : Side: 2DIE4:  MAYBE %HRS ON THIS SERVER ---damn caps
12:22:21 : Side: 2DIE4: maybe 6 hrs on this server ...
12:22:35 : Side: 2DIE4:  got 30094 negative
13:13:40 : Side: Marinka: hey guys,tanks allowed here?w
13:14:07 : Side: 2DIE4: whats a tank 4 u?
13:18:29 : Side: Josh: Why doesnt my m110 nv use dmr mags?
13:19:31 : Side: 2DIE4: dunno
13:19:42 : Side: 2DIE4:  vodnik is found as humvve
13:30:23 : Side: Tariko: is there any bank in stary?
13:30:47 : Side: Przemek: nope
13:30:53 : Side: Tariko: kk thx
14:55:23 : Side: BogoSatana: admin 
14:55:39 : Side: BogoSatana: kill me pls
14:55:52 : Side: Josh: are you really wasting an admin's time lmao
14:56:06 : Side: BogoSatana: no 
14:56:14 : Side: BogoSatana: its lag
14:56:30 : Side: BogoSatana: i dont play
14:56:49 : Side: BogoSatana: kill me plase
14:57:38 : Side: BogoSatana: i dont connect server
14:58:11 : Side: BogoSatana: its bag 
14:58:37 : Side: BogoSatana: no fix
14:58:48 : Side: BogoSatana: i reloring 
14:59:33 : Side: BogoSatana: i dont spawn, kill me
15:01:17 : Side: BogoSatana: admin kill me
15:02:45 : Side: AnAsassinSeal: how do I claim a car?
15:03:30 : Side: Sviatoy_Vadim: admin plis me car
15:03:36 : Side: AnAsassinSeal: yea but if the car is unlocked/
15:48:17 : Side: AnAsassinSeal: dennis
15:48:24 : Side: Dennis: y?
15:48:28 : Side: AnAsassinSeal: that impertinence will be punished
15:48:28 : Side: Sam: the menace
15:48:35 : Side: Sam: edgy
16:06:09 : Side: Gamer007: dont you get a starting sum here?
16:06:19 : Side: LWB [SD]: nope
16:16:52 : Side: Sam: any admins on?
16:17:15 : Side: Sam: one of my friends is stuck in the spawn zone I think
16:17:21 : Side: Sam: gebruiker
16:17:29 : Side: Sam: he got one a bike that wasnt deployed yet
16:17:38 : Side: Sam: could you tp him back to us
16:19:32 : Side: AnAsassinSeal: yo rocket
16:19:39 : Side: AnAsassinSeal: next time try to be nice and you wont get shot
16:20:50 : Side: AnAsassinSeal: bad shootin m8
16:25:55 : Side: gonga: are there helis on this server ?
16:47:09 : Side: Tactical_Swordfish: how much are hotwire kits?
16:47:37 : Side: Ben: 1000 million
16:47:50 : Side: AnAsassinSeal: so fucking funny
16:47:57 : Side: Ben: hehexd
16:48:01 : Side: Tactical_Swordfish: one billion dollars!
16:48:02 : Side: Josh: XD LOL RWAR
17:06:56 : Side: Tactical_Swordfish: where to buy ammo for m110?
17:07:39 : Side: 2DIE4:  usually  where u bought the weapon 
17:07:50 : Side: Tactical_Swordfish: stole it
17:08:04 : Side: 2DIE4:  well where can u sell it?   think about it 
17:08:26 : Side: Tactical_Swordfish: so not stary
17:08:33 : Side: 2DIE4:  well guess notthen  =)
17:08:43 : Side: Tactical_Swordfish: thanks man
17:09:04 : Side: 2DIE4:  so there is not many choices left ;-)
17:09:25 : Side: Tactical_Swordfish: helpful
17:10:02 : Side: 2DIE4:  dont u think any other trader sells special weapons and ammp?  use ya brain
17:10:57 : Side: Tactical_Swordfish: dude, I thaught it would be easier to ask than to spend 30 mins driving places
17:11:17 : Side: 2DIE4:  r u bandit or hero?`
17:11:24 : Side: Tactical_Swordfish: neither...
17:11:40 : Side: 2DIE4:  well then your posibilities r  narrowed down to NOTHING
17:12:02 : Side: Tactical_Swordfish: great
17:12:04 : Side: 2DIE4:  put it in a safe till u r either bandit or hero
17:12:14 : Side: Tactical_Swordfish: smart move
17:12:31 : Side: 2DIE4: u can throw it away as well if that floats your boat  XD
17:20:22 : Side: Josh: how much humanity for the bandit trader again?
17:20:29 : Side: 2DIE4: 5000-
17:20:31 : Side: Duncan Idaho: 5k
17:20:35 : Side: Josh: lul, rip me
17:20:38 : Side: Josh: i had -7k
17:20:40 : Side: 2DIE4:  and vice versa 4 the hero
17:20:49 : Side: Josh: but because of doing bandit missions im now -4.
17:21:42 : Side: Duncan Idaho: /dance
18:16:23 : Side: BuenosNachos: siema ktos pl?
18:24:19 : Side: Josh: might want to aim for the engine next time
18:24:28 : Side: LYD: lul
18:36:24 : Side: Josh: erm any admins?
18:37:16 : Side: Josh: i have an issue with my two helicopters have like, well, they are stuck together, is there anyway you could use your admin magic and move them away 
18:37:20 : Side: Josh: from each other please?
18:38:03 : Side: Josh: didnt know you can tow them, give me a second
18:41:21 : Side: Josh: yeah okay c:
18:41:46 : Side: BuenosNachos: bathezu
18:41:51 : Side: BuenosNachos: do you like boys?
18:42:43 : Side: CapnCrunch: first time flying
18:43:20 : Side: 2DIE4: anybody else aving problems closing the debug monitor?
18:43:30 : Side: strepsils intense: yes 
18:49:50 : Side: Josh: erm
18:49:53 : Side: Josh: admin
18:50:00 : Side: Josh: i claimed the heli and it just flung itself
18:53:35 : Side: James: thnx turmoil <3
18:57:50 : Side: LYD: ty for the help admin
19:35:28 : Side: Bock: how much is a satchel charge worth?
19:35:37 : Side: Josh: sells for 100k-200k
19:40:16 : Side: Bock: where do you store your money
19:40:28 : Side: strepsils intense: atm
19:40:33 : Side: strepsils intense: or safe
19:40:46 : Side: Bock: any atm in stary?
19:40:55 : Side: Przemek: nope
19:42:40 : Side: Bock: Nice trader camp?
19:42:51 : Side: Bock: anywhere i can report it if shadowplay caught it?
19:43:34 : Side: BuenosNachos: eat shit u dirty bastard
19:43:40 : Side: strepsils intense: raported
19:43:45 : Side: Kristofer: wow cuntasge
19:43:49 : Side: James: :(
19:44:41 : Side: Przemek: firstly read rules
19:45:09 : Side: Przemek: then threathen
20:28:08 : Side: Bock: lol my fps just raised with 20
20:28:23 : Side: strepsils intense: 65 here but not for long time :D
21:09:54 : Side: Bock: why doesnt the loot in some of the barracks load?
21:21:28 : Side: [eXp] RageBlack: lol
21:21:32 : Side: strepsils intense: lmao
21:21:35 : Side: Duncan Idaho: LOL
21:21:43 : Side: Nup: :D
21:21:44 : Side: Bock: wat
21:22:00 : Side: [eXp] Gruby: LUL
21:22:05 : Side: Piesel: XDDDDDD
21:22:35 : Side: Piesel: i have problem with op to hit on 120m
21:23:34 : Side: Bock: Napoli
21:23:42 : Side: Nup: why noone fly with mozzie`?
21:23:52 : Side: Napoli: ?? bock
21:23:58 : Side: Bock: wtf
21:24:00 : Side: Bock: were you doing
21:24:03 : Side: Napoli: xD
21:24:11 : Side: Duncan Idaho: one guy is fliying with mozzie over krasnos
21:24:17 : Side: Bock: i just saw your breath xD
21:24:23 : Side: Napoli: :DDD
21:24:34 : Side: Napoli: i has shitty gun
21:35:37 : Side: [eXp] RageBlack: Przemek ogar :D
21:36:04 : Side: BuenosNachos: coz przemkiem
21:36:15 : Side: Przemek (2): gitara siema
21:48:46 : Side: [eXp] Gruby: Przemek on fire 
21:48:53 : Side: [eXp] Gruby: keepo
21:50:14 : Side: Josh: tbh when he kills people who crash and people with makarov's anyone would get kills
21:51:13 : Side: Przemek (2): its not my fault you tried to kill me with makarow
21:51:27 : Side: Josh: you attacked me first
21:51:42 : Side: Przemek (2): yep and then you tried to revenge
21:51:56 : Side: Josh: no i didnt?
21:52:04 : Side: Bock: Selling M2 Machine Guns
21:52:21 : Side: Przemek (2): oh ok there was so many ppl XD
21:53:05 : Side: Bock: whats a m2 machine gun worth?
22:05:42 : Side: Duncan Idaho: julian... u again?
22:10:53 : Side: strepsils intense: raported
22:11:05 : Side: Watermeloan: Learn to spell retard
22:11:12 : Side: LYD: REPORTED
22:11:21 : Side: Josh: irony
22:11:24 : Side: Gary: deported
22:11:25 : Side: Josh: 'meloan'
22:11:46 : Side: Josh: lmao
22:11:51 : Side: LYD: TO HEAVEN
22:11:56 : Side: Watermeloan: It's a name, not a fucking general word
22:12:01 : Side: Gary: no hell
22:12:02 : Side: Josh: calm down
22:12:12 : Side: LYD: EAT A SNICKERS
22:12:17 : Side: Gary: eat a mars
22:12:18 : Side: James: why are you crying
22:12:41 : Side: Gary: so would i
22:17:46 : Side: [1848]rag: lol  ty forh heli
22:18:08 : Side: LYD: GET FUCKING REKT SCRUB
22:18:18 : Side: [1848]rag: me?
22:18:22 : Side: strepsils intense: shhhh
22:18:27 : Side: -Krimbow-: Ty for youre stuff 
22:18:52 : Side: -Krimbow-: lel
22:25:01 : Side: -Krimbow-: Nice heli crash rag 
22:25:02 : Side: Duncan Idaho: bye bye
22:28:26 : Side: Watermeloan: retard
22:46:14 : Side: BuenosNachos: that is so fucking bullshit
22:47:36 : Side: BuenosNachos: jebane polskie kurwy
22:47:44 : Side: BuenosNachos: moze z 10 km bedziecie strzelac
22:47:45 : Side: strepsils intense: ty kurwa gnoju
22:47:46 : Side: BuenosNachos: cipki
22:47:54 : Side: LWB [SD]: English only
22:47:55 : Side: BuenosNachos: walcz jak facet z jajami
22:47:55 : Side: [eXp] RageBlack: się naucz :v
22:48:04 : Side: strepsils intense: sry some inside talk
22:48:18 : Side: Turmoil: group up ^^ 
22:48:18 : Side: Przemek (2): XD
22:48:20 : Side: BuenosNachos: cipyy
22:48:41 : Side: BuenosNachos: takie dzbany jak ty powinny w minecrafta gra
23:01:17 : Side: strepsils intense: Przemek (2) i forgive you
23:01:30 : Side: Przemek (2): thanks :D
23:01:32 : Side: strepsils intense: you have to forgive your enemies
23:01:41 : Side: Przemek (2): in fact i was onli a pilot
23:01:54 : Side: strepsils intense: who pulled the trigger?
23:02:17 : Side: Piesel: door gun
23:06:11 : Side: Przemek (2): good shot i almost died from a blood loss
23:06:51 : Side: [eXp] RageBlack: where you been?
23:07:08 : Side: [eXp] RageBlack: where heve you been?*
23:07:14 : Side: Przemek (2): me?
23:07:22 : Side: [eXp] RageBlack: yup
23:07:24 : Side: Przemek (2): in black hawk
23:15:21 : Side: Watermeloan: gg
23:16:05 : Side: Przemek (2): gg
23:35:42 : Side: Tariko: nice aiming
