00:35:43 : Direct: [safari]ELEPHANT: whats up dude? :D
00:36:00 : Direct: Castie: just sold my shit, you fucker banked my money
00:36:10 : Direct: [safari]ELEPHANT: yep, sure I did ;)
00:36:22 : Direct: Castie: I'll get you back for this one day :)
00:36:51 : Direct: [safari]ELEPHANT: I normally wouldnt be such a dick, but here you cant trust anyone ;) so i am rather the first who shoot
00:37:04 : Direct: [safari]ELEPHANT: you got killed from makarov and hat mk 48 mod :D
07:23:34 : Direct: Dennis: Its a survival game :)
10:42:52 : Direct: Turmoil: show me
10:43:07 : Direct: Turmoil: right here?
10:43:16 : Direct: Top Cat: yes
10:43:27 : Direct: Top Cat: was on bicycle
10:43:30 : Direct: Turmoil: hmm, okay, well he should drop all his gear when combat logging
10:43:51 : Direct: Top Cat: had a nice sniper on back
10:43:59 : Direct: Turmoil: i will let LWB know, he does all the scripting, have him look into it :)
10:44:12 : Direct: Top Cat: thanx it just sucks
10:44:25 : Direct: Turmoil: yeah, some players are douchebags, unfortunatly
10:44:41 : Direct: Turmoil: ill let LWB know about it and he will look into it :)
10:49:21 : Direct: Turmoil: the script is not up atm, some troubles whit it... LWB is working on it :)
10:49:35 : Direct: Top Cat: lol u gave me a fright. no pronlem man
10:49:43 : Direct: Turmoil: hopefully it will be back soon so we can avoid combat loggers :)
10:49:54 : Direct: Turmoil: got some issues whit the new 1.0.6.1 update
10:49:58 : Direct: Top Cat: ill just hunt him down later
10:50:07 : Direct: Turmoil: good plan ;) alright, anything else i can do?
10:50:24 : Direct: Top Cat: no thanx. thanx for quick response
10:50:28 : Direct: Turmoil: np :)
11:24:49 : Direct: Turmoil: first of all, sorry if this kills you
11:24:49 : Direct: [eXp] RafcioZG: nice anzio :o
11:24:53 : Direct: [eXp] RafcioZG: np
11:26:00 : Direct: Turmoil: nice nice it worked...
11:26:16 : Direct: Turmoil: did you loose health?
11:26:19 : Direct: [eXp] RafcioZG: did u shoot my leg? :P
11:26:24 : Direct: Turmoil: torso
11:26:24 : Direct: [eXp] RafcioZG: no still 12k blood
11:26:28 : Direct: Turmoil: awesome
11:26:46 : Direct: Turmoil: crossbow whit transquilizer darts :)
11:26:47 : Direct: [eXp] RafcioZG: am i free now? :P
11:26:51 : Direct: Turmoil: yes yes :)
11:26:54 : Direct: [eXp] RafcioZG: ok
11:26:59 : Direct: Turmoil: going to your body?
11:27:00 : Direct: [eXp] RafcioZG: gonna get my gear back
11:27:32 : Direct: Turmoil: since you helped me :)
11:27:45 : Direct: [eXp] RafcioZG: thank you, BlackAngel was here
11:27:51 : Direct: Turmoil: yeah i saw
11:28:01 : Direct: [eXp] RafcioZG: i'm afraid he will kill me since i go open
11:28:01 : Direct: Turmoil: not anymore
11:28:09 : Direct: Turmoil: you will be fine :)
11:28:13 : Direct: [eXp] RafcioZG: ty
11:29:07 : Direct: Turmoil: still some stuff left at least :)
11:29:12 : Direct: [eXp] RafcioZG: yup
11:30:21 : Direct: [eXp] RafcioZG: oh man i love this thng
11:30:24 : Direct: [eXp] RafcioZG: thing*
11:30:30 : Direct: Turmoil: anzio? 
11:30:36 : Direct: [eXp] RafcioZG: yup
11:31:03 : Direct: Turmoil: yeah ^^ i only got it for show tho, not like i can run around shooting players whit it
11:31:05 : Direct: [eXp] RafcioZG: hope i will find one
11:31:19 : Direct: Turmoil: they are rare, you should be able to buy it tho, i think
11:31:41 : Direct: [eXp] RafcioZG: can't buy it in bandit trader
11:31:53 : Direct: [eXp] RafcioZG: only m107, as50, cheytac
11:32:03 : Direct: [eXp] RafcioZG: but mags were there
11:32:08 : Direct: Turmoil: hmmm, maybe just hero... not sure, i will check it straight away :)
11:32:11 : Direct: Turmoil: brb
11:32:14 : Direct: [eXp] RafcioZG: k
11:34:48 : Direct: Turmoil: cant buy, so only spawn
11:34:53 : Direct: [eXp] RafcioZG: okay
11:35:12 : Direct: Turmoil: i should get to building a prison then xD lol
11:35:20 : Direct: [eXp] RafcioZG: :o
11:35:31 : Direct: [eXp] RafcioZG: bad ppl will be tp there?
11:35:33 : Direct: Turmoil: thats why i needed to know if tranqulizers actually worked
11:35:46 : Direct: Turmoil: yeah, just for fun tho, for minor misbehavings, lol
11:35:57 : Direct: [eXp] RafcioZG: haha
11:36:03 : Direct: [eXp] RafcioZG: hope noone will drop the soap
11:36:25 : Direct: Turmoil: hahaa, it will be shower free and single cells ;) we do run a safe server here
11:36:49 : Direct: [eXp] RafcioZG: dayum
11:36:50 : Direct: Turmoil: woops... damn touchpad
11:36:54 : Direct: [eXp] RafcioZG: :D
11:37:09 : Direct: Turmoil: almost restart as well, cya later and thanks again for the help :)
11:37:11 : Direct: [eXp] RafcioZG: okay i will head to a car left on the road
11:37:13 : Direct: [eXp] RafcioZG: cya m8
13:43:06 : Direct: Yookie666: hi
13:43:12 : Direct: Sharpie: hi
17:53:40 : Direct: Przemek: ty
17:53:44 : Direct: Napoli: np :D
17:53:49 : Direct: Przemek: XD
17:53:50 : Direct: Napoli: dont run like this more
17:53:52 : Direct: Napoli: :DDD
17:54:04 : Direct: Przemek: ok i promise :D
17:54:08 : Direct: Napoli: can u pick me to trade?
17:54:13 : Direct: Przemek: kk
17:54:26 : Direct: Napoli: ur bag in the heli
17:54:47 : Direct: Napoli: rus?
17:54:53 : Direct: Przemek: nope
17:55:00 : Direct: Przemek: pl
17:55:06 : Direct: Napoli: mm.. nice :D
17:55:43 : Direct: Napoli: behind heli
17:55:45 : Direct: Napoli: go faster
17:56:03 : Direct: Napoli: 2 heli :DDD
17:56:32 : Direct: Napoli: ty mate
17:56:42 : Direct: Przemek: ty too
17:56:48 : Direct: Napoli: np :D
17:57:07 : Direct: Napoli: bb
17:57:13 : Direct: Przemek: bye
23:52:24 : Direct: Josh: do you want the truck?w
23:52:51 : Direct: Josh: key is in the gear of the truck, have it
23:53:14 : Direct: Misha: thx
23:53:17 : Direct: Josh: np
