00:02:40 : Side: galina: k...
00:03:09 : Side: Freedom: lol
00:04:58 : Side: Freedom: satchels in this one i see :)
00:12:55 : Side: galina: can a charge brake a safe ?
00:13:28 : Side: Freedom: dont think safes can be destroyed
13:27:40 : Side: Gerold: hallo
13:27:45 : Side: galina: hi
16:12:56 : Side: Din: вот с....
16:13:28 : Side: Thijs: what?
16:15:37 : Side: <eXp> RafcioZG: yo, bases are destructable on this server?
16:15:52 : Side: LWB [SD]: yes
16:15:57 : Side: <eXp> RafcioZG: okay, cool stuff :)
16:20:27 : Side: Thijs: can you destroy plot poles here/
16:20:49 : Side: LWB [SD]: destroy yes, remove no
16:21:07 : Side: <eXp> CziQita: ??
16:21:43 : Side: LWB [SD]: you can destroy it, but you can remove it with a crowbar and get it back, unless you own it
16:22:07 : Side: <eXp> CziQita: so you need to use satchel charges?w
16:22:08 : Side: LWB [SD]: cant remove it I mean
16:22:25 : Side: LWB [SD]: or a gun, or run it over/ they arent hard to destroy
16:22:35 : Side: <eXp> CziQita: ok
16:44:15 : Side: <eXp> RafcioZG: coins will remain in inventory after death?
16:45:04 : Side: LWB [SD]: they will stay on your dead body until taken
16:45:10 : Side: <eXp> RafcioZG: okay
17:51:08 : Side: Celgene: hi
17:51:38 : Side: Twanyboy: hii
19:31:58 : Group: Din: садись
19:32:09 : Group: Din: бери оружку
19:32:25 : Group: Din: и переоденься
19:34:01 : Group: Din: да
19:35:52 : Group: Din: плохо лсышно
19:40:25 : Group: Din: покупать плот??
19:40:35 : Group: Rocket: КАК ХОЧЕШЬ
19:40:47 : Group: Rocket: мля
19:40:52 : Group: Rocket: сори капс
19:41:22 : Group: Din: где базу будем делать?
19:41:34 : Group: Rocket: да мне без разницы
19:41:49 : Group: Rocket: если хочешь можем в замке или еще где-нибудь
19:42:02 : Group: Din: это где?
19:42:12 : Group: Rocket: ну зуб что рядом 
19:42:22 : Group: Rocket: это где мы на другом серве вышли
19:42:31 : Group: Rocket: или другое место
19:43:51 : Group: Din: тут урал
19:43:55 : Group: Rocket: машину откро
19:43:57 : Group: Din: посмотри что в нем
19:45:29 : Group: Rocket: тут еще грузовик был
19:45:57 : Group: Din: не тут херово строить будет
19:48:03 : Group: Rocket: я мосинку нашел
19:48:06 : Group: Rocket: гыгы
19:48:13 : Group: Din: там есть оружие нормальноев
19:48:37 : Group: Rocket: .верт
19:49:15 : Group: Rocket: что мля?
19:49:17 : Group: Rocket: как?
19:49:27 : Group: Din: я тебе выложил оружие
19:49:37 : Group: Din: в машине
19:50:13 : Group: Din: э алёш
19:51:07 : Group: Rocket: мля
19:51:20 : Group: Rocket: да я видел сколько на нее патроны стоят
19:51:22 : Group: Din: го героев мачить
19:51:43 : Group: Rocket: мне в урал?
19:51:49 : Group: Din: нет
19:51:58 : Group: Din: урал лучше продать тут пидоры есть
19:52:01 : Group: Din: 2
19:52:08 : Group: Din: всё время меня убивают
19:52:20 : Group: Din: а сейчас их нету
19:52:27 : Group: Din: но соровно туту много людей
19:52:34 : Group: Rocket: го тогда продам
19:52:45 : Group: Din: хотя поехали так
19:55:50 : Group: Rocket: я до торгашки и к тебе
19:55:57 : Group: Din: окц
19:56:43 : Group: Din: я вертушку нашёл
19:57:21 : Group: Rocket: ща сек
19:57:26 : Group: Rocket: я продам барахло
19:57:50 : Group: Rocket: она закрытая?
19:58:39 : Group: Din: литл тут
19:58:56 : Group: Din: я его заправил
19:59:11 : Group: Din: кто-то на мв летит
19:59:45 : Group: Rocket: видел
20:00:02 : Group: Din: возьми сув и ключ в нём
20:00:53 : Group: Rocket: у меня 60 к
20:01:02 : Group: Rocket: а где сув?
20:01:23 : Group: Din: надо мной
20:01:30 : Group: Din: точнеее под
20:01:43 : Group: Rocket: ок
20:03:03 : Group: Din: я тут стою возле сува
20:03:23 : Group: Rocket: бля
20:03:28 : Group: Rocket: я 2 машин нашел
20:03:35 : Group: Din: похуй
20:03:53 : Group: Din: нужно миссию выполнить и оружия побольше взять
20:04:56 : Side: SEN ONE: do u need something special to st a safe box doesnt show finish placing
20:05:11 : Group: Din: бля я сломал что-то у литла -_-
20:05:28 : Group: Din: ЕБАТЬ ИХ ТУТ
20:05:29 : Group: Rocket: красава
20:05:36 : Side: LWB [SD]: no, just stand still
20:05:55 : Side: SEN ONE: should it say complete build
20:06:18 : Side: SEN ONE: it only give me vector and another option
20:06:28 : Side: SEN ONE: degrees
20:06:40 : Side: LWB [SD]: press space bar to place
20:07:53 : Side: SEN ONE: thank u
20:08:06 : Side: LWB [SD]: np
20:08:37 : Group: Rocket: тут еще кто-то
20:09:45 : Group: Rocket: у нас гости
20:09:50 : Group: Rocket: слева
20:12:36 : Group: Din: вроде все
20:12:41 : Group: Rocket: я писал
20:12:46 : Group: Rocket: ты не видел?
20:12:50 : Group: Din: да
20:13:02 : Group: Din: бери сув
20:13:05 : Group: Rocket: у нас слева еще кто-то
20:13:45 : Group: Rocket: они не по нам стреляли
20:14:30 : Group: Din: 20 минут до рекса
20:14:34 : Group: Din: реста
20:15:01 : Group: Rocket: мне ехать туда?
20:15:04 : Group: Din: да
20:15:12 : Group: Rocket: тогда бабло забери
20:17:15 : Group: Din: слева куча
20:17:18 : Group: Din: я её убил
20:17:23 : Group: Din: там же где и ящик
20:18:19 : Group: Din: я 13 убил
20:18:42 : Group: Din: я к тебе идуц
20:21:09 : Group: Rocket: у меня рпг
20:21:24 : Group: Rocket: садись
20:22:41 : Group: Din: сейчас нужно будет сейф купить
20:23:04 : Group: Din: туда будем бабло складывать и вещи редкие
20:23:55 : Group: Din: я после рестарта уже не зайду
20:23:58 : Group: Din: спать пойду
20:24:35 : Group: Din: потом продадим
20:25:37 : Group: Din: да
20:27:10 : Group: Din: как отцепить?
20:27:22 : Group: Din: а всё
20:28:42 : Group: Din: я не могу продать машину
20:29:18 : Group: Din: я сел
20:29:23 : Group: Din: но нельзя
20:29:43 : Group: Din: и тебе
