00:16:30 : Direct: Tariko: kk
00:16:38 : Direct: Tariko: leave your money in the bank and leave
00:17:06 : Direct: Tariko: sorry fr the shoots :)
00:17:12 : Direct: Jim: thanks for letting me live
00:17:17 : Direct: Tariko: np mate ^^
09:35:34 : Direct: Mike Fondu: buy 15 please
09:35:44 : Direct: Mike Fondu: ill give you more when you drop them :-) 
09:36:08 : Direct: Mike Fondu: 30k
09:36:26 : Direct: Mike Fondu: should be
09:36:33 : Direct: Mike Fondu: i think its 2k each
09:38:49 : Direct: Mike Fondu: thank you
09:39:13 : Direct: Mike Fondu: gave you 85k
09:39:36 : Direct: Mike Fondu: Nah, its fine
09:39:48 : Direct: Mike Fondu: would you mind giving me a lift? 
09:40:24 : Direct: Mike Fondu: zelenogorsk
14:37:34 : Direct: Rutinoscorbin: wut
14:38:05 : Direct: Rutinoscorbin: any1 here/
18:30:45 : Direct: harry: hi
19:45:41 : Direct: AlexV: why?
20:01:57 : Direct: Rutinoscorbin: wtf
20:02:12 : Direct: Rutinoscorbin: it wasn't on purpose
20:02:19 : Direct: Rutinoscorbin: lwb
20:20:45 : Direct: Daniel John Mason: only if you are 
20:58:35 : Direct: harry: hello
20:59:11 : Direct: harry: how much did that gun cost mate 
21:00:59 : Direct: harry: hey dude you dropped your gun 
21:01:06 : Direct: harry: do you not want it 
21:01:47 : Direct: harry: do you know where to sell these mg36s 
21:05:28 : Direct: harry: hey man , are you like rich or something?
21:07:11 : Direct: harry: wait where did you just come from?
21:09:05 : Direct: harry: did you see trump teleporting
21:09:19 : Direct: harry: is he an admin or something 
21:11:10 : Direct: harry: thanks b
21:12:56 : Direct: harry: can you get out pls
21:21:55 : Direct: Turmoil: did you look into that trump fellow?
21:59:12 : Direct: VertDider: gas station nearby?
21:59:21 : Direct: Nup: hmm.. i dont know
21:59:27 : Direct: Nup: u got that from mission?
21:59:44 : Direct: VertDider: yep
21:59:50 : Direct: Nup: nice
22:00:00 : Direct: Nup: i got on from west.. sniper..
22:00:02 : Direct: VertDider: u killed my bro)
22:00:09 : Direct: Nup: shooted to that chopper
22:00:16 : Direct: Nup: ah ok :D
