13:19:11 : Group: DibzG: sup man
13:19:17 : Group: Napoli: hi ^^
13:19:24 : Group: DibzG: how u dooing
13:19:36 : Group: DibzG: u got any morpine
13:19:41 : Group: DibzG: ??
13:19:42 : Group: Napoli: yes ^^
13:19:59 : Group: DibzG: can i get some i got broken leg
13:20:06 : Group: Napoli: where r u?
13:20:11 : Group: DibzG: balota
13:20:18 : Group: DibzG: WHERE ARE U
13:20:26 : Group: Napoli: trade
13:20:45 : Group: DibzG: ok  got a car?
13:21:28 : Group: Napoli: yup
13:22:10 : Group: DibzG: can u come and save me i have been withoute my leg for 2 days
13:22:21 : Group: Napoli: kk
13:22:33 : Group: DibzG: but u are not just gona kill me`?
13:22:40 : Group: Napoli: okay mate
13:23:09 : Group: DibzG: so u are not going to just kill me
13:23:17 : Group: Napoli: ill save u
13:23:27 : Group: DibzG: ok thanx mate
13:23:34 : Group: DibzG: wjere u from?
13:23:39 : Group: DibzG: where u from*
13:23:56 : Group: Napoli: quiting trade zone
13:24:34 : Group: DibzG: dude i will me right back 
13:27:06 : Group: DibzG: i am back
13:27:46 : Group: DibzG: u got a blood bag too?
13:28:01 : Group: Napoli: sry only morphie
13:28:11 : Group: DibzG: ok mate
13:33:52 : Group: Napoli: i hear u very bad man
13:34:01 : Group: Napoli: bad voice chat
13:34:36 : Group: Napoli: ty
13:37:05 : Group: Napoli: u bandit or hero
13:37:22 : Group: DibzG: right now i am in +
13:38:08 : Group: DibzG: and u?
13:38:22 : Group: Napoli: i want ot be hero :D i have 2555 hum
13:38:56 : Group: DibzG: yeh i had that but i guy started shooting at me and i had to kill him and it took me down to 330+
13:43:42 : Group: DibzG: so how long have u playd here
13:43:50 : Group: Napoli: first hour :D
13:43:59 : Group: DibzG: i ahve playd like 3houers
13:45:54 : Group: DibzG: dude here
13:46:04 : Group: DibzG: clothing
13:46:23 : Group: Napoli: ty
13:46:45 : Group: Napoli: oops :D
13:47:31 : Group: Napoli: dude i will give u key from my car ok 
13:47:35 : Group: Napoli: i just need to go 
13:47:40 : Group: DibzG: ok
13:47:53 : Group: Napoli: in bag
13:47:57 : Group: DibzG: u need to go like log of
13:48:12 : Group: DibzG: ??
13:48:20 : Group: Napoli: log off
13:48:29 : Group: Napoli: bb mate
23:19:02 : Group: [eXp] CziQita: nie
23:19:15 : Group: [eXp] RafcioZG: guwno kurwa
