13:57:27 : Direct: Alcatraz: hi
19:32:10 : Direct: AS16: speak russian?
19:33:12 : Direct: AS16: )
19:33:23 : Direct: AS16: я понику догадался что ты русский
19:33:30 : Direct: AS16: когда убил тебя )
19:33:49 : Direct: AS16: У МЕНЯ МИКРО БАРАХЛИТ
19:33:53 : Direct: AS16: Временами
19:33:57 : Direct: AS16: отлично
19:34:09 : Direct: AS16: мой друг возможно сюда придет, а может и не придет )
19:34:18 : Direct: AS16: я был бы рад компании
19:34:33 : Direct: AS16: у меня впринципе уже все есть...
19:34:38 : Direct: AS16: готов воевать )
19:35:03 : Direct: AS16: ого
19:35:59 : Direct: AS16: Поедем куда на пару?
19:36:08 : Direct: AS16: вон рядом миссия - меня там буржуи гоняли
19:36:12 : Direct: AS16: я двоих убил и ушел
19:36:19 : Direct: AS16: атака на урал
19:36:56 : Direct: AS16: ток я думаю бтр бросить у локбокса или нет ))
19:37:05 : Direct: AS16: гавно они без пушек
19:37:35 : Direct: AS16: ПРИМИ ГРУППУ
19:37:39 : Direct: AS16: удобней будет
19:37:51 : Direct: AS16: ф5
