11:24:33 : Direct: mazoha: idiot
11:24:44 : Direct: mazoha: get out
12:05:56 : Direct: Dont touch my Tralala: x
18:42:32 : Direct: Turmoil: yeah well here is a classic example of not parking downhill 
18:42:35 : Direct: Turmoil: lol
18:42:38 : Direct: Josh: i told him not to
18:42:46 : Direct: Josh: its my friend, i was teaching him how to fly and well
18:42:53 : Direct: James: sir you think this is some sort of joke
18:43:07 : Direct: Josh: ignore my friends, they are special
18:43:08 : Direct: LYD: it was going pretty well until then
18:43:32 : Direct: Turmoil: there u go
18:43:37 : Direct: Josh: thanks man
18:43:42 : Direct: Turmoil: yw
18:43:47 : Direct: Turmoil: ill get back to eating my dinner then :)
18:43:48 : Direct: Josh: ill try and make sure he doesnt fly again lmao
18:43:53 : Direct: Josh: emjoy 
18:51:47 : Direct: Josh: yeah
18:51:52 : Direct: Josh: i claimed it with a key
18:51:53 : Direct: Josh: and well
18:51:55 : Direct: Josh: that happened
18:52:11 : Direct: CapnCrunch: welcome back
18:53:25 : Direct: Josh: thanks man
18:53:29 : Direct: Turmoil: try claiming it again
18:53:32 : Direct: Josh: im sorry to interupt your dinner again lmao
18:53:46 : Direct: Josh: ill need to get 5k out my bank
18:54:03 : Direct: Josh: thanks
18:54:17 : Direct: Josh: worked
18:54:19 : Direct: Josh: lmao thanks man
18:54:27 : Direct: Josh: sorry about interupting your dinner again
18:54:31 : Direct: Turmoil: good im gonna go back to my dinner again then 
18:54:39 : Direct: Josh: lmao enjoy
18:54:40 : Direct: Turmoil: cya
18:54:43 : Direct: Josh: cya
20:05:51 : Direct: James: jeez
21:50:50 : Direct: Napoli: hey :DDD
21:50:54 : Direct: Bock: hey
21:58:42 : Direct: Duncan Idaho: hi
22:40:03 : Direct: Tariko: lol
