11:59:09 : Group: Rocket: если хочешь то можем построить в той церкви старой где была на другом серве
11:59:30 : Group: Rocket: возле гуглово
12:00:13 : Group: Din: что?
12:00:33 : Group: Din: да пох
12:00:57 : Group: Din: сюда иди
12:01:40 : Group: Din: винтовку возьми на земле
12:01:48 : Group: Din: она как дмр
12:02:22 : Group: Din: у 110 тоже обоймы от дмр
12:02:29 : Group: Din: которая у меня
12:02:36 : Group: Din: сейф покупать??
12:04:07 : Group: Din: бля а где у нас база?=В
12:04:31 : Group: Din: нет
12:04:45 : Group: Din: ну
12:05:05 : Group: Din: даф
12:09:21 : Group: Din: сейф 4465
12:11:28 : Group: Din: щас приеду разберёмся
12:12:08 : Group: Din: я рпг возьму
12:15:00 : Group: Din: я тут сув оставлю с ключом
12:15:07 : Group: Din: метку поставь на мне
12:19:18 : Group: Din: меня ранили
12:33:39 : Group: Din: убил пулиметчика в машине
12:36:13 : Group: Din: да он безобидный
12:37:57 : Group: Din: я выхожу мелкий дебил не делаяет нихуя
12:38:03 : Group: Din: зайду попозже
13:02:35 : Side: Alarik: hello
13:03:12 : Side: Rocket: Hi
13:03:28 : Side: Alarik: are there indestructable bases ? if you know
17:28:37 : Group: Rocket: я тут
17:28:55 : Group: Din: го на миссию
17:29:11 : Group: Din: я зачистил немного но патроны кончились
17:29:24 : Group: Rocket: ключ в суве
17:30:05 : Group: Rocket: ты патроны из сейфа взял?
17:30:09 : Group: Din: дац
17:32:42 : Group: Rocket: верт рядом
17:32:58 : Group: Din: похц
17:37:04 : Group: Din: кто то по ним уже работает походу
17:39:52 : Group: Din: спереди
17:40:00 : Group: Din: не стреляй
17:40:51 : Group: Rocket: норм начало
17:52:05 : Group: Din: из ящика все оружие забрал??
17:52:11 : Group: Rocket: да
17:52:18 : Group: Din: ну тогда погнали к суву
17:53:04 : Group: Rocket: фак
17:53:15 : Group: Din: так а где сув?=D
17:53:42 : Group: Din: щас сложим всё в него
17:54:40 : Group: Rocket: выкатывай сув
17:54:46 : Group: Rocket: и залазь в верт
17:55:48 : Group: Rocket: садись
17:56:35 : Group: Rocket: ты его закрыл?
17:56:40 : Group: Din: да
17:56:43 : Group: Rocket: бля
17:56:46 : Group: Din: пох я поеду лучше
18:00:11 : Group: Rocket: тут кто-то есть
18:02:02 : Group: Rocket: подбегай к верту
18:02:08 : Group: Rocket: забирай из него все
18:04:00 : Group: Din: где тут заправка?
18:04:10 : Group: Rocket: подомной
18:04:57 : Group: Din: го до базы
18:05:04 : Group: Din: оттуда и до мисиии недалеко)
18:06:29 : Group: Rocket: из верта в сейф все выложи
18:07:18 : Group: Rocket: ток сперва в машину
18:09:24 : Group: Rocket: бля
18:09:27 : Group: Rocket: подожди
18:09:32 : Group: Din: ?
18:09:38 : Group: Rocket: оружку забыл
18:09:46 : Group: Din: похуй
18:10:58 : Group: Din: БЛЯТЬ 
18:11:04 : Group: Din: миссия пропала(
18:11:51 : Group: Rocket: еще 3 есть
18:12:02 : Group: Din: ага
18:12:10 : Group: Din: на которых нам пизда
18:12:32 : Group: Rocket: ключ в сейф клади от машины
18:12:57 : Group: Rocket: и деньги тоже
18:13:47 : Group: Rocket:  и пздуй на крышу
18:14:24 : Group: Rocket: куда летим?
18:14:27 : Group: Din: го бандитов хуярить они тупые
18:14:55 : Group: Din: хотя не го на герове
18:14:58 : Group: Din: на базу их
18:15:11 : Group: Din: там 4 пулимёта должно быть всего и людей дохуя
18:15:32 : Group: Din: только если там конечно не бронитехника=D
18:15:51 : Group: Rocket: слева милитари
18:16:45 : Group: Din: бля ты что тваришь
18:17:08 : Group: Din: там просто люди -_-
18:17:23 : Group: Din: слева такойже верт
18:18:02 : Group: Rocket: он пустой
18:18:09 : Group: Rocket: по топиву
18:18:13 : Group: Rocket:  и он чей-то
18:18:18 : Group: Rocket: нихуя
18:18:31 : Group: Rocket: иди сюда
18:18:35 : Group: Rocket: нахуй миссию
18:19:00 : Group: Rocket: забирай все
18:19:02 : Group: Din: ЕБАТЬ
18:19:37 : Group: Rocket: все взял:
18:19:40 : Group: Rocket: ?
18:20:09 : Group: Rocket: еба у меня глаз алмаз)
18:20:30 : Group: Rocket: все?
18:20:41 : Group: Din: да но я на миссию
18:20:49 : Group: Rocket: ок я на базу
18:20:56 : Vehicle: <eXp> RafcioZG: sram jak co
18:21:05 : Group: Rocket: там в городе машина если что
18:24:13 : Group: Din: пиздуй ко мне
18:24:21 : Group: Rocket: сек
18:24:26 : Group: Rocket: выложу все
18:26:03 : Group: Din: БЛЯТЬ ВОЗЬМИ ПУЛИМЁТ С ПРИЦЕЛОМ
18:26:08 : Group: Din: ТУТ ВЕРТУШКА
18:30:21 : Group: Din: ска
18:39:40 : Group: Din: ты прилитишь??
18:40:35 : Group: Din: аууу
18:41:05 : Group: Rocket: да
18:41:07 : Group: Rocket: лечу
18:41:13 : Group: Din: давай реще
18:41:25 : Group: Din: 25 минут у нас 
18:41:35 : Group: Din: тут вертушка грёбаная
18:42:22 : Group: Din: нужно сесть на холме за миссией где 112 и 110 отметки
18:42:32 : Group: Din: там они будут как на ладони
18:44:17 : Group: Din: бля вертушку сбей ска\
18:44:23 : Group: Din: за мной охотится
18:49:34 : Group: Din: НАХУЙ ЗАЕБАЛА
18:49:43 : Group: Rocket: сбил
18:51:16 : Group: Rocket: у меня патроны закончились
18:53:04 : Group: Rocket: теперь точно все
18:53:56 : Group: Din: ботов не вижу
18:54:39 : Side: Thommas: maybe im new
18:54:46 : Side: All Apologies: hi turmoil yes thank you
18:54:54 : Side: BL00D: hi!!
18:54:57 : Side: Turmoil: welcome to the server then Thommas :) hope you enjoy your stay
18:55:39 : Group: Din: теперь точно всё походу
18:55:52 : Side: BL00D: hi admin
18:56:01 : Side: BL00D: i have a problem
18:56:02 : Side: Turmoil: hello BL00D
18:56:06 : Side: Turmoil: whats up?
18:56:26 : Group: Rocket: я пойду проверю
18:56:30 : Group: Din: ок
18:56:38 : Group: Rocket: шмотки в верте будут
18:56:39 : Direct: Turmoil: how may i help?
18:56:39 : Side: BL00D: my friend is tying to join but hes stuck in the lobby
18:56:47 : Direct: Turmoil: does he get any error message?
18:56:53 : Group: Din: мишку проверь
18:56:57 : Direct: BL00D: nope
18:57:06 : Direct: Turmoil: name?
18:57:07 : Group: Din: бля 10 минут
18:57:10 : Direct: BL00D: the bar is fully loaded but nothing happens
18:57:15 : Direct: BL00D: gregg
18:57:49 : Direct: Turmoil: give me a sec and i will rely the message to LWB, he is the technical expert :)
18:58:03 : Direct: BL00D: thankyou!!
18:58:21 : Direct: Turmoil: you are welcome
18:59:03 : Direct: Turmoil: he is at the dinner table atm, does your friend have all the latest mods? 1.0.6.1?
18:59:24 : Direct: BL00D: dayZ mod?
18:59:28 : Direct: BL00D: or epoch
18:59:29 : Group: Rocket: целый
18:59:38 : Direct: Turmoil: DayZ Epoch 1.0.6.1 and overwatch 0.2.5
18:59:44 : Direct: BL00D: it should be the latest he just installed it
18:59:50 : Direct: Turmoil: ah yes then it should be
19:00:03 : Direct: Turmoil: he stuck in the lobby? or at loading screen?
19:00:42 : Direct: BL00D: reciving data...
19:01:03 : Direct: Turmoil: its his ping, his spiking at over 350
19:02:32 : Direct: Turmoil: easy
19:02:41 : Direct: Turmoil: just checking why everyone else lost connection
19:02:49 : Direct: schovB: ffs
19:02:58 : Direct: schovB: pls
19:02:58 : Direct: schovB: dont do that xD
19:02:59 : Direct: Turmoil: did not mean to scare you, sorry
19:03:05 : Direct: schovB: np
19:03:26 : Direct: Turmoil: everyone lost connection for some reason, weird... investigation needed
19:13:36 : Side: Thommas: why i have only 12 fps???
19:14:13 : Side: Turmoil: what is your system running on? mainly your cpu
19:14:25 : Side: Thommas: win 10
19:14:40 : Side: Turmoil: yeah i mean hardware, what kind of cpu do you have?
19:15:14 : Side: <eXp> RafcioZG: arma is poorly optimized, i get 30-60 fps on decent pc, you can try to change some settings
19:15:17 : Side: Thommas: dual core 2.25GHz
19:15:32 : Side: Thommas: lovest settings
19:15:39 : Side: <eXp> RafcioZG: oh arma's game engine depends mainly on single core performance
19:15:48 : Side: Thommas: rly
19:15:49 : Side: Turmoil: was about to say that
19:16:24 : Side: Thommas: when i joined i got 30fps but now 11
19:16:26 : Side: Turmoil: but im running a i7 whit 2.5ghz and im getting 51 fps at highest settings
19:16:32 : Side: Thommas: first joined*
19:17:03 : Side: Turmoil: whats your view distance set to? that can really slow down things
19:17:25 : Group: Thommas: lowest
19:17:31 : Side: Thommas: lowest
19:18:28 : Side: Turmoil: go into your inventory right click your binoculars and set view distance down too see if you get any better performance
19:18:38 : Side: Turmoil: gameplay inventory, not game options 
19:19:09 : Side: Thommas: same.. 10
19:19:14 : Side: Turmoil: i belive its 1500 by default
19:19:53 : Side: <eXp> RafcioZG: oh i didn't know that i could set this :D
19:20:23 : Side: Thommas: what is zeroing is mean?
19:20:32 : Side: Turmoil: higher distance lower fps tho so gotta find the sweetspot :)
19:21:00 : Side: Turmoil: zeroing is something on the sniper rifle, if you use pgup pgdwn you can adjust the scope to shoot center 
19:21:38 : Side: Thommas: i will get lower the resolution
19:22:26 : Side: Thommas: ehh same
19:22:58 : Side: Thommas: but i lag on every epoch server vanilla's are good
19:23:04 : Side: LWB [SD]: try relogging I have 50fps on a laptop, so its not a server issue
19:23:26 : Side: Thommas: i have laptop too
19:23:29 : Side: <eXp> RafcioZG: for how long this server is up?
19:23:35 : Side: LWB [SD]: 3 days
19:23:49 : Side: <eXp> RafcioZG: oh so that explains why there aren't bases to raid
19:23:54 : Side: LWB [SD]: yep
19:26:54 : Direct: Turmoil: hey mate
19:27:01 : Group: Din: стой там щас повеселимся
19:27:07 : Direct: Freedom: do nt have direct mic det up 
19:27:10 : Direct: Freedom: whats up
19:27:11 : Group: Rocket: ты идиот?
19:27:19 : Group: Rocket: у меня бабло и море патронов
19:27:19 : Direct: Turmoil: nm, just admining a bit... saw you came on
19:27:39 : Group: Din: тогда бери мишку и вали на базу
19:27:41 : Direct: Freedom: cool yep figured i try shooting some people
19:27:49 : Direct: Turmoil: good idea :)
19:27:52 : Group: Din: он сзади меня 
19:28:16 : Group: Rocket: я в чинук тебе 3 обоймы положу
19:28:26 : Direct: Turmoil: did you get that last message? 
19:28:37 : Direct: Freedom: the good idea one?
19:28:46 : Direct: Turmoil: ill do a bit more stuff and we can play A3 after? :D
19:28:56 : Direct: Freedom: sounds good bro
19:29:17 : Direct: Turmoil: im off from here, hit me up on whatsapp or something if you need me ^^
19:29:29 : Direct: Freedom: cool later
19:30:36 : Group: Rocket: ебать ты близкий
19:38:08 : Group: Din: ска
19:38:13 : Group: Din: почти всех завалил
19:38:27 : Group: Din: возми патроны плиз и прилетай ко мне
19:39:02 : Group: Rocket: ты из чинука забрал обоймы?
19:39:09 : Group: Din: нет ещё
19:39:27 : Group: Rocket: так забери
19:40:27 : Side: Thommas: xd
19:40:42 : Side: <eXp> RafcioZG: ddos attack?
19:40:50 : Side: LWB [SD]: possible
19:40:51 : Side: Turmoil: most likely
19:40:52 : Side: Thommas: WTF
19:40:56 : Side: Thommas: 26199
19:40:58 : Side: LWB [SD]: or the host is having issues
19:42:03 : Direct: Turmoil: experiencing some connection issues?
19:42:08 : Direct: Freedom: nope
19:42:20 : Direct: Freedom: door wouldent open for sec but that was it
19:42:22 : Direct: Turmoil: weird, seems like the server is beeing DDOS attacked 
19:42:31 : Direct: Freedom: seen that
19:42:54 : Direct: Freedom: player was flying ac130 and it crashed right over there
19:43:08 : Direct: Turmoil: shhhhh
19:43:20 : Side: Cody: How do turn off debug menu
19:43:20 : Direct: Turmoil: xD
19:43:29 : Side: Turmoil: end
19:43:31 : Direct: Freedom: hahah
19:43:36 : Side: Cody: Thanks m8
19:43:49 : Side: Turmoil: you are welcome :)
19:53:07 : Group: Turmoil: LWB keeps getting kicked out from the server, i dont have that problem... but i keep getting booted from the TS for some reason
19:53:33 : Group: Freedom: thats wierd
19:54:52 : Group: Freedom: u broke my bike
19:55:24 : Group: Turmoil: mountain
19:57:00 : Group: Freedom: thanlks
19:57:11 : Group: Turmoil: your welcome, lol
19:59:18 : Group: Freedom: i cans t hit crap today lol
20:09:34 : Side: Przemek: is admin online?
20:09:43 : Side: Turmoil: yes, how may i help?
20:10:00 : Side: Przemek: i died from uknown reason from 26k m
20:10:07 : Side: Przemek: and server crashed
20:10:31 : Side: Turmoil: .we are working on figuring out whats going on atm, might be a ddos attack 
20:10:59 : Direct: Przemek: hi
20:11:04 : Direct: Turmoil: hi there
20:11:17 : Direct: Przemek: is there an option to restore my items?
20:11:25 : Direct: Turmoil: i appologize for the trouble, what did you loose?
20:11:43 : Direct: Przemek: m14 socom, desert ghilie,czech backpack
20:12:04 : Direct: Przemek: and some other weapons but i dont remeber what was it
20:12:20 : Direct: Turmoil: give me one sec :)
20:13:02 : Side: Przemek: i will be in 5 min
20:16:19 : Direct: Przemek: im back
20:16:39 : Direct: Turmoil: is that ok? you can have the backpack as well
20:16:50 : Direct: Przemek: yep thanks :)
20:17:05 : Direct: Turmoil: you are very welcome :) 
20:17:50 : Direct: Przemek: Is there still a bug with wearing clothes
20:17:54 : Direct: Przemek: ??
20:18:14 : Direct: Turmoil: shouldnt be according to technical admin 
20:19:01 : Direct: Turmoil: not working?
20:19:28 : Direct: Przemek: its fine 
20:19:37 : Direct: Przemek: i accidently tear it XDD
20:19:44 : Direct: Turmoil: lol
20:20:14 : Direct: Turmoil: well, have a good one, hope your loss was compensated fairly
20:20:28 : Direct: Przemek: yep thanks again bye
20:43:29 : Side: SuqMadiq: is there banking on this?
20:43:46 : Side: LWB [SD]: No, just storage
20:44:12 : Side: SuqMadiq: fuck me
20:44:22 : Side: LWB [SD]: no 1061 server has banking
20:44:34 : Side: SuqMadiq: i was on one like 10 min ago
20:44:54 : Side: LWB [SD]: name?
20:45:10 : Side: SuqMadiq: 1 sec checking the launcher
20:45:28 : Side: SuqMadiq: zombieland
20:45:42 : Side: SuqMadiq: 1.ö.6.1
20:45:42 : Side: LWB [SD]: hmm, you sure they have banking? 
20:45:45 : Side: SuqMadiq: yes
20:45:48 : Side: LWB [SD]: they have coins
20:45:53 : Side: LWB [SD]: we have coins
20:46:13 : Side: SuqMadiq: They have banking and you have storage
20:46:24 : Side: SuqMadiq: but their serve was shiet
20:46:33 : Side: SuqMadiq: wayyyyyyyyy to many mods
20:46:41 : Side: LWB [SD]: even zupa who makes the banking hasnt made banking yet for 1061 so I guess they made it themselves
20:46:50 : Side: SuqMadiq: Prob
20:51:21 : Direct: Freedom: :)
20:51:27 : Direct: Turmoil: hows it going?
20:51:37 : Direct: Turmoil: whaaat xD
20:51:39 : Direct: Freedom: good
20:51:48 : Direct: Freedom: lol satchel
20:52:12 : Direct: Turmoil: where did u find the satchel?
20:52:24 : Direct: Freedom: barracks second one i have found
20:52:41 : Direct: Turmoil: nice :D
20:52:49 : Direct: Freedom: i know i love satchels]
20:53:39 : Direct: Turmoil: im out, incoming people
20:53:44 : Direct: Turmoil: gl ^^
21:11:57 : Direct: Turmoil: im off this server now, gonna take a little break
21:12:13 : Direct: Turmoil: then maybe we can play some A3 after? :D
21:12:24 : Direct: Freedom: yep sounds good
23:13:04 : Direct: galina: umira6 ot glad
23:13:12 : Direct: galina: infekciq
23:13:16 : Direct: galina: udari antibiotic
23:14:39 : Direct: galina: um nz udari 1 manja vupreki tva
23:15:06 : Direct: galina: em to ot hranata
23:15:12 : Direct: galina: pogledai go malko
23:16:11 : Direct: galina: bandage /
23:16:44 : Direct: galina: i dunno osven relogni ?
23:17:06 : Direct: galina: daam ti blood
23:17:09 : Direct: galina: akunlio
23:17:14 : Direct: galina: bagove
23:17:17 : Direct: galina: da si nalee6
23:17:23 : Direct: galina: to 1 put
23:18:38 : Direct: galina: vij si statsovete ne6to ?
23:18:51 : Direct: galina: proai 1 antibiotic
23:19:12 : Direct: galina: 6tom sprq da ti durpa
23:19:24 : Direct: galina: retarded game
23:19:34 : Direct: galina: zako im trqa6e da razglobqt si4ko
23:33:27 : Side: Przemek: what is vehicle pound?
23:37:15 : Side: Przemek: lol xdddd
23:37:38 : Side: Alarik: dude :D
