08:14:20 : Direct: Przemek: HI
13:45:20 : Direct: Thijs: what can you do with sheet metal?
17:57:54 : Direct: Turmoil: works fine for me, the camo teamleader
17:58:18 : Direct: Turmoil: had to put it on, take it off and put it back on tho for it to work
17:59:42 : Direct: Turmoil: easy, just checking in :) 
17:59:57 : Direct: Turmoil: doing ok? 
18:00:46 : Direct: Turmoil: just seeing if you are ok :) im admin
18:01:13 : Direct: Turmoil: did not mean to interupt or scare you
18:01:49 : Direct: Din: i dont speack Englosh=D
18:02:04 : Direct: Turmoil: thats ok :) enjoy your stay i will leave you too whatever you are doing :)
18:02:14 : Direct: Turmoil: have fun :)
18:04:27 : Direct: Turmoil: rocket, did you want to kill me? ;)
18:05:04 : Direct: Turmoil: i dont have god mode on, find me if ya can :)
18:05:15 : Direct: Turmoil: im close
18:05:21 : Direct: Rocket: Hi)
18:06:05 : Direct: Turmoil: lol np
18:06:35 : Direct: Rocket: XD
18:06:52 : Direct: Turmoil: ill leave you too your busniess :)
18:08:31 : Direct: Rocket: which&
18:08:34 : Direct: Rocket: ?
