00:06:01 : Side: Rogers: can anyone transport me and my friend by chopper
10:07:55 : Side: VertDider: hey buddy
10:08:04 : Side: VertDider: are u at dichina camp?
10:08:08 : Side: DwightyBoy: hey
10:08:14 : Side: DwightyBoy: mv
10:08:17 : Side: DwightyBoy: 22
10:08:24 : Side: VertDider: ok
10:08:36 : Side: VertDider: just here some shooting here
10:08:59 : Side: DwightyBoy: its almost done
10:09:20 : Side: DwightyBoy: and camp is near so they shooting at me :D 
10:10:12 : Side: VertDider: need some medical support here
10:10:23 : Side: VertDider: can u help when u done?
10:11:16 : Side: DwightyBoy: what do you need because i am on this server like 2 days and i dont have lot of med supplies
10:11:28 : Side: VertDider: morphine
10:11:47 : Side: DwightyBoy: dont have but maybe on mission will be
10:12:38 : Side: VertDider: thank dude
10:13:06 : Side: DwightyBoy: i am done...going to find morphine :D 
10:13:41 : Side: VertDider: believe in u)
10:14:49 : Side: DwightyBoy: so where are you i have 2 morphines
10:15:23 : Side: VertDider: dichina camp in barrcs
10:17:11 : Side: DwightyBoy: and you cleared it or bots are here still
10:17:23 : Side: VertDider: all cleared
10:17:28 : Side: VertDider: just got shot
10:17:57 : Side: DwightyBoy: ok
10:19:09 : Side: VertDider: waiting for u here)
10:19:22 : Side: VertDider: wont go anywhere)
10:19:30 : Side: DwightyBoy: i am coming
10:19:35 : Side: VertDider: hear u)
10:19:44 : Side: VertDider: loud and clear)
10:20:27 : Side: VertDider: problems with piloting that mv22?
10:21:02 : Side: DwightyBoy: little
10:21:21 : Side: DwightyBoy: i never flied with this
10:22:58 : Side: DwightyBoy: i am here
10:23:11 : Side: VertDider: me too)
10:23:56 : Side: VertDider: thanks a lot!
10:24:11 : Side: DwightyBoy: no problem
10:24:29 : Side: VertDider: wanna teamup?
10:24:59 : Side: DwightyBoy: maybe just for today because i am playing with my brother
10:25:07 : Side: VertDider: oki
10:25:34 : Side: VertDider: u have some place in your mv&
10:25:37 : Side: VertDider: ?
10:25:43 : Side: DwightyBoy: yes lot
10:25:56 : Side: DwightyBoy: its from mission i clam it
10:26:06 : Side: VertDider: found a lot of guns, need to transport it to trade
10:27:26 : Side: DwightyBoy: ok to plane
10:28:59 : Side: DwightyBoy: you know how to fly with this
10:29:08 : Side: VertDider: yep
10:29:22 : Side: DwightyBoy: but fuel is low
10:29:27 : Side: DwightyBoy: okay drive
10:29:49 : Side: VertDider: need to take other gans from base
10:29:58 : Side: DwightyBoy: okay
10:30:04 : Side: VertDider: a few minutes
10:30:24 : Side: VertDider: cover me in case of bota
10:30:27 : Side: VertDider: bots
10:30:35 : Side: DwightyBoy: okay there are 2 bikes
10:30:41 : Side: DwightyBoy: load them
10:30:58 : Side: VertDider: opened?
10:31:35 : Side: DwightyBoy: locked :D
10:32:15 : Side: DwightyBoy: oh and if you want there are dead bodies on cleared mv22 mission...we can go there for guns
10:32:45 : Side: VertDider: good idea
10:32:49 : Side: VertDider: need money
10:32:58 : Side: DwightyBoy: i picked up meds only
10:33:15 : Side: DwightyBoy: have full large gunback with meds :D
10:35:03 : Side: VertDider: where to?
10:35:10 : Side: VertDider: coordinates
10:35:26 : Side: DwightyBoy: what do you mean? mv 22 missin?
10:35:31 : Side: VertDider: yep
10:35:44 : Side: DwightyBoy: just few metres from here
10:35:59 : Side: VertDider: lets go for it)
10:36:12 : Side: DwightyBoy: on roght side
10:36:19 : Side: DwightyBoy: right
10:36:22 : Side: VertDider: need to fuel up first
10:36:50 : Side: DwightyBoy: do you have fuel?
10:37:11 : Side: DwightyBoy:  i put in 40l in mission
10:37:12 : Side: VertDider: i have a gas station)
10:37:24 : Side: DwightyBoy: okay
10:39:19 : Side: DwightyBoy: then i give key to you from this mv if you want...i cant fly with this :D helis are for me not planes
10:41:12 : Side: VertDider: u can sell it
10:41:29 : Side: VertDider: its yours, cleaned the mission
10:42:01 : Side: DwightyBoy: i know but if you want i give it to you...there will be pletny of these missions :D
10:42:23 : Side: VertDider: i will also sell it)
10:42:41 : Side: DwightyBoy: :D so sell it
10:42:46 : Side: VertDider: i can fly it but its hard)
10:43:10 : Side: DwightyBoy: thats right
10:43:37 : Side: DwightyBoy: i never thougth it is so hard to fly with this
10:44:10 : Side: VertDider: its to heavy
10:44:38 : Side: DwightyBoy: there is new mission near old mv22
10:44:58 : Side: VertDider: will go for it
10:45:18 : Side: VertDider: but firstly sell this shit
10:45:19 : Side: DwightyBoy: mi17
10:45:29 : Side: DwightyBoy: okay :D
10:49:15 : Side: VertDider: lock your kamaz
10:49:29 : Side: DwightyBoy: that was mine :D i found it on way to stary 
10:50:18 : Side: DwightyBoy: nice
10:50:29 : Side: VertDider: ready now)
10:50:32 : Side: DwightyBoy: yep
10:50:44 : Side: VertDider: lets go sell this and buy a heli
10:51:30 : Side: VertDider: try to ride in this on kamaz)
10:52:33 : Side: VertDider: lol
10:52:35 : Side: VertDider: ok)
10:53:02 : Side: DwightyBoy: too big
10:53:06 : Side: DwightyBoy: :D
10:54:11 : Side: VertDider: need some meds
10:54:23 : Side: VertDider: blood and morphine
10:54:30 : Side: VertDider: u have some?
10:54:45 : Side: DwightyBoy: i put it in plane
10:54:54 : Side: VertDider: thanks
10:55:07 : Side: DwightyBoy: have lot of these :D
10:55:34 : Side: VertDider: its useful)
10:59:32 : Side: VertDider: what we gonna buy?
11:00:28 : Side: DwightyBoy: i think merlin hc
11:00:35 : Side: VertDider: ok
11:00:36 : Side: DwightyBoy: i have 45k
11:00:41 : Side: DwightyBoy: if you want
11:01:08 : Side: VertDider: have 159)
11:01:28 : Side: VertDider: we can get u60 med evac
11:01:42 : Side: VertDider: its cheaper and easy to fly
11:01:49 : Side: DwightyBoy: okay
11:02:07 : Side: DwightyBoy: how many slots for weapons it has?
11:02:14 : Side: VertDider: 10
11:02:26 : Side: DwightyBoy: thats fine
11:02:31 : Side: VertDider: we go to bank and then to the mi17 ok?
11:02:38 : Side: DwightyBoy: okay
11:03:08 : Side: DwightyBoy: i have 50 minutes and than i have to go to work
11:03:25 : Side: VertDider: nearly same thing)
11:48:32 : Side: SaddamHaysayn: yo to all a ya , amma frendly playya'
11:49:01 : Side: SaddamHaysayn: werin bandit shit, but not bandito
11:49:07 : Side: SaddamHaysayn:  swea
11:49:09 : Side: SaddamHaysayn: swear
11:56:55 : Side: VertDider: who was shooting at my mi17?
11:57:34 : Side: Tariko: not me
12:18:16 : Side: SaddamHaysayn: do planes spawn? at NEA?
13:34:07 : Side: Robbys Gamer: JOKER COME ONE I WILL KILL YOU
14:17:58 : Side: Tariko: just enjoy the rest of the stuff you greedy bastar
14:29:30 : Side: MacManBob: 123
14:29:41 : Side: Kristofer: 321
14:29:55 : Side: Kristofer: 911
14:29:55 : Side: MacManBob: søger nk i moviestar planet tast 123
14:33:40 : Side: Bock: wtf? there were only 2 ai's on this mission
14:44:17 : Side: Bock: how the fuck did you join our group?
14:45:00 : Side: SaddamHaysayn: no idea, it like joined me automatic
14:45:04 : Side: SaddamHaysayn: i was lmao
15:24:08 : Side: SaddamHaysayn: who was with truck at nwa??
15:24:13 : Side: SaddamHaysayn: and went to traderw
15:40:51 : Side: Bock: why is there only 7 players online right now?
15:41:05 : Side: Tariko: idk
15:55:42 : Side: Dont touch my Tralala: wp
16:23:26 : Side: Bock: why isnt there MG3 Anymore_
16:23:34 : Side: Bock: never mind
16:29:32 : Side: Przemek (2): ty
16:30:03 : Side: SaddamHaysayn: open up the gate
16:30:07 : Side: SaddamHaysayn: im newspawn
16:30:09 : Side: Bock: the gate_
16:30:09 : Side: SaddamHaysayn: pleasseee
16:30:19 : Side: SaddamHaysayn: the gate
16:30:46 : Side: MacManBob: wich gate
16:31:04 : Side: SaddamHaysayn: 065090 something castle
16:31:11 : Side: SaddamHaysayn: 065097
16:31:15 : Side: SaddamHaysayn: castle
16:31:17 : Side: SaddamHaysayn: open
16:37:45 : Side: BuenosNachos: sup
16:38:05 : Side: Takei: sup google
16:52:46 : Side: MacManBob: who just killed a guy in a mozzie
16:52:54 : Side: Bock: Rhyz?
16:53:02 : Side: MacManBob: wanna join our clan
16:54:43 : Side: Rhys Porter: hi that guy got played lol
16:55:02 : Side: Bock: played?
16:55:08 : Side: Bock: you just shot me without i knew you were there
16:55:46 : Side: Rhys Porter: ty for your stuff
16:56:04 : Side: Bock: np
16:56:21 : Side: Przemek (2): typing "ty for your stuff' = cancer
16:56:32 : Side: Bock: youre stupid you didnt wait until i opened all the boxes
16:56:47 : Side: Bock: Amateur
16:56:58 : Side: Kristofer: hehehe
17:00:21 : Side: MacManBob: KÜRWAAAAARRR
17:00:34 : Side: Bock: KylleVar
17:04:02 : Side: Takei: 326
17:06:34 : Side: Takei: google
17:18:25 : Side: Josh: woah
17:18:33 : Side: Josh: i can guess someone said a racial slurr
17:19:13 : Side: BuenosNachos: i wasnt talking anything offensive towards you
17:19:19 : Side: BuenosNachos: context does matter dude ;c
17:19:37 : Side: BuenosNachos: XD
17:19:49 : Side: BuenosNachos: im called like that every day
17:19:52 : Side: Seba: vacum my tenderloin dood
17:19:54 : Side: BuenosNachos: in my school
17:20:10 : Side: BuenosNachos: i am
17:20:18 : Side: BuenosNachos: latenight studies
17:20:41 : Side: BuenosNachos: okay, we are serious adults
17:20:46 : Side: BuenosNachos: from now on
17:20:52 : Side: Kristofer: hat country is this server in?`
17:21:10 : Side: MacManBob: what n word?
17:21:19 : Side: Kristofer: oh noice
17:21:25 : Side: Bock: "No"
17:21:31 : Side: MacManBob: nugga is danish and means chokolate
17:21:43 : Side: MacManBob: chocolate
17:21:45 : Side: Bock: no its not
17:21:48 : Side: Takei: here comes your ban
17:21:49 : Side: BuenosNachos: its not
17:21:51 : Side: MacManBob: it is xd
17:21:52 : Side: MacManBob: hahah
17:21:56 : Side: Kristofer: oh god
17:21:57 : Side: Bock: Chokolade is Chocolate in danish
17:22:09 : Side: MacManBob: yes but nugga is something like choklade
17:22:11 : Side: MacManBob: its like
17:22:13 : Side: Takei: nugga
17:22:14 : Side: MacManBob: white
17:22:15 : Side: Kristofer: nougat
17:22:25 : Side: MacManBob: yes nougat
17:22:29 : Side: Takei: so nugga is nougat?
17:22:32 : Side: Kristofer: wassap nougats
17:22:33 : Side: BuenosNachos: translate this
17:22:34 : Side: Seba: Please sir can u evaporate my tenderloin?
17:22:36 : Side: Takei: thats rasict
17:22:39 : Side: MrPaulik: and why would you say this?
17:22:49 : Side: Seba: racism is bad m'kay
17:22:49 : Side: MacManBob: cuz danish food is gut
17:22:53 : Side: MacManBob: yes
17:22:54 : Side: Przemek: XDDD
17:22:56 : Side: MacManBob: racism is very bad
17:23:02 : Side: Seba: but i love me some nougat chocolate
17:23:04 : Side: BuenosNachos: admion i wish we were friends
17:23:08 : Side: MacManBob: racism should die
17:23:08 : Side: Kristofer: okay lets stop being racist and be responsible adults
17:23:32 : Side: Takei: ye play the game like grown up responsible adult
17:23:33 : Side: BuenosNachos: racism is a crime tbh
17:23:39 : Side: Seba: Kristofer give me some nougat love
17:23:42 : Side: Takei: and crime is for
17:23:46 : Side: Takei: bad people
17:23:52 : Side: BuenosNachos: agreed
17:24:01 : Side: Seba: crime is noggod
17:24:14 : Side: BuenosNachos: stop it
17:24:19 : Side: BuenosNachos: its time to stop
17:24:31 : Side: Bock: now
17:24:37 : Side: Seba: get out arma edition
17:24:39 : Side: Takei: i love chiken nuggets
17:24:40 : Side: Josh: it doesnt matter what it means in other languages, the server is english only anyway
17:24:55 : Side: Bock: its 1% danish this server
17:25:00 : Side: Turmoil: side chat is english only Josh :) all other chats are free to any language
17:25:02 : Side: BuenosNachos: bock i see you misspelled your nickname XDD
17:25:10 : Side: Josh: i guess yeah
17:25:18 : Side: Josh: i mean, i can speak norsk whenever anyone needs me to lul
17:25:18 : Side: BuenosNachos: join us
17:25:19 : Side: Takei: okay but we discuss in english
17:25:28 : Side: Takei: about foreign words didnt we?
17:25:50 : Side: Bock: everyone hates norway
17:25:54 : Side: Bock: selfish faggots
17:25:55 : Side: BuenosNachos: thats racist
17:25:58 : Side: Kristofer: fuck norway
17:25:58 : Side: Josh: ban him
17:26:00 : Side: Josh: thats racist
17:26:00 : Side: Takei: bloody hell i missed 5 o'clock 
17:26:07 : Side: Kristofer: oh god
17:26:08 : Side: Josh: :p
17:26:09 : Side: BuenosNachos: kristofer cant say that
17:26:21 : Side: Bock: i can
17:26:21 : Side: Kristofer: im sorry
17:26:25 : Side: SaddamHaysayn: by the way i forgot to tell you my mom got the green card
17:26:29 : Side: Josh: dansker are sad
17:26:38 : Side: Seba: gaddamnit m8 where's my tea
17:26:39 : Side: Josh: you are norwegian :o
17:26:45 : Side: BuenosNachos: double standards
17:26:50 : Side: Josh: lmao i like you even more now 
17:26:51 : Side: Bock: Norske mennesker er nogle idioter
17:26:51 : Side: Takei: ye
17:27:11 : Side: Bock: For eviiiiigt, måske for eviiiiigt
17:27:25 : Side: Bock: Hahaha
17:27:30 : Side: Seba: damnn guys my bike broke could it be from those nasty pedals? its always their fault!
17:27:57 : Side: Seba: its the pedals man
17:28:01 : Side: BuenosNachos: yeah
17:28:04 : Side: Seba: always the nasty pedals
17:28:14 : Side: Seba: DISGUSTING
17:28:21 : Side: Josh: anyone know what heli has the biggest storage?
17:28:30 : Side: BuenosNachos: mozzie
17:28:33 : Side: BuenosNachos: kappa
17:28:36 : Side: Josh: ayyyy
17:28:42 : Side: BuenosNachos: idk
17:29:01 : Side: Dont touch my Tralala: merlin
17:29:36 : Side: Josh: yeah okay thanks
17:30:29 : Side: Takei: black hawk is racist
17:30:35 : Side: BuenosNachos: yeah
17:30:36 : Side: Takei: why not white hawk
17:30:40 : Side: Takei: or yellow hawk
17:30:43 : Side: BuenosNachos: agreed
17:30:49 : Side: Takei: or some neutral color
17:30:50 : Side: Josh: i prefer orangehawk
17:30:51 : Side: SaddamHaysayn: blue hawk
17:30:51 : Side: Seba: or any other color
17:30:54 : Side: Takei: ye
17:30:57 : Side: Takei: orange good
17:31:01 : Side: Seba: yea thats weird
17:31:01 : Side: Josh: white is neutral
17:31:06 : Side: Josh: white is every color
17:31:06 : Side: Seba: do something
17:31:08 : Side: Takei: thats racist
17:31:11 : Side: SaddamHaysayn: its not
17:31:14 : Side: SaddamHaysayn: its racist
17:31:32 : Side: BuenosNachos: okay, np
17:31:38 : Side: BuenosNachos: gonna fly my hawk
17:31:41 : Side: Seba: kay
17:32:04 : Side: Takei: which one?
17:32:31 : Side: Bock: Is this an american server?
17:32:35 : Side: BuenosNachos: nope
17:33:10 : Side: BuenosNachos: recide?
17:33:14 : Side: BuenosNachos: im poor eng 
17:33:16 : Side: BuenosNachos: ok
17:33:19 : Side: Josh: anyway i can pm an admin? want to check if this base location im thinking about which i know isnt based up is okay but dont want to say it in chat
17:33:49 : Side: BuenosNachos: i wanted to talk with them on teamspeak but none of them had time so idk man
17:33:58 : Side: BuenosNachos: guess they are too busy
17:34:04 : Side: Josh: eh i literally need a yes or no 
17:34:11 : Side: BuenosNachos: yes
17:34:16 : Side: Dont touch my Tralala: josh if you can place a plot this position is allowed
17:34:25 : Side: Josh: yeah okay then, ty tralala
17:34:29 : Side: BuenosNachos: not u, your friend who is constantly on be right back
17:34:31 : Side: [KEK]neshy33: are there ai patrols on this server as well as missions?
17:34:38 : Side: BuenosNachos: we've been like 3 times, poking him
17:34:42 : Side: Josh: yeah okay turmoil <3
17:35:21 : Side: BuenosNachos: yeah, im talking about lwb
17:35:50 : Side: BuenosNachos: yeah, i know
17:35:58 : Side: BuenosNachos: you seem like that kind of person
17:35:58 : Side: Seba: good admin
17:36:02 : Side: [KEK]neshy33: Ok, thanks turmoil
17:36:59 : Side: BuenosNachos: noone wanted to cry. dont judge people
17:37:20 : Side: [KEK]neshy33: thanks turmoil
17:37:23 : Side: WannaBe: !admin
17:37:37 : Side: BuenosNachos: dont talk about being hippocrite xd
17:37:44 : Side: WannaBe: my truck has disapeared
17:37:56 : Side: Bock: did you know that guinea pigs can suck their own dick?
17:38:08 : Side: Przemek: srsly?
17:38:12 : Side: Bock: No
17:38:15 : Side: WannaBe: i have the key ]
17:38:19 : Side: Przemek: :(
17:38:27 : Side: Bock: it was something i just made up to break the silence which was not there
17:38:32 : Side: BuenosNachos: bock how is that you got a typo in your nickname, yet C and B are not as close as you would thing on keyboard
17:38:33 : Side: WannaBe: in my back pack
17:38:46 : Side: Bock: wa
17:38:53 : Side: BuenosNachos: nvm
17:38:55 : Side: BuenosNachos: i like you
17:39:00 : Side: Bock: what are you talking \bout
17:39:11 : Side: Bock: b and c?
17:39:21 : Side: BuenosNachos: i ment bobk
17:39:23 : Side: BuenosNachos: ofc
17:39:35 : Side: Josh: where is the teamspeak ip? i cant see it on the website, idk if im being blind or not
17:39:48 : Side: BuenosNachos: you gonna get ignored probably
17:39:57 : Side: Dont touch my Tralala: press esc
17:40:00 : Side: Turmoil: hit esc
17:40:05 : Side: Josh: lmao
17:40:12 : Side: Josh: ty 
17:40:12 : Side: Seba: well thats not nice
17:40:26 : Side: Takei: twas rude
17:40:33 : Side: Josh: tbh he deserves it
17:40:33 : Side: Takei: admin dont behave like dat
17:40:33 : Side: SaddamHaysayn: admin please unban him , no more shit :(
17:40:43 : Side: Josh: he was being a pillock to the admins
17:40:50 : Side: Josh: its unnessacery
17:41:00 : Side: SaddamHaysayn: yes but he is trying to be funny
17:41:09 : Side: SaddamHaysayn: not being ofensive
17:41:10 : Side: Takei: but he didnt do anything wrong
17:41:16 : Side: SaddamHaysayn: please unban cause he is a friends
17:41:36 : Side: Takei: where he insult you?
17:41:49 : Side: Bock: was it about the guinea pig thing?
17:42:17 : Side: Takei: like that kind of person who ignores people like him
17:42:25 : Side: Takei: i didnt see anything wrong in this
17:42:29 : Side: Takei: donty
17:53:33 : Side: Takei: so we think like 8 people must change server because our friend got banned XD
17:53:55 : Side: Josh: tumoil is talking to your friend now, im waiting for them to finish up, just be quiet and wait.
17:54:16 : Side: Takei: okay
18:08:30 : Side: [KEK]neshy33: these locked vehicles in the camps, are they player ones?
18:09:32 : Side: Turmoil: all locked vehicles are players yes
18:10:34 : Side: Duncan Idaho: not always.s ometimes an AI rises against his humans creators and buy stuff and try to get in chernarus life
18:10:41 : Side: Duncan Idaho: but that's unusual
18:12:02 : Side: Turmoil: thats just arma xD
18:12:21 : Side: Watermeloan: Why so much fog?
18:12:35 : Side: Turmoil: right click your binos in inventory and adjust distance
18:12:40 : Side: Watermeloan: Yes
18:12:43 : Side: Watermeloan: So much fog
18:12:54 : Side: Watermeloan: I know what I mean when i say fog
18:13:05 : Side: Turmoil: grey screen? lol
18:13:14 : Side: Turmoil: i know what fog is, so yes
18:13:25 : Side: Watermeloan: with 4000 render i should see 1875m not 1000m
18:13:44 : Side: Josh: erm, settings dont matter
18:13:48 : Side: Josh: view distance is server sid
18:13:49 : Side: Josh: e
18:13:55 : Side: Watermeloan: its not....
18:13:56 : Side: Josh: hence why you can change it via bino's
18:13:58 : Side: Josh: it is
18:14:04 : Side: Josh: in single player its different
18:14:06 : Side: Watermeloan: josh.
18:14:17 : Side: Watermeloan:  4000m on binos should be 1875m
18:14:26 : Side: Turmoil: its the same for me, guess its the weather :)
18:14:37 : Side: Josh: magic
18:14:55 : Side: WannaBe: why cant i disable debug monitor
18:15:03 : Side: Turmoil: hit end key
18:15:15 : Side: WannaBe: doesnt work 
18:15:26 : Side: Turmoil: check your controll settings - keyboard :)
18:16:25 : Side: Turmoil: Takei? 
18:16:34 : Side: Takei: ye?
18:16:41 : Side: Turmoil: you friend whit Bueno right? 
18:16:47 : Side: Takei: yes
18:16:59 : Side: Turmoil: could you ask him if he could come back on TS for a second
18:17:15 : Side: Seba: hes not here anymore
18:17:22 : Side: Seba: he went out somwhere
18:17:37 : Side: Josh: hopefully not to a birdge
18:17:41 : Side: Josh: bridge*
18:17:46 : Side: Seba: im writing him 
18:17:53 : Side: WannaBe: turmoil what should i look for ? 
18:18:34 : Side: Turmoil: Seba - Tell him his ban is redone to 48h 
18:18:41 : Side: Turmoil: not perm
18:19:02 : Side: Seba: okay Turmoil you're awesome
18:19:09 : Side: Przemek: where are you with your chopper XDs
18:19:30 : Side: Bock: Tariko, nice hack/admin abuse
18:19:42 : Side: Bock: i meanm
18:19:44 : Side: Duncan Idaho: lol
18:19:44 : Side: Bock: not tariko
18:19:46 : Side: Turmoil: sup Bock? 
18:19:46 : Side: Duncan Idaho: why?
18:19:48 : Side: Bock: but Watermelon
18:19:52 : Side: Duncan Idaho: oh
18:19:59 : Side: Duncan Idaho: tariko is a fair player
18:20:03 : Side: Bock: watermelon
18:20:06 : Side: Bock: has godmode on
18:20:07 : Side: Dont touch my Tralala: bock
18:20:07 : Side: Duncan Idaho: dead player is good player
18:20:10 : Side: Dont touch my Tralala: i drive you over xD
18:20:11 : Side: Bock: shadowplayer caught that
18:20:14 : Side: Turmoil: watermelon is not admin? 
18:20:19 : Side: Bock: then hes cheatingw
18:20:24 : Side: Watermeloan: haha
18:20:26 : Side: Duncan Idaho: but who?
18:20:33 : Side: WannaBe: so when i press END key after a while debug just flashes off and on 
18:21:04 : Side: Bock: Watermeloanw
18:21:07 : Side: Duncan Idaho: bock. who is doing the shit, ma m8.
18:21:09 : Side: Watermeloan: ?
18:21:09 : Side: Duncan Idaho: oh
18:21:23 : Side: Turmoil: really have no clue Wannabe, its supposed to be end key by default :)
18:21:46 : Side: Bock: can you give me some arguments why you didnt die of 2 mk48 mags, 2 M110 mags, meanwhile all the ai's shot on you
18:22:02 : Side: Watermeloan: You have to hit me first
18:22:04 : Side: Josh: sounds like you were lagging
18:22:06 : Side: Bock: ...
18:22:10 : Side: LYD: it's called hacks
18:22:12 : Side: Bock: sounds like i got some proof for admin
18:22:18 : Side: Bock: that AH cant take that many shots
18:22:26 : Side: Watermeloan: sounds like you're a noob or retarded
18:22:34 : Side: Bock: it has like 1millimeter armor
18:22:34 : Side: Blue Madick: xD
18:22:36 : Side: Dont touch my Tralala: if you dont hit him xD
18:22:46 : Side: Bock: i did, are you an admin_
18:22:46 : Side: Blue Madick: or hit the wrong spots
18:22:52 : Side: Bock: i shot right at the pilot
18:22:57 : Side: Watermeloan: exactly
18:23:00 : Side: Bock: and i saw all the shots hitw
18:23:04 : Side: Bock: it has no armor therew
18:23:06 : Side: Dont touch my Tralala: you need to shoot the engin xD
18:23:12 : Side: Josh: just like with every heli
18:23:12 : Side: Bock: the pilot would still die
18:23:23 : Side: Blue Madick: if you hit him
18:23:28 : Side: Bock: finally
18:23:51 : Side: Bock: you sacrificed yourself to proof that youre werent a hacker, but you were
18:24:07 : Side: Josh: pjsalt
18:24:26 : Side: lukeredfearn: crossbow, thats new
18:25:41 : Side: Tariko: who shot me before the vodnik ran over me? :O
18:25:48 : Side: SaddamHaysayn: LWB IS A STUPID NIGGER
18:25:54 : Side: Przemek: these choppers are fuckin useless like niggers i hate them. Omg fuck. LWV is a stupid nigger. Nigga stole my bike
18:25:57 : Side: Takei: LWB IS A STUPID NIGGER
18:25:57 : Side: SaddamHaysayn: NIGGA.
18:25:59 : Side: Josh: i think i found bueno's friends
18:26:03 : Side: Takei: gtfo
18:26:06 : Side: Takei: gayz
18:26:46 : Side: nKey: Oh noes combat logger :^)
18:26:56 : Side: Przemek (2): LWB is stupid nigger XDXDDXDXDXDXDXD suck black cock bitch XD half of serwer get banned XDDDDD
18:27:12 : Side: Blue Madick: little kids ...
18:27:23 : Side: Blue Madick: xD
18:27:31 : Side: Watermeloan: yeh me for hacks xd
18:27:41 : Side: Josh: +rep admin, confuses me how racism exists in 21st century
18:27:50 : Side: Duncan Idaho: no, i'm fine. ty. good server btw. pls, i' good.
18:28:16 : Side: nKey: I wish SD's normal epoch was playable :C
18:28:26 : Side: Bock: overpochs better
18:28:42 : Side: Duncan Idaho: always a couple in day z servers.
18:28:58 : Side: nKey: I like vanilla better, its just that SD's venilla epoch has a guys with like 14k briefcases going around annihilating all newcomers 24/7 lol
18:28:59 : Side: Duncan Idaho: annoying kids, i mean
18:30:41 : Side: nKey: idk, a guy who just finds everyone with his minigun suv
18:30:57 : Side: Watermeloan: So some retard stole my pook? lel
18:31:36 : Side: Bock: :3
18:31:55 : Side: Watermeloan: shame you cant kill anyone with it
18:32:12 : Side: Bock: Shame i can
18:32:15 : Side: Watermeloan: infact go back to the president mission and ill take you down
18:32:24 : Side: Bock: nah, i dont have godmode
18:32:29 : Side: Watermeloan: pussy
18:32:43 : Side: Bock: i would target people that was "killable"
18:33:13 : Side: Watermeloan: I mean I dont have god mode, but I also dont have less than 200 hours
18:33:37 : Side: Bock: and i have 700 hours, thats why i know who has godmode and who hasnt
18:33:46 : Side: Watermeloan:  have 3k....
18:33:47 : Side: Bock: either you had godmode or there was alot of desync
18:33:48 : Side: Watermeloan: I
18:33:52 : Side: ImAGummyBear: ths bock guy
18:33:53 : Side: Josh: or you are shooting someone with ridiuclous bandwidth
18:34:04 : Side: ImAGummyBear: 700 hours on ur own dead server#
18:34:13 : Side: Watermeloan: admin
18:34:17 : Side: Turmoil: Yes?
18:34:25 : Side: Watermeloan: if i had godmode id be banned right...
18:34:39 : Side: Turmoil: LWB want to elaborate?
18:34:45 : Side: Josh: lul
18:34:45 : Side: Watermeloan: hahahhhahhahaha
18:34:48 : Side: Bock: Lwb
18:34:52 : Side: Bock: you want vid?
18:34:56 : Side: Bock: 2sec
18:35:06 : Side: Tariko: did you hide my body or it just flew away?
18:35:18 : Side: Watermeloan: d
18:35:31 : Side: Watermeloan: lwb whats website? i wanna see vid xDDDDDDD
18:35:34 : Side: ImAGummyBear: bock what heli was watermeloan in
18:35:43 : Side: Bock: Ah91 or whats it called
18:35:50 : Side: Bock: that little shit helicopter
18:35:50 : Side: ImAGummyBear: ah13h?
18:35:54 : Side: Bock: yea
18:36:00 : Side: ImAGummyBear: just install bock
18:36:06 : Side: ImAGummyBear: uninstall*
18:36:20 : Side: Duncan Idaho: u saw the tariko's corpse?
18:36:27 : Side: ImAGummyBear: Just please 700 hours and u dont know about that heli
18:36:53 : Side: Duncan Idaho: u mean u, bock. or brock
18:37:02 : Side: Bock: no, maybe because i didnt play overwatch all the time
18:37:07 : Side: Bock: just epoch
18:37:16 : Side: Josh: its in epoch
18:37:20 : Side: Josh: and not overwatch
18:37:22 : Side: Bock: huh?
18:37:25 : Side: Bock: no its not
18:37:26 : Side: Josh: im pretty sure anyway
18:37:30 : Side: Bock: it havent always been there
18:37:42 : Side: Duncan Idaho: m8. can u answer me, plz
18:37:47 : Side: Bock: ?
18:37:57 : Side: Duncan Idaho: u take the stuff from tariko's corpse?
18:38:03 : Side: Bock: me?
18:38:10 : Side: Bock: whos tariko
18:38:21 : Side: Duncan Idaho: the guy who killed and acused of cheating xD
18:38:29 : Side: Duncan Idaho: before watermelon
18:38:50 : Side: Bock: no, i didnt accuse tariko that was a mistake i wrote his name
18:39:00 : Side: Duncan Idaho: haha ok
18:39:09 : Side: Watermeloan: https://www.dankhax.net/
18:39:58 : Side: ImAGummyBear: bock the Ah-13H is in epoch
18:40:10 : Side: ImAGummyBear: Just u have been playing PVE servers 
18:40:18 : Side: ImAGummyBear: Or servers with just you on it
18:40:19 : Side: Bock: no
18:40:21 : Side: ImAGummyBear: YEs
18:40:22 : Side: Kristofer: pve is retarde
18:40:27 : Side: ImAGummyBear: Just like you
18:40:30 : Side: Bock: there wasnt ah 13h when i started playing
18:40:37 : Side: Kristofer: clearly just like you gummyberar
18:40:39 : Side: Bock: 2 or 3 years ago
18:40:42 : Side: ImAGummyBear: omg this guy has god mode i cant kill him
18:41:27 : Side: Bock: dude okay, should we go test if an ah13 can take 200 shots from a mk48
18:41:31 : Side: Bock: he saw it himself
18:41:35 : Side: Bock: and it said beep sounds
18:41:45 : Side: Blue Madick: *myself
18:41:48 : Side: Watermeloan: a pook can take 1000 as50 shots
18:41:49 : Side: Josh: the admin already said you didnt hit him
18:42:04 : Side: Bock: no, watermeloan saw it too
18:42:07 : Side: Bock: how?
18:42:28 : Side: Watermeloan: what
18:42:37 : Side: Bock: okay, then the heli is op af
18:42:57 : Side: Watermeloan: I think I only have like an  orange main rotor and red glass
18:44:02 : Side: Bock: water
18:44:05 : Side: Watermeloan: ?
18:44:07 : Side: Duncan Idaho: fire
18:44:09 : Side: Duncan Idaho: air
18:44:10 : Side: Bock: are you admin?
18:44:11 : Side: Kristofer: metth
18:44:19 : Side: ImAGummyBear: What admin done trader prices?
18:44:20 : Side: Watermeloan: OOOoooobviously
18:44:22 : Side: Duncan Idaho: my favourite element. meth
18:44:32 : Side: Kristofer: awwwyis
18:46:46 : Side: [KEK]neshy33: i was afk in the back
18:47:10 : Side: Dont touch my Tralala: i know
18:47:15 : Side: Dont touch my Tralala: but my mate not xD
18:48:23 : Side: Bock: wtf why are you ramming my heli
18:48:23 : Side: [KEK]neshy33: who was driving?
18:48:29 : Side: Dont touch my Tralala: x>D
18:48:31 : Side: Kristofer: blue madick
18:48:31 : Side: Dont touch my Tralala: lol
18:48:37 : Side: Dont touch my Tralala: all ez
18:49:28 : Side: Turmoil: minor rule breaking will lead to inprisonment in the servers prison from now on :) 
18:49:40 : Side: Josh: there is a server prison?
18:49:45 : Side: Bock: lol
18:49:46 : Side: Bock: how long
18:49:49 : Side: Turmoil: yep :) 
18:49:55 : Side: Turmoil: 10 mins minimum 
18:50:04 : Side: Josh: max?
18:50:06 : Side: James: can you break out of it?
18:50:16 : Side: Josh: prison break from the admin prison
18:50:20 : Side: Turmoil: lol lets just say 10 mins for bad behaviour xD lol 
18:50:23 : Side: nKey: I want to be able to throw tincans at the imprisoned people
18:50:25 : Side: Kristofer: get out blue madick
18:50:25 : Side: Josh: kill all escapees for 10k 
18:50:29 : Side: Turmoil: you can probably break out yes
18:50:48 : Side: Turmoil: well, anyone wants to try breaking out your welcome to
18:50:56 : Side: James: yes pls
18:51:01 : Side: Watermeloan: This server is nearly PVE
18:51:15 : Side: Turmoil: nope this is PVP
18:51:24 : Side: Watermeloan: Barely
18:51:53 : Side: [KEK]neshy33: player versus explosion
18:52:04 : Side: Kristofer: ahahahha
18:52:51 : Side: Kristofer: wow blue madick
18:53:02 : Side: Josh: erm admin, do you think we could have our stuff back since yanno
18:53:10 : Side: LYD: um I'd just like to say, I didn't want to go to prison
18:53:11 : Side: Josh: you accidently just blew up our heli :p
18:53:32 : Side: Turmoil: yep i did and i appologize... you will get all stuff back ofc :)
18:53:39 : Side: Josh: thanks c:
18:54:02 : Side: Turmoil: who was in it? xD
18:54:09 : Side: Josh: i was the pilot
18:54:11 : Side: Josh: james and lyd
18:54:16 : Side: Josh: james is mentally unstable
18:54:28 : Side: LYD: keep James in prison, we don't deserve punishment though
18:55:50 : Side: Turmoil: okay... well let me know when you guys are ready and we will fix vehicles
18:55:50 : Side: Josh: ignore that, he made me lose my backpack
18:55:53 : Side: Bock: wtf
18:55:54 : Side: Josh: im ready
18:57:00 : Side: Bock: man, how do you know where i am
18:57:13 : Side: Watermeloan: not hard
18:57:15 : Side: LYD: thanks papa
18:57:59 : Side: lukeredfearn: just checked the site rules but want to check, theres nothing stopping oyu building near the coast?
18:58:12 : Side: LWB [SD]: nope
18:58:19 : Side: lukeredfearn: cheers
18:59:08 : Side: Bock: is gummybear admin too_
18:59:18 : Side: Turmoil: no
19:03:57 : Side: Josh: thats a pretty aggresive prison
19:04:02 : Side: Turmoil: this prison thing needs a bit of work... 
19:04:14 : Side: Turmoil: at least he did it willingly xD
19:04:34 : Side: James: nice prison
19:04:42 : Side: Turmoil: that didnt work out right xD
19:04:56 : Side: James: try again?
19:05:09 : Side: Turmoil: okay, sure... not gonna drug u now
19:05:44 : Side: Turmoil: hes dead again
19:05:58 : Side: Josh: i think the inmates are pretty aggresive
19:06:11 : Side: Turmoil: i need to work on the prison apparently... idea was good i guess
19:06:25 : Side: Josh: idea is good, just not effective yet
19:06:39 : Side: Josh: i think you need to lower the y coordinate at which you are tp'ing him to
19:06:42 : Side: James: id like to report abusive inmates
19:06:55 : Side: LWB [SD]: death sentence saves a lot of our tax money though
19:06:56 : Side: Turmoil: well if its abusive inmates ill take the report xD
19:07:12 : Side: Josh: lmao true
19:07:24 : Side: Turmoil: there for your trouble James :)
19:07:52 : Side: James: thnx for the gun:)
19:08:11 : Side: Turmoil: what did you steal from me now? xD
19:08:18 : Side: James: HEHEHEHEHE
19:08:33 : Side: Josh: he is a prison inmate
19:09:05 : Side: Turmoil: he will wake up soon :)
19:09:16 : Side: Turmoil: unless you drive over him, then he is dead
19:09:22 : Side: James: RIP
19:09:46 : Side: Turmoil: i like the tranq darts effective against thieves
19:09:57 : Side: James: pls trade
19:10:29 : Side: Turmoil: HEEEEELP
19:10:47 : Side: Turmoil: lol
19:10:58 : Side: Josh: dont think i want to become a prison guard
19:11:01 : Side: Turmoil: again, he will wake up soon 
19:11:02 : Side: LYD: to shoot or not to shoot
19:11:05 : Side: LYD: that is the question
19:11:12 : Side: Turmoil: give it a try, lol
19:11:36 : Side: Turmoil: sleepy teammates you guys got
19:11:44 : Side: James: u wot
19:11:45 : Side: Josh: they are both new
19:12:03 : Side: Turmoil: need some more sleep James? :)
19:12:06 : Side: Josh: they literally bought it the game last week
19:12:09 : Side: James: had enough
19:12:20 : Side: Turmoil: hey there sleepyhead
19:12:22 : Side: LYD: I deeply regret that shot
19:13:02 : Side: Turmoil: police is here
19:14:03 : Side: Turmoil: zzzzzz
19:15:17 : Side: Turmoil: oh really?
19:15:27 : Side: James: misclick
19:15:39 : Side: Turmoil: auch
19:16:46 : Side: Turmoil: thats not nice LYD
19:16:54 : Side: James: pls help
19:17:00 : Side: LYD: he deserved it
19:17:24 : Side: Turmoil: good luck killing him :)
19:17:56 : Side: Josh: what tank was that lmao
19:19:29 : Side: James: fight
19:20:04 : Side: Turmoil: *cry*
19:20:38 : Side: Turmoil: break time for me... foood arrived
19:20:52 : Side: James: have fun ;)]
19:20:53 : Side: LYD: bye bye friend
19:24:19 : Side: Josh: erm
19:24:30 : Side: Josh: i finally have chainsaw gas
19:50:20 : Side: Buk Lau: just wondering could we break into bases
19:50:36 : Side: Josh: yeah
19:50:43 : Side: Josh: its like 3500 shots to wood with a m134 i believe
19:51:19 : Side: Buk Lau: what about a satchel charge
19:51:40 : Side: Josh: no idea, never tried personally, im sure turmoil or lwb will know
19:51:50 : Side: Buk Lau: true
20:00:55 : Side: Buk Lau: anyone down to team up rn
20:09:14 : Side: Bock: Den Danske Metode
20:09:40 : Side: MacManBob: er der nogen danskere!!!!!!!!!!!!!!!!!!!!!!!!!!!!
20:09:41 : Side: Kristofer: iich bin heise geschäften
20:09:57 : Side: Josh: ew dansker
20:11:24 : Side: Josh: nordmenn op
20:19:10 : Side: [KEK]neshy33: 500 meter headshot with the first shot, damn ai
20:36:32 : Side: MrPaulik: where tf i find a car maaan
20:36:45 : Side: Josh: just buy one
20:36:56 : Side: MrPaulik: i broke man
20:37:14 : Side: Buk Lau: find guns sell them
20:37:25 : Side: Josh: go looting, neaf and nwaf are good spots
20:37:31 : Side: MrPaulik: ouh okay thx
20:37:46 : Side: Josh: once you have guns, go to a trader city sell the guns at one of the traders and buy cars c:
20:37:46 : Side: Buk Lau: suv is only 20k gun sell for that much
20:38:07 : Side: Josh: yeah, you can easily find guns that sell for 20-30k each 
20:38:13 : Side: Buk Lau: like the rassad
20:38:18 : Side: MrPaulik: nice 
20:40:43 : Side: MacManBob: admin?
20:40:53 : Side: MacManBob: i just got crushed between 2 objects..... a glitch
20:43:09 : Side: MrPaulik: could anyone pick me uP? :D
20:43:23 : Side: MrPaulik: pls
20:43:41 : Side: Bock: can you sell satchel charges_
20:43:48 : Side: Nup: admin here car at trader city which are killing players if they get inside
20:43:59 : Side: Nup: how u call admin?
20:44:06 : Side: Josh: well why get into people's vehicles at a trader city?
20:44:13 : Side: Buk Lau: what trader\
20:44:17 : Side: Josh: i dont get what you want the admin to say to you
20:44:17 : Side: MrPaulik: what are satchel charges?
20:44:28 : Side: Nup: stary sobor
20:44:39 : Side: [KEK]neshy33: something very explosive
20:44:55 : Side: Buk Lau: boom
20:45:17 : Side: Josh: i dont think boom does it justice
20:46:00 : Side: MrPaulik: and whats the need for me then?
20:46:26 : Side: Nup: was there admin online? there is a killer bus at stary sobor trader city
20:46:31 : Side: Josh: you can use them to raid other people's bases but they are very expensive
20:46:37 : Side: Buk Lau: who the player name
20:46:59 : Side: MrPaulik: but like i said i have no money
20:47:05 : Side: MrPaulik: xD
20:47:14 : Side: Bock: Mrpaulik
20:47:16 : Side: Josh: then you dont need one yet ;) you'll make money over time its easy
20:47:18 : Side: Bock: are you new?
20:47:36 : Side: MrPaulik: yup
20:47:36 : Side: Bock: you can have 2k
20:47:37 : Side: Bock: for a car
20:47:54 : Side: MrPaulik: okay
20:48:12 : Side: Bock: and we will be allies
20:48:39 : Side: MrPaulik: but i need to get to a trader city and its a long way from my position :D
20:48:43 : Side: MrPaulik: alright
20:48:57 : Side: Bock: well, tell me when you reach stary
20:49:08 : Side: Josh: if you go into your inventory and right click your blue toolbox you can deploy a mountain bike to help speed up movement
20:49:09 : Side: MrPaulik: okay
20:57:42 : Side: MrPaulik: im there
21:02:43 : Side: Josh: whats the max ammounts of plot poles i can use on one base?
21:02:47 : Side: Josh: i presume 2?
21:04:01 : Side: Josh: oh rip, okay then
21:04:13 : Side: Josh: i presume i cant build outside the green radius thing?
21:05:21 : Side: Josh: yeah okay, ill try that when i get back to base, cheers
21:08:58 : Side: MacManBob: whos at weapons cache
21:20:41 : Side: Josh: also lwb, i have two old bases that still havent despawned if you wanted to remove them 
21:21:18 : Side: Josh: yeah okay
21:36:13 : Side: Josh: are people still trying to do bandit stronghold?
21:36:25 : Side: MrPaulik: dim on my way
21:36:26 : Side: Josh: its been up for the last two hours
21:36:32 : Side: Josh: i wouldnt if i were you paul
21:36:37 : Side: Josh: they are insane 
21:36:47 : Side: Josh: took me and my friends 2 hours to do one
21:36:51 : Side: Josh: and we died like 5 times each
21:37:02 : Side: MrPaulik: mhhmm alright
21:37:12 : Side: MrPaulik: than maybe i stop
21:37:23 : Side: Josh: id go to the nwaf if you havent already
21:38:06 : Side: MrPaulik: whats nf stands for
21:38:21 : Side: Josh: north west air feild
21:38:29 : Side: Josh: field*
21:38:45 : Side: Josh: its the best place to get loot
21:38:56 : Side: MrPaulik: okay and is there some action
21:39:15 : Side: Josh: ocassionally but you should be fine at this time of night
21:39:23 : Side: Josh: shoudlnt be too many people camping
21:40:24 : Side: MrPaulik: i try
21:41:48 : Side: William: anybody at nwaf
21:47:48 : Side: MrPaulik: anyone at nwaf?
21:48:05 : Side: William: depends are you?
21:48:16 : Side: MrPaulik: depend are you?
21:48:48 : Side: MrPaulik: but yes i am
21:51:52 : Side: William: sorry bud
21:53:45 : Side: MrPaulik: whyyyy maaaan
21:54:05 : Side: William: im sorry man you were way to close for my liking didnt want to get shot
21:56:36 : Side: MrPaulik: i thought we were friends
21:57:02 : Side: MrPaulik: i saved you from that zombie
23:52:09 : Side: Napoli: cant find bots
