04:18:57 : Group: IgnoringToast: kys
04:19:27 : Group: IgnoringToast: kms
10:19:13 : Group: Przemek: stary sobor?
10:21:07 : Group: Przemek: sec jeszcze cos sprawdze
10:33:25 : Group: Przemek: 150k :)
10:33:49 : Group: Przemek: kurwa jak zamkniety XD
10:34:40 : Group: Przemek (2): XD
10:34:50 : Group: Przemek (2): tak trochu zamkniety 
10:34:53 : Group: Przemek (2): i co tera /
10:34:57 : Group: Przemek: no nwm XD
10:35:49 : Group: Przemek (2): nie ma jakiejs mega taniej helki ?
10:36:18 : Group: Przemek: szukam
10:36:52 : Group: Przemek: czekaj słyszałeś?
10:36:57 : Group: Przemek (2): nie
10:37:00 : Group: Przemek (2): a co bylo ?
10:37:03 : Group: Przemek: tam szybko zabij
10:38:09 : Group: Przemek: XDD
10:38:14 : Group: Przemek (2): xd
10:38:27 : Group: Przemek: czekaj po klucze pojde
10:38:31 : Group: Przemek: tylko kase ci dam
10:38:37 : Group: Przemek: w razie w
10:39:24 : Group: Przemek (2): w bazie mamy w chuj ammo do pkmow
10:39:50 : Group: Przemek: 50k mial
10:40:10 : Group: Przemek (2): XD
10:40:15 : Group: Przemek (2): gdzie tera jedziem ?
10:40:21 : Group: Przemek: nie ma kluczy trzeba go sprzedac
10:40:37 : Group: Przemek (2): gdzie teraz?
10:40:41 : Group: Przemek (2): do bandita ?
10:40:48 : Group: Przemek: bank najblizszy
10:40:49 : Group: Przemek (2): czy bank najpierw ?
10:40:52 : Group: Przemek (2): kk
10:40:57 : Group: Przemek: mamy 200k ze soba
10:41:12 : Group: Przemek: kurwa mam -20k humanity
13:49:51 : Group: [TRC]stu: yo
13:50:16 : Group: [TRC]stu: can you give me a lift please
15:21:02 : Group: Bock: yea
20:52:31 : Group: Gosha Rubchinskiy: zyd
20:52:47 : Group: Gosha Rubchinskiy: komora
20:52:50 : Group: Gosha Rubchinskiy: mydlo
20:53:19 : Group: Rutinoscorbin: 997 ten numer to klopoty
20:53:36 : Group: Gosha Rubchinskiy: gdy wydarzy sie incydent to pojawia sie konfident
