10:30:40 : Group: Dont touch my Tralala: hey
10:30:46 : Group: 2DIE4:  what is it?  =)
10:31:10 : Group: Dont touch my Tralala: du hast mich letztens irgendwann mal im ts beschnackt war aber nicht am headset ^^
10:31:16 : Group: Dont touch my Tralala: was wars ? 
10:31:21 : Group: 2DIE4: ach so.... 
10:31:44 : Group: 2DIE4: du hast mir doch das lebenslicht ausgepustet  =) hab ich nur gesagt AUA das tat weh  =) 
10:32:03 : Group: Dont touch my Tralala: und die eigentlich frage hast du ein team ? keine lust alleine zuspielen macht nicht so viel spaß ^^
10:32:07 : Group: Dont touch my Tralala: achso
10:32:11 : Group: Dont touch my Tralala: xD
10:32:39 : Group: 2DIE4: ich mach halt viel alleine , aber fürn startup können wir unsd gerne kurzschliessen
10:32:46 : Group: 2DIE4:  ich komm mal auf TS
10:33:26 : Group: 2DIE4: hörst mich net?
14:55:46 : Group: Josh: a
16:26:26 : Group: Frost: You have to wait 17s
16:26:36 : Group: Frost: You have to wait 7s
16:26:42 : Group: Frost: You have to wait 2s
16:26:44 : Group: Frost: suicide
16:27:38 : Group: Frost: I am too scared of the mean Zombies
18:42:57 : Group: BuenosNachos: kurwa przemek ogar
18:43:20 : Group: BuenosNachos: 021037 NIEZNANA JEDNOSTKA
18:43:42 : Group: BuenosNachos: DOBRZE KURWA!
18:43:53 : Group: BuenosNachos: OKEJ
23:36:15 : Group: Tariko: I am too scared of the mean Zombies
