13:02:35 : Side: Alarik: hello
13:03:12 : Side: Rocket: Hi
13:03:28 : Side: Alarik: are there indestructable bases ? if you know
18:54:39 : Side: Thommas: maybe im new
18:54:46 : Side: All Apologies: hi turmoil yes thank you
18:54:54 : Side: BL00D: hi!!
18:54:57 : Side: Turmoil: welcome to the server then Thommas :) hope you enjoy your stay
18:55:52 : Side: BL00D: hi admin
18:56:02 : Side: BL00D: i have a problem
18:56:02 : Side: Turmoil: hello BL00D
18:56:06 : Side: Turmoil: whats up?
18:56:39 : Side: BL00D: my friend is tying to join but hes stuck in the lobby
19:13:36 : Side: Thommas: why i have only 12 fps???
19:14:13 : Side: Turmoil: what is your system running on? mainly your cpu
19:14:25 : Side: Thommas: win 10
19:14:40 : Side: Turmoil: yeah i mean hardware, what kind of cpu do you have?
19:15:14 : Side: <eXp> RafcioZG: arma is poorly optimized, i get 30-60 fps on decent pc, you can try to change some settings
19:15:17 : Side: Thommas: dual core 2.25GHz
19:15:32 : Side: Thommas: lovest settings
19:15:39 : Side: <eXp> RafcioZG: oh arma's game engine depends mainly on single core performance
19:15:48 : Side: Thommas: rly
19:15:49 : Side: Turmoil: was about to say that
19:16:24 : Side: Thommas: when i joined i got 30fps but now 11
19:16:26 : Side: Turmoil: but im running a i7 whit 2.5ghz and im getting 51 fps at highest settings
19:16:32 : Side: Thommas: first joined*
19:17:03 : Side: Turmoil: whats your view distance set to? that can really slow down things
19:17:31 : Side: Thommas: lowest
19:18:28 : Side: Turmoil: go into your inventory right click your binoculars and set view distance down too see if you get any better performance
19:18:38 : Side: Turmoil: gameplay inventory, not game options 
19:19:09 : Side: Thommas: same.. 10
19:19:14 : Side: Turmoil: i belive its 1500 by default
19:19:53 : Side: <eXp> RafcioZG: oh i didn't know that i could set this :D
19:20:23 : Side: Thommas: what is zeroing is mean?
19:20:32 : Side: Turmoil: higher distance lower fps tho so gotta find the sweetspot :)
19:21:00 : Side: Turmoil: zeroing is something on the sniper rifle, if you use pgup pgdwn you can adjust the scope to shoot center 
19:21:38 : Side: Thommas: i will get lower the resolution
19:22:26 : Side: Thommas: ehh same
19:22:58 : Side: Thommas: but i lag on every epoch server vanilla's are good
19:23:04 : Side: LWB [SD]: try relogging I have 50fps on a laptop, so its not a server issue
19:23:26 : Side: Thommas: i have laptop too
19:23:29 : Side: <eXp> RafcioZG: for how long this server is up?
19:23:35 : Side: LWB [SD]: 3 days
19:23:49 : Side: <eXp> RafcioZG: oh so that explains why there aren't bases to raid
19:23:54 : Side: LWB [SD]: yep
19:40:27 : Side: Thommas: xd
19:40:42 : Side: <eXp> RafcioZG: ddos attack?
19:40:50 : Side: LWB [SD]: possible
19:40:51 : Side: Turmoil: most likely
19:40:52 : Side: Thommas: WTF
19:40:56 : Side: Thommas: 26199
19:40:58 : Side: LWB [SD]: or the host is having issues
19:43:20 : Side: Cody: How do turn off debug menu
19:43:29 : Side: Turmoil: end
19:43:36 : Side: Cody: Thanks m8
19:43:49 : Side: Turmoil: you are welcome :)
20:09:34 : Side: Przemek: is admin online?
20:09:43 : Side: Turmoil: yes, how may i help?
20:10:00 : Side: Przemek: i died from uknown reason from 26k m
20:10:07 : Side: Przemek: and server crashed
20:10:31 : Side: Turmoil: .we are working on figuring out whats going on atm, might be a ddos attack 
20:13:02 : Side: Przemek: i will be in 5 min
20:43:29 : Side: SuqMadiq: is there banking on this?
20:43:46 : Side: LWB [SD]: No, just storage
20:44:12 : Side: SuqMadiq: fuck me
20:44:22 : Side: LWB [SD]: no 1061 server has banking
20:44:34 : Side: SuqMadiq: i was on one like 10 min ago
20:44:54 : Side: LWB [SD]: name?
20:45:10 : Side: SuqMadiq: 1 sec checking the launcher
20:45:28 : Side: SuqMadiq: zombieland
20:45:42 : Side: SuqMadiq: 1.รถ.6.1
20:45:42 : Side: LWB [SD]: hmm, you sure they have banking? 
20:45:45 : Side: SuqMadiq: yes
20:45:48 : Side: LWB [SD]: they have coins
20:45:53 : Side: LWB [SD]: we have coins
20:46:13 : Side: SuqMadiq: They have banking and you have storage
20:46:24 : Side: SuqMadiq: but their serve was shiet
20:46:33 : Side: SuqMadiq: wayyyyyyyyy to many mods
20:46:41 : Side: LWB [SD]: even zupa who makes the banking hasnt made banking yet for 1061 so I guess they made it themselves
20:46:50 : Side: SuqMadiq: Prob
23:33:27 : Side: Przemek: what is vehicle pound?
23:37:15 : Side: Przemek: lol xdddd
23:37:38 : Side: Alarik: dude :D
