19:56:44 : Group: MalteserHead: You have to wait 34s
20:14:50 : Group: Alfie412 [BA]: m
20:58:42 : Group: Soln1shko: если че я тут
20:59:10 : Group: HentaiChan: можно пойти бандит миссию кемп
20:59:39 : Group: Soln1shko: как только я договорю и в скайп вернусь
20:59:47 : Group: Soln1shko: то можно
20:59:47 : Group: HentaiChan: +
21:01:01 : Group: Soln1shko: ты стрелял?
21:01:07 : Group: HentaiChan: да
21:01:14 : Group: HentaiChan: я рядом
21:03:27 : Group: HentaiChan: я на баш
21:03:50 : Group: Soln1shko: стой
21:03:57 : Group: Soln1shko: я с тобой пед
21:06:50 : Group: Soln1shko: куда?
21:06:56 : Group: HentaiChan: ?
21:07:00 : Group: Soln1shko: едем
21:07:13 : Group: HentaiChan: сек не все
21:07:58 : Group: Soln1shko: го на старый?
21:08:08 : Group: HentaiChan: ща
21:11:19 : Group: Soln1shko: за 100 метров останови чтобы лут там появился
21:27:52 : Group: HentaiChan: заебал
21:29:11 : Group: HentaiChan: афк
21:29:20 : Group: Soln1shko: ты?
21:30:28 : Group: HentaiChan: питух
21:30:38 : Group: HentaiChan: пИтучара
