02:47:50 : Direct: Mr.Fister: sure, brand new to the server xD
02:49:14 : Direct: Mr.Fister: those are both crap but, Ill take what ever you dont want
02:49:25 : Direct: Mr.Fister: thanks
02:50:07 : Direct: Mr.Fister: thank you
04:24:34 : Direct: Jack: that wasnt worth it
14:01:14 : Direct: BlackBeard: w
20:58:19 : Direct: Yookie666: hi
21:20:58 : Direct: Gamer007: HOW GET MONEY IN THIS GAME ß 
22:28:06 : Direct: Przemek (2): he cant get out while you lock it cunt
22:40:41 : Direct: Seba: BadComedian got some killer jokes
22:41:57 : Direct: Lazer: MIKE?
22:49:46 : Direct: 222222: trade coins
22:50:01 : Direct: Lazer: gimme coins
22:54:05 : Direct: 222222: lazer
22:54:11 : Direct: 222222: can u kill meh
22:54:17 : Direct: Lazer: nope
22:56:17 : Direct: 222222: sold
22:56:21 : Direct: 222222: to the highest bidder
22:58:13 : Direct: 222222: do u want the coins 
22:59:31 : Direct: 222222: hacker
22:59:38 : Direct: [CG]Fidelium: glitcher
22:59:39 : Direct: [CG]Fidelium: ..
23:18:58 : Direct: 222222: where is he omg 
23:26:12 : Direct: Lazer: cya later
