01:59:16 : Side: Dr. Thompson: soo i guess david you arnt friendly?
01:59:19 : Side: Dr. Thompson: lol
02:00:07 : Side: David: YES i FREINDLI 
02:31:23 : Side: Dr. Thompson: you guys doin missions?
04:44:08 : Side: Collin: need help?
04:44:39 : Side: Dr. Thompson: i think i almost got it, dont have a good gun
04:59:59 : Side: Dr. Thompson: got mah stuff im out for tonight, cya around 
08:03:28 : Group: SEN ONE: please dont kill me
11:13:07 : Side: <eXp> RafcioZG: Hi Turmoil :P
11:13:12 : Side: SEN ONE: yes
11:13:21 : Side: <eXp> RafcioZG: yeah shopping time
11:14:37 : Side: <eXp> RafcioZG: k
11:32:15 : Side: SEN ONE: can the plot be destroyed
11:34:01 : Side: Turmoil: i belive it can, im very new at overpoch so give me a second and i will test it out and give you a final answer :)
11:38:44 : Side: Turmoil: SEN, yes you can destroy them :)
11:39:21 : Side: Turmoil: i would go for explosives or armed vehicle couse a PKP takes ALOT of shots to destroy it, lol
11:47:17 : Direct: Turmoil: knock knock, permission to enter?
11:47:28 : Direct: <eXp> RafcioZG: yeah, you can come :D
11:47:42 : Direct: <eXp> RafcioZG: sup
11:47:54 : Direct: Turmoil: just walking around a bit, checking that everyone is doing ok :)
11:48:11 : Direct: <eXp> RafcioZG: okay, as you can see me and my friends gonna build some walls here
11:48:20 : Direct: <eXp> RafcioZG: i'm preparing stuff
11:48:25 : Direct: Turmoil: yeah, this is a populare place to build also ^^
11:48:40 : Direct: <eXp> RafcioZG: i love this place, it reminds me old good times :D
11:48:58 : Direct: Turmoil: remember to close up the hole in the roof xD
11:49:05 : Direct: <eXp> RafcioZG: yeah :D
11:49:21 : Direct: <eXp> RafcioZG: this cave has some secret entrances :D
11:49:52 : Direct: Turmoil: i never looked to much into that, i got a base on a different server than this, but i only played Arma since december so dont know about all the secre
11:49:55 : Direct: Turmoil: secrets :)
11:50:30 : Direct: <eXp> RafcioZG: you can get on top of that rock and get in here through holes
11:50:39 : Direct: <eXp> RafcioZG: it might be risky
11:50:58 : Direct: Turmoil: lol i would imagine, i broke my legs a few times trying to raid the base on the other server i play regulare on 
11:51:04 : Direct: Turmoil: in this cave xD
11:51:04 : Direct: <eXp> RafcioZG: :D
11:51:29 : Side: 2DIE4:  Hello victims  =9
11:51:33 : Direct: <eXp> RafcioZG: I saw that i can buy a chainsaw for 40000 coins, i think it's too cheap
11:52:21 : Direct: Turmoil: yeah might be, i would suggest you take up anything regarding prices and server issues (technical) whit lwb as he is the one that does all scripts :)
11:52:28 : Side: Turmoil: hey 2DIE4
11:52:31 : Side: 2DIE4:   =)
11:52:42 : Direct: <eXp> RafcioZG: oh okay
11:52:55 : Side: 2DIE4:  cant wait to get my  cheytac     XD
11:53:06 : Direct: Turmoil: im merely a humble helper to free up some time for him :)
11:53:13 : Direct: <eXp> RafcioZG: and one question, if i don't maintain plotpole base will disappear automaticly?
11:53:30 : Direct: Turmoil: if its the same as epoch server they run, not instantly, it will gradually decay
11:53:41 : Direct: <eXp> RafcioZG: okay
11:54:03 : Direct: <eXp> RafcioZG: admins will build bases? :D
11:54:07 : Direct: Turmoil: but whit the new epoch 1.0.6.1 it might disapear faster, i do belive LWB has a deal in place if you are going away for more than one week tho
11:54:09 : Direct: <eXp> RafcioZG: as regular players?
11:54:44 : Direct: Turmoil: not sure yet, since there are so many people who scream admin abuse as soon as we do anything, lol
11:54:56 : Direct: <eXp> RafcioZG: admins often get salty, when they find out who raided their bases :D
11:54:59 : Side: Turmoil: you will find it soon i imagine 2DIE4 :)
11:55:12 : Side: 2DIE4:  is it on the loottable? 
11:55:19 : Side: 2DIE4:  or just to buy?
11:55:25 : Direct: Turmoil: lol, i can imagine... the clue to be a admin is to have nothing to lose, then you wont get affected if you get raided :)
11:55:43 : Side: Turmoil: cheytac is on the loot table :)
11:55:49 : Direct: <eXp> RafcioZG: :)
11:55:52 : Side: 2DIE4: yeah
11:55:58 : Side: Turmoil: player found one yesterday and killed a few guys at NWAF 
11:56:10 : Side: 2DIE4:  omg  no backpack with a  normal snipe?
11:56:33 : Side: Turmoil: not sure how LWB has set it up
11:56:35 : Direct: <eXp> RafcioZG: okay i will log off and wait for my friends to help me building
11:56:45 : Direct: Turmoil: roger that, hope you enjoy your stay here :)
11:56:51 : Direct: <eXp> RafcioZG: sure i will :P
12:00:53 : Direct: Turmoil: hey man xD
12:01:10 : Side: 2DIE4:  u  ass  XD
12:01:27 : Direct: Turmoil: could not help it <3
12:01:37 : Direct: 2DIE4:  i figured  XD
12:01:45 : Direct: 2DIE4: ill get oj ts if u like
12:01:53 : Direct: Turmoil: im about to leave :) 
12:01:59 : Direct: Turmoil: but sure, for a few mins 
14:08:45 : Side: Top Cat: friendly?
15:04:09 : Side: [A2] Jake: is there a way to get rid of that little box in the upper right corner?
15:23:03 : Group: Rocket: я щас приду
15:23:11 : Group: Rocket: подожди меня пару мин
15:25:05 : Group: Din: двай лопатку мне и ломик на всякий
15:27:35 : Side: [A2] Jake: anyone know how to get rid of the little box in the right hand corner?
15:27:56 : Group: Rocket: я тут
15:28:36 : Side: [A2] Jake: so much better thank you
15:28:42 : Side: Thijs: wait i can't buy any tec 9 mags?
15:29:03 : Side: Thijs: oh i can
15:29:05 : Side: Thijs: nvm xD
15:30:19 : Group: Rocket: сумку проверь
15:30:54 : Group: Din: на ломатку
15:31:04 : Group: Din: сам разбери
15:31:10 : Group: Din: я тебя добавил
15:32:06 : Group: Rocket: не могу
15:32:53 : Group: Din: я тоже немогу
15:33:36 : Group: Din: show plot boundary написано
15:33:46 : Group: Din: это нажимать?
15:33:52 : Group: Rocket: ща сек
15:35:07 : Group: Din: может ещё ломик нужен?
15:35:08 : Group: Rocket: ща ппробую что-нибудь поставить
15:35:38 : Group: Rocket: фак
15:35:46 : Group: Rocket: набор инструментов нужен
15:36:24 : Group: Din: у тебя есть?
15:36:25 : Group: Rocket: походу придется купить XD
15:36:31 : Group: Din: бляяяяя
15:36:33 : Group: Din: ска
15:36:43 : Group: Rocket: на ломик
15:36:49 : Group: Rocket: попробуй с ним
15:36:50 : Group: Din: похуй
15:36:54 : Group: Din: поелетли продадим
15:42:12 : Group: Din: вези обратно
15:42:25 : Group: Din: щас призедента будем гасить нахуй
15:42:53 : Group: Rocket: П
15:42:59 : Group: Rocket: пиздец
15:45:52 : Group: Rocket: не закрывай
15:46:30 : Group: Din: какой код?
15:46:34 : Group: Rocket: 5225
15:46:37 : Group: Rocket: ой
15:46:39 : Group: Rocket: 5226
15:47:28 : Group: Rocket: сюда всякую хуйню тип сторй материалов и патронов на технику
15:49:59 : Group: Din: нужзно патроны купить мне
15:50:05 : Group: Din: на винтовку
15:50:09 : Group: Rocket: у меня магазины есть
15:50:21 : Group: Din: на вот эту?
15:50:32 : Group: Din: там 1 всего магазин 5 патронов
15:50:41 : Group: Rocket: оно?
15:50:46 : Group: Din: нет
15:50:48 : Group: Din: SD
15:50:54 : Group: Din: для глушителя
15:51:00 : Group: Rocket: фак
15:51:23 : Group: Din: они вообще продаются?
15:51:42 : Group: Din: садись
15:51:48 : Group: Rocket: помоги строй мат переложить и патрики к мигану
15:55:06 : Group: Din: на м110 от дмр не подходят а на ту подходили((
15:55:47 : Group: Din: давай реще пока миссия не пропала
15:55:58 : Group: Din: бля уже
15:58:18 : Group: Rocket: бля я инструменты не выложл
15:58:23 : Group: Rocket: но пох
15:59:19 : Group: Din: пиздец
15:59:23 : Group: Din: нет таких патронов
16:01:57 : Group: Din: у тебя есть 3к бабла??
16:02:21 : Group: Rocket: ща сек
16:03:19 : Group: Din: бля нужно 3 к
16:03:24 : Group: Rocket: отдал все
16:03:26 : Group: Rocket: что есть
16:03:46 : Group: Rocket: могу 2 магазина продать и дать
16:03:56 : Group: Din: всё збс
16:03:59 : Side: Thijs: Why is the RPG restricted xD
16:04:00 : Group: Din: погнали на базу
16:04:07 : Group: Din: я за 100к купил винтовку...
16:04:12 : Group: Din: которую проебал тогда
16:04:27 : Side: <eXp> CziQita: What you mean?
16:04:27 : Group: Rocket: еба ты бес
16:04:33 : Side: 2DIE4:  dunno    on the eposerver also
16:04:41 : Side: Thijs: if you shoot it you'll get kicked
16:04:43 : Side: 2DIE4:  was firing it  and got kicked
16:04:55 : Side: Thijs: i shot a SMAW rpg earlier that worked fine
16:05:06 : Group: Rocket: 100 к проебать когда у нас 10 винтовок на базе
16:05:07 : Side: 2DIE4:  ill let Admin know so he can fix it
16:05:12 : Side: Thijs: :)
16:05:18 : Group: Din: такой нету
16:06:13 : Side: 2DIE4:  like i said  same on the other server
16:07:25 : Group: Din: пезда этим ботам
16:08:33 : Group: Din: всё теперь можно на мисси
16:09:33 : Group: Din: го на том мишке который внизу
16:09:38 : Group: Din: или ему пиздец?
16:09:43 : Group: Rocket: его чинить надо двигло
16:11:01 : Group: Rocket: надо будет купить шлаки
16:11:12 : Side: Thijs: is stealing vehicles in traders prohibited?
16:11:12 : Group: Rocket: го на мв-22
16:11:21 : Side: Thijs: coz someone just nicked my armed SUV xD
16:11:24 : Group: Din: я туда и поставил теперь
16:11:43 : Group: Rocket: и еще по дороге мой сув гламурный заберем
16:11:54 : Group: Rocket: =D
16:12:03 : Group: Din: ну его нахуй
16:13:28 : Side: Twanyboy: But don't you think that the act of stealing something like that is a bit cancerous?
16:14:08 : Side: Twanyboy: Didn't bought it mate found it
16:14:38 : Side: 2DIE4: well then u lost nothing but the loot in it i guess
16:14:46 : Group: Din: там пулимёт станковый
16:14:56 : Side: <eXp> CziQita: how much is armored suv?
16:15:01 : Side: Twanyboy: So when you win money from a lottery and you get robbed off all your money you didn't lost anything?
16:15:08 : Group: Rocket: я не вижу нихуя
16:15:34 : Group: Din: убил
16:15:35 : Side: Takei: how long missions last?
16:15:36 : Side: 2DIE4: onkly what u pu win  =)
16:16:25 : Side: Twanyboy: :)
16:16:34 : Side: 2DIE4: where do we have lottery here anyway?  =)
16:18:16 : Group: Rocket: верт мешает
16:19:22 : Group: Rocket: за деревом 2
16:20:06 : Group: Din: к нам бегут 
16:20:11 : Group: Din: очень близко
16:21:11 : Group: Rocket: внизу сув
16:22:26 : Group: Din: я 11 убил
16:22:41 : Group: Rocket: 2
16:23:03 : Group: Rocket: я подойду поближе
16:23:25 : Group: Din: осторожнее могут у подножья быть я не виддел просто
16:23:51 : Group: Din: но вроде всё
16:24:11 : Group: Din: у тебя там на поле должны быть 1 или 2 трупа
16:24:21 : Group: Din: спереди возле 1 дерева
16:24:34 : Group: Rocket: тут чейто сув закрытый
16:24:57 : Group: Din: я тоже спускаюсь
16:25:11 : Side: Twanyboy: may i ask what happend
16:25:15 : Side: Twanyboy: pos restriction?
16:25:25 : Group: Rocket: на верте осмотри
16:25:28 : Group: Rocket: лучше
16:25:30 : Side: LWB [SD]: what did you do
16:25:42 : Side: Twanyboy: nothing ?\
16:25:44 : Group: Rocket: тут еще 2 машины
16:25:50 : Side: Twanyboy: sitting in a car and being driven
16:25:59 : Group: Rocket: слева
16:26:02 : Group: Rocket: у леса
16:26:12 : Group: Rocket: грузовик и сув
16:26:17 : Group: Din: тут бот
16:26:42 : Side: LWB [SD]: no clue then
16:28:59 : Group: Din: как хочешь
16:29:37 : Group: Din: бот в палатке
16:35:52 : Group: Din: вот шлюха
16:35:57 : Group: Din: как я его не убил то блять
16:36:29 : Group: Din: забирай и вали отттуда\
16:36:49 : Group: Din: вали нахуй забирай мой шмот и вали
16:36:55 : Group: Din: винтовка самое главное
16:39:19 : Group: Din: да
16:39:25 : Group: Din: блять без связи хуёво
16:39:49 : Group: Din: вот я в лобовуху ему засандалилл прямо в него обойму ему похуй
16:40:11 : Group: Din: в зелено
16:40:36 : Group: Din: он может сдох?
16:40:48 : Group: Din: это его был
16:41:00 : Group: Din: сув 1 без прицепа???
16:41:12 : Group: Din: ну к нему небыло приклеплено ничего
16:41:17 : Group: Din: ??
16:41:39 : Group: Din: ублюдок
16:41:44 : Group: Din: вот кто сдох сейчас
16:41:51 : Group: Din: вот этот меня убивал тогда
16:42:55 : Group: Din: бля нужна сумка
16:43:13 : Group: Din: не слышу
16:43:21 : Group: Din: нашёл
16:46:18 : Group: Rocket: ты тут?
16:46:27 : Group: Din: да
16:54:32 : Group: Din: бля илюх ты где?
16:55:35 : Group: Din: БЛЯ
16:56:19 : Group: Din: дай антибиотики
16:56:23 : Group: Din: я заболел блять
16:57:17 : Group: Din: хз
16:57:24 : Group: Din: пошли отсюда
16:57:28 : Group: Din: оружейка
16:57:32 : Group: Din: большая
16:57:39 : Group: Din: кайот
16:58:20 : Group: Din: бля 15 человек ахуеть
16:58:58 : Group: Din: у меня хуманити 4404
16:59:40 : Group: Din: нахуй эту машину
17:00:54 : Group: Din: что я отходил просто?
17:01:17 : Group: Din: что?
17:01:23 : Group: Din: плохо слышно
17:01:25 : Group: Din: хз
17:01:43 : Group: Din: го на торгашку
17:03:00 : Group: Din: ха кто-то упал на вертеъ
17:07:42 : Group: Din: ага
17:08:04 : Group: Din: го на базу
17:08:12 : Group: Din: у меня есть
17:08:48 : Group: Din: щас переоденусь и пойду кемперить пидаров на миссиях
17:08:57 : Group: Din: заебали уроды нахуй 
17:09:06 : Group: Din: мне похуй что я почти уже герой 
17:09:19 : Group: Din: чтобы героям стать сколько хуманити нужно?
17:09:34 : Group: Din: ебать снайпер
17:09:38 : Group: Din: 3 м XD
17:09:53 : Group: Din: вот я сука админа убил с 800 метров)
17:10:05 : Group: Din: а этот щегол
17:12:30 : Group: Din: я тебе баблог отдал
17:12:42 : Group: Din: я погнал 
17:12:43 : Side: Thijs: got my SUV back :D
17:12:50 : Side: 2DIE4:  0)
17:12:53 : Group: Din: велик
17:14:42 : Group: Din: бля сломал велик
17:14:44 : Group: Din: (
17:15:22 : Group: Din: сув?
17:16:28 : Group: Din: где он??
17:16:47 : Group: Din: ГДЕ БЛЯТЬ ОН??
17:16:49 : Group: Din: ска
17:18:48 : Side: Thijs: btw why didn't you bother claiming it
17:19:16 : Side: 2DIE4: Y SHOULD Iß 
17:28:56 : Group: Din: пиздуй сюда
17:29:04 : Group: Din: на миссию веапон бандиты
17:29:11 : Group: Din: я её зачистил
17:29:49 : Group: Din: садись на миссию забирай всё а я прекрою
17:30:19 : Group: Din: ты слышишь
17:31:15 : Group: Din: что?
17:31:19 : Group: Din: я отходил
17:31:46 : Group: Din: потом
17:31:53 : Group: Din: давай реще 12 минут
17:31:59 : Side: SsSalt: how to enable a second sight on weapon?
17:32:54 : Side: LWB [SD]: usually / key
17:33:15 : Group: Din: у меня 5 к хуманити
17:33:43 : Group: Din: бот или нет??
17:33:50 : Side: SsSalt: does not work
17:34:15 : Group: Din: не вижу
17:34:17 : Side: LWB [SD]: check your keybinds in the menu
17:34:21 : Side: LWB [SD]: could be anything
17:35:11 : Side: SsSalt: what th name of this item?
17:35:30 : Side: LWB [SD]: optics mode
17:35:36 : Side: SsSalt: Thank you
17:35:38 : Group: Din: всё 
17:35:49 : Group: Din: БЛЯТЬ ОН ПО ТЕБЕ ЧУТЬ ИЗ РПГ НЕ ШМАЛЬНУЛ
17:35:55 : Group: Din: убил
17:57:04 : Group: Rocket: э пздюк
17:58:44 : Group: Rocket: я в торгашку
18:01:22 : Group: Din: блять винтарь продать нельзя походу
18:01:42 : Group: Din: а не можно
18:12:19 : Group: Din: ага
18:13:29 : Group: Din: они на 276 высоте походу
18:14:30 : Group: Din: из могилёвки
18:15:01 : Group: Din: да там верталёт
18:17:25 : Group: Din: это ты стрелял??
18:18:15 : Group: Din: не я
18:23:01 : Side: <eXp> RafcioZG: lmao
18:23:28 : Side: Twanyboy: this server what the fluff is going on
18:23:46 : Side: Thijs: i got violated by a sand bag fence
18:23:55 : Group: Din: ты сука ботов наагрил
18:24:09 : Side: Thijs: admin :)
18:24:31 : Side: Thijs: yeah but all my items are gone
18:24:35 : Side: Twanyboy: Admin his body is here He died of a weird reason and I can see his backpack but can't access it
18:24:38 : Side: Thijs: like my keys nd shizz
18:24:59 : Side: Twanyboy: His body just disapeared??
18:25:27 : Side: Thijs: no like the items are gone, just an SD mag that i did not have on me 
18:25:40 : Side: Thijs: whatever
18:25:43 : Side: Twanyboy: I just scrolled over it to take that money and plop it was gone
18:26:24 : Group: Din: вроде убил
18:27:03 : Group: Din: ДА ОНИ БЛЯТЬ ВПЛОТНУЮ ПОДОШЛИ
18:27:13 : Group: Din: СУКА СЗАДИ МЕНЯ № БЫЛО Я АХУЕЛ ПРОСТО И УБЕЖАЛ
18:27:19 : Group: Din: в 100 метрах
18:27:54 : Group: Din: я отойду прикрой меня
18:28:06 : Group: Din: да мне нужно выйти
18:28:30 : Group: Din: да мне сумки поднять
18:28:39 : Group: Din: я ушел
18:30:40 : Direct: Przemek: no elo
18:30:52 : Direct: Szosti: siema
18:31:16 : Direct: Przemek: pamiętaj ARKA GDYNIA KURWA ŚWINIA
18:33:05 : Group: Din: я тут
18:33:33 : Group: Rocket: я ебал 3 км бежать
18:33:39 : Group: Rocket: заебался пздц
18:34:12 : Group: Din: да
18:38:15 : Group: Din: всё у меня места нету
18:38:17 : Side: Twanyboy: National Womens Day
18:38:27 : Side: Szosti: oh
18:38:44 : Side: Anti SJW: Trump 2020
18:39:12 : Side: Twanyboy: Poediepie 14/88
18:40:47 : Group: Din: щас дочистим
18:44:29 : Side: Twanyboy: tututuuuu
18:44:31 : Side: Twanyboy: whoops
18:44:34 : Vehicle: Twanyboy: ja
18:44:44 : Vehicle: Twanyboy: Dit is hond
18:47:40 : Side: Thijs: that BB gun is hillarious
18:47:59 : Side: Ptiteconfigu: bibi
18:48:12 : Group: Din: я утт
18:49:13 : Group: Din: слушай может го до героя?
18:49:35 : Group: Rocket: МОЖНО
18:49:39 : Group: Rocket: ток сек
18:53:15 : Group: Rocket: на какую?
18:53:22 : Group: Din: герою
18:53:28 : Group: Din: на торгашку
18:53:28 : Group: Rocket: какую????
18:53:33 : Group: Din: к нему
18:53:45 : Group: Din: хочу посмотреть сколько хуманити нужно
18:53:49 : Group: Din: да
18:53:52 : Group: Din: до героя
18:54:07 : Group: Din: 9.5 км\
18:55:22 : Side: schovB: where is the bank?
18:56:56 : Side: Echo: are there ai on this server?
18:57:07 : Group: Din: опа
18:57:11 : Group: Din: могу торговать)
18:57:24 : Group: Din: ЕБАТЬ ТУТ ВИНТОВОК
18:57:27 : Group: Din: АХУЕТЬ
18:57:44 : Group: Din: 5900
18:59:02 : Group: Din: привези 300к бабал
18:59:23 : Group: Din: SD винтовку и патроны
18:59:28 : Group: Din: как у меня
18:59:36 : Group: Din: нет
18:59:45 : Group: Din: я тебе куплю и себе
18:59:52 : Group: Din: м110
18:59:59 : Group: Din: ок
19:00:07 : Group: Din: соровно привези 300к
19:00:20 : Group: Din: да
19:00:52 : Group: Din: мало
19:00:54 : Group: Din: танков нету
19:00:58 : Group: Din: да
19:01:21 : Group: Din: сув 200к
19:01:44 : Group: Din: бтр 30
19:01:53 : Group: Din: бтр90 300к
19:02:03 : Group: Din: 5 сек
19:03:07 : Group: Din: я тут
19:03:34 : Group: Din: ЕБАТЬ АС 600к....
19:04:22 : Group: Din: нет нету
19:05:06 : Group: Din: ты из сейфов забираешь?ъ
19:05:14 : Group: Din: там во 2 тоже есть
19:05:44 : Group: Din: ок вези
19:05:57 : Group: Din: можно будет тебя сделать бандитом
19:06:14 : Group: Din: нет чтобы торговать мог)
19:06:24 : Group: Din: меня убьёшь потом раз 5
19:10:53 : Group: Din: забери винтовку
19:13:22 : Group: Din: она на 1400 шмаляет
19:14:00 : Group: Din: 78к
19:14:22 : Group: Din: на миссию?
19:16:20 : Group: Din: нужно дверь поставть
19:17:15 : Group: Din: го потом на чёрную миссию
19:17:34 : Group: Din: тут кто-то сеть
19:17:45 : Group: Din: на машине вродже
19:20:03 : Side: schovB: where do i store my gold?
19:20:30 : Side: LWB [SD]: in a safe
19:20:35 : Side: LWB [SD]: or lockbox
19:20:42 : Side: schovB: ok
19:20:43 : Side: schovB: ty
19:24:29 : Group: Din: туту кто-то есть
19:24:38 : Group: Din: слева
19:24:42 : Group: Din: слышал машину
19:24:50 : Group: Din: вон там
19:25:26 : Group: Din: хз
19:27:58 : Vehicle: Twanyboy: gassss linker ghetto
19:28:06 : Group: Din: дохера 
19:28:15 : Group: Din: бери с продавать полетим
19:30:12 : Group: Din: ок
19:30:37 : Group: Din: слетаем ещё раз к герою после собора
19:30:44 : Group: Din: я забыл купить кое-что
19:30:50 : Group: Din: как раз продадим и я куплю
19:31:27 : Group: Din: сиди в верте
19:31:42 : Group: Din: я продам потом ты выложищь оружие как я залезу
19:33:55 : Group: Din: выкладывай
19:34:08 : Vehicle: Twanyboy: kanker op man
19:34:45 : Group: Din: нету
19:35:18 : Group: Din: да
19:35:23 : Group: Din: это поцыка машина
19:35:39 : Group: Din: Szosti зовут
19:36:15 : Group: Din: он к нам не мог сесть случаем?
19:38:29 : Direct: Turmoil: admin
19:38:37 : Direct: Turmoil: why are you invisible?
19:38:58 : Direct: LWB [SD]: checking the prices
19:40:14 : Side: Thijs: are leaving marks on the map prohibited?
19:40:27 : Side: LWB [SD]: no
19:40:29 : Side: Turmoil: mark away :)
19:40:35 : Side: Thijs: :P
19:41:06 : Group: Din: если хочешь надень санйпера террористов
19:41:18 : Side: Twanyboy: vraag is
19:41:33 : Group: Din: возле гуглово посади
19:41:33 : Side: Twanyboy: Is there a car faster then the Nissan 350z?
19:41:52 : Group: Din: а?
19:41:59 : Group: Din: да
19:42:03 : Group: Din: я тебе отдам
19:42:09 : Group: Din: ок
19:43:02 : Side: Twanyboy: /karate
19:43:06 : Side: Twanyboy: /karate
19:43:12 : Side: Twanyboy: /fighter
19:43:15 : Side: Twanyboy: Sorry
19:43:20 : Side: Twanyboy: dance
19:43:24 : Side: Twanyboy: /dance
19:43:32 : Side: Twanyboy: im trying out some commands sorry
19:43:47 : Group: Din: тут нету их
19:44:52 : Side: Turmoil: to avoid filling up the sidechat whit that, you could try em in direct, group or vehicle chat as well :) 
19:45:02 : Side: Twanyboy: /handstand
19:45:09 : Side: Twanyboy: Whoops
19:45:15 : Group: Din: нету?
19:45:18 : Side: Turmoil: its not against the rules, but some people might just get anoyed whit it :) 
19:45:20 : Group: Din: высади в гуглово
19:45:36 : Group: Din: 331 отметка
19:46:04 : Side: Thijs: that baby crying sound is really something else
19:46:10 : Side: Thijs: that shits satanic 
19:46:10 : Group: Din: под гугловым на вершине горочки
19:46:20 : Side: Twanyboy:   <3 it
19:46:24 : Group: Din: щас зачишу и всё спать пойду
19:46:29 : Side: Turmoil: i would have to agree on that, epic to use if you are stalking someone :)
19:46:35 : Group: Din: нет всё
19:46:40 : Group: Din: гадо выходить
19:46:53 : Side: Thijs: i gives me vietnam flashbacks 
19:47:01 : Side: Thijs: instant PTSD
19:47:03 : Group: Din: ага
19:47:11 : Side: Twanyboy: i like it
19:48:17 : Vehicle: Twanyboy: /pushup
19:48:41 : Direct: Turmoil: problems sierra?
19:49:24 : Group: Din: я тут выйду
19:49:25 : Group: Din: ок
19:49:38 : Group: Din: и тебе спокойной
19:50:04 : Vehicle: Twanyboy: /victory
19:50:22 : Side: Thijs: wot?
19:50:31 : Side: Thijs: does the pickaxe not work on those ore veins?
19:50:51 : Side: Turmoil: use sledgehammer :)
19:51:31 : Side: Thijs: damn bought that thing and drove to the vein 
19:51:37 : Side: Thijs: now i need to head back again xD
19:53:24 : Side: Thijs: btw another question.. what is up with the food and drink shizzle here
19:53:35 : Side: Thijs: it runs out really quickly 
19:53:54 : Side: schovB: i think it's part of the new patch
19:53:55 : Side: Turmoil: depends on what you do... if you are crafting, building or chopping wood it runs out fast
19:54:15 : Side: schovB: makes food more valuable xD
19:54:18 : Side: Thijs: i am smacking this rock with my crowbar and im like starving xD
19:54:25 : Side: Thijs: it almost killed me
19:54:35 : Side: Turmoil: yes, stuff like that depletes your food and drinks quickly
20:00:53 : Side: schovB: is it possible to remove the freeze when you accidentally speak in side?
20:01:04 : Side: schovB: i almost crashed my plane
20:01:15 : Side: Turmoil: is disapears after a few secs
20:01:42 : Side: Turmoil: pro tip, change channel when flying/driving :)
20:01:57 : Side: schovB: ok
20:02:36 : Side: LWB [SD]: or set your talk button to direct only, not side
20:02:46 : Side: LWB [SD]: or group
20:02:48 : Side: Turmoil: ^^^^^^ what he said
20:07:02 : Side: Thijs: you need an E-tool and a crowbar to dig up the ore veins after you destroy them right??
20:07:10 : Side: Thijs: dont tell me i need to drive back again xD
20:07:23 : Side: LWB [SD]: just crowbar and toolbox I think
20:07:49 : Side: Thijs: oh yeah..folded a bike xD
20:08:14 : Side: Turmoil: dont mind the boom thats about to come, admin screwup
20:08:38 : Side: LWB [SD]: too much beer?
20:08:50 : Side: Turmoil: i found a plane... didnt end well, had to bail out, lol
20:09:13 : Side: LWB [SD]: ah XD
20:09:31 : Side: Thijs: plane prank gone wrong
20:09:50 : Side: Turmoil: not really a prank, was just flying and lost controll :)
20:10:01 : Side: Thijs: issa meme
20:10:04 : Side: LWB [SD]: He is a terrible pilot
20:10:27 : Side: Turmoil: not whit helis! just planes
20:10:44 : Side: LWB [SD]: hmm... I seem to recall seevral heli crashes 
20:11:14 : Side: Turmoil: watch it or.... i will find you and i will.... hug you
20:11:21 : Side: LWB [SD]: :O
20:11:34 : Side: Thijs: hey wanne hear a nice joke
20:11:40 : Side: Thijs: the vein was empty
20:11:45 : Side: LWB [SD]: lol
20:11:45 : Side: Turmoil: lol xD
20:12:26 : Side: schovB: gtg
20:12:27 : Side: schovB: bye
20:12:34 : Side: Turmoil: bye bye :)
20:12:35 : Side: LWB [SD]: bye
20:13:14 : Side: Turmoil: time to log out, cya after restart guys
20:26:24 : Group: Twanyboy: /
20:26:57 : Group: Twanyboy: /niggewr
20:27:10 : Vehicle: Twanyboy: /handstand
20:27:21 : Vehicle: Twanyboy: dance
20:37:08 : Side: Twanyboy: komdan
20:50:32 : Side: Thijs: these missions are something else man xD
20:50:40 : Side: Thijs: really hard to survive
20:52:37 : Side: LWB [SD]: Try the stonghold when it comes up
20:52:48 : Side: Thijs: i'd rather pass
21:01:50 : Side: Przemek: can i buy suv wih m134 on this server?
21:02:20 : Side: Thijs: yes + ammo
21:02:33 : Side: Thijs: you can also find one and claim it and get the key for 5k
21:02:44 : Side: Przemek: ok thanks for help :)
21:03:45 : Side: Przemek: as i remember i can find m134 in black boxes right?
21:03:51 : Side: Przemek: ammo ofc
21:03:56 : Side: Thijs: yes and some missions
21:04:05 : Side: Thijs: or buy it for 90k 
21:04:18 : Side: Przemek: i saw on hero trader for 200k
21:04:30 : Side: Thijs: you mean the vehicle?
21:04:38 : Side: Thijs: i was talking about the ammo
21:04:39 : Side: Przemek: ammo for vehicle
21:04:47 : Side: Thijs: its 90 k at stary
21:21:41 : Side: Twanyboy: whats the price of a metal pole
21:21:52 : Side: Przemek: about 100k
21:21:59 : Side: Twanyboy: per pole?
21:22:12 : Side: Przemek: oh sorry i read plot pole XD
21:22:33 : Side: Twanyboy: no metal pole can you just get them at the traders??
21:22:42 : Side: Przemek: idk
21:22:53 : Side: Twanyboy: Can you help me out admin?
21:23:02 : Side: LWB [SD]: whats up
21:23:12 : Side: Takei: ye u can get them at the traders but i dont know the price
21:23:46 : Side: LWB [SD]: 1000 for a metal pole
21:24:03 : Side: Twanyboy: also at stary? or can you only get them at the whole sale?
21:24:16 : Side: LWB [SD]: I checked klen so stary also should be the same
21:24:45 : Side: Twanyboy: thanks mate
21:32:27 : Side: Takei: NOOOOOOOOOOOO
21:32:34 : Side: Takei: thats racist
21:32:46 : Side: Twanyboy: jessus got killed for our sins
21:32:55 : Side: Takei: but he was black
21:33:09 : Side: Takei: u cant kill black people like u want
21:33:42 : Side: N.W.A. Eric: so its okey to kill whites_
21:33:45 : Side: N.W.A. Eric: ?
21:33:54 : Side: Takei: yea?
21:33:56 : Side: Takei: XD
21:33:57 : Side: Anti SJW: Trump 2020
21:34:12 : Side: N.W.A. Eric: so then i guess u also support BLM?
21:34:21 : Side: Takei: u can kill whites and deport mexicans
21:34:37 : Side: Anti SJW: blm is racist
21:34:40 : Side: Takei: i dunno whats BLM XD im not American
21:34:48 : Side: Piesel: YOU DONT HAVE ENOUGHT MONEY TO BUILD WAAL ON BORDER xd
21:34:51 : Side: N.W.A. Eric: black lives matter...
21:34:57 : Side: Takei: oh
21:35:01 : Side: Takei: nah
21:35:10 : Side: Takei: im neutral btw
21:35:12 : Side: N.W.A. Eric: piesel thats why the mexicans are paying for it
21:38:41 : Side: Twanyboy: wow lag spike
21:39:47 : Side: Anti SJW: the NSA did ir
21:53:49 : Side: Twanyboy: how can i get a fire barrel?
21:54:25 : Side: Twanyboy: I need one in my base together with my workshop for crafting?
21:54:59 : Side: Anti SJW: u need to find a barrel and i think 2 gas cans
21:55:13 : Side: Twanyboy: find a barrel?
21:55:22 : Side: Anti SJW: and 2 wood gpile
21:55:37 : Side: Twanyboy: Can't you buy them as usuall?
21:55:46 : Side: Anti SJW: yes u can find barrels in industrial buildings
21:56:08 : Side: Anti SJW: yeah u maybe can buy them
21:56:47 : Side: Anti SJW: then u craft with gass cans and wood to make fire barrel
21:57:22 : Side: Twanyboy: somebody knows whether you can buy them or not
21:57:43 : Side: LWB [SD]: you can buy an empty fuel barrel from wholsale
21:57:52 : Side: Anti SJW: check at traders under building supplies
21:58:00 : Side: Twanyboy: its not thre
21:58:04 : Side: Twanyboy: thanks turmoil
21:58:19 : Side: LWB [SD]: I just said ^^^^
21:58:21 : Side: N.W.A. Eric: where can i bank my money?
21:58:24 : Side: LWB [SD]: wholssaler
21:58:37 : Side: LWB [SD]: not for bank, for barrel
21:58:54 : Side: Takei: u mean my money XD
21:58:55 : Side: N.W.A. Eric: is bank in safes or is there a bank trader
21:58:57 : Side: LWB [SD]: money goes in safes
21:59:03 : Side: N.W.A. Eric: ah sick
21:59:14 : Side: Anti SJW: a satanic black goat just ran by me
21:59:30 : Side: N.W.A. Eric: he said black thats racist
21:59:38 : Side: Turmoil: why did i come on then LWB? i was chillin in the couch watching an old james bond movie xD
21:59:57 : Side: LWB [SD]: Well I did answer, not my fault eveyone ignores me XD
22:00:21 : Side: Turmoil: your british, thats normal... until the war breaks out then everyone comes to your island for refuge 
22:00:56 : Side: Anti SJW: i bet Hillary clinton prays to this satanic black goat
22:01:12 : Side: LWB [SD]: Im heading straight for Torsken when WW3 starts:D
22:02:18 : Side: N.W.A. Eric: can u mine on this server like the mining veins
22:02:26 : Side: LWB [SD]: yeah
22:02:31 : Side: N.W.A. Eric: sick
22:02:43 : Side: Twanyboy: we did it end ended up with no loot what so ever Eric
22:02:52 : Side: LWB [SD]: although Ive noticed even thoughthey say you found nothing there are gems on the floor
22:02:56 : Side: Twanyboy: So there is a chance
22:03:00 : Side: LWB [SD]: I tried 3  all the same
22:03:13 : Side: Twanyboy: we had our trouble today
22:03:26 : Side: Twanyboy: like you said mate it's arma ;")
22:03:46 : Side: LWB [SD]: I onlysaw it cos I had grass off and saw something on the floor
22:08:28 : Side: N.W.A. Eric: u really kamid so you could get revenge?
22:08:56 : Side: Przemek: LOL YOU TURN AROUND AND FLEW INTO US
22:09:07 : Side: N.W.A. Eric: haha yea right
22:11:11 : Side: Anti SJW: yes
22:11:17 : Side: Twanyboy: yes
22:11:24 : Side: Takei: ye
22:11:28 : Side: LWB [SD]: no
22:11:44 : Side: N.W.A. Eric: kill the admins
22:11:51 : Side: Twanyboy: kill the admins
22:11:56 : Side: Twanyboy: wow we're rude
22:12:06 : Side: Anti SJW: capture and kill Hillary and Soros
22:12:58 : Side: Turmoil: previous events whit car races have proved to be populare, is that something that could be interesting?
22:13:13 : Side: Turmoil: will offcourse be a reward for winners at all events
22:13:45 : Side: Turmoil: hatchet battle, last man standing
22:14:57 : Direct: Turmoil: meh, doesnt seem like they are that interested
22:15:54 : Direct: LWB [SD]: mope
22:15:56 : Direct: LWB [SD]: nope
22:16:11 : Direct: LWB [SD]: should do that but have no gear
22:16:14 : Direct: LWB [SD]: :D
22:16:59 : Direct: LWB [SD]: should get a car and drive around til some one gets us
22:17:11 : Direct: LWB [SD]: stop shitting in my base
22:17:21 : Direct: Turmoil: got a brief? xD
22:17:24 : Direct: LWB [SD]: no
22:17:32 : Direct: Turmoil: *shits some more*
22:18:00 : Direct: Turmoil: how many briefs is a fair price for killing an admin? one?
22:18:12 : Direct: LWB [SD]: I guess, I have 22k on me too
22:18:26 : Direct: Turmoil: i got 3.4 mill xD
22:18:39 : Direct: Turmoil: can i put it in safe?
22:18:50 : Direct: LWB [SD]: yeah
22:18:56 : Direct: Turmoil: ill place my own xD
22:19:08 : Direct: Turmoil: oh i cant 
22:19:26 : Direct: LWB [SD]: added
22:19:49 : Direct: Turmoil: guess someone would be happy if i forgot to put that in a safe
22:20:05 : Direct: LWB [SD]: yep!
22:20:26 : Direct: Turmoil: would you mind stepping outside? :)
22:20:31 : Direct: Turmoil: sorry <3
22:20:39 : Direct: LWB [SD]: fine:/
22:21:23 : Direct: Turmoil: gonna sacrifice yourself as well?
22:21:29 : Direct: LWB [SD]: yar
22:21:38 : Direct: Turmoil: player, 290m 
22:21:52 : Direct: LWB [SD]: yeah they the ones that got raped
22:21:58 : Direct: Turmoil: we defending ourself? 
22:22:23 : Direct: LWB [SD]: Ill spawn a vodnik and we can drive somewhere and just see 
22:22:35 : Direct: Turmoil: okay
22:22:36 : Direct: LWB [SD]: if we get killed, they get the stuff
22:24:36 : Direct: LWB [SD]: head to say berizio
22:24:57 : Direct: Turmoil: okay
22:25:27 : Direct: Turmoil: gonna inform people or just drive?
22:26:25 : Side: N.W.A. Eric: may we know where u start from_
22:26:27 : Side: N.W.A. Eric: ?
22:26:36 : Direct: LWB [SD]: Petrovka
22:26:41 : Side: LWB [SD]: petrovka
22:27:24 : Side: LWB [SD]: curently passing Grishino
22:27:48 : Direct: LWB [SD]: hope Im looking at the right vehcile on the map xD
22:28:13 : Direct: Turmoil: yeah we are almost at altar, shall i drive close to stary? see there are a few guys there
22:28:31 : Direct: LWB [SD]: go past altar and round to gorka
22:29:02 : Side: LWB [SD]: Passing Altar enroute to Gorka, what fabulous countryside
22:30:59 : Side: LWB [SD]: Gorka.. We are in you
22:31:15 : Side: N.W.A. Eric: that sounds so wrong xD
22:31:22 : Side: LWB [SD]: but feels so right
22:31:23 : Side: Turmoil: xD
22:31:28 : Side: N.W.A. Eric: hahahah
22:31:46 : Side: Turmoil: tiny pitstop in gorka, admin needs a beer
22:31:58 : Direct: Turmoil: mmmm beeer <3
22:32:03 : Side: LWB [SD]: dont drink and drive kids
22:32:26 : Direct: Turmoil: anyone close to us? 
22:32:34 : Direct: LWB [SD]: nope
22:32:51 : Direct: Turmoil: seems like they are all in the west, change path or continue to berazino=
22:33:02 : Direct: LWB [SD]: head there, then move on
22:33:19 : Side: Turmoil: beer break over
22:33:52 : Side: LWB [SD]: ok he is drunk for sure
22:34:17 : Side: LWB [SD]: or its desync
22:34:35 : Side: Turmoil: wohooo
22:35:01 : Side: LWB [SD]: Berezino is in sight
22:36:24 : Direct: LWB [SD]: well this is a roaring sucsess XD
22:36:34 : Direct: Turmoil: lol at least we try xD
22:36:56 : Direct: Turmoil: okay, lets drive past a few of them too see if they even shoot us 
22:37:11 : Direct: LWB [SD]: like the last hatchet battle sierra did.. With one person
22:37:30 : Direct: Turmoil: lol
22:37:40 : Direct: LWB [SD]: mind that tree
22:38:18 : Vehicle: Turmoil: pecheng 1000m
22:39:30 : Vehicle: Turmoil: keep pon going?
22:39:46 : Vehicle: LWB [SD]: circle hit a bit f youwant
22:39:55 : Vehicle: LWB [SD]: get him worried
22:40:42 : Vehicle: LWB [SD]: fuck
22:40:49 : Vehicle: Turmoil: ?
22:40:50 : Vehicle: LWB [SD]: thoughthe had armoures sux
22:40:53 : Vehicle: LWB [SD]: suv
22:41:07 : Vehicle: Turmoil: he is bailing xD
22:41:17 : Vehicle: LWB [SD]: pussy
22:41:23 : Vehicle: Turmoil: lets give two people a chance then
22:41:25 : Vehicle: LWB [SD]: follow him
22:41:28 : Vehicle: LWB [SD]: lol
22:42:35 : Vehicle: Turmoil: those two didnt even bother xD
22:43:32 : Vehicle: LWB [SD]: ooh
22:43:35 : Vehicle: LWB [SD]: suv
22:43:43 : Vehicle: Turmoil: down boy down!
22:44:40 : Vehicle: LWB [SD]: well...
22:44:46 : Vehicle: Turmoil: time to log then i guess
