15:38:28 : Group: Arnyzs: uzspied f5
15:39:38 : Group: Vodka: Pasak precīz kur mūsu bāze
15:40:41 : Group: Vodka: Tu tgd bāzē?
15:40:56 : Group: Arnyzs: netālu
15:41:51 : Group: Arnyzs: blakus pa labi ir Novy Sobor kur ir melns krusts tur ir musu bāze
15:41:51 : Group: Vodka: Tu no manīm 5k m
15:42:38 : Group: Vodka: Ok skriešu uz turien
15:44:52 : Group: Vodka: Pēc stundas būšu :D
15:50:09 : Group: Vodka: Bāzē jau neviens nevar mūs kill vne?
15:50:39 : Group: Arnyzs: itkā nē
15:51:14 : Group: Vodka: Zbis, tikšu līdz bāzei iešu settingus pist.
15:51:54 : Group: Arnyzs: atver inventory, labais taustins uz toolbox, deploy mountain bike
15:52:44 : Group: Vodka: Kā man viņu nolikt?
15:52:51 : Group: Arnyzs: atstarpe
15:57:38 : Group: Vodka: Es uden no ezer var pidlit?
15:57:45 : Group: Arnyzs: hvz
16:02:16 : Group: Vodka: Tu baze, ja?
16:02:23 : Group: Arnyzs: ja
16:02:28 : Group: Vodka: K, es driz bus
16:05:09 : Group: Vodka: Es te
16:05:15 : Group: Arnyzs: tlt
16:05:50 : Group: Vodka: Nihuja apartamenti te
16:07:39 : Group: Vodka: Ieliku to wep in
16:07:55 : Group: Arnyzs: es tgd uz bridi izesu off velak busu atpakal
16:08:07 : Group: Vodka: K
17:14:12 : Group: Arnyzs: kad ej ara no bazes aizsledz vartus
17:14:21 : Group: Vodka: K
17:26:49 : Group: Vodka: Es ieliku 1 bāzē
17:38:55 : Group: Vodka: Zbis
17:39:05 : Group: Vodka: 40 fps
17:42:05 : Group: Vodka: Es pie konvoj :D
17:52:41 : Group: Vodka: Es mahu dabūj
17:58:00 : Group: Vodka: Oskar atver
17:59:10 : Group: Vodka: Vēlviens musarņiks
18:00:00 : Group: OSARLOL : Normals musars
18:00:12 : Group: Vodka: Viņā 2 tenti iekšā
18:12:28 : Group: Vodka: Kas tas tikko bij
18:13:38 : Group: OSARLOL : Cuvaki lkm hacko hz ka iekluva baze un ataisija durvis....
18:13:46 : Group: Vodka: Pidari
18:13:53 : Group: OSARLOL : Zb
18:14:19 : Group: Vodka: Jauna bāze jātais būs?
18:18:06 : Group: Vodka: Aljo, jauna bāze jataisa?
18:19:31 : Group: OSARLOL : Hz lkm bus jaiet cita serv ja admin neko nedaris 
18:20:18 : Group: Vodka: Uzrakstat steam, ja ejat
18:21:17 : Group: 2DIE4: LOL U WISH
23:29:28 : Group: Tamago: hey
23:29:47 : Group: Tamago: thanks xD
23:30:40 : Group: Tamago: no its hihg
23:30:45 : Group: Tamago: 11k
23:31:02 : Group: Tamago: nice
23:31:19 : Group: Tamago: nah im good just damn antibiotics xD
23:31:29 : Group: Tamago: started this restart so yeah =p
23:33:35 : Group: Tamago: are there many bandits on this server?
23:34:34 : Group: Tamago: yeah same here
23:36:28 : Group: Tamago: its ok. take your time =p
23:37:38 : Group: Tamago: okies
23:38:06 : Group: Tamago: yeah i was using it and it got 2 helis full of reinforcement
23:38:46 : Group: Tamago: i am eating to counter the blood loss
23:39:53 : Group: Tamago: someone is driving reallly close
23:40:53 : Group: Tamago: yeah
23:40:56 : Group: Tamago: positive
23:41:30 : Group: Tamago: yah
23:41:45 : Group: Tamago: we could try to hunt him down
23:41:56 : Group: Tamago: yeah xDw
23:42:32 : Group: Tamago: kk
23:43:00 : Group: Tamago: cant put weapon away cause i looted =p
23:43:31 : Group: Tamago: heh
23:43:35 : Group: Tamago: is it armoed one?
23:43:37 : Group: Tamago: thanks
23:44:06 : Group: Tamago: oh you fed me the pills lol
23:44:21 : Group: Tamago: didnt know it was a thing. and ty
23:44:31 : Group: Tamago: yeah it worked
23:44:45 : Group: Tamago: thanks
23:45:08 : Group: Tamago: i have a limo =p
23:45:16 : Group: Tamago: but thanks
23:45:20 : Group: Tamago: you going abck to stary?
23:45:47 : Group: Tamago: can i tag along to trader so i can sell these weapons i found?
23:46:01 : Group: Tamago: thanks mate :D
23:46:17 : Group: Tamago: oh damn
23:46:37 : Group: Tamago: well i found my fav gun m14 :D
23:46:41 : Group: Tamago: so im happy
23:46:42 : Group: Tamago: and sure
23:46:54 : Group: Tamago: if you dont mind that bandit
23:47:05 : Group: Tamago: idk i played epoch till now =p
23:47:19 : Group: Tamago: im researching overpoch for my team 
23:47:31 : Group: Tamago: if we like it 5+ will join me =p
23:47:45 : Group: Tamago: all heroes too
23:47:57 : Group: Tamago: xD
23:48:29 : Group: Tamago: i noticed that there are no superhero traders here?
23:48:34 : Group: Tamago: or am i just blind
23:49:06 : Group: Tamago: LAV there?
23:49:23 : Group: Tamago: nice
23:49:32 : Group: Tamago: definetly going to check this ont =p
23:49:37 : Group: Tamago: hah
23:50:06 : Group: Tamago: sweet thanks again :D
23:50:15 : Group: Tamago: do you want this m107 clip?
23:50:24 : Group: Tamago: i can sell it yet
23:50:32 : Group: Tamago: ay
23:51:33 : Group: Tamago: do i haev what?
23:51:48 : Group: Tamago: oh yeah
23:51:54 : Group: Tamago: found them in barracks :D
23:52:19 : Group: Tamago: we can try
23:53:04 : Group: Tamago: i got it and i found dmr chest
23:53:10 : Group: Tamago: we can do mission
23:53:30 : Group: Tamago: well arma
23:54:08 : Group: Tamago: nice
23:54:51 : Group: Tamago: we are already quite close
23:54:55 : Group: Tamago: 835 meters
23:55:16 : Group: Tamago: you have yt channel?
23:55:36 : Group: Tamago: nice
23:55:59 : Group: Tamago: yeah
23:56:20 : Group: Tamago: sure we can check it
23:57:13 : Group: Tamago: and i think that mission has 30+ ai
23:57:21 : Group: Tamago: cause of double reinforcement
23:58:53 : Group: Tamago: yeah could use some humanity
23:59:01 : Group: Tamago: and i want to test out that weapon i got
23:59:04 : Group: Tamago: acr
23:59:52 : Group: Tamago: 20 ai
