00:01:30 : Side: Jack: triggured
00:23:01 : Side: Jack: love the way you shoot 2 full btr mags in me then fuck off and leave mission for me haha ty
00:23:17 : Side: Jack: lol hes gone off noww
02:13:49 : Side: Bec Bristo: Thanks for not looting my body man, Fuck that was a hell of a shot
02:14:14 : Side: AS16: Welcome!
04:09:58 : Side: Collin: Hey AS16 you want to do some stuff toghter
04:10:12 : Side: Collin: Will i fuck up but you no what i mean
06:54:46 : Group: AS16: прива
09:00:37 : Group: AS16: МНОГО НАКРАФТИЛ? )
11:12:40 : Group: AS16: народ подваливает
11:12:52 : Group: AS16: я почти закончил свою базу
11:13:01 : Group: AS16: решил тут и буду - не стану переезжать
11:14:07 : Group: ded: я конкурс взял
11:14:26 : Group: AS16: что за конкурс?
11:14:35 : Group: AS16: а бдрм )
11:14:41 : Group: AS16: я зушку думаю прикупить
11:14:51 : Group: ded: с ракетами
11:15:00 : Group: AS16: там 3 или 6 ракет?
11:15:13 : Group: ded: 5
11:15:17 : Group: AS16: о круто
11:15:22 : Group: AS16: полечу возьму себе )
11:16:25 : Group: AS16: я на крышу выход сделал, безопасный
11:16:26 : Group: ded: ракеты здесь брать?
11:16:38 : Group: AS16: ракеты наверное на заправке надо затаривать
11:16:43 : Group: AS16: заряжать
11:17:00 : Group: ded: понял
11:28:09 : Group: AS16: ну вот - повыходили все )
14:05:32 : Side: Beast: Hello
14:05:44 : Side: Zeyrams: hi
14:06:04 : Side: Beast: I am new 
14:07:08 : Side: Beast: Can i be whit you 
14:18:14 : Side: Beast: Hello is somewone here 
14:18:43 : Side: Simi: Yup
14:19:27 : Side: Beast: I first time here can you give me a good advice what to do
14:19:41 : Side: Simi: Loot
14:20:55 : Side: Beast: Do you know a place where it spawns ?
14:21:26 : Side: Simi: Airstrips and military bases go to balota first it's good loot there
14:22:17 : Side: Beast: Thanks 
14:22:29 : Side: Simi: np
14:29:34 : Side: Beast: No Simi :(
