02:01:14 : Direct: Buk Lau: i had 2 untill i lost the keys lol
02:01:22 : Direct: Daryl: i can buy you an suv
02:01:29 : Direct: Daryl: but there wont be much money left xD
02:01:47 : Direct: Buk Lau: kind of lost my vodnik with pkp on it
02:02:23 : Direct: Daryl: You want the suv or ural?
02:02:32 : Direct: Buk Lau: give me the ural
02:03:13 : Direct: Daryl: key is in the gear :D
02:03:39 : Direct: Daryl: Sorry for shooting you D:
02:03:51 : Direct: Buk Lau: did you know where you left the keys at
02:03:55 : Direct: Daryl: no
02:04:01 : Direct: Daryl: actually
02:04:16 : Direct: Daryl: they might be where you parked the ural? or around there at least
02:04:41 : Direct: Buk Lau: wanna do some missions 
02:05:01 : Direct: Daryl: Nah im gonna go try and scout spots to build a base, my friends joinin soon
02:05:22 : Direct: Buk Lau: alright
12:20:56 : Direct: Tim: waddup fam
19:22:05 : Direct: Robbys Gamer: hello
20:28:38 : Direct: [eXp] RafcioZG: humvee
21:53:19 : Direct: [eXp] Gruby: yoooooo
21:53:21 : Direct: [eXp] Gruby: sup bois
21:54:08 : Direct: BogdanHD: go away XD
21:54:14 : Direct: [eXp] Gruby: open mtvr
21:54:33 : Direct: [eXp] Gruby: Free CziQita XD
21:55:11 : Direct: [eXp] Gruby: Guys XD
21:55:16 : Direct: BogdanHD: no
21:55:25 : Direct: [eXp] Gruby: Why :cc
21:55:43 : Direct: BogdanHD: all ours. go loot
21:55:54 : Direct: [eXp] Gruby: ?
21:55:59 : Direct: [eXp] CziQita: wut wut wut
21:56:00 : Direct: [eXp] Gruby: He is sitting in MTVR 
21:56:10 : Direct: [eXp] Gruby: And you locked him 
21:56:12 : Direct: [eXp] RafcioZG: you accidentaly locked him xD
21:56:14 : Direct: [eXp] Gruby: kappa
21:56:16 : Direct: [eXp] CziQita: maybe he will take me to his base
21:56:18 : Direct: [eXp] CziQita: would be nice
21:56:25 : Direct: BogdanHD: sure
21:56:29 : Direct: [eXp] CziQita: nice
21:56:49 : Direct: BogdanHD: why u go in ??
21:56:52 : Direct: J0k3r: dude why you go into our car
21:56:58 : Direct: [eXp] CziQita: why not
21:57:00 : Direct: [eXp] RafcioZG: accident
21:57:02 : Direct: [eXp] Gruby: coz of XD
21:57:05 : Direct: BogdanHD: no brain
21:57:23 : Direct: [eXp] CziQita: lol let me go out
21:57:26 : Direct: BogdanHD: bye guys hahahhaa
21:57:29 : Direct: [eXp] CziQita: or wanna go with me?
21:58:13 : Direct: BogdanHD: hahahahaa
22:00:48 : Direct: BogdanHD: bay
