00:13:12 : Direct: Jamie: lemon
00:13:23 : Direct: Jamie: are you a hero, can you sell this for me?
00:14:14 : Direct: Jamie: ?
00:17:48 : Side: Raul: NEVER GONNA GIVE YOU UP
00:17:53 : Side: Raul: NEVER GONNA LET YOU DOWN
00:18:01 : Side: Raul: sorry
00:18:52 : Side: Jamie: what humanity do you neeed for the hero/bandit trader
00:18:59 : Side: Lemon: 5k
00:19:09 : Side: Raul: + or - 5000
00:19:10 : Side: Lemon: 5k
00:19:25 : Side: Jamie: god damn it, you wana do me a favour since i was next to you a min ago
00:19:36 : Side: Jamie: does direct chat work?
00:19:42 : Side: Lemon: yes
00:19:49 : Side: Lemon: come to bandit traderqw
00:19:56 : Side: Jamie: cool
00:19:59 : Side: Jamie: ta
00:20:15 : Side: Lemon: np
00:22:55 : Side: Lemon: so are you coming
00:23:06 : Side: Jamie: yeah give me a mo sorry
00:23:20 : Side: Lemon: ive already flown there and landed lol
00:23:43 : Side: Jamie: i was getting another chopper otherwise id be stranded there lol
00:23:55 : Side: Lemon: i can give you a lift
00:24:00 : Side: Jamie: ahh
00:24:07 : Side: Jamie: bought a mozzie lol
00:24:14 : Side: Lemon: aite
00:24:42 : Side: Jamie: cheers anyway
00:24:51 : Side: Lemon: np
00:27:56 : Side: Jamie: almost there sorry
00:28:23 : Side: Lemon: dont drop the heli from too high it will explode
00:28:45 : Side: Lemon: and dont drop it on my helis
00:29:06 : Side: Lemon: drop it here
00:29:50 : Side: Jamie: that good i cant see?
00:29:57 : Side: Lemon: up 2 feet
00:30:47 : Side: Jamie: keep half or something man
00:30:54 : Side: Jamie: cheers!
00:31:16 : Side: Jamie: thanks again!
00:31:28 : Side: Lemon: np
00:34:52 : Side: Lemon: arent banks safe zones?
00:35:02 : Side: Duchy: yeah, realised it after i went there
00:35:06 : Side: Duchy: ur stuff is there
00:35:11 : Side: Lemon: :)
00:35:16 : Side: Darnias: didnt see it was safe zone 
00:35:20 : Side: Darnias: didnt take anything
00:35:22 : Side: Lemon: thats okay
00:35:56 : Side: Pula Mea: GOOD BYE CRUEL WORLD
00:42:24 : Side: Lemon: darnias you in a team?
00:42:33 : Side: Darnias: yeah were team
00:42:50 : Side: Lemon: bandit?
00:42:54 : Side: Darnias: not right now
00:43:27 : Side: Lemon: hmm
00:43:34 : Side: Lemon: so you just wanted my cheytac
00:43:44 : Side: Darnias: we didnt want anything
00:43:51 : Side: Darnias: your stuff is still there?
00:44:02 : Side: Lemon: yeh i got it all
00:44:17 : Side: Darnias: didnt see safezone just heard heli
00:44:18 : Side: Lemon: i was thinking to myself fuck ive lost like 1.2 mil
00:45:04 : Side: Darnias: the m2 is bugged and kills in safezones
00:45:07 : Side: Darnias: unlucky
00:45:18 : Side: Lemon: thats weird
00:45:32 : Side: Darnias: any vehicle gun can kill players
00:45:46 : Side: Lemon: oh
00:45:59 : Side: Lemon: ill be back after restart
00:46:15 : Side: Darnias: have fun and sorry for killing u DD
00:46:21 : Side: Lemon: its okay
00:50:53 : Group: Iubita mea: ai o arma pt mine?
00:51:01 : Group: Raul: da
00:51:19 : Group: Iubita mea: hai la misiune
00:54:07 : Group: Iubita mea: pe ce buton vb
00:54:14 : Group: Raul: CAPS LOCK
01:01:09 : Side: [MAN]MosCraciun: ro?
01:10:05 : Side: [MAN]MosCraciun: Romani ?
01:53:06 : Side: Lemon: sup dude
01:53:21 : Side: SEN ONE: supp
02:09:56 : Side: Lemon: that makes no sense^
02:10:18 : Side: SEN ONE: why u take a shot at me
02:10:22 : Side: Lemon: i didnt
02:10:29 : Side: Lemon: thats AI probably
02:10:34 : Side: SEN ONE: some one did and i wasnt around ai
02:10:34 : Side: Lemon: im at bandit trader
02:19:21 : Side: Lemon: rip
02:19:40 : Side: SEN ONE: thats tripy he was not close to any mission 
02:19:50 : Side: SEN ONE: did they update to wondering ai
02:19:54 : Side: Lemon: what about an ai base
02:20:11 : Side: SEN ONE: no he was at acamp
02:20:22 : Side: Lemon: one of the ones with AI?d
07:52:24 : Side: Sirius Krauss: wooden structures destroyable here?
10:15:53 : Side: Raul: this trader won't show me the menu ...
10:29:31 : Side: Ducky: hello
11:09:55 : Side: Flars: There is a night on the server?
11:38:13 : Group: [merc] Jizuke: qui ce uno zaino e na camo
11:54:44 : Side: Obiwan: hello all
11:55:16 : Side: Obiwan: its pvp or pve?
12:00:42 : Side: Obiwan: lol
12:00:59 : Side: Zalmiakki: what
12:01:36 : Side: Obiwan: distance kill 33000 m with pistol
12:33:54 : Side: Thijs: hey Exp clan
12:34:02 : Side: <eXp> RafcioZG: yo
12:34:02 : Side: Thijs: was that duping a misunderstanding?
12:34:05 : Side: <eXp> RageBlack: hi
12:34:24 : Side: <eXp> RafcioZG: we got penalty for that, now everything is clear
12:34:33 : Side: Thijs: oh cool :P
12:34:42 : Side: Thijs: well cool that you're back not that you duped a lil
12:40:40 : Direct: Zalmiakki: sorry about that
12:40:42 : Group: Din: да
12:40:45 : Direct: Zalmiakki: can we be friends?
13:09:12 : Side: Ducky: dude
13:09:13 : Side: Ducky: seriously?
13:09:20 : Side: Ducky: Is that even fucking allowed
13:09:40 : Side: Ducky: holy fucking shit you're a faggot aren't you
13:09:57 : Side: Thijs: waddup
13:10:01 : Group: <eXp> Gruby: /
13:10:08 : Side: Ducky: same
13:10:10 : Side: Twanyboy: Homophoob
13:10:14 : Side: Thijs: no what is up dude
13:10:21 : Side: Ducky: Stole my car in Stary
13:10:35 : Side: Thijs: yeah they stole our suv armored like 2 days ago
13:10:42 : Side: Thijs: then i killed him and took it back xD
13:10:46 : Side: Twanyboy: That seems to be normal around here
13:10:49 : Side: Ducky: Friend was AFK in it
13:10:50 : Side: Thijs: so that's though shit man
13:11:08 : Side: Twanyboy: Kind of an Somalian vibe
13:14:56 : Side: Ducky: Haha, kind of an Somalian vibe
13:16:38 : Group: Din: да
13:16:41 : Group: Din: справа от меня
13:18:37 : Side: Ducky: What weapons can you put these mods on?
13:18:42 : Side: Ducky: What mod is it from even
13:34:54 : Group: Din: да
13:35:08 : Group: Din: да они уже залутали наверное
13:36:13 : Group: Din: гед??
13:50:29 : Side: Twanyboy: nibble on my swollen cock kaas tosti
13:54:31 : Side: Te es esmu!!: hello
15:13:17 : Side: Flars: Why police car so rich?
15:41:29 : Side: Flashback: What  is this?
15:41:39 : Side: Flashback: range 30km
15:42:00 : Side: LWB [SD]: you want the technical explanation or the basic one?
15:48:29 : Side: Jack Danyls: how i can sell a truck
15:48:54 : Side: LWB [SD]: take it to the trader and sell it
15:49:21 : Direct: <eXp> RafcioZG: 1000x4
15:49:25 : Direct: <eXp> RafcioZG: 200x4
15:50:53 : Side: Jack Danyls: I can't sell the truck 
15:51:26 : Side: Jamie: what truck is it, might have to sell it to hero or bandit trader
15:51:33 : Side: [BBC] SYVA: kamaz
15:51:34 : Side: Jamie: if you are able to
15:52:53 : Side: Jack Danyls: who i can sell the truck in the menu
15:53:40 : Side: LWB [SD]: you cant sell that one its not listed
16:59:03 : Group: Elimater: You have to wait 125s
17:02:23 : Group: SEN ONE: /vote night
17:02:55 : Group: SEN ONE: vote day
17:03:20 : Side: SEN ONE: /vote day
17:06:22 : Side: Tom Everley: is this pve or pvp ?
17:06:35 : Side: Flashback: Pvp
17:06:36 : Side: Flars: PPPVVVVVPPPPP
17:06:55 : Side: Tom Everley: cheers so run when i see you guys xD
17:13:54 : Group: Elimater: You have to wait 149s
17:42:15 : Group: Dont touch my Tralala: ne freundin
17:45:45 : Group: Dont touch my Tralala: macg zu
17:46:55 : Group: Dont touch my Tralala: lass warten
17:47:00 : Group: Dont touch my Tralala: die macht einer
17:47:41 : Group: Blue Madick: 4 spieler waldrand hinter tankstelle 
17:47:42 : Group: Dont touch my Tralala: tankstellen berg 2
17:47:45 : Group: Dont touch my Tralala: suvivor
17:47:53 : Group: Dont touch my Tralala: 3
17:47:55 : Group: Blue Madick: ne 4
17:48:13 : Group: Dont touch my Tralala: glaube der eine lapure
17:48:36 : Group: Dont touch my Tralala: 4
17:48:48 : Group: Blue Madick: lol
17:49:26 : Group: Dont touch my Tralala: versteck dich mal 
17:49:50 : Group: Dont touch my Tralala: 3 oben 1 kommt
17:50:15 : Group: Dont touch my Tralala: der eine zielt auf uns
17:50:24 : Group: Dont touch my Tralala: einer kommt mit ural
17:50:40 : Group: Blue Madick: hab ne saw ural ez down
17:53:10 : Group: Dont touch my Tralala: 3 leutze
17:55:07 : Group: Dont touch my Tralala: 2 tot
17:55:09 : Group: Dont touch my Tralala: 2 leben
17:55:15 : Group: Dont touch my Tralala: einer ist in so einem tower
18:02:15 : Group: Dont touch my Tralala: komm her
18:02:18 : Group: Dont touch my Tralala: da liegt noch was 
18:02:22 : Group: Dont touch my Tralala: habe deren mtvr
18:02:26 : Group: Dont touch my Tralala: mit paar sachen
18:02:32 : Group: Dont touch my Tralala: 2 bc und 1 hotwire
18:02:51 : Group: Dont touch my Tralala: habe aber kein key dafür gefunden
18:03:10 : Group: Blue Madick: hast du meine keys ?
18:03:16 : Group: Dont touch my Tralala: sind noch drauf sehe da oben aber nichts
18:03:18 : Group: Dont touch my Tralala: deine ja 
18:03:20 : Group: Dont touch my Tralala: deren nein+
18:05:16 : Group: Dont touch my Tralala: nimm dein skin noch mit
18:13:42 : Group: Blue Madick: toilete 5 min
18:15:48 : Group: Dont touch my Tralala: was los ?
18:15:54 : Group: Dont touch my Tralala: machen wir noch schnell was 
18:15:56 : Group: Dont touch my Tralala: oder 
18:26:22 : Group: Dont touch my Tralala: nene wird tot sein habe dem vorher schon 2 hits gegbeen
18:26:34 : Group: Dont touch my Tralala: ich aber
18:54:10 : Side: Jamie: where can you buy a hose?
18:54:30 : Side: Dont touch my Tralala: wat
18:54:45 : Side: Jamie: a hosse
18:54:48 : Side: Jamie: lol
18:54:52 : Side: Jamie: hose
19:23:09 : Side: Blue Madick: thanks for the littlebird
19:37:02 : Side: Arttu: is m107 rare?
19:37:07 : Side: Ducky: ya
19:37:13 : Side: Ducky: expensive more like
19:37:39 : Side: KinkyTeacup : YO WHO WAS IN CHOPPA
19:38:12 : Direct: Björnen: sorry
19:42:32 : Direct: McButtMunch: turn that ish up loll
19:52:58 : Group: Felix: wo ist action??
19:55:15 : Side: Felix: wo ist hier action
19:55:40 : Side: -ROT- Moon: artuu
19:55:45 : Side: Arttu: WHAT
19:55:48 : Side: -ROT- Moon: why
19:55:51 : Side: -ROT- Moon: u kill m
19:56:08 : Side: Arttu: told you to stop the car
19:56:14 : Side: -ROT- Moon: i didnt hear u
19:59:41 : Side: -ROT- Moon: artuu u still there
20:00:08 : Side: -ROT- Moon: i need a pick up anyone
20:00:49 : Side: -ROT- Moon: can anyone pick me up heli or car
20:01:21 : Side: -ROT- Moon: anyone
20:01:54 : Side: M107: can anyone give me some money plzzzzw
20:02:17 : Side: -ROT- Moon: artuu is this ur base the long barn
20:02:32 : Side: Arttu: YES
20:02:57 : Side: -ROT- Moon: can i come in can u help me give me a little money and a gun
20:03:00 : Side: -ROT- Moon: i wont kill u 
20:03:29 : Side: -ROT- Moon: are u in ur base
20:03:33 : Side: Arttu: no
20:03:41 : Side: -ROT- Moon: where are ya
20:03:53 : Side: -ROT- Moon: can u help me
20:04:52 : Side: -ROT- Moon: artuu im outside ur base waiting for u to help me and i wont kill u
20:05:34 : Side: -ROT- Moon: ARTUU
20:05:40 : Side: Arttu: NO
20:05:46 : Side: -ROT- Moon: plz
20:06:12 : Side: Björnen: My dads name is artu :(
20:06:26 : Side: -ROT- Moon: oh sorry mate
20:06:38 : Side: -ROT- Moon: can u help me
20:06:43 : Side: Ducky: It's ok, his dad is dead
20:06:45 : Side: -ROT- Moon:  a pick up
20:07:21 : Side: Björnen: dad :(
20:07:43 : Side: -ROT- Moon: bjornen can u pick me up plz
20:09:00 : Side: -ROT- Moon: bjornen can u help me
20:09:16 : Side: Blue Madick: dude pls stfu
20:10:17 : Side: Collin: BRO THIS IS SIDE CHAT I CAN AND HE CAN SAY WHAT EVER WE WANT TO SAY
20:10:37 : Side: -ROT- Moon: YHHHH
20:10:37 : Side: Blue Madick: calm your tiddies
20:10:44 : Side: Collin: AND YOU CANT DO SHIT ABOUT IT
20:10:52 : Side: -ROT- Moon: yhhh
20:10:59 : Side: -ROT- Moon: u tell him collin
20:11:05 : Side: Collin: OK
20:11:13 : Side: -ROT- Moon: can u help me collin
20:11:15 : Side: Collin: TELL HIM
20:11:20 : Side: Collin: SEE I DID IT
20:11:31 : Side: -ROT- Moon: is anyone friendly 
20:11:37 : Side: -ROT- Moon: that can help me
20:11:51 : Side: KinkyTeacup : me and my friend are whats up
20:12:14 : Side: -ROT- Moon: i need a pick up and a little money and at least one gun shit one or anything
20:12:44 : Side: KinkyTeacup : sorry guys we almost hit
20:12:57 : Side: -ROT- Moon: so can u help me
20:13:14 : Side: KinkyTeacup : no can do friendo :/ we dont have transportation or a gun
20:13:22 : Side: KinkyTeacup : but if we find some we'll give you one
20:13:27 : Group: Tom Everley: /.
20:13:30 : Side: -ROT- Moon: ok
20:13:35 : Side: Björnen: dad 
20:13:44 : Side: Björnen: hy you kill ducky
20:13:44 : Side: KinkyTeacup : son?
20:14:10 : Side: Björnen: arrto speak with me
20:14:20 : Side: Arttu: what
20:14:21 : Side: -ROT- Moon: artuu ur base blew up but walls are fine just the barn XD
20:16:48 : Side: Tom Everley: i know its pvp and all but do you really have to hunt other players
20:17:57 : Side: Felix: /vote day
20:17:58 : Side: Arttu: Where can I claim vehicles?
20:18:52 : Side: SEN ONE: /
20:19:07 : Side: SEN ONE: /vote night
20:19:23 : Side: Arttu: ohh ty.
20:23:23 : Side: Arttu: An admin on?
20:23:34 : Side: Arttu: nvm not needed
20:23:39 : Side: VertDider: Я БЛЯТЬ РУССКИЙ ЕБАНА В РОТ
20:23:46 : Side: VertDider: ХУЛИ ТЫ ТАМ ПИЗДИШЬ ЧУРКА?
20:24:00 : Side: Arttu: CYKA NUGGETS
20:24:23 : Side: VertDider: of course some english bitch
20:24:30 : Side: Arttu: wtf man
20:24:42 : Side: Arttu: Wtf was that dudes problem :D
20:25:02 : Side: Arttu: lws
20:25:06 : Side: Arttu: how old is the server?
20:25:18 : Side: Josh: rush b(erlin)
20:25:20 : Side: Arttu: LWB*
20:25:51 : Side: Arttu: ty
20:29:29 : Side: VertDider: where to buy armed cars?
20:30:00 : Side: VertDider: collin?
20:30:27 : Side: VertDider: need some guns on the roof
20:31:01 : Side: VertDider: how much to pay for hero cars?
20:31:18 : Side: VertDider: tnks
20:34:47 : Side: tomakaw: is this server militarized ?
20:39:20 : Side: chong: lift possible pls?
20:40:50 : Side: chong: why is side not orking
20:44:44 : Side: VertDider: what?
20:45:45 : Side: Collin: BUY ME A CAR?
20:45:56 : Side: Collin: AND SUV
21:02:28 : Direct: BadComedian: [eqkj
21:02:31 : Direct: BadComedian: хуйло
21:12:23 : Side: chong: hi
22:05:48 : Side: Haas1: can i found car on this server ?
23:18:23 : Side: AugustinBr: This is a Pvp server ?
23:18:58 : Side: BadComedian: yep
