06:55:43 : Group: SEN ONE: agss are u at the bandit misson
10:58:09 : Group: Tamago: siema
11:01:02 : Group: Tamago: jak cos jestem na tsie
22:14:52 : Group: Rameses II [BA]: yo dude
22:15:05 : Group: MalteserHead: ello
22:15:52 : Group: Rameses II [BA]: how old are ?
22:15:56 : Group: MalteserHead: 17
22:16:09 : Group: MalteserHead: English
22:16:13 : Group: MalteserHead: you?
22:16:13 : Group: Rameses II [BA]: wales
22:16:22 : Group: Alfie412 [BA]: russian
22:16:22 : Group: Rameses II [BA]: older than you by a lot
22:16:22 : Group: MalteserHead: age?
22:16:25 : Group: MalteserHead: ahhh
22:16:37 : Group: Rameses II [BA]: alfie is from england ignore him
22:17:30 : Group: Rameses II [BA]: join our ts
22:17:35 : Group: MalteserHead: ip
22:17:57 : Group: Rameses II [BA]: 85.236.100.188:11457 pw nerf123
22:18:22 : Group: MalteserHead: Doing missions?
22:18:37 : Group: Rameses II [BA]: as i said no we not
22:18:51 : Group: Rameses II [BA]: are you teamed with anyone
22:18:58 : Group: MalteserHead: You just flying around looking for bases?
22:19:07 : Group: Rameses II [BA]: we have a few in mind
22:19:13 : Group: Rameses II [BA]: join ts
22:19:14 : Group: MalteserHead: I have been teaming with michigan but he is not on
22:19:20 : Group: Rameses II [BA]: ok
22:19:27 : Group: MalteserHead: Ill join the ts
22:19:34 : Group: MalteserHead: Give it me on steam
22:19:38 : Group: Rameses II [BA]: ok will drag you into channel
