01:49:10 : Vehicle: Tariko: kek
01:49:52 : Vehicle: Tariko: no... no
01:49:56 : Vehicle: Tariko: la cuestion
01:50:06 : Vehicle: Tariko: sabes cual es otro problema de que l sea negro?
01:50:11 : Vehicle: Tariko: es igual
01:50:34 : Vehicle: Tariko: lo de L ostia
01:50:39 : Vehicle: Tariko: que me hagas caso
01:50:46 : Vehicle: Tariko: el otro problema de que sea negro
01:50:53 : Vehicle: Tariko: no
01:50:56 : Vehicle: Tariko: es que es un spoiler
01:51:04 : Vehicle: Tariko: porque el negro siempre muere en las pelis
01:51:17 : Vehicle: Tariko: supongo que precisamente por eso es negro
01:51:22 : Vehicle: Tariko: es el que muerej
01:51:35 : Vehicle: Tariko: atrevete a decirme que no jajaja
01:52:07 : Vehicle: Tariko: tio no es racismo, es un hecho
01:52:21 : Vehicle: Tariko: diooooooooooooooooooooooos
01:52:23 : Vehicle: Tariko: el volante
01:52:31 : Vehicle: Tariko: no gira sobre el eje central del volante
01:52:43 : Vehicle: Tariko: gira con la palanca que lo sujeta 
01:52:52 : Vehicle: Tariko: no es cricular
01:53:04 : Vehicle: Tariko: es..... es dayz
01:53:14 : Vehicle: Tariko: shut the fuck up
01:53:16 : Vehicle: Tariko: exacto
01:53:30 : Vehicle: Tariko: donde piensas aparcar?
01:53:37 : Vehicle: Tariko: ibamos a desconectar y seguimos aqui jaja
01:53:48 : Vehicle: Tariko: te quieres cargar tu propio coche?
01:54:00 : Vehicle: Tariko: y además, eso no eran 100km/h
01:54:32 : Vehicle: Tariko: eso si ha sido racista
01:54:57 : Vehicle: Tariko: es más gracioso cuando te obligo a ser racista de forma indirecta
01:54:59 : Vehicle: Tariko: para que
01:55:02 : Vehicle: Tariko: robar coches?
01:55:15 : Vehicle: Tariko: un negro no necesita una caja de herramientas para robar una bici
01:55:30 : Vehicle: Tariko: eso no lo había pensado
01:55:38 : Vehicle: Tariko: cuestión, quiero dormir
01:55:51 : Vehicle: Tariko: me parece que pin que pam
01:56:00 : Vehicle: Tariko: he visto eso
01:56:06 : Vehicle: Tariko: y te estoy juzgando con la mirada
01:56:21 : Vehicle: Tariko: shhh
01:56:35 : Vehicle: Tariko: gj
01:56:39 : Vehicle: Tariko: gg wp
01:56:47 : Vehicle: Tariko: ahora no te estaba mirando
01:56:51 : Vehicle: Tariko: ni te lo has merecido
01:57:02 : Vehicle: Tariko: quieres meterlo de una jodida vez?
01:57:13 : Vehicle: Tariko: .__.
