00:02:40 : Side: galina: k...
00:03:09 : Side: Freedom: lol
00:04:58 : Side: Freedom: satchels in this one i see :)
00:12:55 : Side: galina: can a charge brake a safe ?
00:13:28 : Side: Freedom: dont think safes can be destroyed
13:27:40 : Side: Gerold: hallo
13:27:45 : Side: galina: hi
16:12:56 : Side: Din: вот с....
16:13:28 : Side: Thijs: what?
16:15:37 : Side: <eXp> RafcioZG: yo, bases are destructable on this server?
16:15:52 : Side: LWB [SD]: yes
16:15:57 : Side: <eXp> RafcioZG: okay, cool stuff :)
16:20:27 : Side: Thijs: can you destroy plot poles here/
16:20:49 : Side: LWB [SD]: destroy yes, remove no
16:21:07 : Side: <eXp> CziQita: ??
16:21:43 : Side: LWB [SD]: you can destroy it, but you can remove it with a crowbar and get it back, unless you own it
16:22:07 : Side: <eXp> CziQita: so you need to use satchel charges?w
16:22:08 : Side: LWB [SD]: cant remove it I mean
16:22:25 : Side: LWB [SD]: or a gun, or run it over/ they arent hard to destroy
16:22:35 : Side: <eXp> CziQita: ok
16:44:15 : Side: <eXp> RafcioZG: coins will remain in inventory after death?
16:45:04 : Side: LWB [SD]: they will stay on your dead body until taken
16:45:10 : Side: <eXp> RafcioZG: okay
17:51:08 : Side: Celgene: hi
17:51:38 : Side: Twanyboy: hii
20:04:56 : Side: SEN ONE: do u need something special to st a safe box doesnt show finish placing
20:05:36 : Side: LWB [SD]: no, just stand still
20:05:55 : Side: SEN ONE: should it say complete build
20:06:18 : Side: SEN ONE: it only give me vector and another option
20:06:28 : Side: SEN ONE: degrees
20:06:40 : Side: LWB [SD]: press space bar to place
20:07:53 : Side: SEN ONE: thank u
20:08:06 : Side: LWB [SD]: np
