01:36:47 : Side: Kallinchen: Good morning :)
04:09:04 : Side: Kallinchen: Good morning 
09:51:14 : Side: AS16: Ded - i not pikup your loot
12:06:35 : Side: agss: hello, all friendly??
12:08:28 : Side: AS16: Hi. yes
13:57:27 : Direct: Alcatraz: hi
14:46:26 : Side: Pedro: onde vcs tao quero pvp
15:15:46 : Side: Tariko: the heck did you come from? :(
16:33:30 : Side: Legacy: no loot spawning even after running away and coming back
17:00:02 : Side: Tariko: weren't you mates?
18:10:15 : Group: Kujke: I am too scared of the mean Zombies
18:10:16 : Side: Raul: can you store items in an atv ?
18:10:31 : Side: Duncan Idaho: yep
18:10:45 : Side: Duncan Idaho: more than looks at firs look btw
18:11:14 : Side: Duncan Idaho: two backpacks, a couple guns... and... maybe 50 items more or less
18:11:57 : Side: Raul: ok , thank you
18:13:21 : Side: Red: so where's everybody
18:13:27 : Side: Tariko: dying
18:25:10 : Side: Tariko: men that has been a hell of a mission
18:34:20 : Side: Kujke: lol as you are just camping to kill people at the mission not even to pick up anything...
18:35:12 : Side: AS16: Welcome!
18:54:12 : Side: AS16: lol
19:32:10 : Direct: AS16: speak russian?
19:33:12 : Direct: AS16: )
19:33:23 : Direct: AS16: я понику догадался что ты русский
19:33:30 : Direct: AS16: когда убил тебя )
19:33:49 : Direct: AS16: У МЕНЯ МИКРО БАРАХЛИТ
19:33:53 : Direct: AS16: Временами
19:33:57 : Direct: AS16: отлично
19:34:09 : Direct: AS16: мой друг возможно сюда придет, а может и не придет )
19:34:18 : Direct: AS16: я был бы рад компании
19:34:33 : Direct: AS16: у меня впринципе уже все есть...
19:34:38 : Direct: AS16: готов воевать )
19:35:03 : Direct: AS16: ого
19:35:59 : Direct: AS16: Поедем куда на пару?
19:36:08 : Direct: AS16: вон рядом миссия - меня там буржуи гоняли
19:36:11 : Direct: AS16: я двоих убил и ушел
19:36:19 : Direct: AS16: атака на урал
19:36:56 : Direct: AS16: ток я думаю бтр бросить у локбокса или нет ))
19:37:05 : Direct: AS16: гавно они без пушек
19:37:35 : Direct: AS16: ПРИМИ ГРУППУ
19:37:39 : Direct: AS16: удобней будет
19:37:51 : Direct: AS16: ф5
19:39:55 : Group: AS16: поеду я на зеленую миссию, опробую ствол
19:40:04 : Group: AS16: если что зови - я совершенно свободен ))
19:40:58 : Group: AS16: маршал еще возможно русский
19:42:53 : Group: AS16: ты видишь что я пишу?
19:42:57 : Group: AS16: молчишь что-то ))
19:43:27 : Group: ded: несмотрел
19:44:25 : Group: AS16: слышно было как я стрелял из своей пукалки?
19:44:32 : Group: AS16: тут такой грохот стоял ))
19:44:44 : Group: ded: нет
19:46:01 : Group: AS16: а у ботовт тут рпг есть?
19:47:00 : Group: AS16: Дункан Идахо читер
19:47:07 : Group: AS16: у него автовыстрел установлен
19:47:14 : Group: AS16: у него стреляешь и он тут же палит в ответ
19:47:22 : Group: AS16: из любого положения. спиной, боком...
19:47:31 : Group: AS16: но я его убивал 2 раза )
19:48:57 : Group: AS16: да уж ну и грохот
19:49:34 : Group: AS16: тут нет никого похоже - ушли. боты все живы
19:49:40 : Group: ded: мне ненравится 107
19:49:45 : Group: AS16: мне ас50
19:49:51 : Group: AS16: наверное махнусь )
19:50:04 : Group: AS16: у ботов есть рпг?
19:50:18 : Group: AS16: может попробовать давить их...
19:50:25 : Group: ded: бывает
19:51:15 : Group: AS16: тут людей нет - надо ехать куда то
19:51:24 : Group: AS16: или на геройскую любую и самим чистить...
19:51:29 : Group: ded: там еще мины
19:51:38 : Group: AS16: да мины пофиг их видно
19:51:46 : Group: AS16: Тарико герой
19:51:54 : Group: AS16: скорее сего ЮАШ60 чистит
19:52:31 : Side: Red: what's the zeroing on the m24?
19:52:42 : Group: AS16: ну надо наверное двигать
19:53:24 : Side: Alfie412 [BA]: think it 200 the 50 for everyother dot
19:53:28 : Group: AS16: я по пути ствол выложу
19:53:33 : Group: AS16: перед бандиткой
19:53:34 : Side: Alfie412 [BA]: then*
19:53:40 : Side: Red: thx
19:58:03 : Side: Red: somebody in cherno?
19:58:26 : Side: Duncan Idaho: somebody once told me
19:58:46 : Side: Red: that the whole world's gonna  roll me
19:59:07 : Side: Duncan Idaho: ty m8 :D
19:59:17 : Side: Red: :D
19:59:51 : Side: Duncan Idaho: btw, i'm not in cherno xD
20:00:02 : Side: Red: not sure if it was someone or a walker
20:00:24 : Side: Red: only got a quick look on to him
20:02:20 : Group: AS16: Я ОТСЮДА ВИЖУ МИССИЮЦ
20:03:33 : Group: AS16: БОТЫ УБИТЫЕ ЕСТЬ
20:03:38 : Group: AS16: СТАЦИОНАРКИ СТОЯТ
20:03:47 : Group: AS16: вообще то с них надо начинать )
20:04:44 : Group: AS16: надо дальше ехать - далекова то )
20:04:56 : Group: AS16: похоже чистит кто-то с противоположной стороны - там трупы
20:07:00 : Group: AS16: о вижу мотоверт в поле, перед тобой
20:07:11 : Group: AS16: метров 500 до мисси от него
20:07:42 : Side: Duncan Idaho: marshall... u are actually just camping the mission, not taking the loot. right?
20:07:49 : Side: Duncan Idaho: anyway
20:08:07 : Side: agss: where he camp?
20:08:08 : Side: Duncan Idaho: i give up. get that m240. nice prize.
20:08:49 : Side: Duncan Idaho: idk. if i know where, i will tried to kill him...
20:08:52 : Side: agss: where he camp? what mission?
20:08:55 : Group: AS16: боты вон как-то вправо бегут
20:08:58 : Group: AS16: и смотрят туда
20:09:34 : Side: Duncan Idaho: in the launch break convoy
20:09:37 : Side: Duncan Idaho: idk where
20:09:56 : Group: ded: НЕВИДНО НИКОГО
20:10:07 : Group: AS16: ага
20:10:07 : Side: agss: ok, i take btr and find him :)
20:10:17 : Side: Duncan Idaho: wow. ok haha
20:10:19 : Group: AS16: лентяи
20:10:32 : Side: Duncan Idaho: ty very much
20:10:34 : Group: AS16: вон один пишет они на конвое воюют с маршалом
20:10:41 : Side: Tariko: is that something personal against marshal?
20:10:42 : Side: Duncan Idaho: a bit overkill for me, but fair enough
20:10:55 : Side: agss: i need gunner :) who?
20:11:08 : Side: Red: would do it
20:11:14 : Side: Tariko: i'd love to but i'm not a good shooter haha
20:11:37 : Side: Duncan Idaho: i'm triying to take a wepeaon in the checkpoint
20:11:59 : Side: Red: its ok, tariko, not everone can be as great as our great leader, donald j trump
20:12:05 : Group: AS16: блин у нас гроза началась
20:12:07 : Side: Duncan Idaho: wtf?
20:12:09 : Group: AS16: я выхожу!
20:12:11 : Side: Red: jk
20:12:19 : Group: AS16: удачи. встретимся живя!!!
20:12:26 : Side: Duncan Idaho: the only true leader to the light of the future is kim jong un, m8
20:12:27 : Group: ded: ПОКА
20:12:30 : Side: Tariko: he's just way too perfect
20:12:41 : Side: Red: your right m8
20:12:45 : Group: AS16: как русскому даю тебе подсказку, как разбоготеть
20:12:48 : Side: Red: almost forgot his glory
20:12:53 : Group: AS16: быстро и просто - никому не говори!!!
20:12:59 : Side: Tariko: everybody loves kim jong un
20:13:01 : Side: Duncan Idaho: don't worship fake gods. future emperor kim jong un is the only way to save ourselves
20:13:03 : Group: AS16: покупаешь блоки, цемент и ежи
20:13:08 : Group: AS16: делаешь гаражные двери
20:13:12 : Side: Red: xD
20:13:14 : Group: AS16: цена материала на 1 дверь 8к
20:13:18 : Group: AS16: продаешь по 80к
20:13:30 : Group: AS16: я за 3 часа набил так полный банк...
20:13:32 : Side: agss: who join me a group and kill that camper.....
20:13:33 : Group: ded: ОК
20:13:34 : Side: agss: ?
20:13:37 : Side: Duncan Idaho: me.
20:13:45 : Side: Red: would join ya group
20:13:48 : Group: AS16: буржуям только не говори - пусть мучаются )
20:13:48 : Group: ded: СПС
20:14:02 : Side: agss: ok, you do group
20:14:27 : Group: agss: i take btr and we go kill kim
20:14:29 : Group: Red: where you at
20:14:38 : Side: Duncan Idaho: give me a sec.
20:15:01 : Group: Red: hey man
20:15:09 : Group: Duncan Idaho: hi m8s 
20:15:22 : Group: Red: as we say in germany "moin jungs"
20:15:29 : Group: Tariko: hey
20:15:34 : Group: Duncan Idaho: actually he's over the coordinates 
20:15:48 : Group: Red: you guys alright? where you at
20:15:58 : Group: Tariko: he's in the top of the mountain
20:16:02 : Group: Tariko: my place
20:16:16 : Group: Red: im in the middle of cherno
20:17:22 : Group: Duncan Idaho: the actual coordinates were 113 070
20:17:35 : Group: Duncan Idaho: he's near that point
20:18:20 : Group: agss: tariko wait
20:18:33 : Group: agss: i need 5 min
20:18:39 : Group: Red: could we meet up somewhere?
20:18:41 : Group: Tariko: i'm trying to recover my body so i can snipe him
20:21:33 : Group: Red: could we regroup somewhere
20:21:52 : Group: Tariko: i'm under the base mounted near the mission
20:22:02 : Group: Duncan Idaho: tariko said he saw marshall in the exact coordinates i gave to you, guys
20:22:18 : Group: Red: alright comin' to the base
20:22:46 : Group: Tariko: got my M110
20:22:52 : Group: Red: nice
20:27:06 : Group: agss: where is he?
20:27:24 : Group: Duncan Idaho: idk
20:27:24 : Group: Tariko: don't know, can't see any signals 
20:27:35 : Group: Tariko: last time i saw him there 
20:27:35 : Group: Duncan Idaho: don't have a gps?
20:28:00 : Group: Tariko: he was running south when i saw him
20:28:07 : Group: Tariko: maybe he just ran away?
20:28:58 : Group: Tariko: i can continue to finish the mission so he can get baited 
20:29:19 : Group: Tariko: if he doesn't come back, at least we will have the mission
20:29:22 : Group: Duncan Idaho: copy. eyes on you, tariko.
20:31:08 : Group: Tariko: 1 ai left
20:31:47 : Group: agss: come, i protect you
20:32:05 : Group: Duncan Idaho: i see shots. but dk where from
20:32:52 : Group: Tariko: DUNCAN GOT HIM
20:32:54 : Group: Tariko: DUBINA
20:33:09 : Group: agss: where?
20:35:08 : Group: agss: see you later, i kill him tomorow
20:35:19 : Group: Tariko: oh kk
20:35:21 : Group: Duncan Idaho: copy haha. 
20:35:22 : Group: Tariko: see ya haha
20:35:25 : Group: Duncan Idaho: gl and cya
20:40:22 : Group: Tariko: see ya guys, we leave group
20:40:32 : Group: Red: bye c2
20:40:34 : Group: Tariko: thx for the help
20:41:34 : Group: Duncan Idaho: i leave the group for now. if you wanna hunt some campers or need help, just tell me.
20:41:40 : Group: Red: sure
20:41:41 : Group: Duncan Idaho: gl and good hunt guys. cya
20:41:46 : Group: Red: cya
20:42:23 : Group: agss: SEE YOU LATER :)
20:42:30 : Group: Red: cya
21:56:20 : Side: Jack: rly
21:57:11 : Side: Jack: what a dick move
22:17:47 : Side: Tariko: sup jack
22:58:44 : Side: Tariko: which is the max of the bank?
