00:03:40 : Side: knives: what does red exclamation point mean on map?
00:16:29 : Side: knives: anyone need help at mission?
00:16:50 : Side: knives: want/need?
00:17:04 : Side: Alex: me
00:17:07 : Side: Smackheadgeorge: the ai are hard aint they :p
00:17:21 : Side: knives: alex
00:17:25 : Side: knives: you friendly?
00:17:44 : Side: Alex: lol I mean I think I am, i have 4000 humanity
00:18:34 : Side: knives: ok cool i can provide assistance i will help im going to start taking out a.i
00:18:48 : Side: Alex: which mission is that
00:19:00 : Side: Alex: we can group up if you want
00:19:05 : Side: knives: are you at bandit? weapons cache?
00:19:14 : Side: Alex: yeah I just died there, headed back
00:19:22 : Side: knives: ok cool
00:19:42 : Side: knives: someone else is here fyi
00:19:46 : Side: Smackheadgeorge: are you guys grouping?
00:19:54 : Side: knives: not sure who
00:19:57 : Side: knives: so BOL
00:20:03 : Side: knives: im down to group
00:20:15 : Side: Smackheadgeorge: me too im friendly aswell btq just joined server
00:20:31 : Side: knives: smack are you at weapons cache right now?
00:20:38 : Side: Smackheadgeorge: not atmd
00:20:41 : Side: knives: if so i  think i saw you run into trees
00:20:48 : Side: Smackheadgeorge: not me
00:20:49 : Side: knives: well someone else is here
00:20:52 : Side: Alex: knives you wanna inv me to your group?
00:20:54 : Side: knives: ran into trees
00:22:06 : Side: knives: we can group 
00:22:17 : Side: knives: but rather not tag as friendly yet
00:22:24 : Side: knives: no offense
00:22:24 : Side: Smackheadgeorge: okay m8
00:22:25 : Side: Alex: i understand
00:22:51 : Side: knives: ive been on this game for a while lol we will just have to do scouts honor for now
00:22:56 : Side: knives: is that cool?
00:23:09 : Side: Smackheadgeorge: yeah scout salute ;)
00:23:10 : Side: Alex: that's fine, gotta do what you gotta do
00:24:01 : Side: Alex: are you gonna add me to your group
00:24:08 : Side: Smackheadgeorge: ai are damm strong
00:24:34 : Side: knives: give me a sec
00:24:38 : Side: Alex: KK
00:26:10 : Side: Rikimuru: I'm with Knives too, sup guys
00:26:24 : Side: Smackheadgeorge: hey m8
00:26:27 : Side: Alex: HOWDY
00:29:05 : Side: Smackheadgeorge: are we going in a group or? :p
00:29:30 : Side: Rikimuru: i will invite he got caught up
00:29:49 : Side: Alex: ok
00:30:02 : Side: Rikimuru: welp nvm only leader cn lol
00:30:20 : Side: Smackheadgeorge: np
00:31:08 : Side: Smackheadgeorge: i hit reject by accidetn
00:31:10 : Side: knives: you guys are invited
00:31:13 : Side: knives: wth
00:31:14 : Side: Smackheadgeorge: can i get another plz 
00:31:15 : Side: knives: lol
00:31:18 : Side: Smackheadgeorge: haha
00:31:40 : Side: knives: where is alex?
00:35:49 : Side: knives: alex why did you leave?
00:36:08 : Side: Alex: i swear one of y'all shot at me
00:36:19 : Side: knives: are you kidding me
00:36:22 : Side: knives: :(
00:36:28 : Side: knives: we are trying to help you
00:36:35 : Side: knives: i was about to give you a blood pack
00:36:44 : Side: Rikimuru: you were the last to shoot at ai dude, they after YOU
00:36:56 : Side: knives: i saw you in ghillie
00:37:09 : Side: knives: trying to help you
00:37:50 : Side: Alex: gunshots came from your direction i'm pretty sure
00:38:09 : Side: knives: whos rolling with you?
00:38:13 : Side: knives: i see two of you
00:38:21 : Side: knives: one in a ghille and one in a regular outfit
00:38:37 : Side: knives: civilian clothes
00:38:58 : Side: Alex: not sure what you mean
00:40:29 : Side: knives: not sure if a.i circled around you i just killed one in the trees behind you
00:40:40 : Side: knives: willing to help you with mission still just dont want no funny business
00:40:48 : Side: Alex: lol neither do i
00:44:12 : Side: Rikimuru: anyone role up in a airplane?
00:44:20 : Side: Alex: not me
00:48:25 : Side: knives: fyi alex i thingk it was vortex that shot you
00:48:28 : Side: knives: not us
00:48:42 : Side: knives:  apparently he was over here too and didnt say anything
01:08:49 : Side: Daryl: Is dat a friendly btr?
01:09:03 : Side: BadComedian: yep
01:09:06 : Side: Daryl: :D
01:09:33 : Side: BadComedian: i'm just watching)
01:09:34 : Side: Daryl: lot of ai around D:
01:09:43 : Side: BadComedian: just 4
01:09:53 : Side: Daryl: ye but i dunno where
01:09:59 : Side: BadComedian: good luck
01:32:12 : Side: Daryl: Is there any admins on?
01:32:45 : Side: Daryl: eh it can wait then
04:58:29 : Side: Daryl: thx for my key and the free heli
04:59:15 : Side: Logan: lol my luck that of 5 people online, youre one of them
04:59:26 : Side: Logan: I mean its not a big deal to me though
04:59:27 : Side: Daryl: well i mean you did kinda steal mah key xD
04:59:30 : Side: Logan: have fun
04:59:52 : Side: Logan: i didnt steal it, my friend did and i just wanted to see what vehicle it went to
05:00:00 : Side: Logan: but i had it so technically i did i guess
05:00:18 : Side: Daryl: ohhh my bad
05:00:23 : Side: Daryl: i can bring you your heli tho
05:00:39 : Side: Daryl: i only shot bc i wanted to see if youd take the car if you had the key
05:00:42 : Side: Logan: nah its fine, you can keep it, just think of it as a gift
05:00:46 : Side: Daryl: fr?
05:01:03 : Side: Logan: i was trying to steal your vehicle so you got it fair and square
05:01:09 : Side: Daryl: you sure?
05:01:14 : Side: Daryl: i dont really need a heli
05:01:31 : Side: Logan: Yeah, or if you want you can pick me up and we can do missions and whatever together
05:01:42 : Side: Daryl: sure im down, where you spawn?
05:01:54 : Side: Logan: im seriously not salty about it and im a fresh spawn so it wont matter
05:02:00 : Side: Logan: im close to petrovka
05:02:17 : Side: Logan: i inv you to a grou[
05:02:21 : Side: Logan: group
06:05:57 : Side: Logan: daryl if you ever need help just ask me
06:06:13 : Side: Alex: same
06:06:16 : Side: Daryl: Oh you just wanted to do the 1 mission? lol
06:06:55 : Side: Logan: yeah i usually do them by myself but maybe some other day we can team up again
06:07:04 : Side: Logan: i dont even take my friends
06:07:05 : Side: Daryl: Alright, see yeh round
06:07:13 : Side: Alex: peace man
06:07:18 : Side: Logan: ill buy you a heli if you want
06:07:26 : Side: Daryl: nah ive got like 2 mil ish
06:07:33 : Side: Logan: aight cool
06:07:38 : Side: Daryl: most of it not in coins but yknow
11:32:38 : Side: |Laura| [BA]: hey all
15:42:25 : Side: Kristofer: The black market dealer isnt working here at stary
15:42:38 : Side: Alfie412 [BA]: aim at him
15:42:40 : Side: Rameses II [BA]: right click mouse zoom in
17:26:46 : Side: Bock: sup uaz
17:27:19 : Side: Arnyzs: who?
17:30:18 : Side: lukeredfearn: hey
17:30:24 : Side: Bock: hey
17:30:46 : Side: lukeredfearn: if i deconstruct a wall, does it delete or can i place it again?
17:32:06 : Side: lukeredfearn: anyone know if i decontruct a wall can i place it down again?
17:32:16 : Side: Logan: i think it deletes it
17:32:17 : Side: 2DIE4:   u cant
17:32:23 : Side: lukeredfearn: cheers
17:32:24 : Side: Logan: i removed a wall the other day and i didnt get it back
17:32:25 : Side: 2DIE4:  its not refundable
17:32:37 : Side: Arnyzs: what do i need to build wood garage door?
17:32:46 : Side: Logan: you need google
17:33:10 : Side: lukeredfearn: search epoch wiki builder
17:37:54 : Side: lukeredfearn: how od you enable snap building?
17:38:03 : Side: Logan: scroll wheel
17:38:11 : Side: lukeredfearn: cheers
17:38:13 : Side: Logan: np
17:40:06 : Side: Arnyzs: do i need workbench to build wall?
17:40:14 : Side: lukeredfearn: yeah
17:40:24 : Side: Arnyzs: where to get that>
17:40:28 : Side: Arnyzs: ?
17:40:42 : Side: Logan: cut down trees to make lumber and plywood
17:41:01 : Side: lukeredfearn: unless you've bought a pre built wall from the traders
18:19:01 : Side: Kishot: как на вертолете призмелитсмя
18:19:04 : Side: Kishot: уменьшить тягу
18:19:23 : Side: 2DIE4:  english only
18:20:22 : Side: Kishot: what key down helicopter
18:20:46 : Side: Logan: l ctrl
18:20:51 : Side: Logan: left ctrl
18:27:00 : Side: Arnyzs: what can i do with generator?
18:27:25 : Side: lukeredfearn: usually attach to a fuel pump for your own service point
18:27:37 : Side: 2DIE4: wrong 
18:27:44 : Side: 2DIE4:  only for the lightbulbs
18:27:54 : Side: 2DIE4:  the fuelpump works fine without
18:28:05 : Side: lukeredfearn: ah, fair enough
18:28:28 : Side: Arnyzs: thx for the info
18:28:50 : Side: 2DIE4: npw
18:28:53 : Side: Alfie412 [BA]: you do need gens for pumps but just not on here and not on many servers
18:29:23 : Side: 2DIE4:  im just giving info 4 this server  =9
18:29:31 : Side: 2DIE4:  not 4 all the others out there 
18:29:56 : Side: Alfie412 [BA]: how about you learn how to speak english 
18:30:37 : Side: 2DIE4:  how about u shut ya piehole 
18:31:00 : Side: Alfie412 [BA]: learn english and how to type then come back to me thankyou
18:31:47 : Side: 2DIE4:  u should just leave  ... i am typing while driving  ... and if u speak my language then talk to me boy
18:31:51 : Side: Arnyzs: is there any admin  here?
18:32:02 : Side: 2DIE4:  LWB is admin
18:32:10 : Side: 2DIE4:  and sierra of corse   XD
18:32:20 : Side: Arnyzs: can you come plz? I have some problems
18:32:35 : Side: Alfie412 [BA]: oh sorry did i hit a nerve
18:32:47 : Side: 2DIE4:  not really  .. now shush
18:33:11 : Side: Alfie412 [BA]: oh sorry did not know you was sensitive
18:33:25 : Side: Arnyzs: i put the car key in storage box but it dissapeared
18:33:36 : Side: 2DIE4: alfi if u wanna trash talk u r defo not on the roght server ... 
18:34:21 : Side: Arnyzs: nop but i have that vehicle in my base
18:34:47 : Side: Alfie412 [BA]: first spell my name right then speak english and thats all i have to say 
18:34:57 : Side: 2DIE4:  lol 
18:35:08 : Side: 2DIE4:  who r u anyway?  
18:35:23 : Side: Logan: holy shit this alfie guy is pathetic
18:35:32 : Side: 2DIE4:  bet my english is better --- WAY better than your german
18:35:46 : Side: 2DIE4:  well hes kinda sucking just like the rest of BA
18:35:57 : Side: Yuri Boyka: xD
18:36:09 : Side: Yuri Boyka: true
18:40:13 : Side: lukeredfearn: anyone know how much scrap metal is from the wholesaler?
18:41:01 : Side: Arnyzs: like 5 min ago
18:43:07 : Side: Arnyzs: wood storage box in locked base
18:46:57 : Side: Arnyzs: ok
18:59:32 : Side: 2DIE4:  ouch  XD
19:00:38 : Side: MalteserHead: I log in next to you
19:00:48 : Side: 2DIE4: =(#
19:01:03 : Side: MalteserHead: And see you in my tree
19:01:15 : Side: 2DIE4:  enjoy the loot  =)
19:01:32 : Side: MalteserHead: i left it
19:02:06 : Side: 2DIE4:  dont need anything?
19:02:17 : Side: MalteserHead: can i take it?
19:04:59 : Side: 2DIE4:  so ill come back   ok 
19:05:06 : Side: MalteserHead: I can take it?
19:05:19 : Side: 2DIE4:  well u need to make uop your mind now    XD
19:05:39 : Side: MalteserHead: Ill keep it xD
19:05:43 : Side: 2DIE4:  if u need anything  just go ahead .. just let me know if its worth coming back then  =)
19:05:45 : Side: 2DIE4:  ok 
19:05:52 : Side: 2DIE4:  fair enough  =) 
19:06:18 : Side: MalteserHead: Im not going anywhere near there so you can carry on with what you where doing ;)
19:06:37 : Side: 2DIE4:  well the goodies r gone  XD
19:06:48 : Side: lukeredfearn: can you salvage scrap metal?#
19:07:06 : Side: MalteserHead: From the mission?
19:07:10 : Side: 2DIE4:  shoulf   try to salvage a  fueltank part
19:07:21 : Side: lukeredfearn: cheers
19:07:26 : Side: 2DIE4:  np
19:07:38 : Side: MalteserHead: 2DIE4
19:07:42 : Side: 2DIE4:  yap?w
19:07:51 : Side: MalteserHead: You can do the mission?
19:08:02 : Side: 2DIE4:  u can try if it finishes 4 u
19:08:18 : Side: 2DIE4:  thge ysometimes buddy
19:08:22 : Side: 2DIE4:  buggy
19:08:24 : Side: MalteserHead: You killed all the AI
19:08:34 : Side: 2DIE4:  think so
19:08:45 : Side: MalteserHead: Ill die
19:08:51 : Side: 2DIE4:  dunno
19:09:21 : Side: MalteserHead: Anyone got a spare safe
19:10:42 : Side: MalteserHead: 30 coins? Really? xD
19:10:59 : Side: 2DIE4: XD
19:51:44 : Side: Arnyzs: my car is at vehicle pound but it is locked
19:51:50 : Side: Arnyzs: what to do?
19:51:52 : Side: MalteserHead: Noo
19:51:56 : Side: MalteserHead: go get it
19:52:02 : Side: MalteserHead: I'll be waiting for you
19:52:05 : Side: MalteserHead: With guns
19:52:18 : Side: Arnyzs: but it is fucking locked
19:52:29 : Side: MalteserHead: Unlocked
19:52:30 : Side: Buk Lau: that doesnt sound very smart
19:53:29 : Side: Buk Lau: your silly 
19:53:42 : Side: MalteserHead: you're
19:54:49 : Side: Buk Lau: thanks for the corrction
19:55:07 : Side: MalteserHead: Correction
19:55:27 : Side: Buk Lau: grammer nazi
19:55:34 : Side: MalteserHead: Grammar
19:55:53 : Side: Buk Lau: lol your cute
19:55:59 : Side: MalteserHead: you're
19:56:02 : Side: Buk Lau: do do it
19:56:13 : Side: MalteserHead: do it
19:56:23 : Side: Buk Lau: hot made me climax
19:56:32 : Side: Redlycanthrope [BA]: aga do do do
19:56:52 : Side: Buk Lau: smash?
20:27:28 : Side: Arnyzs: where can i get armored vehicles?
20:27:40 : Side: Logan: bandit/hero traders
20:27:51 : Side: MalteserHead: and missions
20:41:47 : Side: lukeredfearn: anyone else just glitch then?
20:43:07 : Side: MalteserHead: BRDM AT HERO BASE< HAVE FUN GUYS
20:43:16 : Side: MalteserHead: NIGHT
21:02:51 : Side: Logan: um that last kill? 13167m???
21:02:56 : Side: [eXp] CziQita: bug
21:03:13 : Side: Logan: I believe it... this game can be pretty weird sometimes
21:03:34 : Side: BadComedian: ))
21:03:47 : Side: lukeredfearn: i ended up 10k out at sea two weeks ago 
21:09:39 : Side: BadComedian: дщд
21:09:51 : Side: BadComedian: lol
21:10:16 : Side: BadComedian: i'm just crazy russian kid))
21:17:39 : Side: [eXp] Gruby: eks de
21:18:04 : Side: VertDider: what?
21:25:00 : Side: lukeredfearn: does this server have garages?
22:08:00 : Side: [eXp] CziQita: rip
22:08:11 : Side: [eXp] Gruby: lol
23:46:04 : Side: Marcel: how can i open my inventory?
23:46:16 : Side: [UND] KingKong: g
23:47:04 : Side: Marcel: thx
