21:37:37 : Side: HaddenHD: hello 
21:37:46 : Side: LWB [SD]: hey there
21:38:16 : Side: HaddenHD: what ya up too
21:38:44 : Side: LWB [SD]: nothing in game, just very busy out of game :D
21:38:59 : Side: HaddenHD: lol
21:50:24 : Side: HaddenHD: best find ever a chey tec
21:50:31 : Side: HaddenHD: sd at that
21:50:42 : Side: LWB [SD]: nice
22:06:58 : Side: HaddenHD: umm 
22:07:26 : Side: LWB [SD]: whats up?
22:07:35 : Side: HaddenHD: mission is broken 
22:07:46 : Side: LWB [SD]: ah, nothing unusal there then :D
22:07:52 : Side: LWB [SD]: which mission was it
22:07:58 : Side: HaddenHD: the MV22
22:08:46 : Side: LWB [SD]: whats broken about it
22:09:03 : Side: HaddenHD: it isnt going away and theres no MV@@
22:09:10 : Side: HaddenHD: MV22
22:09:20 : Side: LWB [SD]: ah
22:17:37 : Side: HaddenHD: i crashed :D
22:18:56 : Side: LWB [SD]: oh :(
22:19:11 : Side: HaddenHD: its all good
22:27:04 : Side: HaddenHD: where can i sell rpgs at?
22:27:14 : Side: Turmoil: Hero or bandit i assume 
22:27:23 : Side: LWB [SD]: currently nowhere as I havent added them yet
22:27:28 : Side: Turmoil: is it the RPG18?  green rocket tube?
22:27:38 : Side: HaddenHD: yea
22:29:17 : Side: HaddenHD: brb
22:44:25 : Side: HaddenHD: who was in my chopper earlier?
22:45:01 : Side: Turmoil: me :)
22:45:06 : Side: HaddenHD: lol 
22:45:21 : Side: Turmoil: just wanted to say hello but then you said brb so xD
22:45:48 : Side: HaddenHD: wamma try again lol XD
22:45:57 : Side: HaddenHD: wanna
22:48:41 : Side: HaddenHD: you can come see the big gun i have XD
23:11:57 : Side: HaddenHD: Im back! :D
23:12:02 : Side: LWB [SD]: welcome.
23:12:14 : Side: LWB [SD]: I think I fixed the missions at least
23:12:23 : Side: HaddenHD: i cant find it lol 
23:12:37 : Side: LWB [SD]: I just complete a couple to test
23:13:02 : Side: HaddenHD: is one gonna spawn
23:13:07 : Side: LWB [SD]: should do soon
23:14:11 : Side: LWB [SD]: there ya go
23:14:18 : Side: HaddenHD: yayya
23:18:12 : Side: HaddenHD: better 
23:18:21 : Side: HaddenHD: misiiion
23:18:31 : Side: HaddenHD: mission spawned
23:18:50 : Side: LWB [SD]: yeah nice convoy
23:18:58 : Side: HaddenHD: flying 
23:19:11 : Side: HaddenHD: and typing im gonna die
23:19:15 : Side: LWB [SD]: :D
23:20:47 : Side: HaddenHD: love the server
23:21:36 : Side: LWB [SD]: good, took a lot of work today to get it made
23:22:13 : Side: HaddenHD: yea they take a lot of time
23:22:24 : Side: HaddenHD: ik i helped someone with theres
23:22:51 : Side: LWB [SD]: yeah, well 1061 only only came out yesterday, so was a rush to get it built 
23:23:03 : Side: LWB [SD]: still need to upgrade my epoch server too
23:23:05 : Side: HaddenHD: i understand 
23:27:50 : Side: HaddenHD: are u playing rn?
23:28:00 : Side: HaddenHD: nvm
23:28:32 : Side: LWB [SD]: nope. I actualy dont play
23:28:46 : Side: LWB [SD]: just checking/testing stuff atm
23:28:55 : Side: HaddenHD: cool
23:29:26 : Side: LWB [SD]: found a few issues to sort out tomorrow ;D
23:32:12 : Side: LWB [SD]: Im off to bed now so maybe see you around tomorrow
23:32:27 : Side: HaddenHD: alright see ya
23:58:51 : Side: HaddenHD: Hello
