16:28:21 : Direct: Smackheadgeorge: Hello :p
16:28:40 : Direct: riPuliukko: hello
16:28:49 : Direct: Smackheadgeorge: how are you my friend
16:29:01 : Direct: riPuliukko: bad
16:29:10 : Direct: riPuliukko: need antibiotics
16:29:31 : Direct: Smackheadgeorge: you got money for em?
16:29:45 : Direct: Smackheadgeorge: i can help if needed
16:30:11 : Direct: riPuliukko: all ok now
16:30:20 : Direct: Smackheadgeorge: gdgd
19:19:38 : Direct: Alfie412 [BA]: hello
19:19:51 : Direct: Redlycanthrope [BA]: hi
19:19:53 : Direct: Redlycanthrope [BA]: :)
19:19:57 : Direct: Redlycanthrope [BA]: was on map
19:20:16 : Direct: Alfie412 [BA]: that ok well i see we got some new toys
19:20:25 : Direct: Redlycanthrope [BA]: yeah, and the roof annoyed me
19:20:30 : Direct: Redlycanthrope [BA]: so i rebuilt it
19:20:32 : Direct: Redlycanthrope [BA]: lol
19:20:36 : Direct: Alfie412 [BA]: ha
19:20:55 : Direct: Alfie412 [BA]: i be in ts in a sec
19:31:01 : Direct: lukeredfearn: hey
21:02:05 : Direct: Bock: PUT YOUR SHIT DOWN
21:08:19 : Direct: lukeredfearn: hey
