00:50:53 : Group: Iubita mea: ai o arma pt mine?
00:51:01 : Group: Raul: da
00:51:19 : Group: Iubita mea: hai la misiune
00:54:07 : Group: Iubita mea: pe ce buton vb
00:54:14 : Group: Raul: CAPS LOCK
11:38:13 : Group: [merc] Jizuke: qui ce uno zaino e na camo
12:40:42 : Group: Din: да
13:10:01 : Group: <eXp> Gruby: /
13:16:38 : Group: Din: да
13:16:41 : Group: Din: справа от меня
13:34:54 : Group: Din: да
13:35:08 : Group: Din: да они уже залутали наверное
13:36:13 : Group: Din: гед??
16:59:03 : Group: Elimater: You have to wait 125s
17:02:23 : Group: SEN ONE: /vote night
17:02:55 : Group: SEN ONE: vote day
17:13:54 : Group: Elimater: You have to wait 149s
17:42:15 : Group: Dont touch my Tralala: ne freundin
17:45:45 : Group: Dont touch my Tralala: macg zu
17:46:55 : Group: Dont touch my Tralala: lass warten
17:47:00 : Group: Dont touch my Tralala: die macht einer
17:47:41 : Group: Blue Madick: 4 spieler waldrand hinter tankstelle 
17:47:42 : Group: Dont touch my Tralala: tankstellen berg 2
17:47:45 : Group: Dont touch my Tralala: suvivor
17:47:53 : Group: Dont touch my Tralala: 3
17:47:55 : Group: Blue Madick: ne 4
17:48:13 : Group: Dont touch my Tralala: glaube der eine lapure
17:48:36 : Group: Dont touch my Tralala: 4
17:48:48 : Group: Blue Madick: lol
17:49:27 : Group: Dont touch my Tralala: versteck dich mal 
17:49:50 : Group: Dont touch my Tralala: 3 oben 1 kommt
17:50:15 : Group: Dont touch my Tralala: der eine zielt auf uns
17:50:24 : Group: Dont touch my Tralala: einer kommt mit ural
17:50:40 : Group: Blue Madick: hab ne saw ural ez down
17:53:10 : Group: Dont touch my Tralala: 3 leutze
17:55:07 : Group: Dont touch my Tralala: 2 tot
17:55:09 : Group: Dont touch my Tralala: 2 leben
17:55:15 : Group: Dont touch my Tralala: einer ist in so einem tower
18:02:15 : Group: Dont touch my Tralala: komm her
18:02:18 : Group: Dont touch my Tralala: da liegt noch was 
18:02:22 : Group: Dont touch my Tralala: habe deren mtvr
18:02:26 : Group: Dont touch my Tralala: mit paar sachen
18:02:33 : Group: Dont touch my Tralala: 2 bc und 1 hotwire
18:02:51 : Group: Dont touch my Tralala: habe aber kein key dafür gefunden
18:03:10 : Group: Blue Madick: hast du meine keys ?
18:03:16 : Group: Dont touch my Tralala: sind noch drauf sehe da oben aber nichts
18:03:18 : Group: Dont touch my Tralala: deine ja 
18:03:20 : Group: Dont touch my Tralala: deren nein+
18:05:16 : Group: Dont touch my Tralala: nimm dein skin noch mit
18:13:42 : Group: Blue Madick: toilete 5 min
18:15:49 : Group: Dont touch my Tralala: was los ?
18:15:54 : Group: Dont touch my Tralala: machen wir noch schnell was 
18:15:56 : Group: Dont touch my Tralala: oder 
18:26:22 : Group: Dont touch my Tralala: nene wird tot sein habe dem vorher schon 2 hits gegbeen
18:26:34 : Group: Dont touch my Tralala: ich aber
