06:54:46 : Group: AS16: прива
09:00:37 : Group: AS16: МНОГО НАКРАФТИЛ? )
11:12:40 : Group: AS16: народ подваливает
11:12:52 : Group: AS16: я почти закончил свою базу
11:13:01 : Group: AS16: решил тут и буду - не стану переезжать
11:14:07 : Group: ded: я конкурс взял
11:14:26 : Group: AS16: что за конкурс?
11:14:35 : Group: AS16: а бдрм )
11:14:41 : Group: AS16: я зушку думаю прикупить
11:14:51 : Group: ded: с ракетами
11:15:01 : Group: AS16: там 3 или 6 ракет?
11:15:13 : Group: ded: 5
11:15:17 : Group: AS16: о круто
11:15:23 : Group: AS16: полечу возьму себе )
11:16:25 : Group: AS16: я на крышу выход сделал, безопасный
11:16:26 : Group: ded: ракеты здесь брать?
11:16:38 : Group: AS16: ракеты наверное на заправке надо затаривать
11:16:43 : Group: AS16: заряжать
11:17:00 : Group: ded: понял
11:28:09 : Group: AS16: ну вот - повыходили все )
