19:42:17 : Vehicle: [Allied]Chamberlain: reeeeeeeeeeeeeeeeeeeeeeeeeeeeeeeeeeeeeeeeeeeeeeeeeeeeeeeeeee
19:42:29 : Vehicle: [Allied]Chamberlain: white ppl master race
19:58:31 : Vehicle: Lutajev: here we go
19:58:33 : Vehicle: Lutajev: ok
19:58:40 : Vehicle: Lutajev: ineedtorelogthenanddontpushsspace
19:59:21 : Vehicle: Lutajev: whereishe???
20:01:32 : Vehicle: Lutajev: yeah
20:01:35 : Vehicle: Lutajev: niceshot
20:01:51 : Vehicle: Lutajev: whatifhegotfriend???
20:03:33 : Vehicle: Lutajev: no
20:03:35 : Vehicle: Lutajev: any
20:03:37 : Vehicle: Lutajev: opnlyloot
20:05:06 : Vehicle: Lutajev: imeatingabit
20:05:34 : Vehicle: Lutajev: thisisbase???ň
20:06:39 : Vehicle: Lutajev: letsgomakebaseandicanrelog
20:08:49 : Vehicle: Lutajev: itsqutehere
20:08:56 : Vehicle: Lutajev: quite
20:10:32 : Vehicle: Lutajev: whywearebackhere???
20:10:39 : Vehicle: Lutajev: kej
20:12:42 : Vehicle: Lutajev: gogogog:D
20:13:04 : Vehicle: Lutajev: prbly
20:13:56 : Vehicle: Lutajev: mogilevkabase7km
20:15:37 : Vehicle: Lutajev: lol
20:15:40 : Vehicle: Lutajev: :D:D:D:D:D
20:15:56 : Vehicle: Lutajev: KEJ
20:16:09 : Vehicle: Lutajev: wana37k???
20:16:30 : Vehicle: Lutajev: kej
20:17:31 : Vehicle: Lutajev: lol
20:17:33 : Vehicle: Lutajev: :D
20:17:39 : Vehicle: Lutajev: ahahahahah
20:18:52 : Vehicle: Lutajev: icantgotoguner
20:19:08 : Vehicle: Lutajev: working
20:21:17 : Vehicle: Lutajev: imbossicanwearred:D
20:22:51 : Vehicle: Lutajev: shoot?
20:23:33 : Vehicle: Lutajev: player???
20:23:44 : Vehicle: Lutajev: nicegoodsound
20:24:00 : Vehicle: Lutajev: base4km
20:24:01 : Vehicle: |Laura| [BA]: give me my dmr bk
21:26:12 : Vehicle: Lutajev: ineedsvdamo:D
21:29:34 : Vehicle: Lutajev: yeahhh
21:29:37 : Vehicle: Lutajev: yeahh
21:29:42 : Vehicle: Lutajev: ineedmoneyforamo
21:29:47 : Vehicle: Lutajev: expensivPKM
21:30:16 : Vehicle: Lutajev: icantgobackseat
21:31:22 : Vehicle: Lutajev: misionwatchout
21:31:25 : Vehicle: Lutajev: misionwatchout
21:31:39 : Vehicle: Lutajev: weareinmisionzone
21:31:41 : Vehicle: Lutajev: goaway
21:32:05 : Vehicle: Lutajev: eject?
21:32:13 : Vehicle: Lutajev: LOL:D
21:32:20 : Vehicle: Lutajev: happens
21:32:26 : Vehicle: Lutajev: nuuuu
21:32:39 : Vehicle: Lutajev: itwasinstakill:D
21:32:54 : Vehicle: Lutajev: ionlyseegraypictureofmedead
21:33:04 : Vehicle: Lutajev: spacepushtotalk
21:33:13 : Vehicle: Lutajev: ilikeitthere
21:33:18 : Vehicle: Lutajev: bigbuton
21:33:24 : Vehicle: Lutajev: inCSGOitsmouse3
21:33:29 : Vehicle: Lutajev: LOL:D
21:33:35 : Vehicle: Lutajev: othergamesisC
21:33:41 : Vehicle: Lutajev: armaisSPACE
21:33:47 : Vehicle: Lutajev: lol:D
21:34:24 : Vehicle: Lutajev: imchekingSVDyeroingagian
21:34:28 : Vehicle: Lutajev: forinstaHEADSHOTS:D
21:34:34 : Vehicle: Lutajev: zeroing
21:35:05 : Vehicle: Lutajev: iseeveryprecisediscription:)
21:35:20 : Vehicle: Lutajev: like100--200-250-300-400-450-500-etc
21:35:31 : Vehicle: Lutajev: imusingit
21:35:34 : Vehicle: Lutajev: itscorect
21:35:46 : Vehicle: Lutajev: figureofMANneedstofitbetveanlines
21:35:58 : Vehicle: Lutajev: numbersDISTANCEin100m
21:36:17 : Vehicle: Lutajev: like2-200...3-300---4-400 etc
21:36:39 : Vehicle: Lutajev: numbersonSIDE2-4-6
21:37:15 : Vehicle: Lutajev: needtocheck..ithinkitsmorethen1000m
21:37:21 : Vehicle: Lutajev: gonacheck
21:37:47 : Vehicle: Lutajev: lolck..iknownow:D
21:37:59 : Vehicle: Lutajev: smal..curveitsforDUCKED target
21:38:07 : Vehicle: Lutajev: same..numbers..thou
21:38:23 : Vehicle: Lutajev: iftargetisDUCKED..U..use..smal..curve..beneath
21:38:38 : Vehicle: Lutajev: understand?
21:40:17 : Vehicle: Lutajev: sory..accidentaly..
21:42:26 : Vehicle: Lutajev: ezzz..shots
21:43:20 : Vehicle: Lutajev: goon..a..roud
21:43:34 : Vehicle: Lutajev: we..gona..got..there..on..road
21:43:45 : Vehicle: Lutajev: go..right..
21:43:52 : Vehicle: Lutajev: kej:D
21:45:43 : Vehicle: Lutajev: lol
21:45:48 : Vehicle: Lutajev: soo.funny...
