01:29:31 : Side: Buk Lau: admin i placed a plot pole and now i cant find it
01:29:43 : Side: Buk Lau: it disapeared
01:55:15 : Side: Buk Lau: Im gonna be coming for thoughs keys daryl
01:55:25 : Side: Buk Lau: thosew
01:55:32 : Side: Daryl: i already threw em away D:
01:55:41 : Side: Buk Lau: wym
01:55:41 : Side: Daryl: well
01:55:53 : Side: Daryl: more along the lines of accidentaly threw them away xD
01:56:19 : Side: Buk Lau: how do you throw them away btw i was friendly lol
01:56:52 : Side: Daryl: I didnt know you were friendly :/, and i tried shoving them in my car but the gun slots were full so it kinda just booted em out
01:57:30 : Side: Buk Lau: im guessing you took the ural
01:57:37 : Side: Daryl: yeeeeeeeeeeeeeeeeeeeeeah
01:57:52 : Side: Daryl: BUT on the bright side i can reimburse you some of the cash and some guns :D
01:58:19 : Side: Buk Lau: alright 
01:58:56 : Side: Buk Lau: meet at bash
01:59:39 : Side: Buk Lau: keep the ural
02:00:39 : Side: Daryl: Do you already have a car?
02:04:28 : Side: KADE: is there earplugs my neighbors
02:41:06 : Side: Daryl: dont be one of those guys that runs back
02:44:15 : Side: Napoli: where i can sell uaz with dshkm?
02:53:19 : Side: Daryl: prime reason why spawn select should just be removed
04:26:35 : Side: Napoli: again cant find last bot -_-
04:28:08 : Side: Daryl: Would an
04:29:03 : Side: Daryl: Can someone pls buy me a car or sell some stuff at hero or bandit for me
05:24:52 : Side: Napoli: again last bot :DD
05:25:05 : Side: Napoli: hiding some wheere
05:25:31 : Side: Napoli: yay/
08:02:40 : Side: Robbys Gamer: where are you
11:47:13 : Side: PoPPe: wich car is best offroad?
11:47:35 : Side: Energy2Lord: anyone in cherno?
12:06:11 : Side: MacManBob: how do i make suicide
12:08:12 : Side: PoPPe: try the f buttons.
12:08:32 : Side: PoPPe: f1 etc
12:15:55 : Side: Energy2Lord: how do you get money on this server
12:17:30 : Side: PoPPe: do missions and sell the gear
12:17:45 : Side: Energy2Lord: where do i sell gear?
12:17:58 : Side: PoPPe: trader 
12:18:01 : Side: Buk Lau: traders
12:18:06 : Side: PoPPe: yup
12:18:33 : Side: Energy2Lord: alright thanks
12:18:38 : Side: PoPPe: np
12:19:28 : Side: Buk Lau: who has a mic in this server because everytime i run into someone they dont talk atall
12:19:55 : Side: Energy2Lord: me and my friend have mics
12:20:21 : Side: Buk Lau: who your friedn
12:20:42 : Side: Energy2Lord: tim
12:21:04 : Side: Tim: waddup fam
12:21:25 : Side: Buk Lau: what up homie
12:22:02 : Side: Tim: nutting much
12:22:06 : Side: Tim: wanna fuck?
12:22:16 : Side: Buk Lau: yea man down to smash
12:23:44 : Side: Tim: lemme smash
12:36:10 : Side: MacManBob: guys
12:36:13 : Side: MacManBob: how do i make suicide
12:51:43 : Side: Energy2Lord: rip
13:26:53 : Side: PoPPe: is that a hero costume ded?
13:58:25 : Side: Bock: damn
13:58:28 : Side: Bock: 90 fps today
13:58:38 : Side: Josh: im on max view distance on 55
13:58:42 : Side: Josh: its pretty good
13:59:08 : Side: Bock: And max view distance is 4000m, right?
13:59:19 : Side: Josh: yep
14:03:53 : Side: Bock: are you able to steal plotpoles on this server?
14:04:05 : Side: Josh: dont think so
14:58:58 : Side: Bock: what can you buy in 'whole saler' on this server?
15:15:58 : Side: Bock: who took the presidents in town mission?
15:16:19 : Side: evoz: who cares?
15:16:27 : Side: Bock: i do
15:16:40 : Side: evoz: kill me and get gold
15:16:48 : Side: evoz: 4Head
15:17:58 : Side: Bock: Meet me outside the Pub at sunrise tomorrow
15:18:35 : Side: evoz: ill drink out all my money
15:24:22 : Side: Bock: Vodnik vybor?
15:35:55 : Side: Energy2Lord: my car got bugged in kamichovo
15:36:39 : Side: Energy2Lord: any admins on?
15:37:24 : Side: MacManBob: how do i make suicide
16:06:36 : Side: MacManBob: anyone at the weapons cache?
16:09:42 : Side: Kristofer: LOL
16:25:26 : Side: PoPPe: where can i sell my shey tec rifle?
16:25:34 : Side: Bock: cheytac?
16:25:42 : Side: Bock: Can i buy it?
16:25:45 : Side: PoPPe: lol. yes
16:26:14 : Side: Bock: how much would i have to pay
16:26:55 : Side: PoPPe: dont know how much do you think
16:27:22 : Side: Bock: well, ill not pay more than 80k
16:27:35 : Side: Kristofer: bob just give up
16:28:00 : Side: PoPPe: np. ill give it to you for free
16:28:11 : Side: Bock: Really ? :
16:28:38 : Side: PoPPe: sure. i dont nead it, and i cant sell it so
16:28:56 : Side: Bock: ok, im stary
16:29:23 : Side: Bock: im in
16:29:27 : Side: PoPPe: il pick it up on my way there..
16:33:27 : Side: Bock: rip
16:36:25 : Side: PoPPe: you still at trader?
16:36:30 : Side: Bock: yea
16:37:00 : Side: PoPPe: cool. im there in 2-3min
16:37:23 : Side: Bock: Ok
16:37:24 : Side: Kristofer: what is your favourite explosive material?
16:39:01 : Side: Kristofer: How do you just keep dying macmanbob?
16:54:36 : Side: Kristofer: vodka nun
16:54:44 : Side: Bock: Vodka Nonne
17:01:49 : Side: MacManBob: wtf
17:02:12 : Side: MacManBob: why does it say you can only buy 0 regular magazines and 2 sidearm magazines into your gear when im fucking buying lockboxes
17:02:28 : Side: MacManBob: nvm
17:03:55 : Side: Bock: rip
17:16:02 : Side: MacManBob: can you break a safe?
17:16:06 : Side: MacManBob: like shoot it
17:16:08 : Side: MacManBob: and it breaks
17:30:51 : Side: MacManBob: how do you make something ur building lower like sink it down
17:30:54 : Side: MacManBob: so it doesnt fly
17:31:08 : Side: MacManBob: anyone knows how to lower an item ur building?
17:31:27 : Side: MacManBob: noone knows?
17:31:28 : Side: PoPPe: pgdown
17:31:31 : Side: MacManBob: thanks
17:36:07 : Side: PoPPe: ill fuck up your trallala
17:36:23 : Side: Dont touch my Tralala: ok
17:36:53 : Side: Dont touch my Tralala: but its tiny so pls be carefully
17:37:05 : Side: PoPPe: lol
18:33:17 : Side: LYD: hello my freinds
18:35:03 : Side: LYD: how is everyone doing today
18:48:12 : Side: MalteserHead: Admin
18:48:19 : Side: Turmoil: Yes
18:48:56 : Side: MalteserHead: What's the deal with building near ATM's
18:49:16 : Side: Turmoil: what do you mean? that you cannot build near them?
18:49:37 : Side: MalteserHead: I need to know the distance
18:50:11 : Side: MalteserHead: ?
18:50:15 : Side: Turmoil: 700m
18:50:32 : Side: Turmoil: 
18:50:40 : Side: MalteserHead: Thanks
18:50:46 : Side: Turmoil: your welcome :)
18:50:54 : Side: MalteserHead: :)
18:50:58 : Side: Dont touch my Tralala: 824 m away :3
18:51:14 : Side: MalteserHead: ?
18:55:03 : Side: MalteserHead: I have a location that is 890 m away :)
18:55:10 : Side: Dont touch my Tralala: nice 
18:55:21 : Side: MalteserHead: Anyone wonna team for tonight
18:55:46 : Side: MalteserHead: ;(
18:56:04 : Side: MalteserHead: Tralala?
18:56:38 : Side: MalteserHead: Teamspeak
18:56:56 : Side: Dont touch my Tralala: i´m on the server ts3
19:32:06 : Side: Josh: hello darkness my old friend
19:32:24 : Side: [eXp] RageBlack: hi josh :>
19:32:27 : Side: [eXp] Gruby: I come to talk with you again
19:32:29 : Side: [eXp] CziQita: why not say hello to me Josh?
19:32:29 : Side: Josh: one sec
19:32:37 : Side: [eXp] RafcioZG: hey
19:33:23 : Side: Josh: hey guys ;)
19:33:33 : Side: LYD: aight lads
19:36:15 : Side: [eXp] Gruby: Turmoil
19:36:22 : Side: [eXp] Gruby: Are you near me?
19:38:26 : Side: [eXp] Gruby: Nice glitch man
19:38:36 : Side: Josh: irony?
19:38:41 : Side: Josh: kappa123
19:38:41 : Side: [eXp] Gruby: Admin please come over here
19:42:24 : Side: [eXp] CziQita: very smart to go for raid with money :D
19:42:40 : Side: [eXp] RafcioZG: thx for btr
19:48:21 : Side: Josh: how much 10 oz gold sell for? i presume 10k each
19:48:29 : Side: [eXp] RafcioZG: yep
19:48:35 : Side: Josh: ty
20:16:14 : Side: joshua: anyone wanna team with me
20:16:22 : Side: [eXp] CziQita: y
20:16:36 : Side: joshua: becuase im new to the server and i dont like playing alone
20:17:30 : Side: [eXp] CziQita: we can give you weapon if you want
20:17:42 : Side: joshua: naw
20:17:43 : Side: [eXp] CziQita: with few mags
20:18:10 : Side: [eXp] CziQita: and hmmwv
20:18:13 : Side: [eXp] CziQita: interested?
20:18:15 : Side: joshua: i jut wanna team withsome body
20:18:21 : Side: [eXp] RafcioZG: we can leave it somewhere
20:18:22 : Side: joshua: but sure
20:18:31 : Side: [eXp] CziQita: where are you then?
20:18:41 : Side: joshua: balota
20:18:59 : Side: [eXp] CziQita: big distance
20:19:01 : Side: [eXp] CziQita: from us
20:19:14 : Side: joshua: rip
20:21:14 : Side: joshua: i can make my own money to get a hummmv but i just wanted a team 
20:21:40 : Side: joshua: so exp how overpowered are yall
20:22:16 : Side: [eXp] RafcioZG: pls nerf
20:22:22 : Side: [eXp] Gruby: kappa xd
20:22:46 : Side: Mike Fondu: eksde
20:22:57 : Side: [eXp] RafcioZG: eks dededede
20:22:57 : Side: [eXp] Gruby: yep
20:25:14 : Side: joshua: so does anyone wanna team 
20:25:23 : Side: joshua: it can just be for today 
20:25:24 : Side: Romeo Waffle: nah
20:25:38 : Side: [eXp] CziQita: why would you teamup for 1 day
20:25:50 : Side: joshua: im just trying to make friends
20:26:16 : Side: joshua: it looks like baum needs help lol
20:26:28 : Side: [eXp] Gruby: XD
20:26:29 : Side: [eXp] RafcioZG: :D
20:26:30 : Side: [eXp] CziQita: we can give you weapon and a car
20:26:38 : Side: Romeo Waffle: dont trust em man
20:26:41 : Side: [eXp] Gruby: Yep we dont need this
20:26:45 : Side: [eXp] CziQita: best starter pack to make "friends"
20:26:45 : Side: Romeo Waffle: they will keep you as a pet
20:26:48 : Side: [eXp] Gruby: Like really
20:26:56 : Side: [eXp] CziQita: why would we?
20:26:59 : Side: [eXp] CziQita: we have pets on missions
20:27:01 : Side: [eXp] CziQita: doing it for us
20:27:06 : Side: [eXp] CziQita: and then giving us their stuff
20:27:11 : Side: [eXp] CziQita: LOL
20:27:13 : Side: joshua: i like doing mission
20:27:23 : Side: Soln1shko: how to transfer money to a bank?
20:27:34 : Side: [eXp] CziQita: well it would be better to have us as friends then
20:27:35 : Side: Soln1shko: зды рудз
20:27:37 : Side: evoz: ATM @map
20:27:47 : Side: evoz: to manage ur bank
20:28:05 : Side: joshua: what gun btw
20:28:15 : Side: Soln1shko: tnx
20:28:17 : Side: [eXp] CziQita: DMR/M110
20:28:24 : Side: joshua: ok sounds good
20:28:29 : Side: joshua: i like the dmr
20:28:34 : Side: [eXp] CziQita: plenty of them
20:28:36 : Side: joshua: what mission do u want me to do 
20:28:40 : Side: [eXp] Gruby: +HMMWV
20:28:48 : Side: [eXp] CziQita: we don't want you to make missions
20:28:52 : Side: [eXp] CziQita: why would we?
20:28:52 : Side: joshua: oh 
20:28:59 : Side: joshua: i like doing missions
20:29:00 : Side: [eXp] Gruby: Best starter pack for only 10eur 
20:29:00 : Side: [eXp] Gruby: xd
20:29:04 : Side: [eXp] CziQita: you get the stuff for free
20:29:11 : Side: joshua: ok
20:29:19 : Side: [eXp] Gruby: But after restart 
20:29:20 : Side: joshua: i still wanns do a mission
20:29:26 : Side: [eXp] CziQita: you will be able
20:29:28 : Side: [eXp] CziQita: with our starter pack
20:29:39 : Side: joshua: i will probaly just die 
20:29:42 : Side: [eXp] Gruby: So just do them
20:29:48 : Side: [eXp] CziQita: keep distance from AI
20:29:52 : Side: joshua: i do 
20:29:56 : Side: joshua: i snipe
20:29:58 : Side: [eXp] CziQita: about 800m should be fine
20:29:59 : Side: [eXp] Gruby: But iwht starting weapons its gonna be a bit hard XD
20:30:13 : Side: joshua: i found a mk17 sniper
20:30:17 : Side: [eXp] Gruby: oh god
20:30:25 : Side: [eXp] Gruby: Dont use it XD Its shit 
20:30:29 : Side: [eXp] CziQita: mk17 not best
20:30:31 : Side: joshua: i know 
20:30:31 : Side: [eXp] Gruby: literally
20:30:52 : Side: [eXp] CziQita: yes it's like taking shit to your hand and try to throw it at enemies
20:30:56 : Side: joshua: what are the vehicle spawns if there is any
20:41:15 : Side: joshua: not josh'
20:41:19 : Side: joshua: lol
20:42:15 : Side: joshua: are the camps hard
20:43:23 : Side: Bock: the fuck is going on with that AI heli?
20:43:33 : Side: [eXp] CziQita: what do you mean?
20:44:03 : Side: Bock: weird AI heli flying around me
20:44:09 : Side: Bock: i shot it down
20:44:17 : Side: Bock: dunno wtf happend
20:44:20 : Side: HentaiChan: sorry i dont know
20:45:17 : Side: Bock: Is this server dying?
20:45:20 : Side: Soln1shko: no(
20:45:23 : Side: [eXp] Gruby: why?
20:45:42 : Side: Bock: to me it looks like the player number is falling
20:45:56 : Side: Bock: Slowly
20:45:58 : Side: Bock: everyday
20:46:07 : Side: Bock: or is it just me?
20:46:12 : Side: Bock: Why?
20:46:13 : Side: [eXp] RafcioZG: lol
20:46:17 : Side: [eXp] RafcioZG: who did u ban?
20:46:22 : Side: [eXp] RafcioZG: any premade?
20:46:46 : Side: Bock: Was it WaterMeloan?
20:47:16 : Side: Piesel: did they get ban?
21:01:02 : Side: Piesel: nygger
21:01:14 : Side: [eXp] CziQita: ban
21:01:25 : Side: Piesel: wrong spell xD
21:01:38 : Side: [eXp] CziQita: we all know what you meant
21:01:49 : Side: Piesel: Dno you dond
