18:56:39 : Direct: Turmoil: how may i help?
18:56:47 : Direct: Turmoil: does he get any error message?
18:56:57 : Direct: BL00D: nope
18:57:06 : Direct: Turmoil: name?
18:57:10 : Direct: BL00D: the bar is fully loaded but nothing happens
18:57:15 : Direct: BL00D: gregg
18:57:49 : Direct: Turmoil: give me a sec and i will rely the message to LWB, he is the technical expert :)
18:58:03 : Direct: BL00D: thankyou!!
18:58:21 : Direct: Turmoil: you are welcome
18:59:03 : Direct: Turmoil: he is at the dinner table atm, does your friend have all the latest mods? 1.0.6.1?
18:59:24 : Direct: BL00D: dayZ mod?
18:59:28 : Direct: BL00D: or epoch
18:59:38 : Direct: Turmoil: DayZ Epoch 1.0.6.1 and overwatch 0.2.5
18:59:44 : Direct: BL00D: it should be the latest he just installed it
18:59:50 : Direct: Turmoil: ah yes then it should be
19:00:03 : Direct: Turmoil: he stuck in the lobby? or at loading screen?
19:00:42 : Direct: BL00D: reciving data...
19:01:03 : Direct: Turmoil: its his ping, his spiking at over 350
19:02:32 : Direct: Turmoil: easy
19:02:41 : Direct: Turmoil: just checking why everyone else lost connection
19:02:49 : Direct: schovB: ffs
19:02:58 : Direct: schovB: pls
19:02:58 : Direct: schovB: dont do that xD
19:02:59 : Direct: Turmoil: did not mean to scare you, sorry
19:03:05 : Direct: schovB: np
19:03:26 : Direct: Turmoil: everyone lost connection for some reason, weird... investigation needed
19:26:54 : Direct: Turmoil: hey mate
19:27:07 : Direct: Freedom: do nt have direct mic det up 
19:27:10 : Direct: Freedom: whats up
19:27:19 : Direct: Turmoil: nm, just admining a bit... saw you came on
19:27:41 : Direct: Freedom: cool yep figured i try shooting some people
19:27:49 : Direct: Turmoil: good idea :)
19:28:26 : Direct: Turmoil: did you get that last message? 
19:28:37 : Direct: Freedom: the good idea one?
19:28:46 : Direct: Turmoil: ill do a bit more stuff and we can play A3 after? :D
19:28:56 : Direct: Freedom: sounds good bro
19:29:17 : Direct: Turmoil: im off from here, hit me up on whatsapp or something if you need me ^^
19:29:29 : Direct: Freedom: cool later
19:42:03 : Direct: Turmoil: experiencing some connection issues?
19:42:08 : Direct: Freedom: nope
19:42:20 : Direct: Freedom: door wouldent open for sec but that was it
19:42:22 : Direct: Turmoil: weird, seems like the server is beeing DDOS attacked 
19:42:31 : Direct: Freedom: seen that
19:42:54 : Direct: Freedom: player was flying ac130 and it crashed right over there
19:43:08 : Direct: Turmoil: shhhhh
19:43:20 : Direct: Turmoil: xD
19:43:31 : Direct: Freedom: hahah
20:10:59 : Direct: Przemek: hi
20:11:04 : Direct: Turmoil: hi there
20:11:17 : Direct: Przemek: is there an option to restore my items?
20:11:25 : Direct: Turmoil: i appologize for the trouble, what did you loose?
20:11:43 : Direct: Przemek: m14 socom, desert ghilie,czech backpack
20:12:04 : Direct: Przemek: and some other weapons but i dont remeber what was it
20:12:20 : Direct: Turmoil: give me one sec :)
20:16:19 : Direct: Przemek: im back
20:16:39 : Direct: Turmoil: is that ok? you can have the backpack as well
20:16:50 : Direct: Przemek: yep thanks :)
20:17:05 : Direct: Turmoil: you are very welcome :) 
20:17:50 : Direct: Przemek: Is there still a bug with wearing clothes
20:17:54 : Direct: Przemek: ??
20:18:14 : Direct: Turmoil: shouldnt be according to technical admin 
20:19:01 : Direct: Turmoil: not working?
20:19:28 : Direct: Przemek: its fine 
20:19:37 : Direct: Przemek: i accidently tear it XDD
20:19:44 : Direct: Turmoil: lol
20:20:14 : Direct: Turmoil: well, have a good one, hope your loss was compensated fairly
20:20:28 : Direct: Przemek: yep thanks again bye
20:51:21 : Direct: Freedom: :)
20:51:27 : Direct: Turmoil: hows it going?
20:51:37 : Direct: Turmoil: whaaat xD
20:51:39 : Direct: Freedom: good
20:51:48 : Direct: Freedom: lol satchel
20:52:12 : Direct: Turmoil: where did u find the satchel?
20:52:24 : Direct: Freedom: barracks second one i have found
20:52:41 : Direct: Turmoil: nice :D
20:52:49 : Direct: Freedom: i know i love satchels]
20:53:39 : Direct: Turmoil: im out, incoming people
20:53:44 : Direct: Turmoil: gl ^^
21:11:57 : Direct: Turmoil: im off this server now, gonna take a little break
21:12:13 : Direct: Turmoil: then maybe we can play some A3 after? :D
21:12:24 : Direct: Freedom: yep sounds good
23:13:04 : Direct: galina: umira6 ot glad
23:13:12 : Direct: galina: infekciq
23:13:16 : Direct: galina: udari antibiotic
23:14:39 : Direct: galina: um nz udari 1 manja vupreki tva
23:15:06 : Direct: galina: em to ot hranata
23:15:12 : Direct: galina: pogledai go malko
23:16:11 : Direct: galina: bandage /
23:16:44 : Direct: galina: i dunno osven relogni ?
23:17:06 : Direct: galina: daam ti blood
23:17:09 : Direct: galina: akunlio
23:17:14 : Direct: galina: bagove
23:17:17 : Direct: galina: da si nalee6
23:17:23 : Direct: galina: to 1 put
23:18:38 : Direct: galina: vij si statsovete ne6to ?
23:18:51 : Direct: galina: proai 1 antibiotic
23:19:12 : Direct: galina: 6tom sprq da ti durpa
23:19:24 : Direct: galina: retarded game
23:19:34 : Direct: galina: zako im trqa6e da razglobqt si4ko
