08:03:28 : Group: SEN ONE: please dont kill me
15:23:03 : Group: Rocket: я щас приду
15:23:11 : Group: Rocket: подожди меня пару мин
15:25:05 : Group: Din: двай лопатку мне и ломик на всякий
15:27:56 : Group: Rocket: я тут
15:30:19 : Group: Rocket: сумку проверь
15:30:54 : Group: Din: на ломатку
15:31:04 : Group: Din: сам разбери
15:31:10 : Group: Din: я тебя добавил
15:32:06 : Group: Rocket: не могу
15:32:53 : Group: Din: я тоже немогу
15:33:36 : Group: Din: show plot boundary написано
15:33:46 : Group: Din: это нажимать?
15:33:52 : Group: Rocket: ща сек
15:35:07 : Group: Din: может ещё ломик нужен?
15:35:08 : Group: Rocket: ща ппробую что-нибудь поставить
15:35:38 : Group: Rocket: фак
15:35:46 : Group: Rocket: набор инструментов нужен
15:36:24 : Group: Din: у тебя есть?
15:36:25 : Group: Rocket: походу придется купить XD
15:36:31 : Group: Din: бляяяяя
15:36:33 : Group: Din: ска
15:36:43 : Group: Rocket: на ломик
15:36:49 : Group: Rocket: попробуй с ним
15:36:50 : Group: Din: похуй
15:36:54 : Group: Din: поелетли продадим
15:42:12 : Group: Din: вези обратно
15:42:25 : Group: Din: щас призедента будем гасить нахуй
15:42:53 : Group: Rocket: П
15:42:59 : Group: Rocket: пиздец
15:45:52 : Group: Rocket: не закрывай
15:46:30 : Group: Din: какой код?
15:46:34 : Group: Rocket: 5225
15:46:37 : Group: Rocket: ой
15:46:39 : Group: Rocket: 5226
15:47:28 : Group: Rocket: сюда всякую хуйню тип сторй материалов и патронов на технику
15:49:59 : Group: Din: нужзно патроны купить мне
15:50:05 : Group: Din: на винтовку
15:50:09 : Group: Rocket: у меня магазины есть
15:50:21 : Group: Din: на вот эту?
15:50:32 : Group: Din: там 1 всего магазин 5 патронов
15:50:41 : Group: Rocket: оно?
15:50:46 : Group: Din: нет
15:50:48 : Group: Din: SD
15:50:54 : Group: Din: для глушителя
15:51:00 : Group: Rocket: фак
15:51:23 : Group: Din: они вообще продаются?
15:51:42 : Group: Din: садись
15:51:48 : Group: Rocket: помоги строй мат переложить и патрики к мигану
15:55:06 : Group: Din: на м110 от дмр не подходят а на ту подходили((
15:55:47 : Group: Din: давай реще пока миссия не пропала
15:55:58 : Group: Din: бля уже
15:58:18 : Group: Rocket: бля я инструменты не выложл
15:58:23 : Group: Rocket: но пох
15:59:19 : Group: Din: пиздец
15:59:23 : Group: Din: нет таких патронов
16:01:57 : Group: Din: у тебя есть 3к бабла??
16:02:21 : Group: Rocket: ща сек
16:03:19 : Group: Din: бля нужно 3 к
16:03:24 : Group: Rocket: отдал все
16:03:27 : Group: Rocket: что есть
16:03:47 : Group: Rocket: могу 2 магазина продать и дать
16:03:56 : Group: Din: всё збс
16:04:00 : Group: Din: погнали на базу
16:04:07 : Group: Din: я за 100к купил винтовку...
16:04:12 : Group: Din: которую проебал тогда
16:04:27 : Group: Rocket: еба ты бес
16:05:06 : Group: Rocket: 100 к проебать когда у нас 10 винтовок на базе
16:05:18 : Group: Din: такой нету
16:07:25 : Group: Din: пезда этим ботам
16:08:33 : Group: Din: всё теперь можно на мисси
16:09:33 : Group: Din: го на том мишке который внизу
16:09:38 : Group: Din: или ему пиздец?
16:09:43 : Group: Rocket: его чинить надо двигло
16:11:01 : Group: Rocket: надо будет купить шлаки
16:11:12 : Group: Rocket: го на мв-22
16:11:24 : Group: Din: я туда и поставил теперь
16:11:43 : Group: Rocket: и еще по дороге мой сув гламурный заберем
16:11:54 : Group: Rocket: =D
16:12:03 : Group: Din: ну его нахуй
16:14:46 : Group: Din: там пулимёт станковый
16:15:08 : Group: Rocket: я не вижу нихуя
16:15:34 : Group: Din: убил
16:18:16 : Group: Rocket: верт мешает
16:19:22 : Group: Rocket: за деревом 2
16:20:06 : Group: Din: к нам бегут 
16:20:11 : Group: Din: очень близко
16:21:11 : Group: Rocket: внизу сув
16:22:26 : Group: Din: я 11 убил
16:22:42 : Group: Rocket: 2
16:23:03 : Group: Rocket: я подойду поближе
16:23:25 : Group: Din: осторожнее могут у подножья быть я не виддел просто
16:23:51 : Group: Din: но вроде всё
16:24:11 : Group: Din: у тебя там на поле должны быть 1 или 2 трупа
16:24:21 : Group: Din: спереди возле 1 дерева
16:24:34 : Group: Rocket: тут чейто сув закрытый
16:24:57 : Group: Din: я тоже спускаюсь
16:25:25 : Group: Rocket: на верте осмотри
16:25:28 : Group: Rocket: лучше
16:25:44 : Group: Rocket: тут еще 2 машины
16:26:00 : Group: Rocket: слева
16:26:02 : Group: Rocket: у леса
16:26:12 : Group: Rocket: грузовик и сув
16:26:17 : Group: Din: тут бот
16:28:59 : Group: Din: как хочешь
16:29:37 : Group: Din: бот в палатке
16:35:52 : Group: Din: вот шлюха
16:35:57 : Group: Din: как я его не убил то блять
16:36:29 : Group: Din: забирай и вали отттуда\
16:36:49 : Group: Din: вали нахуй забирай мой шмот и вали
16:36:55 : Group: Din: винтовка самое главное
16:39:19 : Group: Din: да
16:39:25 : Group: Din: блять без связи хуёво
16:39:49 : Group: Din: вот я в лобовуху ему засандалилл прямо в него обойму ему похуй
16:40:12 : Group: Din: в зелено
16:40:36 : Group: Din: он может сдох?
16:40:48 : Group: Din: это его был
16:41:00 : Group: Din: сув 1 без прицепа???
16:41:12 : Group: Din: ну к нему небыло приклеплено ничего
16:41:17 : Group: Din: ??
16:41:40 : Group: Din: ублюдок
16:41:44 : Group: Din: вот кто сдох сейчас
16:41:51 : Group: Din: вот этот меня убивал тогда
16:42:55 : Group: Din: бля нужна сумка
16:43:14 : Group: Din: не слышу
16:43:21 : Group: Din: нашёл
16:46:18 : Group: Rocket: ты тут?
16:46:27 : Group: Din: да
16:54:32 : Group: Din: бля илюх ты где?
16:55:35 : Group: Din: БЛЯ
16:56:19 : Group: Din: дай антибиотики
16:56:23 : Group: Din: я заболел блять
16:57:17 : Group: Din: хз
16:57:25 : Group: Din: пошли отсюда
16:57:28 : Group: Din: оружейка
16:57:32 : Group: Din: большая
16:57:39 : Group: Din: кайот
16:58:20 : Group: Din: бля 15 человек ахуеть
16:58:58 : Group: Din: у меня хуманити 4404
16:59:40 : Group: Din: нахуй эту машину
17:00:54 : Group: Din: что я отходил просто?
17:01:17 : Group: Din: что?
17:01:23 : Group: Din: плохо слышно
17:01:25 : Group: Din: хз
17:01:43 : Group: Din: го на торгашку
17:03:00 : Group: Din: ха кто-то упал на вертеъ
17:07:42 : Group: Din: ага
17:08:04 : Group: Din: го на базу
17:08:12 : Group: Din: у меня есть
17:08:48 : Group: Din: щас переоденусь и пойду кемперить пидаров на миссиях
17:08:57 : Group: Din: заебали уроды нахуй 
17:09:06 : Group: Din: мне похуй что я почти уже герой 
17:09:19 : Group: Din: чтобы героям стать сколько хуманити нужно?
17:09:34 : Group: Din: ебать снайпер
17:09:38 : Group: Din: 3 м XD
17:09:53 : Group: Din: вот я сука админа убил с 800 метров)
17:10:05 : Group: Din: а этот щегол
17:12:30 : Group: Din: я тебе баблог отдал
17:12:42 : Group: Din: я погнал 
17:12:53 : Group: Din: велик
17:14:42 : Group: Din: бля сломал велик
17:14:44 : Group: Din: (
17:15:22 : Group: Din: сув?
17:16:28 : Group: Din: где он??
17:16:47 : Group: Din: ГДЕ БЛЯТЬ ОН??
17:16:49 : Group: Din: ска
17:28:56 : Group: Din: пиздуй сюда
17:29:04 : Group: Din: на миссию веапон бандиты
17:29:11 : Group: Din: я её зачистил
17:29:49 : Group: Din: садись на миссию забирай всё а я прекрою
17:30:19 : Group: Din: ты слышишь
17:31:15 : Group: Din: что?
17:31:19 : Group: Din: я отходил
17:31:46 : Group: Din: потом
17:31:53 : Group: Din: давай реще 12 минут
17:33:15 : Group: Din: у меня 5 к хуманити
17:33:43 : Group: Din: бот или нет??
17:34:15 : Group: Din: не вижу
17:35:38 : Group: Din: всё 
17:35:49 : Group: Din: БЛЯТЬ ОН ПО ТЕБЕ ЧУТЬ ИЗ РПГ НЕ ШМАЛЬНУЛ
17:35:55 : Group: Din: убил
17:57:04 : Group: Rocket: э пздюк
17:58:44 : Group: Rocket: я в торгашку
18:01:22 : Group: Din: блять винтарь продать нельзя походу
18:01:42 : Group: Din: а не можно
18:12:19 : Group: Din: ага
18:13:29 : Group: Din: они на 276 высоте походу
18:14:30 : Group: Din: из могилёвки
18:15:01 : Group: Din: да там верталёт
18:17:25 : Group: Din: это ты стрелял??
18:18:15 : Group: Din: не я
18:23:55 : Group: Din: ты сука ботов наагрил
18:26:24 : Group: Din: вроде убил
18:27:03 : Group: Din: ДА ОНИ БЛЯТЬ ВПЛОТНУЮ ПОДОШЛИ
18:27:13 : Group: Din: СУКА СЗАДИ МЕНЯ № БЫЛО Я АХУЕЛ ПРОСТО И УБЕЖАЛ
18:27:19 : Group: Din: в 100 метрах
18:27:54 : Group: Din: я отойду прикрой меня
18:28:06 : Group: Din: да мне нужно выйти
18:28:30 : Group: Din: да мне сумки поднять
18:28:39 : Group: Din: я ушел
18:33:05 : Group: Din: я тут
18:33:33 : Group: Rocket: я ебал 3 км бежать
18:33:39 : Group: Rocket: заебался пздц
18:34:12 : Group: Din: да
18:38:15 : Group: Din: всё у меня места нету
18:40:47 : Group: Din: щас дочистим
18:48:12 : Group: Din: я утт
18:49:13 : Group: Din: слушай может го до героя?
18:49:35 : Group: Rocket: МОЖНО
18:49:39 : Group: Rocket: ток сек
18:53:15 : Group: Rocket: на какую?
18:53:22 : Group: Din: герою
18:53:28 : Group: Din: на торгашку
18:53:28 : Group: Rocket: какую????
18:53:33 : Group: Din: к нему
18:53:45 : Group: Din: хочу посмотреть сколько хуманити нужно
18:53:49 : Group: Din: да
18:53:52 : Group: Din: до героя
18:54:07 : Group: Din: 9.5 км\
18:57:07 : Group: Din: опа
18:57:11 : Group: Din: могу торговать)
18:57:24 : Group: Din: ЕБАТЬ ТУТ ВИНТОВОК
18:57:27 : Group: Din: АХУЕТЬ
18:57:44 : Group: Din: 5900
18:59:02 : Group: Din: привези 300к бабал
18:59:23 : Group: Din: SD винтовку и патроны
18:59:28 : Group: Din: как у меня
18:59:36 : Group: Din: нет
18:59:45 : Group: Din: я тебе куплю и себе
18:59:52 : Group: Din: м110
18:59:59 : Group: Din: ок
19:00:07 : Group: Din: соровно привези 300к
19:00:20 : Group: Din: да
19:00:52 : Group: Din: мало
19:00:54 : Group: Din: танков нету
19:00:58 : Group: Din: да
19:01:21 : Group: Din: сув 200к
19:01:44 : Group: Din: бтр 30
19:01:53 : Group: Din: бтр90 300к
19:02:03 : Group: Din: 5 сек
19:03:07 : Group: Din: я тут
19:03:34 : Group: Din: ЕБАТЬ АС 600к....
19:04:22 : Group: Din: нет нету
19:05:06 : Group: Din: ты из сейфов забираешь?ъ
19:05:14 : Group: Din: там во 2 тоже есть
19:05:44 : Group: Din: ок вези
19:05:57 : Group: Din: можно будет тебя сделать бандитом
19:06:14 : Group: Din: нет чтобы торговать мог)
19:06:24 : Group: Din: меня убьёшь потом раз 5
19:10:53 : Group: Din: забери винтовку
19:13:22 : Group: Din: она на 1400 шмаляет
19:14:00 : Group: Din: 78к
19:14:22 : Group: Din: на миссию?
19:16:20 : Group: Din: нужно дверь поставть
19:17:15 : Group: Din: го потом на чёрную миссию
19:17:34 : Group: Din: тут кто-то сеть
19:17:45 : Group: Din: на машине вродже
19:24:29 : Group: Din: туту кто-то есть
19:24:38 : Group: Din: слева
19:24:42 : Group: Din: слышал машину
19:24:50 : Group: Din: вон там
19:25:26 : Group: Din: хз
19:28:06 : Group: Din: дохера 
19:28:15 : Group: Din: бери с продавать полетим
19:30:12 : Group: Din: ок
19:30:37 : Group: Din: слетаем ещё раз к герою после собора
19:30:44 : Group: Din: я забыл купить кое-что
19:30:50 : Group: Din: как раз продадим и я куплю
19:31:27 : Group: Din: сиди в верте
19:31:42 : Group: Din: я продам потом ты выложищь оружие как я залезу
19:33:55 : Group: Din: выкладывай
19:34:45 : Group: Din: нету
19:35:18 : Group: Din: да
19:35:23 : Group: Din: это поцыка машина
19:35:39 : Group: Din: Szosti зовут
19:36:15 : Group: Din: он к нам не мог сесть случаем?
19:41:06 : Group: Din: если хочешь надень санйпера террористов
19:41:33 : Group: Din: возле гуглово посади
19:41:52 : Group: Din: а?
19:41:59 : Group: Din: да
19:42:03 : Group: Din: я тебе отдам
19:42:09 : Group: Din: ок
19:43:47 : Group: Din: тут нету их
19:45:15 : Group: Din: нету?
19:45:20 : Group: Din: высади в гуглово
19:45:36 : Group: Din: 331 отметка
19:46:10 : Group: Din: под гугловым на вершине горочки
19:46:24 : Group: Din: щас зачишу и всё спать пойду
19:46:35 : Group: Din: нет всё
19:46:40 : Group: Din: гадо выходить
19:47:03 : Group: Din: ага
19:49:24 : Group: Din: я тут выйду
19:49:25 : Group: Din: ок
19:49:38 : Group: Din: и тебе спокойной
20:26:24 : Group: Twanyboy: /
20:26:57 : Group: Twanyboy: /niggewr
