00:01:39 : Group: Logan: killme
00:01:41 : Group: Rogers: //killme
00:01:46 : Group: Logan: /killme
11:09:10 : Group: VertDider: u here?
11:09:19 : Group: DwightyBoy: zeleno
11:09:22 : Group: DwightyBoy: :D
11:09:37 : Group: VertDider: damn good bots
11:09:47 : Group: DwightyBoy: yeah
11:09:56 : Group: VertDider: going on a bike to our bodies
11:10:12 : Group: DwightyBoy: mee too
11:10:43 : Group: VertDider: ill fucking kill them for this heli
11:14:52 : Group: VertDider: ready?
11:15:06 : Group: DwightyBoy: yes
11:18:08 : Group: DwightyBoy: where are they
11:18:21 : Group: VertDider: see them
11:19:00 : Group: DwightyBoy: i dont
11:19:28 : Group: VertDider: u have sniper rifle?
11:19:35 : Group: DwightyBoy: yes
11:19:47 : Group: VertDider: give me that for a few minutes
11:22:10 : Group: VertDider: will be there in few minutes
11:22:24 : Group: DwightyBoy: okay i will try
11:27:31 : Group: DwightyBoy: they are pushing us
11:28:02 : Group: VertDider: нуз
11:28:07 : Group: VertDider: yep
11:33:20 : Group: DwightyBoy: i have to go to work so bye..see you later...good luck on mission
11:33:46 : Group: VertDider: thanks, see u
17:05:59 : Group: Przemek (2): czarne kur.wy
17:06:29 : Group: Przemek (2): OP to pedał
17:07:58 : Group: BuenosNachos: śmierdolisz xd
17:13:20 : Group: Przemek: omg on se to tłumaczy bardzo śmieszne hehe
17:13:33 : Group: Przemek: teraz będzie mnie sprawdzał
17:13:36 : Group: Przemek: lol XD
17:13:50 : Group: SaddamHaysayn: jestem pedalem :)
17:14:20 : Group: BuenosNachos: elo świry
17:14:25 : Group: BuenosNachos: co gdzie lecimy?
17:14:28 : Group: Przemek: tłumaczysz se to teraz?
17:14:35 : Group: Przemek: przetłumacz se to
17:14:58 : Group: Takei: nosz kurde
17:15:09 : Group: Takei: tłumacz se zobaczysz gupolu
17:15:31 : Group: Przemek: xddd
17:16:06 : Group: BuenosNachos: przemek przemek penetrator szparek
17:16:13 : Group: Przemek: aye
17:16:20 : Group: BuenosNachos: kupujesz w pewksie xd
17:16:31 : Group: Przemek: oni mają specjalny skrypt którego działania nie rozumiem
17:16:35 : Group: Przemek: po prostu działa
17:16:38 : Group: Takei: ten mode to jednak pedolino
17:17:49 : Group: BuenosNachos: im 34yo black male from spain yet he still banned me for being racist
17:17:52 : Group: BuenosNachos: come ts to us
17:18:03 : Group: Przemek: lol
17:18:09 : Group: BuenosNachos: przemek come teamspeak
17:18:24 : Group: Przemek: k
17:19:03 : Group: Seba: Racism is bad m'kay
17:19:20 : Group: Takei: y admin reads our group chat 
17:19:27 : Group: Takei: what is goin on here
17:19:36 : Group: Takei: its nsa or wat
17:20:17 : Group: SaddamHaysayn: im gay and i love my boyfirend, anny insult will be treated as a homophobic
17:20:20 : Group: SaddamHaysayn: so be careful
17:20:25 : Group: SaddamHaysayn: + not joking
17:21:06 : Group: Takei: but u know that insulting gay people isnt homophobic, homophobia is fear of not straight people
17:32:58 : Group: Przemek: maybe its tony hawk?
17:34:12 : Group: Przemek: Do you like keemstar?
17:40:25 : Group: Przemek: omg bait bait bait
18:22:31 : Group: Blue Madick: xD
18:23:11 : Group: Przemek: trumpet is a fagq
18:26:19 : Group: Seba: JOSH U STUPID CUCK
18:49:33 : Group: James: do you want to get picked up
20:13:06 : Group: Silas Lintrup: hvad laver du
21:25:54 : Group: [KEK] Lutajev: i need to be quite
21:25:59 : Group: [KEK] Lutajev: cant speak 
21:26:11 : Group: [KEK]neshy33: i cant lucas guis
21:33:26 : Group: [KEK] Lutajev: gj
21:34:11 : Group: [KEK] Lutajev: nuuuuu
21:35:11 : Group: [KEK] Lutajev: wut ? 
21:38:10 : Group: [KEK] Lutajev: no
21:40:29 : Group: [KEK] Lutajev: can U open
21:44:03 : Group: [KEK] Lutajev: U had balclava :) and i dont :(((
21:44:08 : Group: [KEK] Lutajev: bad face model ? 
21:44:48 : Group: [KEK] Lutajev: no  :D:D
21:47:26 : Group: [KEK] Lutajev: i cant
21:48:45 : Group: [KEK] Lutajev: why i dont have balaclava ? bad face model ? 
21:48:53 : Group: [KEK]neshy33: ye
21:49:09 : Group: [KEK] Lutajev: witch one to take ? first ones ? 
21:49:17 : Group: [KEK]neshy33: da
21:49:17 : Group: [KEK] Lutajev: U can speak mic :D
