00:19:08 : Side: HaddenHD: hey 
00:19:21 : Side: plogeN: hi
00:19:26 : Side: HaddenHD: new?
00:19:29 : Side: plogeN: Yep
00:20:09 : Side: HaddenHD: where u at
00:20:15 : Side: plogeN: why?
00:20:21 : Side: HaddenHD: and ill bring u too some geaer
00:20:24 : Side: HaddenHD: gear
00:20:40 : Side: plogeN: On the road between kabanino and stary
00:20:44 : Side: plogeN: blue suv
00:21:06 : Side: HaddenHD: heading that way
00:23:00 : Direct: plogeN: hello
00:23:14 : Vehicle: plogeN: ty
00:23:35 : Vehicle: plogeN: what?
00:23:45 : Vehicle: HaddenHD: u can rool with me if u want
00:23:54 : Vehicle: HaddenHD: roll
00:24:03 : Vehicle: plogeN: ok, i'll think about it
00:24:06 : Vehicle: HaddenHD: k
00:27:47 : Direct: plogeN: idk
00:27:52 : Direct: plogeN: wont be on for long
00:32:21 : Side: plogeN: well, im off for now
00:32:24 : Side: plogeN: see ya
00:32:33 : Side: HaddenHD: alright
15:03:27 : Side: SsSalt: hello!
15:04:11 : Side: Zyke: Hey you ok
15:04:35 : Side: SsSalt: You know how to enable second sight?
15:05:12 : Side: Zyke: nah i'm 1st timer
15:06:40 : Side: SsSalt: is the dynamic weather in this server?
15:07:16 : Side: Zyke: iv'e not seen any yet
15:07:24 : Side: SsSalt: ok
16:28:16 : Side: Twanyboy: Hello , are you guys the admins?
16:28:56 : Side: galina: don't be so mean :/
16:28:59 : Side: Twanyboy: Oh okay, is there an mute option for vechile sounds
16:29:10 : Side: galina: F1
16:29:28 : Side: galina: since your here what happened to survivalist server ?
16:30:01 : Side: galina: diferent name ? cause dayz launcher lost it from history 
16:30:43 : Side: galina: ok thanks
16:31:12 : Side: galina: i just found a random server because i thought the other shut down what luck to find one owned by you guys again
16:31:19 : Side: Twanyboy: Could you insert earpluhs in this server? :)
16:31:31 : Side: galina: F1 is the earplugs
16:32:15 : Side: galina: how do the coin stuff works is there a bank npc or you have to put them in safe or smth
16:45:09 : Side: Twanyboy: are there no banks ?
16:45:22 : Side: LWB [SD]: nope
16:45:35 : Side: Twanyboy: okay
16:45:41 : Side: Twanyboy: thanks 
16:45:47 : Side: LWB [SD]: use a safe or lockbox to store money
16:46:52 : Side: Twanyboy: Dichina camp? is that something AI is at?
16:47:09 : Side: LWB [SD]: currently no
16:47:16 : Side: LWB [SD]: but in the future probably yes
16:57:53 : Side: LWB [SD]: gotta go eat so back later. Have fun
17:18:29 : Side: Thijs: what is the use for all these little building supplies xd
17:18:40 : Side: Thijs: i mean.. nails, string, duct tape etc.
18:33:06 : Side: Gol1aTh: hi all
18:43:09 : Side: Thijs: are those two helicopters in convoy AI?
18:43:53 : Side: Twanyboy: HOI
20:58:56 : Side: Freedom: hello
21:03:13 : Side: Vally: hi admin
21:03:27 : Side: Freedom: yeah man 1061 fixed everything
21:03:30 : Side: Vally: i found bug at map
21:04:30 : Side: Vally: custom mil base at 037-051 gps 
21:04:36 : Side: Vally: dupe objects
21:04:46 : Side: Vally: 2 barracs etc
21:04:51 : Side: Vally: all to two
21:05:02 : Side: Vally: check and fix mr admin
21:05:33 : Side: Vally: bottom neaf aero
21:06:47 : Side: Vally: check to gps coords in game mr admin
21:06:52 : Side: Vally: np m8
21:07:24 : Side: Vally: double install script mb
21:07:36 : Side: Vally: me?
21:07:56 : Side: Vally: emm of corse
21:08:09 : Side: Vally: SORRY MY ENG IS VERY BAD
21:08:27 : Side: Vally: im check after reset mr adimn))))
21:08:48 : Side: [CBT] BloodZ: whats ur language ?`
21:09:13 : Side: Vally: good player can help good admin))))))))))))))))
21:09:36 : Side: Vally: Boodz ua
21:11:17 : Side: Freedom: i get alot better fps in this one
21:11:31 : Side: Vally: after update epoch
21:11:38 : Side: Vally: fps is better
21:11:45 : Side: Vally: up 15fps
21:12:00 : Side: Freedom: hitting 40 here
21:12:26 : Side: Vally: 70-90 in trees
21:12:34 : Side: Vally: 40-50 in city
21:12:50 : Side: Freedom: other server i was getting 21 27 tops
21:12:52 : Side: Vally: before 25-30 allvays
21:13:15 : Side: LWB [SD]: I cant find these doubled up doors anywhere. Did you mean NWAF or NEAF
21:13:28 : Side: Vally: emmm
21:13:41 : Side: Vally: wait
21:15:04 : Side: LWB [SD]: ok found it
21:15:12 : Side: Vally: cool
21:15:23 : Side: Vally: see it?
21:15:39 : Side: LWB [SD]: yes, this is default epoch though not custom
21:15:50 : Side: Vally: oohhh
21:15:59 : Side: Vally: check more
21:16:07 : Side: Vally: mb all double
21:16:48 : Side: Vally: y check at me base?
21:17:36 : Side: LWB [SD]: its just the epoch POI's have doubled for some reason
21:17:46 : Side: Vally: hoho
21:17:52 : Side: Vally: mb bug epoch&
21:17:54 : Side: Vally: ?
21:18:31 : Side: LWB [SD]: all my custom areas are fine, its just the built in ones
21:19:35 : Side: Vally: try help y
21:20:19 : Side: Vally: better disabled POI addons
21:20:26 : Side: Vally: fps is up
21:20:56 : Side: LWB [SD]: my cuatom areas are called through the POI's at the moment
21:21:01 : Side: LWB [SD]: so they need to be on
21:21:10 : Side: LWB [SD]: and I quite like most of the extras
21:21:26 : Side: Freedom: this is running much nicer man i love it
21:21:29 : Side: Vally: oh
21:21:41 : Side: Vally: here hive banks?
21:21:50 : Side: LWB [SD]: no just safe storage
21:21:58 : Side: LWB [SD]: no 1061 has banks yet
21:22:03 : Side: Vally: ok thx
21:22:22 : Side: Vally: i see any server bank system
21:49:41 : Side: LWB [SD]: Gotta love epoch.. the doubling up thing is entirely thier fault. Ive deleted all the files that call those buidlings and yet they are still there XD
21:50:11 : Side: Freedom: lol ohh well 
