11:59:09 : Group: Rocket: если хочешь то можем построить в той церкви старой где была на другом серве
11:59:30 : Group: Rocket: возле гуглово
12:00:13 : Group: Din: что?
12:00:33 : Group: Din: да пох
12:00:57 : Group: Din: сюда иди
12:01:40 : Group: Din: винтовку возьми на земле
12:01:48 : Group: Din: она как дмр
12:02:22 : Group: Din: у 110 тоже обоймы от дмр
12:02:29 : Group: Din: которая у меня
12:02:36 : Group: Din: сейф покупать??
12:04:07 : Group: Din: бля а где у нас база?=В
12:04:31 : Group: Din: нет
12:04:45 : Group: Din: ну
12:05:05 : Group: Din: даф
12:09:21 : Group: Din: сейф 4465
12:11:28 : Group: Din: щас приеду разберёмся
12:12:08 : Group: Din: я рпг возьму
12:15:00 : Group: Din: я тут сув оставлю с ключом
12:15:07 : Group: Din: метку поставь на мне
12:19:18 : Group: Din: меня ранили
12:33:39 : Group: Din: убил пулиметчика в машине
12:36:13 : Group: Din: да он безобидный
12:37:57 : Group: Din: я выхожу мелкий дебил не делаяет нихуя
12:38:03 : Group: Din: зайду попозже
17:28:37 : Group: Rocket: я тут
17:28:55 : Group: Din: го на миссию
17:29:11 : Group: Din: я зачистил немного но патроны кончились
17:29:24 : Group: Rocket: ключ в суве
17:30:05 : Group: Rocket: ты патроны из сейфа взял?
17:30:09 : Group: Din: дац
17:32:42 : Group: Rocket: верт рядом
17:32:58 : Group: Din: похц
17:37:04 : Group: Din: кто то по ним уже работает походу
17:39:52 : Group: Din: спереди
17:40:00 : Group: Din: не стреляй
17:40:51 : Group: Rocket: норм начало
17:52:05 : Group: Din: из ящика все оружие забрал??
17:52:11 : Group: Rocket: да
17:52:19 : Group: Din: ну тогда погнали к суву
17:53:04 : Group: Rocket: фак
17:53:15 : Group: Din: так а где сув?=D
17:53:42 : Group: Din: щас сложим всё в него
17:54:40 : Group: Rocket: выкатывай сув
17:54:46 : Group: Rocket: и залазь в верт
17:55:48 : Group: Rocket: садись
17:56:36 : Group: Rocket: ты его закрыл?
17:56:40 : Group: Din: да
17:56:43 : Group: Rocket: бля
17:56:46 : Group: Din: пох я поеду лучше
18:00:11 : Group: Rocket: тут кто-то есть
18:02:02 : Group: Rocket: подбегай к верту
18:02:09 : Group: Rocket: забирай из него все
18:04:00 : Group: Din: где тут заправка?
18:04:10 : Group: Rocket: подомной
18:04:57 : Group: Din: го до базы
18:05:04 : Group: Din: оттуда и до мисиии недалеко)
18:06:29 : Group: Rocket: из верта в сейф все выложи
18:07:18 : Group: Rocket: ток сперва в машину
18:09:24 : Group: Rocket: бля
18:09:27 : Group: Rocket: подожди
18:09:32 : Group: Din: ?
18:09:38 : Group: Rocket: оружку забыл
18:09:46 : Group: Din: похуй
18:10:58 : Group: Din: БЛЯТЬ 
18:11:04 : Group: Din: миссия пропала(
18:11:51 : Group: Rocket: еще 3 есть
18:12:02 : Group: Din: ага
18:12:10 : Group: Din: на которых нам пизда
18:12:32 : Group: Rocket: ключ в сейф клади от машины
18:12:57 : Group: Rocket: и деньги тоже
18:13:47 : Group: Rocket:  и пздуй на крышу
18:14:24 : Group: Rocket: куда летим?
18:14:27 : Group: Din: го бандитов хуярить они тупые
18:14:55 : Group: Din: хотя не го на герове
18:14:58 : Group: Din: на базу их
18:15:11 : Group: Din: там 4 пулимёта должно быть всего и людей дохуя
18:15:32 : Group: Din: только если там конечно не бронитехника=D
18:15:51 : Group: Rocket: слева милитари
18:16:45 : Group: Din: бля ты что тваришь
18:17:08 : Group: Din: там просто люди -_-
18:17:23 : Group: Din: слева такойже верт
18:18:02 : Group: Rocket: он пустой
18:18:09 : Group: Rocket: по топиву
18:18:13 : Group: Rocket:  и он чей-то
18:18:18 : Group: Rocket: нихуя
18:18:31 : Group: Rocket: иди сюда
18:18:35 : Group: Rocket: нахуй миссию
18:19:00 : Group: Rocket: забирай все
18:19:02 : Group: Din: ЕБАТЬ
18:19:37 : Group: Rocket: все взял:
18:19:40 : Group: Rocket: ?
18:20:09 : Group: Rocket: еба у меня глаз алмаз)
18:20:30 : Group: Rocket: все?
18:20:41 : Group: Din: да но я на миссию
18:20:49 : Group: Rocket: ок я на базу
18:21:05 : Group: Rocket: там в городе машина если что
18:24:13 : Group: Din: пиздуй ко мне
18:24:21 : Group: Rocket: сек
18:24:26 : Group: Rocket: выложу все
18:26:03 : Group: Din: БЛЯТЬ ВОЗЬМИ ПУЛИМЁТ С ПРИЦЕЛОМ
18:26:08 : Group: Din: ТУТ ВЕРТУШКА
18:30:21 : Group: Din: ска
18:39:40 : Group: Din: ты прилитишь??
18:40:35 : Group: Din: аууу
18:41:05 : Group: Rocket: да
18:41:07 : Group: Rocket: лечу
18:41:13 : Group: Din: давай реще
18:41:25 : Group: Din: 25 минут у нас 
18:41:35 : Group: Din: тут вертушка грёбаная
18:42:22 : Group: Din: нужно сесть на холме за миссией где 112 и 110 отметки
18:42:32 : Group: Din: там они будут как на ладони
18:44:17 : Group: Din: бля вертушку сбей ска\
18:44:23 : Group: Din: за мной охотится
18:49:34 : Group: Din: НАХУЙ ЗАЕБАЛА
18:49:43 : Group: Rocket: сбил
18:51:16 : Group: Rocket: у меня патроны закончились
18:53:04 : Group: Rocket: теперь точно все
18:53:56 : Group: Din: ботов не вижу
18:55:39 : Group: Din: теперь точно всё походу
18:56:26 : Group: Rocket: я пойду проверю
18:56:30 : Group: Din: ок
18:56:39 : Group: Rocket: шмотки в верте будут
18:56:53 : Group: Din: мишку проверь
18:57:07 : Group: Din: бля 10 минут
18:59:29 : Group: Rocket: целый
19:17:25 : Group: Thommas: lowest
19:27:01 : Group: Din: стой там щас повеселимся
19:27:11 : Group: Rocket: ты идиот?
19:27:19 : Group: Rocket: у меня бабло и море патронов
19:27:39 : Group: Din: тогда бери мишку и вали на базу
19:27:52 : Group: Din: он сзади меня 
19:28:16 : Group: Rocket: я в чинук тебе 3 обоймы положу
19:30:36 : Group: Rocket: ебать ты близкий
19:38:08 : Group: Din: ска
19:38:13 : Group: Din: почти всех завалил
19:38:27 : Group: Din: возми патроны плиз и прилетай ко мне
19:39:02 : Group: Rocket: ты из чинука забрал обоймы?
19:39:09 : Group: Din: нет ещё
19:39:27 : Group: Rocket: так забери
19:53:07 : Group: Turmoil: LWB keeps getting kicked out from the server, i dont have that problem... but i keep getting booted from the TS for some reason
19:53:33 : Group: Freedom: thats wierd
19:54:52 : Group: Freedom: u broke my bike
19:55:24 : Group: Turmoil: mountain
19:57:00 : Group: Freedom: thanlks
19:57:11 : Group: Turmoil: your welcome, lol
19:59:18 : Group: Freedom: i cans t hit crap today lol
