01:17:31 : Group: Tariko: yup
14:10:32 : Group: VampireRabbito: Где
17:08:44 : Group: Michigan: hey bro
17:09:02 : Group: Michigan: sec, can't talk
17:09:44 : Group: Evan: hello
17:22:59 : Group: [eXp] Gruby: Gdzie sie respić?
17:31:38 : Group: [eXp] Gruby: log out?d
17:52:23 : Group: Gary: rip
17:52:40 : Group: Josh: that was the guy in the armed heli
17:53:43 : Group: Josh: you coming on discord charlie?
18:19:06 : Group: Michigan: 'sup
18:19:10 : Group: Michigan: paniczone17#3334
18:19:12 : Group: Michigan: discord
18:19:29 : Group: Michigan: can't talk rn
18:19:34 : Group: Michigan: on the phone
18:23:16 : Group: Michigan: ya need a pick up?
18:23:44 : Group: Michigan: add me
18:23:47 : Group: Michigan: on discord
18:25:12 : Group: Michigan: i didn't receive a friend request
18:25:16 : Group: Michigan: give me your name and #
18:25:19 : Group: Michigan: on chat
18:26:09 : Group: Leo: mike#3938
18:27:06 : Group: Michigan: can't find you
18:27:14 : Group: Michigan: PanicZone17#3334
18:28:04 : Group: Leo: Sent
18:28:11 : Group: Leo: did you get it
18:51:21 : Group: LYD: um
18:51:31 : Group: LYD: what happened to discord
18:51:35 : Group: Michigan: ?
18:51:37 : Group: Michigan: got disconnected
18:51:44 : Group: Josh: no ide
18:51:46 : Group: Josh: a
18:51:58 : Group: LYD: ddos
18:52:08 : Group: Josh: its the tralala guy
18:53:21 : Group: Josh: discord is back now charlie
18:55:21 : Group: James: charles where you at
18:57:08 : Group: Gary: james
18:57:27 : Group: Gary: james
18:57:42 : Group: Gary: JAMES
18:58:37 : Group: Gary: james
18:59:08 : Group: LYD: what happened?
19:07:57 : Group: Michigan: do you have a gps/
19:08:05 : Group: Michigan: heli crash
19:08:09 : Group: Michigan: let?s check it out
19:08:16 : Group: Michigan: maybe we find an as50
19:08:26 : Group: Michigan: happened to me 2 years ago
19:20:33 : Group: Gary: josh
19:20:57 : Group: Gary: door is open
19:23:30 : Group: Leo: its being slow to the channel
19:24:04 : Group: Leo: its 
19:35:28 : Group: VertDider: yo?
19:35:33 : Group: MrPaulik: yo
19:35:42 : Group: MrPaulik: wanna team up?
19:35:43 : Group: VertDider: wanna something?
19:36:01 : Group: VertDider: im waiting for my teammate now
19:36:24 : Group: MrPaulik: okay and that means no or yes?
19:36:38 : Group: VertDider: its no man
19:36:47 : Group: MrPaulik: alright :D
19:36:52 : Group: VertDider: can wish u good luck)
19:42:17 : Group: Michigan: ts3.b-zone.ro
19:42:19 : Group: Michigan: last room
19:42:23 : Group: Michigan: called dayz, pass is dayz
19:42:58 : Group: Leo: send it again 
19:43:04 : Group: Michigan: ts3.b-zone.ro
19:43:12 : Group: Michigan: pass is dayzs
19:43:13 : Group: Michigan: dayz
19:46:15 : Group: Gary: josh they have a mozzie flying in
19:46:26 : Group: Josh: ill gat them
19:47:19 : Group: Josh: you sure its flying over?
19:48:52 : Group: Michigan: give me your steam name
19:48:54 : Group: Michigan: so i can add you
19:49:05 : Group: Leo: quintenhanner
19:49:18 : Group: Leo: it has pics of guns
19:49:27 : Group: Leo: has a pic of guns
19:50:43 : Group: Michigan: paniczone17, add me, can't find ya
19:50:47 : Group: Michigan: mlp avatar
19:51:51 : Group: Leo: sent
19:52:08 : Group: Michigan: accepted
19:52:21 : Group: Michigan: go to the hospital, if you want to
19:52:25 : Group: Michigan: get some bb
19:53:59 : Group: Leo: ima snipe from up on the tower here
19:54:04 : Group: Michigan: i g2g
19:54:08 : Group: Michigan: thanks man :D see ya tomorow
19:54:11 : Group: Leo: ok
19:54:12 : Group: Michigan: @ this time?
19:54:16 : Group: Leo: sure
23:03:11 : Group: Logan: You have to wait 17s
23:41:33 : Group: Rogers: I am too scared of the mean Zombies
23:42:48 : Group: Logan: I am too scared of the mean Zombies
